
Due to MODULEPATH changes, the following have been reloaded:
  1) libfabric/1.10.1     2) openmpi/4.0.3     3) ucx/1.8.0

Lmod has detected the following error: The following module(s) are unknown:
"torch/1.4.0"

Please check the spelling or version number. Also try "module spider ..."
It is also possible your cache file is out-of-date; it may help to try:
  $ module --ignore-cache load "torch/1.4.0"

Also make sure that all modulefiles written in TCL start with the string
#%Module



created virtual environment CPython3.8.10.final.0-64 in 9251ms
  creator CPython3Posix(dest=/localscratch/yinan.19194391.0/env, clear=False, global=False)
  seeder FromAppData(download=False, pip=latest, setuptools=latest, wheel=latest, via=copy, app_data_dir=/home/yinan/.local/share/virtualenv/seed-app-data/v1.0.1)
  activators BashActivator,CShellActivator,FishActivator,PowerShellActivator,PythonActivator,XonshActivator
Ignoring pip: markers 'python_version < "3"' don't match your environment
Looking in links: /cvmfs/soft.computecanada.ca/custom/python/wheelhouse/gentoo/avx2, /cvmfs/soft.computecanada.ca/custom/python/wheelhouse/gentoo/generic, /cvmfs/soft.computecanada.ca/custom/python/wheelhouse/generic
Processing /cvmfs/soft.computecanada.ca/custom/python/wheelhouse/gentoo/generic/numpy-1.20.0+computecanada-cp38-cp38-linux_x86_64.whl
Installing collected packages: numpy
  Attempting uninstall: numpy
    Found existing installation: numpy 1.21.0+computecanada
    Not uninstalling numpy at /cvmfs/soft.computecanada.ca/easybuild/software/2020/avx2/Core/scipy-stack/2021a/lib/python3.8/site-packages, outside environment /localscratch/yinan.19194391.0/env
    Can't uninstall 'numpy'. No files were found to uninstall.
Successfully installed numpy-1.20.0+computecanada
Ignoring pip: markers 'python_version < "3"' don't match your environment
Looking in links: /cvmfs/soft.computecanada.ca/custom/python/wheelhouse/gentoo/avx2, /cvmfs/soft.computecanada.ca/custom/python/wheelhouse/gentoo/generic, /cvmfs/soft.computecanada.ca/custom/python/wheelhouse/generic
Processing /cvmfs/soft.computecanada.ca/custom/python/wheelhouse/generic/keras-2.6.0+computecanada-py2.py3-none-any.whl
Processing /cvmfs/soft.computecanada.ca/custom/python/wheelhouse/generic/Keras_Preprocessing-1.1.2+computecanada-py3-none-any.whl
Processing /cvmfs/soft.computecanada.ca/custom/python/wheelhouse/generic/nltk-3.5+computecanada-py3-none-any.whl
Processing /cvmfs/soft.computecanada.ca/custom/python/wheelhouse/generic/scikit_learn-0.22.1+computecanada-cp38-cp38-linux_x86_64.whl
Processing /cvmfs/soft.computecanada.ca/custom/python/wheelhouse/generic/tensorboard-2.3.0+computecanada-py3-none-any.whl
Processing /cvmfs/soft.computecanada.ca/custom/python/wheelhouse/generic/tensorboard_plugin_wit-1.7.0+computecanada-py3-none-any.whl
Processing /cvmfs/soft.computecanada.ca/custom/python/wheelhouse/generic/tensorflow_gpu-2.3.0+computecanada-cp38-cp38-linux_x86_64.whl
Processing /cvmfs/soft.computecanada.ca/custom/python/wheelhouse/generic/tensorflow_estimator-2.3.0+computecanada-py2.py3-none-any.whl
Processing /cvmfs/soft.computecanada.ca/custom/python/wheelhouse/generic/tokenizers-0.5.2+computecanada-cp38-cp38-linux_x86_64.whl
Processing /cvmfs/soft.computecanada.ca/custom/python/wheelhouse/generic/torchtext-0.6.0+computecanada-py3-none-any.whl
Processing /cvmfs/soft.computecanada.ca/custom/python/wheelhouse/generic/transformers-2.5.1+computecanada-py3-none-any.whl
Processing /cvmfs/soft.computecanada.ca/custom/python/wheelhouse/generic/pycocotools-2.0.2+computecanada-cp38-cp38-linux_x86_64.whl
Requirement already satisfied: six>=1.9.0 in /cvmfs/soft.computecanada.ca/easybuild/software/2020/avx2/Core/ipykernel/2021a/lib/python3.8/site-packages (from Keras_Preprocessing->-r requirements.txt (line 2)) (1.16.0)
Requirement already satisfied: numpy>=1.9.1 in /localscratch/yinan.19194391.0/env/lib/python3.8/site-packages (from Keras_Preprocessing->-r requirements.txt (line 2)) (1.20.0+computecanada)
Processing /cvmfs/soft.computecanada.ca/custom/python/wheelhouse/generic/tqdm-4.62.0+computecanada-py2.py3-none-any.whl
Processing /cvmfs/soft.computecanada.ca/custom/python/wheelhouse/generic/click-8.0.3+computecanada-py3-none-any.whl
Processing /cvmfs/soft.computecanada.ca/custom/python/wheelhouse/generic/joblib-1.1.0+computecanada-py2.py3-none-any.whl
Processing /cvmfs/soft.computecanada.ca/custom/python/wheelhouse/generic/regex-2021.7.6+computecanada-cp38-cp38-linux_x86_64.whl
Requirement already satisfied: scipy>=0.17.0 in /cvmfs/soft.computecanada.ca/easybuild/software/2020/avx2/Core/scipy-stack/2021a/lib/python3.8/site-packages (from scikit-learn==0.22.1->-r requirements.txt (line 4)) (1.7.0+computecanada)
Processing /cvmfs/soft.computecanada.ca/custom/python/wheelhouse/generic/absl_py-0.15.0+computecanada-py3-none-any.whl
Processing /cvmfs/soft.computecanada.ca/custom/python/wheelhouse/generic/google_auth-1.35.0+computecanada-py2.py3-none-any.whl
Requirement already satisfied: requests<3,>=2.21.0 in /cvmfs/soft.computecanada.ca/easybuild/software/2020/avx2/Core/scipy-stack/2021a/lib/python3.8/site-packages (from tensorboard==2.3.0+computecanada->-r requirements.txt (line 5)) (2.26.0+computecanada)
Processing /cvmfs/soft.computecanada.ca/custom/python/wheelhouse/generic/grpcio-1.41.1+computecanada-cp38-cp38-linux_x86_64.whl
Requirement already satisfied: wheel>=0.26; python_version >= "3" in /localscratch/yinan.19194391.0/env/lib/python3.8/site-packages (from tensorboard==2.3.0+computecanada->-r requirements.txt (line 5)) (0.34.2)
Processing /cvmfs/soft.computecanada.ca/custom/python/wheelhouse/generic/Werkzeug-2.0.2+computecanada-py3-none-any.whl
Processing /cvmfs/soft.computecanada.ca/custom/python/wheelhouse/generic/Markdown-3.3.4+computecanada-py3-none-any.whl
Processing /cvmfs/soft.computecanada.ca/custom/python/wheelhouse/generic/protobuf-3.19.1+computecanada-py2.py3-none-any.whl
Processing /cvmfs/soft.computecanada.ca/custom/python/wheelhouse/generic/google_auth_oauthlib-0.4.6+computecanada-py2.py3-none-any.whl
Requirement already satisfied: setuptools>=41.0.0 in /localscratch/yinan.19194391.0/env/lib/python3.8/site-packages (from tensorboard==2.3.0+computecanada->-r requirements.txt (line 5)) (46.1.3)
Processing /cvmfs/soft.computecanada.ca/custom/python/wheelhouse/generic/opt_einsum-3.3.0+computecanada-py3-none-any.whl
Processing /cvmfs/soft.computecanada.ca/custom/python/wheelhouse/gentoo/avx2/h5py-2.10.0+computecanada-cp38-cp38-linux_x86_64.whl
Processing /cvmfs/soft.computecanada.ca/custom/python/wheelhouse/generic/termcolor-1.1.0+computecanada-py3-none-any.whl
Processing /cvmfs/soft.computecanada.ca/custom/python/wheelhouse/generic/gast-0.3.3+computecanada-py3-none-any.whl
Processing /cvmfs/soft.computecanada.ca/custom/python/wheelhouse/generic/google_pasta-0.2.0+computecanada-py3-none-any.whl
Processing /cvmfs/soft.computecanada.ca/custom/python/wheelhouse/generic/wrapt-1.12.1+computecanada-cp38-cp38-linux_x86_64.whl
Processing /cvmfs/soft.computecanada.ca/custom/python/wheelhouse/generic/astunparse-1.6.3+computecanada-py2.py3-none-any.whl
Processing /cvmfs/soft.computecanada.ca/custom/python/wheelhouse/gentoo/generic/sentencepiece-0.1.96+computecanada-cp38-cp38-linux_x86_64.whl
Processing /cvmfs/soft.computecanada.ca/custom/python/wheelhouse/gentoo/avx2/torch-1.10.0+computecanada-cp38-cp38-linux_x86_64.whl
Processing /cvmfs/soft.computecanada.ca/custom/python/wheelhouse/generic/sacremoses-0.0.46+computecanada-py3-none-any.whl
Processing /cvmfs/soft.computecanada.ca/custom/python/wheelhouse/generic/boto3-1.18.1+computecanada-py3-none-any.whl
Processing /cvmfs/soft.computecanada.ca/custom/python/wheelhouse/generic/filelock-3.3.2+computecanada-py3-none-any.whl
Requirement already satisfied: matplotlib>=2.1.0 in /cvmfs/soft.computecanada.ca/easybuild/software/2020/avx2/Core/scipy-stack/2021a/lib/python3.8/site-packages (from pycocotools==2.0.2->-r requirements.txt (line 12)) (3.4.2+computecanada)
Requirement already satisfied: cython>=0.27.3 in /cvmfs/soft.computecanada.ca/easybuild/software/2020/avx2/Core/scipy-stack/2021a/lib/python3.8/site-packages (from pycocotools==2.0.2->-r requirements.txt (line 12)) (0.29.24+computecanada)
Processing /cvmfs/soft.computecanada.ca/custom/python/wheelhouse/generic/cachetools-4.2.4+computecanada-py3-none-any.whl
Processing /cvmfs/soft.computecanada.ca/custom/python/wheelhouse/generic/pyasn1_modules-0.2.8+computecanada-py2.py3-none-any.whl
Processing /cvmfs/soft.computecanada.ca/custom/python/wheelhouse/generic/rsa-4.7.2+computecanada-py3-none-any.whl
Requirement already satisfied: certifi>=2017.4.17 in /cvmfs/soft.computecanada.ca/easybuild/software/2020/avx2/Core/scipy-stack/2021a/lib/python3.8/site-packages (from requests<3,>=2.21.0->tensorboard==2.3.0+computecanada->-r requirements.txt (line 5)) (2021.5.30+computecanada)
Requirement already satisfied: charset-normalizer~=2.0.0; python_version >= "3" in /cvmfs/soft.computecanada.ca/easybuild/software/2020/avx2/Core/scipy-stack/2021a/lib/python3.8/site-packages (from requests<3,>=2.21.0->tensorboard==2.3.0+computecanada->-r requirements.txt (line 5)) (2.0.2+computecanada)
Requirement already satisfied: urllib3<1.27,>=1.21.1 in /cvmfs/soft.computecanada.ca/easybuild/software/2020/avx2/Core/scipy-stack/2021a/lib/python3.8/site-packages (from requests<3,>=2.21.0->tensorboard==2.3.0+computecanada->-r requirements.txt (line 5)) (1.26.6+computecanada)
Requirement already satisfied: idna<4,>=2.5; python_version >= "3" in /cvmfs/soft.computecanada.ca/easybuild/software/2020/avx2/Core/scipy-stack/2021a/lib/python3.8/site-packages (from requests<3,>=2.21.0->tensorboard==2.3.0+computecanada->-r requirements.txt (line 5)) (3.2+computecanada)
Processing /cvmfs/soft.computecanada.ca/custom/python/wheelhouse/generic/requests_oauthlib-1.3.0+computecanada-py2.py3-none-any.whl
Requirement already satisfied: typing-extensions in /cvmfs/soft.computecanada.ca/easybuild/software/2020/avx2/Core/scipy-stack/2021a/lib/python3.8/site-packages (from torch->torchtext==0.6.0->-r requirements.txt (line 10)) (3.10.0.0+computecanada)
Processing /cvmfs/soft.computecanada.ca/custom/python/wheelhouse/generic/jmespath-0.10.0+computecanada-py2.py3-none-any.whl
Processing /cvmfs/soft.computecanada.ca/custom/python/wheelhouse/generic/botocore-1.21.1+computecanada-py3-none-any.whl
Processing /cvmfs/soft.computecanada.ca/custom/python/wheelhouse/generic/s3transfer-0.5.0+computecanada-py3-none-any.whl
Requirement already satisfied: cycler>=0.10 in /cvmfs/soft.computecanada.ca/easybuild/software/2020/avx2/Core/scipy-stack/2021a/lib/python3.8/site-packages (from matplotlib>=2.1.0->pycocotools==2.0.2->-r requirements.txt (line 12)) (0.10.0+computecanada)
Requirement already satisfied: kiwisolver>=1.0.1 in /cvmfs/soft.computecanada.ca/easybuild/software/2020/avx2/Core/scipy-stack/2021a/lib/python3.8/site-packages (from matplotlib>=2.1.0->pycocotools==2.0.2->-r requirements.txt (line 12)) (1.3.1+computecanada)
Requirement already satisfied: python-dateutil>=2.7 in /cvmfs/soft.computecanada.ca/easybuild/software/2020/avx2/Core/ipykernel/2021a/lib/python3.8/site-packages (from matplotlib>=2.1.0->pycocotools==2.0.2->-r requirements.txt (line 12)) (2.8.1)
Requirement already satisfied: pyparsing>=2.2.1 in /cvmfs/soft.computecanada.ca/easybuild/software/2020/avx2/Core/scipy-stack/2021a/lib/python3.8/site-packages (from matplotlib>=2.1.0->pycocotools==2.0.2->-r requirements.txt (line 12)) (2.4.7+computecanada)
Requirement already satisfied: pillow>=6.2.0 in /cvmfs/soft.computecanada.ca/easybuild/software/2020/avx2/Core/scipy-stack/2021a/lib/python3.8/site-packages (from matplotlib>=2.1.0->pycocotools==2.0.2->-r requirements.txt (line 12)) (8.3.1+computecanada)
Processing /cvmfs/soft.computecanada.ca/custom/python/wheelhouse/generic/pyasn1-0.4.8+computecanada-py2.py3-none-any.whl
Processing /cvmfs/soft.computecanada.ca/custom/python/wheelhouse/generic/oauthlib-3.1.1+computecanada-py2.py3-none-any.whl
ERROR: tensorflow-gpu 2.3.0+computecanada has requirement numpy<1.19.0,>=1.16.0, but you'll have numpy 1.20.0+computecanada which is incompatible.
ERROR: tensorflow-gpu 2.3.0+computecanada has requirement scipy==1.4.1, but you'll have scipy 1.7.0+computecanada which is incompatible.
Installing collected packages: Keras, Keras-Preprocessing, tqdm, click, joblib, regex, nltk, scikit-learn, absl-py, cachetools, pyasn1, pyasn1-modules, rsa, google-auth, grpcio, werkzeug, markdown, protobuf, oauthlib, requests-oauthlib, google-auth-oauthlib, tensorboard-plugin-wit, tensorboard, tensorflow-estimator, opt-einsum, h5py, termcolor, gast, google-pasta, wrapt, astunparse, tensorflow-gpu, tokenizers, sentencepiece, torch, torchtext, sacremoses, jmespath, botocore, s3transfer, boto3, filelock, transformers, pycocotools
Successfully installed Keras-2.6.0+computecanada Keras-Preprocessing-1.1.2+computecanada absl-py-0.15.0+computecanada astunparse-1.6.3+computecanada boto3-1.18.1+computecanada botocore-1.21.1+computecanada cachetools-4.2.4+computecanada click-8.0.3+computecanada filelock-3.3.2+computecanada gast-0.3.3+computecanada google-auth-1.35.0+computecanada google-auth-oauthlib-0.4.6+computecanada google-pasta-0.2.0+computecanada grpcio-1.41.1+computecanada h5py-2.10.0+computecanada jmespath-0.10.0+computecanada joblib-1.1.0+computecanada markdown-3.3.4+computecanada nltk-3.5+computecanada oauthlib-3.1.1+computecanada opt-einsum-3.3.0+computecanada protobuf-3.19.1+computecanada pyasn1-0.4.8+computecanada pyasn1-modules-0.2.8+computecanada pycocotools-2.0.2+computecanada regex-2021.7.6+computecanada requests-oauthlib-1.3.0+computecanada rsa-4.7.2+computecanada s3transfer-0.5.0+computecanada sacremoses-0.0.46+computecanada scikit-learn-0.22.1+computecanada sentencepiece-0.1.96+computecanada tensorboard-2.3.0+computecanada tensorboard-plugin-wit-1.7.0+computecanada tensorflow-estimator-2.3.0+computecanada tensorflow-gpu-2.3.0+computecanada termcolor-1.1.0+computecanada tokenizers-0.5.2+computecanada torch-1.10.0+computecanada torchtext-0.6.0+computecanada tqdm-4.62.0+computecanada transformers-2.5.1+computecanada werkzeug-2.0.2+computecanada wrapt-1.12.1+computecanada
Starting Task
2021-11-14 22:03:35.726320: I tensorflow/stream_executor/platform/default/dso_loader.cc:48] Successfully opened dynamic library libcudart.so.10.1
/localscratch/yinan.19194391.0/env/lib/python3.8/site-packages/transformers/optimization.py:155: UserWarning: This overload of add_ is deprecated:
	add_(Number alpha, Tensor other)
Consider using one of the following signatures instead:
	add_(Tensor other, *, Number alpha) (Triggered internally at  /tmp/coulombc/pytorch_build_2021-11-09_14-57-01/avx2/python3.8/pytorch/torch/csrc/utils/python_arg_parser.cpp:1050.)
  exp_avg.mul_(beta1).add_(1.0 - beta1, grad)
/localscratch/yinan.19194391.0/env/lib/python3.8/site-packages/sklearn/metrics/_classification.py:1272: UndefinedMetricWarning: Precision and F-score are ill-defined and being set to 0.0 in labels with no predicted samples. Use `zero_division` parameter to control this behavior.
  _warn_prf(average, modifier, msg_start, len(result))
