
Due to MODULEPATH changes, the following have been reloaded:
  1) libfabric/1.10.1     2) openmpi/4.0.3     3) ucx/1.8.0

terminate called after throwing an instance of 'pybind11::error_already_set'
  what():  OSError: [Errno 122] Disk quota exceeded
/var/spool/slurmd/job19341330/slurm_script: line 23: 189323 Aborted                 (core dumped) python bert_cv.py --ml 512 --bs 16 --epochs 50 --lr $SLURM_ARRAY_TASK_ID --es 2
2021-11-16 09:22:28.941200: I tensorflow/stream_executor/platform/default/dso_loader.cc:48] Successfully opened dynamic library libcudart.so.10.1
terminate called after throwing an instance of 'pybind11::error_already_set'
  what():  OSError: [Errno 122] Disk quota exceeded
/var/spool/slurmd/job19341330/slurm_script: line 24: 189366 Aborted                 (core dumped) python bert_cv.py --ml 512 --bs 16 --epochs 50 --lr $SLURM_ARRAY_TASK_ID --es 3
2021-11-16 09:22:55.238499: I tensorflow/stream_executor/platform/default/dso_loader.cc:48] Successfully opened dynamic library libcudart.so.10.1
terminate called after throwing an instance of 'pybind11::error_already_set'
  what():  OSError: [Errno 122] Disk quota exceeded
/var/spool/slurmd/job19341330/slurm_script: line 25: 189409 Aborted                 (core dumped) python bert_cv.py --ml 512 --bs 16 --epochs 50 --lr $SLURM_ARRAY_TASK_ID --es 4
2021-11-16 09:23:20.518151: I tensorflow/stream_executor/platform/default/dso_loader.cc:48] Successfully opened dynamic library libcudart.so.10.1
terminate called after throwing an instance of 'pybind11::error_already_set'
  what():  OSError: [Errno 122] Disk quota exceeded
/var/spool/slurmd/job19341330/slurm_script: line 26: 189456 Aborted                 (core dumped) python bert_cv.py --ml 512 --bs 16 --epochs 50 --lr $SLURM_ARRAY_TASK_ID --es 5
2021-11-16 09:23:47.525588: I tensorflow/stream_executor/platform/default/dso_loader.cc:48] Successfully opened dynamic library libcudart.so.10.1
terminate called after throwing an instance of 'pybind11::error_already_set'
  what():  OSError: [Errno 122] Disk quota exceeded
/var/spool/slurmd/job19341330/slurm_script: line 27: 189510 Aborted                 (core dumped) python bert_cv.py --ml 512 --bs 16 --epochs 50 --lr $SLURM_ARRAY_TASK_ID --es 6
