Unloading StdEnv/2020

Due to MODULEPATH changes, the following have been reloaded:
  1) mii/1.1.1


The following have been reloaded with a version change:
  1) python/3.8.2 => python/3.7.4

Using base prefix '/cvmfs/soft.computecanada.ca/easybuild/software/2017/Core/python/3.7.4'
New python executable in /localscratch/yinan.24646043.0/env/bin/python
Installing setuptools, pip, wheel...
done.
Ignoring pip: markers 'python_version < "3"' don't match your environment
Looking in links: /cvmfs/soft.computecanada.ca/custom/python/wheelhouse/nix/avx2, /cvmfs/soft.computecanada.ca/custom/python/wheelhouse/nix/generic, /cvmfs/soft.computecanada.ca/custom/python/wheelhouse/generic
Collecting numpy==1.20.0
  ERROR: Could not find a version that satisfies the requirement numpy==1.20.0 (from versions: 1.15.0+computecanada, 1.15.2+computecanada, 1.15.4+computecanada, 1.16.0+computecanada, 1.16.2+computecanada, 1.16.3+computecanada, 1.17.4+computecanada, 1.18.1+computecanada, 1.18.4+computecanada, 1.19.1+computecanada, 1.19.2+computecanada, 1.20.2+computecanada)
ERROR: No matching distribution found for numpy==1.20.0
Ignoring pip: markers 'python_version < "3"' don't match your environment
Looking in links: /cvmfs/soft.computecanada.ca/custom/python/wheelhouse/nix/avx2, /cvmfs/soft.computecanada.ca/custom/python/wheelhouse/nix/generic, /cvmfs/soft.computecanada.ca/custom/python/wheelhouse/generic
Collecting torch
Collecting typing-extensions (from torch)
Installing collected packages: typing-extensions, torch
Successfully installed torch-1.9.1+computecanada typing-extensions-4.0.0+computecanada
Ignoring pip: markers 'python_version < "3"' don't match your environment
Looking in links: /cvmfs/soft.computecanada.ca/custom/python/wheelhouse/nix/avx2, /cvmfs/soft.computecanada.ca/custom/python/wheelhouse/nix/generic, /cvmfs/soft.computecanada.ca/custom/python/wheelhouse/generic
Collecting Keras (from -r requirements.txt (line 1))
Collecting Keras_Preprocessing (from -r requirements.txt (line 2))
Collecting nltk==3.5 (from -r requirements.txt (line 3))
Collecting scikit-learn==0.22.1 (from -r requirements.txt (line 4))
Collecting tensorboard==2.3.0+computecanada (from -r requirements.txt (line 5))
Collecting tensorboard_plugin_wit==1.7.0 (from -r requirements.txt (line 6))
Collecting tensorflow_gpu==2.3.0+computecanada (from -r requirements.txt (line 7))
Collecting tensorflow_estimator==2.3.0 (from -r requirements.txt (line 8))
Collecting tokenizers==0.5.2 (from -r requirements.txt (line 9))
Collecting torchtext==0.6.0 (from -r requirements.txt (line 10))
Collecting transformers==2.5.1+computecanada (from -r requirements.txt (line 11))
Requirement already satisfied: six>=1.9.0 in /cvmfs/soft.computecanada.ca/easybuild/software/2017/Core/scipy-stack/2019a/lib/python3.7/site-packages (from Keras_Preprocessing->-r requirements.txt (line 2)) (1.12.0)
Requirement already satisfied: numpy>=1.9.1 in /cvmfs/soft.computecanada.ca/easybuild/software/2017/Core/scipy-stack/2019a/lib/python3.7/site-packages (from Keras_Preprocessing->-r requirements.txt (line 2)) (1.16.0)
Collecting tqdm (from nltk==3.5->-r requirements.txt (line 3))
Collecting joblib (from nltk==3.5->-r requirements.txt (line 3))
Collecting regex (from nltk==3.5->-r requirements.txt (line 3))
Collecting click (from nltk==3.5->-r requirements.txt (line 3))
Requirement already satisfied: scipy>=0.17.0 in /cvmfs/soft.computecanada.ca/easybuild/software/2017/Core/scipy-stack/2019a/lib/python3.7/site-packages (from scikit-learn==0.22.1->-r requirements.txt (line 4)) (1.2.0)
Collecting protobuf>=3.6.0 (from tensorboard==2.3.0+computecanada->-r requirements.txt (line 5))
Requirement already satisfied: wheel>=0.26; python_version >= "3" in /localscratch/yinan.24646043.0/env/lib/python3.7/site-packages (from tensorboard==2.3.0+computecanada->-r requirements.txt (line 5)) (0.33.4)
Requirement already satisfied: setuptools>=41.0.0 in /localscratch/yinan.24646043.0/env/lib/python3.7/site-packages (from tensorboard==2.3.0+computecanada->-r requirements.txt (line 5)) (41.0.1)
Collecting werkzeug>=0.11.15 (from tensorboard==2.3.0+computecanada->-r requirements.txt (line 5))
Collecting google-auth-oauthlib<0.5,>=0.4.1 (from tensorboard==2.3.0+computecanada->-r requirements.txt (line 5))
Collecting absl-py>=0.4 (from tensorboard==2.3.0+computecanada->-r requirements.txt (line 5))
Requirement already satisfied: requests<3,>=2.21.0 in /cvmfs/soft.computecanada.ca/easybuild/software/2017/Core/scipy-stack/2019a/lib/python3.7/site-packages (from tensorboard==2.3.0+computecanada->-r requirements.txt (line 5)) (2.21.0)
Collecting markdown>=2.6.8 (from tensorboard==2.3.0+computecanada->-r requirements.txt (line 5))
Collecting google-auth<2,>=1.6.3 (from tensorboard==2.3.0+computecanada->-r requirements.txt (line 5))
Collecting grpcio>=1.24.3 (from tensorboard==2.3.0+computecanada->-r requirements.txt (line 5))
Collecting gast==0.3.3 (from tensorflow_gpu==2.3.0+computecanada->-r requirements.txt (line 7))
Collecting wrapt>=1.11.1 (from tensorflow_gpu==2.3.0+computecanada->-r requirements.txt (line 7))
Collecting google-pasta>=0.1.8 (from tensorflow_gpu==2.3.0+computecanada->-r requirements.txt (line 7))
Collecting astunparse==1.6.3 (from tensorflow_gpu==2.3.0+computecanada->-r requirements.txt (line 7))
Collecting opt-einsum>=2.3.2 (from tensorflow_gpu==2.3.0+computecanada->-r requirements.txt (line 7))
Collecting termcolor>=1.1.0 (from tensorflow_gpu==2.3.0+computecanada->-r requirements.txt (line 7))
Collecting h5py<2.11.0,>=2.10.0 (from tensorflow_gpu==2.3.0+computecanada->-r requirements.txt (line 7))
Collecting sentencepiece (from torchtext==0.6.0->-r requirements.txt (line 10))
Requirement already satisfied: torch in /localscratch/yinan.24646043.0/env/lib/python3.7/site-packages (from torchtext==0.6.0->-r requirements.txt (line 10)) (1.9.1+computecanada)
Collecting boto3 (from transformers==2.5.1+computecanada->-r requirements.txt (line 11))
Collecting sacremoses (from transformers==2.5.1+computecanada->-r requirements.txt (line 11))
Collecting filelock (from transformers==2.5.1+computecanada->-r requirements.txt (line 11))
Requirement already satisfied: importlib-metadata; python_version < "3.8" in /cvmfs/soft.computecanada.ca/easybuild/software/2017/Core/scipy-stack/2019a/lib/python3.7/site-packages (from click->nltk==3.5->-r requirements.txt (line 3)) (0.8)
Collecting requests-oauthlib>=0.7.0 (from google-auth-oauthlib<0.5,>=0.4.1->tensorboard==2.3.0+computecanada->-r requirements.txt (line 5))
Requirement already satisfied: urllib3<1.25,>=1.21.1 in /cvmfs/soft.computecanada.ca/easybuild/software/2017/Core/scipy-stack/2019a/lib/python3.7/site-packages (from requests<3,>=2.21.0->tensorboard==2.3.0+computecanada->-r requirements.txt (line 5)) (1.24.1)
Requirement already satisfied: idna<2.9,>=2.5 in /cvmfs/soft.computecanada.ca/easybuild/software/2017/Core/scipy-stack/2019a/lib/python3.7/site-packages (from requests<3,>=2.21.0->tensorboard==2.3.0+computecanada->-r requirements.txt (line 5)) (2.8)
Requirement already satisfied: certifi>=2017.4.17 in /cvmfs/soft.computecanada.ca/easybuild/software/2017/Core/scipy-stack/2019a/lib/python3.7/site-packages (from requests<3,>=2.21.0->tensorboard==2.3.0+computecanada->-r requirements.txt (line 5)) (2018.11.29)
Requirement already satisfied: chardet<3.1.0,>=3.0.2 in /cvmfs/soft.computecanada.ca/easybuild/software/2017/Core/scipy-stack/2019a/lib/python3.7/site-packages (from requests<3,>=2.21.0->tensorboard==2.3.0+computecanada->-r requirements.txt (line 5)) (3.0.4)
Collecting rsa<5,>=3.1.4; python_version >= "3.6" (from google-auth<2,>=1.6.3->tensorboard==2.3.0+computecanada->-r requirements.txt (line 5))
Collecting pyasn1-modules>=0.2.1 (from google-auth<2,>=1.6.3->tensorboard==2.3.0+computecanada->-r requirements.txt (line 5))
Collecting cachetools<5.0,>=2.0.0 (from google-auth<2,>=1.6.3->tensorboard==2.3.0+computecanada->-r requirements.txt (line 5))
Requirement already satisfied: typing-extensions in /localscratch/yinan.24646043.0/env/lib/python3.7/site-packages (from torch->torchtext==0.6.0->-r requirements.txt (line 10)) (4.0.0+computecanada)
Collecting s3transfer<0.6.0,>=0.5.0 (from boto3->transformers==2.5.1+computecanada->-r requirements.txt (line 11))
Collecting botocore<1.22.0,>=1.21.1 (from boto3->transformers==2.5.1+computecanada->-r requirements.txt (line 11))
Collecting jmespath<1.0.0,>=0.7.1 (from boto3->transformers==2.5.1+computecanada->-r requirements.txt (line 11))
Requirement already satisfied: zipp>=0.3.2 in /cvmfs/soft.computecanada.ca/easybuild/software/2017/Core/scipy-stack/2019a/lib/python3.7/site-packages (from importlib-metadata; python_version < "3.8"->click->nltk==3.5->-r requirements.txt (line 3)) (0.3.3)
Collecting oauthlib>=3.0.0 (from requests-oauthlib>=0.7.0->google-auth-oauthlib<0.5,>=0.4.1->tensorboard==2.3.0+computecanada->-r requirements.txt (line 5))
Requirement already satisfied: pyasn1>=0.1.3 in /cvmfs/soft.computecanada.ca/easybuild/software/2017/Core/scipy-stack/2019a/lib/python3.7/site-packages (from rsa<5,>=3.1.4; python_version >= "3.6"->google-auth<2,>=1.6.3->tensorboard==2.3.0+computecanada->-r requirements.txt (line 5)) (0.4.3)
Requirement already satisfied: python-dateutil<3.0.0,>=2.1 in /cvmfs/soft.computecanada.ca/easybuild/software/2017/Core/scipy-stack/2019a/lib/python3.7/site-packages (from botocore<1.22.0,>=1.21.1->boto3->transformers==2.5.1+computecanada->-r requirements.txt (line 11)) (2.7.5)
ERROR: pyasn1-modules 0.2.8+computecanada has requirement pyasn1<0.5.0,>=0.4.6, but you'll have pyasn1 0.4.3 which is incompatible.
ERROR: markdown 3.3.6+computecanada has requirement importlib-metadata>=4.4; python_version < "3.10", but you'll have importlib-metadata 0.8 which is incompatible.
ERROR: tensorflow-gpu 2.3.0+computecanada has requirement scipy==1.4.1, but you'll have scipy 1.2.0 which is incompatible.
ERROR: botocore 1.21.1+computecanada has requirement urllib3<1.27,>=1.25.4, but you'll have urllib3 1.24.1 which is incompatible.
Installing collected packages: Keras, Keras-Preprocessing, tqdm, joblib, regex, click, nltk, scikit-learn, tensorboard-plugin-wit, protobuf, werkzeug, oauthlib, requests-oauthlib, rsa, pyasn1-modules, cachetools, google-auth, google-auth-oauthlib, absl-py, markdown, grpcio, tensorboard, gast, wrapt, google-pasta, astunparse, opt-einsum, tensorflow-estimator, termcolor, h5py, tensorflow-gpu, tokenizers, sentencepiece, torchtext, jmespath, botocore, s3transfer, boto3, sacremoses, filelock, transformers
Successfully installed Keras-2.7.0+computecanada Keras-Preprocessing-1.1.2+computecanada absl-py-1.0.0+computecanada astunparse-1.6.3+computecanada boto3-1.18.1+computecanada botocore-1.21.1+computecanada cachetools-4.2.4+computecanada click-8.0.3+computecanada filelock-3.3.2+computecanada gast-0.3.3+computecanada google-auth-1.35.0+computecanada google-auth-oauthlib-0.4.6+computecanada google-pasta-0.2.0+computecanada grpcio-1.38.0+computecanada h5py-2.10.0+computecanada jmespath-0.10.0+computecanada joblib-1.1.0+computecanada markdown-3.3.6+computecanada nltk-3.5+computecanada oauthlib-3.1.1+computecanada opt-einsum-3.3.0+computecanada protobuf-3.19.3+computecanada pyasn1-modules-0.2.8+computecanada regex-2020.11.13+computecanada requests-oauthlib-1.3.0+computecanada rsa-4.8+computecanada s3transfer-0.5.0+computecanada sacremoses-0.0.46+computecanada scikit-learn-0.22.1+computecanada sentencepiece-0.1.91+computecanada tensorboard-2.3.0+computecanada tensorboard-plugin-wit-1.7.0+computecanada tensorflow-estimator-2.3.0+computecanada tensorflow-gpu-2.3.0+computecanada termcolor-1.1.0+computecanada tokenizers-0.5.2+computecanada torchtext-0.6.0+computecanada tqdm-4.62.3+computecanada transformers-2.5.1+computecanada werkzeug-2.0.2+computecanada wrapt-1.11.2+computecanada
Ignoring pip: markers 'python_version < "3"' don't match your environment
Looking in links: /cvmfs/soft.computecanada.ca/custom/python/wheelhouse/nix/avx2, /cvmfs/soft.computecanada.ca/custom/python/wheelhouse/nix/generic, /cvmfs/soft.computecanada.ca/custom/python/wheelhouse/generic
Collecting wandb
Collecting subprocess32>=3.5.3 (from wandb)
Collecting sentry-sdk>=1.0.0 (from wandb)
Requirement already satisfied: requests<3,>=2.0.0 in /cvmfs/soft.computecanada.ca/easybuild/software/2017/Core/scipy-stack/2019a/lib/python3.7/site-packages (from wandb) (2.21.0)
Requirement already satisfied: python-dateutil>=2.6.1 in /cvmfs/soft.computecanada.ca/easybuild/software/2017/Core/scipy-stack/2019a/lib/python3.7/site-packages (from wandb) (2.7.5)
Collecting psutil>=5.0.0 (from wandb)
Collecting configparser>=3.8.1 (from wandb)
Requirement already satisfied: protobuf>=3.12.0 in /localscratch/yinan.24646043.0/env/lib/python3.7/site-packages (from wandb) (3.19.3+computecanada)
Collecting PyYAML (from wandb)
Collecting pathtools (from wandb)
Collecting promise<3,>=2.0 (from wandb)
Collecting yaspin>=1.0.0 (from wandb)
Requirement already satisfied: Click!=8.0.0,>=7.0 in /localscratch/yinan.24646043.0/env/lib/python3.7/site-packages (from wandb) (8.0.3+computecanada)
Collecting shortuuid>=0.5.0 (from wandb)
Collecting GitPython>=1.0.0 (from wandb)
Collecting six>=1.13.0 (from wandb)
Collecting docker-pycreds>=0.4.0 (from wandb)
Requirement already satisfied: urllib3>=1.10.0 in /cvmfs/soft.computecanada.ca/easybuild/software/2017/Core/scipy-stack/2019a/lib/python3.7/site-packages (from sentry-sdk>=1.0.0->wandb) (1.24.1)
Requirement already satisfied: certifi in /cvmfs/soft.computecanada.ca/easybuild/software/2017/Core/scipy-stack/2019a/lib/python3.7/site-packages (from sentry-sdk>=1.0.0->wandb) (2018.11.29)
Requirement already satisfied: idna<2.9,>=2.5 in /cvmfs/soft.computecanada.ca/easybuild/software/2017/Core/scipy-stack/2019a/lib/python3.7/site-packages (from requests<3,>=2.0.0->wandb) (2.8)
Requirement already satisfied: chardet<3.1.0,>=3.0.2 in /cvmfs/soft.computecanada.ca/easybuild/software/2017/Core/scipy-stack/2019a/lib/python3.7/site-packages (from requests<3,>=2.0.0->wandb) (3.0.4)
Requirement already satisfied: termcolor<2.0.0,>=1.1.0 in /localscratch/yinan.24646043.0/env/lib/python3.7/site-packages (from yaspin>=1.0.0->wandb) (1.1.0+computecanada)
Requirement already satisfied: importlib-metadata; python_version < "3.8" in /cvmfs/soft.computecanada.ca/easybuild/software/2017/Core/scipy-stack/2019a/lib/python3.7/site-packages (from Click!=8.0.0,>=7.0->wandb) (0.8)
Requirement already satisfied: typing-extensions>=3.7.4.3; python_version < "3.10" in /localscratch/yinan.24646043.0/env/lib/python3.7/site-packages (from GitPython>=1.0.0->wandb) (4.0.0+computecanada)
Collecting gitdb<5,>=4.0.1 (from GitPython>=1.0.0->wandb)
Requirement already satisfied: zipp>=0.3.2 in /cvmfs/soft.computecanada.ca/easybuild/software/2017/Core/scipy-stack/2019a/lib/python3.7/site-packages (from importlib-metadata; python_version < "3.8"->Click!=8.0.0,>=7.0->wandb) (0.3.3)
Collecting smmap<6,>=3.0.1 (from gitdb<5,>=4.0.1->GitPython>=1.0.0->wandb)
ERROR: tensorflow-gpu 2.3.0+computecanada has requirement scipy==1.4.1, but you'll have scipy 1.2.0 which is incompatible.
Installing collected packages: subprocess32, sentry-sdk, psutil, configparser, PyYAML, pathtools, six, promise, yaspin, shortuuid, smmap, gitdb, GitPython, docker-pycreds, wandb
  Found existing installation: six 1.12.0
    Not uninstalling six at /cvmfs/soft.computecanada.ca/easybuild/software/2017/Core/scipy-stack/2019a/lib/python3.7/site-packages, outside environment /localscratch/yinan.24646043.0/env
    Can't uninstall 'six'. No files were found to uninstall.
Successfully installed GitPython-3.1.24+computecanada PyYAML-5.3.1+computecanada configparser-5.0.2+computecanada docker-pycreds-0.4.0+computecanada gitdb-4.0.9+computecanada pathtools-0.1.2+computecanada promise-2.3+computecanada psutil-5.7.3+computecanada sentry-sdk-1.5.0+computecanada shortuuid-1.0.1+computecanada six-1.16.0+computecanada smmap-5.0.0+computecanada subprocess32-3.5.4+computecanada wandb-0.12.5+computecanada yaspin-2.1.0+computecanada
Traceback (most recent call last):
  File "/localscratch/yinan.24646043.0/env/bin/wandb", line 10, in <module>
    sys.exit(cli())
  File "/localscratch/yinan.24646043.0/env/lib/python3.7/site-packages/click/core.py", line 1128, in __call__
    return self.main(*args, **kwargs)
  File "/localscratch/yinan.24646043.0/env/lib/python3.7/site-packages/click/core.py", line 1053, in main
    rv = self.invoke(ctx)
  File "/localscratch/yinan.24646043.0/env/lib/python3.7/site-packages/click/core.py", line 1659, in invoke
    return _process_result(sub_ctx.command.invoke(sub_ctx))
  File "/localscratch/yinan.24646043.0/env/lib/python3.7/site-packages/click/core.py", line 1395, in invoke
    return ctx.invoke(self.callback, **ctx.params)
  File "/localscratch/yinan.24646043.0/env/lib/python3.7/site-packages/click/core.py", line 754, in invoke
    return __callback(*args, **kwargs)
  File "/localscratch/yinan.24646043.0/env/lib/python3.7/site-packages/wandb/cli/cli.py", line 85, in wrapper
    return func(*args, **kwargs)
  File "/localscratch/yinan.24646043.0/env/lib/python3.7/site-packages/wandb/cli/cli.py", line 234, in login
    wandb.login(relogin=relogin, key=key, anonymous=anon_mode, host=host, force=True)
  File "/localscratch/yinan.24646043.0/env/lib/python3.7/site-packages/wandb/sdk/wandb_login.py", line 65, in login
    configured = _login(**kwargs)
  File "/localscratch/yinan.24646043.0/env/lib/python3.7/site-packages/wandb/sdk/wandb_login.py", line 268, in _login
    wlogin.configure_api_key(key)
  File "/localscratch/yinan.24646043.0/env/lib/python3.7/site-packages/wandb/sdk/wandb_login.py", line 154, in configure_api_key
    apikey.write_key(self._settings, key)
  File "/localscratch/yinan.24646043.0/env/lib/python3.7/site-packages/wandb/sdk/lib/apikey.py", line 213, in write_key
    raise ValueError("API key must be 40 characters long, yours was %s" % len(key))
ValueError: API key must be 40 characters long, yours was 41
Starting Task
2022-01-19 08:14:50.093144: I tensorflow/stream_executor/platform/default/dso_loader.cc:48] Successfully opened dynamic library libcudart.so.10.1
[nltk_data] Downloading package stopwords to /home/yinan/nltk_data...
[nltk_data]   Unzipping corpora/stopwords.zip.
[nltk_data] Downloading package wordnet to /home/yinan/nltk_data...
[nltk_data]   Package wordnet is already up-to-date!
wandb: Currently logged in as: yinanazhou (use `wandb login --relogin` to force relogin)
wandb: wandb version 0.12.9 is available!  To upgrade, please run:
wandb:  $ pip install wandb --upgrade
2022-01-19 08:15:22.669942: I tensorflow/stream_executor/platform/default/dso_loader.cc:48] Successfully opened dynamic library libcudart.so.10.1
wandb: Tracking run with wandb version 0.12.5
wandb: Syncing run eternal-moon-1
wandb: ⭐️ View project at https://wandb.ai/yinanazhou/bert_512_bs_8_stop_False_stem_False_lemma_True_fold_0
wandb: 🚀 View run at https://wandb.ai/yinanazhou/bert_512_bs_8_stop_False_stem_False_lemma_True_fold_0/runs/31ns2hmw
wandb: Run data is saved locally in /project/6002780/yinan/Thesis_MER_Lyrics/new/pre/lyric-emotion/wandb/run-20220119_081520-31ns2hmw
wandb: Run `wandb offline` to turn off syncing.

/localscratch/yinan.24646043.0/env/lib/python3.7/site-packages/transformers/optimization.py:155: UserWarning: This overload of add_ is deprecated:
	add_(Number alpha, Tensor other)
Consider using one of the following signatures instead:
	add_(Tensor other, *, Number alpha) (Triggered internally at  ../torch/csrc/utils/python_arg_parser.cpp:1025.)
  exp_avg.mul_(beta1).add_(1.0 - beta1, grad)
wandb: Waiting for W&B process to finish, PID 48808... (success).
wandb: - 0.00MB of 0.00MB uploaded (0.00MB deduped)wandb: \ 0.00MB of 0.00MB uploaded (0.00MB deduped)wandb: | 0.00MB of 0.00MB uploaded (0.00MB deduped)wandb:                                                                                
wandb: Run history:
wandb:     F1_measure ▁███████████████████████████████████████
wandb:       accuracy ▁███████████████████████████████████████
wandb:   e_F1_measure ▂▁▄▄▃▄▃▆▆▄▃█▆▆▆▆▄█▇█▆▆▆▄▄▄▄▃▆▄▂▃▃▄█▃▃▄▇▅
wandb:     e_accuracy ▂▁▅▅▃▅▃▆▆▅▃█▆▆▆▆▅█▇█▆▆▆▅▅▅▅▃▆▅▂▃▃▅█▃▃▅▇▅
wandb:         e_loss ▁▃▄▅▅▅▆▆▆▆▆▅▆▆▆▆▆▆▆▆▆▆▆▇▆▇▇▇▇▇█▇▇▇▇██▇▇█
wandb:    e_precision ▂▁▄▄▃▄▃▆▆▅▃█▆▆▆▆▄█▇█▆▆▆▄▄▄▄▃▆▄▂▃▃▄█▃▃▄▇▄
wandb:       e_recall ▃▁▄▄▃▄▃▆▆▄▃█▆▆▆▆▄█▇█▆▆▆▄▄▄▄▃▆▄▂▃▃▄█▃▃▄▇▅
wandb:           loss █▁▁▁▁▁▁▁▁▁▁▁▁▁▁▁▁▁▁▁▁▁▁▁▁▁▁▁▁▁▁▁▁▁▁▁▁▁▁▁
wandb:      precision ▁███████████████████████████████████████
wandb:         recall ▁███████████████████████████████████████
wandb: 
wandb: Run summary:
wandb:     F1_measure 100.0
wandb:       accuracy 100.0
wandb:   e_F1_measure 89.98798
wandb:     e_accuracy 90.22082
wandb:         e_loss 0.06762
wandb:    e_precision 90.04107
wandb:       e_recall 90.18355
wandb:           loss 0.0002
wandb:      precision 100.0
wandb:         recall 100.0
wandb: 
wandb: Synced 4 W&B file(s), 0 media file(s), 0 artifact file(s) and 0 other file(s)
wandb: Synced eternal-moon-1: https://wandb.ai/yinanazhou/bert_512_bs_8_stop_False_stem_False_lemma_True_fold_0/runs/31ns2hmw
wandb: Find logs at: ./wandb/run-20220119_081520-31ns2hmw/logs/debug.log
wandb: 

wandb: wandb version 0.12.9 is available!  To upgrade, please run:
wandb:  $ pip install wandb --upgrade
2022-01-19 17:00:46.696896: I tensorflow/stream_executor/platform/default/dso_loader.cc:48] Successfully opened dynamic library libcudart.so.10.1
wandb: Tracking run with wandb version 0.12.5
wandb: Syncing run vague-fog-1
wandb: ⭐️ View project at https://wandb.ai/yinanazhou/bert_512_bs_8_stop_False_stem_False_lemma_True_fold_1
wandb: 🚀 View run at https://wandb.ai/yinanazhou/bert_512_bs_8_stop_False_stem_False_lemma_True_fold_1/runs/dl5tbwhp
wandb: Run data is saved locally in /project/6002780/yinan/Thesis_MER_Lyrics/new/pre/lyric-emotion/wandb/run-20220119_170043-dl5tbwhp
wandb: Run `wandb offline` to turn off syncing.

wandb: Waiting for W&B process to finish, PID 76615... (success).
wandb: - 0.00MB of 0.00MB uploaded (0.00MB deduped)wandb: \ 0.00MB of 0.00MB uploaded (0.00MB deduped)wandb: | 0.00MB of 0.00MB uploaded (0.00MB deduped)wandb: / 0.00MB of 0.00MB uploaded (0.00MB deduped)wandb: - 0.00MB of 0.00MB uploaded (0.00MB deduped)wandb: \ 0.00MB of 0.00MB uploaded (0.00MB deduped)wandb: | 0.00MB of 0.00MB uploaded (0.00MB deduped)wandb: / 0.00MB of 0.00MB uploaded (0.00MB deduped)wandb: - 0.00MB of 0.00MB uploaded (0.00MB deduped)wandb: \ 0.00MB of 0.00MB uploaded (0.00MB deduped)wandb: | 0.00MB of 0.00MB uploaded (0.00MB deduped)wandb: / 0.00MB of 0.00MB uploaded (0.00MB deduped)wandb:                                                                                
wandb: Run history:
wandb:     F1_measure ▁███████████████████████████████████████
wandb:       accuracy ▁███████████████████████████████████████
wandb:   e_F1_measure ▁▆▇▇█▅▇██▇████████▇█▇█▇██████▇█▇▇▇▇▇█▇▇▇
wandb:     e_accuracy ▁▆▇▇█▆▇██▇████████▇█▇█▇██████▇█▇▇▇▇▇█▇▇▇
wandb:         e_loss ▁▁▃▄▄▄▄▅▅▅▅▅▅▅▆▆▆▆▆▆▆▆▇▇▇▇▇▇▇▇▇█▇▇██████
wandb:    e_precision ▁▆▇▇█▅▇██▇█▇█▇██▇▇▇█▇▇▇██▇█▇▇▇█▇▇▇▇▇▇▇▇▇
wandb:       e_recall ▁▆▇▇█▅▇██▇████████▇█▇█▇██████▇█▇▇▇▇▇█▇▇▇
wandb:           loss █▁▁▁▁▁▁▁▁▁▁▁▁▁▁▁▁▁▁▁▁▁▁▁▁▁▁▁▁▁▁▁▁▁▁▁▁▁▁▁
wandb:      precision ▁███████████████████████████████████████
wandb:         recall ▁███████████████████████████████████████
wandb: 
wandb: Run summary:
wandb:     F1_measure 100.0
wandb:       accuracy 100.0
wandb:   e_F1_measure 87.44234
wandb:     e_accuracy 87.3817
wandb:         e_loss 0.08232
wandb:    e_precision 87.61235
wandb:       e_recall 87.83805
wandb:           loss 0.00015
wandb:      precision 100.0
wandb:         recall 100.0
wandb: 
wandb: Synced 4 W&B file(s), 0 media file(s), 0 artifact file(s) and 0 other file(s)
wandb: Synced vague-fog-1: https://wandb.ai/yinanazhou/bert_512_bs_8_stop_False_stem_False_lemma_True_fold_1/runs/dl5tbwhp
wandb: Find logs at: ./wandb/run-20220119_170043-dl5tbwhp/logs/debug.log
wandb: 

wandb: wandb version 0.12.9 is available!  To upgrade, please run:
wandb:  $ pip install wandb --upgrade
2022-01-20 01:46:02.434967: I tensorflow/stream_executor/platform/default/dso_loader.cc:48] Successfully opened dynamic library libcudart.so.10.1
wandb: Tracking run with wandb version 0.12.5
wandb: Syncing run fine-darkness-1
wandb: ⭐️ View project at https://wandb.ai/yinanazhou/bert_512_bs_8_stop_False_stem_False_lemma_True_fold_2
wandb: 🚀 View run at https://wandb.ai/yinanazhou/bert_512_bs_8_stop_False_stem_False_lemma_True_fold_2/runs/35xqbggg
wandb: Run data is saved locally in /project/6002780/yinan/Thesis_MER_Lyrics/new/pre/lyric-emotion/wandb/run-20220120_014558-35xqbggg
wandb: Run `wandb offline` to turn off syncing.

wandb: Waiting for W&B process to finish, PID 104490... (success).
wandb: - 0.00MB of 0.00MB uploaded (0.00MB deduped)wandb: \ 0.00MB of 0.00MB uploaded (0.00MB deduped)wandb: | 0.00MB of 0.00MB uploaded (0.00MB deduped)wandb: / 0.00MB of 0.00MB uploaded (0.00MB deduped)wandb: - 0.00MB of 0.00MB uploaded (0.00MB deduped)wandb:                                                                                
wandb: Run history:
wandb:     F1_measure ▁███████████████████████████████████████
wandb:       accuracy ▁███████████████████████████████████████
wandb:   e_F1_measure ▁▇▇██▇▇▇▇█▇▇▇█▇▇▇██▇▇▇███▇▇▇█▇██▇██▇▇███
wandb:     e_accuracy ▁▇▇██▇▇▇▇█▇▇▇█▇▇▇██▇▇▇███▇▇▇█▇██▇██▇▇███
wandb:         e_loss █▁▃▄▅▅▅▅▅▆▆▆▅▆▆▆▆▆▆▆▆▇▇▆▇▇▇█▇▇▇▇▇█▇██▇██
wandb:    e_precision ▁▇▇██▇▇▇▇█▇▇▇█▇▇▇██▇▇▇███▇▇▇█▇██▇██▇▇███
wandb:       e_recall ▁▇▇██▇▇▇▇█▇▇▇█▇▇▇██▇▇▇███▇▇▇█▇██▇██▇▇███
wandb:           loss █▁▁▁▁▁▁▁▁▁▁▁▁▁▁▁▁▁▁▁▁▁▁▁▁▁▁▁▁▁▁▁▁▁▁▁▁▁▁▁
wandb:      precision ▁███████████████████████████████████████
wandb:         recall ▁███████████████████████████████████████
wandb: 
wandb: Run summary:
wandb:     F1_measure 100.0
wandb:       accuracy 100.0
wandb:   e_F1_measure 92.42026
wandb:     e_accuracy 92.42902
wandb:         e_loss 0.05362
wandb:    e_precision 92.45688
wandb:       e_recall 92.43505
wandb:           loss 0.00019
wandb:      precision 100.0
wandb:         recall 100.0
wandb: 
wandb: Synced 4 W&B file(s), 0 media file(s), 0 artifact file(s) and 0 other file(s)
wandb: Synced fine-darkness-1: https://wandb.ai/yinanazhou/bert_512_bs_8_stop_False_stem_False_lemma_True_fold_2/runs/35xqbggg
wandb: Find logs at: ./wandb/run-20220120_014558-35xqbggg/logs/debug.log
wandb: 

wandb: wandb version 0.12.9 is available!  To upgrade, please run:
wandb:  $ pip install wandb --upgrade
2022-01-20 10:31:36.227257: I tensorflow/stream_executor/platform/default/dso_loader.cc:48] Successfully opened dynamic library libcudart.so.10.1
wandb: Tracking run with wandb version 0.12.5
wandb: Syncing run noble-field-1
wandb: ⭐️ View project at https://wandb.ai/yinanazhou/bert_512_bs_8_stop_False_stem_False_lemma_True_fold_3
wandb: 🚀 View run at https://wandb.ai/yinanazhou/bert_512_bs_8_stop_False_stem_False_lemma_True_fold_3/runs/171hsstq
wandb: Run data is saved locally in /project/6002780/yinan/Thesis_MER_Lyrics/new/pre/lyric-emotion/wandb/run-20220120_103132-171hsstq
wandb: Run `wandb offline` to turn off syncing.
--- Logging error ---
Traceback (most recent call last):
  File "/cvmfs/soft.computecanada.ca/easybuild/software/2017/Core/python/3.7.4/lib/python3.7/logging/__init__.py", line 1029, in emit
    self.flush()
  File "/cvmfs/soft.computecanada.ca/easybuild/software/2017/Core/python/3.7.4/lib/python3.7/logging/__init__.py", line 1009, in flush
    self.stream.flush()
OSError: [Errno 5] Input/output error
Call stack:
  File "/cvmfs/soft.computecanada.ca/easybuild/software/2017/Core/python/3.7.4/lib/python3.7/threading.py", line 890, in _bootstrap
    self._bootstrap_inner()
  File "/cvmfs/soft.computecanada.ca/easybuild/software/2017/Core/python/3.7.4/lib/python3.7/threading.py", line 926, in _bootstrap_inner
    self.run()
  File "/localscratch/yinan.24646043.0/env/lib/python3.7/site-packages/wandb/sdk/internal/internal_util.py", line 52, in run
    self._run()
  File "/localscratch/yinan.24646043.0/env/lib/python3.7/site-packages/wandb/sdk/internal/internal_util.py", line 102, in _run
    self._process(record)
  File "/localscratch/yinan.24646043.0/env/lib/python3.7/site-packages/wandb/sdk/internal/internal.py", line 247, in _process
    self._hm.handle(record)
  File "/localscratch/yinan.24646043.0/env/lib/python3.7/site-packages/wandb/sdk/internal/handler.py", line 122, in handle
    handler(record)
  File "/localscratch/yinan.24646043.0/env/lib/python3.7/site-packages/wandb/sdk/internal/handler.py", line 130, in handle_request
    logger.debug("handle_request: {}".format(request_type))
Message: 'handle_request: stop_status'
Arguments: ()
Thread SenderThread:
Traceback (most recent call last):
  File "/localscratch/yinan.24646043.0/env/lib/python3.7/site-packages/wandb/sdk/internal/internal_util.py", line 52, in run
    self._run()
  File "/localscratch/yinan.24646043.0/env/lib/python3.7/site-packages/wandb/sdk/internal/internal_util.py", line 102, in _run
    self._process(record)
  File "/localscratch/yinan.24646043.0/env/lib/python3.7/site-packages/wandb/sdk/internal/internal.py", line 292, in _process
    self._sm.send(record)
  File "/localscratch/yinan.24646043.0/env/lib/python3.7/site-packages/wandb/sdk/internal/sender.py", line 187, in send
    send_handler(record)
  File "/localscratch/yinan.24646043.0/env/lib/python3.7/site-packages/wandb/sdk/internal/sender.py", line 786, in send_summary
    self._update_summary()
  File "/localscratch/yinan.24646043.0/env/lib/python3.7/site-packages/wandb/sdk/internal/sender.py", line 799, in _update_summary
    f.write(json_summary)
OSError: [Errno 5] Input/output error
wandb: ERROR Internal wandb error: file data was not synced
--- Logging error ---
Traceback (most recent call last):
  File "/cvmfs/soft.computecanada.ca/easybuild/software/2017/Core/python/3.7.4/lib/python3.7/logging/__init__.py", line 1029, in emit
    self.flush()
  File "/cvmfs/soft.computecanada.ca/easybuild/software/2017/Core/python/3.7.4/lib/python3.7/logging/__init__.py", line 1009, in flush
    self.stream.flush()
OSError: [Errno 5] Input/output error
Call stack:
  File "bert_pre.py", line 404, in <module>
    es_flag, loss_default = train(i, train_dataloader, loss_default)
  File "bert_pre.py", line 119, in train
    precision * 100., recall * 100., f1_measure * 100.))
Message: 'Train: 100.0\tEpoch: 10\tIter: 158\tLoss: 0.00190\tAcc= 100.000\tPrecision= 100.000\tRecall= 100.000\tF1_score= 100.000'
Arguments: ()
Exception in thread Thread-36:
Traceback (most recent call last):
  File "/cvmfs/soft.computecanada.ca/easybuild/software/2017/Core/python/3.7.4/lib/python3.7/threading.py", line 926, in _bootstrap_inner
    self.run()
  File "/cvmfs/soft.computecanada.ca/easybuild/software/2017/Core/python/3.7.4/lib/python3.7/threading.py", line 870, in run
    self._target(*self._args, **self._kwargs)
  File "/localscratch/yinan.24646043.0/env/lib/python3.7/site-packages/wandb/sdk/wandb_run.py", line 167, in check_status
    status_response = self._interface.communicate_stop_status()
  File "/localscratch/yinan.24646043.0/env/lib/python3.7/site-packages/wandb/sdk/interface/interface.py", line 114, in communicate_stop_status
    resp = self._communicate_stop_status(status)
  File "/localscratch/yinan.24646043.0/env/lib/python3.7/site-packages/wandb/sdk/interface/interface.py", line 968, in _communicate_stop_status
    resp = self._communicate(req, local=True)
  File "/localscratch/yinan.24646043.0/env/lib/python3.7/site-packages/wandb/sdk/interface/interface.py", line 799, in _communicate
    return self._communicate_async(rec, local=local).get(timeout=timeout)
  File "/localscratch/yinan.24646043.0/env/lib/python3.7/site-packages/wandb/sdk/interface/interface.py", line 804, in _communicate_async
    raise Exception("The wandb backend process has shutdown")
Exception: The wandb backend process has shutdown

Exception in thread Thread-37:
Traceback (most recent call last):
  File "/cvmfs/soft.computecanada.ca/easybuild/software/2017/Core/python/3.7.4/lib/python3.7/threading.py", line 926, in _bootstrap_inner
    self.run()
  File "/cvmfs/soft.computecanada.ca/easybuild/software/2017/Core/python/3.7.4/lib/python3.7/threading.py", line 870, in run
    self._target(*self._args, **self._kwargs)
  File "/localscratch/yinan.24646043.0/env/lib/python3.7/site-packages/wandb/sdk/wandb_run.py", line 149, in check_network_status
    status_response = self._interface.communicate_network_status()
  File "/localscratch/yinan.24646043.0/env/lib/python3.7/site-packages/wandb/sdk/interface/interface.py", line 125, in communicate_network_status
    resp = self._communicate_network_status(status)
  File "/localscratch/yinan.24646043.0/env/lib/python3.7/site-packages/wandb/sdk/interface/interface.py", line 978, in _communicate_network_status
    resp = self._communicate(req, local=True)
  File "/localscratch/yinan.24646043.0/env/lib/python3.7/site-packages/wandb/sdk/interface/interface.py", line 799, in _communicate
    return self._communicate_async(rec, local=local).get(timeout=timeout)
  File "/localscratch/yinan.24646043.0/env/lib/python3.7/site-packages/wandb/sdk/interface/interface.py", line 804, in _communicate_async
    raise Exception("The wandb backend process has shutdown")
Exception: The wandb backend process has shutdown


Traceback (most recent call last):
  File "bert_pre.py", line 404, in <module>
    es_flag, loss_default = train(i, train_dataloader, loss_default)
  File "bert_pre.py", line 128, in train
    "recall": recall * 100., "F1_measure": f1_measure * 100.})
  File "/localscratch/yinan.24646043.0/env/lib/python3.7/site-packages/wandb/sdk/wandb_run.py", line 1229, in log
    self.history._row_add(data)
  File "/localscratch/yinan.24646043.0/env/lib/python3.7/site-packages/wandb/sdk/wandb_history.py", line 44, in _row_add
    self._flush()
  File "/localscratch/yinan.24646043.0/env/lib/python3.7/site-packages/wandb/sdk/wandb_history.py", line 59, in _flush
    self._callback(row=self._data, step=self._step)
  File "/localscratch/yinan.24646043.0/env/lib/python3.7/site-packages/wandb/sdk/wandb_run.py", line 973, in _history_callback
    row, step, publish_step=not_using_tensorboard
  File "/localscratch/yinan.24646043.0/env/lib/python3.7/site-packages/wandb/sdk/interface/interface.py", line 506, in publish_history
    self._publish_history(history)
  File "/localscratch/yinan.24646043.0/env/lib/python3.7/site-packages/wandb/sdk/interface/interface.py", line 641, in _publish_history
    self._publish(rec)
  File "/localscratch/yinan.24646043.0/env/lib/python3.7/site-packages/wandb/sdk/interface/interface.py", line 790, in _publish
    raise Exception("The wandb backend process has shutdown")
Exception: The wandb backend process has shutdown
Traceback (most recent call last):
  File "bert_pre.py", line 404, in <module>
    es_flag, loss_default = train(i, train_dataloader, loss_default)
  File "bert_pre.py", line 128, in train
    "recall": recall * 100., "F1_measure": f1_measure * 100.})
  File "/localscratch/yinan.24646043.0/env/lib/python3.7/site-packages/wandb/sdk/wandb_run.py", line 1229, in log
    self.history._row_add(data)
  File "/localscratch/yinan.24646043.0/env/lib/python3.7/site-packages/wandb/sdk/wandb_history.py", line 44, in _row_add
    self._flush()
  File "/localscratch/yinan.24646043.0/env/lib/python3.7/site-packages/wandb/sdk/wandb_history.py", line 59, in _flush
    self._callback(row=self._data, step=self._step)
  File "/localscratch/yinan.24646043.0/env/lib/python3.7/site-packages/wandb/sdk/wandb_run.py", line 973, in _history_callback
    row, step, publish_step=not_using_tensorboard
  File "/localscratch/yinan.24646043.0/env/lib/python3.7/site-packages/wandb/sdk/interface/interface.py", line 506, in publish_history
    self._publish_history(history)
  File "/localscratch/yinan.24646043.0/env/lib/python3.7/site-packages/wandb/sdk/interface/interface.py", line 641, in _publish_history
    self._publish(rec)
  File "/localscratch/yinan.24646043.0/env/lib/python3.7/site-packages/wandb/sdk/interface/interface.py", line 790, in _publish
    raise Exception("The wandb backend process has shutdown")
Exception: The wandb backend process has shutdown
Traceback (most recent call last):
  File "bert_pre.py", line 404, in <module>
    es_flag, loss_default = train(i, train_dataloader, loss_default)
  File "bert_pre.py", line 128, in train
    "recall": recall * 100., "F1_measure": f1_measure * 100.})
  File "/localscratch/yinan.24646043.0/env/lib/python3.7/site-packages/wandb/sdk/wandb_run.py", line 1229, in log
    self.history._row_add(data)
  File "/localscratch/yinan.24646043.0/env/lib/python3.7/site-packages/wandb/sdk/wandb_history.py", line 44, in _row_add
    self._flush()
  File "/localscratch/yinan.24646043.0/env/lib/python3.7/site-packages/wandb/sdk/wandb_history.py", line 59, in _flush
    self._callback(row=self._data, step=self._step)
  File "/localscratch/yinan.24646043.0/env/lib/python3.7/site-packages/wandb/sdk/wandb_run.py", line 973, in _history_callback
    row, step, publish_step=not_using_tensorboard
  File "/localscratch/yinan.24646043.0/env/lib/python3.7/site-packages/wandb/sdk/interface/interface.py", line 506, in publish_history
    self._publish_history(history)
  File "/localscratch/yinan.24646043.0/env/lib/python3.7/site-packages/wandb/sdk/interface/interface.py", line 641, in _publish_history
    self._publish(rec)
  File "/localscratch/yinan.24646043.0/env/lib/python3.7/site-packages/wandb/sdk/interface/interface.py", line 790, in _publish
    raise Exception("The wandb backend process has shutdown")
Exception: The wandb backend process has shutdown
Traceback (most recent call last):
  File "bert_pre.py", line 404, in <module>
    es_flag, loss_default = train(i, train_dataloader, loss_default)
  File "bert_pre.py", line 128, in train
    "recall": recall * 100., "F1_measure": f1_measure * 100.})
  File "/localscratch/yinan.24646043.0/env/lib/python3.7/site-packages/wandb/sdk/wandb_run.py", line 1229, in log
    self.history._row_add(data)
  File "/localscratch/yinan.24646043.0/env/lib/python3.7/site-packages/wandb/sdk/wandb_history.py", line 44, in _row_add
    self._flush()
  File "/localscratch/yinan.24646043.0/env/lib/python3.7/site-packages/wandb/sdk/wandb_history.py", line 59, in _flush
    self._callback(row=self._data, step=self._step)
  File "/localscratch/yinan.24646043.0/env/lib/python3.7/site-packages/wandb/sdk/wandb_run.py", line 973, in _history_callback
    row, step, publish_step=not_using_tensorboard
  File "/localscratch/yinan.24646043.0/env/lib/python3.7/site-packages/wandb/sdk/interface/interface.py", line 506, in publish_history
    self._publish_history(history)
  File "/localscratch/yinan.24646043.0/env/lib/python3.7/site-packages/wandb/sdk/interface/interface.py", line 641, in _publish_history
    self._publish(rec)
  File "/localscratch/yinan.24646043.0/env/lib/python3.7/site-packages/wandb/sdk/interface/interface.py", line 790, in _publish
    raise Exception("The wandb backend process has shutdown")
Exception: The wandb backend process has shutdown
Error in atexit._run_exitfuncs:
Traceback (most recent call last):
  File "/localscratch/yinan.24646043.0/env/lib/python3.7/site-packages/wandb/sdk/wandb_run.py", line 1671, in _atexit_cleanup
    self._on_finish()
  File "/localscratch/yinan.24646043.0/env/lib/python3.7/site-packages/wandb/sdk/wandb_run.py", line 1815, in _on_finish
    self.history._flush()
  File "/localscratch/yinan.24646043.0/env/lib/python3.7/site-packages/wandb/sdk/wandb_history.py", line 59, in _flush
    self._callback(row=self._data, step=self._step)
  File "/localscratch/yinan.24646043.0/env/lib/python3.7/site-packages/wandb/sdk/wandb_run.py", line 973, in _history_callback
    row, step, publish_step=not_using_tensorboard
  File "/localscratch/yinan.24646043.0/env/lib/python3.7/site-packages/wandb/sdk/interface/interface.py", line 506, in publish_history
    self._publish_history(history)
  File "/localscratch/yinan.24646043.0/env/lib/python3.7/site-packages/wandb/sdk/interface/interface.py", line 641, in _publish_history
    self._publish(rec)
  File "/localscratch/yinan.24646043.0/env/lib/python3.7/site-packages/wandb/sdk/interface/interface.py", line 790, in _publish
    raise Exception("The wandb backend process has shutdown")
Exception: The wandb backend process has shutdown

During handling of the above exception, another exception occurred:

Traceback (most recent call last):
  File "/localscratch/yinan.24646043.0/env/lib/python3.7/site-packages/wandb/sdk/wandb_run.py", line 1680, in _atexit_cleanup
    self._backend.cleanup()
  File "/localscratch/yinan.24646043.0/env/lib/python3.7/site-packages/wandb/sdk/backend/backend.py", line 227, in cleanup
    self.interface.join()
  File "/localscratch/yinan.24646043.0/env/lib/python3.7/site-packages/wandb/sdk/interface/interface.py", line 1048, in join
    super(BackendSender, self).join()
  File "/localscratch/yinan.24646043.0/env/lib/python3.7/site-packages/wandb/sdk/interface/interface.py", line 596, in join
    self._communicate_shutdown()
  File "/localscratch/yinan.24646043.0/env/lib/python3.7/site-packages/wandb/sdk/interface/interface.py", line 1045, in _communicate_shutdown
    _ = self._communicate(record)
  File "/localscratch/yinan.24646043.0/env/lib/python3.7/site-packages/wandb/sdk/interface/interface.py", line 799, in _communicate
    return self._communicate_async(rec, local=local).get(timeout=timeout)
  File "/localscratch/yinan.24646043.0/env/lib/python3.7/site-packages/wandb/sdk/interface/interface.py", line 804, in _communicate_async
    raise Exception("The wandb backend process has shutdown")
Exception: The wandb backend process has shutdown
