Unloading StdEnv/2020

Due to MODULEPATH changes, the following have been reloaded:
  1) mii/1.1.1


The following have been reloaded with a version change:
  1) python/3.8.2 => python/3.7.4

Using base prefix '/cvmfs/soft.computecanada.ca/easybuild/software/2017/Core/python/3.7.4'
New python executable in /localscratch/yinan.26036904.0/env/bin/python
Installing setuptools, pip, wheel...
done.
Ignoring pip: markers 'python_version < "3"' don't match your environment
Looking in links: /cvmfs/soft.computecanada.ca/custom/python/wheelhouse/nix/avx2, /cvmfs/soft.computecanada.ca/custom/python/wheelhouse/nix/generic, /cvmfs/soft.computecanada.ca/custom/python/wheelhouse/generic
Collecting numpy==1.20.0
  ERROR: Could not find a version that satisfies the requirement numpy==1.20.0 (from versions: 1.15.0+computecanada, 1.15.2+computecanada, 1.15.4+computecanada, 1.16.0+computecanada, 1.16.2+computecanada, 1.16.3+computecanada, 1.17.4+computecanada, 1.18.1+computecanada, 1.18.4+computecanada, 1.19.1+computecanada, 1.19.2+computecanada, 1.20.2+computecanada)
ERROR: No matching distribution found for numpy==1.20.0
Ignoring pip: markers 'python_version < "3"' don't match your environment
Looking in links: /cvmfs/soft.computecanada.ca/custom/python/wheelhouse/nix/avx2, /cvmfs/soft.computecanada.ca/custom/python/wheelhouse/nix/generic, /cvmfs/soft.computecanada.ca/custom/python/wheelhouse/generic
Collecting torch
Collecting typing-extensions (from torch)
Installing collected packages: typing-extensions, torch
Successfully installed torch-1.9.1+computecanada typing-extensions-4.0.0+computecanada
Ignoring pip: markers 'python_version < "3"' don't match your environment
Looking in links: /cvmfs/soft.computecanada.ca/custom/python/wheelhouse/nix/avx2, /cvmfs/soft.computecanada.ca/custom/python/wheelhouse/nix/generic, /cvmfs/soft.computecanada.ca/custom/python/wheelhouse/generic
Collecting Keras (from -r requirements.txt (line 1))
Collecting Keras_Preprocessing (from -r requirements.txt (line 2))
Collecting nltk==3.5 (from -r requirements.txt (line 3))
Collecting scikit-learn==0.22.1 (from -r requirements.txt (line 4))
Collecting tensorboard==2.3.0+computecanada (from -r requirements.txt (line 5))
Collecting tensorboard_plugin_wit==1.7.0 (from -r requirements.txt (line 6))
Collecting tensorflow_gpu==2.3.0+computecanada (from -r requirements.txt (line 7))
Collecting tensorflow_estimator==2.3.0 (from -r requirements.txt (line 8))
Collecting tokenizers==0.5.2 (from -r requirements.txt (line 9))
Collecting torchtext==0.6.0 (from -r requirements.txt (line 10))
Collecting transformers==2.5.1+computecanada (from -r requirements.txt (line 11))
Collecting urllib3==1.26.8+computecanada (from -r requirements.txt (line 12))
Requirement already satisfied: numpy>=1.9.1 in /cvmfs/soft.computecanada.ca/easybuild/software/2017/Core/scipy-stack/2019a/lib/python3.7/site-packages (from Keras_Preprocessing->-r requirements.txt (line 2)) (1.16.0)
Requirement already satisfied: six>=1.9.0 in /cvmfs/soft.computecanada.ca/easybuild/software/2017/Core/scipy-stack/2019a/lib/python3.7/site-packages (from Keras_Preprocessing->-r requirements.txt (line 2)) (1.12.0)
Collecting joblib (from nltk==3.5->-r requirements.txt (line 3))
Collecting click (from nltk==3.5->-r requirements.txt (line 3))
Collecting regex (from nltk==3.5->-r requirements.txt (line 3))
Collecting tqdm (from nltk==3.5->-r requirements.txt (line 3))
Requirement already satisfied: scipy>=0.17.0 in /cvmfs/soft.computecanada.ca/easybuild/software/2017/Core/scipy-stack/2019a/lib/python3.7/site-packages (from scikit-learn==0.22.1->-r requirements.txt (line 4)) (1.2.0)
Collecting absl-py>=0.4 (from tensorboard==2.3.0+computecanada->-r requirements.txt (line 5))
Collecting google-auth<2,>=1.6.3 (from tensorboard==2.3.0+computecanada->-r requirements.txt (line 5))
Collecting grpcio>=1.24.3 (from tensorboard==2.3.0+computecanada->-r requirements.txt (line 5))
Requirement already satisfied: requests<3,>=2.21.0 in /cvmfs/soft.computecanada.ca/easybuild/software/2017/Core/scipy-stack/2019a/lib/python3.7/site-packages (from tensorboard==2.3.0+computecanada->-r requirements.txt (line 5)) (2.21.0)
Collecting werkzeug>=0.11.15 (from tensorboard==2.3.0+computecanada->-r requirements.txt (line 5))
Collecting markdown>=2.6.8 (from tensorboard==2.3.0+computecanada->-r requirements.txt (line 5))
Requirement already satisfied: setuptools>=41.0.0 in /localscratch/yinan.26036904.0/env/lib/python3.7/site-packages (from tensorboard==2.3.0+computecanada->-r requirements.txt (line 5)) (41.0.1)
Collecting google-auth-oauthlib<0.5,>=0.4.1 (from tensorboard==2.3.0+computecanada->-r requirements.txt (line 5))
Collecting protobuf>=3.6.0 (from tensorboard==2.3.0+computecanada->-r requirements.txt (line 5))
Requirement already satisfied: wheel>=0.26; python_version >= "3" in /localscratch/yinan.26036904.0/env/lib/python3.7/site-packages (from tensorboard==2.3.0+computecanada->-r requirements.txt (line 5)) (0.33.4)
Collecting wrapt>=1.11.1 (from tensorflow_gpu==2.3.0+computecanada->-r requirements.txt (line 7))
Collecting termcolor>=1.1.0 (from tensorflow_gpu==2.3.0+computecanada->-r requirements.txt (line 7))
Collecting gast==0.3.3 (from tensorflow_gpu==2.3.0+computecanada->-r requirements.txt (line 7))
Collecting h5py<2.11.0,>=2.10.0 (from tensorflow_gpu==2.3.0+computecanada->-r requirements.txt (line 7))
Collecting opt-einsum>=2.3.2 (from tensorflow_gpu==2.3.0+computecanada->-r requirements.txt (line 7))
Collecting google-pasta>=0.1.8 (from tensorflow_gpu==2.3.0+computecanada->-r requirements.txt (line 7))
Collecting astunparse==1.6.3 (from tensorflow_gpu==2.3.0+computecanada->-r requirements.txt (line 7))
Requirement already satisfied: torch in /localscratch/yinan.26036904.0/env/lib/python3.7/site-packages (from torchtext==0.6.0->-r requirements.txt (line 10)) (1.9.1+computecanada)
Collecting sentencepiece (from torchtext==0.6.0->-r requirements.txt (line 10))
Collecting filelock (from transformers==2.5.1+computecanada->-r requirements.txt (line 11))
Collecting boto3 (from transformers==2.5.1+computecanada->-r requirements.txt (line 11))
Collecting sacremoses (from transformers==2.5.1+computecanada->-r requirements.txt (line 11))
Requirement already satisfied: importlib-metadata; python_version < "3.8" in /cvmfs/soft.computecanada.ca/easybuild/software/2017/Core/scipy-stack/2019a/lib/python3.7/site-packages (from click->nltk==3.5->-r requirements.txt (line 3)) (0.8)
Collecting cachetools<5.0,>=2.0.0 (from google-auth<2,>=1.6.3->tensorboard==2.3.0+computecanada->-r requirements.txt (line 5))
Collecting pyasn1-modules>=0.2.1 (from google-auth<2,>=1.6.3->tensorboard==2.3.0+computecanada->-r requirements.txt (line 5))
Collecting rsa<5,>=3.1.4; python_version >= "3.6" (from google-auth<2,>=1.6.3->tensorboard==2.3.0+computecanada->-r requirements.txt (line 5))
Requirement already satisfied: chardet<3.1.0,>=3.0.2 in /cvmfs/soft.computecanada.ca/easybuild/software/2017/Core/scipy-stack/2019a/lib/python3.7/site-packages (from requests<3,>=2.21.0->tensorboard==2.3.0+computecanada->-r requirements.txt (line 5)) (3.0.4)
Requirement already satisfied: idna<2.9,>=2.5 in /cvmfs/soft.computecanada.ca/easybuild/software/2017/Core/scipy-stack/2019a/lib/python3.7/site-packages (from requests<3,>=2.21.0->tensorboard==2.3.0+computecanada->-r requirements.txt (line 5)) (2.8)
Requirement already satisfied: certifi>=2017.4.17 in /cvmfs/soft.computecanada.ca/easybuild/software/2017/Core/scipy-stack/2019a/lib/python3.7/site-packages (from requests<3,>=2.21.0->tensorboard==2.3.0+computecanada->-r requirements.txt (line 5)) (2018.11.29)
Collecting requests-oauthlib>=0.7.0 (from google-auth-oauthlib<0.5,>=0.4.1->tensorboard==2.3.0+computecanada->-r requirements.txt (line 5))
Requirement already satisfied: typing-extensions in /localscratch/yinan.26036904.0/env/lib/python3.7/site-packages (from torch->torchtext==0.6.0->-r requirements.txt (line 10)) (4.0.0+computecanada)
Collecting s3transfer<0.6.0,>=0.5.0 (from boto3->transformers==2.5.1+computecanada->-r requirements.txt (line 11))
Collecting botocore<1.24.0,>=1.23.46 (from boto3->transformers==2.5.1+computecanada->-r requirements.txt (line 11))
Collecting jmespath<1.0.0,>=0.7.1 (from boto3->transformers==2.5.1+computecanada->-r requirements.txt (line 11))
Requirement already satisfied: zipp>=0.3.2 in /cvmfs/soft.computecanada.ca/easybuild/software/2017/Core/scipy-stack/2019a/lib/python3.7/site-packages (from importlib-metadata; python_version < "3.8"->click->nltk==3.5->-r requirements.txt (line 3)) (0.3.3)
Collecting pyasn1<0.5.0,>=0.4.6 (from pyasn1-modules>=0.2.1->google-auth<2,>=1.6.3->tensorboard==2.3.0+computecanada->-r requirements.txt (line 5))
Collecting oauthlib>=3.0.0 (from requests-oauthlib>=0.7.0->google-auth-oauthlib<0.5,>=0.4.1->tensorboard==2.3.0+computecanada->-r requirements.txt (line 5))
Requirement already satisfied: python-dateutil<3.0.0,>=2.1 in /cvmfs/soft.computecanada.ca/easybuild/software/2017/Core/scipy-stack/2019a/lib/python3.7/site-packages (from botocore<1.24.0,>=1.23.46->boto3->transformers==2.5.1+computecanada->-r requirements.txt (line 11)) (2.7.5)
ERROR: requests 2.21.0 has requirement urllib3<1.25,>=1.21.1, but you'll have urllib3 1.26.8+computecanada which is incompatible.
ERROR: markdown 3.3.6+computecanada has requirement importlib-metadata>=4.4; python_version < "3.10", but you'll have importlib-metadata 0.8 which is incompatible.
ERROR: tensorflow-gpu 2.3.0+computecanada has requirement scipy==1.4.1, but you'll have scipy 1.2.0 which is incompatible.
Installing collected packages: Keras, Keras-Preprocessing, joblib, click, regex, tqdm, nltk, scikit-learn, absl-py, cachetools, pyasn1, pyasn1-modules, rsa, google-auth, grpcio, tensorboard-plugin-wit, werkzeug, markdown, oauthlib, requests-oauthlib, google-auth-oauthlib, protobuf, tensorboard, wrapt, termcolor, gast, h5py, opt-einsum, google-pasta, astunparse, tensorflow-estimator, tensorflow-gpu, tokenizers, sentencepiece, torchtext, filelock, urllib3, jmespath, botocore, s3transfer, boto3, sacremoses, transformers
  Found existing installation: pyasn1 0.4.3
    Not uninstalling pyasn1 at /cvmfs/soft.computecanada.ca/easybuild/software/2017/Core/scipy-stack/2019a/lib/python3.7/site-packages, outside environment /localscratch/yinan.26036904.0/env
    Can't uninstall 'pyasn1'. No files were found to uninstall.
  Found existing installation: urllib3 1.24.1
    Not uninstalling urllib3 at /cvmfs/soft.computecanada.ca/easybuild/software/2017/Core/scipy-stack/2019a/lib/python3.7/site-packages, outside environment /localscratch/yinan.26036904.0/env
    Can't uninstall 'urllib3'. No files were found to uninstall.
Successfully installed Keras-2.7.0+computecanada Keras-Preprocessing-1.1.2+computecanada absl-py-1.0.0+computecanada astunparse-1.6.3+computecanada boto3-1.20.46+computecanada botocore-1.23.46+computecanada cachetools-4.2.4+computecanada click-8.0.3+computecanada filelock-3.3.2+computecanada gast-0.3.3+computecanada google-auth-1.35.0+computecanada google-auth-oauthlib-0.4.6+computecanada google-pasta-0.2.0+computecanada grpcio-1.38.0+computecanada h5py-2.10.0+computecanada jmespath-0.10.0+computecanada joblib-1.1.0+computecanada markdown-3.3.6+computecanada nltk-3.5+computecanada oauthlib-3.1.1+computecanada opt-einsum-3.3.0+computecanada protobuf-3.19.3+computecanada pyasn1-0.4.8+computecanada pyasn1-modules-0.2.8+computecanada regex-2020.11.13+computecanada requests-oauthlib-1.3.0+computecanada rsa-4.8+computecanada s3transfer-0.5.0+computecanada sacremoses-0.0.46+computecanada scikit-learn-0.22.1+computecanada sentencepiece-0.1.91+computecanada tensorboard-2.3.0+computecanada tensorboard-plugin-wit-1.7.0+computecanada tensorflow-estimator-2.3.0+computecanada tensorflow-gpu-2.3.0+computecanada termcolor-1.1.0+computecanada tokenizers-0.5.2+computecanada torchtext-0.6.0+computecanada tqdm-4.62.3+computecanada transformers-2.5.1+computecanada urllib3-1.26.8+computecanada werkzeug-2.0.2+computecanada wrapt-1.11.2+computecanada
Ignoring pip: markers 'python_version < "3"' don't match your environment
Looking in links: /cvmfs/soft.computecanada.ca/custom/python/wheelhouse/nix/avx2, /cvmfs/soft.computecanada.ca/custom/python/wheelhouse/nix/generic, /cvmfs/soft.computecanada.ca/custom/python/wheelhouse/generic
Collecting wandb
Collecting configparser>=3.8.1 (from wandb)
Collecting docker-pycreds>=0.4.0 (from wandb)
Requirement already satisfied: requests<3,>=2.0.0 in /cvmfs/soft.computecanada.ca/easybuild/software/2017/Core/scipy-stack/2019a/lib/python3.7/site-packages (from wandb) (2.21.0)
Collecting shortuuid>=0.5.0 (from wandb)
Collecting pathtools (from wandb)
Collecting GitPython>=1.0.0 (from wandb)
Collecting subprocess32>=3.5.3 (from wandb)
Collecting yaspin>=1.0.0 (from wandb)
Collecting promise<3,>=2.0 (from wandb)
Requirement already satisfied: Click!=8.0.0,>=7.0 in /localscratch/yinan.26036904.0/env/lib/python3.7/site-packages (from wandb) (8.0.3+computecanada)
Collecting psutil>=5.0.0 (from wandb)
Collecting sentry-sdk>=1.0.0 (from wandb)
Requirement already satisfied: protobuf>=3.12.0 in /localscratch/yinan.26036904.0/env/lib/python3.7/site-packages (from wandb) (3.19.3+computecanada)
Collecting PyYAML (from wandb)
Collecting six>=1.13.0 (from wandb)
Requirement already satisfied: python-dateutil>=2.6.1 in /cvmfs/soft.computecanada.ca/easybuild/software/2017/Core/scipy-stack/2019a/lib/python3.7/site-packages (from wandb) (2.7.5)
Requirement already satisfied: idna<2.9,>=2.5 in /cvmfs/soft.computecanada.ca/easybuild/software/2017/Core/scipy-stack/2019a/lib/python3.7/site-packages (from requests<3,>=2.0.0->wandb) (2.8)
Requirement already satisfied: certifi>=2017.4.17 in /cvmfs/soft.computecanada.ca/easybuild/software/2017/Core/scipy-stack/2019a/lib/python3.7/site-packages (from requests<3,>=2.0.0->wandb) (2018.11.29)
Requirement already satisfied: chardet<3.1.0,>=3.0.2 in /cvmfs/soft.computecanada.ca/easybuild/software/2017/Core/scipy-stack/2019a/lib/python3.7/site-packages (from requests<3,>=2.0.0->wandb) (3.0.4)
Collecting urllib3<1.25,>=1.21.1 (from requests<3,>=2.0.0->wandb)
Collecting gitdb<5,>=4.0.1 (from GitPython>=1.0.0->wandb)
Requirement already satisfied: typing-extensions>=3.7.4.3; python_version < "3.10" in /localscratch/yinan.26036904.0/env/lib/python3.7/site-packages (from GitPython>=1.0.0->wandb) (4.0.0+computecanada)
Requirement already satisfied: termcolor<2.0.0,>=1.1.0 in /localscratch/yinan.26036904.0/env/lib/python3.7/site-packages (from yaspin>=1.0.0->wandb) (1.1.0+computecanada)
Requirement already satisfied: importlib-metadata; python_version < "3.8" in /cvmfs/soft.computecanada.ca/easybuild/software/2017/Core/scipy-stack/2019a/lib/python3.7/site-packages (from Click!=8.0.0,>=7.0->wandb) (0.8)
Collecting smmap<6,>=3.0.1 (from gitdb<5,>=4.0.1->GitPython>=1.0.0->wandb)
Requirement already satisfied: zipp>=0.3.2 in /cvmfs/soft.computecanada.ca/easybuild/software/2017/Core/scipy-stack/2019a/lib/python3.7/site-packages (from importlib-metadata; python_version < "3.8"->Click!=8.0.0,>=7.0->wandb) (0.3.3)
ERROR: tensorflow-gpu 2.3.0+computecanada has requirement scipy==1.4.1, but you'll have scipy 1.2.0 which is incompatible.
ERROR: botocore 1.23.46+computecanada has requirement urllib3<1.27,>=1.25.4, but you'll have urllib3 1.24.2+computecanada which is incompatible.
Installing collected packages: configparser, six, docker-pycreds, shortuuid, pathtools, smmap, gitdb, GitPython, subprocess32, yaspin, promise, psutil, urllib3, sentry-sdk, PyYAML, wandb
  Found existing installation: six 1.12.0
    Not uninstalling six at /cvmfs/soft.computecanada.ca/easybuild/software/2017/Core/scipy-stack/2019a/lib/python3.7/site-packages, outside environment /localscratch/yinan.26036904.0/env
    Can't uninstall 'six'. No files were found to uninstall.
  Found existing installation: urllib3 1.26.8+computecanada
    Uninstalling urllib3-1.26.8+computecanada:
      Successfully uninstalled urllib3-1.26.8+computecanada
Successfully installed GitPython-3.1.24+computecanada PyYAML-5.3.1+computecanada configparser-5.0.2+computecanada docker-pycreds-0.4.0+computecanada gitdb-4.0.9+computecanada pathtools-0.1.2+computecanada promise-2.3+computecanada psutil-5.7.3+computecanada sentry-sdk-1.5.0+computecanada shortuuid-1.0.1+computecanada six-1.16.0+computecanada smmap-5.0.0+computecanada subprocess32-3.5.4+computecanada urllib3-1.24.2+computecanada wandb-0.12.5+computecanada yaspin-2.1.0+computecanada
Traceback (most recent call last):
  File "/localscratch/yinan.26036904.0/env/bin/wandb", line 10, in <module>
    sys.exit(cli())
  File "/localscratch/yinan.26036904.0/env/lib/python3.7/site-packages/click/core.py", line 1128, in __call__
    return self.main(*args, **kwargs)
  File "/localscratch/yinan.26036904.0/env/lib/python3.7/site-packages/click/core.py", line 1053, in main
    rv = self.invoke(ctx)
  File "/localscratch/yinan.26036904.0/env/lib/python3.7/site-packages/click/core.py", line 1659, in invoke
    return _process_result(sub_ctx.command.invoke(sub_ctx))
  File "/localscratch/yinan.26036904.0/env/lib/python3.7/site-packages/click/core.py", line 1395, in invoke
    return ctx.invoke(self.callback, **ctx.params)
  File "/localscratch/yinan.26036904.0/env/lib/python3.7/site-packages/click/core.py", line 754, in invoke
    return __callback(*args, **kwargs)
  File "/localscratch/yinan.26036904.0/env/lib/python3.7/site-packages/wandb/cli/cli.py", line 85, in wrapper
    return func(*args, **kwargs)
  File "/localscratch/yinan.26036904.0/env/lib/python3.7/site-packages/wandb/cli/cli.py", line 234, in login
    wandb.login(relogin=relogin, key=key, anonymous=anon_mode, host=host, force=True)
  File "/localscratch/yinan.26036904.0/env/lib/python3.7/site-packages/wandb/sdk/wandb_login.py", line 65, in login
    configured = _login(**kwargs)
  File "/localscratch/yinan.26036904.0/env/lib/python3.7/site-packages/wandb/sdk/wandb_login.py", line 268, in _login
    wlogin.configure_api_key(key)
  File "/localscratch/yinan.26036904.0/env/lib/python3.7/site-packages/wandb/sdk/wandb_login.py", line 154, in configure_api_key
    apikey.write_key(self._settings, key)
  File "/localscratch/yinan.26036904.0/env/lib/python3.7/site-packages/wandb/sdk/lib/apikey.py", line 213, in write_key
    raise ValueError("API key must be 40 characters long, yours was %s" % len(key))
ValueError: API key must be 40 characters long, yours was 41
Starting Task
Traceback (most recent call last):
  File "bert_cv.py", line 9, in <module>
    from transformers import XLNetTokenizer, XLNetForSequenceClassification, AdamW, BertTokenizer, BertForSequenceClassification
  File "/localscratch/yinan.26036904.0/env/lib/python3.7/site-packages/transformers/__init__.py", line 22, in <module>
    from .configuration_albert import ALBERT_PRETRAINED_CONFIG_ARCHIVE_MAP, AlbertConfig
  File "/localscratch/yinan.26036904.0/env/lib/python3.7/site-packages/transformers/configuration_albert.py", line 18, in <module>
    from .configuration_utils import PretrainedConfig
  File "/localscratch/yinan.26036904.0/env/lib/python3.7/site-packages/transformers/configuration_utils.py", line 25, in <module>
    from .file_utils import CONFIG_NAME, cached_path, hf_bucket_url, is_remote_url
  File "/localscratch/yinan.26036904.0/env/lib/python3.7/site-packages/transformers/file_utils.py", line 22, in <module>
    import boto3
  File "/localscratch/yinan.26036904.0/env/lib/python3.7/site-packages/boto3/__init__.py", line 16, in <module>
    from boto3.session import Session
  File "/localscratch/yinan.26036904.0/env/lib/python3.7/site-packages/boto3/session.py", line 17, in <module>
    import botocore.session
  File "/localscratch/yinan.26036904.0/env/lib/python3.7/site-packages/botocore/session.py", line 29, in <module>
    import botocore.credentials
  File "/localscratch/yinan.26036904.0/env/lib/python3.7/site-packages/botocore/credentials.py", line 35, in <module>
    from botocore.config import Config
  File "/localscratch/yinan.26036904.0/env/lib/python3.7/site-packages/botocore/config.py", line 16, in <module>
    from botocore.endpoint import DEFAULT_TIMEOUT, MAX_POOL_CONNECTIONS
  File "/localscratch/yinan.26036904.0/env/lib/python3.7/site-packages/botocore/endpoint.py", line 22, in <module>
    from botocore.awsrequest import create_request_object
  File "/localscratch/yinan.26036904.0/env/lib/python3.7/site-packages/botocore/awsrequest.py", line 24, in <module>
    import botocore.utils
  File "/localscratch/yinan.26036904.0/env/lib/python3.7/site-packages/botocore/utils.py", line 32, in <module>
    import botocore.httpsession
  File "/localscratch/yinan.26036904.0/env/lib/python3.7/site-packages/botocore/httpsession.py", line 10, in <module>
    from urllib3.util.ssl_ import (
ImportError: cannot import name 'PROTOCOL_TLS' from 'urllib3.util.ssl_' (/localscratch/yinan.26036904.0/env/lib/python3.7/site-packages/urllib3/util/ssl_.py)
