Unloading StdEnv/2020

Due to MODULEPATH changes, the following have been reloaded:
  1) mii/1.1.1


The following have been reloaded with a version change:
  1) python/3.8.2 => python/3.7.4

Using base prefix '/cvmfs/soft.computecanada.ca/easybuild/software/2017/Core/python/3.7.4'
New python executable in /localscratch/yinan.28079831.0/env/bin/python
Installing setuptools, pip, wheel...
done.
Ignoring pip: markers 'python_version < "3"' don't match your environment
Looking in links: /cvmfs/soft.computecanada.ca/custom/python/wheelhouse/nix/avx2, /cvmfs/soft.computecanada.ca/custom/python/wheelhouse/nix/generic, /cvmfs/soft.computecanada.ca/custom/python/wheelhouse/generic
Collecting pip
Installing collected packages: pip
  Found existing installation: pip 19.1.1
    Uninstalling pip-19.1.1:
      Successfully uninstalled pip-19.1.1
Successfully installed pip-21.2.3+computecanada
Looking in links: /cvmfs/soft.computecanada.ca/custom/python/wheelhouse/nix/avx2, /cvmfs/soft.computecanada.ca/custom/python/wheelhouse/nix/generic, /cvmfs/soft.computecanada.ca/custom/python/wheelhouse/generic
Processing /cvmfs/soft.computecanada.ca/custom/python/wheelhouse/generic/keras-2.8.0+computecanada-py2.py3-none-any.whl
Processing /cvmfs/soft.computecanada.ca/custom/python/wheelhouse/generic/Keras_Preprocessing-1.1.2+computecanada-py3-none-any.whl
Requirement already satisfied: matplotlib in /cvmfs/soft.computecanada.ca/easybuild/software/2017/Core/scipy-stack/2019a/lib/python3.7/site-packages (from -r requirements.txt (line 3)) (3.0.2)
Processing /cvmfs/soft.computecanada.ca/custom/python/wheelhouse/generic/nltk-3.6.5+computecanada-py3-none-any.whl
Processing /cvmfs/soft.computecanada.ca/custom/python/wheelhouse/generic/scikit_learn-0.22.1+computecanada-cp37-cp37m-linux_x86_64.whl
Processing /cvmfs/soft.computecanada.ca/custom/python/wheelhouse/generic/tensorboard-2.3.0+computecanada-py3-none-any.whl
Processing /cvmfs/soft.computecanada.ca/custom/python/wheelhouse/generic/tensorboard_plugin_wit-1.7.0+computecanada-py3-none-any.whl
Processing /cvmfs/soft.computecanada.ca/custom/python/wheelhouse/generic/tensorflow_gpu-2.3.0+computecanada-cp37-cp37m-linux_x86_64.whl
Processing /cvmfs/soft.computecanada.ca/custom/python/wheelhouse/generic/tensorflow_estimator-2.3.0+computecanada-py2.py3-none-any.whl
Processing /cvmfs/soft.computecanada.ca/custom/python/wheelhouse/generic/tokenizers-0.5.2+computecanada-cp37-cp37m-linux_x86_64.whl
Processing /cvmfs/soft.computecanada.ca/custom/python/wheelhouse/nix/avx2/torch-1.4.0+computecanada-cp37-cp37m-linux_x86_64.whl
Processing /cvmfs/soft.computecanada.ca/custom/python/wheelhouse/generic/torchtext-0.6.0+computecanada-py3-none-any.whl
Processing /cvmfs/soft.computecanada.ca/custom/python/wheelhouse/generic/torchvision-0.8.2+computecanada-cp37-cp37m-linux_x86_64.whl
Processing /cvmfs/soft.computecanada.ca/custom/python/wheelhouse/generic/transformers-2.5.1+computecanada-py3-none-any.whl
Processing /cvmfs/soft.computecanada.ca/custom/python/wheelhouse/generic/urllib3-1.26.7+computecanada-py2.py3-none-any.whl
Processing /cvmfs/soft.computecanada.ca/custom/python/wheelhouse/generic/joblib-1.1.0+computecanada-py2.py3-none-any.whl
Processing /cvmfs/soft.computecanada.ca/custom/python/wheelhouse/generic/click-8.0.3+computecanada-py3-none-any.whl
Processing /cvmfs/soft.computecanada.ca/custom/python/wheelhouse/generic/tqdm-4.62.3+computecanada-py2.py3-none-any.whl
ERROR: Could not find a version that satisfies the requirement regex>=2021.8.3 (from nltk) (from versions: 2018.1.10+computecanada, 2019.11.1+computecanada, 2020.11.13+computecanada)
ERROR: No matching distribution found for regex>=2021.8.3
Looking in links: /cvmfs/soft.computecanada.ca/custom/python/wheelhouse/nix/avx2, /cvmfs/soft.computecanada.ca/custom/python/wheelhouse/nix/generic, /cvmfs/soft.computecanada.ca/custom/python/wheelhouse/generic
ERROR: Could not find a version that satisfies the requirement numpy==1.20.0+computacanada (from versions: 1.15.0+computecanada, 1.15.2+computecanada, 1.15.4+computecanada, 1.16.0+computecanada, 1.16.2+computecanada, 1.16.3+computecanada, 1.17.4+computecanada, 1.18.1+computecanada, 1.18.4+computecanada, 1.19.1+computecanada, 1.19.2+computecanada, 1.20.2+computecanada)
ERROR: No matching distribution found for numpy==1.20.0+computacanada
Looking in links: /cvmfs/soft.computecanada.ca/custom/python/wheelhouse/nix/avx2, /cvmfs/soft.computecanada.ca/custom/python/wheelhouse/nix/generic, /cvmfs/soft.computecanada.ca/custom/python/wheelhouse/generic
Processing /cvmfs/soft.computecanada.ca/custom/python/wheelhouse/generic/wandb-0.12.5+computecanada-py2.py3-none-any.whl
Requirement already satisfied: python-dateutil>=2.6.1 in /cvmfs/soft.computecanada.ca/easybuild/software/2017/Core/scipy-stack/2019a/lib/python3.7/site-packages (from wandb) (2.7.5)
Processing /cvmfs/soft.computecanada.ca/custom/python/wheelhouse/generic/docker_pycreds-0.4.0+computecanada-py2.py3-none-any.whl
Processing /cvmfs/soft.computecanada.ca/custom/python/wheelhouse/generic/subprocess32-3.5.4+computecanada-py3-none-any.whl
Processing /cvmfs/soft.computecanada.ca/custom/python/wheelhouse/generic/GitPython-3.1.24+computecanada-py3-none-any.whl
Processing /cvmfs/soft.computecanada.ca/custom/python/wheelhouse/generic/shortuuid-1.0.1+computecanada-py3-none-any.whl
Processing /cvmfs/soft.computecanada.ca/custom/python/wheelhouse/generic/psutil-5.7.3+computecanada-cp37-cp37m-linux_x86_64.whl
Processing /cvmfs/soft.computecanada.ca/custom/python/wheelhouse/generic/yaspin-2.1.0+computecanada-py3-none-any.whl
Processing /cvmfs/soft.computecanada.ca/custom/python/wheelhouse/generic/click-8.0.3+computecanada-py3-none-any.whl
Processing /cvmfs/soft.computecanada.ca/custom/python/wheelhouse/generic/sentry_sdk-1.5.0+computecanada-py2.py3-none-any.whl
Processing /cvmfs/soft.computecanada.ca/custom/python/wheelhouse/generic/promise-2.3+computecanada-py3-none-any.whl
Processing /cvmfs/soft.computecanada.ca/custom/python/wheelhouse/generic/PyYAML-5.3.1+computecanada-cp37-cp37m-linux_x86_64.whl
Processing /cvmfs/soft.computecanada.ca/custom/python/wheelhouse/generic/configparser-5.0.2+computecanada-py3-none-any.whl
Processing /cvmfs/soft.computecanada.ca/custom/python/wheelhouse/generic/protobuf-3.19.3+computecanada-py2.py3-none-any.whl
Requirement already satisfied: requests<3,>=2.0.0 in /cvmfs/soft.computecanada.ca/easybuild/software/2017/Core/scipy-stack/2019a/lib/python3.7/site-packages (from wandb) (2.21.0)
Processing /cvmfs/soft.computecanada.ca/custom/python/wheelhouse/generic/six-1.16.0+computecanada-py2.py3-none-any.whl
Processing /cvmfs/soft.computecanada.ca/custom/python/wheelhouse/generic/pathtools-0.1.2+computecanada-py3-none-any.whl
Requirement already satisfied: importlib-metadata in /cvmfs/soft.computecanada.ca/easybuild/software/2017/Core/scipy-stack/2019a/lib/python3.7/site-packages (from Click!=8.0.0,>=7.0->wandb) (0.8)
Processing /cvmfs/soft.computecanada.ca/custom/python/wheelhouse/generic/gitdb-4.0.9+computecanada-py3-none-any.whl
Processing /cvmfs/soft.computecanada.ca/custom/python/wheelhouse/generic/typing_extensions-4.0.1+computecanada-py3-none-any.whl
Processing /cvmfs/soft.computecanada.ca/custom/python/wheelhouse/generic/smmap-5.0.0+computecanada-py3-none-any.whl
Requirement already satisfied: certifi>=2017.4.17 in /cvmfs/soft.computecanada.ca/easybuild/software/2017/Core/scipy-stack/2019a/lib/python3.7/site-packages (from requests<3,>=2.0.0->wandb) (2018.11.29)
Requirement already satisfied: idna<2.9,>=2.5 in /cvmfs/soft.computecanada.ca/easybuild/software/2017/Core/scipy-stack/2019a/lib/python3.7/site-packages (from requests<3,>=2.0.0->wandb) (2.8)
Requirement already satisfied: urllib3<1.25,>=1.21.1 in /cvmfs/soft.computecanada.ca/easybuild/software/2017/Core/scipy-stack/2019a/lib/python3.7/site-packages (from requests<3,>=2.0.0->wandb) (1.24.1)
Requirement already satisfied: chardet<3.1.0,>=3.0.2 in /cvmfs/soft.computecanada.ca/easybuild/software/2017/Core/scipy-stack/2019a/lib/python3.7/site-packages (from requests<3,>=2.0.0->wandb) (3.0.4)
Processing /cvmfs/soft.computecanada.ca/custom/python/wheelhouse/generic/termcolor-1.1.0+computecanada-py3-none-any.whl
Requirement already satisfied: zipp>=0.3.2 in /cvmfs/soft.computecanada.ca/easybuild/software/2017/Core/scipy-stack/2019a/lib/python3.7/site-packages (from importlib-metadata->Click!=8.0.0,>=7.0->wandb) (0.3.3)
Installing collected packages: smmap, typing-extensions, termcolor, six, gitdb, yaspin, subprocess32, shortuuid, sentry-sdk, PyYAML, psutil, protobuf, promise, pathtools, GitPython, docker-pycreds, configparser, Click, wandb
  Attempting uninstall: six
    Found existing installation: six 1.12.0
    Not uninstalling six at /cvmfs/soft.computecanada.ca/easybuild/software/2017/Core/scipy-stack/2019a/lib/python3.7/site-packages, outside environment /localscratch/yinan.28079831.0/env
    Can't uninstall 'six'. No files were found to uninstall.
Successfully installed Click-8.0.3+computecanada GitPython-3.1.24+computecanada PyYAML-5.3.1+computecanada configparser-5.0.2+computecanada docker-pycreds-0.4.0+computecanada gitdb-4.0.9+computecanada pathtools-0.1.2+computecanada promise-2.3+computecanada protobuf-3.19.3+computecanada psutil-5.7.3+computecanada sentry-sdk-1.5.0+computecanada shortuuid-1.0.1+computecanada six-1.16.0+computecanada smmap-5.0.0+computecanada subprocess32-3.5.4+computecanada termcolor-1.1.0+computecanada typing-extensions-4.0.1+computecanada wandb-0.12.5+computecanada yaspin-2.1.0+computecanada
Looking in links: /cvmfs/soft.computecanada.ca/custom/python/wheelhouse/nix/avx2, /cvmfs/soft.computecanada.ca/custom/python/wheelhouse/nix/generic, /cvmfs/soft.computecanada.ca/custom/python/wheelhouse/generic
ERROR: Could not find a version that satisfies the requirement sagemaker (from versions: none)
ERROR: No matching distribution found for sagemaker
Looking in links: /cvmfs/soft.computecanada.ca/custom/python/wheelhouse/nix/avx2, /cvmfs/soft.computecanada.ca/custom/python/wheelhouse/nix/generic, /cvmfs/soft.computecanada.ca/custom/python/wheelhouse/generic
Processing /cvmfs/soft.computecanada.ca/custom/python/wheelhouse/generic/torch-1.9.1+computecanada-cp37-cp37m-linux_x86_64.whl
Requirement already satisfied: typing-extensions in /localscratch/yinan.28079831.0/env/lib/python3.7/site-packages (from torch) (4.0.1+computecanada)
Installing collected packages: torch
Successfully installed torch-1.9.1+computecanada
Looking in links: /cvmfs/soft.computecanada.ca/custom/python/wheelhouse/nix/avx2, /cvmfs/soft.computecanada.ca/custom/python/wheelhouse/nix/generic, /cvmfs/soft.computecanada.ca/custom/python/wheelhouse/generic
Processing /cvmfs/soft.computecanada.ca/custom/python/wheelhouse/generic/transformers-2.5.1+computecanada-py3-none-any.whl
Processing /cvmfs/soft.computecanada.ca/custom/python/wheelhouse/generic/boto3-1.20.52+computecanada-py3-none-any.whl
Processing /cvmfs/soft.computecanada.ca/custom/python/wheelhouse/generic/sentencepiece-0.1.91+computecanada-cp37-cp37m-linux_x86_64.whl
Processing /cvmfs/soft.computecanada.ca/custom/python/wheelhouse/generic/regex-2020.11.13+computecanada-cp37-cp37m-linux_x86_64.whl
Requirement already satisfied: requests in /cvmfs/soft.computecanada.ca/easybuild/software/2017/Core/scipy-stack/2019a/lib/python3.7/site-packages (from transformers==2.5.1+computecanada) (2.21.0)
Processing /cvmfs/soft.computecanada.ca/custom/python/wheelhouse/generic/tokenizers-0.5.2+computecanada-cp37-cp37m-linux_x86_64.whl
Processing /cvmfs/soft.computecanada.ca/custom/python/wheelhouse/generic/filelock-3.4.2+computecanada-py3-none-any.whl
Processing /cvmfs/soft.computecanada.ca/custom/python/wheelhouse/generic/tqdm-4.62.3+computecanada-py2.py3-none-any.whl
Processing /cvmfs/soft.computecanada.ca/custom/python/wheelhouse/generic/sacremoses-0.0.46+computecanada-py3-none-any.whl
Requirement already satisfied: numpy in /cvmfs/soft.computecanada.ca/easybuild/software/2017/Core/scipy-stack/2019a/lib/python3.7/site-packages (from transformers==2.5.1+computecanada) (1.16.0)
Processing /cvmfs/soft.computecanada.ca/custom/python/wheelhouse/generic/s3transfer-0.5.1+computecanada-py3-none-any.whl
Processing /cvmfs/soft.computecanada.ca/custom/python/wheelhouse/generic/jmespath-0.10.0+computecanada-py2.py3-none-any.whl
Processing /cvmfs/soft.computecanada.ca/custom/python/wheelhouse/generic/botocore-1.23.52+computecanada-py3-none-any.whl
Processing /cvmfs/soft.computecanada.ca/custom/python/wheelhouse/generic/urllib3-1.26.8+computecanada-py2.py3-none-any.whl
Requirement already satisfied: python-dateutil<3.0.0,>=2.1 in /cvmfs/soft.computecanada.ca/easybuild/software/2017/Core/scipy-stack/2019a/lib/python3.7/site-packages (from botocore<1.24.0,>=1.23.52->boto3->transformers==2.5.1+computecanada) (2.7.5)
Requirement already satisfied: six>=1.5 in /localscratch/yinan.28079831.0/env/lib/python3.7/site-packages (from python-dateutil<3.0.0,>=2.1->botocore<1.24.0,>=1.23.52->boto3->transformers==2.5.1+computecanada) (1.16.0+computecanada)
Processing /cvmfs/soft.computecanada.ca/custom/python/wheelhouse/generic/requests-2.27.1+computecanada-py2.py3-none-any.whl
Requirement already satisfied: idna<4,>=2.5 in /cvmfs/soft.computecanada.ca/easybuild/software/2017/Core/scipy-stack/2019a/lib/python3.7/site-packages (from requests->transformers==2.5.1+computecanada) (2.8)
Processing /cvmfs/soft.computecanada.ca/custom/python/wheelhouse/generic/charset_normalizer-2.0.11+computecanada-py3-none-any.whl
Requirement already satisfied: certifi>=2017.4.17 in /cvmfs/soft.computecanada.ca/easybuild/software/2017/Core/scipy-stack/2019a/lib/python3.7/site-packages (from requests->transformers==2.5.1+computecanada) (2018.11.29)
Processing /cvmfs/soft.computecanada.ca/custom/python/wheelhouse/generic/joblib-1.1.0+computecanada-py2.py3-none-any.whl
Requirement already satisfied: click in /localscratch/yinan.28079831.0/env/lib/python3.7/site-packages (from sacremoses->transformers==2.5.1+computecanada) (8.0.3+computecanada)
Requirement already satisfied: importlib-metadata in /cvmfs/soft.computecanada.ca/easybuild/software/2017/Core/scipy-stack/2019a/lib/python3.7/site-packages (from click->sacremoses->transformers==2.5.1+computecanada) (0.8)
Requirement already satisfied: zipp>=0.3.2 in /cvmfs/soft.computecanada.ca/easybuild/software/2017/Core/scipy-stack/2019a/lib/python3.7/site-packages (from importlib-metadata->click->sacremoses->transformers==2.5.1+computecanada) (0.3.3)
Installing collected packages: urllib3, jmespath, botocore, tqdm, s3transfer, regex, joblib, charset-normalizer, tokenizers, sentencepiece, sacremoses, requests, filelock, boto3, transformers
  Attempting uninstall: urllib3
    Found existing installation: urllib3 1.24.1
    Not uninstalling urllib3 at /cvmfs/soft.computecanada.ca/easybuild/software/2017/Core/scipy-stack/2019a/lib/python3.7/site-packages, outside environment /localscratch/yinan.28079831.0/env
    Can't uninstall 'urllib3'. No files were found to uninstall.
  Attempting uninstall: requests
    Found existing installation: requests 2.21.0
    Not uninstalling requests at /cvmfs/soft.computecanada.ca/easybuild/software/2017/Core/scipy-stack/2019a/lib/python3.7/site-packages, outside environment /localscratch/yinan.28079831.0/env
    Can't uninstall 'requests'. No files were found to uninstall.
Successfully installed boto3-1.20.52+computecanada botocore-1.23.52+computecanada charset-normalizer-2.0.11+computecanada filelock-3.4.2+computecanada jmespath-0.10.0+computecanada joblib-1.1.0+computecanada regex-2020.11.13+computecanada requests-2.27.1+computecanada s3transfer-0.5.1+computecanada sacremoses-0.0.46+computecanada sentencepiece-0.1.91+computecanada tokenizers-0.5.2+computecanada tqdm-4.62.3+computecanada transformers-2.5.1+computecanada urllib3-1.26.8+computecanada
Looking in links: /cvmfs/soft.computecanada.ca/custom/python/wheelhouse/nix/avx2, /cvmfs/soft.computecanada.ca/custom/python/wheelhouse/nix/generic, /cvmfs/soft.computecanada.ca/custom/python/wheelhouse/generic
Processing /cvmfs/soft.computecanada.ca/custom/python/wheelhouse/generic/tensorflow_gpu-2.3.0+computecanada-cp37-cp37m-linux_x86_64.whl
Requirement already satisfied: numpy<1.19.0,>=1.16.0 in /cvmfs/soft.computecanada.ca/easybuild/software/2017/Core/scipy-stack/2019a/lib/python3.7/site-packages (from tensorflow_gpu==2.3.0+computecanada) (1.16.0)
Processing /cvmfs/soft.computecanada.ca/custom/python/wheelhouse/generic/tensorflow_estimator-2.3.0+computecanada-py2.py3-none-any.whl
Requirement already satisfied: six>=1.12.0 in /localscratch/yinan.28079831.0/env/lib/python3.7/site-packages (from tensorflow_gpu==2.3.0+computecanada) (1.16.0+computecanada)
Processing /cvmfs/soft.computecanada.ca/custom/python/wheelhouse/nix/generic/scipy-1.4.1+computecanada-cp37-cp37m-linux_x86_64.whl
Processing /cvmfs/soft.computecanada.ca/custom/python/wheelhouse/generic/wrapt-1.11.2+computecanada-cp37-cp37m-linux_x86_64.whl
Processing /cvmfs/soft.computecanada.ca/custom/python/wheelhouse/generic/astunparse-1.6.3+computecanada-py2.py3-none-any.whl
Processing /cvmfs/soft.computecanada.ca/custom/python/wheelhouse/generic/tensorboard-2.8.0+computecanada-py3-none-any.whl
Processing /cvmfs/soft.computecanada.ca/custom/python/wheelhouse/generic/gast-0.3.3+computecanada-py3-none-any.whl
Processing /cvmfs/soft.computecanada.ca/custom/python/wheelhouse/generic/grpcio-1.38.0+computecanada-cp37-cp37m-linux_x86_64.whl
Processing /cvmfs/soft.computecanada.ca/custom/python/wheelhouse/generic/opt_einsum-3.3.0+computecanada-py3-none-any.whl
Requirement already satisfied: termcolor>=1.1.0 in /localscratch/yinan.28079831.0/env/lib/python3.7/site-packages (from tensorflow_gpu==2.3.0+computecanada) (1.1.0+computecanada)
Processing /cvmfs/soft.computecanada.ca/custom/python/wheelhouse/nix/avx2/h5py-2.10.0+computecanada-cp37-cp37m-linux_x86_64.whl
Processing /cvmfs/soft.computecanada.ca/custom/python/wheelhouse/generic/absl_py-1.0.0+computecanada-py3-none-any.whl
Requirement already satisfied: wheel>=0.26 in /localscratch/yinan.28079831.0/env/lib/python3.7/site-packages (from tensorflow_gpu==2.3.0+computecanada) (0.33.4)
Processing /cvmfs/soft.computecanada.ca/custom/python/wheelhouse/generic/Keras_Preprocessing-1.1.2+computecanada-py3-none-any.whl
Requirement already satisfied: protobuf>=3.9.2 in /localscratch/yinan.28079831.0/env/lib/python3.7/site-packages (from tensorflow_gpu==2.3.0+computecanada) (3.19.3+computecanada)
Processing /cvmfs/soft.computecanada.ca/custom/python/wheelhouse/generic/google_pasta-0.2.0+computecanada-py3-none-any.whl
Requirement already satisfied: requests<3,>=2.21.0 in /localscratch/yinan.28079831.0/env/lib/python3.7/site-packages (from tensorboard<3,>=2.3.0->tensorflow_gpu==2.3.0+computecanada) (2.27.1+computecanada)
Processing /cvmfs/soft.computecanada.ca/custom/python/wheelhouse/generic/google_auth-2.3.3+computecanada-py2.py3-none-any.whl
Processing /cvmfs/soft.computecanada.ca/custom/python/wheelhouse/generic/tensorboard_plugin_wit-1.8.0+computecanada-py3-none-any.whl
Processing /cvmfs/soft.computecanada.ca/custom/python/wheelhouse/generic/Markdown-3.3.6+computecanada-py3-none-any.whl
Processing /cvmfs/soft.computecanada.ca/custom/python/wheelhouse/generic/Werkzeug-2.0.3+computecanada-py3-none-any.whl
Requirement already satisfied: setuptools>=41.0.0 in /localscratch/yinan.28079831.0/env/lib/python3.7/site-packages (from tensorboard<3,>=2.3.0->tensorflow_gpu==2.3.0+computecanada) (41.0.1)
Processing /cvmfs/soft.computecanada.ca/custom/python/wheelhouse/generic/tensorboard_data_server-0.6.1+computecanada-py3-none-linux_x86_64.whl
Processing /cvmfs/soft.computecanada.ca/custom/python/wheelhouse/generic/google_auth_oauthlib-0.4.6+computecanada-py2.py3-none-any.whl
Processing /cvmfs/soft.computecanada.ca/custom/python/wheelhouse/generic/pyasn1_modules-0.2.8+computecanada-py2.py3-none-any.whl
Processing /cvmfs/soft.computecanada.ca/custom/python/wheelhouse/generic/cachetools-4.2.4+computecanada-py3-none-any.whl
Processing /cvmfs/soft.computecanada.ca/custom/python/wheelhouse/generic/rsa-4.8+computecanada-py3-none-any.whl
Processing /cvmfs/soft.computecanada.ca/custom/python/wheelhouse/generic/requests_oauthlib-1.3.0+computecanada-py2.py3-none-any.whl
Processing /cvmfs/soft.computecanada.ca/custom/python/wheelhouse/generic/importlib_metadata-4.10.1+computecanada-py3-none-any.whl
Processing /cvmfs/soft.computecanada.ca/custom/python/wheelhouse/generic/zipp-3.7.0+computecanada-py3-none-any.whl
Requirement already satisfied: typing-extensions>=3.6.4 in /localscratch/yinan.28079831.0/env/lib/python3.7/site-packages (from importlib-metadata>=4.4->markdown>=2.6.8->tensorboard<3,>=2.3.0->tensorflow_gpu==2.3.0+computecanada) (4.0.1+computecanada)
Processing /cvmfs/soft.computecanada.ca/custom/python/wheelhouse/generic/pyasn1-0.4.8+computecanada-py2.py3-none-any.whl
Requirement already satisfied: charset-normalizer~=2.0.0 in /localscratch/yinan.28079831.0/env/lib/python3.7/site-packages (from requests<3,>=2.21.0->tensorboard<3,>=2.3.0->tensorflow_gpu==2.3.0+computecanada) (2.0.11+computecanada)
Requirement already satisfied: idna<4,>=2.5 in /cvmfs/soft.computecanada.ca/easybuild/software/2017/Core/scipy-stack/2019a/lib/python3.7/site-packages (from requests<3,>=2.21.0->tensorboard<3,>=2.3.0->tensorflow_gpu==2.3.0+computecanada) (2.8)
Requirement already satisfied: urllib3<1.27,>=1.21.1 in /localscratch/yinan.28079831.0/env/lib/python3.7/site-packages (from requests<3,>=2.21.0->tensorboard<3,>=2.3.0->tensorflow_gpu==2.3.0+computecanada) (1.26.8+computecanada)
Requirement already satisfied: certifi>=2017.4.17 in /cvmfs/soft.computecanada.ca/easybuild/software/2017/Core/scipy-stack/2019a/lib/python3.7/site-packages (from requests<3,>=2.21.0->tensorboard<3,>=2.3.0->tensorflow_gpu==2.3.0+computecanada) (2018.11.29)
Processing /cvmfs/soft.computecanada.ca/custom/python/wheelhouse/generic/oauthlib-3.1.1+computecanada-py2.py3-none-any.whl
Installing collected packages: pyasn1, zipp, rsa, pyasn1-modules, oauthlib, cachetools, requests-oauthlib, importlib-metadata, google-auth, werkzeug, tensorboard-plugin-wit, tensorboard-data-server, markdown, grpcio, google-auth-oauthlib, absl-py, wrapt, tensorflow-estimator, tensorboard, scipy, opt-einsum, keras-preprocessing, h5py, google-pasta, gast, astunparse, tensorflow-gpu
  Attempting uninstall: pyasn1
    Found existing installation: pyasn1 0.4.3
    Not uninstalling pyasn1 at /cvmfs/soft.computecanada.ca/easybuild/software/2017/Core/scipy-stack/2019a/lib/python3.7/site-packages, outside environment /localscratch/yinan.28079831.0/env
    Can't uninstall 'pyasn1'. No files were found to uninstall.
  Attempting uninstall: zipp
    Found existing installation: zipp 0.3.3
    Not uninstalling zipp at /cvmfs/soft.computecanada.ca/easybuild/software/2017/Core/scipy-stack/2019a/lib/python3.7/site-packages, outside environment /localscratch/yinan.28079831.0/env
    Can't uninstall 'zipp'. No files were found to uninstall.
  Attempting uninstall: importlib-metadata
    Found existing installation: importlib-metadata 0.8
    Not uninstalling importlib-metadata at /cvmfs/soft.computecanada.ca/easybuild/software/2017/Core/scipy-stack/2019a/lib/python3.7/site-packages, outside environment /localscratch/yinan.28079831.0/env
    Can't uninstall 'importlib-metadata'. No files were found to uninstall.
  Attempting uninstall: scipy
    Found existing installation: scipy 1.2.0
    Not uninstalling scipy at /cvmfs/soft.computecanada.ca/easybuild/software/2017/Core/scipy-stack/2019a/lib/python3.7/site-packages, outside environment /localscratch/yinan.28079831.0/env
    Can't uninstall 'scipy'. No files were found to uninstall.
Successfully installed absl-py-1.0.0+computecanada astunparse-1.6.3+computecanada cachetools-4.2.4+computecanada gast-0.3.3+computecanada google-auth-2.3.3+computecanada google-auth-oauthlib-0.4.6+computecanada google-pasta-0.2.0+computecanada grpcio-1.38.0+computecanada h5py-2.10.0+computecanada importlib-metadata-4.10.1+computecanada keras-preprocessing-1.1.2+computecanada markdown-3.3.6+computecanada oauthlib-3.1.1+computecanada opt-einsum-3.3.0+computecanada pyasn1-0.4.8+computecanada pyasn1-modules-0.2.8+computecanada requests-oauthlib-1.3.0+computecanada rsa-4.8+computecanada scipy-1.4.1+computecanada tensorboard-2.8.0+computecanada tensorboard-data-server-0.6.1+computecanada tensorboard-plugin-wit-1.8.0+computecanada tensorflow-estimator-2.3.0+computecanada tensorflow-gpu-2.3.0+computecanada werkzeug-2.0.3+computecanada wrapt-1.11.2+computecanada zipp-3.7.0+computecanada
Looking in links: /cvmfs/soft.computecanada.ca/custom/python/wheelhouse/nix/avx2, /cvmfs/soft.computecanada.ca/custom/python/wheelhouse/nix/generic, /cvmfs/soft.computecanada.ca/custom/python/wheelhouse/generic
Processing /cvmfs/soft.computecanada.ca/custom/python/wheelhouse/generic/keras-2.8.0+computecanada-py2.py3-none-any.whl
Installing collected packages: Keras
Successfully installed Keras-2.8.0+computecanada
Looking in links: /cvmfs/soft.computecanada.ca/custom/python/wheelhouse/nix/avx2, /cvmfs/soft.computecanada.ca/custom/python/wheelhouse/nix/generic, /cvmfs/soft.computecanada.ca/custom/python/wheelhouse/generic
Processing /cvmfs/soft.computecanada.ca/custom/python/wheelhouse/generic/urllib3-1.26.7+computecanada-py2.py3-none-any.whl
Installing collected packages: urllib3
  Attempting uninstall: urllib3
    Found existing installation: urllib3 1.26.8+computecanada
    Uninstalling urllib3-1.26.8+computecanada:
      Successfully uninstalled urllib3-1.26.8+computecanada
Successfully installed urllib3-1.26.7+computecanada
Looking in links: /cvmfs/soft.computecanada.ca/custom/python/wheelhouse/nix/avx2, /cvmfs/soft.computecanada.ca/custom/python/wheelhouse/nix/generic, /cvmfs/soft.computecanada.ca/custom/python/wheelhouse/generic
Processing /cvmfs/soft.computecanada.ca/custom/python/wheelhouse/generic/nltk-3.7+computecanada-py3-none-any.whl
Requirement already satisfied: tqdm in /localscratch/yinan.28079831.0/env/lib/python3.7/site-packages (from nltk) (4.62.3+computecanada)
Requirement already satisfied: click in /localscratch/yinan.28079831.0/env/lib/python3.7/site-packages (from nltk) (8.0.3+computecanada)
Processing /cvmfs/soft.computecanada.ca/custom/python/wheelhouse/generic/nltk-3.6.5+computecanada-py3-none-any.whl
Processing /cvmfs/soft.computecanada.ca/custom/python/wheelhouse/generic/nltk-3.6.3+computecanada-py3-none-any.whl
Requirement already satisfied: regex in /localscratch/yinan.28079831.0/env/lib/python3.7/site-packages (from nltk) (2020.11.13+computecanada)
Requirement already satisfied: joblib in /localscratch/yinan.28079831.0/env/lib/python3.7/site-packages (from nltk) (1.1.0+computecanada)
Requirement already satisfied: importlib-metadata in /localscratch/yinan.28079831.0/env/lib/python3.7/site-packages (from click->nltk) (4.10.1+computecanada)
Requirement already satisfied: zipp>=0.5 in /localscratch/yinan.28079831.0/env/lib/python3.7/site-packages (from importlib-metadata->click->nltk) (3.7.0+computecanada)
Requirement already satisfied: typing-extensions>=3.6.4 in /localscratch/yinan.28079831.0/env/lib/python3.7/site-packages (from importlib-metadata->click->nltk) (4.0.1+computecanada)
Installing collected packages: nltk
Successfully installed nltk-3.6.3+computecanada
Looking in links: /cvmfs/soft.computecanada.ca/custom/python/wheelhouse/nix/avx2, /cvmfs/soft.computecanada.ca/custom/python/wheelhouse/nix/generic, /cvmfs/soft.computecanada.ca/custom/python/wheelhouse/generic
Processing /cvmfs/soft.computecanada.ca/custom/python/wheelhouse/generic/scikit_learn-0.22.1+computecanada-cp37-cp37m-linux_x86_64.whl
Requirement already satisfied: joblib>=0.11 in /localscratch/yinan.28079831.0/env/lib/python3.7/site-packages (from scikit-learn==0.22.1) (1.1.0+computecanada)
Requirement already satisfied: numpy>=1.11.0 in /cvmfs/soft.computecanada.ca/easybuild/software/2017/Core/scipy-stack/2019a/lib/python3.7/site-packages (from scikit-learn==0.22.1) (1.16.0)
Requirement already satisfied: scipy>=0.17.0 in /localscratch/yinan.28079831.0/env/lib/python3.7/site-packages (from scikit-learn==0.22.1) (1.4.1+computecanada)
Installing collected packages: scikit-learn
Successfully installed scikit-learn-0.22.1+computecanada
Looking in links: /cvmfs/soft.computecanada.ca/custom/python/wheelhouse/nix/avx2, /cvmfs/soft.computecanada.ca/custom/python/wheelhouse/nix/generic, /cvmfs/soft.computecanada.ca/custom/python/wheelhouse/generic
Requirement already satisfied: tokenizers==0.5.2 in /localscratch/yinan.28079831.0/env/lib/python3.7/site-packages (0.5.2+computecanada)
wandb: Appending key for api.wandb.ai to your netrc file: /home/yinan/.netrc
Starting Task
2022-03-01 02:57:06.928448: I tensorflow/stream_executor/platform/default/dso_loader.cc:48] Successfully opened dynamic library libcudart.so.10.1
[nltk_data] Downloading package stopwords to /home/yinan/nltk_data...
[nltk_data]   Package stopwords is already up-to-date!
[nltk_data] Downloading package wordnet to /home/yinan/nltk_data...
[nltk_data]   Package wordnet is already up-to-date!
wandb: Currently logged in as: yinanazhou (use `wandb login --relogin` to force relogin)
wandb: wandb version 0.12.10 is available!  To upgrade, please run:
wandb:  $ pip install wandb --upgrade
2022-03-01 02:57:15.661130: I tensorflow/stream_executor/platform/default/dso_loader.cc:48] Successfully opened dynamic library libcudart.so.10.1
wandb: Tracking run with wandb version 0.12.5
wandb: Syncing run kind-sea-1
wandb: â­ï¸ View project at https://wandb.ai/yinanazhou/xl_512_bs_8_lr_1e06_es_30_lc_True_nr_True_stem_False_lemma_False_repeat_1_fold_1
wandb: ðŸš€ View run at https://wandb.ai/yinanazhou/xl_512_bs_8_lr_1e06_es_30_lc_True_nr_True_stem_False_lemma_False_repeat_1_fold_1/runs/3jd4t773
wandb: Run data is saved locally in /project/6002780/yinan/Thesis_MER_Lyrics/lyric-emotion/wandb/run-20220301_025713-3jd4t773
wandb: Run `wandb offline` to turn off syncing.

Validation loss decreased (inf --> 1.379520).  Saving model ...
Validation loss decreased (1.379520 --> 1.334153).  Saving model ...
Validation loss decreased (1.334153 --> 1.317949).  Saving model ...
Validation loss decreased (1.317949 --> 1.287239).  Saving model ...
Validation loss decreased (1.287239 --> 1.270908).  Saving model ...
Validation loss decreased (1.270908 --> 1.246456).  Saving model ...
Validation loss decreased (1.246456 --> 1.235905).  Saving model ...
Validation loss decreased (1.235905 --> 1.223780).  Saving model ...
Validation loss decreased (1.223780 --> 1.193636).  Saving model ...
Validation loss decreased (1.193636 --> 1.186299).  Saving model ...
Validation loss decreased (1.186299 --> 1.151984).  Saving model ...
Validation loss decreased (1.151984 --> 1.144379).  Saving model ...
Validation loss decreased (1.144379 --> 1.114877).  Saving model ...
Validation loss decreased (1.114877 --> 1.088168).  Saving model ...
Validation loss decreased (1.088168 --> 1.049818).  Saving model ...
EarlyStopping counter: 1 out of 30.0
EarlyStopping counter: 2 out of 30.0
EarlyStopping counter: 3 out of 30.0
Validation loss decreased (1.049818 --> 1.024965).  Saving model ...
EarlyStopping counter: 1 out of 30.0
EarlyStopping counter: 2 out of 30.0
EarlyStopping counter: 3 out of 30.0
EarlyStopping counter: 4 out of 30.0
EarlyStopping counter: 5 out of 30.0
EarlyStopping counter: 6 out of 30.0
EarlyStopping counter: 7 out of 30.0
EarlyStopping counter: 8 out of 30.0
EarlyStopping counter: 9 out of 30.0
EarlyStopping counter: 10 out of 30.0
EarlyStopping counter: 11 out of 30.0
EarlyStopping counter: 12 out of 30.0
EarlyStopping counter: 13 out of 30.0
Validation loss decreased (1.024965 --> 1.018244).  Saving model ...
EarlyStopping counter: 1 out of 30.0
EarlyStopping counter: 2 out of 30.0
EarlyStopping counter: 3 out of 30.0
EarlyStopping counter: 4 out of 30.0
EarlyStopping counter: 5 out of 30.0
EarlyStopping counter: 6 out of 30.0
EarlyStopping counter: 7 out of 30.0
EarlyStopping counter: 8 out of 30.0
EarlyStopping counter: 9 out of 30.0
EarlyStopping counter: 10 out of 30.0
EarlyStopping counter: 11 out of 30.0
EarlyStopping counter: 12 out of 30.0
EarlyStopping counter: 13 out of 30.0
EarlyStopping counter: 14 out of 30.0
EarlyStopping counter: 15 out of 30.0
EarlyStopping counter: 16 out of 30.0
EarlyStopping counter: 17 out of 30.0
EarlyStopping counter: 18 out of 30.0
EarlyStopping counter: 19 out of 30.0
EarlyStopping counter: 20 out of 30.0
EarlyStopping counter: 21 out of 30.0
EarlyStopping counter: 22 out of 30.0
EarlyStopping counter: 23 out of 30.0
EarlyStopping counter: 24 out of 30.0
EarlyStopping counter: 25 out of 30.0
EarlyStopping counter: 26 out of 30.0
EarlyStopping counter: 27 out of 30.0
EarlyStopping counter: 28 out of 30.0
EarlyStopping counter: 29 out of 30.0
EarlyStopping counter: 30 out of 30.0
/localscratch/yinan.28079831.0/env/lib/python3.7/site-packages/torch/nn/functional.py:1794: UserWarning: nn.functional.tanh is deprecated. Use torch.tanh instead.
  warnings.warn("nn.functional.tanh is deprecated. Use torch.tanh instead.")
/localscratch/yinan.28079831.0/env/lib/python3.7/site-packages/transformers/optimization.py:155: UserWarning: This overload of add_ is deprecated:
	add_(Number alpha, Tensor other)
Consider using one of the following signatures instead:
	add_(Tensor other, *, Number alpha) (Triggered internally at  ../torch/csrc/utils/python_arg_parser.cpp:1025.)
  exp_avg.mul_(beta1).add_(1.0 - beta1, grad)
wandb: Waiting for W&B process to finish, PID 216067... (success).
wandb: - 0.00MB of 0.00MB uploaded (0.00MB deduped)wandb: \ 0.00MB of 0.00MB uploaded (0.00MB deduped)wandb: | 0.00MB of 0.00MB uploaded (0.00MB deduped)wandb: / 0.00MB of 0.00MB uploaded (0.00MB deduped)wandb: - 0.00MB of 0.00MB uploaded (0.00MB deduped)wandb:                                                                                
wandb: Run history:
wandb:     e_F1 â–â–„â–„â–…â–…â–…â–…â–†â–†â–‡â–†â–‡â–‡â–‡â–†â–†â–‡â–‡â–‡â–‡â–‡â–‡â–ˆâ–‡â–ˆâ–ˆâ–ˆâ–ˆâ–ˆâ–ˆâ–ˆâ–ˆâ–ˆâ–ˆâ–ˆâ–ˆâ–ˆâ–ˆâ–ˆâ–ˆ
wandb:   e_loss â–ˆâ–‡â–†â–†â–…â–…â–„â–ƒâ–ƒâ–â–ƒâ–‚â–â–â–‚â–‚â–‚â–â–‚â–â–‚â–‚â–‚â–‚â–‚â–‚â–ƒâ–‚â–ƒâ–„â–„â–„â–…â–…â–…â–†â–†â–‡â–‡â–ˆ
wandb:     t_F1 â–â–‚â–‚â–ƒâ–„â–ƒâ–„â–„â–„â–…â–…â–…â–…â–†â–†â–†â–†â–†â–†â–‡â–‡â–‡â–‡â–‡â–‡â–‡â–‡â–‡â–ˆâ–ˆâ–ˆâ–ˆâ–ˆâ–ˆâ–ˆâ–ˆâ–ˆâ–ˆâ–ˆâ–ˆ
wandb:   t_loss â–ˆâ–ˆâ–‡â–‡â–‡â–‡â–†â–†â–†â–…â–…â–…â–…â–„â–„â–„â–„â–„â–ƒâ–ƒâ–ƒâ–ƒâ–ƒâ–ƒâ–‚â–‚â–‚â–‚â–‚â–‚â–‚â–‚â–â–â–â–â–â–â–â–
wandb: 
wandb: Run summary:
wandb:     e_F1 59.0372
wandb:   e_loss 1.37239
wandb:     t_F1 99.78632
wandb:   t_loss 0.07736
wandb: 
wandb: Synced 4 W&B file(s), 0 media file(s), 0 artifact file(s) and 0 other file(s)
wandb: Synced kind-sea-1: https://wandb.ai/yinanazhou/xl_512_bs_8_lr_1e06_es_30_lc_True_nr_True_stem_False_lemma_False_repeat_1_fold_1/runs/3jd4t773
wandb: Find logs at: ./wandb/run-20220301_025713-3jd4t773/logs/debug.log
wandb: 

wandb: wandb version 0.12.10 is available!  To upgrade, please run:
wandb:  $ pip install wandb --upgrade
2022-03-01 03:55:34.667809: I tensorflow/stream_executor/platform/default/dso_loader.cc:48] Successfully opened dynamic library libcudart.so.10.1
wandb: Tracking run with wandb version 0.12.5
wandb: Syncing run rural-yogurt-1
wandb: â­ï¸ View project at https://wandb.ai/yinanazhou/xl_512_bs_8_lr_1e06_es_30_lc_True_nr_True_stem_False_lemma_False_repeat_1_fold_2
wandb: ðŸš€ View run at https://wandb.ai/yinanazhou/xl_512_bs_8_lr_1e06_es_30_lc_True_nr_True_stem_False_lemma_False_repeat_1_fold_2/runs/281rjbh4
wandb: Run data is saved locally in /project/6002780/yinan/Thesis_MER_Lyrics/lyric-emotion/wandb/run-20220301_035531-281rjbh4
wandb: Run `wandb offline` to turn off syncing.

Validation loss decreased (inf --> 1.375459).  Saving model ...
Validation loss decreased (1.375459 --> 1.359654).  Saving model ...
Validation loss decreased (1.359654 --> 1.345098).  Saving model ...
Validation loss decreased (1.345098 --> 1.322699).  Saving model ...
Validation loss decreased (1.322699 --> 1.294418).  Saving model ...
Validation loss decreased (1.294418 --> 1.268006).  Saving model ...
Validation loss decreased (1.268006 --> 1.238542).  Saving model ...
Validation loss decreased (1.238542 --> 1.206068).  Saving model ...
Validation loss decreased (1.206068 --> 1.185170).  Saving model ...
Validation loss decreased (1.185170 --> 1.150451).  Saving model ...
Validation loss decreased (1.150451 --> 1.124378).  Saving model ...
Validation loss decreased (1.124378 --> 1.098236).  Saving model ...
Validation loss decreased (1.098236 --> 1.062685).  Saving model ...
Validation loss decreased (1.062685 --> 1.042347).  Saving model ...
Validation loss decreased (1.042347 --> 1.022824).  Saving model ...
Validation loss decreased (1.022824 --> 1.004975).  Saving model ...
Validation loss decreased (1.004975 --> 0.984663).  Saving model ...
Validation loss decreased (0.984663 --> 0.976234).  Saving model ...
Validation loss decreased (0.976234 --> 0.964723).  Saving model ...
Validation loss decreased (0.964723 --> 0.943976).  Saving model ...
EarlyStopping counter: 1 out of 30.0
Validation loss decreased (0.943976 --> 0.937256).  Saving model ...
EarlyStopping counter: 1 out of 30.0
EarlyStopping counter: 2 out of 30.0
EarlyStopping counter: 3 out of 30.0
EarlyStopping counter: 4 out of 30.0
EarlyStopping counter: 5 out of 30.0
Validation loss decreased (0.937256 --> 0.929006).  Saving model ...
EarlyStopping counter: 1 out of 30.0
EarlyStopping counter: 2 out of 30.0
EarlyStopping counter: 3 out of 30.0
EarlyStopping counter: 4 out of 30.0
EarlyStopping counter: 5 out of 30.0
EarlyStopping counter: 6 out of 30.0
EarlyStopping counter: 7 out of 30.0
EarlyStopping counter: 8 out of 30.0
EarlyStopping counter: 9 out of 30.0
EarlyStopping counter: 10 out of 30.0
EarlyStopping counter: 11 out of 30.0
EarlyStopping counter: 12 out of 30.0
EarlyStopping counter: 13 out of 30.0
EarlyStopping counter: 14 out of 30.0
EarlyStopping counter: 15 out of 30.0
EarlyStopping counter: 16 out of 30.0
EarlyStopping counter: 17 out of 30.0
EarlyStopping counter: 18 out of 30.0
EarlyStopping counter: 19 out of 30.0
EarlyStopping counter: 20 out of 30.0
EarlyStopping counter: 21 out of 30.0
EarlyStopping counter: 22 out of 30.0
EarlyStopping counter: 23 out of 30.0
EarlyStopping counter: 24 out of 30.0
EarlyStopping counter: 25 out of 30.0
EarlyStopping counter: 26 out of 30.0
EarlyStopping counter: 27 out of 30.0
EarlyStopping counter: 28 out of 30.0
EarlyStopping counter: 29 out of 30.0
EarlyStopping counter: 30 out of 30.0
/localscratch/yinan.28079831.0/env/lib/python3.7/site-packages/torch/nn/functional.py:1794: UserWarning: nn.functional.tanh is deprecated. Use torch.tanh instead.
  warnings.warn("nn.functional.tanh is deprecated. Use torch.tanh instead.")
wandb: Waiting for W&B process to finish, PID 219239... (success).
wandb: - 0.00MB of 0.00MB uploaded (0.00MB deduped)wandb: \ 0.00MB of 0.00MB uploaded (0.00MB deduped)wandb: | 0.00MB of 0.00MB uploaded (0.00MB deduped)wandb: / 0.00MB of 0.00MB uploaded (0.00MB deduped)wandb: - 0.00MB of 0.00MB uploaded (0.00MB deduped)wandb:                                                                                
wandb: Run history:
wandb:     e_F1 â–â–‚â–ƒâ–…â–…â–†â–†â–‡â–‡â–‡â–‡â–‡â–‡â–ˆâ–‡â–ˆâ–‡â–ˆâ–ˆâ–ˆâ–ˆâ–‡â–‡â–‡â–ˆâ–ˆâ–ˆâ–ˆâ–ˆâ–ˆâ–ˆâ–ˆâ–ˆâ–ˆâ–ˆâ–ˆâ–ˆâ–ˆâ–‡â–ˆ
wandb:   e_loss â–ˆâ–ˆâ–ˆâ–‡â–†â–…â–…â–„â–„â–ƒâ–‚â–‚â–‚â–â–â–â–â–â–â–â–â–‚â–‚â–‚â–‚â–‚â–‚â–‚â–ƒâ–ƒâ–ƒâ–ƒâ–ƒâ–„â–„â–…â–…â–…â–…â–…
wandb:     t_F1 â–â–â–‚â–‚â–‚â–ƒâ–ƒâ–ƒâ–„â–„â–„â–…â–…â–…â–†â–†â–†â–†â–†â–†â–†â–†â–‡â–‡â–‡â–‡â–‡â–‡â–‡â–‡â–ˆâ–ˆâ–ˆâ–ˆâ–ˆâ–ˆâ–ˆâ–ˆâ–ˆâ–ˆ
wandb:   t_loss â–ˆâ–ˆâ–ˆâ–ˆâ–ˆâ–‡â–‡â–‡â–†â–†â–†â–…â–…â–…â–…â–„â–„â–„â–„â–„â–ƒâ–ƒâ–ƒâ–ƒâ–ƒâ–ƒâ–‚â–‚â–‚â–‚â–‚â–‚â–‚â–‚â–â–â–â–â–â–
wandb: 
wandb: Run summary:
wandb:     e_F1 60.22842
wandb:   e_loss 1.2025
wandb:     t_F1 99.36772
wandb:   t_loss 0.09536
wandb: 
wandb: Synced 4 W&B file(s), 0 media file(s), 0 artifact file(s) and 0 other file(s)
wandb: Synced rural-yogurt-1: https://wandb.ai/yinanazhou/xl_512_bs_8_lr_1e06_es_30_lc_True_nr_True_stem_False_lemma_False_repeat_1_fold_2/runs/281rjbh4
wandb: Find logs at: ./wandb/run-20220301_035531-281rjbh4/logs/debug.log
wandb: 

wandb: wandb version 0.12.10 is available!  To upgrade, please run:
wandb:  $ pip install wandb --upgrade
2022-03-01 04:49:22.915028: I tensorflow/stream_executor/platform/default/dso_loader.cc:48] Successfully opened dynamic library libcudart.so.10.1
wandb: Tracking run with wandb version 0.12.5
wandb: Syncing run drawn-water-1
wandb: â­ï¸ View project at https://wandb.ai/yinanazhou/xl_512_bs_8_lr_1e06_es_30_lc_True_nr_True_stem_False_lemma_False_repeat_2_fold_1
wandb: ðŸš€ View run at https://wandb.ai/yinanazhou/xl_512_bs_8_lr_1e06_es_30_lc_True_nr_True_stem_False_lemma_False_repeat_2_fold_1/runs/gpj25erb
wandb: Run data is saved locally in /project/6002780/yinan/Thesis_MER_Lyrics/lyric-emotion/wandb/run-20220301_044920-gpj25erb
wandb: Run `wandb offline` to turn off syncing.

Validation loss decreased (inf --> 1.392723).  Saving model ...
Validation loss decreased (1.392723 --> 1.358550).  Saving model ...
Validation loss decreased (1.358550 --> 1.338793).  Saving model ...
Validation loss decreased (1.338793 --> 1.318186).  Saving model ...
Validation loss decreased (1.318186 --> 1.299665).  Saving model ...
Validation loss decreased (1.299665 --> 1.276718).  Saving model ...
Validation loss decreased (1.276718 --> 1.247897).  Saving model ...
Validation loss decreased (1.247897 --> 1.223486).  Saving model ...
Validation loss decreased (1.223486 --> 1.202389).  Saving model ...
Validation loss decreased (1.202389 --> 1.160643).  Saving model ...
Validation loss decreased (1.160643 --> 1.130588).  Saving model ...
Validation loss decreased (1.130588 --> 1.106122).  Saving model ...
Validation loss decreased (1.106122 --> 1.087644).  Saving model ...
Validation loss decreased (1.087644 --> 1.070590).  Saving model ...
Validation loss decreased (1.070590 --> 1.062191).  Saving model ...
Validation loss decreased (1.062191 --> 1.051311).  Saving model ...
Validation loss decreased (1.051311 --> 1.022645).  Saving model ...
EarlyStopping counter: 1 out of 30.0
EarlyStopping counter: 2 out of 30.0
Validation loss decreased (1.022645 --> 1.005965).  Saving model ...
EarlyStopping counter: 1 out of 30.0
Validation loss decreased (1.005965 --> 0.988069).  Saving model ...
EarlyStopping counter: 1 out of 30.0
EarlyStopping counter: 2 out of 30.0
EarlyStopping counter: 3 out of 30.0
EarlyStopping counter: 4 out of 30.0
EarlyStopping counter: 5 out of 30.0
EarlyStopping counter: 6 out of 30.0
EarlyStopping counter: 7 out of 30.0
EarlyStopping counter: 8 out of 30.0
EarlyStopping counter: 9 out of 30.0
EarlyStopping counter: 10 out of 30.0
EarlyStopping counter: 11 out of 30.0
EarlyStopping counter: 12 out of 30.0
EarlyStopping counter: 13 out of 30.0
EarlyStopping counter: 14 out of 30.0
EarlyStopping counter: 15 out of 30.0
EarlyStopping counter: 16 out of 30.0
EarlyStopping counter: 17 out of 30.0
EarlyStopping counter: 18 out of 30.0
EarlyStopping counter: 19 out of 30.0
EarlyStopping counter: 20 out of 30.0
EarlyStopping counter: 21 out of 30.0
EarlyStopping counter: 22 out of 30.0
EarlyStopping counter: 23 out of 30.0
EarlyStopping counter: 24 out of 30.0
EarlyStopping counter: 25 out of 30.0
EarlyStopping counter: 26 out of 30.0
EarlyStopping counter: 27 out of 30.0
EarlyStopping counter: 28 out of 30.0
EarlyStopping counter: 29 out of 30.0
EarlyStopping counter: 30 out of 30.0
/localscratch/yinan.28079831.0/env/lib/python3.7/site-packages/torch/nn/functional.py:1794: UserWarning: nn.functional.tanh is deprecated. Use torch.tanh instead.
  warnings.warn("nn.functional.tanh is deprecated. Use torch.tanh instead.")
wandb: Waiting for W&B process to finish, PID 222179... (success).
wandb: - 0.00MB of 0.00MB uploaded (0.00MB deduped)wandb: \ 0.00MB of 0.00MB uploaded (0.00MB deduped)wandb: | 0.00MB of 0.00MB uploaded (0.00MB deduped)wandb: / 0.00MB of 0.00MB uploaded (0.00MB deduped)wandb: - 0.00MB of 0.00MB uploaded (0.00MB deduped)wandb: \ 0.00MB of 0.00MB uploaded (0.00MB deduped)wandb: | 0.00MB of 0.00MB uploaded (0.00MB deduped)wandb: / 0.00MB of 0.00MB uploaded (0.00MB deduped)wandb: - 0.00MB of 0.00MB uploaded (0.00MB deduped)wandb: \ 0.00MB of 0.00MB uploaded (0.00MB deduped)wandb: | 0.00MB of 0.00MB uploaded (0.00MB deduped)wandb: / 0.00MB of 0.00MB uploaded (0.00MB deduped)wandb: - 0.00MB of 0.00MB uploaded (0.00MB deduped)wandb: \ 0.00MB of 0.00MB uploaded (0.00MB deduped)wandb:                                                                                
wandb: Run history:
wandb:     e_F1 â–â–ƒâ–„â–„â–…â–†â–†â–†â–‡â–‡â–‡â–‡â–‡â–‡â–‡â–ˆâ–ˆâ–ˆâ–‡â–‡â–‡â–‡â–ˆâ–ˆâ–ˆâ–‡â–ˆâ–ˆâ–‡â–ˆâ–ˆâ–ˆâ–ˆâ–ˆâ–ˆâ–‡â–ˆâ–‡â–ˆâ–ˆ
wandb:   e_loss â–ˆâ–‡â–‡â–‡â–†â–…â–…â–„â–ƒâ–ƒâ–‚â–‚â–‚â–‚â–‚â–â–â–â–â–â–‚â–â–â–â–‚â–‚â–‚â–‚â–ƒâ–‚â–‚â–ƒâ–ƒâ–ƒâ–ƒâ–ƒâ–„â–„â–…â–…
wandb:     t_F1 â–â–‚â–‚â–‚â–ƒâ–ƒâ–ƒâ–„â–„â–„â–…â–…â–…â–†â–†â–†â–†â–†â–†â–†â–†â–†â–‡â–‡â–‡â–‡â–‡â–‡â–‡â–‡â–‡â–‡â–ˆâ–ˆâ–ˆâ–ˆâ–ˆâ–ˆâ–ˆâ–ˆ
wandb:   t_loss â–ˆâ–ˆâ–ˆâ–ˆâ–‡â–‡â–‡â–†â–†â–†â–…â–…â–…â–…â–…â–„â–„â–„â–„â–„â–ƒâ–ƒâ–ƒâ–ƒâ–ƒâ–ƒâ–‚â–‚â–‚â–‚â–‚â–‚â–‚â–‚â–â–â–â–â–â–
wandb: 
wandb: Run summary:
wandb:     e_F1 58.3183
wandb:   e_loss 1.21931
wandb:     t_F1 98.08147
wandb:   t_loss 0.16436
wandb: 
wandb: Synced 4 W&B file(s), 0 media file(s), 0 artifact file(s) and 0 other file(s)
wandb: Synced drawn-water-1: https://wandb.ai/yinanazhou/xl_512_bs_8_lr_1e06_es_30_lc_True_nr_True_stem_False_lemma_False_repeat_2_fold_1/runs/gpj25erb
wandb: Find logs at: ./wandb/run-20220301_044920-gpj25erb/logs/debug.log
wandb: 

wandb: wandb version 0.12.10 is available!  To upgrade, please run:
wandb:  $ pip install wandb --upgrade
2022-03-01 05:37:26.642783: I tensorflow/stream_executor/platform/default/dso_loader.cc:48] Successfully opened dynamic library libcudart.so.10.1
wandb: Tracking run with wandb version 0.12.5
wandb: Syncing run lively-pyramid-1
wandb: â­ï¸ View project at https://wandb.ai/yinanazhou/xl_512_bs_8_lr_1e06_es_30_lc_True_nr_True_stem_False_lemma_False_repeat_2_fold_2
wandb: ðŸš€ View run at https://wandb.ai/yinanazhou/xl_512_bs_8_lr_1e06_es_30_lc_True_nr_True_stem_False_lemma_False_repeat_2_fold_2/runs/o8erikte
wandb: Run data is saved locally in /project/6002780/yinan/Thesis_MER_Lyrics/lyric-emotion/wandb/run-20220301_053723-o8erikte
wandb: Run `wandb offline` to turn off syncing.

Validation loss decreased (inf --> 1.377902).  Saving model ...
Validation loss decreased (1.377902 --> 1.358065).  Saving model ...
Validation loss decreased (1.358065 --> 1.339489).  Saving model ...
Validation loss decreased (1.339489 --> 1.317709).  Saving model ...
Validation loss decreased (1.317709 --> 1.297220).  Saving model ...
Validation loss decreased (1.297220 --> 1.269278).  Saving model ...
Validation loss decreased (1.269278 --> 1.236395).  Saving model ...
Validation loss decreased (1.236395 --> 1.200011).  Saving model ...
Validation loss decreased (1.200011 --> 1.157241).  Saving model ...
Validation loss decreased (1.157241 --> 1.118680).  Saving model ...
Validation loss decreased (1.118680 --> 1.089884).  Saving model ...
Validation loss decreased (1.089884 --> 1.076192).  Saving model ...
Validation loss decreased (1.076192 --> 1.037603).  Saving model ...
Validation loss decreased (1.037603 --> 1.012033).  Saving model ...
Validation loss decreased (1.012033 --> 0.987476).  Saving model ...
Validation loss decreased (0.987476 --> 0.978227).  Saving model ...
Validation loss decreased (0.978227 --> 0.961244).  Saving model ...
Validation loss decreased (0.961244 --> 0.952059).  Saving model ...
Validation loss decreased (0.952059 --> 0.935647).  Saving model ...
Validation loss decreased (0.935647 --> 0.926771).  Saving model ...
EarlyStopping counter: 1 out of 30.0
Validation loss decreased (0.926771 --> 0.921654).  Saving model ...
EarlyStopping counter: 1 out of 30.0
Validation loss decreased (0.921654 --> 0.913914).  Saving model ...
EarlyStopping counter: 1 out of 30.0
EarlyStopping counter: 2 out of 30.0
EarlyStopping counter: 3 out of 30.0
EarlyStopping counter: 4 out of 30.0
EarlyStopping counter: 5 out of 30.0
EarlyStopping counter: 6 out of 30.0
EarlyStopping counter: 7 out of 30.0
EarlyStopping counter: 8 out of 30.0
EarlyStopping counter: 9 out of 30.0
EarlyStopping counter: 10 out of 30.0
EarlyStopping counter: 11 out of 30.0
EarlyStopping counter: 12 out of 30.0
EarlyStopping counter: 13 out of 30.0
EarlyStopping counter: 14 out of 30.0
EarlyStopping counter: 15 out of 30.0
EarlyStopping counter: 16 out of 30.0
EarlyStopping counter: 17 out of 30.0
EarlyStopping counter: 18 out of 30.0
EarlyStopping counter: 19 out of 30.0
EarlyStopping counter: 20 out of 30.0
EarlyStopping counter: 21 out of 30.0
EarlyStopping counter: 22 out of 30.0
EarlyStopping counter: 23 out of 30.0
EarlyStopping counter: 24 out of 30.0
EarlyStopping counter: 25 out of 30.0
EarlyStopping counter: 26 out of 30.0
EarlyStopping counter: 27 out of 30.0
EarlyStopping counter: 28 out of 30.0
EarlyStopping counter: 29 out of 30.0
EarlyStopping counter: 30 out of 30.0
/localscratch/yinan.28079831.0/env/lib/python3.7/site-packages/torch/nn/functional.py:1794: UserWarning: nn.functional.tanh is deprecated. Use torch.tanh instead.
  warnings.warn("nn.functional.tanh is deprecated. Use torch.tanh instead.")
wandb: Waiting for W&B process to finish, PID 224782... (success).
wandb: - 0.00MB of 0.00MB uploaded (0.00MB deduped)wandb: \ 0.00MB of 0.00MB uploaded (0.00MB deduped)wandb: | 0.00MB of 0.00MB uploaded (0.00MB deduped)wandb: / 0.00MB of 0.00MB uploaded (0.00MB deduped)wandb: - 0.00MB of 0.00MB uploaded (0.00MB deduped)wandb: \ 0.00MB of 0.00MB uploaded (0.00MB deduped)wandb: | 0.00MB of 0.00MB uploaded (0.00MB deduped)wandb: / 0.00MB of 0.00MB uploaded (0.00MB deduped)wandb: - 0.00MB of 0.00MB uploaded (0.00MB deduped)wandb: \ 0.00MB of 0.00MB uploaded (0.00MB deduped)wandb: | 0.00MB of 0.00MB uploaded (0.00MB deduped)wandb: / 0.00MB of 0.00MB uploaded (0.00MB deduped)wandb:                                                                                
wandb: Run history:
wandb:     e_F1 â–â–‚â–ƒâ–ƒâ–„â–…â–…â–†â–†â–†â–‡â–‡â–‡â–‡â–ˆâ–ˆâ–ˆâ–ˆâ–ˆâ–ˆâ–ˆâ–ˆâ–ˆâ–ˆâ–ˆâ–ˆâ–ˆâ–ˆâ–ˆâ–ˆâ–ˆâ–‡â–‡â–‡â–‡â–‡â–‡â–‡â–‡â–‡
wandb:   e_loss â–ˆâ–ˆâ–‡â–‡â–†â–†â–…â–„â–„â–ƒâ–‚â–‚â–‚â–‚â–â–â–â–â–â–â–â–â–â–‚â–‚â–‚â–‚â–ƒâ–ƒâ–ƒâ–ƒâ–„â–„â–„â–…â–…â–…â–…â–…â–†
wandb:     t_F1 â–â–‚â–â–‚â–ƒâ–ƒâ–ƒâ–„â–„â–„â–…â–…â–…â–…â–†â–†â–†â–†â–†â–†â–‡â–‡â–‡â–‡â–‡â–‡â–‡â–‡â–ˆâ–ˆâ–ˆâ–ˆâ–ˆâ–ˆâ–ˆâ–ˆâ–ˆâ–ˆâ–ˆâ–ˆ
wandb:   t_loss â–ˆâ–ˆâ–ˆâ–ˆâ–‡â–‡â–‡â–†â–†â–†â–†â–…â–…â–…â–„â–„â–„â–„â–„â–„â–ƒâ–ƒâ–ƒâ–ƒâ–ƒâ–ƒâ–‚â–‚â–‚â–‚â–‚â–‚â–‚â–‚â–â–â–â–â–â–
wandb: 
wandb: Run summary:
wandb:     e_F1 60.05866
wandb:   e_loss 1.24618
wandb:     t_F1 98.9493
wandb:   t_loss 0.10453
wandb: 
wandb: Synced 4 W&B file(s), 0 media file(s), 0 artifact file(s) and 0 other file(s)
wandb: Synced lively-pyramid-1: https://wandb.ai/yinanazhou/xl_512_bs_8_lr_1e06_es_30_lc_True_nr_True_stem_False_lemma_False_repeat_2_fold_2/runs/o8erikte
wandb: Find logs at: ./wandb/run-20220301_053723-o8erikte/logs/debug.log
wandb: 

wandb: wandb version 0.12.10 is available!  To upgrade, please run:
wandb:  $ pip install wandb --upgrade
2022-03-01 06:27:30.294092: I tensorflow/stream_executor/platform/default/dso_loader.cc:48] Successfully opened dynamic library libcudart.so.10.1
wandb: Tracking run with wandb version 0.12.5
wandb: Syncing run distinctive-eon-1
wandb: â­ï¸ View project at https://wandb.ai/yinanazhou/xl_512_bs_8_lr_1e06_es_30_lc_True_nr_True_stem_False_lemma_False_repeat_3_fold_1
wandb: ðŸš€ View run at https://wandb.ai/yinanazhou/xl_512_bs_8_lr_1e06_es_30_lc_True_nr_True_stem_False_lemma_False_repeat_3_fold_1/runs/2nsympul
wandb: Run data is saved locally in /project/6002780/yinan/Thesis_MER_Lyrics/lyric-emotion/wandb/run-20220301_062727-2nsympul
wandb: Run `wandb offline` to turn off syncing.

Validation loss decreased (inf --> 1.380618).  Saving model ...
Validation loss decreased (1.380618 --> 1.358767).  Saving model ...
Validation loss decreased (1.358767 --> 1.343800).  Saving model ...
Validation loss decreased (1.343800 --> 1.326113).  Saving model ...
Validation loss decreased (1.326113 --> 1.305331).  Saving model ...
Validation loss decreased (1.305331 --> 1.281807).  Saving model ...
Validation loss decreased (1.281807 --> 1.249265).  Saving model ...
Validation loss decreased (1.249265 --> 1.207965).  Saving model ...
Validation loss decreased (1.207965 --> 1.178827).  Saving model ...
Validation loss decreased (1.178827 --> 1.144194).  Saving model ...
Validation loss decreased (1.144194 --> 1.104581).  Saving model ...
Validation loss decreased (1.104581 --> 1.069309).  Saving model ...
Validation loss decreased (1.069309 --> 1.055866).  Saving model ...
Validation loss decreased (1.055866 --> 1.038105).  Saving model ...
Validation loss decreased (1.038105 --> 1.013512).  Saving model ...
Validation loss decreased (1.013512 --> 0.991195).  Saving model ...
Validation loss decreased (0.991195 --> 0.988323).  Saving model ...
Validation loss decreased (0.988323 --> 0.964229).  Saving model ...
EarlyStopping counter: 1 out of 30.0
Validation loss decreased (0.964229 --> 0.954526).  Saving model ...
Validation loss decreased (0.954526 --> 0.944887).  Saving model ...
Validation loss decreased (0.944887 --> 0.936874).  Saving model ...
Validation loss decreased (0.936874 --> 0.931504).  Saving model ...
EarlyStopping counter: 1 out of 30.0
Validation loss decreased (0.931504 --> 0.927418).  Saving model ...
Validation loss decreased (0.927418 --> 0.913295).  Saving model ...
EarlyStopping counter: 1 out of 30.0
EarlyStopping counter: 2 out of 30.0
EarlyStopping counter: 3 out of 30.0
EarlyStopping counter: 4 out of 30.0
EarlyStopping counter: 5 out of 30.0
EarlyStopping counter: 6 out of 30.0
EarlyStopping counter: 7 out of 30.0
EarlyStopping counter: 8 out of 30.0
EarlyStopping counter: 9 out of 30.0
EarlyStopping counter: 10 out of 30.0
EarlyStopping counter: 11 out of 30.0
EarlyStopping counter: 12 out of 30.0
EarlyStopping counter: 13 out of 30.0
EarlyStopping counter: 14 out of 30.0
EarlyStopping counter: 15 out of 30.0
EarlyStopping counter: 16 out of 30.0
EarlyStopping counter: 17 out of 30.0
EarlyStopping counter: 18 out of 30.0
EarlyStopping counter: 19 out of 30.0
EarlyStopping counter: 20 out of 30.0
EarlyStopping counter: 21 out of 30.0
EarlyStopping counter: 22 out of 30.0
EarlyStopping counter: 23 out of 30.0
EarlyStopping counter: 24 out of 30.0
EarlyStopping counter: 25 out of 30.0
EarlyStopping counter: 26 out of 30.0
EarlyStopping counter: 27 out of 30.0
EarlyStopping counter: 28 out of 30.0
EarlyStopping counter: 29 out of 30.0
EarlyStopping counter: 30 out of 30.0
/localscratch/yinan.28079831.0/env/lib/python3.7/site-packages/torch/nn/functional.py:1794: UserWarning: nn.functional.tanh is deprecated. Use torch.tanh instead.
  warnings.warn("nn.functional.tanh is deprecated. Use torch.tanh instead.")
wandb: Waiting for W&B process to finish, PID 227513... (success).
wandb: - 0.00MB of 0.00MB uploaded (0.00MB deduped)wandb: \ 0.00MB of 0.00MB uploaded (0.00MB deduped)wandb: | 0.00MB of 0.00MB uploaded (0.00MB deduped)wandb: / 0.00MB of 0.00MB uploaded (0.00MB deduped)wandb: - 0.00MB of 0.00MB uploaded (0.00MB deduped)wandb: \ 0.00MB of 0.00MB uploaded (0.00MB deduped)wandb: | 0.00MB of 0.00MB uploaded (0.00MB deduped)wandb: / 0.00MB of 0.00MB uploaded (0.00MB deduped)wandb: - 0.00MB of 0.00MB uploaded (0.00MB deduped)wandb: \ 0.00MB of 0.00MB uploaded (0.00MB deduped)wandb: | 0.00MB of 0.00MB uploaded (0.00MB deduped)wandb: / 0.00MB of 0.00MB uploaded (0.00MB deduped)wandb: - 0.00MB of 0.00MB uploaded (0.00MB deduped)wandb:                                                                                
wandb: Run history:
wandb:     e_F1 â–â–â–‚â–ƒâ–„â–†â–†â–†â–†â–‡â–‡â–‡â–‡â–‡â–‡â–ˆâ–ˆâ–‡â–ˆâ–ˆâ–ˆâ–ˆâ–ˆâ–ˆâ–ˆâ–ˆâ–ˆâ–ˆâ–ˆâ–ˆâ–ˆâ–ˆâ–ˆâ–ˆâ–ˆâ–ˆâ–ˆâ–ˆâ–ˆâ–ˆ
wandb:   e_loss â–ˆâ–ˆâ–‡â–‡â–‡â–…â–…â–„â–ƒâ–ƒâ–ƒâ–‚â–‚â–‚â–‚â–â–â–â–â–â–â–â–â–â–â–‚â–‚â–‚â–‚â–‚â–ƒâ–ƒâ–ƒâ–ƒâ–„â–„â–„â–…â–…â–…
wandb:     t_F1 â–â–‚â–‚â–‚â–ƒâ–ƒâ–„â–„â–…â–…â–…â–…â–…â–†â–†â–†â–†â–†â–‡â–‡â–‡â–‡â–‡â–‡â–‡â–‡â–‡â–ˆâ–ˆâ–ˆâ–ˆâ–ˆâ–ˆâ–ˆâ–ˆâ–ˆâ–ˆâ–ˆâ–ˆâ–ˆ
wandb:   t_loss â–ˆâ–ˆâ–ˆâ–‡â–‡â–‡â–‡â–†â–†â–†â–…â–…â–…â–…â–„â–„â–„â–„â–„â–ƒâ–ƒâ–ƒâ–ƒâ–ƒâ–ƒâ–‚â–‚â–‚â–‚â–‚â–‚â–‚â–â–â–â–â–â–â–â–
wandb: 
wandb: Run summary:
wandb:     e_F1 61.79776
wandb:   e_loss 1.18087
wandb:     t_F1 99.36338
wandb:   t_loss 0.08099
wandb: 
wandb: Synced 4 W&B file(s), 0 media file(s), 0 artifact file(s) and 0 other file(s)
wandb: Synced distinctive-eon-1: https://wandb.ai/yinanazhou/xl_512_bs_8_lr_1e06_es_30_lc_True_nr_True_stem_False_lemma_False_repeat_3_fold_1/runs/2nsympul
wandb: Find logs at: ./wandb/run-20220301_062727-2nsympul/logs/debug.log
wandb: 

wandb: wandb version 0.12.10 is available!  To upgrade, please run:
wandb:  $ pip install wandb --upgrade
2022-03-01 07:19:17.967184: I tensorflow/stream_executor/platform/default/dso_loader.cc:48] Successfully opened dynamic library libcudart.so.10.1
wandb: Tracking run with wandb version 0.12.5
wandb: Syncing run astral-grass-1
wandb: â­ï¸ View project at https://wandb.ai/yinanazhou/xl_512_bs_8_lr_1e06_es_30_lc_True_nr_True_stem_False_lemma_False_repeat_3_fold_2
wandb: ðŸš€ View run at https://wandb.ai/yinanazhou/xl_512_bs_8_lr_1e06_es_30_lc_True_nr_True_stem_False_lemma_False_repeat_3_fold_2/runs/28voosyo
wandb: Run data is saved locally in /project/6002780/yinan/Thesis_MER_Lyrics/lyric-emotion/wandb/run-20220301_071915-28voosyo
wandb: Run `wandb offline` to turn off syncing.

Validation loss decreased (inf --> 1.385929).  Saving model ...
Validation loss decreased (1.385929 --> 1.373839).  Saving model ...
Validation loss decreased (1.373839 --> 1.361503).  Saving model ...
Validation loss decreased (1.361503 --> 1.349650).  Saving model ...
Validation loss decreased (1.349650 --> 1.331199).  Saving model ...
Validation loss decreased (1.331199 --> 1.305769).  Saving model ...
Validation loss decreased (1.305769 --> 1.276986).  Saving model ...
Validation loss decreased (1.276986 --> 1.238159).  Saving model ...
Validation loss decreased (1.238159 --> 1.199822).  Saving model ...
Validation loss decreased (1.199822 --> 1.156152).  Saving model ...
Validation loss decreased (1.156152 --> 1.113769).  Saving model ...
Validation loss decreased (1.113769 --> 1.078751).  Saving model ...
Validation loss decreased (1.078751 --> 1.048267).  Saving model ...
Validation loss decreased (1.048267 --> 1.019633).  Saving model ...
Validation loss decreased (1.019633 --> 1.000820).  Saving model ...
Validation loss decreased (1.000820 --> 0.984406).  Saving model ...
Validation loss decreased (0.984406 --> 0.960814).  Saving model ...
Validation loss decreased (0.960814 --> 0.953056).  Saving model ...
Validation loss decreased (0.953056 --> 0.934266).  Saving model ...
Validation loss decreased (0.934266 --> 0.921972).  Saving model ...
Validation loss decreased (0.921972 --> 0.911438).  Saving model ...
EarlyStopping counter: 1 out of 30.0
Validation loss decreased (0.911438 --> 0.910986).  Saving model ...
Validation loss decreased (0.910986 --> 0.910888).  Saving model ...
Validation loss decreased (0.910888 --> 0.903894).  Saving model ...
EarlyStopping counter: 1 out of 30.0
EarlyStopping counter: 2 out of 30.0
EarlyStopping counter: 3 out of 30.0
EarlyStopping counter: 4 out of 30.0
EarlyStopping counter: 5 out of 30.0
EarlyStopping counter: 6 out of 30.0
EarlyStopping counter: 7 out of 30.0
EarlyStopping counter: 8 out of 30.0
EarlyStopping counter: 9 out of 30.0
EarlyStopping counter: 10 out of 30.0
EarlyStopping counter: 11 out of 30.0
EarlyStopping counter: 12 out of 30.0
EarlyStopping counter: 13 out of 30.0
EarlyStopping counter: 14 out of 30.0
EarlyStopping counter: 15 out of 30.0
EarlyStopping counter: 16 out of 30.0
EarlyStopping counter: 17 out of 30.0
EarlyStopping counter: 18 out of 30.0
EarlyStopping counter: 19 out of 30.0
EarlyStopping counter: 20 out of 30.0
EarlyStopping counter: 21 out of 30.0
EarlyStopping counter: 22 out of 30.0
EarlyStopping counter: 23 out of 30.0
EarlyStopping counter: 24 out of 30.0
EarlyStopping counter: 25 out of 30.0
EarlyStopping counter: 26 out of 30.0
EarlyStopping counter: 27 out of 30.0
EarlyStopping counter: 28 out of 30.0
EarlyStopping counter: 29 out of 30.0
EarlyStopping counter: 30 out of 30.0
/localscratch/yinan.28079831.0/env/lib/python3.7/site-packages/torch/nn/functional.py:1794: UserWarning: nn.functional.tanh is deprecated. Use torch.tanh instead.
  warnings.warn("nn.functional.tanh is deprecated. Use torch.tanh instead.")
wandb: Waiting for W&B process to finish, PID 230335... (success).
wandb: - 0.00MB of 0.00MB uploaded (0.00MB deduped)wandb: \ 0.00MB of 0.00MB uploaded (0.00MB deduped)wandb: | 0.00MB of 0.00MB uploaded (0.00MB deduped)wandb: / 0.00MB of 0.00MB uploaded (0.00MB deduped)wandb: - 0.00MB of 0.00MB uploaded (0.00MB deduped)wandb:                                                                                
wandb: Run history:
wandb:     e_F1 â–â–‚â–ƒâ–„â–…â–…â–†â–†â–‡â–‡â–‡â–ˆâ–ˆâ–‡â–ˆâ–ˆâ–ˆâ–ˆâ–ˆâ–ˆâ–ˆâ–ˆâ–ˆâ–ˆâ–ˆâ–ˆâ–ˆâ–ˆâ–ˆâ–ˆâ–ˆâ–ˆâ–‡â–‡â–‡â–‡â–‡â–‡â–‡â–‡
wandb:   e_loss â–ˆâ–ˆâ–ˆâ–‡â–‡â–†â–…â–…â–„â–ƒâ–ƒâ–‚â–‚â–â–â–â–â–â–â–â–â–â–‚â–‚â–‚â–‚â–‚â–ƒâ–ƒâ–ƒâ–„â–ƒâ–„â–„â–…â–…â–…â–†â–†â–‡
wandb:     t_F1 â–â–â–â–‚â–‚â–ƒâ–ƒâ–„â–„â–„â–…â–…â–…â–…â–…â–…â–†â–†â–†â–†â–†â–‡â–†â–‡â–‡â–‡â–‡â–‡â–‡â–‡â–‡â–‡â–ˆâ–ˆâ–ˆâ–ˆâ–ˆâ–ˆâ–ˆâ–ˆ
wandb:   t_loss â–ˆâ–ˆâ–ˆâ–ˆâ–ˆâ–‡â–‡â–‡â–†â–†â–†â–…â–…â–…â–…â–…â–„â–„â–„â–„â–„â–ƒâ–ƒâ–ƒâ–ƒâ–ƒâ–‚â–‚â–‚â–‚â–‚â–‚â–‚â–‚â–â–â–â–â–â–
wandb: 
wandb: Run summary:
wandb:     e_F1 57.90356
wandb:   e_loss 1.30445
wandb:     t_F1 98.51472
wandb:   t_loss 0.11947
wandb: 
wandb: Synced 4 W&B file(s), 0 media file(s), 0 artifact file(s) and 0 other file(s)
wandb: Synced astral-grass-1: https://wandb.ai/yinanazhou/xl_512_bs_8_lr_1e06_es_30_lc_True_nr_True_stem_False_lemma_False_repeat_3_fold_2/runs/28voosyo
wandb: Find logs at: ./wandb/run-20220301_071915-28voosyo/logs/debug.log
wandb: 

wandb: wandb version 0.12.10 is available!  To upgrade, please run:
wandb:  $ pip install wandb --upgrade
2022-03-01 08:10:20.538154: I tensorflow/stream_executor/platform/default/dso_loader.cc:48] Successfully opened dynamic library libcudart.so.10.1
wandb: Tracking run with wandb version 0.12.5
wandb: Syncing run restful-sound-1
wandb: â­ï¸ View project at https://wandb.ai/yinanazhou/xl_512_bs_8_lr_1e06_es_30_lc_True_nr_True_stem_False_lemma_False_repeat_4_fold_1
wandb: ðŸš€ View run at https://wandb.ai/yinanazhou/xl_512_bs_8_lr_1e06_es_30_lc_True_nr_True_stem_False_lemma_False_repeat_4_fold_1/runs/1plivqg3
wandb: Run data is saved locally in /project/6002780/yinan/Thesis_MER_Lyrics/lyric-emotion/wandb/run-20220301_081017-1plivqg3
wandb: Run `wandb offline` to turn off syncing.

Validation loss decreased (inf --> 1.368357).  Saving model ...
Validation loss decreased (1.368357 --> 1.346565).  Saving model ...
Validation loss decreased (1.346565 --> 1.329056).  Saving model ...
Validation loss decreased (1.329056 --> 1.310109).  Saving model ...
Validation loss decreased (1.310109 --> 1.288180).  Saving model ...
Validation loss decreased (1.288180 --> 1.258501).  Saving model ...
Validation loss decreased (1.258501 --> 1.225157).  Saving model ...
Validation loss decreased (1.225157 --> 1.192314).  Saving model ...
Validation loss decreased (1.192314 --> 1.151305).  Saving model ...
Validation loss decreased (1.151305 --> 1.122460).  Saving model ...
Validation loss decreased (1.122460 --> 1.093974).  Saving model ...
Validation loss decreased (1.093974 --> 1.068506).  Saving model ...
Validation loss decreased (1.068506 --> 1.034730).  Saving model ...
Validation loss decreased (1.034730 --> 1.014472).  Saving model ...
Validation loss decreased (1.014472 --> 1.006024).  Saving model ...
Validation loss decreased (1.006024 --> 0.982465).  Saving model ...
Validation loss decreased (0.982465 --> 0.967180).  Saving model ...
Validation loss decreased (0.967180 --> 0.945693).  Saving model ...
Validation loss decreased (0.945693 --> 0.941034).  Saving model ...
EarlyStopping counter: 1 out of 30.0
Validation loss decreased (0.941034 --> 0.927845).  Saving model ...
Validation loss decreased (0.927845 --> 0.925103).  Saving model ...
Validation loss decreased (0.925103 --> 0.923663).  Saving model ...
Validation loss decreased (0.923663 --> 0.916044).  Saving model ...
Validation loss decreased (0.916044 --> 0.912368).  Saving model ...
Validation loss decreased (0.912368 --> 0.907828).  Saving model ...
Validation loss decreased (0.907828 --> 0.903445).  Saving model ...
EarlyStopping counter: 1 out of 30.0
EarlyStopping counter: 2 out of 30.0
EarlyStopping counter: 3 out of 30.0
EarlyStopping counter: 4 out of 30.0
EarlyStopping counter: 5 out of 30.0
EarlyStopping counter: 6 out of 30.0
EarlyStopping counter: 7 out of 30.0
EarlyStopping counter: 8 out of 30.0
EarlyStopping counter: 9 out of 30.0
EarlyStopping counter: 10 out of 30.0
EarlyStopping counter: 11 out of 30.0
EarlyStopping counter: 12 out of 30.0
EarlyStopping counter: 13 out of 30.0
EarlyStopping counter: 14 out of 30.0
EarlyStopping counter: 15 out of 30.0
EarlyStopping counter: 16 out of 30.0
EarlyStopping counter: 17 out of 30.0
EarlyStopping counter: 18 out of 30.0
EarlyStopping counter: 19 out of 30.0
EarlyStopping counter: 20 out of 30.0
EarlyStopping counter: 21 out of 30.0
EarlyStopping counter: 22 out of 30.0
EarlyStopping counter: 23 out of 30.0
EarlyStopping counter: 24 out of 30.0
EarlyStopping counter: 25 out of 30.0
EarlyStopping counter: 26 out of 30.0
EarlyStopping counter: 27 out of 30.0
EarlyStopping counter: 28 out of 30.0
EarlyStopping counter: 29 out of 30.0
EarlyStopping counter: 30 out of 30.0
/localscratch/yinan.28079831.0/env/lib/python3.7/site-packages/torch/nn/functional.py:1794: UserWarning: nn.functional.tanh is deprecated. Use torch.tanh instead.
  warnings.warn("nn.functional.tanh is deprecated. Use torch.tanh instead.")
wandb: Waiting for W&B process to finish, PID 233147... (success).
wandb: - 0.00MB of 0.00MB uploaded (0.00MB deduped)wandb: \ 0.00MB of 0.00MB uploaded (0.00MB deduped)wandb: | 0.00MB of 0.00MB uploaded (0.00MB deduped)wandb: / 0.00MB of 0.00MB uploaded (0.00MB deduped)wandb: - 0.00MB of 0.00MB uploaded (0.00MB deduped)wandb: \ 0.00MB of 0.00MB uploaded (0.00MB deduped)wandb: | 0.00MB of 0.00MB uploaded (0.00MB deduped)wandb: / 0.00MB of 0.00MB uploaded (0.00MB deduped)wandb: - 0.00MB of 0.00MB uploaded (0.00MB deduped)wandb: \ 0.00MB of 0.00MB uploaded (0.00MB deduped)wandb: | 0.00MB of 0.00MB uploaded (0.00MB deduped)wandb: / 0.00MB of 0.00MB uploaded (0.00MB deduped)wandb: - 0.00MB of 0.00MB uploaded (0.00MB deduped)wandb:                                                                                
wandb: Run history:
wandb:     e_F1 â–â–â–‚â–„â–„â–…â–†â–†â–‡â–‡â–‡â–‡â–‡â–ˆâ–ˆâ–‡â–‡â–ˆâ–ˆâ–‡â–ˆâ–ˆâ–ˆâ–ˆâ–ˆâ–ˆâ–ˆâ–ˆâ–ˆâ–ˆâ–ˆâ–ˆâ–ˆâ–ˆâ–ˆâ–ˆâ–ˆâ–ˆâ–ˆâ–ˆ
wandb:   e_loss â–ˆâ–ˆâ–‡â–‡â–†â–…â–…â–„â–ƒâ–ƒâ–ƒâ–‚â–‚â–‚â–â–â–â–â–â–â–â–â–â–â–â–‚â–‚â–‚â–‚â–‚â–‚â–ƒâ–ƒâ–ƒâ–ƒâ–„â–„â–„â–…â–…
wandb:     t_F1 â–â–‚â–‚â–‚â–‚â–ƒâ–ƒâ–„â–„â–„â–„â–…â–…â–…â–…â–…â–†â–†â–†â–†â–†â–†â–‡â–‡â–‡â–‡â–‡â–‡â–‡â–‡â–‡â–ˆâ–‡â–ˆâ–ˆâ–ˆâ–ˆâ–ˆâ–ˆâ–ˆ
wandb:   t_loss â–ˆâ–ˆâ–ˆâ–ˆâ–‡â–‡â–‡â–†â–†â–†â–†â–…â–…â–…â–…â–„â–„â–„â–„â–„â–ƒâ–ƒâ–ƒâ–ƒâ–ƒâ–ƒâ–‚â–‚â–‚â–‚â–‚â–‚â–‚â–‚â–‚â–â–â–â–â–
wandb: 
wandb: Run summary:
wandb:     e_F1 60.83521
wandb:   e_loss 1.17819
wandb:     t_F1 99.35986
wandb:   t_loss 0.12818
wandb: 
wandb: Synced 4 W&B file(s), 0 media file(s), 0 artifact file(s) and 0 other file(s)
wandb: Synced restful-sound-1: https://wandb.ai/yinanazhou/xl_512_bs_8_lr_1e06_es_30_lc_True_nr_True_stem_False_lemma_False_repeat_4_fold_1/runs/1plivqg3
wandb: Find logs at: ./wandb/run-20220301_081017-1plivqg3/logs/debug.log
wandb: 

wandb: wandb version 0.12.11 is available!  To upgrade, please run:
wandb:  $ pip install wandb --upgrade
2022-03-01 09:03:26.025097: I tensorflow/stream_executor/platform/default/dso_loader.cc:48] Successfully opened dynamic library libcudart.so.10.1
wandb: Tracking run with wandb version 0.12.5
wandb: Syncing run silvery-lake-1
wandb: â­ï¸ View project at https://wandb.ai/yinanazhou/xl_512_bs_8_lr_1e06_es_30_lc_True_nr_True_stem_False_lemma_False_repeat_4_fold_2
wandb: ðŸš€ View run at https://wandb.ai/yinanazhou/xl_512_bs_8_lr_1e06_es_30_lc_True_nr_True_stem_False_lemma_False_repeat_4_fold_2/runs/17f6i3xi
wandb: Run data is saved locally in /project/6002780/yinan/Thesis_MER_Lyrics/lyric-emotion/wandb/run-20220301_090319-17f6i3xi
wandb: Run `wandb offline` to turn off syncing.

Validation loss decreased (inf --> 1.373737).  Saving model ...
Validation loss decreased (1.373737 --> 1.349887).  Saving model ...
Validation loss decreased (1.349887 --> 1.330818).  Saving model ...
Validation loss decreased (1.330818 --> 1.310927).  Saving model ...
Validation loss decreased (1.310927 --> 1.284175).  Saving model ...
Validation loss decreased (1.284175 --> 1.255050).  Saving model ...
Validation loss decreased (1.255050 --> 1.223069).  Saving model ...
Validation loss decreased (1.223069 --> 1.191655).  Saving model ...
Validation loss decreased (1.191655 --> 1.168298).  Saving model ...
Validation loss decreased (1.168298 --> 1.129735).  Saving model ...
Validation loss decreased (1.129735 --> 1.098588).  Saving model ...
Validation loss decreased (1.098588 --> 1.067907).  Saving model ...
Validation loss decreased (1.067907 --> 1.045296).  Saving model ...
Validation loss decreased (1.045296 --> 1.015569).  Saving model ...
Validation loss decreased (1.015569 --> 1.009761).  Saving model ...
Validation loss decreased (1.009761 --> 1.002773).  Saving model ...
Validation loss decreased (1.002773 --> 0.988841).  Saving model ...
Validation loss decreased (0.988841 --> 0.987731).  Saving model ...
Validation loss decreased (0.987731 --> 0.958405).  Saving model ...
Validation loss decreased (0.958405 --> 0.956335).  Saving model ...
Validation loss decreased (0.956335 --> 0.943352).  Saving model ...
EarlyStopping counter: 1 out of 30.0
EarlyStopping counter: 2 out of 30.0
EarlyStopping counter: 3 out of 30.0
Validation loss decreased (0.943352 --> 0.937413).  Saving model ...
EarlyStopping counter: 1 out of 30.0
Validation loss decreased (0.937413 --> 0.934911).  Saving model ...
EarlyStopping counter: 1 out of 30.0
EarlyStopping counter: 2 out of 30.0
EarlyStopping counter: 3 out of 30.0
EarlyStopping counter: 4 out of 30.0
EarlyStopping counter: 5 out of 30.0
EarlyStopping counter: 6 out of 30.0
EarlyStopping counter: 7 out of 30.0
EarlyStopping counter: 8 out of 30.0
EarlyStopping counter: 9 out of 30.0
EarlyStopping counter: 10 out of 30.0
EarlyStopping counter: 11 out of 30.0
EarlyStopping counter: 12 out of 30.0
EarlyStopping counter: 13 out of 30.0
EarlyStopping counter: 14 out of 30.0
EarlyStopping counter: 15 out of 30.0
EarlyStopping counter: 16 out of 30.0
EarlyStopping counter: 17 out of 30.0
EarlyStopping counter: 18 out of 30.0
EarlyStopping counter: 19 out of 30.0
EarlyStopping counter: 20 out of 30.0
EarlyStopping counter: 21 out of 30.0
EarlyStopping counter: 22 out of 30.0
EarlyStopping counter: 23 out of 30.0
EarlyStopping counter: 24 out of 30.0
EarlyStopping counter: 25 out of 30.0
EarlyStopping counter: 26 out of 30.0
EarlyStopping counter: 27 out of 30.0
EarlyStopping counter: 28 out of 30.0
EarlyStopping counter: 29 out of 30.0
EarlyStopping counter: 30 out of 30.0
/localscratch/yinan.28079831.0/env/lib/python3.7/site-packages/torch/nn/functional.py:1794: UserWarning: nn.functional.tanh is deprecated. Use torch.tanh instead.
  warnings.warn("nn.functional.tanh is deprecated. Use torch.tanh instead.")
wandb: Waiting for W&B process to finish, PID 236027... (success).
wandb: - 0.00MB of 0.00MB uploaded (0.00MB deduped)wandb: \ 0.00MB of 0.00MB uploaded (0.00MB deduped)wandb: | 0.00MB of 0.00MB uploaded (0.00MB deduped)wandb: / 0.00MB of 0.00MB uploaded (0.00MB deduped)wandb: - 0.00MB of 0.00MB uploaded (0.00MB deduped)wandb: \ 0.00MB of 0.00MB uploaded (0.00MB deduped)wandb: | 0.00MB of 0.00MB uploaded (0.00MB deduped)wandb: / 0.00MB of 0.00MB uploaded (0.00MB deduped)wandb: - 0.00MB of 0.00MB uploaded (0.00MB deduped)wandb: \ 0.00MB of 0.00MB uploaded (0.00MB deduped)wandb: | 0.00MB of 0.00MB uploaded (0.00MB deduped)wandb: / 0.00MB of 0.00MB uploaded (0.00MB deduped)wandb:                                                                                
wandb: Run history:
wandb:     e_F1 â–â–ƒâ–ƒâ–„â–…â–…â–†â–†â–‡â–‡â–‡â–‡â–‡â–ˆâ–ˆâ–ˆâ–ˆâ–ˆâ–ˆâ–ˆâ–ˆâ–ˆâ–ˆâ–ˆâ–ˆâ–ˆâ–ˆâ–ˆâ–ˆâ–ˆâ–‡â–ˆâ–ˆâ–ˆâ–ˆâ–ˆâ–ˆâ–ˆâ–ˆâ–ˆ
wandb:   e_loss â–ˆâ–ˆâ–‡â–‡â–†â–…â–…â–„â–ƒâ–ƒâ–‚â–‚â–‚â–â–â–â–â–â–â–â–â–â–â–â–â–‚â–‚â–‚â–ƒâ–ƒâ–ƒâ–ƒâ–ƒâ–ƒâ–„â–„â–„â–…â–…â–…
wandb:     t_F1 â–â–â–‚â–‚â–‚â–‚â–ƒâ–„â–„â–„â–…â–…â–…â–…â–†â–…â–†â–†â–†â–†â–†â–†â–‡â–‡â–‡â–‡â–‡â–‡â–‡â–‡â–ˆâ–ˆâ–ˆâ–ˆâ–ˆâ–ˆâ–ˆâ–ˆâ–ˆâ–ˆ
wandb:   t_loss â–ˆâ–ˆâ–ˆâ–ˆâ–‡â–‡â–‡â–†â–†â–†â–…â–…â–…â–…â–„â–„â–„â–„â–„â–„â–ƒâ–ƒâ–ƒâ–ƒâ–ƒâ–ƒâ–‚â–‚â–‚â–‚â–‚â–‚â–‚â–â–â–â–â–â–â–
wandb: 
wandb: Run summary:
wandb:     e_F1 59.93409
wandb:   e_loss 1.1909
wandb:     t_F1 97.46281
wandb:   t_loss 0.13849
wandb: 
wandb: Synced 4 W&B file(s), 0 media file(s), 0 artifact file(s) and 0 other file(s)
wandb: Synced silvery-lake-1: https://wandb.ai/yinanazhou/xl_512_bs_8_lr_1e06_es_30_lc_True_nr_True_stem_False_lemma_False_repeat_4_fold_2/runs/17f6i3xi
wandb: Find logs at: ./wandb/run-20220301_090319-17f6i3xi/logs/debug.log
wandb: 

wandb: wandb version 0.12.11 is available!  To upgrade, please run:
wandb:  $ pip install wandb --upgrade
2022-03-01 09:56:26.821293: I tensorflow/stream_executor/platform/default/dso_loader.cc:48] Successfully opened dynamic library libcudart.so.10.1
wandb: Tracking run with wandb version 0.12.5
wandb: Syncing run wandering-sun-1
wandb: â­ï¸ View project at https://wandb.ai/yinanazhou/xl_512_bs_8_lr_1e06_es_30_lc_True_nr_True_stem_False_lemma_False_repeat_5_fold_1
wandb: ðŸš€ View run at https://wandb.ai/yinanazhou/xl_512_bs_8_lr_1e06_es_30_lc_True_nr_True_stem_False_lemma_False_repeat_5_fold_1/runs/1j3t165t
wandb: Run data is saved locally in /project/6002780/yinan/Thesis_MER_Lyrics/lyric-emotion/wandb/run-20220301_095623-1j3t165t
wandb: Run `wandb offline` to turn off syncing.

Validation loss decreased (inf --> 1.384801).  Saving model ...
Validation loss decreased (1.384801 --> 1.368321).  Saving model ...
Validation loss decreased (1.368321 --> 1.351565).  Saving model ...
Validation loss decreased (1.351565 --> 1.328777).  Saving model ...
Validation loss decreased (1.328777 --> 1.304068).  Saving model ...
Validation loss decreased (1.304068 --> 1.272380).  Saving model ...
Validation loss decreased (1.272380 --> 1.225470).  Saving model ...
Validation loss decreased (1.225470 --> 1.192210).  Saving model ...
Validation loss decreased (1.192210 --> 1.159538).  Saving model ...
Validation loss decreased (1.159538 --> 1.125937).  Saving model ...
Validation loss decreased (1.125937 --> 1.095465).  Saving model ...
Validation loss decreased (1.095465 --> 1.075890).  Saving model ...
Validation loss decreased (1.075890 --> 1.051416).  Saving model ...
Validation loss decreased (1.051416 --> 1.032701).  Saving model ...
Validation loss decreased (1.032701 --> 1.006779).  Saving model ...
Validation loss decreased (1.006779 --> 0.998135).  Saving model ...
Validation loss decreased (0.998135 --> 0.979165).  Saving model ...
Validation loss decreased (0.979165 --> 0.973810).  Saving model ...
Validation loss decreased (0.973810 --> 0.956945).  Saving model ...
Validation loss decreased (0.956945 --> 0.947070).  Saving model ...
Validation loss decreased (0.947070 --> 0.934567).  Saving model ...
Validation loss decreased (0.934567 --> 0.929063).  Saving model ...
Validation loss decreased (0.929063 --> 0.921023).  Saving model ...
Validation loss decreased (0.921023 --> 0.919361).  Saving model ...
EarlyStopping counter: 1 out of 30.0
Validation loss decreased (0.919361 --> 0.912527).  Saving model ...
EarlyStopping counter: 1 out of 30.0
EarlyStopping counter: 2 out of 30.0
EarlyStopping counter: 3 out of 30.0
EarlyStopping counter: 4 out of 30.0
EarlyStopping counter: 5 out of 30.0
EarlyStopping counter: 6 out of 30.0
EarlyStopping counter: 7 out of 30.0
EarlyStopping counter: 8 out of 30.0
EarlyStopping counter: 9 out of 30.0
EarlyStopping counter: 10 out of 30.0
EarlyStopping counter: 11 out of 30.0
EarlyStopping counter: 12 out of 30.0
EarlyStopping counter: 13 out of 30.0
EarlyStopping counter: 14 out of 30.0
EarlyStopping counter: 15 out of 30.0
EarlyStopping counter: 16 out of 30.0
EarlyStopping counter: 17 out of 30.0
EarlyStopping counter: 18 out of 30.0
EarlyStopping counter: 19 out of 30.0
EarlyStopping counter: 20 out of 30.0
EarlyStopping counter: 21 out of 30.0
EarlyStopping counter: 22 out of 30.0
EarlyStopping counter: 23 out of 30.0
EarlyStopping counter: 24 out of 30.0
EarlyStopping counter: 25 out of 30.0
EarlyStopping counter: 26 out of 30.0
EarlyStopping counter: 27 out of 30.0
EarlyStopping counter: 28 out of 30.0
EarlyStopping counter: 29 out of 30.0
EarlyStopping counter: 30 out of 30.0
/localscratch/yinan.28079831.0/env/lib/python3.7/site-packages/torch/nn/functional.py:1794: UserWarning: nn.functional.tanh is deprecated. Use torch.tanh instead.
  warnings.warn("nn.functional.tanh is deprecated. Use torch.tanh instead.")
wandb: Waiting for W&B process to finish, PID 238889... (success).
wandb: - 0.00MB of 0.00MB uploaded (0.00MB deduped)wandb: \ 0.00MB of 0.00MB uploaded (0.00MB deduped)wandb: | 0.00MB of 0.00MB uploaded (0.00MB deduped)wandb: / 0.00MB of 0.00MB uploaded (0.00MB deduped)wandb: - 0.00MB of 0.00MB uploaded (0.00MB deduped)wandb: \ 0.00MB of 0.00MB uploaded (0.00MB deduped)wandb: | 0.00MB of 0.00MB uploaded (0.00MB deduped)wandb: / 0.00MB of 0.00MB uploaded (0.00MB deduped)wandb: - 0.00MB of 0.00MB uploaded (0.00MB deduped)wandb: \ 0.00MB of 0.00MB uploaded (0.00MB deduped)wandb: | 0.00MB of 0.00MB uploaded (0.00MB deduped)wandb: / 0.00MB of 0.00MB uploaded (0.00MB deduped)wandb: - 0.00MB of 0.00MB uploaded (0.00MB deduped)wandb: \ 0.00MB of 0.00MB uploaded (0.00MB deduped)wandb: | 0.00MB of 0.00MB uploaded (0.00MB deduped)wandb: / 0.00MB of 0.00MB uploaded (0.00MB deduped)wandb: - 0.00MB of 0.00MB uploaded (0.00MB deduped)wandb: \ 0.00MB of 0.00MB uploaded (0.00MB deduped)wandb: | 0.00MB of 0.00MB uploaded (0.00MB deduped)wandb: / 0.00MB of 0.00MB uploaded (0.00MB deduped)wandb: - 0.00MB of 0.00MB uploaded (0.00MB deduped)wandb: \ 0.00MB of 0.00MB uploaded (0.00MB deduped)wandb: | 0.00MB of 0.00MB uploaded (0.00MB deduped)wandb: / 0.00MB of 0.00MB uploaded (0.00MB deduped)wandb:                                                                                
wandb: Run history:
wandb:     e_F1 â–â–‚â–‚â–ƒâ–„â–…â–…â–†â–†â–†â–‡â–‡â–‡â–‡â–‡â–ˆâ–ˆâ–ˆâ–ˆâ–ˆâ–ˆâ–‡â–ˆâ–ˆâ–ˆâ–‡â–‡â–‡â–ˆâ–‡â–‡â–ˆâ–‡â–‡â–ˆâ–ˆâ–ˆâ–‡â–‡â–ˆ
wandb:   e_loss â–ˆâ–ˆâ–ˆâ–‡â–†â–…â–…â–„â–ƒâ–ƒâ–‚â–‚â–‚â–‚â–‚â–â–â–â–â–â–â–â–â–â–â–‚â–‚â–‚â–‚â–‚â–ƒâ–ƒâ–ƒâ–ƒâ–„â–„â–„â–…â–…â–…
wandb:     t_F1 â–â–‚â–â–‚â–ƒâ–ƒâ–„â–„â–„â–„â–…â–…â–…â–…â–…â–†â–†â–†â–†â–†â–‡â–‡â–‡â–‡â–‡â–‡â–‡â–‡â–‡â–‡â–ˆâ–ˆâ–ˆâ–ˆâ–ˆâ–ˆâ–ˆâ–ˆâ–ˆâ–ˆ
wandb:   t_loss â–ˆâ–ˆâ–ˆâ–‡â–‡â–‡â–‡â–†â–†â–†â–…â–…â–…â–…â–„â–„â–„â–„â–„â–„â–ƒâ–ƒâ–ƒâ–ƒâ–ƒâ–‚â–‚â–‚â–‚â–‚â–‚â–‚â–‚â–‚â–‚â–â–â–â–â–
wandb: 
wandb: Run summary:
wandb:     e_F1 60.86657
wandb:   e_loss 1.20258
wandb:     t_F1 97.67926
wandb:   t_loss 0.14678
wandb: 
wandb: Synced 4 W&B file(s), 0 media file(s), 0 artifact file(s) and 0 other file(s)
wandb: Synced wandering-sun-1: https://wandb.ai/yinanazhou/xl_512_bs_8_lr_1e06_es_30_lc_True_nr_True_stem_False_lemma_False_repeat_5_fold_1/runs/1j3t165t
wandb: Find logs at: ./wandb/run-20220301_095623-1j3t165t/logs/debug.log
wandb: 

wandb: wandb version 0.12.11 is available!  To upgrade, please run:
wandb:  $ pip install wandb --upgrade
2022-03-01 10:48:20.974896: I tensorflow/stream_executor/platform/default/dso_loader.cc:48] Successfully opened dynamic library libcudart.so.10.1
wandb: Tracking run with wandb version 0.12.5
wandb: Syncing run twilight-sky-1
wandb: â­ï¸ View project at https://wandb.ai/yinanazhou/xl_512_bs_8_lr_1e06_es_30_lc_True_nr_True_stem_False_lemma_False_repeat_5_fold_2
wandb: ðŸš€ View run at https://wandb.ai/yinanazhou/xl_512_bs_8_lr_1e06_es_30_lc_True_nr_True_stem_False_lemma_False_repeat_5_fold_2/runs/lil0x2zn
wandb: Run data is saved locally in /project/6002780/yinan/Thesis_MER_Lyrics/lyric-emotion/wandb/run-20220301_104818-lil0x2zn
wandb: Run `wandb offline` to turn off syncing.

Validation loss decreased (inf --> 1.367589).  Saving model ...
Validation loss decreased (1.367589 --> 1.338240).  Saving model ...
Validation loss decreased (1.338240 --> 1.319747).  Saving model ...
Validation loss decreased (1.319747 --> 1.299664).  Saving model ...
Validation loss decreased (1.299664 --> 1.274766).  Saving model ...
Validation loss decreased (1.274766 --> 1.246605).  Saving model ...
Validation loss decreased (1.246605 --> 1.211834).  Saving model ...
Validation loss decreased (1.211834 --> 1.188493).  Saving model ...
Validation loss decreased (1.188493 --> 1.151403).  Saving model ...
Validation loss decreased (1.151403 --> 1.135278).  Saving model ...
Validation loss decreased (1.135278 --> 1.101842).  Saving model ...
Validation loss decreased (1.101842 --> 1.051997).  Saving model ...
Validation loss decreased (1.051997 --> 1.039042).  Saving model ...
Validation loss decreased (1.039042 --> 1.022911).  Saving model ...
Validation loss decreased (1.022911 --> 1.001470).  Saving model ...
Validation loss decreased (1.001470 --> 0.987956).  Saving model ...
Validation loss decreased (0.987956 --> 0.981761).  Saving model ...
EarlyStopping counter: 1 out of 30.0
Validation loss decreased (0.981761 --> 0.960236).  Saving model ...
Validation loss decreased (0.960236 --> 0.951928).  Saving model ...
EarlyStopping counter: 1 out of 30.0
Validation loss decreased (0.951928 --> 0.928100).  Saving model ...
Validation loss decreased (0.928100 --> 0.926823).  Saving model ...
EarlyStopping counter: 1 out of 30.0
Validation loss decreased (0.926823 --> 0.922236).  Saving model ...
Validation loss decreased (0.922236 --> 0.918331).  Saving model ...
EarlyStopping counter: 1 out of 30.0
EarlyStopping counter: 2 out of 30.0
EarlyStopping counter: 3 out of 30.0
EarlyStopping counter: 4 out of 30.0
EarlyStopping counter: 5 out of 30.0
EarlyStopping counter: 6 out of 30.0
EarlyStopping counter: 7 out of 30.0
EarlyStopping counter: 8 out of 30.0
EarlyStopping counter: 9 out of 30.0
EarlyStopping counter: 10 out of 30.0
EarlyStopping counter: 11 out of 30.0
EarlyStopping counter: 12 out of 30.0
EarlyStopping counter: 13 out of 30.0
EarlyStopping counter: 14 out of 30.0
EarlyStopping counter: 15 out of 30.0
EarlyStopping counter: 16 out of 30.0
EarlyStopping counter: 17 out of 30.0
EarlyStopping counter: 18 out of 30.0
EarlyStopping counter: 19 out of 30.0
EarlyStopping counter: 20 out of 30.0
EarlyStopping counter: 21 out of 30.0
EarlyStopping counter: 22 out of 30.0
EarlyStopping counter: 23 out of 30.0
EarlyStopping counter: 24 out of 30.0
EarlyStopping counter: 25 out of 30.0
EarlyStopping counter: 26 out of 30.0
EarlyStopping counter: 27 out of 30.0
EarlyStopping counter: 28 out of 30.0
EarlyStopping counter: 29 out of 30.0
EarlyStopping counter: 30 out of 30.0
/localscratch/yinan.28079831.0/env/lib/python3.7/site-packages/torch/nn/functional.py:1794: UserWarning: nn.functional.tanh is deprecated. Use torch.tanh instead.
  warnings.warn("nn.functional.tanh is deprecated. Use torch.tanh instead.")
wandb: Waiting for W&B process to finish, PID 241706... (success).
wandb: - 0.00MB of 0.00MB uploaded (0.00MB deduped)wandb: \ 0.00MB of 0.00MB uploaded (0.00MB deduped)wandb: | 0.00MB of 0.00MB uploaded (0.00MB deduped)wandb: / 0.00MB of 0.00MB uploaded (0.00MB deduped)wandb: - 0.00MB of 0.00MB uploaded (0.00MB deduped)wandb: \ 0.00MB of 0.00MB uploaded (0.00MB deduped)wandb: | 0.00MB of 0.00MB uploaded (0.00MB deduped)wandb: / 0.00MB of 0.00MB uploaded (0.00MB deduped)wandb: - 0.00MB of 0.00MB uploaded (0.00MB deduped)wandb: \ 0.00MB of 0.00MB uploaded (0.00MB deduped)wandb: | 0.00MB of 0.00MB uploaded (0.00MB deduped)wandb: / 0.00MB of 0.00MB uploaded (0.00MB deduped)wandb: - 0.00MB of 0.00MB uploaded (0.00MB deduped)wandb:                                                                                
wandb: Run history:
wandb:     e_F1 â–â–‚â–ƒâ–„â–„â–…â–…â–…â–†â–†â–†â–‡â–‡â–‡â–‡â–ˆâ–ˆâ–‡â–ˆâ–‡â–ˆâ–ˆâ–ˆâ–‡â–ˆâ–ˆâ–ˆâ–ˆâ–ˆâ–ˆâ–ˆâ–ˆâ–ˆâ–ˆâ–ˆâ–ˆâ–ˆâ–ˆâ–ˆâ–ˆ
wandb:   e_loss â–ˆâ–ˆâ–‡â–‡â–†â–…â–…â–„â–ƒâ–ƒâ–‚â–‚â–‚â–‚â–‚â–â–â–‚â–â–â–â–â–â–‚â–â–‚â–‚â–‚â–‚â–‚â–ƒâ–ƒâ–ƒâ–ƒâ–ƒâ–ƒâ–„â–„â–„â–…
wandb:     t_F1 â–â–‚â–ƒâ–ƒâ–„â–„â–„â–„â–…â–…â–…â–…â–†â–†â–†â–†â–†â–†â–†â–†â–†â–‡â–‡â–‡â–‡â–‡â–‡â–‡â–‡â–‡â–‡â–‡â–ˆâ–ˆâ–ˆâ–ˆâ–ˆâ–ˆâ–ˆâ–ˆ
wandb:   t_loss â–ˆâ–ˆâ–ˆâ–‡â–‡â–‡â–†â–†â–†â–†â–…â–…â–…â–…â–„â–„â–„â–„â–„â–„â–ƒâ–ƒâ–ƒâ–ƒâ–ƒâ–ƒâ–ƒâ–‚â–‚â–‚â–‚â–‚â–‚â–‚â–‚â–â–â–â–â–
wandb: 
wandb: Run summary:
wandb:     e_F1 60.68811
wandb:   e_loss 1.15223
wandb:     t_F1 96.17602
wandb:   t_loss 0.18371
wandb: 
wandb: Synced 4 W&B file(s), 0 media file(s), 0 artifact file(s) and 0 other file(s)
wandb: Synced twilight-sky-1: https://wandb.ai/yinanazhou/xl_512_bs_8_lr_1e06_es_30_lc_True_nr_True_stem_False_lemma_False_repeat_5_fold_2/runs/lil0x2zn
wandb: Find logs at: ./wandb/run-20220301_104818-lil0x2zn/logs/debug.log
wandb: 

