Unloading StdEnv/2020

Due to MODULEPATH changes, the following have been reloaded:
  1) mii/1.1.1


The following have been reloaded with a version change:
  1) python/3.8.2 => python/3.7.4

Using base prefix '/cvmfs/soft.computecanada.ca/easybuild/software/2017/Core/python/3.7.4'
New python executable in /localscratch/yinan.27787815.0/env/bin/python
Installing setuptools, pip, wheel...
done.
Ignoring pip: markers 'python_version < "3"' don't match your environment
Looking in links: /cvmfs/soft.computecanada.ca/custom/python/wheelhouse/nix/avx2, /cvmfs/soft.computecanada.ca/custom/python/wheelhouse/nix/generic, /cvmfs/soft.computecanada.ca/custom/python/wheelhouse/generic
Collecting pip
Installing collected packages: pip
  Found existing installation: pip 19.1.1
    Uninstalling pip-19.1.1:
      Successfully uninstalled pip-19.1.1
Successfully installed pip-21.2.3+computecanada
Looking in links: /cvmfs/soft.computecanada.ca/custom/python/wheelhouse/nix/avx2, /cvmfs/soft.computecanada.ca/custom/python/wheelhouse/nix/generic, /cvmfs/soft.computecanada.ca/custom/python/wheelhouse/generic
Processing /cvmfs/soft.computecanada.ca/custom/python/wheelhouse/generic/keras-2.7.0+computecanada-py2.py3-none-any.whl
Processing /cvmfs/soft.computecanada.ca/custom/python/wheelhouse/generic/Keras_Preprocessing-1.1.2+computecanada-py3-none-any.whl
Requirement already satisfied: matplotlib in /cvmfs/soft.computecanada.ca/easybuild/software/2017/Core/scipy-stack/2019a/lib/python3.7/site-packages (from -r requirements.txt (line 3)) (3.0.2)
Processing /cvmfs/soft.computecanada.ca/custom/python/wheelhouse/generic/nltk-3.6.5+computecanada-py3-none-any.whl
Processing /cvmfs/soft.computecanada.ca/custom/python/wheelhouse/generic/scikit_learn-0.22.1+computecanada-cp37-cp37m-linux_x86_64.whl
Processing /cvmfs/soft.computecanada.ca/custom/python/wheelhouse/generic/tensorboard-2.3.0+computecanada-py3-none-any.whl
Processing /cvmfs/soft.computecanada.ca/custom/python/wheelhouse/generic/tensorboard_plugin_wit-1.7.0+computecanada-py3-none-any.whl
Processing /cvmfs/soft.computecanada.ca/custom/python/wheelhouse/generic/tensorflow_gpu-2.3.0+computecanada-cp37-cp37m-linux_x86_64.whl
Processing /cvmfs/soft.computecanada.ca/custom/python/wheelhouse/generic/tensorflow_estimator-2.3.0+computecanada-py2.py3-none-any.whl
Processing /cvmfs/soft.computecanada.ca/custom/python/wheelhouse/generic/tokenizers-0.5.2+computecanada-cp37-cp37m-linux_x86_64.whl
Processing /cvmfs/soft.computecanada.ca/custom/python/wheelhouse/nix/avx2/torch-1.4.0+computecanada-cp37-cp37m-linux_x86_64.whl
Processing /cvmfs/soft.computecanada.ca/custom/python/wheelhouse/generic/torchtext-0.6.0+computecanada-py3-none-any.whl
Processing /cvmfs/soft.computecanada.ca/custom/python/wheelhouse/generic/torchvision-0.8.2+computecanada-cp37-cp37m-linux_x86_64.whl
Processing /cvmfs/soft.computecanada.ca/custom/python/wheelhouse/generic/transformers-2.5.1+computecanada-py3-none-any.whl
Processing /cvmfs/soft.computecanada.ca/custom/python/wheelhouse/generic/urllib3-1.26.7+computecanada-py2.py3-none-any.whl
Processing /cvmfs/soft.computecanada.ca/custom/python/wheelhouse/generic/joblib-1.1.0+computecanada-py2.py3-none-any.whl
Processing /cvmfs/soft.computecanada.ca/custom/python/wheelhouse/generic/tqdm-4.62.3+computecanada-py2.py3-none-any.whl
Processing /cvmfs/soft.computecanada.ca/custom/python/wheelhouse/generic/click-8.0.3+computecanada-py3-none-any.whl
ERROR: Could not find a version that satisfies the requirement regex>=2021.8.3 (from nltk) (from versions: 2018.1.10+computecanada, 2019.11.1+computecanada, 2020.11.13+computecanada)
ERROR: No matching distribution found for regex>=2021.8.3
Looking in links: /cvmfs/soft.computecanada.ca/custom/python/wheelhouse/nix/avx2, /cvmfs/soft.computecanada.ca/custom/python/wheelhouse/nix/generic, /cvmfs/soft.computecanada.ca/custom/python/wheelhouse/generic
ERROR: Could not find a version that satisfies the requirement numpy==1.20.0+computacanada (from versions: 1.15.0+computecanada, 1.15.2+computecanada, 1.15.4+computecanada, 1.16.0+computecanada, 1.16.2+computecanada, 1.16.3+computecanada, 1.17.4+computecanada, 1.18.1+computecanada, 1.18.4+computecanada, 1.19.1+computecanada, 1.19.2+computecanada, 1.20.2+computecanada)
ERROR: No matching distribution found for numpy==1.20.0+computacanada
Looking in links: /cvmfs/soft.computecanada.ca/custom/python/wheelhouse/nix/avx2, /cvmfs/soft.computecanada.ca/custom/python/wheelhouse/nix/generic, /cvmfs/soft.computecanada.ca/custom/python/wheelhouse/generic
Processing /cvmfs/soft.computecanada.ca/custom/python/wheelhouse/generic/wandb-0.12.5+computecanada-py2.py3-none-any.whl
Processing /cvmfs/soft.computecanada.ca/custom/python/wheelhouse/generic/sentry_sdk-1.5.0+computecanada-py2.py3-none-any.whl
Processing /cvmfs/soft.computecanada.ca/custom/python/wheelhouse/generic/GitPython-3.1.24+computecanada-py3-none-any.whl
Processing /cvmfs/soft.computecanada.ca/custom/python/wheelhouse/generic/psutil-5.7.3+computecanada-cp37-cp37m-linux_x86_64.whl
Processing /cvmfs/soft.computecanada.ca/custom/python/wheelhouse/generic/PyYAML-5.3.1+computecanada-cp37-cp37m-linux_x86_64.whl
Requirement already satisfied: python-dateutil>=2.6.1 in /cvmfs/soft.computecanada.ca/easybuild/software/2017/Core/scipy-stack/2019a/lib/python3.7/site-packages (from wandb) (2.7.5)
Processing /cvmfs/soft.computecanada.ca/custom/python/wheelhouse/generic/docker_pycreds-0.4.0+computecanada-py2.py3-none-any.whl
Processing /cvmfs/soft.computecanada.ca/custom/python/wheelhouse/generic/protobuf-3.19.3+computecanada-py2.py3-none-any.whl
Processing /cvmfs/soft.computecanada.ca/custom/python/wheelhouse/generic/pathtools-0.1.2+computecanada-py3-none-any.whl
Processing /cvmfs/soft.computecanada.ca/custom/python/wheelhouse/generic/subprocess32-3.5.4+computecanada-py3-none-any.whl
Processing /cvmfs/soft.computecanada.ca/custom/python/wheelhouse/generic/configparser-5.0.2+computecanada-py3-none-any.whl
Processing /cvmfs/soft.computecanada.ca/custom/python/wheelhouse/generic/six-1.16.0+computecanada-py2.py3-none-any.whl
Requirement already satisfied: requests<3,>=2.0.0 in /cvmfs/soft.computecanada.ca/easybuild/software/2017/Core/scipy-stack/2019a/lib/python3.7/site-packages (from wandb) (2.21.0)
Processing /cvmfs/soft.computecanada.ca/custom/python/wheelhouse/generic/yaspin-2.1.0+computecanada-py3-none-any.whl
Processing /cvmfs/soft.computecanada.ca/custom/python/wheelhouse/generic/shortuuid-1.0.1+computecanada-py3-none-any.whl
Processing /cvmfs/soft.computecanada.ca/custom/python/wheelhouse/generic/click-8.0.3+computecanada-py3-none-any.whl
Processing /cvmfs/soft.computecanada.ca/custom/python/wheelhouse/generic/promise-2.3+computecanada-py3-none-any.whl
Requirement already satisfied: importlib-metadata in /cvmfs/soft.computecanada.ca/easybuild/software/2017/Core/scipy-stack/2019a/lib/python3.7/site-packages (from Click!=8.0.0,>=7.0->wandb) (0.8)
Processing /cvmfs/soft.computecanada.ca/custom/python/wheelhouse/generic/gitdb-4.0.9+computecanada-py3-none-any.whl
Processing /cvmfs/soft.computecanada.ca/custom/python/wheelhouse/generic/typing_extensions-4.0.1+computecanada-py3-none-any.whl
Processing /cvmfs/soft.computecanada.ca/custom/python/wheelhouse/generic/smmap-5.0.0+computecanada-py3-none-any.whl
Requirement already satisfied: certifi>=2017.4.17 in /cvmfs/soft.computecanada.ca/easybuild/software/2017/Core/scipy-stack/2019a/lib/python3.7/site-packages (from requests<3,>=2.0.0->wandb) (2018.11.29)
Requirement already satisfied: chardet<3.1.0,>=3.0.2 in /cvmfs/soft.computecanada.ca/easybuild/software/2017/Core/scipy-stack/2019a/lib/python3.7/site-packages (from requests<3,>=2.0.0->wandb) (3.0.4)
Requirement already satisfied: urllib3<1.25,>=1.21.1 in /cvmfs/soft.computecanada.ca/easybuild/software/2017/Core/scipy-stack/2019a/lib/python3.7/site-packages (from requests<3,>=2.0.0->wandb) (1.24.1)
Requirement already satisfied: idna<2.9,>=2.5 in /cvmfs/soft.computecanada.ca/easybuild/software/2017/Core/scipy-stack/2019a/lib/python3.7/site-packages (from requests<3,>=2.0.0->wandb) (2.8)
Processing /cvmfs/soft.computecanada.ca/custom/python/wheelhouse/generic/termcolor-1.1.0+computecanada-py3-none-any.whl
Requirement already satisfied: zipp>=0.3.2 in /cvmfs/soft.computecanada.ca/easybuild/software/2017/Core/scipy-stack/2019a/lib/python3.7/site-packages (from importlib-metadata->Click!=8.0.0,>=7.0->wandb) (0.3.3)
Installing collected packages: smmap, typing-extensions, termcolor, six, gitdb, yaspin, subprocess32, shortuuid, sentry-sdk, PyYAML, psutil, protobuf, promise, pathtools, GitPython, docker-pycreds, configparser, Click, wandb
  Attempting uninstall: six
    Found existing installation: six 1.12.0
    Not uninstalling six at /cvmfs/soft.computecanada.ca/easybuild/software/2017/Core/scipy-stack/2019a/lib/python3.7/site-packages, outside environment /localscratch/yinan.27787815.0/env
    Can't uninstall 'six'. No files were found to uninstall.
Successfully installed Click-8.0.3+computecanada GitPython-3.1.24+computecanada PyYAML-5.3.1+computecanada configparser-5.0.2+computecanada docker-pycreds-0.4.0+computecanada gitdb-4.0.9+computecanada pathtools-0.1.2+computecanada promise-2.3+computecanada protobuf-3.19.3+computecanada psutil-5.7.3+computecanada sentry-sdk-1.5.0+computecanada shortuuid-1.0.1+computecanada six-1.16.0+computecanada smmap-5.0.0+computecanada subprocess32-3.5.4+computecanada termcolor-1.1.0+computecanada typing-extensions-4.0.1+computecanada wandb-0.12.5+computecanada yaspin-2.1.0+computecanada
Looking in links: /cvmfs/soft.computecanada.ca/custom/python/wheelhouse/nix/avx2, /cvmfs/soft.computecanada.ca/custom/python/wheelhouse/nix/generic, /cvmfs/soft.computecanada.ca/custom/python/wheelhouse/generic
ERROR: Could not find a version that satisfies the requirement sagemaker (from versions: none)
ERROR: No matching distribution found for sagemaker
Looking in links: /cvmfs/soft.computecanada.ca/custom/python/wheelhouse/nix/avx2, /cvmfs/soft.computecanada.ca/custom/python/wheelhouse/nix/generic, /cvmfs/soft.computecanada.ca/custom/python/wheelhouse/generic
Processing /cvmfs/soft.computecanada.ca/custom/python/wheelhouse/generic/torch-1.9.1+computecanada-cp37-cp37m-linux_x86_64.whl
Requirement already satisfied: typing-extensions in /localscratch/yinan.27787815.0/env/lib/python3.7/site-packages (from torch) (4.0.1+computecanada)
Installing collected packages: torch
Successfully installed torch-1.9.1+computecanada
Looking in links: /cvmfs/soft.computecanada.ca/custom/python/wheelhouse/nix/avx2, /cvmfs/soft.computecanada.ca/custom/python/wheelhouse/nix/generic, /cvmfs/soft.computecanada.ca/custom/python/wheelhouse/generic
Processing /cvmfs/soft.computecanada.ca/custom/python/wheelhouse/generic/transformers-2.5.1+computecanada-py3-none-any.whl
Processing /cvmfs/soft.computecanada.ca/custom/python/wheelhouse/generic/tqdm-4.62.3+computecanada-py2.py3-none-any.whl
Processing /cvmfs/soft.computecanada.ca/custom/python/wheelhouse/generic/boto3-1.20.52+computecanada-py3-none-any.whl
Processing /cvmfs/soft.computecanada.ca/custom/python/wheelhouse/generic/sacremoses-0.0.46+computecanada-py3-none-any.whl
Processing /cvmfs/soft.computecanada.ca/custom/python/wheelhouse/generic/filelock-3.4.2+computecanada-py3-none-any.whl
Processing /cvmfs/soft.computecanada.ca/custom/python/wheelhouse/generic/regex-2020.11.13+computecanada-cp37-cp37m-linux_x86_64.whl
Processing /cvmfs/soft.computecanada.ca/custom/python/wheelhouse/generic/tokenizers-0.5.2+computecanada-cp37-cp37m-linux_x86_64.whl
Requirement already satisfied: numpy in /cvmfs/soft.computecanada.ca/easybuild/software/2017/Core/scipy-stack/2019a/lib/python3.7/site-packages (from transformers==2.5.1+computecanada) (1.16.0)
Requirement already satisfied: requests in /cvmfs/soft.computecanada.ca/easybuild/software/2017/Core/scipy-stack/2019a/lib/python3.7/site-packages (from transformers==2.5.1+computecanada) (2.21.0)
Processing /cvmfs/soft.computecanada.ca/custom/python/wheelhouse/generic/sentencepiece-0.1.91+computecanada-cp37-cp37m-linux_x86_64.whl
Processing /cvmfs/soft.computecanada.ca/custom/python/wheelhouse/generic/jmespath-0.10.0+computecanada-py2.py3-none-any.whl
Processing /cvmfs/soft.computecanada.ca/custom/python/wheelhouse/generic/s3transfer-0.5.1+computecanada-py3-none-any.whl
Processing /cvmfs/soft.computecanada.ca/custom/python/wheelhouse/generic/botocore-1.23.52+computecanada-py3-none-any.whl
Requirement already satisfied: python-dateutil<3.0.0,>=2.1 in /cvmfs/soft.computecanada.ca/easybuild/software/2017/Core/scipy-stack/2019a/lib/python3.7/site-packages (from botocore<1.24.0,>=1.23.52->boto3->transformers==2.5.1+computecanada) (2.7.5)
Processing /cvmfs/soft.computecanada.ca/custom/python/wheelhouse/generic/urllib3-1.26.8+computecanada-py2.py3-none-any.whl
Requirement already satisfied: six>=1.5 in /localscratch/yinan.27787815.0/env/lib/python3.7/site-packages (from python-dateutil<3.0.0,>=2.1->botocore<1.24.0,>=1.23.52->boto3->transformers==2.5.1+computecanada) (1.16.0+computecanada)
Processing /cvmfs/soft.computecanada.ca/custom/python/wheelhouse/generic/requests-2.27.1+computecanada-py2.py3-none-any.whl
Requirement already satisfied: idna<4,>=2.5 in /cvmfs/soft.computecanada.ca/easybuild/software/2017/Core/scipy-stack/2019a/lib/python3.7/site-packages (from requests->transformers==2.5.1+computecanada) (2.8)
Requirement already satisfied: certifi>=2017.4.17 in /cvmfs/soft.computecanada.ca/easybuild/software/2017/Core/scipy-stack/2019a/lib/python3.7/site-packages (from requests->transformers==2.5.1+computecanada) (2018.11.29)
Processing /cvmfs/soft.computecanada.ca/custom/python/wheelhouse/generic/charset_normalizer-2.0.11+computecanada-py3-none-any.whl
Processing /cvmfs/soft.computecanada.ca/custom/python/wheelhouse/generic/joblib-1.1.0+computecanada-py2.py3-none-any.whl
Requirement already satisfied: click in /localscratch/yinan.27787815.0/env/lib/python3.7/site-packages (from sacremoses->transformers==2.5.1+computecanada) (8.0.3+computecanada)
Requirement already satisfied: importlib-metadata in /cvmfs/soft.computecanada.ca/easybuild/software/2017/Core/scipy-stack/2019a/lib/python3.7/site-packages (from click->sacremoses->transformers==2.5.1+computecanada) (0.8)
Requirement already satisfied: zipp>=0.3.2 in /cvmfs/soft.computecanada.ca/easybuild/software/2017/Core/scipy-stack/2019a/lib/python3.7/site-packages (from importlib-metadata->click->sacremoses->transformers==2.5.1+computecanada) (0.3.3)
Installing collected packages: urllib3, jmespath, botocore, tqdm, s3transfer, regex, joblib, charset-normalizer, tokenizers, sentencepiece, sacremoses, requests, filelock, boto3, transformers
  Attempting uninstall: urllib3
    Found existing installation: urllib3 1.24.1
    Not uninstalling urllib3 at /cvmfs/soft.computecanada.ca/easybuild/software/2017/Core/scipy-stack/2019a/lib/python3.7/site-packages, outside environment /localscratch/yinan.27787815.0/env
    Can't uninstall 'urllib3'. No files were found to uninstall.
  Attempting uninstall: requests
    Found existing installation: requests 2.21.0
    Not uninstalling requests at /cvmfs/soft.computecanada.ca/easybuild/software/2017/Core/scipy-stack/2019a/lib/python3.7/site-packages, outside environment /localscratch/yinan.27787815.0/env
    Can't uninstall 'requests'. No files were found to uninstall.
Successfully installed boto3-1.20.52+computecanada botocore-1.23.52+computecanada charset-normalizer-2.0.11+computecanada filelock-3.4.2+computecanada jmespath-0.10.0+computecanada joblib-1.1.0+computecanada regex-2020.11.13+computecanada requests-2.27.1+computecanada s3transfer-0.5.1+computecanada sacremoses-0.0.46+computecanada sentencepiece-0.1.91+computecanada tokenizers-0.5.2+computecanada tqdm-4.62.3+computecanada transformers-2.5.1+computecanada urllib3-1.26.8+computecanada
Looking in links: /cvmfs/soft.computecanada.ca/custom/python/wheelhouse/nix/avx2, /cvmfs/soft.computecanada.ca/custom/python/wheelhouse/nix/generic, /cvmfs/soft.computecanada.ca/custom/python/wheelhouse/generic
Processing /cvmfs/soft.computecanada.ca/custom/python/wheelhouse/generic/tensorflow_gpu-2.3.0+computecanada-cp37-cp37m-linux_x86_64.whl
Requirement already satisfied: termcolor>=1.1.0 in /localscratch/yinan.27787815.0/env/lib/python3.7/site-packages (from tensorflow_gpu==2.3.0+computecanada) (1.1.0+computecanada)
Processing /cvmfs/soft.computecanada.ca/custom/python/wheelhouse/generic/opt_einsum-3.3.0+computecanada-py3-none-any.whl
Processing /cvmfs/soft.computecanada.ca/custom/python/wheelhouse/generic/wrapt-1.11.2+computecanada-cp37-cp37m-linux_x86_64.whl
Processing /cvmfs/soft.computecanada.ca/custom/python/wheelhouse/generic/grpcio-1.38.0+computecanada-cp37-cp37m-linux_x86_64.whl
Processing /cvmfs/soft.computecanada.ca/custom/python/wheelhouse/generic/tensorflow_estimator-2.3.0+computecanada-py2.py3-none-any.whl
Processing /cvmfs/soft.computecanada.ca/custom/python/wheelhouse/generic/google_pasta-0.2.0+computecanada-py3-none-any.whl
Requirement already satisfied: six>=1.12.0 in /localscratch/yinan.27787815.0/env/lib/python3.7/site-packages (from tensorflow_gpu==2.3.0+computecanada) (1.16.0+computecanada)
Processing /cvmfs/soft.computecanada.ca/custom/python/wheelhouse/generic/Keras_Preprocessing-1.1.2+computecanada-py3-none-any.whl
Processing /cvmfs/soft.computecanada.ca/custom/python/wheelhouse/generic/absl_py-1.0.0+computecanada-py3-none-any.whl
Requirement already satisfied: numpy<1.19.0,>=1.16.0 in /cvmfs/soft.computecanada.ca/easybuild/software/2017/Core/scipy-stack/2019a/lib/python3.7/site-packages (from tensorflow_gpu==2.3.0+computecanada) (1.16.0)
Processing /cvmfs/soft.computecanada.ca/custom/python/wheelhouse/nix/avx2/h5py-2.10.0+computecanada-cp37-cp37m-linux_x86_64.whl
Processing /cvmfs/soft.computecanada.ca/custom/python/wheelhouse/generic/gast-0.3.3+computecanada-py3-none-any.whl
Processing /cvmfs/soft.computecanada.ca/custom/python/wheelhouse/generic/tensorboard-2.6.0+computecanada-py3-none-any.whl
Requirement already satisfied: protobuf>=3.9.2 in /localscratch/yinan.27787815.0/env/lib/python3.7/site-packages (from tensorflow_gpu==2.3.0+computecanada) (3.19.3+computecanada)
Processing /cvmfs/soft.computecanada.ca/custom/python/wheelhouse/nix/generic/scipy-1.4.1+computecanada-cp37-cp37m-linux_x86_64.whl
Requirement already satisfied: wheel>=0.26 in /localscratch/yinan.27787815.0/env/lib/python3.7/site-packages (from tensorflow_gpu==2.3.0+computecanada) (0.33.4)
Processing /cvmfs/soft.computecanada.ca/custom/python/wheelhouse/generic/astunparse-1.6.3+computecanada-py2.py3-none-any.whl
Processing /cvmfs/soft.computecanada.ca/custom/python/wheelhouse/generic/tensorboard_data_server-0.6.1+computecanada-py3-none-linux_x86_64.whl
Processing /cvmfs/soft.computecanada.ca/custom/python/wheelhouse/generic/google_auth-1.35.0+computecanada-py2.py3-none-any.whl
Requirement already satisfied: requests<3,>=2.21.0 in /localscratch/yinan.27787815.0/env/lib/python3.7/site-packages (from tensorboard<3,>=2.3.0->tensorflow_gpu==2.3.0+computecanada) (2.27.1+computecanada)
Processing /cvmfs/soft.computecanada.ca/custom/python/wheelhouse/generic/Markdown-3.3.6+computecanada-py3-none-any.whl
Processing /cvmfs/soft.computecanada.ca/custom/python/wheelhouse/generic/tensorboard_plugin_wit-1.8.0+computecanada-py3-none-any.whl
Requirement already satisfied: setuptools>=41.0.0 in /localscratch/yinan.27787815.0/env/lib/python3.7/site-packages (from tensorboard<3,>=2.3.0->tensorflow_gpu==2.3.0+computecanada) (41.0.1)
Processing /cvmfs/soft.computecanada.ca/custom/python/wheelhouse/generic/google_auth_oauthlib-0.4.6+computecanada-py2.py3-none-any.whl
Processing /cvmfs/soft.computecanada.ca/custom/python/wheelhouse/generic/Werkzeug-2.0.3+computecanada-py3-none-any.whl
Processing /cvmfs/soft.computecanada.ca/custom/python/wheelhouse/generic/pyasn1_modules-0.2.8+computecanada-py2.py3-none-any.whl
Processing /cvmfs/soft.computecanada.ca/custom/python/wheelhouse/generic/rsa-4.8+computecanada-py3-none-any.whl
Processing /cvmfs/soft.computecanada.ca/custom/python/wheelhouse/generic/cachetools-4.2.4+computecanada-py3-none-any.whl
Processing /cvmfs/soft.computecanada.ca/custom/python/wheelhouse/generic/requests_oauthlib-1.3.0+computecanada-py2.py3-none-any.whl
Processing /cvmfs/soft.computecanada.ca/custom/python/wheelhouse/generic/importlib_metadata-4.10.1+computecanada-py3-none-any.whl
Processing /cvmfs/soft.computecanada.ca/custom/python/wheelhouse/generic/zipp-3.7.0+computecanada-py3-none-any.whl
Requirement already satisfied: typing-extensions>=3.6.4 in /localscratch/yinan.27787815.0/env/lib/python3.7/site-packages (from importlib-metadata>=4.4->markdown>=2.6.8->tensorboard<3,>=2.3.0->tensorflow_gpu==2.3.0+computecanada) (4.0.1+computecanada)
Processing /cvmfs/soft.computecanada.ca/custom/python/wheelhouse/generic/pyasn1-0.4.8+computecanada-py2.py3-none-any.whl
Requirement already satisfied: charset-normalizer~=2.0.0 in /localscratch/yinan.27787815.0/env/lib/python3.7/site-packages (from requests<3,>=2.21.0->tensorboard<3,>=2.3.0->tensorflow_gpu==2.3.0+computecanada) (2.0.11+computecanada)
Requirement already satisfied: certifi>=2017.4.17 in /cvmfs/soft.computecanada.ca/easybuild/software/2017/Core/scipy-stack/2019a/lib/python3.7/site-packages (from requests<3,>=2.21.0->tensorboard<3,>=2.3.0->tensorflow_gpu==2.3.0+computecanada) (2018.11.29)
Requirement already satisfied: idna<4,>=2.5 in /cvmfs/soft.computecanada.ca/easybuild/software/2017/Core/scipy-stack/2019a/lib/python3.7/site-packages (from requests<3,>=2.21.0->tensorboard<3,>=2.3.0->tensorflow_gpu==2.3.0+computecanada) (2.8)
Requirement already satisfied: urllib3<1.27,>=1.21.1 in /localscratch/yinan.27787815.0/env/lib/python3.7/site-packages (from requests<3,>=2.21.0->tensorboard<3,>=2.3.0->tensorflow_gpu==2.3.0+computecanada) (1.26.8+computecanada)
Processing /cvmfs/soft.computecanada.ca/custom/python/wheelhouse/generic/oauthlib-3.1.1+computecanada-py2.py3-none-any.whl
Installing collected packages: pyasn1, zipp, rsa, pyasn1-modules, oauthlib, cachetools, requests-oauthlib, importlib-metadata, google-auth, werkzeug, tensorboard-plugin-wit, tensorboard-data-server, markdown, grpcio, google-auth-oauthlib, absl-py, wrapt, tensorflow-estimator, tensorboard, scipy, opt-einsum, keras-preprocessing, h5py, google-pasta, gast, astunparse, tensorflow-gpu
  Attempting uninstall: pyasn1
    Found existing installation: pyasn1 0.4.3
    Not uninstalling pyasn1 at /cvmfs/soft.computecanada.ca/easybuild/software/2017/Core/scipy-stack/2019a/lib/python3.7/site-packages, outside environment /localscratch/yinan.27787815.0/env
    Can't uninstall 'pyasn1'. No files were found to uninstall.
  Attempting uninstall: zipp
    Found existing installation: zipp 0.3.3
    Not uninstalling zipp at /cvmfs/soft.computecanada.ca/easybuild/software/2017/Core/scipy-stack/2019a/lib/python3.7/site-packages, outside environment /localscratch/yinan.27787815.0/env
    Can't uninstall 'zipp'. No files were found to uninstall.
  Attempting uninstall: importlib-metadata
    Found existing installation: importlib-metadata 0.8
    Not uninstalling importlib-metadata at /cvmfs/soft.computecanada.ca/easybuild/software/2017/Core/scipy-stack/2019a/lib/python3.7/site-packages, outside environment /localscratch/yinan.27787815.0/env
    Can't uninstall 'importlib-metadata'. No files were found to uninstall.
  Attempting uninstall: scipy
    Found existing installation: scipy 1.2.0
    Not uninstalling scipy at /cvmfs/soft.computecanada.ca/easybuild/software/2017/Core/scipy-stack/2019a/lib/python3.7/site-packages, outside environment /localscratch/yinan.27787815.0/env
    Can't uninstall 'scipy'. No files were found to uninstall.
Successfully installed absl-py-1.0.0+computecanada astunparse-1.6.3+computecanada cachetools-4.2.4+computecanada gast-0.3.3+computecanada google-auth-1.35.0+computecanada google-auth-oauthlib-0.4.6+computecanada google-pasta-0.2.0+computecanada grpcio-1.38.0+computecanada h5py-2.10.0+computecanada importlib-metadata-4.10.1+computecanada keras-preprocessing-1.1.2+computecanada markdown-3.3.6+computecanada oauthlib-3.1.1+computecanada opt-einsum-3.3.0+computecanada pyasn1-0.4.8+computecanada pyasn1-modules-0.2.8+computecanada requests-oauthlib-1.3.0+computecanada rsa-4.8+computecanada scipy-1.4.1+computecanada tensorboard-2.6.0+computecanada tensorboard-data-server-0.6.1+computecanada tensorboard-plugin-wit-1.8.0+computecanada tensorflow-estimator-2.3.0+computecanada tensorflow-gpu-2.3.0+computecanada werkzeug-2.0.3+computecanada wrapt-1.11.2+computecanada zipp-3.7.0+computecanada
Looking in links: /cvmfs/soft.computecanada.ca/custom/python/wheelhouse/nix/avx2, /cvmfs/soft.computecanada.ca/custom/python/wheelhouse/nix/generic, /cvmfs/soft.computecanada.ca/custom/python/wheelhouse/generic
Processing /cvmfs/soft.computecanada.ca/custom/python/wheelhouse/generic/keras-2.7.0+computecanada-py2.py3-none-any.whl
Installing collected packages: Keras
Successfully installed Keras-2.7.0+computecanada
Looking in links: /cvmfs/soft.computecanada.ca/custom/python/wheelhouse/nix/avx2, /cvmfs/soft.computecanada.ca/custom/python/wheelhouse/nix/generic, /cvmfs/soft.computecanada.ca/custom/python/wheelhouse/generic
Processing /cvmfs/soft.computecanada.ca/custom/python/wheelhouse/generic/urllib3-1.26.7+computecanada-py2.py3-none-any.whl
Installing collected packages: urllib3
  Attempting uninstall: urllib3
    Found existing installation: urllib3 1.26.8+computecanada
    Uninstalling urllib3-1.26.8+computecanada:
      Successfully uninstalled urllib3-1.26.8+computecanada
Successfully installed urllib3-1.26.7+computecanada
Looking in links: /cvmfs/soft.computecanada.ca/custom/python/wheelhouse/nix/avx2, /cvmfs/soft.computecanada.ca/custom/python/wheelhouse/nix/generic, /cvmfs/soft.computecanada.ca/custom/python/wheelhouse/generic
Processing /cvmfs/soft.computecanada.ca/custom/python/wheelhouse/generic/nltk-3.7+computecanada-py3-none-any.whl
Requirement already satisfied: tqdm in /localscratch/yinan.27787815.0/env/lib/python3.7/site-packages (from nltk) (4.62.3+computecanada)
Processing /cvmfs/soft.computecanada.ca/custom/python/wheelhouse/generic/nltk-3.6.5+computecanada-py3-none-any.whl
Processing /cvmfs/soft.computecanada.ca/custom/python/wheelhouse/generic/nltk-3.6.3+computecanada-py3-none-any.whl
Requirement already satisfied: regex in /localscratch/yinan.27787815.0/env/lib/python3.7/site-packages (from nltk) (2020.11.13+computecanada)
Requirement already satisfied: joblib in /localscratch/yinan.27787815.0/env/lib/python3.7/site-packages (from nltk) (1.1.0+computecanada)
Requirement already satisfied: click in /localscratch/yinan.27787815.0/env/lib/python3.7/site-packages (from nltk) (8.0.3+computecanada)
Requirement already satisfied: importlib-metadata in /localscratch/yinan.27787815.0/env/lib/python3.7/site-packages (from click->nltk) (4.10.1+computecanada)
Requirement already satisfied: zipp>=0.5 in /localscratch/yinan.27787815.0/env/lib/python3.7/site-packages (from importlib-metadata->click->nltk) (3.7.0+computecanada)
Requirement already satisfied: typing-extensions>=3.6.4 in /localscratch/yinan.27787815.0/env/lib/python3.7/site-packages (from importlib-metadata->click->nltk) (4.0.1+computecanada)
Installing collected packages: nltk
Successfully installed nltk-3.6.3+computecanada
Looking in links: /cvmfs/soft.computecanada.ca/custom/python/wheelhouse/nix/avx2, /cvmfs/soft.computecanada.ca/custom/python/wheelhouse/nix/generic, /cvmfs/soft.computecanada.ca/custom/python/wheelhouse/generic
Processing /cvmfs/soft.computecanada.ca/custom/python/wheelhouse/generic/scikit_learn-0.22.1+computecanada-cp37-cp37m-linux_x86_64.whl
Requirement already satisfied: scipy>=0.17.0 in /localscratch/yinan.27787815.0/env/lib/python3.7/site-packages (from scikit-learn==0.22.1) (1.4.1+computecanada)
Requirement already satisfied: joblib>=0.11 in /localscratch/yinan.27787815.0/env/lib/python3.7/site-packages (from scikit-learn==0.22.1) (1.1.0+computecanada)
Requirement already satisfied: numpy>=1.11.0 in /cvmfs/soft.computecanada.ca/easybuild/software/2017/Core/scipy-stack/2019a/lib/python3.7/site-packages (from scikit-learn==0.22.1) (1.16.0)
Installing collected packages: scikit-learn
Successfully installed scikit-learn-0.22.1+computecanada
Looking in links: /cvmfs/soft.computecanada.ca/custom/python/wheelhouse/nix/avx2, /cvmfs/soft.computecanada.ca/custom/python/wheelhouse/nix/generic, /cvmfs/soft.computecanada.ca/custom/python/wheelhouse/generic
Requirement already satisfied: tokenizers==0.5.2 in /localscratch/yinan.27787815.0/env/lib/python3.7/site-packages (0.5.2+computecanada)
wandb: Appending key for api.wandb.ai to your netrc file: /home/yinan/.netrc
Starting Task
2022-02-25 10:39:06.161971: I tensorflow/stream_executor/platform/default/dso_loader.cc:48] Successfully opened dynamic library libcudart.so.10.1
[nltk_data] Downloading package stopwords to /home/yinan/nltk_data...
[nltk_data]   Package stopwords is already up-to-date!
[nltk_data] Downloading package wordnet to /home/yinan/nltk_data...
[nltk_data]   Package wordnet is already up-to-date!
wandb: Currently logged in as: yinanazhou (use `wandb login --relogin` to force relogin)
wandb: wandb version 0.12.10 is available!  To upgrade, please run:
wandb:  $ pip install wandb --upgrade
2022-02-25 10:39:15.233164: I tensorflow/stream_executor/platform/default/dso_loader.cc:48] Successfully opened dynamic library libcudart.so.10.1
wandb: Tracking run with wandb version 0.12.5
wandb: Syncing run fine-wind-1
wandb: ⭐️ View project at https://wandb.ai/yinanazhou/xl_512_bs_8_lr_1e06_es_50_lc_False_nr_False_stem_False_lemma_False_repeat_1_fold_1
wandb: 🚀 View run at https://wandb.ai/yinanazhou/xl_512_bs_8_lr_1e06_es_50_lc_False_nr_False_stem_False_lemma_False_repeat_1_fold_1/runs/q3jzglzx
wandb: Run data is saved locally in /project/6002780/yinan/Thesis_MER_Lyrics/lyric-emotion/wandb/run-20220225_103912-q3jzglzx
wandb: Run `wandb offline` to turn off syncing.

Validation loss decreased (inf --> 1.374188).  Saving model ...
Validation loss decreased (1.374188 --> 1.329398).  Saving model ...
Validation loss decreased (1.329398 --> 1.302155).  Saving model ...
Validation loss decreased (1.302155 --> 1.273361).  Saving model ...
Validation loss decreased (1.273361 --> 1.248347).  Saving model ...
Validation loss decreased (1.248347 --> 1.223967).  Saving model ...
Validation loss decreased (1.223967 --> 1.200160).  Saving model ...
Validation loss decreased (1.200160 --> 1.173881).  Saving model ...
Validation loss decreased (1.173881 --> 1.154466).  Saving model ...
Validation loss decreased (1.154466 --> 1.121819).  Saving model ...
Validation loss decreased (1.121819 --> 1.099142).  Saving model ...
Validation loss decreased (1.099142 --> 1.067754).  Saving model ...
EarlyStopping counter: 1 out of 50.0
Validation loss decreased (1.067754 --> 1.062497).  Saving model ...
Validation loss decreased (1.062497 --> 1.020190).  Saving model ...
Validation loss decreased (1.020190 --> 1.008085).  Saving model ...
Validation loss decreased (1.008085 --> 0.999611).  Saving model ...
Validation loss decreased (0.999611 --> 0.983174).  Saving model ...
Validation loss decreased (0.983174 --> 0.978750).  Saving model ...
Validation loss decreased (0.978750 --> 0.969035).  Saving model ...
Validation loss decreased (0.969035 --> 0.966636).  Saving model ...
Validation loss decreased (0.966636 --> 0.962394).  Saving model ...
Validation loss decreased (0.962394 --> 0.960351).  Saving model ...
Validation loss decreased (0.960351 --> 0.953076).  Saving model ...
Validation loss decreased (0.953076 --> 0.952438).  Saving model ...
EarlyStopping counter: 1 out of 50.0
EarlyStopping counter: 2 out of 50.0
EarlyStopping counter: 3 out of 50.0
EarlyStopping counter: 4 out of 50.0
EarlyStopping counter: 5 out of 50.0
EarlyStopping counter: 6 out of 50.0
EarlyStopping counter: 7 out of 50.0
EarlyStopping counter: 8 out of 50.0
EarlyStopping counter: 9 out of 50.0
EarlyStopping counter: 10 out of 50.0
EarlyStopping counter: 11 out of 50.0
EarlyStopping counter: 12 out of 50.0
EarlyStopping counter: 13 out of 50.0
EarlyStopping counter: 14 out of 50.0
EarlyStopping counter: 15 out of 50.0
EarlyStopping counter: 16 out of 50.0
EarlyStopping counter: 17 out of 50.0
EarlyStopping counter: 18 out of 50.0
EarlyStopping counter: 19 out of 50.0
EarlyStopping counter: 20 out of 50.0
EarlyStopping counter: 21 out of 50.0
EarlyStopping counter: 22 out of 50.0
EarlyStopping counter: 23 out of 50.0
EarlyStopping counter: 24 out of 50.0
EarlyStopping counter: 25 out of 50.0
EarlyStopping counter: 26 out of 50.0
EarlyStopping counter: 27 out of 50.0
EarlyStopping counter: 28 out of 50.0
EarlyStopping counter: 29 out of 50.0
EarlyStopping counter: 30 out of 50.0
EarlyStopping counter: 31 out of 50.0
EarlyStopping counter: 32 out of 50.0
EarlyStopping counter: 33 out of 50.0
EarlyStopping counter: 34 out of 50.0
EarlyStopping counter: 35 out of 50.0
EarlyStopping counter: 36 out of 50.0
EarlyStopping counter: 37 out of 50.0
EarlyStopping counter: 38 out of 50.0
EarlyStopping counter: 39 out of 50.0
EarlyStopping counter: 40 out of 50.0
EarlyStopping counter: 41 out of 50.0
EarlyStopping counter: 42 out of 50.0
EarlyStopping counter: 43 out of 50.0
EarlyStopping counter: 44 out of 50.0
EarlyStopping counter: 45 out of 50.0
EarlyStopping counter: 46 out of 50.0
EarlyStopping counter: 47 out of 50.0
EarlyStopping counter: 48 out of 50.0
EarlyStopping counter: 49 out of 50.0
EarlyStopping counter: 50 out of 50.0
/localscratch/yinan.27787815.0/env/lib/python3.7/site-packages/torch/nn/functional.py:1794: UserWarning: nn.functional.tanh is deprecated. Use torch.tanh instead.
  warnings.warn("nn.functional.tanh is deprecated. Use torch.tanh instead.")
/localscratch/yinan.27787815.0/env/lib/python3.7/site-packages/transformers/optimization.py:155: UserWarning: This overload of add_ is deprecated:
	add_(Number alpha, Tensor other)
Consider using one of the following signatures instead:
	add_(Tensor other, *, Number alpha) (Triggered internally at  ../torch/csrc/utils/python_arg_parser.cpp:1025.)
  exp_avg.mul_(beta1).add_(1.0 - beta1, grad)
wandb: Waiting for W&B process to finish, PID 56062... (success).
wandb: - 0.00MB of 0.00MB uploaded (0.00MB deduped)wandb: \ 0.00MB of 0.00MB uploaded (0.00MB deduped)wandb: | 0.00MB of 0.00MB uploaded (0.00MB deduped)wandb: / 0.00MB of 0.00MB uploaded (0.00MB deduped)wandb: - 0.00MB of 0.00MB uploaded (0.00MB deduped)wandb: \ 0.00MB of 0.00MB uploaded (0.00MB deduped)wandb: | 0.00MB of 0.00MB uploaded (0.00MB deduped)wandb: / 0.00MB of 0.00MB uploaded (0.00MB deduped)wandb: - 0.00MB of 0.00MB uploaded (0.00MB deduped)wandb: \ 0.00MB of 0.00MB uploaded (0.00MB deduped)wandb: | 0.00MB of 0.00MB uploaded (0.00MB deduped)wandb: / 0.00MB of 0.00MB uploaded (0.00MB deduped)wandb: - 0.00MB of 0.00MB uploaded (0.00MB deduped)wandb: \ 0.00MB of 0.00MB uploaded (0.00MB deduped)wandb:                                                                                
wandb: Run history:
wandb:     e_F1 ▁▄▄▅▅▆▇▆▇▇▇▇▇▇▇▇▇▇▇█████████████████████
wandb:   e_loss █▇▆▆▅▄▃▃▂▂▁▁▁▁▁▁▁▁▁▁▁▂▂▂▂▃▃▃▄▄▄▄▄▅▅▅▆▆▆▇
wandb:     t_F1 ▁▂▃▃▄▄▅▅▅▅▅▆▆▆▆▆▆▆▇▇▇▇▇▇▇▇▇▇████████████
wandb:   t_loss ██▇▇▇▆▆▅▅▅▅▄▄▄▄▄▃▃▃▃▃▃▃▂▂▂▂▂▂▂▂▂▁▁▁▁▁▁▁▁
wandb: 
wandb: Run summary:
wandb:     e_F1 63.04459
wandb:   e_loss 1.29338
wandb:     t_F1 98.94375
wandb:   t_loss 0.09713
wandb: 
wandb: Synced 4 W&B file(s), 0 media file(s), 0 artifact file(s) and 0 other file(s)
wandb: Synced fine-wind-1: https://wandb.ai/yinanazhou/xl_512_bs_8_lr_1e06_es_50_lc_False_nr_False_stem_False_lemma_False_repeat_1_fold_1/runs/q3jzglzx
wandb: Find logs at: ./wandb/run-20220225_103912-q3jzglzx/logs/debug.log
wandb: 

wandb: wandb version 0.12.10 is available!  To upgrade, please run:
wandb:  $ pip install wandb --upgrade
2022-02-25 11:50:09.804548: I tensorflow/stream_executor/platform/default/dso_loader.cc:48] Successfully opened dynamic library libcudart.so.10.1
wandb: Tracking run with wandb version 0.12.5
wandb: Syncing run deft-music-1
wandb: ⭐️ View project at https://wandb.ai/yinanazhou/xl_512_bs_8_lr_1e06_es_50_lc_False_nr_False_stem_False_lemma_False_repeat_1_fold_2
wandb: 🚀 View run at https://wandb.ai/yinanazhou/xl_512_bs_8_lr_1e06_es_50_lc_False_nr_False_stem_False_lemma_False_repeat_1_fold_2/runs/1wd7gttl
wandb: Run data is saved locally in /project/6002780/yinan/Thesis_MER_Lyrics/lyric-emotion/wandb/run-20220225_115007-1wd7gttl
wandb: Run `wandb offline` to turn off syncing.

Validation loss decreased (inf --> 1.400426).  Saving model ...
Validation loss decreased (1.400426 --> 1.354830).  Saving model ...
Validation loss decreased (1.354830 --> 1.320859).  Saving model ...
Validation loss decreased (1.320859 --> 1.293557).  Saving model ...
Validation loss decreased (1.293557 --> 1.261523).  Saving model ...
Validation loss decreased (1.261523 --> 1.221698).  Saving model ...
Validation loss decreased (1.221698 --> 1.173691).  Saving model ...
Validation loss decreased (1.173691 --> 1.140763).  Saving model ...
Validation loss decreased (1.140763 --> 1.109042).  Saving model ...
Validation loss decreased (1.109042 --> 1.080656).  Saving model ...
Validation loss decreased (1.080656 --> 1.053755).  Saving model ...
Validation loss decreased (1.053755 --> 1.020119).  Saving model ...
Validation loss decreased (1.020119 --> 0.998944).  Saving model ...
Validation loss decreased (0.998944 --> 0.978735).  Saving model ...
Validation loss decreased (0.978735 --> 0.958942).  Saving model ...
Validation loss decreased (0.958942 --> 0.943365).  Saving model ...
Validation loss decreased (0.943365 --> 0.934894).  Saving model ...
Validation loss decreased (0.934894 --> 0.930355).  Saving model ...
Validation loss decreased (0.930355 --> 0.922979).  Saving model ...
Validation loss decreased (0.922979 --> 0.922803).  Saving model ...
Validation loss decreased (0.922803 --> 0.914088).  Saving model ...
Validation loss decreased (0.914088 --> 0.909751).  Saving model ...
EarlyStopping counter: 1 out of 50.0
EarlyStopping counter: 2 out of 50.0
Validation loss decreased (0.909751 --> 0.909627).  Saving model ...
Validation loss decreased (0.909627 --> 0.909107).  Saving model ...
EarlyStopping counter: 1 out of 50.0
EarlyStopping counter: 2 out of 50.0
EarlyStopping counter: 3 out of 50.0
EarlyStopping counter: 4 out of 50.0
EarlyStopping counter: 5 out of 50.0
EarlyStopping counter: 6 out of 50.0
EarlyStopping counter: 7 out of 50.0
EarlyStopping counter: 8 out of 50.0
EarlyStopping counter: 9 out of 50.0
EarlyStopping counter: 10 out of 50.0
EarlyStopping counter: 11 out of 50.0
EarlyStopping counter: 12 out of 50.0
EarlyStopping counter: 13 out of 50.0
EarlyStopping counter: 14 out of 50.0
EarlyStopping counter: 15 out of 50.0
EarlyStopping counter: 16 out of 50.0
EarlyStopping counter: 17 out of 50.0
EarlyStopping counter: 18 out of 50.0
EarlyStopping counter: 19 out of 50.0
EarlyStopping counter: 20 out of 50.0
EarlyStopping counter: 21 out of 50.0
EarlyStopping counter: 22 out of 50.0
EarlyStopping counter: 23 out of 50.0
EarlyStopping counter: 24 out of 50.0
EarlyStopping counter: 25 out of 50.0
EarlyStopping counter: 26 out of 50.0
EarlyStopping counter: 27 out of 50.0
EarlyStopping counter: 28 out of 50.0
EarlyStopping counter: 29 out of 50.0
EarlyStopping counter: 30 out of 50.0
EarlyStopping counter: 31 out of 50.0
EarlyStopping counter: 32 out of 50.0
EarlyStopping counter: 33 out of 50.0
EarlyStopping counter: 34 out of 50.0
EarlyStopping counter: 35 out of 50.0
EarlyStopping counter: 36 out of 50.0
EarlyStopping counter: 37 out of 50.0
EarlyStopping counter: 38 out of 50.0
EarlyStopping counter: 39 out of 50.0
EarlyStopping counter: 40 out of 50.0
EarlyStopping counter: 41 out of 50.0
EarlyStopping counter: 42 out of 50.0
EarlyStopping counter: 43 out of 50.0
EarlyStopping counter: 44 out of 50.0
EarlyStopping counter: 45 out of 50.0
EarlyStopping counter: 46 out of 50.0
EarlyStopping counter: 47 out of 50.0
EarlyStopping counter: 48 out of 50.0
EarlyStopping counter: 49 out of 50.0
EarlyStopping counter: 50 out of 50.0
/localscratch/yinan.27787815.0/env/lib/python3.7/site-packages/torch/nn/functional.py:1794: UserWarning: nn.functional.tanh is deprecated. Use torch.tanh instead.
  warnings.warn("nn.functional.tanh is deprecated. Use torch.tanh instead.")
wandb: Waiting for W&B process to finish, PID 59925... (success).
wandb: - 0.00MB of 0.00MB uploaded (0.00MB deduped)wandb: \ 0.00MB of 0.00MB uploaded (0.00MB deduped)wandb: | 0.00MB of 0.00MB uploaded (0.00MB deduped)wandb: / 0.00MB of 0.00MB uploaded (0.00MB deduped)wandb: - 0.00MB of 0.00MB uploaded (0.00MB deduped)wandb: \ 0.00MB of 0.00MB uploaded (0.00MB deduped)wandb: | 0.00MB of 0.00MB uploaded (0.00MB deduped)wandb: / 0.00MB of 0.00MB uploaded (0.00MB deduped)wandb: - 0.00MB of 0.00MB uploaded (0.00MB deduped)wandb: \ 0.00MB of 0.00MB uploaded (0.00MB deduped)wandb: | 0.00MB of 0.00MB uploaded (0.00MB deduped)wandb: / 0.00MB of 0.00MB uploaded (0.00MB deduped)wandb: - 0.00MB of 0.00MB uploaded (0.00MB deduped)wandb: \ 0.00MB of 0.00MB uploaded (0.00MB deduped)wandb:                                                                                
wandb: Run history:
wandb:     e_F1 ▁▂▅▅▇▇▇▇█████████████████████▇▇██▇██▇▇▇▇
wandb:   e_loss ▇▆▅▅▄▃▂▂▁▁▁▁▁▁▁▁▁▁▂▂▂▂▃▃▃▃▄▄▄▅▅▅▅▆▆▆▇███
wandb:     t_F1 ▁▂▂▃▄▄▅▅▅▅▆▆▆▆▆▆▇▇▇▇▇▇▇█████████████████
wandb:   t_loss ██▇▇▇▆▆▅▅▅▅▄▄▄▄▄▃▃▃▃▃▂▂▂▂▂▂▂▂▁▁▁▁▁▁▁▁▁▁▁
wandb: 
wandb: Run summary:
wandb:     e_F1 58.72788
wandb:   e_loss 1.53277
wandb:     t_F1 99.7933
wandb:   t_loss 0.04046
wandb: 
wandb: Synced 4 W&B file(s), 0 media file(s), 0 artifact file(s) and 0 other file(s)
wandb: Synced deft-music-1: https://wandb.ai/yinanazhou/xl_512_bs_8_lr_1e06_es_50_lc_False_nr_False_stem_False_lemma_False_repeat_1_fold_2/runs/1wd7gttl
wandb: Find logs at: ./wandb/run-20220225_115007-1wd7gttl/logs/debug.log
wandb: 

wandb: wandb version 0.12.10 is available!  To upgrade, please run:
wandb:  $ pip install wandb --upgrade
2022-02-25 13:02:06.717336: I tensorflow/stream_executor/platform/default/dso_loader.cc:48] Successfully opened dynamic library libcudart.so.10.1
wandb: Tracking run with wandb version 0.12.5
wandb: Syncing run breezy-breeze-1
wandb: ⭐️ View project at https://wandb.ai/yinanazhou/xl_512_bs_8_lr_1e06_es_50_lc_False_nr_False_stem_False_lemma_False_repeat_2_fold_1
wandb: 🚀 View run at https://wandb.ai/yinanazhou/xl_512_bs_8_lr_1e06_es_50_lc_False_nr_False_stem_False_lemma_False_repeat_2_fold_1/runs/agcqvj1i
wandb: Run data is saved locally in /project/6002780/yinan/Thesis_MER_Lyrics/lyric-emotion/wandb/run-20220225_130202-agcqvj1i
wandb: Run `wandb offline` to turn off syncing.

Validation loss decreased (inf --> 1.412146).  Saving model ...
Validation loss decreased (1.412146 --> 1.370353).  Saving model ...
Validation loss decreased (1.370353 --> 1.345316).  Saving model ...
Validation loss decreased (1.345316 --> 1.336114).  Saving model ...
Validation loss decreased (1.336114 --> 1.323662).  Saving model ...
Validation loss decreased (1.323662 --> 1.301893).  Saving model ...
Validation loss decreased (1.301893 --> 1.276967).  Saving model ...
Validation loss decreased (1.276967 --> 1.245584).  Saving model ...
Validation loss decreased (1.245584 --> 1.222117).  Saving model ...
Validation loss decreased (1.222117 --> 1.182664).  Saving model ...
Validation loss decreased (1.182664 --> 1.158014).  Saving model ...
Validation loss decreased (1.158014 --> 1.122840).  Saving model ...
Validation loss decreased (1.122840 --> 1.103628).  Saving model ...
Validation loss decreased (1.103628 --> 1.084090).  Saving model ...
Validation loss decreased (1.084090 --> 1.073115).  Saving model ...
Validation loss decreased (1.073115 --> 1.051838).  Saving model ...
Validation loss decreased (1.051838 --> 1.035987).  Saving model ...
Validation loss decreased (1.035987 --> 1.023400).  Saving model ...
Validation loss decreased (1.023400 --> 1.010935).  Saving model ...
Validation loss decreased (1.010935 --> 1.006677).  Saving model ...
Validation loss decreased (1.006677 --> 0.995303).  Saving model ...
Validation loss decreased (0.995303 --> 0.985618).  Saving model ...
Validation loss decreased (0.985618 --> 0.976066).  Saving model ...
EarlyStopping counter: 1 out of 50.0
EarlyStopping counter: 2 out of 50.0
Validation loss decreased (0.976066 --> 0.969261).  Saving model ...
Validation loss decreased (0.969261 --> 0.969155).  Saving model ...
Validation loss decreased (0.969155 --> 0.964928).  Saving model ...
EarlyStopping counter: 1 out of 50.0
EarlyStopping counter: 2 out of 50.0
EarlyStopping counter: 3 out of 50.0
EarlyStopping counter: 4 out of 50.0
EarlyStopping counter: 5 out of 50.0
EarlyStopping counter: 6 out of 50.0
EarlyStopping counter: 7 out of 50.0
EarlyStopping counter: 8 out of 50.0
EarlyStopping counter: 9 out of 50.0
EarlyStopping counter: 10 out of 50.0
EarlyStopping counter: 11 out of 50.0
EarlyStopping counter: 12 out of 50.0
EarlyStopping counter: 13 out of 50.0
EarlyStopping counter: 14 out of 50.0
EarlyStopping counter: 15 out of 50.0
EarlyStopping counter: 16 out of 50.0
EarlyStopping counter: 17 out of 50.0
EarlyStopping counter: 18 out of 50.0
EarlyStopping counter: 19 out of 50.0
EarlyStopping counter: 20 out of 50.0
EarlyStopping counter: 21 out of 50.0
EarlyStopping counter: 22 out of 50.0
EarlyStopping counter: 23 out of 50.0
EarlyStopping counter: 24 out of 50.0
EarlyStopping counter: 25 out of 50.0
EarlyStopping counter: 26 out of 50.0
EarlyStopping counter: 27 out of 50.0
EarlyStopping counter: 28 out of 50.0
EarlyStopping counter: 29 out of 50.0
EarlyStopping counter: 30 out of 50.0
EarlyStopping counter: 31 out of 50.0
EarlyStopping counter: 32 out of 50.0
EarlyStopping counter: 33 out of 50.0
EarlyStopping counter: 34 out of 50.0
EarlyStopping counter: 35 out of 50.0
EarlyStopping counter: 36 out of 50.0
EarlyStopping counter: 37 out of 50.0
EarlyStopping counter: 38 out of 50.0
EarlyStopping counter: 39 out of 50.0
EarlyStopping counter: 40 out of 50.0
EarlyStopping counter: 41 out of 50.0
EarlyStopping counter: 42 out of 50.0
EarlyStopping counter: 43 out of 50.0
EarlyStopping counter: 44 out of 50.0
EarlyStopping counter: 45 out of 50.0
EarlyStopping counter: 46 out of 50.0
EarlyStopping counter: 47 out of 50.0
EarlyStopping counter: 48 out of 50.0
EarlyStopping counter: 49 out of 50.0
EarlyStopping counter: 50 out of 50.0
/localscratch/yinan.27787815.0/env/lib/python3.7/site-packages/torch/nn/functional.py:1794: UserWarning: nn.functional.tanh is deprecated. Use torch.tanh instead.
  warnings.warn("nn.functional.tanh is deprecated. Use torch.tanh instead.")
wandb: Waiting for W&B process to finish, PID 63787... (success).
wandb: - 0.00MB of 0.00MB uploaded (0.00MB deduped)wandb: \ 0.00MB of 0.00MB uploaded (0.00MB deduped)wandb: | 0.00MB of 0.00MB uploaded (0.00MB deduped)wandb: / 0.00MB of 0.00MB uploaded (0.00MB deduped)wandb: - 0.00MB of 0.00MB uploaded (0.00MB deduped)wandb: \ 0.00MB of 0.00MB uploaded (0.00MB deduped)wandb: | 0.00MB of 0.00MB uploaded (0.00MB deduped)wandb: / 0.00MB of 0.00MB uploaded (0.00MB deduped)wandb: - 0.00MB of 0.00MB uploaded (0.00MB deduped)wandb: \ 0.00MB of 0.00MB uploaded (0.00MB deduped)wandb: | 0.00MB of 0.00MB uploaded (0.00MB deduped)wandb: / 0.00MB of 0.00MB uploaded (0.00MB deduped)wandb: - 0.00MB of 0.00MB uploaded (0.00MB deduped)wandb: \ 0.00MB of 0.00MB uploaded (0.00MB deduped)wandb: | 0.00MB of 0.00MB uploaded (0.00MB deduped)wandb: / 0.00MB of 0.00MB uploaded (0.00MB deduped)wandb: - 0.00MB of 0.00MB uploaded (0.00MB deduped)wandb: \ 0.00MB of 0.00MB uploaded (0.00MB deduped)wandb: | 0.00MB of 0.00MB uploaded (0.00MB deduped)wandb: / 0.00MB of 0.00MB uploaded (0.00MB deduped)wandb: - 0.00MB of 0.00MB uploaded (0.00MB deduped)wandb: \ 0.00MB of 0.00MB uploaded (0.00MB deduped)wandb: | 0.00MB of 0.00MB uploaded (0.00MB deduped)wandb: / 0.00MB of 0.00MB uploaded (0.00MB deduped)wandb: - 0.00MB of 0.00MB uploaded (0.00MB deduped)wandb: \ 0.00MB of 0.00MB uploaded (0.00MB deduped)wandb: | 0.00MB of 0.00MB uploaded (0.00MB deduped)wandb: / 0.00MB of 0.00MB uploaded (0.00MB deduped)wandb: - 0.00MB of 0.00MB uploaded (0.00MB deduped)wandb: \ 0.00MB of 0.00MB uploaded (0.00MB deduped)wandb: | 0.00MB of 0.00MB uploaded (0.00MB deduped)wandb: / 0.00MB of 0.00MB uploaded (0.00MB deduped)wandb:                                                                                
wandb: Run history:
wandb:     e_F1 ▁▂▃▄▅▆▆▇▇▇▇▇▇██████████████████████████▇
wandb:   e_loss ▅▅▄▄▄▃▂▂▂▂▁▁▁▁▁▁▁▁▁▂▂▂▂▃▃▃▄▄▄▄▅▅▅▅▆▆▇▆▇█
wandb:     t_F1 ▁▁▂▂▃▄▄▄▅▅▆▆▆▆▇▆▇▇▇▇▇▇██████████████████
wandb:   t_loss ██▇▇▇▇▆▆▅▅▅▄▄▄▄▄▃▃▃▃▃▂▂▂▂▂▂▁▁▁▁▁▁▁▁▁▁▁▁▁
wandb: 
wandb: Run summary:
wandb:     e_F1 56.70908
wandb:   e_loss 1.71756
wandb:     t_F1 99.3617
wandb:   t_loss 0.03581
wandb: 
wandb: Synced 4 W&B file(s), 0 media file(s), 0 artifact file(s) and 0 other file(s)
wandb: Synced breezy-breeze-1: https://wandb.ai/yinanazhou/xl_512_bs_8_lr_1e06_es_50_lc_False_nr_False_stem_False_lemma_False_repeat_2_fold_1/runs/agcqvj1i
wandb: Find logs at: ./wandb/run-20220225_130202-agcqvj1i/logs/debug.log
wandb: 

wandb: wandb version 0.12.10 is available!  To upgrade, please run:
wandb:  $ pip install wandb --upgrade
2022-02-25 14:15:20.114227: I tensorflow/stream_executor/platform/default/dso_loader.cc:48] Successfully opened dynamic library libcudart.so.10.1
wandb: Tracking run with wandb version 0.12.5
wandb: Syncing run swift-night-1
wandb: ⭐️ View project at https://wandb.ai/yinanazhou/xl_512_bs_8_lr_1e06_es_50_lc_False_nr_False_stem_False_lemma_False_repeat_2_fold_2
wandb: 🚀 View run at https://wandb.ai/yinanazhou/xl_512_bs_8_lr_1e06_es_50_lc_False_nr_False_stem_False_lemma_False_repeat_2_fold_2/runs/3gs6kyrq
wandb: Run data is saved locally in /project/6002780/yinan/Thesis_MER_Lyrics/lyric-emotion/wandb/run-20220225_141517-3gs6kyrq
wandb: Run `wandb offline` to turn off syncing.

Validation loss decreased (inf --> 1.376836).  Saving model ...
Validation loss decreased (1.376836 --> 1.340622).  Saving model ...
Validation loss decreased (1.340622 --> 1.311253).  Saving model ...
Validation loss decreased (1.311253 --> 1.282463).  Saving model ...
Validation loss decreased (1.282463 --> 1.253754).  Saving model ...
Validation loss decreased (1.253754 --> 1.230305).  Saving model ...
Validation loss decreased (1.230305 --> 1.198994).  Saving model ...
Validation loss decreased (1.198994 --> 1.171212).  Saving model ...
Validation loss decreased (1.171212 --> 1.147668).  Saving model ...
Validation loss decreased (1.147668 --> 1.123856).  Saving model ...
Validation loss decreased (1.123856 --> 1.089429).  Saving model ...
Validation loss decreased (1.089429 --> 1.057504).  Saving model ...
Validation loss decreased (1.057504 --> 1.035438).  Saving model ...
Validation loss decreased (1.035438 --> 1.002936).  Saving model ...
Validation loss decreased (1.002936 --> 0.983694).  Saving model ...
Validation loss decreased (0.983694 --> 0.960362).  Saving model ...
Validation loss decreased (0.960362 --> 0.944989).  Saving model ...
Validation loss decreased (0.944989 --> 0.934789).  Saving model ...
Validation loss decreased (0.934789 --> 0.929618).  Saving model ...
Validation loss decreased (0.929618 --> 0.924544).  Saving model ...
Validation loss decreased (0.924544 --> 0.918874).  Saving model ...
Validation loss decreased (0.918874 --> 0.913965).  Saving model ...
Validation loss decreased (0.913965 --> 0.912633).  Saving model ...
EarlyStopping counter: 1 out of 50.0
EarlyStopping counter: 2 out of 50.0
EarlyStopping counter: 3 out of 50.0
EarlyStopping counter: 4 out of 50.0
EarlyStopping counter: 5 out of 50.0
EarlyStopping counter: 6 out of 50.0
EarlyStopping counter: 7 out of 50.0
EarlyStopping counter: 8 out of 50.0
EarlyStopping counter: 9 out of 50.0
EarlyStopping counter: 10 out of 50.0
EarlyStopping counter: 11 out of 50.0
EarlyStopping counter: 12 out of 50.0
EarlyStopping counter: 13 out of 50.0
EarlyStopping counter: 14 out of 50.0
EarlyStopping counter: 15 out of 50.0
EarlyStopping counter: 16 out of 50.0
EarlyStopping counter: 17 out of 50.0
EarlyStopping counter: 18 out of 50.0
EarlyStopping counter: 19 out of 50.0
EarlyStopping counter: 20 out of 50.0
EarlyStopping counter: 21 out of 50.0
EarlyStopping counter: 22 out of 50.0
EarlyStopping counter: 23 out of 50.0
EarlyStopping counter: 24 out of 50.0
EarlyStopping counter: 25 out of 50.0
EarlyStopping counter: 26 out of 50.0
EarlyStopping counter: 27 out of 50.0
EarlyStopping counter: 28 out of 50.0
EarlyStopping counter: 29 out of 50.0
EarlyStopping counter: 30 out of 50.0
EarlyStopping counter: 31 out of 50.0
EarlyStopping counter: 32 out of 50.0
EarlyStopping counter: 33 out of 50.0
EarlyStopping counter: 34 out of 50.0
EarlyStopping counter: 35 out of 50.0
EarlyStopping counter: 36 out of 50.0
EarlyStopping counter: 37 out of 50.0
EarlyStopping counter: 38 out of 50.0
EarlyStopping counter: 39 out of 50.0
EarlyStopping counter: 40 out of 50.0
EarlyStopping counter: 41 out of 50.0
EarlyStopping counter: 42 out of 50.0
EarlyStopping counter: 43 out of 50.0
EarlyStopping counter: 44 out of 50.0
EarlyStopping counter: 45 out of 50.0
EarlyStopping counter: 46 out of 50.0
EarlyStopping counter: 47 out of 50.0
EarlyStopping counter: 48 out of 50.0
EarlyStopping counter: 49 out of 50.0
EarlyStopping counter: 50 out of 50.0
/localscratch/yinan.27787815.0/env/lib/python3.7/site-packages/torch/nn/functional.py:1794: UserWarning: nn.functional.tanh is deprecated. Use torch.tanh instead.
  warnings.warn("nn.functional.tanh is deprecated. Use torch.tanh instead.")
wandb: Waiting for W&B process to finish, PID 67705... (success).
wandb: - 0.00MB of 0.00MB uploaded (0.00MB deduped)wandb: \ 0.00MB of 0.00MB uploaded (0.00MB deduped)wandb: | 0.00MB of 0.00MB uploaded (0.00MB deduped)wandb: / 0.00MB of 0.00MB uploaded (0.00MB deduped)wandb: - 0.00MB of 0.00MB uploaded (0.00MB deduped)wandb: \ 0.00MB of 0.00MB uploaded (0.00MB deduped)wandb: | 0.00MB of 0.00MB uploaded (0.00MB deduped)wandb: / 0.00MB of 0.00MB uploaded (0.00MB deduped)wandb: - 0.00MB of 0.00MB uploaded (0.00MB deduped)wandb: \ 0.00MB of 0.00MB uploaded (0.00MB deduped)wandb: | 0.00MB of 0.00MB uploaded (0.00MB deduped)wandb: / 0.00MB of 0.00MB uploaded (0.00MB deduped)wandb: - 0.00MB of 0.00MB uploaded (0.00MB deduped)wandb:                                                                                
wandb: Run history:
wandb:     e_F1 ▁▂▄▅▅▆▇▇▇███████████████▇▇▇██▇▇█▇▇▇▇▇▇▇▇
wandb:   e_loss ▆▆▅▅▄▃▃▂▂▁▁▁▁▁▁▁▁▁▁▂▂▂▂▃▃▃▄▄▄▄▅▅▆▆▆▇▇▇██
wandb:     t_F1 ▁▂▃▃▄▄▅▅▅▅▆▆▆▆▆▇▇▇▇▇▇▇▇█████████████████
wandb:   t_loss ██▇▇▇▆▆▆▅▅▅▄▄▄▄▃▃▃▃▃▃▂▂▂▂▂▂▂▂▁▁▁▁▁▁▁▁▁▁▁
wandb: 
wandb: Run summary:
wandb:     e_F1 58.12426
wandb:   e_loss 1.52223
wandb:     t_F1 100.0
wandb:   t_loss 0.03206
wandb: 
wandb: Synced 4 W&B file(s), 0 media file(s), 0 artifact file(s) and 0 other file(s)
wandb: Synced swift-night-1: https://wandb.ai/yinanazhou/xl_512_bs_8_lr_1e06_es_50_lc_False_nr_False_stem_False_lemma_False_repeat_2_fold_2/runs/3gs6kyrq
wandb: Find logs at: ./wandb/run-20220225_141517-3gs6kyrq/logs/debug.log
wandb: 

wandb: wandb version 0.12.10 is available!  To upgrade, please run:
wandb:  $ pip install wandb --upgrade
2022-02-25 15:23:58.589867: I tensorflow/stream_executor/platform/default/dso_loader.cc:48] Successfully opened dynamic library libcudart.so.10.1
wandb: Tracking run with wandb version 0.12.5
wandb: Syncing run glowing-butterfly-1
wandb: ⭐️ View project at https://wandb.ai/yinanazhou/xl_512_bs_8_lr_1e06_es_50_lc_False_nr_False_stem_False_lemma_False_repeat_3_fold_1
wandb: 🚀 View run at https://wandb.ai/yinanazhou/xl_512_bs_8_lr_1e06_es_50_lc_False_nr_False_stem_False_lemma_False_repeat_3_fold_1/runs/1ifklujv
wandb: Run data is saved locally in /project/6002780/yinan/Thesis_MER_Lyrics/lyric-emotion/wandb/run-20220225_152355-1ifklujv
wandb: Run `wandb offline` to turn off syncing.

Validation loss decreased (inf --> 1.394415).  Saving model ...
Validation loss decreased (1.394415 --> 1.361635).  Saving model ...
Validation loss decreased (1.361635 --> 1.332659).  Saving model ...
Validation loss decreased (1.332659 --> 1.301474).  Saving model ...
Validation loss decreased (1.301474 --> 1.269140).  Saving model ...
Validation loss decreased (1.269140 --> 1.242376).  Saving model ...
Validation loss decreased (1.242376 --> 1.207888).  Saving model ...
Validation loss decreased (1.207888 --> 1.170326).  Saving model ...
Validation loss decreased (1.170326 --> 1.138359).  Saving model ...
Validation loss decreased (1.138359 --> 1.107557).  Saving model ...
Validation loss decreased (1.107557 --> 1.076989).  Saving model ...
Validation loss decreased (1.076989 --> 1.048475).  Saving model ...
Validation loss decreased (1.048475 --> 1.017909).  Saving model ...
Validation loss decreased (1.017909 --> 0.993394).  Saving model ...
Validation loss decreased (0.993394 --> 0.987154).  Saving model ...
Validation loss decreased (0.987154 --> 0.966198).  Saving model ...
Validation loss decreased (0.966198 --> 0.954888).  Saving model ...
Validation loss decreased (0.954888 --> 0.943324).  Saving model ...
Validation loss decreased (0.943324 --> 0.939040).  Saving model ...
Validation loss decreased (0.939040 --> 0.926959).  Saving model ...
EarlyStopping counter: 1 out of 50.0
Validation loss decreased (0.926959 --> 0.925054).  Saving model ...
Validation loss decreased (0.925054 --> 0.924941).  Saving model ...
Validation loss decreased (0.924941 --> 0.923405).  Saving model ...
Validation loss decreased (0.923405 --> 0.921916).  Saving model ...
Validation loss decreased (0.921916 --> 0.920386).  Saving model ...
EarlyStopping counter: 1 out of 50.0
EarlyStopping counter: 2 out of 50.0
EarlyStopping counter: 3 out of 50.0
EarlyStopping counter: 4 out of 50.0
EarlyStopping counter: 5 out of 50.0
EarlyStopping counter: 6 out of 50.0
EarlyStopping counter: 7 out of 50.0
EarlyStopping counter: 8 out of 50.0
EarlyStopping counter: 9 out of 50.0
EarlyStopping counter: 10 out of 50.0
EarlyStopping counter: 11 out of 50.0
EarlyStopping counter: 12 out of 50.0
EarlyStopping counter: 13 out of 50.0
EarlyStopping counter: 14 out of 50.0
EarlyStopping counter: 15 out of 50.0
EarlyStopping counter: 16 out of 50.0
EarlyStopping counter: 17 out of 50.0
EarlyStopping counter: 18 out of 50.0
EarlyStopping counter: 19 out of 50.0
EarlyStopping counter: 20 out of 50.0
EarlyStopping counter: 21 out of 50.0
EarlyStopping counter: 22 out of 50.0
EarlyStopping counter: 23 out of 50.0
EarlyStopping counter: 24 out of 50.0
EarlyStopping counter: 25 out of 50.0
EarlyStopping counter: 26 out of 50.0
EarlyStopping counter: 27 out of 50.0
EarlyStopping counter: 28 out of 50.0
EarlyStopping counter: 29 out of 50.0
EarlyStopping counter: 30 out of 50.0
EarlyStopping counter: 31 out of 50.0
EarlyStopping counter: 32 out of 50.0
EarlyStopping counter: 33 out of 50.0
EarlyStopping counter: 34 out of 50.0
EarlyStopping counter: 35 out of 50.0
EarlyStopping counter: 36 out of 50.0
EarlyStopping counter: 37 out of 50.0
EarlyStopping counter: 38 out of 50.0
EarlyStopping counter: 39 out of 50.0
EarlyStopping counter: 40 out of 50.0
EarlyStopping counter: 41 out of 50.0
EarlyStopping counter: 42 out of 50.0
EarlyStopping counter: 43 out of 50.0
EarlyStopping counter: 44 out of 50.0
EarlyStopping counter: 45 out of 50.0
EarlyStopping counter: 46 out of 50.0
EarlyStopping counter: 47 out of 50.0
EarlyStopping counter: 48 out of 50.0
EarlyStopping counter: 49 out of 50.0
EarlyStopping counter: 50 out of 50.0
/localscratch/yinan.27787815.0/env/lib/python3.7/site-packages/torch/nn/functional.py:1794: UserWarning: nn.functional.tanh is deprecated. Use torch.tanh instead.
  warnings.warn("nn.functional.tanh is deprecated. Use torch.tanh instead.")
wandb: Waiting for W&B process to finish, PID 71369... (success).
wandb: - 0.00MB of 0.00MB uploaded (0.00MB deduped)wandb: \ 0.00MB of 0.00MB uploaded (0.00MB deduped)wandb: | 0.00MB of 0.00MB uploaded (0.00MB deduped)wandb: / 0.00MB of 0.00MB uploaded (0.00MB deduped)wandb: - 0.00MB of 0.00MB uploaded (0.00MB deduped)wandb: \ 0.00MB of 0.00MB uploaded (0.00MB deduped)wandb: | 0.00MB of 0.00MB uploaded (0.00MB deduped)wandb: / 0.00MB of 0.00MB uploaded (0.00MB deduped)wandb: - 0.00MB of 0.00MB uploaded (0.00MB deduped)wandb: \ 0.00MB of 0.00MB uploaded (0.00MB deduped)wandb: | 0.00MB of 0.00MB uploaded (0.00MB deduped)wandb: / 0.00MB of 0.00MB uploaded (0.00MB deduped)wandb: - 0.00MB of 0.00MB uploaded (0.00MB deduped)wandb:                                                                                
wandb: Run history:
wandb:     e_F1 ▁▂▄▅▆▇▇▇▇▇█▇████████████████████████████
wandb:   e_loss ▇▆▆▅▄▃▃▂▂▁▁▁▁▁▁▁▁▁▂▂▂▂▃▃▃▄▄▄▄▅▅▅▆▆▆▇▇▇██
wandb:     t_F1 ▁▂▂▃▃▄▅▅▆▆▆▆▆▆▆▆▇▇▇▇▇▇██████████████████
wandb:   t_loss ██▇▇▇▆▆▆▅▅▅▄▄▄▄▄▃▃▃▃▃▂▂▂▂▂▂▂▂▁▁▁▁▁▁▁▁▁▁▁
wandb: 
wandb: Run summary:
wandb:     e_F1 60.99398
wandb:   e_loss 1.51248
wandb:     t_F1 100.0
wandb:   t_loss 0.03124
wandb: 
wandb: Synced 4 W&B file(s), 0 media file(s), 0 artifact file(s) and 0 other file(s)
wandb: Synced glowing-butterfly-1: https://wandb.ai/yinanazhou/xl_512_bs_8_lr_1e06_es_50_lc_False_nr_False_stem_False_lemma_False_repeat_3_fold_1/runs/1ifklujv
wandb: Find logs at: ./wandb/run-20220225_152355-1ifklujv/logs/debug.log
wandb: 

wandb: wandb version 0.12.10 is available!  To upgrade, please run:
wandb:  $ pip install wandb --upgrade
2022-02-25 16:35:56.717822: I tensorflow/stream_executor/platform/default/dso_loader.cc:48] Successfully opened dynamic library libcudart.so.10.1
wandb: Tracking run with wandb version 0.12.5
wandb: Syncing run effortless-glade-1
wandb: ⭐️ View project at https://wandb.ai/yinanazhou/xl_512_bs_8_lr_1e06_es_50_lc_False_nr_False_stem_False_lemma_False_repeat_3_fold_2
wandb: 🚀 View run at https://wandb.ai/yinanazhou/xl_512_bs_8_lr_1e06_es_50_lc_False_nr_False_stem_False_lemma_False_repeat_3_fold_2/runs/o8732fr4
wandb: Run data is saved locally in /project/6002780/yinan/Thesis_MER_Lyrics/lyric-emotion/wandb/run-20220225_163554-o8732fr4
wandb: Run `wandb offline` to turn off syncing.

Validation loss decreased (inf --> 1.413986).  Saving model ...
Validation loss decreased (1.413986 --> 1.381411).  Saving model ...
Validation loss decreased (1.381411 --> 1.357257).  Saving model ...
Validation loss decreased (1.357257 --> 1.335839).  Saving model ...
Validation loss decreased (1.335839 --> 1.313850).  Saving model ...
Validation loss decreased (1.313850 --> 1.287662).  Saving model ...
Validation loss decreased (1.287662 --> 1.259474).  Saving model ...
Validation loss decreased (1.259474 --> 1.228838).  Saving model ...
Validation loss decreased (1.228838 --> 1.205260).  Saving model ...
Validation loss decreased (1.205260 --> 1.179358).  Saving model ...
Validation loss decreased (1.179358 --> 1.162279).  Saving model ...
Validation loss decreased (1.162279 --> 1.128442).  Saving model ...
Validation loss decreased (1.128442 --> 1.099250).  Saving model ...
Validation loss decreased (1.099250 --> 1.072896).  Saving model ...
Validation loss decreased (1.072896 --> 1.050775).  Saving model ...
Validation loss decreased (1.050775 --> 1.032626).  Saving model ...
Validation loss decreased (1.032626 --> 1.011996).  Saving model ...
Validation loss decreased (1.011996 --> 0.994794).  Saving model ...
Validation loss decreased (0.994794 --> 0.969283).  Saving model ...
Validation loss decreased (0.969283 --> 0.967569).  Saving model ...
Validation loss decreased (0.967569 --> 0.940719).  Saving model ...
Validation loss decreased (0.940719 --> 0.938618).  Saving model ...
EarlyStopping counter: 1 out of 50.0
EarlyStopping counter: 2 out of 50.0
Validation loss decreased (0.938618 --> 0.924639).  Saving model ...
EarlyStopping counter: 1 out of 50.0
Validation loss decreased (0.924639 --> 0.918665).  Saving model ...
Validation loss decreased (0.918665 --> 0.917102).  Saving model ...
EarlyStopping counter: 1 out of 50.0
Validation loss decreased (0.917102 --> 0.912481).  Saving model ...
Validation loss decreased (0.912481 --> 0.912202).  Saving model ...
Validation loss decreased (0.912202 --> 0.908199).  Saving model ...
EarlyStopping counter: 1 out of 50.0
EarlyStopping counter: 2 out of 50.0
EarlyStopping counter: 3 out of 50.0
EarlyStopping counter: 4 out of 50.0
EarlyStopping counter: 5 out of 50.0
EarlyStopping counter: 6 out of 50.0
EarlyStopping counter: 7 out of 50.0
EarlyStopping counter: 8 out of 50.0
EarlyStopping counter: 9 out of 50.0
EarlyStopping counter: 10 out of 50.0
EarlyStopping counter: 11 out of 50.0
EarlyStopping counter: 12 out of 50.0
EarlyStopping counter: 13 out of 50.0
EarlyStopping counter: 14 out of 50.0
EarlyStopping counter: 15 out of 50.0
EarlyStopping counter: 16 out of 50.0
EarlyStopping counter: 17 out of 50.0
EarlyStopping counter: 18 out of 50.0
EarlyStopping counter: 19 out of 50.0
EarlyStopping counter: 20 out of 50.0
EarlyStopping counter: 21 out of 50.0
EarlyStopping counter: 22 out of 50.0
EarlyStopping counter: 23 out of 50.0
EarlyStopping counter: 24 out of 50.0
EarlyStopping counter: 25 out of 50.0
EarlyStopping counter: 26 out of 50.0
EarlyStopping counter: 27 out of 50.0
EarlyStopping counter: 28 out of 50.0
EarlyStopping counter: 29 out of 50.0
EarlyStopping counter: 30 out of 50.0
EarlyStopping counter: 31 out of 50.0
EarlyStopping counter: 32 out of 50.0
EarlyStopping counter: 33 out of 50.0
EarlyStopping counter: 34 out of 50.0
EarlyStopping counter: 35 out of 50.0
EarlyStopping counter: 36 out of 50.0
EarlyStopping counter: 37 out of 50.0
EarlyStopping counter: 38 out of 50.0
EarlyStopping counter: 39 out of 50.0
EarlyStopping counter: 40 out of 50.0
EarlyStopping counter: 41 out of 50.0
EarlyStopping counter: 42 out of 50.0
EarlyStopping counter: 43 out of 50.0
EarlyStopping counter: 44 out of 50.0
EarlyStopping counter: 45 out of 50.0
EarlyStopping counter: 46 out of 50.0
EarlyStopping counter: 47 out of 50.0
EarlyStopping counter: 48 out of 50.0
EarlyStopping counter: 49 out of 50.0
EarlyStopping counter: 50 out of 50.0
/localscratch/yinan.27787815.0/env/lib/python3.7/site-packages/torch/nn/functional.py:1794: UserWarning: nn.functional.tanh is deprecated. Use torch.tanh instead.
  warnings.warn("nn.functional.tanh is deprecated. Use torch.tanh instead.")
wandb: Waiting for W&B process to finish, PID 75251... (success).
wandb: - 0.00MB of 0.00MB uploaded (0.00MB deduped)wandb: \ 0.00MB of 0.00MB uploaded (0.00MB deduped)wandb: | 0.00MB of 0.00MB uploaded (0.00MB deduped)wandb: / 0.00MB of 0.00MB uploaded (0.00MB deduped)wandb: - 0.00MB of 0.00MB uploaded (0.00MB deduped)wandb: \ 0.00MB of 0.00MB uploaded (0.00MB deduped)wandb: | 0.00MB of 0.00MB uploaded (0.00MB deduped)wandb: / 0.00MB of 0.00MB uploaded (0.00MB deduped)wandb: - 0.00MB of 0.00MB uploaded (0.00MB deduped)wandb: \ 0.00MB of 0.00MB uploaded (0.00MB deduped)wandb: | 0.00MB of 0.00MB uploaded (0.00MB deduped)wandb: / 0.00MB of 0.00MB uploaded (0.00MB deduped)wandb: - 0.00MB of 0.00MB uploaded (0.00MB deduped)wandb: \ 0.00MB of 0.00MB uploaded (0.00MB deduped)wandb:                                                                                
wandb: Run history:
wandb:     e_F1 ▁▃▄▅▅▆▆▇▇▇████████████████████████████▇▇
wandb:   e_loss ▆▆▅▅▄▄▃▃▂▂▁▁▁▁▁▁▁▁▁▂▂▂▂▂▂▃▃▄▄▄▅▅▅▆▆▆▆▇▇█
wandb:     t_F1 ▁▂▂▃▄▄▄▅▅▅▅▅▆▆▆▆▆▇▇▇▇▇▇▇▇███████████████
wandb:   t_loss ██▇▇▇▆▆▆▆▅▅▅▄▄▄▄▄▃▃▃▃▃▃▂▂▂▂▂▂▂▂▁▁▁▁▁▁▁▁▁
wandb: 
wandb: Run summary:
wandb:     e_F1 59.48342
wandb:   e_loss 1.55598
wandb:     t_F1 99.78541
wandb:   t_loss 0.03932
wandb: 
wandb: Synced 4 W&B file(s), 0 media file(s), 0 artifact file(s) and 0 other file(s)
wandb: Synced effortless-glade-1: https://wandb.ai/yinanazhou/xl_512_bs_8_lr_1e06_es_50_lc_False_nr_False_stem_False_lemma_False_repeat_3_fold_2/runs/o8732fr4
wandb: Find logs at: ./wandb/run-20220225_163554-o8732fr4/logs/debug.log
wandb: 

wandb: wandb version 0.12.10 is available!  To upgrade, please run:
wandb:  $ pip install wandb --upgrade
2022-02-25 17:53:26.703056: I tensorflow/stream_executor/platform/default/dso_loader.cc:48] Successfully opened dynamic library libcudart.so.10.1
wandb: Tracking run with wandb version 0.12.5
wandb: Syncing run rare-star-1
wandb: ⭐️ View project at https://wandb.ai/yinanazhou/xl_512_bs_8_lr_1e06_es_50_lc_False_nr_False_stem_False_lemma_False_repeat_4_fold_1
wandb: 🚀 View run at https://wandb.ai/yinanazhou/xl_512_bs_8_lr_1e06_es_50_lc_False_nr_False_stem_False_lemma_False_repeat_4_fold_1/runs/1rzupsc4
wandb: Run data is saved locally in /project/6002780/yinan/Thesis_MER_Lyrics/lyric-emotion/wandb/run-20220225_175323-1rzupsc4
wandb: Run `wandb offline` to turn off syncing.

Validation loss decreased (inf --> 1.382504).  Saving model ...
Validation loss decreased (1.382504 --> 1.363517).  Saving model ...
Validation loss decreased (1.363517 --> 1.346441).  Saving model ...
Validation loss decreased (1.346441 --> 1.325706).  Saving model ...
Validation loss decreased (1.325706 --> 1.301839).  Saving model ...
Validation loss decreased (1.301839 --> 1.276991).  Saving model ...
Validation loss decreased (1.276991 --> 1.244622).  Saving model ...
Validation loss decreased (1.244622 --> 1.211722).  Saving model ...
Validation loss decreased (1.211722 --> 1.179682).  Saving model ...
Validation loss decreased (1.179682 --> 1.150604).  Saving model ...
Validation loss decreased (1.150604 --> 1.125346).  Saving model ...
Validation loss decreased (1.125346 --> 1.099852).  Saving model ...
Validation loss decreased (1.099852 --> 1.072317).  Saving model ...
Validation loss decreased (1.072317 --> 1.046386).  Saving model ...
Validation loss decreased (1.046386 --> 1.024449).  Saving model ...
Validation loss decreased (1.024449 --> 1.005768).  Saving model ...
Validation loss decreased (1.005768 --> 0.989600).  Saving model ...
Validation loss decreased (0.989600 --> 0.972487).  Saving model ...
Validation loss decreased (0.972487 --> 0.957203).  Saving model ...
Validation loss decreased (0.957203 --> 0.949253).  Saving model ...
Validation loss decreased (0.949253 --> 0.940741).  Saving model ...
Validation loss decreased (0.940741 --> 0.931523).  Saving model ...
Validation loss decreased (0.931523 --> 0.923770).  Saving model ...
Validation loss decreased (0.923770 --> 0.923614).  Saving model ...
Validation loss decreased (0.923614 --> 0.918951).  Saving model ...
EarlyStopping counter: 1 out of 50.0
EarlyStopping counter: 2 out of 50.0
EarlyStopping counter: 3 out of 50.0
EarlyStopping counter: 4 out of 50.0
EarlyStopping counter: 5 out of 50.0
EarlyStopping counter: 6 out of 50.0
EarlyStopping counter: 7 out of 50.0
EarlyStopping counter: 8 out of 50.0
EarlyStopping counter: 9 out of 50.0
EarlyStopping counter: 10 out of 50.0
EarlyStopping counter: 11 out of 50.0
EarlyStopping counter: 12 out of 50.0
EarlyStopping counter: 13 out of 50.0
EarlyStopping counter: 14 out of 50.0
EarlyStopping counter: 15 out of 50.0
EarlyStopping counter: 16 out of 50.0
EarlyStopping counter: 17 out of 50.0
EarlyStopping counter: 18 out of 50.0
EarlyStopping counter: 19 out of 50.0
EarlyStopping counter: 20 out of 50.0
EarlyStopping counter: 21 out of 50.0
EarlyStopping counter: 22 out of 50.0
EarlyStopping counter: 23 out of 50.0
EarlyStopping counter: 24 out of 50.0
EarlyStopping counter: 25 out of 50.0
EarlyStopping counter: 26 out of 50.0
EarlyStopping counter: 27 out of 50.0
EarlyStopping counter: 28 out of 50.0
EarlyStopping counter: 29 out of 50.0
EarlyStopping counter: 30 out of 50.0
EarlyStopping counter: 31 out of 50.0
EarlyStopping counter: 32 out of 50.0
EarlyStopping counter: 33 out of 50.0
EarlyStopping counter: 34 out of 50.0
EarlyStopping counter: 35 out of 50.0
EarlyStopping counter: 36 out of 50.0
EarlyStopping counter: 37 out of 50.0
EarlyStopping counter: 38 out of 50.0
EarlyStopping counter: 39 out of 50.0
EarlyStopping counter: 40 out of 50.0
EarlyStopping counter: 41 out of 50.0
EarlyStopping counter: 42 out of 50.0
EarlyStopping counter: 43 out of 50.0
EarlyStopping counter: 44 out of 50.0
EarlyStopping counter: 45 out of 50.0
EarlyStopping counter: 46 out of 50.0
EarlyStopping counter: 47 out of 50.0
EarlyStopping counter: 48 out of 50.0
EarlyStopping counter: 49 out of 50.0
EarlyStopping counter: 50 out of 50.0
/localscratch/yinan.27787815.0/env/lib/python3.7/site-packages/torch/nn/functional.py:1794: UserWarning: nn.functional.tanh is deprecated. Use torch.tanh instead.
  warnings.warn("nn.functional.tanh is deprecated. Use torch.tanh instead.")
wandb: Waiting for W&B process to finish, PID 79390... (success).
wandb: - 0.00MB of 0.00MB uploaded (0.00MB deduped)wandb: \ 0.00MB of 0.00MB uploaded (0.00MB deduped)wandb: | 0.00MB of 0.00MB uploaded (0.00MB deduped)wandb: / 0.00MB of 0.00MB uploaded (0.00MB deduped)wandb: - 0.00MB of 0.00MB uploaded (0.00MB deduped)wandb: \ 0.00MB of 0.00MB uploaded (0.00MB deduped)wandb: | 0.00MB of 0.00MB uploaded (0.00MB deduped)wandb: / 0.00MB of 0.00MB uploaded (0.00MB deduped)wandb: - 0.00MB of 0.00MB uploaded (0.00MB deduped)wandb: \ 0.00MB of 0.00MB uploaded (0.00MB deduped)wandb: | 0.00MB of 0.00MB uploaded (0.00MB deduped)wandb: / 0.00MB of 0.00MB uploaded (0.00MB deduped)wandb: - 0.00MB of 0.00MB uploaded (0.00MB deduped)wandb:                                                                                
wandb: Run history:
wandb:     e_F1 ▁▁▃▄▅▆▆▇▇▇▇██████▇███████████████████▇██
wandb:   e_loss ▆▆▆▅▄▄▃▂▂▂▁▁▁▁▁▁▁▁▂▂▂▂▂▃▃▃▃▄▄▄▅▅▅▆▆▇▇█▇█
wandb:     t_F1 ▁▁▂▂▃▄▄▄▅▅▅▅▆▆▆▆▆▆▇▇▇▇▇▇▇▇██████████████
wandb:   t_loss ███▇▇▇▆▆▆▅▅▅▅▄▄▄▄▄▃▃▃▃▃▂▂▂▂▂▂▂▂▁▁▁▁▁▁▁▁▁
wandb: 
wandb: Run summary:
wandb:     e_F1 61.20992
wandb:   e_loss 1.51616
wandb:     t_F1 99.7924
wandb:   t_loss 0.04591
wandb: 
wandb: Synced 4 W&B file(s), 0 media file(s), 0 artifact file(s) and 0 other file(s)
wandb: Synced rare-star-1: https://wandb.ai/yinanazhou/xl_512_bs_8_lr_1e06_es_50_lc_False_nr_False_stem_False_lemma_False_repeat_4_fold_1/runs/1rzupsc4
wandb: Find logs at: ./wandb/run-20220225_175323-1rzupsc4/logs/debug.log
wandb: 

wandb: wandb version 0.12.10 is available!  To upgrade, please run:
wandb:  $ pip install wandb --upgrade
2022-02-25 19:04:33.326595: I tensorflow/stream_executor/platform/default/dso_loader.cc:48] Successfully opened dynamic library libcudart.so.10.1
wandb: Tracking run with wandb version 0.12.5
wandb: Syncing run fast-haze-1
wandb: ⭐️ View project at https://wandb.ai/yinanazhou/xl_512_bs_8_lr_1e06_es_50_lc_False_nr_False_stem_False_lemma_False_repeat_4_fold_2
wandb: 🚀 View run at https://wandb.ai/yinanazhou/xl_512_bs_8_lr_1e06_es_50_lc_False_nr_False_stem_False_lemma_False_repeat_4_fold_2/runs/3kr8834p
wandb: Run data is saved locally in /project/6002780/yinan/Thesis_MER_Lyrics/lyric-emotion/wandb/run-20220225_190430-3kr8834p
wandb: Run `wandb offline` to turn off syncing.

Validation loss decreased (inf --> 1.365569).  Saving model ...
Validation loss decreased (1.365569 --> 1.351596).  Saving model ...
Validation loss decreased (1.351596 --> 1.336987).  Saving model ...
Validation loss decreased (1.336987 --> 1.323140).  Saving model ...
Validation loss decreased (1.323140 --> 1.306796).  Saving model ...
Validation loss decreased (1.306796 --> 1.283012).  Saving model ...
Validation loss decreased (1.283012 --> 1.259779).  Saving model ...
Validation loss decreased (1.259779 --> 1.234014).  Saving model ...
Validation loss decreased (1.234014 --> 1.198672).  Saving model ...
Validation loss decreased (1.198672 --> 1.165314).  Saving model ...
Validation loss decreased (1.165314 --> 1.132861).  Saving model ...
Validation loss decreased (1.132861 --> 1.111936).  Saving model ...
Validation loss decreased (1.111936 --> 1.085009).  Saving model ...
Validation loss decreased (1.085009 --> 1.045183).  Saving model ...
Validation loss decreased (1.045183 --> 1.024353).  Saving model ...
Validation loss decreased (1.024353 --> 1.010034).  Saving model ...
Validation loss decreased (1.010034 --> 0.989648).  Saving model ...
Validation loss decreased (0.989648 --> 0.970362).  Saving model ...
Validation loss decreased (0.970362 --> 0.960434).  Saving model ...
Validation loss decreased (0.960434 --> 0.955340).  Saving model ...
Validation loss decreased (0.955340 --> 0.946367).  Saving model ...
Validation loss decreased (0.946367 --> 0.933623).  Saving model ...
EarlyStopping counter: 1 out of 50.0
Validation loss decreased (0.933623 --> 0.929791).  Saving model ...
Validation loss decreased (0.929791 --> 0.928057).  Saving model ...
Validation loss decreased (0.928057 --> 0.924943).  Saving model ...
EarlyStopping counter: 1 out of 50.0
EarlyStopping counter: 2 out of 50.0
EarlyStopping counter: 3 out of 50.0
EarlyStopping counter: 4 out of 50.0
EarlyStopping counter: 5 out of 50.0
EarlyStopping counter: 6 out of 50.0
EarlyStopping counter: 7 out of 50.0
EarlyStopping counter: 8 out of 50.0
EarlyStopping counter: 9 out of 50.0
EarlyStopping counter: 10 out of 50.0
EarlyStopping counter: 11 out of 50.0
EarlyStopping counter: 12 out of 50.0
EarlyStopping counter: 13 out of 50.0
EarlyStopping counter: 14 out of 50.0
EarlyStopping counter: 15 out of 50.0
EarlyStopping counter: 16 out of 50.0
EarlyStopping counter: 17 out of 50.0
EarlyStopping counter: 18 out of 50.0
EarlyStopping counter: 19 out of 50.0
EarlyStopping counter: 20 out of 50.0
EarlyStopping counter: 21 out of 50.0
EarlyStopping counter: 22 out of 50.0
EarlyStopping counter: 23 out of 50.0
EarlyStopping counter: 24 out of 50.0
EarlyStopping counter: 25 out of 50.0
EarlyStopping counter: 26 out of 50.0
EarlyStopping counter: 27 out of 50.0
EarlyStopping counter: 28 out of 50.0
EarlyStopping counter: 29 out of 50.0
EarlyStopping counter: 30 out of 50.0
EarlyStopping counter: 31 out of 50.0
EarlyStopping counter: 32 out of 50.0
EarlyStopping counter: 33 out of 50.0
EarlyStopping counter: 34 out of 50.0
EarlyStopping counter: 35 out of 50.0
EarlyStopping counter: 36 out of 50.0
EarlyStopping counter: 37 out of 50.0
EarlyStopping counter: 38 out of 50.0
EarlyStopping counter: 39 out of 50.0
EarlyStopping counter: 40 out of 50.0
EarlyStopping counter: 41 out of 50.0
EarlyStopping counter: 42 out of 50.0
EarlyStopping counter: 43 out of 50.0
EarlyStopping counter: 44 out of 50.0
EarlyStopping counter: 45 out of 50.0
EarlyStopping counter: 46 out of 50.0
EarlyStopping counter: 47 out of 50.0
EarlyStopping counter: 48 out of 50.0
EarlyStopping counter: 49 out of 50.0
EarlyStopping counter: 50 out of 50.0
/localscratch/yinan.27787815.0/env/lib/python3.7/site-packages/torch/nn/functional.py:1794: UserWarning: nn.functional.tanh is deprecated. Use torch.tanh instead.
  warnings.warn("nn.functional.tanh is deprecated. Use torch.tanh instead.")
wandb: Waiting for W&B process to finish, PID 83197... (success).
wandb: - 0.00MB of 0.00MB uploaded (0.00MB deduped)wandb: \ 0.00MB of 0.00MB uploaded (0.00MB deduped)wandb: | 0.00MB of 0.00MB uploaded (0.00MB deduped)wandb: / 0.00MB of 0.00MB uploaded (0.00MB deduped)wandb: - 0.00MB of 0.00MB uploaded (0.00MB deduped)wandb: \ 0.00MB of 0.00MB uploaded (0.00MB deduped)wandb: | 0.00MB of 0.00MB uploaded (0.00MB deduped)wandb: / 0.00MB of 0.00MB uploaded (0.00MB deduped)wandb: - 0.00MB of 0.00MB uploaded (0.00MB deduped)wandb: \ 0.00MB of 0.00MB uploaded (0.00MB deduped)wandb: | 0.00MB of 0.00MB uploaded (0.00MB deduped)wandb: / 0.00MB of 0.00MB uploaded (0.00MB deduped)wandb: - 0.00MB of 0.00MB uploaded (0.00MB deduped)wandb:                                                                                
wandb: Run history:
wandb:     e_F1 ▁▃▄▄▅▆▆▇▇███████████████████▇███▇███████
wandb:   e_loss ▇▇▆▆▅▄▄▃▂▂▁▁▁▁▁▁▁▁▁▂▂▂▂▂▃▃▃▄▄▄▄▅▅▆▆▆▇▇▇█
wandb:     t_F1 ▁▁▂▂▃▄▄▅▅▅▅▆▆▆▆▆▆▇▇▇▇▇▇▇▇███████████████
wandb:   t_loss ████▇▇▇▆▆▅▅▅▅▄▄▄▄▄▃▃▃▃▃▂▂▂▂▂▂▂▂▁▁▁▁▁▁▁▁▁
wandb: 
wandb: Run summary:
wandb:     e_F1 60.56284
wandb:   e_loss 1.43968
wandb:     t_F1 99.78717
wandb:   t_loss 0.0458
wandb: 
wandb: Synced 4 W&B file(s), 0 media file(s), 0 artifact file(s) and 0 other file(s)
wandb: Synced fast-haze-1: https://wandb.ai/yinanazhou/xl_512_bs_8_lr_1e06_es_50_lc_False_nr_False_stem_False_lemma_False_repeat_4_fold_2/runs/3kr8834p
wandb: Find logs at: ./wandb/run-20220225_190430-3kr8834p/logs/debug.log
wandb: 

wandb: wandb version 0.12.10 is available!  To upgrade, please run:
wandb:  $ pip install wandb --upgrade
2022-02-25 20:16:29.078651: I tensorflow/stream_executor/platform/default/dso_loader.cc:48] Successfully opened dynamic library libcudart.so.10.1
wandb: Tracking run with wandb version 0.12.5
wandb: Syncing run volcanic-plasma-1
wandb: ⭐️ View project at https://wandb.ai/yinanazhou/xl_512_bs_8_lr_1e06_es_50_lc_False_nr_False_stem_False_lemma_False_repeat_5_fold_1
wandb: 🚀 View run at https://wandb.ai/yinanazhou/xl_512_bs_8_lr_1e06_es_50_lc_False_nr_False_stem_False_lemma_False_repeat_5_fold_1/runs/6kp8kauz
wandb: Run data is saved locally in /project/6002780/yinan/Thesis_MER_Lyrics/lyric-emotion/wandb/run-20220225_201626-6kp8kauz
wandb: Run `wandb offline` to turn off syncing.
slurmstepd: error: *** JOB 27787815 ON cdr2635 CANCELLED AT 2022-02-25T20:35:25 DUE TO TIME LIMIT ***
