Unloading StdEnv/2020

Due to MODULEPATH changes, the following have been reloaded:
  1) mii/1.1.1


The following have been reloaded with a version change:
  1) python/3.8.2 => python/3.7.4

Using base prefix '/cvmfs/soft.computecanada.ca/easybuild/software/2017/Core/python/3.7.4'
New python executable in /localscratch/yinan.28287415.0/env/bin/python
Installing setuptools, pip, wheel...
done.
Ignoring pip: markers 'python_version < "3"' don't match your environment
Looking in links: /cvmfs/soft.computecanada.ca/custom/python/wheelhouse/nix/avx2, /cvmfs/soft.computecanada.ca/custom/python/wheelhouse/nix/generic, /cvmfs/soft.computecanada.ca/custom/python/wheelhouse/generic
Collecting pip
Installing collected packages: pip
  Found existing installation: pip 19.1.1
    Uninstalling pip-19.1.1:
      Successfully uninstalled pip-19.1.1
Successfully installed pip-21.2.3+computecanada
Looking in links: /cvmfs/soft.computecanada.ca/custom/python/wheelhouse/nix/avx2, /cvmfs/soft.computecanada.ca/custom/python/wheelhouse/nix/generic, /cvmfs/soft.computecanada.ca/custom/python/wheelhouse/generic
Processing /cvmfs/soft.computecanada.ca/custom/python/wheelhouse/generic/keras-2.8.0+computecanada-py2.py3-none-any.whl
Processing /cvmfs/soft.computecanada.ca/custom/python/wheelhouse/generic/Keras_Preprocessing-1.1.2+computecanada-py3-none-any.whl
Requirement already satisfied: matplotlib in /cvmfs/soft.computecanada.ca/easybuild/software/2017/Core/scipy-stack/2019a/lib/python3.7/site-packages (from -r requirements.txt (line 3)) (3.0.2)
Processing /cvmfs/soft.computecanada.ca/custom/python/wheelhouse/generic/nltk-3.6.5+computecanada-py3-none-any.whl
Processing /cvmfs/soft.computecanada.ca/custom/python/wheelhouse/generic/scikit_learn-0.22.1+computecanada-cp37-cp37m-linux_x86_64.whl
Processing /cvmfs/soft.computecanada.ca/custom/python/wheelhouse/generic/tensorboard-2.3.0+computecanada-py3-none-any.whl
Processing /cvmfs/soft.computecanada.ca/custom/python/wheelhouse/generic/tensorboard_plugin_wit-1.7.0+computecanada-py3-none-any.whl
Processing /cvmfs/soft.computecanada.ca/custom/python/wheelhouse/generic/tensorflow_gpu-2.3.0+computecanada-cp37-cp37m-linux_x86_64.whl
Processing /cvmfs/soft.computecanada.ca/custom/python/wheelhouse/generic/tensorflow_estimator-2.3.0+computecanada-py2.py3-none-any.whl
Processing /cvmfs/soft.computecanada.ca/custom/python/wheelhouse/generic/tokenizers-0.5.2+computecanada-cp37-cp37m-linux_x86_64.whl
Processing /cvmfs/soft.computecanada.ca/custom/python/wheelhouse/nix/avx2/torch-1.4.0+computecanada-cp37-cp37m-linux_x86_64.whl
Processing /cvmfs/soft.computecanada.ca/custom/python/wheelhouse/generic/torchtext-0.6.0+computecanada-py3-none-any.whl
Processing /cvmfs/soft.computecanada.ca/custom/python/wheelhouse/generic/torchvision-0.8.2+computecanada-cp37-cp37m-linux_x86_64.whl
Processing /cvmfs/soft.computecanada.ca/custom/python/wheelhouse/generic/transformers-2.5.1+computecanada-py3-none-any.whl
Processing /cvmfs/soft.computecanada.ca/custom/python/wheelhouse/generic/urllib3-1.26.7+computecanada-py2.py3-none-any.whl
Processing /cvmfs/soft.computecanada.ca/custom/python/wheelhouse/generic/joblib-1.1.0+computecanada-py2.py3-none-any.whl
Processing /cvmfs/soft.computecanada.ca/custom/python/wheelhouse/generic/click-8.0.3+computecanada-py3-none-any.whl
ERROR: Could not find a version that satisfies the requirement regex>=2021.8.3 (from nltk) (from versions: 2018.1.10+computecanada, 2019.11.1+computecanada, 2020.11.13+computecanada)
ERROR: No matching distribution found for regex>=2021.8.3
Looking in links: /cvmfs/soft.computecanada.ca/custom/python/wheelhouse/nix/avx2, /cvmfs/soft.computecanada.ca/custom/python/wheelhouse/nix/generic, /cvmfs/soft.computecanada.ca/custom/python/wheelhouse/generic
ERROR: Could not find a version that satisfies the requirement numpy==1.20.0+computacanada (from versions: 1.15.0+computecanada, 1.15.2+computecanada, 1.15.4+computecanada, 1.16.0+computecanada, 1.16.2+computecanada, 1.16.3+computecanada, 1.17.4+computecanada, 1.18.1+computecanada, 1.18.4+computecanada, 1.19.1+computecanada, 1.19.2+computecanada, 1.20.2+computecanada)
ERROR: No matching distribution found for numpy==1.20.0+computacanada
Looking in links: /cvmfs/soft.computecanada.ca/custom/python/wheelhouse/nix/avx2, /cvmfs/soft.computecanada.ca/custom/python/wheelhouse/nix/generic, /cvmfs/soft.computecanada.ca/custom/python/wheelhouse/generic
Processing /cvmfs/soft.computecanada.ca/custom/python/wheelhouse/generic/wandb-0.12.5+computecanada-py2.py3-none-any.whl
Processing /cvmfs/soft.computecanada.ca/custom/python/wheelhouse/generic/promise-2.3+computecanada-py3-none-any.whl
Processing /cvmfs/soft.computecanada.ca/custom/python/wheelhouse/generic/PyYAML-5.3.1+computecanada-cp37-cp37m-linux_x86_64.whl
Processing /cvmfs/soft.computecanada.ca/custom/python/wheelhouse/generic/configparser-5.0.2+computecanada-py3-none-any.whl
Processing /cvmfs/soft.computecanada.ca/custom/python/wheelhouse/generic/psutil-5.7.3+computecanada-cp37-cp37m-linux_x86_64.whl
Processing /cvmfs/soft.computecanada.ca/custom/python/wheelhouse/generic/pathtools-0.1.2+computecanada-py3-none-any.whl
Processing /cvmfs/soft.computecanada.ca/custom/python/wheelhouse/generic/sentry_sdk-1.5.0+computecanada-py2.py3-none-any.whl
Processing /cvmfs/soft.computecanada.ca/custom/python/wheelhouse/generic/six-1.16.0+computecanada-py2.py3-none-any.whl
Processing /cvmfs/soft.computecanada.ca/custom/python/wheelhouse/generic/yaspin-2.1.0+computecanada-py3-none-any.whl
Processing /cvmfs/soft.computecanada.ca/custom/python/wheelhouse/generic/shortuuid-1.0.1+computecanada-py3-none-any.whl
Requirement already satisfied: requests<3,>=2.0.0 in /cvmfs/soft.computecanada.ca/easybuild/software/2017/Core/scipy-stack/2019a/lib/python3.7/site-packages (from wandb) (2.21.0)
Processing /cvmfs/soft.computecanada.ca/custom/python/wheelhouse/generic/GitPython-3.1.24+computecanada-py3-none-any.whl
Processing /cvmfs/soft.computecanada.ca/custom/python/wheelhouse/generic/protobuf-3.19.3+computecanada-py2.py3-none-any.whl
Processing /cvmfs/soft.computecanada.ca/custom/python/wheelhouse/generic/click-8.0.3+computecanada-py3-none-any.whl
Processing /cvmfs/soft.computecanada.ca/custom/python/wheelhouse/generic/subprocess32-3.5.4+computecanada-py3-none-any.whl
Requirement already satisfied: python-dateutil>=2.6.1 in /cvmfs/soft.computecanada.ca/easybuild/software/2017/Core/scipy-stack/2019a/lib/python3.7/site-packages (from wandb) (2.7.5)
Processing /cvmfs/soft.computecanada.ca/custom/python/wheelhouse/generic/docker_pycreds-0.4.0+computecanada-py2.py3-none-any.whl
Requirement already satisfied: importlib-metadata in /cvmfs/soft.computecanada.ca/easybuild/software/2017/Core/scipy-stack/2019a/lib/python3.7/site-packages (from Click!=8.0.0,>=7.0->wandb) (0.8)
Processing /cvmfs/soft.computecanada.ca/custom/python/wheelhouse/generic/typing_extensions-4.0.1+computecanada-py3-none-any.whl
Processing /cvmfs/soft.computecanada.ca/custom/python/wheelhouse/generic/gitdb-4.0.9+computecanada-py3-none-any.whl
Processing /cvmfs/soft.computecanada.ca/custom/python/wheelhouse/generic/smmap-5.0.0+computecanada-py3-none-any.whl
Requirement already satisfied: chardet<3.1.0,>=3.0.2 in /cvmfs/soft.computecanada.ca/easybuild/software/2017/Core/scipy-stack/2019a/lib/python3.7/site-packages (from requests<3,>=2.0.0->wandb) (3.0.4)
Requirement already satisfied: certifi>=2017.4.17 in /cvmfs/soft.computecanada.ca/easybuild/software/2017/Core/scipy-stack/2019a/lib/python3.7/site-packages (from requests<3,>=2.0.0->wandb) (2018.11.29)
Requirement already satisfied: urllib3<1.25,>=1.21.1 in /cvmfs/soft.computecanada.ca/easybuild/software/2017/Core/scipy-stack/2019a/lib/python3.7/site-packages (from requests<3,>=2.0.0->wandb) (1.24.1)
Requirement already satisfied: idna<2.9,>=2.5 in /cvmfs/soft.computecanada.ca/easybuild/software/2017/Core/scipy-stack/2019a/lib/python3.7/site-packages (from requests<3,>=2.0.0->wandb) (2.8)
Processing /cvmfs/soft.computecanada.ca/custom/python/wheelhouse/generic/termcolor-1.1.0+computecanada-py3-none-any.whl
Requirement already satisfied: zipp>=0.3.2 in /cvmfs/soft.computecanada.ca/easybuild/software/2017/Core/scipy-stack/2019a/lib/python3.7/site-packages (from importlib-metadata->Click!=8.0.0,>=7.0->wandb) (0.3.3)
Installing collected packages: smmap, typing-extensions, termcolor, six, gitdb, yaspin, subprocess32, shortuuid, sentry-sdk, PyYAML, psutil, protobuf, promise, pathtools, GitPython, docker-pycreds, configparser, Click, wandb
  Attempting uninstall: six
    Found existing installation: six 1.12.0
    Not uninstalling six at /cvmfs/soft.computecanada.ca/easybuild/software/2017/Core/scipy-stack/2019a/lib/python3.7/site-packages, outside environment /localscratch/yinan.28287415.0/env
    Can't uninstall 'six'. No files were found to uninstall.
Successfully installed Click-8.0.3+computecanada GitPython-3.1.24+computecanada PyYAML-5.3.1+computecanada configparser-5.0.2+computecanada docker-pycreds-0.4.0+computecanada gitdb-4.0.9+computecanada pathtools-0.1.2+computecanada promise-2.3+computecanada protobuf-3.19.3+computecanada psutil-5.7.3+computecanada sentry-sdk-1.5.0+computecanada shortuuid-1.0.1+computecanada six-1.16.0+computecanada smmap-5.0.0+computecanada subprocess32-3.5.4+computecanada termcolor-1.1.0+computecanada typing-extensions-4.0.1+computecanada wandb-0.12.5+computecanada yaspin-2.1.0+computecanada
Looking in links: /cvmfs/soft.computecanada.ca/custom/python/wheelhouse/nix/avx2, /cvmfs/soft.computecanada.ca/custom/python/wheelhouse/nix/generic, /cvmfs/soft.computecanada.ca/custom/python/wheelhouse/generic
ERROR: Could not find a version that satisfies the requirement sagemaker (from versions: none)
ERROR: No matching distribution found for sagemaker
Looking in links: /cvmfs/soft.computecanada.ca/custom/python/wheelhouse/nix/avx2, /cvmfs/soft.computecanada.ca/custom/python/wheelhouse/nix/generic, /cvmfs/soft.computecanada.ca/custom/python/wheelhouse/generic
Processing /cvmfs/soft.computecanada.ca/custom/python/wheelhouse/generic/torch-1.9.1+computecanada-cp37-cp37m-linux_x86_64.whl
Requirement already satisfied: typing-extensions in /localscratch/yinan.28287415.0/env/lib/python3.7/site-packages (from torch) (4.0.1+computecanada)
Installing collected packages: torch
Successfully installed torch-1.9.1+computecanada
Looking in links: /cvmfs/soft.computecanada.ca/custom/python/wheelhouse/nix/avx2, /cvmfs/soft.computecanada.ca/custom/python/wheelhouse/nix/generic, /cvmfs/soft.computecanada.ca/custom/python/wheelhouse/generic
Processing /cvmfs/soft.computecanada.ca/custom/python/wheelhouse/generic/transformers-2.5.1+computecanada-py3-none-any.whl
Processing /cvmfs/soft.computecanada.ca/custom/python/wheelhouse/generic/sacremoses-0.0.46+computecanada-py3-none-any.whl
Processing /cvmfs/soft.computecanada.ca/custom/python/wheelhouse/generic/regex-2020.11.13+computecanada-cp37-cp37m-linux_x86_64.whl
Requirement already satisfied: numpy in /cvmfs/soft.computecanada.ca/easybuild/software/2017/Core/scipy-stack/2019a/lib/python3.7/site-packages (from transformers==2.5.1+computecanada) (1.16.0)
Processing /cvmfs/soft.computecanada.ca/custom/python/wheelhouse/generic/boto3-1.20.52+computecanada-py3-none-any.whl
Processing /cvmfs/soft.computecanada.ca/custom/python/wheelhouse/generic/tokenizers-0.5.2+computecanada-cp37-cp37m-linux_x86_64.whl
Processing /cvmfs/soft.computecanada.ca/custom/python/wheelhouse/generic/filelock-3.4.2+computecanada-py3-none-any.whl
Processing /cvmfs/soft.computecanada.ca/custom/python/wheelhouse/generic/sentencepiece-0.1.91+computecanada-cp37-cp37m-linux_x86_64.whl
Requirement already satisfied: requests in /cvmfs/soft.computecanada.ca/easybuild/software/2017/Core/scipy-stack/2019a/lib/python3.7/site-packages (from transformers==2.5.1+computecanada) (2.21.0)
Processing /cvmfs/soft.computecanada.ca/custom/python/wheelhouse/generic/tqdm-4.63.0+computecanada-py2.py3-none-any.whl
Processing /cvmfs/soft.computecanada.ca/custom/python/wheelhouse/generic/s3transfer-0.5.1+computecanada-py3-none-any.whl
Processing /cvmfs/soft.computecanada.ca/custom/python/wheelhouse/generic/botocore-1.23.52+computecanada-py3-none-any.whl
Processing /cvmfs/soft.computecanada.ca/custom/python/wheelhouse/generic/jmespath-0.10.0+computecanada-py2.py3-none-any.whl
Processing /cvmfs/soft.computecanada.ca/custom/python/wheelhouse/generic/urllib3-1.26.8+computecanada-py2.py3-none-any.whl
Requirement already satisfied: python-dateutil<3.0.0,>=2.1 in /cvmfs/soft.computecanada.ca/easybuild/software/2017/Core/scipy-stack/2019a/lib/python3.7/site-packages (from botocore<1.24.0,>=1.23.52->boto3->transformers==2.5.1+computecanada) (2.7.5)
Requirement already satisfied: six>=1.5 in /localscratch/yinan.28287415.0/env/lib/python3.7/site-packages (from python-dateutil<3.0.0,>=2.1->botocore<1.24.0,>=1.23.52->boto3->transformers==2.5.1+computecanada) (1.16.0+computecanada)
Requirement already satisfied: idna<2.9,>=2.5 in /cvmfs/soft.computecanada.ca/easybuild/software/2017/Core/scipy-stack/2019a/lib/python3.7/site-packages (from requests->transformers==2.5.1+computecanada) (2.8)
Requirement already satisfied: certifi>=2017.4.17 in /cvmfs/soft.computecanada.ca/easybuild/software/2017/Core/scipy-stack/2019a/lib/python3.7/site-packages (from requests->transformers==2.5.1+computecanada) (2018.11.29)
Processing /cvmfs/soft.computecanada.ca/custom/python/wheelhouse/generic/requests-2.27.1+computecanada-py2.py3-none-any.whl
Processing /cvmfs/soft.computecanada.ca/custom/python/wheelhouse/generic/charset_normalizer-2.0.11+computecanada-py3-none-any.whl
Processing /cvmfs/soft.computecanada.ca/custom/python/wheelhouse/generic/joblib-1.1.0+computecanada-py2.py3-none-any.whl
Requirement already satisfied: click in /localscratch/yinan.28287415.0/env/lib/python3.7/site-packages (from sacremoses->transformers==2.5.1+computecanada) (8.0.3+computecanada)
Requirement already satisfied: importlib-metadata in /cvmfs/soft.computecanada.ca/easybuild/software/2017/Core/scipy-stack/2019a/lib/python3.7/site-packages (from click->sacremoses->transformers==2.5.1+computecanada) (0.8)
Requirement already satisfied: zipp>=0.3.2 in /cvmfs/soft.computecanada.ca/easybuild/software/2017/Core/scipy-stack/2019a/lib/python3.7/site-packages (from importlib-metadata->click->sacremoses->transformers==2.5.1+computecanada) (0.3.3)
Installing collected packages: urllib3, jmespath, botocore, tqdm, s3transfer, regex, joblib, charset-normalizer, tokenizers, sentencepiece, sacremoses, requests, filelock, boto3, transformers
  Attempting uninstall: urllib3
    Found existing installation: urllib3 1.24.1
    Not uninstalling urllib3 at /cvmfs/soft.computecanada.ca/easybuild/software/2017/Core/scipy-stack/2019a/lib/python3.7/site-packages, outside environment /localscratch/yinan.28287415.0/env
    Can't uninstall 'urllib3'. No files were found to uninstall.
  Attempting uninstall: requests
    Found existing installation: requests 2.21.0
    Not uninstalling requests at /cvmfs/soft.computecanada.ca/easybuild/software/2017/Core/scipy-stack/2019a/lib/python3.7/site-packages, outside environment /localscratch/yinan.28287415.0/env
    Can't uninstall 'requests'. No files were found to uninstall.
Successfully installed boto3-1.20.52+computecanada botocore-1.23.52+computecanada charset-normalizer-2.0.11+computecanada filelock-3.4.2+computecanada jmespath-0.10.0+computecanada joblib-1.1.0+computecanada regex-2020.11.13+computecanada requests-2.27.1+computecanada s3transfer-0.5.1+computecanada sacremoses-0.0.46+computecanada sentencepiece-0.1.91+computecanada tokenizers-0.5.2+computecanada tqdm-4.63.0+computecanada transformers-2.5.1+computecanada urllib3-1.26.8+computecanada
Looking in links: /cvmfs/soft.computecanada.ca/custom/python/wheelhouse/nix/avx2, /cvmfs/soft.computecanada.ca/custom/python/wheelhouse/nix/generic, /cvmfs/soft.computecanada.ca/custom/python/wheelhouse/generic
Processing /cvmfs/soft.computecanada.ca/custom/python/wheelhouse/generic/tensorflow_gpu-2.3.0+computecanada-cp37-cp37m-linux_x86_64.whl
Requirement already satisfied: termcolor>=1.1.0 in /localscratch/yinan.28287415.0/env/lib/python3.7/site-packages (from tensorflow_gpu==2.3.0+computecanada) (1.1.0+computecanada)
Requirement already satisfied: wheel>=0.26 in /localscratch/yinan.28287415.0/env/lib/python3.7/site-packages (from tensorflow_gpu==2.3.0+computecanada) (0.33.4)
Requirement already satisfied: six>=1.12.0 in /localscratch/yinan.28287415.0/env/lib/python3.7/site-packages (from tensorflow_gpu==2.3.0+computecanada) (1.16.0+computecanada)
Processing /cvmfs/soft.computecanada.ca/custom/python/wheelhouse/generic/absl_py-1.0.0+computecanada-py3-none-any.whl
Processing /cvmfs/soft.computecanada.ca/custom/python/wheelhouse/generic/opt_einsum-3.3.0+computecanada-py3-none-any.whl
Processing /cvmfs/soft.computecanada.ca/custom/python/wheelhouse/generic/astunparse-1.6.3+computecanada-py2.py3-none-any.whl
Processing /cvmfs/soft.computecanada.ca/custom/python/wheelhouse/generic/gast-0.3.3+computecanada-py3-none-any.whl
Requirement already satisfied: numpy<1.19.0,>=1.16.0 in /cvmfs/soft.computecanada.ca/easybuild/software/2017/Core/scipy-stack/2019a/lib/python3.7/site-packages (from tensorflow_gpu==2.3.0+computecanada) (1.16.0)
Processing /cvmfs/soft.computecanada.ca/custom/python/wheelhouse/generic/Keras_Preprocessing-1.1.2+computecanada-py3-none-any.whl
Processing /cvmfs/soft.computecanada.ca/custom/python/wheelhouse/generic/wrapt-1.11.2+computecanada-cp37-cp37m-linux_x86_64.whl
Requirement already satisfied: protobuf>=3.9.2 in /localscratch/yinan.28287415.0/env/lib/python3.7/site-packages (from tensorflow_gpu==2.3.0+computecanada) (3.19.3+computecanada)
Processing /cvmfs/soft.computecanada.ca/custom/python/wheelhouse/generic/grpcio-1.38.0+computecanada-cp37-cp37m-linux_x86_64.whl
Processing /cvmfs/soft.computecanada.ca/custom/python/wheelhouse/generic/tensorboard-2.8.0+computecanada-py3-none-any.whl
Processing /cvmfs/soft.computecanada.ca/custom/python/wheelhouse/generic/tensorflow_estimator-2.3.0+computecanada-py2.py3-none-any.whl
Processing /cvmfs/soft.computecanada.ca/custom/python/wheelhouse/nix/avx2/h5py-2.10.0+computecanada-cp37-cp37m-linux_x86_64.whl
Processing /cvmfs/soft.computecanada.ca/custom/python/wheelhouse/generic/google_pasta-0.2.0+computecanada-py3-none-any.whl
Processing /cvmfs/soft.computecanada.ca/custom/python/wheelhouse/nix/generic/scipy-1.4.1+computecanada-cp37-cp37m-linux_x86_64.whl
Processing /cvmfs/soft.computecanada.ca/custom/python/wheelhouse/generic/Markdown-3.3.6+computecanada-py3-none-any.whl
Requirement already satisfied: setuptools>=41.0.0 in /localscratch/yinan.28287415.0/env/lib/python3.7/site-packages (from tensorboard<3,>=2.3.0->tensorflow_gpu==2.3.0+computecanada) (41.0.1)
Requirement already satisfied: requests<3,>=2.21.0 in /localscratch/yinan.28287415.0/env/lib/python3.7/site-packages (from tensorboard<3,>=2.3.0->tensorflow_gpu==2.3.0+computecanada) (2.27.1+computecanada)
Processing /cvmfs/soft.computecanada.ca/custom/python/wheelhouse/generic/tensorboard_plugin_wit-1.8.0+computecanada-py3-none-any.whl
Processing /cvmfs/soft.computecanada.ca/custom/python/wheelhouse/generic/google_auth-2.3.3+computecanada-py2.py3-none-any.whl
Processing /cvmfs/soft.computecanada.ca/custom/python/wheelhouse/generic/google_auth_oauthlib-0.4.6+computecanada-py2.py3-none-any.whl
Processing /cvmfs/soft.computecanada.ca/custom/python/wheelhouse/generic/tensorboard_data_server-0.6.1+computecanada-py3-none-linux_x86_64.whl
Processing /cvmfs/soft.computecanada.ca/custom/python/wheelhouse/generic/Werkzeug-2.0.3+computecanada-py3-none-any.whl
Processing /cvmfs/soft.computecanada.ca/custom/python/wheelhouse/generic/cachetools-4.2.4+computecanada-py3-none-any.whl
Processing /cvmfs/soft.computecanada.ca/custom/python/wheelhouse/generic/rsa-4.8+computecanada-py3-none-any.whl
Processing /cvmfs/soft.computecanada.ca/custom/python/wheelhouse/generic/pyasn1_modules-0.2.8+computecanada-py2.py3-none-any.whl
Processing /cvmfs/soft.computecanada.ca/custom/python/wheelhouse/generic/requests_oauthlib-1.3.0+computecanada-py2.py3-none-any.whl
Processing /cvmfs/soft.computecanada.ca/custom/python/wheelhouse/generic/importlib_metadata-4.10.1+computecanada-py3-none-any.whl
Requirement already satisfied: typing-extensions>=3.6.4 in /localscratch/yinan.28287415.0/env/lib/python3.7/site-packages (from importlib-metadata>=4.4->markdown>=2.6.8->tensorboard<3,>=2.3.0->tensorflow_gpu==2.3.0+computecanada) (4.0.1+computecanada)
Processing /cvmfs/soft.computecanada.ca/custom/python/wheelhouse/generic/zipp-3.7.0+computecanada-py3-none-any.whl
Processing /cvmfs/soft.computecanada.ca/custom/python/wheelhouse/generic/pyasn1-0.4.8+computecanada-py2.py3-none-any.whl
Requirement already satisfied: certifi>=2017.4.17 in /cvmfs/soft.computecanada.ca/easybuild/software/2017/Core/scipy-stack/2019a/lib/python3.7/site-packages (from requests<3,>=2.21.0->tensorboard<3,>=2.3.0->tensorflow_gpu==2.3.0+computecanada) (2018.11.29)
Requirement already satisfied: idna<4,>=2.5 in /cvmfs/soft.computecanada.ca/easybuild/software/2017/Core/scipy-stack/2019a/lib/python3.7/site-packages (from requests<3,>=2.21.0->tensorboard<3,>=2.3.0->tensorflow_gpu==2.3.0+computecanada) (2.8)
Requirement already satisfied: urllib3<1.27,>=1.21.1 in /localscratch/yinan.28287415.0/env/lib/python3.7/site-packages (from requests<3,>=2.21.0->tensorboard<3,>=2.3.0->tensorflow_gpu==2.3.0+computecanada) (1.26.8+computecanada)
Requirement already satisfied: charset-normalizer~=2.0.0 in /localscratch/yinan.28287415.0/env/lib/python3.7/site-packages (from requests<3,>=2.21.0->tensorboard<3,>=2.3.0->tensorflow_gpu==2.3.0+computecanada) (2.0.11+computecanada)
Processing /cvmfs/soft.computecanada.ca/custom/python/wheelhouse/generic/oauthlib-3.1.1+computecanada-py2.py3-none-any.whl
Installing collected packages: pyasn1, zipp, rsa, pyasn1-modules, oauthlib, cachetools, requests-oauthlib, importlib-metadata, google-auth, werkzeug, tensorboard-plugin-wit, tensorboard-data-server, markdown, grpcio, google-auth-oauthlib, absl-py, wrapt, tensorflow-estimator, tensorboard, scipy, opt-einsum, keras-preprocessing, h5py, google-pasta, gast, astunparse, tensorflow-gpu
  Attempting uninstall: pyasn1
    Found existing installation: pyasn1 0.4.3
    Not uninstalling pyasn1 at /cvmfs/soft.computecanada.ca/easybuild/software/2017/Core/scipy-stack/2019a/lib/python3.7/site-packages, outside environment /localscratch/yinan.28287415.0/env
    Can't uninstall 'pyasn1'. No files were found to uninstall.
  Attempting uninstall: zipp
    Found existing installation: zipp 0.3.3
    Not uninstalling zipp at /cvmfs/soft.computecanada.ca/easybuild/software/2017/Core/scipy-stack/2019a/lib/python3.7/site-packages, outside environment /localscratch/yinan.28287415.0/env
    Can't uninstall 'zipp'. No files were found to uninstall.
  Attempting uninstall: importlib-metadata
    Found existing installation: importlib-metadata 0.8
    Not uninstalling importlib-metadata at /cvmfs/soft.computecanada.ca/easybuild/software/2017/Core/scipy-stack/2019a/lib/python3.7/site-packages, outside environment /localscratch/yinan.28287415.0/env
    Can't uninstall 'importlib-metadata'. No files were found to uninstall.
  Attempting uninstall: scipy
    Found existing installation: scipy 1.2.0
    Not uninstalling scipy at /cvmfs/soft.computecanada.ca/easybuild/software/2017/Core/scipy-stack/2019a/lib/python3.7/site-packages, outside environment /localscratch/yinan.28287415.0/env
    Can't uninstall 'scipy'. No files were found to uninstall.
Successfully installed absl-py-1.0.0+computecanada astunparse-1.6.3+computecanada cachetools-4.2.4+computecanada gast-0.3.3+computecanada google-auth-2.3.3+computecanada google-auth-oauthlib-0.4.6+computecanada google-pasta-0.2.0+computecanada grpcio-1.38.0+computecanada h5py-2.10.0+computecanada importlib-metadata-4.10.1+computecanada keras-preprocessing-1.1.2+computecanada markdown-3.3.6+computecanada oauthlib-3.1.1+computecanada opt-einsum-3.3.0+computecanada pyasn1-0.4.8+computecanada pyasn1-modules-0.2.8+computecanada requests-oauthlib-1.3.0+computecanada rsa-4.8+computecanada scipy-1.4.1+computecanada tensorboard-2.8.0+computecanada tensorboard-data-server-0.6.1+computecanada tensorboard-plugin-wit-1.8.0+computecanada tensorflow-estimator-2.3.0+computecanada tensorflow-gpu-2.3.0+computecanada werkzeug-2.0.3+computecanada wrapt-1.11.2+computecanada zipp-3.7.0+computecanada
Looking in links: /cvmfs/soft.computecanada.ca/custom/python/wheelhouse/nix/avx2, /cvmfs/soft.computecanada.ca/custom/python/wheelhouse/nix/generic, /cvmfs/soft.computecanada.ca/custom/python/wheelhouse/generic
Processing /cvmfs/soft.computecanada.ca/custom/python/wheelhouse/generic/keras-2.8.0+computecanada-py2.py3-none-any.whl
Installing collected packages: Keras
Successfully installed Keras-2.8.0+computecanada
Looking in links: /cvmfs/soft.computecanada.ca/custom/python/wheelhouse/nix/avx2, /cvmfs/soft.computecanada.ca/custom/python/wheelhouse/nix/generic, /cvmfs/soft.computecanada.ca/custom/python/wheelhouse/generic
Processing /cvmfs/soft.computecanada.ca/custom/python/wheelhouse/generic/urllib3-1.26.7+computecanada-py2.py3-none-any.whl
Installing collected packages: urllib3
  Attempting uninstall: urllib3
    Found existing installation: urllib3 1.26.8+computecanada
    Uninstalling urllib3-1.26.8+computecanada:
      Successfully uninstalled urllib3-1.26.8+computecanada
Successfully installed urllib3-1.26.7+computecanada
Looking in links: /cvmfs/soft.computecanada.ca/custom/python/wheelhouse/nix/avx2, /cvmfs/soft.computecanada.ca/custom/python/wheelhouse/nix/generic, /cvmfs/soft.computecanada.ca/custom/python/wheelhouse/generic
Processing /cvmfs/soft.computecanada.ca/custom/python/wheelhouse/generic/nltk-3.7+computecanada-py3-none-any.whl
Requirement already satisfied: tqdm in /localscratch/yinan.28287415.0/env/lib/python3.7/site-packages (from nltk) (4.63.0+computecanada)
Requirement already satisfied: click in /localscratch/yinan.28287415.0/env/lib/python3.7/site-packages (from nltk) (8.0.3+computecanada)
Processing /cvmfs/soft.computecanada.ca/custom/python/wheelhouse/generic/nltk-3.6.5+computecanada-py3-none-any.whl
Processing /cvmfs/soft.computecanada.ca/custom/python/wheelhouse/generic/nltk-3.6.3+computecanada-py3-none-any.whl
Requirement already satisfied: regex in /localscratch/yinan.28287415.0/env/lib/python3.7/site-packages (from nltk) (2020.11.13+computecanada)
Requirement already satisfied: joblib in /localscratch/yinan.28287415.0/env/lib/python3.7/site-packages (from nltk) (1.1.0+computecanada)
Requirement already satisfied: importlib-metadata in /localscratch/yinan.28287415.0/env/lib/python3.7/site-packages (from click->nltk) (4.10.1+computecanada)
Requirement already satisfied: zipp>=0.5 in /localscratch/yinan.28287415.0/env/lib/python3.7/site-packages (from importlib-metadata->click->nltk) (3.7.0+computecanada)
Requirement already satisfied: typing-extensions>=3.6.4 in /localscratch/yinan.28287415.0/env/lib/python3.7/site-packages (from importlib-metadata->click->nltk) (4.0.1+computecanada)
Installing collected packages: nltk
Successfully installed nltk-3.6.3+computecanada
Looking in links: /cvmfs/soft.computecanada.ca/custom/python/wheelhouse/nix/avx2, /cvmfs/soft.computecanada.ca/custom/python/wheelhouse/nix/generic, /cvmfs/soft.computecanada.ca/custom/python/wheelhouse/generic
Processing /cvmfs/soft.computecanada.ca/custom/python/wheelhouse/generic/scikit_learn-0.22.1+computecanada-cp37-cp37m-linux_x86_64.whl
Requirement already satisfied: scipy>=0.17.0 in /localscratch/yinan.28287415.0/env/lib/python3.7/site-packages (from scikit-learn==0.22.1) (1.4.1+computecanada)
Requirement already satisfied: numpy>=1.11.0 in /cvmfs/soft.computecanada.ca/easybuild/software/2017/Core/scipy-stack/2019a/lib/python3.7/site-packages (from scikit-learn==0.22.1) (1.16.0)
Requirement already satisfied: joblib>=0.11 in /localscratch/yinan.28287415.0/env/lib/python3.7/site-packages (from scikit-learn==0.22.1) (1.1.0+computecanada)
Installing collected packages: scikit-learn
Successfully installed scikit-learn-0.22.1+computecanada
Looking in links: /cvmfs/soft.computecanada.ca/custom/python/wheelhouse/nix/avx2, /cvmfs/soft.computecanada.ca/custom/python/wheelhouse/nix/generic, /cvmfs/soft.computecanada.ca/custom/python/wheelhouse/generic
Requirement already satisfied: tokenizers==0.5.2 in /localscratch/yinan.28287415.0/env/lib/python3.7/site-packages (0.5.2+computecanada)
wandb: Appending key for api.wandb.ai to your netrc file: /home/yinan/.netrc
Starting Task
2022-03-05 07:44:14.764633: I tensorflow/stream_executor/platform/default/dso_loader.cc:48] Successfully opened dynamic library libcudart.so.10.1
[nltk_data] Downloading package stopwords to /home/yinan/nltk_data...
[nltk_data]   Package stopwords is already up-to-date!
[nltk_data] Downloading package wordnet to /home/yinan/nltk_data...
[nltk_data]   Package wordnet is already up-to-date!
wandb: Currently logged in as: yinanazhou (use `wandb login --relogin` to force relogin)
wandb: wandb version 0.12.11 is available!  To upgrade, please run:
wandb:  $ pip install wandb --upgrade
2022-03-05 07:44:30.321958: I tensorflow/stream_executor/platform/default/dso_loader.cc:48] Successfully opened dynamic library libcudart.so.10.1
wandb: Tracking run with wandb version 0.12.5
wandb: Syncing run rare-rain-1
wandb: ⭐️ View project at https://wandb.ai/yinanazhou/xl_512_bs_8_lr_1e06_es_20_lc_True_nr_False_stem_False_lemma_True_repeat_1_fold_1
wandb: 🚀 View run at https://wandb.ai/yinanazhou/xl_512_bs_8_lr_1e06_es_20_lc_True_nr_False_stem_False_lemma_True_repeat_1_fold_1/runs/316gipv5
wandb: Run data is saved locally in /project/6002780/yinan/Thesis_MER_Lyrics/lyric-emotion/wandb/run-20220305_074428-316gipv5
wandb: Run `wandb offline` to turn off syncing.

Validation loss decreased (inf --> 1.379624).  Saving model ...
Validation loss decreased (1.379624 --> 1.339392).  Saving model ...
Validation loss decreased (1.339392 --> 1.308653).  Saving model ...
Validation loss decreased (1.308653 --> 1.283918).  Saving model ...
Validation loss decreased (1.283918 --> 1.257370).  Saving model ...
Validation loss decreased (1.257370 --> 1.242447).  Saving model ...
Validation loss decreased (1.242447 --> 1.219136).  Saving model ...
Validation loss decreased (1.219136 --> 1.198558).  Saving model ...
Validation loss decreased (1.198558 --> 1.169266).  Saving model ...
Validation loss decreased (1.169266 --> 1.145304).  Saving model ...
Validation loss decreased (1.145304 --> 1.114437).  Saving model ...
Validation loss decreased (1.114437 --> 1.097499).  Saving model ...
Validation loss decreased (1.097499 --> 1.071765).  Saving model ...
Validation loss decreased (1.071765 --> 1.059996).  Saving model ...
Validation loss decreased (1.059996 --> 1.025686).  Saving model ...
Validation loss decreased (1.025686 --> 1.013370).  Saving model ...
EarlyStopping counter: 1 out of 20.0
Validation loss decreased (1.013370 --> 0.978516).  Saving model ...
Validation loss decreased (0.978516 --> 0.974848).  Saving model ...
Validation loss decreased (0.974848 --> 0.964180).  Saving model ...
Validation loss decreased (0.964180 --> 0.953821).  Saving model ...
Validation loss decreased (0.953821 --> 0.939980).  Saving model ...
Validation loss decreased (0.939980 --> 0.935234).  Saving model ...
EarlyStopping counter: 1 out of 20.0
EarlyStopping counter: 2 out of 20.0
EarlyStopping counter: 3 out of 20.0
EarlyStopping counter: 4 out of 20.0
EarlyStopping counter: 5 out of 20.0
EarlyStopping counter: 6 out of 20.0
EarlyStopping counter: 7 out of 20.0
EarlyStopping counter: 8 out of 20.0
EarlyStopping counter: 9 out of 20.0
EarlyStopping counter: 10 out of 20.0
EarlyStopping counter: 11 out of 20.0
EarlyStopping counter: 12 out of 20.0
EarlyStopping counter: 13 out of 20.0
EarlyStopping counter: 14 out of 20.0
EarlyStopping counter: 15 out of 20.0
EarlyStopping counter: 16 out of 20.0
EarlyStopping counter: 17 out of 20.0
EarlyStopping counter: 18 out of 20.0
EarlyStopping counter: 19 out of 20.0
EarlyStopping counter: 20 out of 20.0
/localscratch/yinan.28287415.0/env/lib/python3.7/site-packages/torch/nn/functional.py:1794: UserWarning: nn.functional.tanh is deprecated. Use torch.tanh instead.
  warnings.warn("nn.functional.tanh is deprecated. Use torch.tanh instead.")
/localscratch/yinan.28287415.0/env/lib/python3.7/site-packages/transformers/optimization.py:155: UserWarning: This overload of add_ is deprecated:
	add_(Number alpha, Tensor other)
Consider using one of the following signatures instead:
	add_(Tensor other, *, Number alpha) (Triggered internally at  ../torch/csrc/utils/python_arg_parser.cpp:1025.)
  exp_avg.mul_(beta1).add_(1.0 - beta1, grad)
wandb: Waiting for W&B process to finish, PID 254872... (success).
wandb: - 0.00MB of 0.00MB uploaded (0.00MB deduped)wandb: \ 0.00MB of 0.00MB uploaded (0.00MB deduped)wandb: | 0.00MB of 0.00MB uploaded (0.00MB deduped)wandb: / 0.00MB of 0.00MB uploaded (0.00MB deduped)wandb: - 0.00MB of 0.00MB uploaded (0.00MB deduped)wandb: \ 0.00MB of 0.00MB uploaded (0.00MB deduped)wandb: | 0.00MB of 0.00MB uploaded (0.00MB deduped)wandb: / 0.00MB of 0.00MB uploaded (0.00MB deduped)wandb: - 0.00MB of 0.00MB uploaded (0.00MB deduped)wandb: \ 0.00MB of 0.00MB uploaded (0.00MB deduped)wandb: | 0.00MB of 0.00MB uploaded (0.00MB deduped)wandb: / 0.00MB of 0.00MB uploaded (0.00MB deduped)wandb: - 0.00MB of 0.00MB uploaded (0.00MB deduped)wandb:                                                                                
wandb: Run history:
wandb:     e_F1 ▁▃▄▄▅▅▅▅▆▆▆▆▇▇▇▇▇▇█▇▇███████████████████
wandb:   e_loss █▇▇▆▆▆▅▅▅▄▄▄▃▂▂▂▂▂▁▁▁▁▁▁▁▁▁▁▁▁▁▂▁▁▁▂▂▂▂▂
wandb:     t_F1 ▁▂▂▃▃▃▄▄▄▅▅▅▅▅▆▆▆▆▆▇▇▆▆▇▇▇▇▇▇▇▇▇▇███████
wandb:   t_loss ██▇▇▇▇▇▆▆▆▆▅▅▅▅▄▄▄▄▃▃▃▃▃▃▃▃▂▂▂▂▂▂▂▂▂▁▁▁▁
wandb: 
wandb: Run summary:
wandb:     e_F1 61.80036
wandb:   e_loss 0.99593
wandb:     t_F1 88.14757
wandb:   t_loss 0.39516
wandb: 
wandb: Synced 4 W&B file(s), 0 media file(s), 0 artifact file(s) and 0 other file(s)
wandb: Synced rare-rain-1: https://wandb.ai/yinanazhou/xl_512_bs_8_lr_1e06_es_20_lc_True_nr_False_stem_False_lemma_True_repeat_1_fold_1/runs/316gipv5
wandb: Find logs at: ./wandb/run-20220305_074428-316gipv5/logs/debug.log
wandb: 

wandb: wandb version 0.12.11 is available!  To upgrade, please run:
wandb:  $ pip install wandb --upgrade
2022-03-05 08:25:31.071235: I tensorflow/stream_executor/platform/default/dso_loader.cc:48] Successfully opened dynamic library libcudart.so.10.1
wandb: Tracking run with wandb version 0.12.5
wandb: Syncing run chocolate-pyramid-1
wandb: ⭐️ View project at https://wandb.ai/yinanazhou/xl_512_bs_8_lr_1e06_es_20_lc_True_nr_False_stem_False_lemma_True_repeat_1_fold_2
wandb: 🚀 View run at https://wandb.ai/yinanazhou/xl_512_bs_8_lr_1e06_es_20_lc_True_nr_False_stem_False_lemma_True_repeat_1_fold_2/runs/19ruofja
wandb: Run data is saved locally in /project/6002780/yinan/Thesis_MER_Lyrics/lyric-emotion/wandb/run-20220305_082528-19ruofja
wandb: Run `wandb offline` to turn off syncing.

Validation loss decreased (inf --> 1.416714).  Saving model ...
Validation loss decreased (1.416714 --> 1.366408).  Saving model ...
Validation loss decreased (1.366408 --> 1.345098).  Saving model ...
Validation loss decreased (1.345098 --> 1.318619).  Saving model ...
Validation loss decreased (1.318619 --> 1.294209).  Saving model ...
Validation loss decreased (1.294209 --> 1.275776).  Saving model ...
Validation loss decreased (1.275776 --> 1.245731).  Saving model ...
Validation loss decreased (1.245731 --> 1.210730).  Saving model ...
Validation loss decreased (1.210730 --> 1.179321).  Saving model ...
Validation loss decreased (1.179321 --> 1.147431).  Saving model ...
Validation loss decreased (1.147431 --> 1.120526).  Saving model ...
Validation loss decreased (1.120526 --> 1.085318).  Saving model ...
Validation loss decreased (1.085318 --> 1.057448).  Saving model ...
Validation loss decreased (1.057448 --> 1.031318).  Saving model ...
Validation loss decreased (1.031318 --> 1.010246).  Saving model ...
Validation loss decreased (1.010246 --> 0.990093).  Saving model ...
Validation loss decreased (0.990093 --> 0.978077).  Saving model ...
Validation loss decreased (0.978077 --> 0.968021).  Saving model ...
Validation loss decreased (0.968021 --> 0.959201).  Saving model ...
Validation loss decreased (0.959201 --> 0.954411).  Saving model ...
Validation loss decreased (0.954411 --> 0.945144).  Saving model ...
Validation loss decreased (0.945144 --> 0.939003).  Saving model ...
EarlyStopping counter: 1 out of 20.0
EarlyStopping counter: 2 out of 20.0
EarlyStopping counter: 3 out of 20.0
EarlyStopping counter: 4 out of 20.0
EarlyStopping counter: 5 out of 20.0
EarlyStopping counter: 6 out of 20.0
EarlyStopping counter: 7 out of 20.0
EarlyStopping counter: 8 out of 20.0
EarlyStopping counter: 9 out of 20.0
EarlyStopping counter: 10 out of 20.0
EarlyStopping counter: 11 out of 20.0
EarlyStopping counter: 12 out of 20.0
EarlyStopping counter: 13 out of 20.0
EarlyStopping counter: 14 out of 20.0
EarlyStopping counter: 15 out of 20.0
EarlyStopping counter: 16 out of 20.0
EarlyStopping counter: 17 out of 20.0
EarlyStopping counter: 18 out of 20.0
EarlyStopping counter: 19 out of 20.0
EarlyStopping counter: 20 out of 20.0
/localscratch/yinan.28287415.0/env/lib/python3.7/site-packages/torch/nn/functional.py:1794: UserWarning: nn.functional.tanh is deprecated. Use torch.tanh instead.
  warnings.warn("nn.functional.tanh is deprecated. Use torch.tanh instead.")
wandb: Waiting for W&B process to finish, PID 257115... (success).
wandb: - 0.00MB of 0.00MB uploaded (0.00MB deduped)wandb: \ 0.00MB of 0.00MB uploaded (0.00MB deduped)wandb: | 0.00MB of 0.00MB uploaded (0.00MB deduped)wandb: / 0.00MB of 0.00MB uploaded (0.00MB deduped)wandb: - 0.00MB of 0.00MB uploaded (0.00MB deduped)wandb:                                                                                
wandb: Run history:
wandb:     e_F1 ▁▂▂▃▄▄▅▅▆▆▆▇▇▇▇█▇▇███████████████▇██▇██▇
wandb:   e_loss █▇▇▇▆▆▅▅▅▄▄▃▃▂▂▂▂▁▁▁▁▁▁▁▁▁▁▁▂▂▂▂▂▂▂▃▃▃▃▃
wandb:     t_F1 ▁▁▂▂▂▂▃▃▄▄▄▅▅▅▅▅▆▅▆▆▆▆▆▆▇▇▇▇▇▇▇▇▇███████
wandb:   t_loss ██▇▇▇▇▇▇▆▆▆▆▅▅▅▅▄▄▄▄▃▃▃▃▃▃▃▂▂▂▂▂▂▂▂▁▁▁▁▁
wandb: 
wandb: Run summary:
wandb:     e_F1 57.26199
wandb:   e_loss 1.10499
wandb:     t_F1 97.46193
wandb:   t_loss 0.21641
wandb: 
wandb: Synced 4 W&B file(s), 0 media file(s), 0 artifact file(s) and 0 other file(s)
wandb: Synced chocolate-pyramid-1: https://wandb.ai/yinanazhou/xl_512_bs_8_lr_1e06_es_20_lc_True_nr_False_stem_False_lemma_True_repeat_1_fold_2/runs/19ruofja
wandb: Find logs at: ./wandb/run-20220305_082528-19ruofja/logs/debug.log
wandb: 

wandb: wandb version 0.12.11 is available!  To upgrade, please run:
wandb:  $ pip install wandb --upgrade
2022-03-05 09:05:19.070852: I tensorflow/stream_executor/platform/default/dso_loader.cc:48] Successfully opened dynamic library libcudart.so.10.1
wandb: Tracking run with wandb version 0.12.5
wandb: Syncing run fragrant-pyramid-1
wandb: ⭐️ View project at https://wandb.ai/yinanazhou/xl_512_bs_8_lr_1e06_es_20_lc_True_nr_False_stem_False_lemma_True_repeat_2_fold_1
wandb: 🚀 View run at https://wandb.ai/yinanazhou/xl_512_bs_8_lr_1e06_es_20_lc_True_nr_False_stem_False_lemma_True_repeat_2_fold_1/runs/2dxvcihq
wandb: Run data is saved locally in /project/6002780/yinan/Thesis_MER_Lyrics/lyric-emotion/wandb/run-20220305_090515-2dxvcihq
wandb: Run `wandb offline` to turn off syncing.

Validation loss decreased (inf --> 1.385520).  Saving model ...
Validation loss decreased (1.385520 --> 1.345498).  Saving model ...
Validation loss decreased (1.345498 --> 1.325443).  Saving model ...
Validation loss decreased (1.325443 --> 1.306822).  Saving model ...
Validation loss decreased (1.306822 --> 1.273295).  Saving model ...
Validation loss decreased (1.273295 --> 1.235720).  Saving model ...
Validation loss decreased (1.235720 --> 1.213762).  Saving model ...
Validation loss decreased (1.213762 --> 1.171761).  Saving model ...
Validation loss decreased (1.171761 --> 1.145479).  Saving model ...
Validation loss decreased (1.145479 --> 1.118842).  Saving model ...
Validation loss decreased (1.118842 --> 1.094606).  Saving model ...
Validation loss decreased (1.094606 --> 1.070481).  Saving model ...
Validation loss decreased (1.070481 --> 1.042934).  Saving model ...
Validation loss decreased (1.042934 --> 1.025152).  Saving model ...
Validation loss decreased (1.025152 --> 1.005096).  Saving model ...
Validation loss decreased (1.005096 --> 0.992320).  Saving model ...
Validation loss decreased (0.992320 --> 0.980440).  Saving model ...
Validation loss decreased (0.980440 --> 0.968929).  Saving model ...
Validation loss decreased (0.968929 --> 0.960652).  Saving model ...
Validation loss decreased (0.960652 --> 0.950489).  Saving model ...
Validation loss decreased (0.950489 --> 0.946531).  Saving model ...
Validation loss decreased (0.946531 --> 0.935017).  Saving model ...
EarlyStopping counter: 1 out of 20.0
EarlyStopping counter: 2 out of 20.0
EarlyStopping counter: 3 out of 20.0
EarlyStopping counter: 4 out of 20.0
EarlyStopping counter: 5 out of 20.0
EarlyStopping counter: 6 out of 20.0
EarlyStopping counter: 7 out of 20.0
EarlyStopping counter: 8 out of 20.0
EarlyStopping counter: 9 out of 20.0
EarlyStopping counter: 10 out of 20.0
EarlyStopping counter: 11 out of 20.0
EarlyStopping counter: 12 out of 20.0
EarlyStopping counter: 13 out of 20.0
EarlyStopping counter: 14 out of 20.0
EarlyStopping counter: 15 out of 20.0
EarlyStopping counter: 16 out of 20.0
EarlyStopping counter: 17 out of 20.0
EarlyStopping counter: 18 out of 20.0
EarlyStopping counter: 19 out of 20.0
EarlyStopping counter: 20 out of 20.0
/localscratch/yinan.28287415.0/env/lib/python3.7/site-packages/torch/nn/functional.py:1794: UserWarning: nn.functional.tanh is deprecated. Use torch.tanh instead.
  warnings.warn("nn.functional.tanh is deprecated. Use torch.tanh instead.")
wandb: Waiting for W&B process to finish, PID 259290... (success).
wandb: - 0.00MB of 0.00MB uploaded (0.00MB deduped)wandb: \ 0.00MB of 0.00MB uploaded (0.00MB deduped)wandb: | 0.00MB of 0.00MB uploaded (0.00MB deduped)wandb: / 0.00MB of 0.00MB uploaded (0.00MB deduped)wandb: - 0.00MB of 0.00MB uploaded (0.00MB deduped)wandb: \ 0.00MB of 0.00MB uploaded (0.00MB deduped)wandb: | 0.00MB of 0.00MB uploaded (0.00MB deduped)wandb: / 0.00MB of 0.00MB uploaded (0.00MB deduped)wandb: - 0.00MB of 0.00MB uploaded (0.00MB deduped)wandb: \ 0.00MB of 0.00MB uploaded (0.00MB deduped)wandb: | 0.00MB of 0.00MB uploaded (0.00MB deduped)wandb: / 0.00MB of 0.00MB uploaded (0.00MB deduped)wandb: - 0.00MB of 0.00MB uploaded (0.00MB deduped)wandb: \ 0.00MB of 0.00MB uploaded (0.00MB deduped)wandb:                                                                                
wandb: Run history:
wandb:     e_F1 ▁▂▃▄▅▅▅▆▆▆▆▇▇▇▇▇█████████████████████▇██
wandb:   e_loss █▇▇▇▆▆▅▅▄▄▃▃▃▂▂▂▂▂▁▁▁▁▁▁▁▁▁▁▁▂▂▂▂▂▂▂▂▃▃▃
wandb:     t_F1 ▁▂▂▂▃▃▃▄▄▄▅▅▅▆▅▆▆▆▆▆▇▇▇▇▇▇▇▇▇▇▇▇████████
wandb:   t_loss ███▇▇▇▇▇▆▆▆▆▅▅▅▅▄▄▄▄▄▃▃▃▃▃▃▂▂▂▂▂▂▂▂▁▁▁▁▁
wandb: 
wandb: Run summary:
wandb:     e_F1 60.77793
wandb:   e_loss 1.05784
wandb:     t_F1 91.07447
wandb:   t_loss 0.31943
wandb: 
wandb: Synced 4 W&B file(s), 0 media file(s), 0 artifact file(s) and 0 other file(s)
wandb: Synced fragrant-pyramid-1: https://wandb.ai/yinanazhou/xl_512_bs_8_lr_1e06_es_20_lc_True_nr_False_stem_False_lemma_True_repeat_2_fold_1/runs/2dxvcihq
wandb: Find logs at: ./wandb/run-20220305_090515-2dxvcihq/logs/debug.log
wandb: 

wandb: wandb version 0.12.11 is available!  To upgrade, please run:
wandb:  $ pip install wandb --upgrade
2022-03-05 09:45:12.108217: I tensorflow/stream_executor/platform/default/dso_loader.cc:48] Successfully opened dynamic library libcudart.so.10.1
wandb: Tracking run with wandb version 0.12.5
wandb: Syncing run charmed-elevator-1
wandb: ⭐️ View project at https://wandb.ai/yinanazhou/xl_512_bs_8_lr_1e06_es_20_lc_True_nr_False_stem_False_lemma_True_repeat_2_fold_2
wandb: 🚀 View run at https://wandb.ai/yinanazhou/xl_512_bs_8_lr_1e06_es_20_lc_True_nr_False_stem_False_lemma_True_repeat_2_fold_2/runs/1sl8cw0p
wandb: Run data is saved locally in /project/6002780/yinan/Thesis_MER_Lyrics/lyric-emotion/wandb/run-20220305_094509-1sl8cw0p
wandb: Run `wandb offline` to turn off syncing.

Validation loss decreased (inf --> 1.408615).  Saving model ...
Validation loss decreased (1.408615 --> 1.391047).  Saving model ...
Validation loss decreased (1.391047 --> 1.376893).  Saving model ...
Validation loss decreased (1.376893 --> 1.355830).  Saving model ...
Validation loss decreased (1.355830 --> 1.343419).  Saving model ...
Validation loss decreased (1.343419 --> 1.319853).  Saving model ...
Validation loss decreased (1.319853 --> 1.292531).  Saving model ...
Validation loss decreased (1.292531 --> 1.254928).  Saving model ...
Validation loss decreased (1.254928 --> 1.213174).  Saving model ...
Validation loss decreased (1.213174 --> 1.173244).  Saving model ...
Validation loss decreased (1.173244 --> 1.133887).  Saving model ...
Validation loss decreased (1.133887 --> 1.108337).  Saving model ...
Validation loss decreased (1.108337 --> 1.074659).  Saving model ...
Validation loss decreased (1.074659 --> 1.048534).  Saving model ...
Validation loss decreased (1.048534 --> 1.026147).  Saving model ...
Validation loss decreased (1.026147 --> 1.004031).  Saving model ...
Validation loss decreased (1.004031 --> 0.987052).  Saving model ...
Validation loss decreased (0.987052 --> 0.966960).  Saving model ...
Validation loss decreased (0.966960 --> 0.951251).  Saving model ...
Validation loss decreased (0.951251 --> 0.937804).  Saving model ...
Validation loss decreased (0.937804 --> 0.937164).  Saving model ...
Validation loss decreased (0.937164 --> 0.929409).  Saving model ...
Validation loss decreased (0.929409 --> 0.928605).  Saving model ...
Validation loss decreased (0.928605 --> 0.923551).  Saving model ...
Validation loss decreased (0.923551 --> 0.917949).  Saving model ...
EarlyStopping counter: 1 out of 20.0
EarlyStopping counter: 2 out of 20.0
EarlyStopping counter: 3 out of 20.0
EarlyStopping counter: 4 out of 20.0
EarlyStopping counter: 5 out of 20.0
EarlyStopping counter: 6 out of 20.0
EarlyStopping counter: 7 out of 20.0
EarlyStopping counter: 8 out of 20.0
EarlyStopping counter: 9 out of 20.0
EarlyStopping counter: 10 out of 20.0
EarlyStopping counter: 11 out of 20.0
EarlyStopping counter: 12 out of 20.0
EarlyStopping counter: 13 out of 20.0
EarlyStopping counter: 14 out of 20.0
EarlyStopping counter: 15 out of 20.0
EarlyStopping counter: 16 out of 20.0
EarlyStopping counter: 17 out of 20.0
EarlyStopping counter: 18 out of 20.0
EarlyStopping counter: 19 out of 20.0
EarlyStopping counter: 20 out of 20.0
/localscratch/yinan.28287415.0/env/lib/python3.7/site-packages/torch/nn/functional.py:1794: UserWarning: nn.functional.tanh is deprecated. Use torch.tanh instead.
  warnings.warn("nn.functional.tanh is deprecated. Use torch.tanh instead.")
wandb: Waiting for W&B process to finish, PID 261422... (success).
wandb: - 0.00MB of 0.00MB uploaded (0.00MB deduped)wandb: \ 0.00MB of 0.00MB uploaded (0.00MB deduped)wandb: | 0.00MB of 0.00MB uploaded (0.00MB deduped)wandb: / 0.00MB of 0.00MB uploaded (0.00MB deduped)wandb: - 0.00MB of 0.00MB uploaded (0.00MB deduped)wandb: \ 0.00MB of 0.00MB uploaded (0.00MB deduped)wandb: | 0.00MB of 0.00MB uploaded (0.00MB deduped)wandb: / 0.00MB of 0.00MB uploaded (0.00MB deduped)wandb: - 0.00MB of 0.00MB uploaded (0.00MB deduped)wandb: \ 0.00MB of 0.00MB uploaded (0.00MB deduped)wandb: | 0.00MB of 0.00MB uploaded (0.00MB deduped)wandb: / 0.00MB of 0.00MB uploaded (0.00MB deduped)wandb: - 0.00MB of 0.00MB uploaded (0.00MB deduped)wandb:                                                                                
wandb: Run history:
wandb:     e_F1 ▁▁▂▃▃▄▅▅▅▆▇▇▇▇▇███████████████████████▇█
wandb:   e_loss ███▇▇▇▆▆▅▄▄▃▃▃▂▂▁▁▁▁▁▁▁▁▁▁▁▁▂▂▂▂▃▃▃▃▃▄▄▄
wandb:     t_F1 ▁▁▁▂▂▂▃▃▄▄▄▅▅▅▅▅▅▆▆▆▆▆▆▆▆▇▇▇▇▇▇▇▇▇██████
wandb:   t_loss █████▇▇▇▇▆▆▆▆▅▅▅▅▄▄▄▄▄▄▃▃▃▃▃▂▂▂▂▂▂▂▁▁▁▁▁
wandb: 
wandb: Run summary:
wandb:     e_F1 60.42018
wandb:   e_loss 1.15323
wandb:     t_F1 97.47237
wandb:   t_loss 0.18705
wandb: 
wandb: Synced 4 W&B file(s), 0 media file(s), 0 artifact file(s) and 0 other file(s)
wandb: Synced charmed-elevator-1: https://wandb.ai/yinanazhou/xl_512_bs_8_lr_1e06_es_20_lc_True_nr_False_stem_False_lemma_True_repeat_2_fold_2/runs/1sl8cw0p
wandb: Find logs at: ./wandb/run-20220305_094509-1sl8cw0p/logs/debug.log
wandb: 

wandb: wandb version 0.12.11 is available!  To upgrade, please run:
wandb:  $ pip install wandb --upgrade
2022-03-05 10:28:08.722501: I tensorflow/stream_executor/platform/default/dso_loader.cc:48] Successfully opened dynamic library libcudart.so.10.1
wandb: Tracking run with wandb version 0.12.5
wandb: Syncing run true-monkey-1
wandb: ⭐️ View project at https://wandb.ai/yinanazhou/xl_512_bs_8_lr_1e06_es_20_lc_True_nr_False_stem_False_lemma_True_repeat_3_fold_1
wandb: 🚀 View run at https://wandb.ai/yinanazhou/xl_512_bs_8_lr_1e06_es_20_lc_True_nr_False_stem_False_lemma_True_repeat_3_fold_1/runs/lwaj8qec
wandb: Run data is saved locally in /project/6002780/yinan/Thesis_MER_Lyrics/lyric-emotion/wandb/run-20220305_102805-lwaj8qec
wandb: Run `wandb offline` to turn off syncing.

Validation loss decreased (inf --> 1.417203).  Saving model ...
Validation loss decreased (1.417203 --> 1.387175).  Saving model ...
Validation loss decreased (1.387175 --> 1.375737).  Saving model ...
Validation loss decreased (1.375737 --> 1.356494).  Saving model ...
Validation loss decreased (1.356494 --> 1.331290).  Saving model ...
Validation loss decreased (1.331290 --> 1.307263).  Saving model ...
Validation loss decreased (1.307263 --> 1.271455).  Saving model ...
Validation loss decreased (1.271455 --> 1.239020).  Saving model ...
Validation loss decreased (1.239020 --> 1.204768).  Saving model ...
Validation loss decreased (1.204768 --> 1.169899).  Saving model ...
Validation loss decreased (1.169899 --> 1.128459).  Saving model ...
Validation loss decreased (1.128459 --> 1.101620).  Saving model ...
Validation loss decreased (1.101620 --> 1.075349).  Saving model ...
Validation loss decreased (1.075349 --> 1.058467).  Saving model ...
Validation loss decreased (1.058467 --> 1.042074).  Saving model ...
Validation loss decreased (1.042074 --> 1.025039).  Saving model ...
Validation loss decreased (1.025039 --> 1.011208).  Saving model ...
Validation loss decreased (1.011208 --> 0.996236).  Saving model ...
Validation loss decreased (0.996236 --> 0.991729).  Saving model ...
Validation loss decreased (0.991729 --> 0.984293).  Saving model ...
Validation loss decreased (0.984293 --> 0.976124).  Saving model ...
Validation loss decreased (0.976124 --> 0.971306).  Saving model ...
Validation loss decreased (0.971306 --> 0.966905).  Saving model ...
Validation loss decreased (0.966905 --> 0.958980).  Saving model ...
Validation loss decreased (0.958980 --> 0.958352).  Saving model ...
EarlyStopping counter: 1 out of 20.0
EarlyStopping counter: 2 out of 20.0
EarlyStopping counter: 3 out of 20.0
EarlyStopping counter: 4 out of 20.0
EarlyStopping counter: 5 out of 20.0
EarlyStopping counter: 6 out of 20.0
EarlyStopping counter: 7 out of 20.0
EarlyStopping counter: 8 out of 20.0
EarlyStopping counter: 9 out of 20.0
EarlyStopping counter: 10 out of 20.0
EarlyStopping counter: 11 out of 20.0
EarlyStopping counter: 12 out of 20.0
EarlyStopping counter: 13 out of 20.0
EarlyStopping counter: 14 out of 20.0
EarlyStopping counter: 15 out of 20.0
EarlyStopping counter: 16 out of 20.0
EarlyStopping counter: 17 out of 20.0
EarlyStopping counter: 18 out of 20.0
EarlyStopping counter: 19 out of 20.0
EarlyStopping counter: 20 out of 20.0
/localscratch/yinan.28287415.0/env/lib/python3.7/site-packages/torch/nn/functional.py:1794: UserWarning: nn.functional.tanh is deprecated. Use torch.tanh instead.
  warnings.warn("nn.functional.tanh is deprecated. Use torch.tanh instead.")
wandb: Waiting for W&B process to finish, PID 1967... (success).
wandb: - 0.00MB of 0.00MB uploaded (0.00MB deduped)wandb: \ 0.00MB of 0.00MB uploaded (0.00MB deduped)wandb: | 0.00MB of 0.00MB uploaded (0.00MB deduped)wandb: / 0.00MB of 0.00MB uploaded (0.00MB deduped)wandb: - 0.00MB of 0.00MB uploaded (0.00MB deduped)wandb: \ 0.00MB of 0.00MB uploaded (0.00MB deduped)wandb: | 0.00MB of 0.00MB uploaded (0.00MB deduped)wandb: / 0.00MB of 0.00MB uploaded (0.00MB deduped)wandb: - 0.00MB of 0.00MB uploaded (0.00MB deduped)wandb: \ 0.00MB of 0.00MB uploaded (0.00MB deduped)wandb: | 0.00MB of 0.00MB uploaded (0.00MB deduped)wandb: / 0.00MB of 0.00MB uploaded (0.00MB deduped)wandb: - 0.00MB of 0.00MB uploaded (0.00MB deduped)wandb:                                                                                
wandb: Run history:
wandb:     e_F1 ▁▃▃▄▄▅▆▆▆▇▇▇▇▇▇▇███▇▇███████████████████
wandb:   e_loss ██▇▇▇▆▆▅▄▄▃▃▃▂▂▂▂▁▁▁▁▁▁▁▁▁▁▁▁▁▂▂▂▂▂▂▂▃▃▃
wandb:     t_F1 ▁▂▂▂▂▃▄▄▄▅▅▅▅▅▅▅▆▆▆▆▆▇▇▆▇▇▇▇▇▇▇▇█▇██████
wandb:   t_loss ██▇▇▇▇▇▇▆▆▆▅▅▅▅▅▄▄▄▄▄▃▃▃▃▃▃▂▂▂▂▂▂▂▂▂▁▁▁▁
wandb: 
wandb: Run summary:
wandb:     e_F1 60.47633
wandb:   e_loss 1.09897
wandb:     t_F1 94.70177
wandb:   t_loss 0.26555
wandb: 
wandb: Synced 4 W&B file(s), 0 media file(s), 0 artifact file(s) and 0 other file(s)
wandb: Synced true-monkey-1: https://wandb.ai/yinanazhou/xl_512_bs_8_lr_1e06_es_20_lc_True_nr_False_stem_False_lemma_True_repeat_3_fold_1/runs/lwaj8qec
wandb: Find logs at: ./wandb/run-20220305_102805-lwaj8qec/logs/debug.log
wandb: 

wandb: wandb version 0.12.11 is available!  To upgrade, please run:
wandb:  $ pip install wandb --upgrade
2022-03-05 11:10:52.369699: I tensorflow/stream_executor/platform/default/dso_loader.cc:48] Successfully opened dynamic library libcudart.so.10.1
wandb: Tracking run with wandb version 0.12.5
wandb: Syncing run fresh-sun-1
wandb: ⭐️ View project at https://wandb.ai/yinanazhou/xl_512_bs_8_lr_1e06_es_20_lc_True_nr_False_stem_False_lemma_True_repeat_3_fold_2
wandb: 🚀 View run at https://wandb.ai/yinanazhou/xl_512_bs_8_lr_1e06_es_20_lc_True_nr_False_stem_False_lemma_True_repeat_3_fold_2/runs/298jgxmm
wandb: Run data is saved locally in /project/6002780/yinan/Thesis_MER_Lyrics/lyric-emotion/wandb/run-20220305_111049-298jgxmm
wandb: Run `wandb offline` to turn off syncing.

Validation loss decreased (inf --> 1.392047).  Saving model ...
Validation loss decreased (1.392047 --> 1.348210).  Saving model ...
Validation loss decreased (1.348210 --> 1.324859).  Saving model ...
Validation loss decreased (1.324859 --> 1.298973).  Saving model ...
Validation loss decreased (1.298973 --> 1.268083).  Saving model ...
Validation loss decreased (1.268083 --> 1.248786).  Saving model ...
Validation loss decreased (1.248786 --> 1.222099).  Saving model ...
Validation loss decreased (1.222099 --> 1.185105).  Saving model ...
Validation loss decreased (1.185105 --> 1.163646).  Saving model ...
Validation loss decreased (1.163646 --> 1.135872).  Saving model ...
Validation loss decreased (1.135872 --> 1.113481).  Saving model ...
Validation loss decreased (1.113481 --> 1.084215).  Saving model ...
Validation loss decreased (1.084215 --> 1.060265).  Saving model ...
Validation loss decreased (1.060265 --> 1.040585).  Saving model ...
Validation loss decreased (1.040585 --> 1.027253).  Saving model ...
Validation loss decreased (1.027253 --> 1.014062).  Saving model ...
Validation loss decreased (1.014062 --> 0.995298).  Saving model ...
Validation loss decreased (0.995298 --> 0.987837).  Saving model ...
Validation loss decreased (0.987837 --> 0.975129).  Saving model ...
Validation loss decreased (0.975129 --> 0.970901).  Saving model ...
EarlyStopping counter: 1 out of 20.0
Validation loss decreased (0.970901 --> 0.963392).  Saving model ...
Validation loss decreased (0.963392 --> 0.955291).  Saving model ...
EarlyStopping counter: 1 out of 20.0
Validation loss decreased (0.955291 --> 0.942617).  Saving model ...
EarlyStopping counter: 1 out of 20.0
EarlyStopping counter: 2 out of 20.0
Validation loss decreased (0.942617 --> 0.938693).  Saving model ...
EarlyStopping counter: 1 out of 20.0
EarlyStopping counter: 2 out of 20.0
EarlyStopping counter: 3 out of 20.0
EarlyStopping counter: 4 out of 20.0
EarlyStopping counter: 5 out of 20.0
EarlyStopping counter: 6 out of 20.0
EarlyStopping counter: 7 out of 20.0
EarlyStopping counter: 8 out of 20.0
EarlyStopping counter: 9 out of 20.0
EarlyStopping counter: 10 out of 20.0
EarlyStopping counter: 11 out of 20.0
EarlyStopping counter: 12 out of 20.0
EarlyStopping counter: 13 out of 20.0
EarlyStopping counter: 14 out of 20.0
EarlyStopping counter: 15 out of 20.0
EarlyStopping counter: 16 out of 20.0
EarlyStopping counter: 17 out of 20.0
EarlyStopping counter: 18 out of 20.0
EarlyStopping counter: 19 out of 20.0
EarlyStopping counter: 20 out of 20.0
/localscratch/yinan.28287415.0/env/lib/python3.7/site-packages/torch/nn/functional.py:1794: UserWarning: nn.functional.tanh is deprecated. Use torch.tanh instead.
  warnings.warn("nn.functional.tanh is deprecated. Use torch.tanh instead.")
wandb: Waiting for W&B process to finish, PID 4309... (success).
wandb: - 0.00MB of 0.00MB uploaded (0.00MB deduped)wandb: \ 0.00MB of 0.00MB uploaded (0.00MB deduped)wandb: | 0.00MB of 0.00MB uploaded (0.00MB deduped)wandb: / 0.00MB of 0.00MB uploaded (0.00MB deduped)wandb: - 0.00MB of 0.00MB uploaded (0.00MB deduped)wandb: \ 0.00MB of 0.00MB uploaded (0.00MB deduped)wandb: | 0.00MB of 0.00MB uploaded (0.00MB deduped)wandb: / 0.00MB of 0.00MB uploaded (0.00MB deduped)wandb: - 0.00MB of 0.00MB uploaded (0.00MB deduped)wandb: \ 0.00MB of 0.00MB uploaded (0.00MB deduped)wandb: | 0.00MB of 0.00MB uploaded (0.00MB deduped)wandb: / 0.00MB of 0.00MB uploaded (0.00MB deduped)wandb:                                                                                
wandb: Run history:
wandb:     e_F1 ▁▃▄▅▅▅▆▆▆▆▇▇▇▇▇▇▇███████████████████████
wandb:   e_loss █▇▇▇▆▅▅▄▄▄▃▃▂▂▂▂▁▂▁▁▁▁▁▁▁▁▁▁▁▁▁▁▂▂▂▂▂▂▂▂
wandb:     t_F1 ▁▁▂▂▃▃▄▄▄▅▅▅▅▅▆▆▆▆▆▆▆▆▆▆▆▇▇▇▇▇▇▇▇▇▇█████
wandb:   t_loss ██▇▇▇▇▆▆▆▆▅▅▅▅▄▄▄▄▄▄▃▃▃▃▃▃▃▂▂▂▂▂▂▂▂▁▁▁▁▁
wandb: 
wandb: Run summary:
wandb:     e_F1 60.70015
wandb:   e_loss 0.99639
wandb:     t_F1 92.82493
wandb:   t_loss 0.33755
wandb: 
wandb: Synced 4 W&B file(s), 0 media file(s), 0 artifact file(s) and 0 other file(s)
wandb: Synced fresh-sun-1: https://wandb.ai/yinanazhou/xl_512_bs_8_lr_1e06_es_20_lc_True_nr_False_stem_False_lemma_True_repeat_3_fold_2/runs/298jgxmm
wandb: Find logs at: ./wandb/run-20220305_111049-298jgxmm/logs/debug.log
wandb: 

wandb: wandb version 0.12.11 is available!  To upgrade, please run:
wandb:  $ pip install wandb --upgrade
2022-03-05 11:56:34.403549: I tensorflow/stream_executor/platform/default/dso_loader.cc:48] Successfully opened dynamic library libcudart.so.10.1
wandb: Tracking run with wandb version 0.12.5
wandb: Syncing run worthy-serenity-1
wandb: ⭐️ View project at https://wandb.ai/yinanazhou/xl_512_bs_8_lr_1e06_es_20_lc_True_nr_False_stem_False_lemma_True_repeat_4_fold_1
wandb: 🚀 View run at https://wandb.ai/yinanazhou/xl_512_bs_8_lr_1e06_es_20_lc_True_nr_False_stem_False_lemma_True_repeat_4_fold_1/runs/p2thzi9k
wandb: Run data is saved locally in /project/6002780/yinan/Thesis_MER_Lyrics/lyric-emotion/wandb/run-20220305_115631-p2thzi9k
wandb: Run `wandb offline` to turn off syncing.

Validation loss decreased (inf --> 1.381658).  Saving model ...
Validation loss decreased (1.381658 --> 1.351143).  Saving model ...
Validation loss decreased (1.351143 --> 1.333462).  Saving model ...
Validation loss decreased (1.333462 --> 1.314220).  Saving model ...
Validation loss decreased (1.314220 --> 1.286225).  Saving model ...
Validation loss decreased (1.286225 --> 1.265365).  Saving model ...
Validation loss decreased (1.265365 --> 1.238500).  Saving model ...
Validation loss decreased (1.238500 --> 1.196098).  Saving model ...
Validation loss decreased (1.196098 --> 1.161747).  Saving model ...
Validation loss decreased (1.161747 --> 1.145332).  Saving model ...
Validation loss decreased (1.145332 --> 1.111762).  Saving model ...
Validation loss decreased (1.111762 --> 1.092673).  Saving model ...
Validation loss decreased (1.092673 --> 1.061874).  Saving model ...
Validation loss decreased (1.061874 --> 1.048522).  Saving model ...
Validation loss decreased (1.048522 --> 1.013763).  Saving model ...
Validation loss decreased (1.013763 --> 1.007768).  Saving model ...
Validation loss decreased (1.007768 --> 0.998394).  Saving model ...
Validation loss decreased (0.998394 --> 0.978931).  Saving model ...
EarlyStopping counter: 1 out of 20.0
Validation loss decreased (0.978931 --> 0.972089).  Saving model ...
Validation loss decreased (0.972089 --> 0.958679).  Saving model ...
Validation loss decreased (0.958679 --> 0.952144).  Saving model ...
EarlyStopping counter: 1 out of 20.0
Validation loss decreased (0.952144 --> 0.942197).  Saving model ...
EarlyStopping counter: 1 out of 20.0
Validation loss decreased (0.942197 --> 0.935221).  Saving model ...
Validation loss decreased (0.935221 --> 0.931707).  Saving model ...
EarlyStopping counter: 1 out of 20.0
Validation loss decreased (0.931707 --> 0.931168).  Saving model ...
EarlyStopping counter: 1 out of 20.0
EarlyStopping counter: 2 out of 20.0
EarlyStopping counter: 3 out of 20.0
EarlyStopping counter: 4 out of 20.0
EarlyStopping counter: 5 out of 20.0
EarlyStopping counter: 6 out of 20.0
EarlyStopping counter: 7 out of 20.0
EarlyStopping counter: 8 out of 20.0
EarlyStopping counter: 9 out of 20.0
EarlyStopping counter: 10 out of 20.0
EarlyStopping counter: 11 out of 20.0
EarlyStopping counter: 12 out of 20.0
EarlyStopping counter: 13 out of 20.0
EarlyStopping counter: 14 out of 20.0
EarlyStopping counter: 15 out of 20.0
EarlyStopping counter: 16 out of 20.0
EarlyStopping counter: 17 out of 20.0
EarlyStopping counter: 18 out of 20.0
EarlyStopping counter: 19 out of 20.0
EarlyStopping counter: 20 out of 20.0
/localscratch/yinan.28287415.0/env/lib/python3.7/site-packages/torch/nn/functional.py:1794: UserWarning: nn.functional.tanh is deprecated. Use torch.tanh instead.
  warnings.warn("nn.functional.tanh is deprecated. Use torch.tanh instead.")
wandb: Waiting for W&B process to finish, PID 6770... (success).
wandb: - 0.00MB of 0.00MB uploaded (0.00MB deduped)wandb: \ 0.00MB of 0.00MB uploaded (0.00MB deduped)wandb: | 0.00MB of 0.00MB uploaded (0.00MB deduped)wandb: / 0.00MB of 0.00MB uploaded (0.00MB deduped)wandb: - 0.00MB of 0.00MB uploaded (0.00MB deduped)wandb: \ 0.00MB of 0.00MB uploaded (0.00MB deduped)wandb: | 0.00MB of 0.00MB uploaded (0.00MB deduped)wandb: / 0.00MB of 0.00MB uploaded (0.00MB deduped)wandb: - 0.00MB of 0.00MB uploaded (0.00MB deduped)wandb: \ 0.00MB of 0.00MB uploaded (0.00MB deduped)wandb: | 0.00MB of 0.00MB uploaded (0.00MB deduped)wandb: / 0.00MB of 0.00MB uploaded (0.00MB deduped)wandb:                                                                                
wandb: Run history:
wandb:     e_F1 ▁▃▃▄▄▅▅▆▆▆▇▇▇▇▇▇▇▇▇▇████████████████████
wandb:   e_loss ██▇▇▇▆▅▅▄▄▃▃▂▂▂▂▂▁▁▁▁▁▁▁▁▁▁▁▂▁▁▂▂▂▂▃▃▂▃▃
wandb:     t_F1 ▁▂▂▃▃▃▄▄▄▅▅▅▅▅▆▆▆▆▆▆▆▇▇▇▇▇▇▇▇▇▇▇████████
wandb:   t_loss ███▇▇▇▇▆▆▆▅▅▅▅▅▄▄▄▄▄▄▃▃▃▃▃▃▂▂▂▂▂▂▂▂▁▁▁▁▁
wandb: 
wandb: Run summary:
wandb:     e_F1 59.8479
wandb:   e_loss 1.07675
wandb:     t_F1 96.39992
wandb:   t_loss 0.20621
wandb: 
wandb: Synced 4 W&B file(s), 0 media file(s), 0 artifact file(s) and 0 other file(s)
wandb: Synced worthy-serenity-1: https://wandb.ai/yinanazhou/xl_512_bs_8_lr_1e06_es_20_lc_True_nr_False_stem_False_lemma_True_repeat_4_fold_1/runs/p2thzi9k
wandb: Find logs at: ./wandb/run-20220305_115631-p2thzi9k/logs/debug.log
wandb: 

wandb: wandb version 0.12.11 is available!  To upgrade, please run:
wandb:  $ pip install wandb --upgrade
2022-03-05 12:43:01.830902: I tensorflow/stream_executor/platform/default/dso_loader.cc:48] Successfully opened dynamic library libcudart.so.10.1
wandb: Tracking run with wandb version 0.12.5
wandb: Syncing run ancient-gorge-1
wandb: ⭐️ View project at https://wandb.ai/yinanazhou/xl_512_bs_8_lr_1e06_es_20_lc_True_nr_False_stem_False_lemma_True_repeat_4_fold_2
wandb: 🚀 View run at https://wandb.ai/yinanazhou/xl_512_bs_8_lr_1e06_es_20_lc_True_nr_False_stem_False_lemma_True_repeat_4_fold_2/runs/22olgo7r
wandb: Run data is saved locally in /project/6002780/yinan/Thesis_MER_Lyrics/lyric-emotion/wandb/run-20220305_124259-22olgo7r
wandb: Run `wandb offline` to turn off syncing.

Validation loss decreased (inf --> 1.395450).  Saving model ...
Validation loss decreased (1.395450 --> 1.360831).  Saving model ...
Validation loss decreased (1.360831 --> 1.344314).  Saving model ...
Validation loss decreased (1.344314 --> 1.323088).  Saving model ...
Validation loss decreased (1.323088 --> 1.302853).  Saving model ...
Validation loss decreased (1.302853 --> 1.283369).  Saving model ...
Validation loss decreased (1.283369 --> 1.257021).  Saving model ...
Validation loss decreased (1.257021 --> 1.233833).  Saving model ...
Validation loss decreased (1.233833 --> 1.209235).  Saving model ...
Validation loss decreased (1.209235 --> 1.184342).  Saving model ...
Validation loss decreased (1.184342 --> 1.159133).  Saving model ...
Validation loss decreased (1.159133 --> 1.127343).  Saving model ...
Validation loss decreased (1.127343 --> 1.091441).  Saving model ...
Validation loss decreased (1.091441 --> 1.053639).  Saving model ...
Validation loss decreased (1.053639 --> 1.026797).  Saving model ...
Validation loss decreased (1.026797 --> 1.005444).  Saving model ...
Validation loss decreased (1.005444 --> 0.983110).  Saving model ...
Validation loss decreased (0.983110 --> 0.972172).  Saving model ...
Validation loss decreased (0.972172 --> 0.952485).  Saving model ...
Validation loss decreased (0.952485 --> 0.938668).  Saving model ...
Validation loss decreased (0.938668 --> 0.930332).  Saving model ...
Validation loss decreased (0.930332 --> 0.914726).  Saving model ...
Validation loss decreased (0.914726 --> 0.912509).  Saving model ...
EarlyStopping counter: 1 out of 20.0
Validation loss decreased (0.912509 --> 0.908017).  Saving model ...
Validation loss decreased (0.908017 --> 0.897039).  Saving model ...
Validation loss decreased (0.897039 --> 0.896645).  Saving model ...
Validation loss decreased (0.896645 --> 0.894686).  Saving model ...
Validation loss decreased (0.894686 --> 0.892308).  Saving model ...
EarlyStopping counter: 1 out of 20.0
Validation loss decreased (0.892308 --> 0.891091).  Saving model ...
EarlyStopping counter: 1 out of 20.0
EarlyStopping counter: 2 out of 20.0
EarlyStopping counter: 3 out of 20.0
EarlyStopping counter: 4 out of 20.0
EarlyStopping counter: 5 out of 20.0
EarlyStopping counter: 6 out of 20.0
EarlyStopping counter: 7 out of 20.0
EarlyStopping counter: 8 out of 20.0
EarlyStopping counter: 9 out of 20.0
EarlyStopping counter: 10 out of 20.0
EarlyStopping counter: 11 out of 20.0
EarlyStopping counter: 12 out of 20.0
EarlyStopping counter: 13 out of 20.0
EarlyStopping counter: 14 out of 20.0
EarlyStopping counter: 15 out of 20.0
EarlyStopping counter: 16 out of 20.0
EarlyStopping counter: 17 out of 20.0
EarlyStopping counter: 18 out of 20.0
EarlyStopping counter: 19 out of 20.0
EarlyStopping counter: 20 out of 20.0
/localscratch/yinan.28287415.0/env/lib/python3.7/site-packages/torch/nn/functional.py:1794: UserWarning: nn.functional.tanh is deprecated. Use torch.tanh instead.
  warnings.warn("nn.functional.tanh is deprecated. Use torch.tanh instead.")
wandb: Waiting for W&B process to finish, PID 9299... (success).
wandb: - 0.00MB of 0.00MB uploaded (0.00MB deduped)wandb: \ 0.00MB of 0.00MB uploaded (0.00MB deduped)wandb: | 0.00MB of 0.00MB uploaded (0.00MB deduped)wandb: / 0.00MB of 0.00MB uploaded (0.00MB deduped)wandb: - 0.00MB of 0.00MB uploaded (0.00MB deduped)wandb: \ 0.00MB of 0.00MB uploaded (0.00MB deduped)wandb: | 0.00MB of 0.00MB uploaded (0.00MB deduped)wandb: / 0.00MB of 0.00MB uploaded (0.00MB deduped)wandb: - 0.00MB of 0.00MB uploaded (0.00MB deduped)wandb: \ 0.00MB of 0.00MB uploaded (0.00MB deduped)wandb: | 0.00MB of 0.00MB uploaded (0.00MB deduped)wandb: / 0.00MB of 0.00MB uploaded (0.00MB deduped)wandb: - 0.00MB of 0.00MB uploaded (0.00MB deduped)wandb:                                                                                
wandb: Run history:
wandb:     e_F1 ▁▃▃▃▄▅▅▆▆▆▇▇▇███████████████████████████
wandb:   e_loss ██▇▇▆▆▆▅▅▄▄▃▃▂▂▂▂▁▁▁▁▁▁▁▁▁▁▁▁▁▁▁▂▂▂▂▂▂▃▃
wandb:     t_F1 ▁▂▂▂▂▃▄▃▄▄▄▅▅▅▅▆▆▆▆▆▆▆▆▇▇▇▇▇▇▇█▇████████
wandb:   t_loss ████▇▇▇▇▇▆▆▆▅▅▅▅▄▄▄▄▄▃▃▃▃▃▃▃▂▂▂▂▂▂▂▁▁▁▁▁
wandb: 
wandb: Run summary:
wandb:     e_F1 64.53353
wandb:   e_loss 1.01331
wandb:     t_F1 95.75834
wandb:   t_loss 0.24454
wandb: 
wandb: Synced 4 W&B file(s), 0 media file(s), 0 artifact file(s) and 0 other file(s)
wandb: Synced ancient-gorge-1: https://wandb.ai/yinanazhou/xl_512_bs_8_lr_1e06_es_20_lc_True_nr_False_stem_False_lemma_True_repeat_4_fold_2/runs/22olgo7r
wandb: Find logs at: ./wandb/run-20220305_124259-22olgo7r/logs/debug.log
wandb: 

wandb: wandb version 0.12.11 is available!  To upgrade, please run:
wandb:  $ pip install wandb --upgrade
2022-03-05 13:31:37.499094: I tensorflow/stream_executor/platform/default/dso_loader.cc:48] Successfully opened dynamic library libcudart.so.10.1
wandb: Tracking run with wandb version 0.12.5
wandb: Syncing run swift-sunset-1
wandb: ⭐️ View project at https://wandb.ai/yinanazhou/xl_512_bs_8_lr_1e06_es_20_lc_True_nr_False_stem_False_lemma_True_repeat_5_fold_1
wandb: 🚀 View run at https://wandb.ai/yinanazhou/xl_512_bs_8_lr_1e06_es_20_lc_True_nr_False_stem_False_lemma_True_repeat_5_fold_1/runs/7awj58ki
wandb: Run data is saved locally in /project/6002780/yinan/Thesis_MER_Lyrics/lyric-emotion/wandb/run-20220305_133132-7awj58ki
wandb: Run `wandb offline` to turn off syncing.

Validation loss decreased (inf --> 1.434070).  Saving model ...
Validation loss decreased (1.434070 --> 1.378655).  Saving model ...
Validation loss decreased (1.378655 --> 1.355324).  Saving model ...
Validation loss decreased (1.355324 --> 1.339459).  Saving model ...
Validation loss decreased (1.339459 --> 1.319988).  Saving model ...
Validation loss decreased (1.319988 --> 1.296966).  Saving model ...
Validation loss decreased (1.296966 --> 1.276979).  Saving model ...
Validation loss decreased (1.276979 --> 1.252887).  Saving model ...
Validation loss decreased (1.252887 --> 1.231069).  Saving model ...
Validation loss decreased (1.231069 --> 1.202476).  Saving model ...
Validation loss decreased (1.202476 --> 1.164168).  Saving model ...
Validation loss decreased (1.164168 --> 1.139318).  Saving model ...
Validation loss decreased (1.139318 --> 1.107108).  Saving model ...
Validation loss decreased (1.107108 --> 1.091484).  Saving model ...
Validation loss decreased (1.091484 --> 1.061947).  Saving model ...
Validation loss decreased (1.061947 --> 1.045149).  Saving model ...
Validation loss decreased (1.045149 --> 1.023536).  Saving model ...
Validation loss decreased (1.023536 --> 1.006663).  Saving model ...
Validation loss decreased (1.006663 --> 0.990734).  Saving model ...
Validation loss decreased (0.990734 --> 0.985656).  Saving model ...
Validation loss decreased (0.985656 --> 0.972006).  Saving model ...
Validation loss decreased (0.972006 --> 0.966966).  Saving model ...
Validation loss decreased (0.966966 --> 0.959427).  Saving model ...
Validation loss decreased (0.959427 --> 0.954920).  Saving model ...
EarlyStopping counter: 1 out of 20.0
Validation loss decreased (0.954920 --> 0.945058).  Saving model ...
Validation loss decreased (0.945058 --> 0.938548).  Saving model ...
Validation loss decreased (0.938548 --> 0.937761).  Saving model ...
EarlyStopping counter: 1 out of 20.0
EarlyStopping counter: 2 out of 20.0
Validation loss decreased (0.937761 --> 0.929832).  Saving model ...
EarlyStopping counter: 1 out of 20.0
EarlyStopping counter: 2 out of 20.0
Validation loss decreased (0.929832 --> 0.926387).  Saving model ...
EarlyStopping counter: 1 out of 20.0
EarlyStopping counter: 2 out of 20.0
EarlyStopping counter: 3 out of 20.0
EarlyStopping counter: 4 out of 20.0
EarlyStopping counter: 5 out of 20.0
EarlyStopping counter: 6 out of 20.0
EarlyStopping counter: 7 out of 20.0
EarlyStopping counter: 8 out of 20.0
EarlyStopping counter: 9 out of 20.0
EarlyStopping counter: 10 out of 20.0
EarlyStopping counter: 11 out of 20.0
EarlyStopping counter: 12 out of 20.0
EarlyStopping counter: 13 out of 20.0
EarlyStopping counter: 14 out of 20.0
EarlyStopping counter: 15 out of 20.0
EarlyStopping counter: 16 out of 20.0
EarlyStopping counter: 17 out of 20.0
EarlyStopping counter: 18 out of 20.0
EarlyStopping counter: 19 out of 20.0
EarlyStopping counter: 20 out of 20.0
/localscratch/yinan.28287415.0/env/lib/python3.7/site-packages/torch/nn/functional.py:1794: UserWarning: nn.functional.tanh is deprecated. Use torch.tanh instead.
  warnings.warn("nn.functional.tanh is deprecated. Use torch.tanh instead.")
wandb: Waiting for W&B process to finish, PID 12129... (success).
wandb: - 0.00MB of 0.00MB uploaded (0.00MB deduped)wandb: \ 0.00MB of 0.00MB uploaded (0.00MB deduped)wandb: | 0.00MB of 0.00MB uploaded (0.00MB deduped)wandb: / 0.00MB of 0.00MB uploaded (0.00MB deduped)wandb: - 0.00MB of 0.00MB uploaded (0.00MB deduped)wandb: \ 0.00MB of 0.00MB uploaded (0.00MB deduped)wandb: | 0.00MB of 0.00MB uploaded (0.00MB deduped)wandb: / 0.00MB of 0.00MB uploaded (0.00MB deduped)wandb: - 0.00MB of 0.00MB uploaded (0.00MB deduped)wandb: \ 0.00MB of 0.00MB uploaded (0.00MB deduped)wandb: | 0.00MB of 0.00MB uploaded (0.00MB deduped)wandb: / 0.00MB of 0.00MB uploaded (0.00MB deduped)wandb: - 0.00MB of 0.00MB uploaded (0.00MB deduped)wandb:                                                                                
wandb: Run history:
wandb:     e_F1 ▁▃▃▄▄▅▅▆▆▇▇▇▇▇▇▇████████████████████████
wandb:   e_loss █▇▇▆▆▆▅▅▄▃▃▃▂▂▂▂▂▁▁▁▁▁▁▁▁▁▁▁▁▁▁▂▂▂▂▂▂▃▃▃
wandb:     t_F1 ▁▁▂▂▃▃▃▄▄▄▄▅▅▅▅▆▆▆▆▆▆▆▆▇▇▇▇▇▇▇▇▇████████
wandb:   t_loss ██▇▇▇▇▆▆▆▆▆▅▅▅▄▄▄▄▄▄▄▃▃▃▃▃▃▃▂▂▂▂▂▂▂▂▁▁▁▁
wandb: 
wandb: Run summary:
wandb:     e_F1 59.978
wandb:   e_loss 1.08594
wandb:     t_F1 94.89198
wandb:   t_loss 0.23769
wandb: 
wandb: Synced 4 W&B file(s), 0 media file(s), 0 artifact file(s) and 0 other file(s)
wandb: Synced swift-sunset-1: https://wandb.ai/yinanazhou/xl_512_bs_8_lr_1e06_es_20_lc_True_nr_False_stem_False_lemma_True_repeat_5_fold_1/runs/7awj58ki
wandb: Find logs at: ./wandb/run-20220305_133132-7awj58ki/logs/debug.log
wandb: 

wandb: wandb version 0.12.11 is available!  To upgrade, please run:
wandb:  $ pip install wandb --upgrade
2022-03-05 14:22:39.083817: I tensorflow/stream_executor/platform/default/dso_loader.cc:48] Successfully opened dynamic library libcudart.so.10.1
wandb: Tracking run with wandb version 0.12.5
wandb: Syncing run snowy-dawn-1
wandb: ⭐️ View project at https://wandb.ai/yinanazhou/xl_512_bs_8_lr_1e06_es_20_lc_True_nr_False_stem_False_lemma_True_repeat_5_fold_2
wandb: 🚀 View run at https://wandb.ai/yinanazhou/xl_512_bs_8_lr_1e06_es_20_lc_True_nr_False_stem_False_lemma_True_repeat_5_fold_2/runs/2ytv2n4z
wandb: Run data is saved locally in /project/6002780/yinan/Thesis_MER_Lyrics/lyric-emotion/wandb/run-20220305_142236-2ytv2n4z
wandb: Run `wandb offline` to turn off syncing.

Validation loss decreased (inf --> 1.390503).  Saving model ...
Validation loss decreased (1.390503 --> 1.365384).  Saving model ...
Validation loss decreased (1.365384 --> 1.347715).  Saving model ...
Validation loss decreased (1.347715 --> 1.332358).  Saving model ...
Validation loss decreased (1.332358 --> 1.309349).  Saving model ...
Validation loss decreased (1.309349 --> 1.279500).  Saving model ...
Validation loss decreased (1.279500 --> 1.248343).  Saving model ...
Validation loss decreased (1.248343 --> 1.211575).  Saving model ...
Validation loss decreased (1.211575 --> 1.168303).  Saving model ...
Validation loss decreased (1.168303 --> 1.126832).  Saving model ...
Validation loss decreased (1.126832 --> 1.118159).  Saving model ...
Validation loss decreased (1.118159 --> 1.088324).  Saving model ...
Validation loss decreased (1.088324 --> 1.054102).  Saving model ...
Validation loss decreased (1.054102 --> 1.043037).  Saving model ...
Validation loss decreased (1.043037 --> 1.028893).  Saving model ...
Validation loss decreased (1.028893 --> 1.008186).  Saving model ...
Validation loss decreased (1.008186 --> 0.991842).  Saving model ...
Validation loss decreased (0.991842 --> 0.976097).  Saving model ...
Validation loss decreased (0.976097 --> 0.957739).  Saving model ...
EarlyStopping counter: 1 out of 20.0
Validation loss decreased (0.957739 --> 0.954601).  Saving model ...
Validation loss decreased (0.954601 --> 0.940939).  Saving model ...
Validation loss decreased (0.940939 --> 0.938914).  Saving model ...
Validation loss decreased (0.938914 --> 0.935211).  Saving model ...
Validation loss decreased (0.935211 --> 0.931780).  Saving model ...
Validation loss decreased (0.931780 --> 0.922732).  Saving model ...
Validation loss decreased (0.922732 --> 0.920862).  Saving model ...
Validation loss decreased (0.920862 --> 0.919325).  Saving model ...
EarlyStopping counter: 1 out of 20.0
EarlyStopping counter: 2 out of 20.0
EarlyStopping counter: 3 out of 20.0
EarlyStopping counter: 4 out of 20.0
EarlyStopping counter: 5 out of 20.0
EarlyStopping counter: 6 out of 20.0
EarlyStopping counter: 7 out of 20.0
EarlyStopping counter: 8 out of 20.0
EarlyStopping counter: 9 out of 20.0
EarlyStopping counter: 10 out of 20.0
EarlyStopping counter: 11 out of 20.0
EarlyStopping counter: 12 out of 20.0
EarlyStopping counter: 13 out of 20.0
EarlyStopping counter: 14 out of 20.0
EarlyStopping counter: 15 out of 20.0
EarlyStopping counter: 16 out of 20.0
EarlyStopping counter: 17 out of 20.0
EarlyStopping counter: 18 out of 20.0
EarlyStopping counter: 19 out of 20.0
EarlyStopping counter: 20 out of 20.0
/localscratch/yinan.28287415.0/env/lib/python3.7/site-packages/torch/nn/functional.py:1794: UserWarning: nn.functional.tanh is deprecated. Use torch.tanh instead.
  warnings.warn("nn.functional.tanh is deprecated. Use torch.tanh instead.")
wandb: Waiting for W&B process to finish, PID 14916... (success).
wandb: - 0.00MB of 0.00MB uploaded (0.00MB deduped)wandb: \ 0.00MB of 0.00MB uploaded (0.00MB deduped)wandb: | 0.00MB of 0.00MB uploaded (0.00MB deduped)wandb: / 0.00MB of 0.00MB uploaded (0.00MB deduped)wandb: - 0.00MB of 0.00MB uploaded (0.00MB deduped)wandb: \ 0.00MB of 0.00MB uploaded (0.00MB deduped)wandb: | 0.00MB of 0.00MB uploaded (0.00MB deduped)wandb: / 0.00MB of 0.00MB uploaded (0.00MB deduped)wandb: - 0.00MB of 0.00MB uploaded (0.00MB deduped)wandb: \ 0.00MB of 0.00MB uploaded (0.00MB deduped)wandb: | 0.00MB of 0.00MB uploaded (0.00MB deduped)wandb: / 0.00MB of 0.00MB uploaded (0.00MB deduped)wandb: - 0.00MB of 0.00MB uploaded (0.00MB deduped)wandb: \ 0.00MB of 0.00MB uploaded (0.00MB deduped)wandb: | 0.00MB of 0.00MB uploaded (0.00MB deduped)wandb: / 0.00MB of 0.00MB uploaded (0.00MB deduped)wandb:                                                                                
wandb: Run history:
wandb:     e_F1 ▁▃▄▄▅▅▆▆▇▇▇▇██████████████████▇▇▇▇▇██▇▇█
wandb:   e_loss ██▇▇▇▆▅▅▄▄▃▃▃▂▂▂▂▂▁▁▁▁▁▁▁▁▁▁▁▂▂▂▂▂▂▃▃▃▃▄
wandb:     t_F1 ▁▁▂▂▃▃▃▄▄▅▅▅▅▆▆▆▆▆▆▆▆▆▆▇▇▇▇▇▇▇▇▇█▇██████
wandb:   t_loss ████▇▇▇▇▆▆▆▅▅▅▅▄▄▄▄▄▄▄▃▃▃▃▃▃▂▂▂▂▂▂▂▁▁▁▁▁
wandb: 
wandb: Run summary:
wandb:     e_F1 59.90422
wandb:   e_loss 1.09607
wandb:     t_F1 95.50387
wandb:   t_loss 0.21761
wandb: 
wandb: Synced 4 W&B file(s), 0 media file(s), 0 artifact file(s) and 0 other file(s)
wandb: Synced snowy-dawn-1: https://wandb.ai/yinanazhou/xl_512_bs_8_lr_1e06_es_20_lc_True_nr_False_stem_False_lemma_True_repeat_5_fold_2/runs/2ytv2n4z
wandb: Find logs at: ./wandb/run-20220305_142236-2ytv2n4z/logs/debug.log
wandb: 

