Unloading StdEnv/2020

Due to MODULEPATH changes, the following have been reloaded:
  1) mii/1.1.1


The following have been reloaded with a version change:
  1) python/3.8.2 => python/3.7.4

Using base prefix '/cvmfs/soft.computecanada.ca/easybuild/software/2017/Core/python/3.7.4'
New python executable in /localscratch/yinan.27794529.0/env/bin/python
Installing setuptools, pip, wheel...
done.
Ignoring pip: markers 'python_version < "3"' don't match your environment
Looking in links: /cvmfs/soft.computecanada.ca/custom/python/wheelhouse/nix/avx2, /cvmfs/soft.computecanada.ca/custom/python/wheelhouse/nix/generic, /cvmfs/soft.computecanada.ca/custom/python/wheelhouse/generic
Collecting pip
Installing collected packages: pip
  Found existing installation: pip 19.1.1
    Uninstalling pip-19.1.1:
      Successfully uninstalled pip-19.1.1
Successfully installed pip-21.2.3+computecanada
Looking in links: /cvmfs/soft.computecanada.ca/custom/python/wheelhouse/nix/avx2, /cvmfs/soft.computecanada.ca/custom/python/wheelhouse/nix/generic, /cvmfs/soft.computecanada.ca/custom/python/wheelhouse/generic
Processing /cvmfs/soft.computecanada.ca/custom/python/wheelhouse/generic/keras-2.7.0+computecanada-py2.py3-none-any.whl
Processing /cvmfs/soft.computecanada.ca/custom/python/wheelhouse/generic/Keras_Preprocessing-1.1.2+computecanada-py3-none-any.whl
Requirement already satisfied: matplotlib in /cvmfs/soft.computecanada.ca/easybuild/software/2017/Core/scipy-stack/2019a/lib/python3.7/site-packages (from -r requirements.txt (line 3)) (3.0.2)
Processing /cvmfs/soft.computecanada.ca/custom/python/wheelhouse/generic/nltk-3.6.5+computecanada-py3-none-any.whl
Processing /cvmfs/soft.computecanada.ca/custom/python/wheelhouse/generic/scikit_learn-0.22.1+computecanada-cp37-cp37m-linux_x86_64.whl
Processing /cvmfs/soft.computecanada.ca/custom/python/wheelhouse/generic/tensorboard-2.3.0+computecanada-py3-none-any.whl
Processing /cvmfs/soft.computecanada.ca/custom/python/wheelhouse/generic/tensorboard_plugin_wit-1.7.0+computecanada-py3-none-any.whl
Processing /cvmfs/soft.computecanada.ca/custom/python/wheelhouse/generic/tensorflow_gpu-2.3.0+computecanada-cp37-cp37m-linux_x86_64.whl
Processing /cvmfs/soft.computecanada.ca/custom/python/wheelhouse/generic/tensorflow_estimator-2.3.0+computecanada-py2.py3-none-any.whl
Processing /cvmfs/soft.computecanada.ca/custom/python/wheelhouse/generic/tokenizers-0.5.2+computecanada-cp37-cp37m-linux_x86_64.whl
Processing /cvmfs/soft.computecanada.ca/custom/python/wheelhouse/nix/avx2/torch-1.4.0+computecanada-cp37-cp37m-linux_x86_64.whl
Processing /cvmfs/soft.computecanada.ca/custom/python/wheelhouse/generic/torchtext-0.6.0+computecanada-py3-none-any.whl
Processing /cvmfs/soft.computecanada.ca/custom/python/wheelhouse/generic/torchvision-0.8.2+computecanada-cp37-cp37m-linux_x86_64.whl
Processing /cvmfs/soft.computecanada.ca/custom/python/wheelhouse/generic/transformers-2.5.1+computecanada-py3-none-any.whl
Processing /cvmfs/soft.computecanada.ca/custom/python/wheelhouse/generic/urllib3-1.26.7+computecanada-py2.py3-none-any.whl
ERROR: Could not find a version that satisfies the requirement regex>=2021.8.3 (from nltk) (from versions: 2018.1.10+computecanada, 2019.11.1+computecanada, 2020.11.13+computecanada)
ERROR: No matching distribution found for regex>=2021.8.3
Looking in links: /cvmfs/soft.computecanada.ca/custom/python/wheelhouse/nix/avx2, /cvmfs/soft.computecanada.ca/custom/python/wheelhouse/nix/generic, /cvmfs/soft.computecanada.ca/custom/python/wheelhouse/generic
ERROR: Could not find a version that satisfies the requirement numpy==1.20.0+computacanada (from versions: 1.15.0+computecanada, 1.15.2+computecanada, 1.15.4+computecanada, 1.16.0+computecanada, 1.16.2+computecanada, 1.16.3+computecanada, 1.17.4+computecanada, 1.18.1+computecanada, 1.18.4+computecanada, 1.19.1+computecanada, 1.19.2+computecanada, 1.20.2+computecanada)
ERROR: No matching distribution found for numpy==1.20.0+computacanada
Looking in links: /cvmfs/soft.computecanada.ca/custom/python/wheelhouse/nix/avx2, /cvmfs/soft.computecanada.ca/custom/python/wheelhouse/nix/generic, /cvmfs/soft.computecanada.ca/custom/python/wheelhouse/generic
Processing /cvmfs/soft.computecanada.ca/custom/python/wheelhouse/generic/wandb-0.12.5+computecanada-py2.py3-none-any.whl
Processing /cvmfs/soft.computecanada.ca/custom/python/wheelhouse/generic/shortuuid-1.0.1+computecanada-py3-none-any.whl
Processing /cvmfs/soft.computecanada.ca/custom/python/wheelhouse/generic/configparser-5.0.2+computecanada-py3-none-any.whl
Processing /cvmfs/soft.computecanada.ca/custom/python/wheelhouse/generic/pathtools-0.1.2+computecanada-py3-none-any.whl
Processing /cvmfs/soft.computecanada.ca/custom/python/wheelhouse/generic/PyYAML-5.3.1+computecanada-cp37-cp37m-linux_x86_64.whl
Processing /cvmfs/soft.computecanada.ca/custom/python/wheelhouse/generic/GitPython-3.1.24+computecanada-py3-none-any.whl
Processing /cvmfs/soft.computecanada.ca/custom/python/wheelhouse/generic/docker_pycreds-0.4.0+computecanada-py2.py3-none-any.whl
Requirement already satisfied: python-dateutil>=2.6.1 in /cvmfs/soft.computecanada.ca/easybuild/software/2017/Core/scipy-stack/2019a/lib/python3.7/site-packages (from wandb) (2.7.5)
Processing /cvmfs/soft.computecanada.ca/custom/python/wheelhouse/generic/yaspin-2.1.0+computecanada-py3-none-any.whl
Processing /cvmfs/soft.computecanada.ca/custom/python/wheelhouse/generic/six-1.16.0+computecanada-py2.py3-none-any.whl
Processing /cvmfs/soft.computecanada.ca/custom/python/wheelhouse/generic/psutil-5.7.3+computecanada-cp37-cp37m-linux_x86_64.whl
Processing /cvmfs/soft.computecanada.ca/custom/python/wheelhouse/generic/promise-2.3+computecanada-py3-none-any.whl
Processing /cvmfs/soft.computecanada.ca/custom/python/wheelhouse/generic/click-8.0.3+computecanada-py3-none-any.whl
Processing /cvmfs/soft.computecanada.ca/custom/python/wheelhouse/generic/sentry_sdk-1.5.0+computecanada-py2.py3-none-any.whl
Requirement already satisfied: requests<3,>=2.0.0 in /cvmfs/soft.computecanada.ca/easybuild/software/2017/Core/scipy-stack/2019a/lib/python3.7/site-packages (from wandb) (2.21.0)
Processing /cvmfs/soft.computecanada.ca/custom/python/wheelhouse/generic/subprocess32-3.5.4+computecanada-py3-none-any.whl
Processing /cvmfs/soft.computecanada.ca/custom/python/wheelhouse/generic/protobuf-3.19.3+computecanada-py2.py3-none-any.whl
Requirement already satisfied: importlib-metadata in /cvmfs/soft.computecanada.ca/easybuild/software/2017/Core/scipy-stack/2019a/lib/python3.7/site-packages (from Click!=8.0.0,>=7.0->wandb) (0.8)
Processing /cvmfs/soft.computecanada.ca/custom/python/wheelhouse/generic/gitdb-4.0.9+computecanada-py3-none-any.whl
Processing /cvmfs/soft.computecanada.ca/custom/python/wheelhouse/generic/typing_extensions-4.0.1+computecanada-py3-none-any.whl
Processing /cvmfs/soft.computecanada.ca/custom/python/wheelhouse/generic/smmap-5.0.0+computecanada-py3-none-any.whl
Requirement already satisfied: chardet<3.1.0,>=3.0.2 in /cvmfs/soft.computecanada.ca/easybuild/software/2017/Core/scipy-stack/2019a/lib/python3.7/site-packages (from requests<3,>=2.0.0->wandb) (3.0.4)
Requirement already satisfied: urllib3<1.25,>=1.21.1 in /cvmfs/soft.computecanada.ca/easybuild/software/2017/Core/scipy-stack/2019a/lib/python3.7/site-packages (from requests<3,>=2.0.0->wandb) (1.24.1)
Requirement already satisfied: idna<2.9,>=2.5 in /cvmfs/soft.computecanada.ca/easybuild/software/2017/Core/scipy-stack/2019a/lib/python3.7/site-packages (from requests<3,>=2.0.0->wandb) (2.8)
Requirement already satisfied: certifi>=2017.4.17 in /cvmfs/soft.computecanada.ca/easybuild/software/2017/Core/scipy-stack/2019a/lib/python3.7/site-packages (from requests<3,>=2.0.0->wandb) (2018.11.29)
Processing /cvmfs/soft.computecanada.ca/custom/python/wheelhouse/generic/termcolor-1.1.0+computecanada-py3-none-any.whl
Requirement already satisfied: zipp>=0.3.2 in /cvmfs/soft.computecanada.ca/easybuild/software/2017/Core/scipy-stack/2019a/lib/python3.7/site-packages (from importlib-metadata->Click!=8.0.0,>=7.0->wandb) (0.3.3)
Installing collected packages: smmap, typing-extensions, termcolor, six, gitdb, yaspin, subprocess32, shortuuid, sentry-sdk, PyYAML, psutil, protobuf, promise, pathtools, GitPython, docker-pycreds, configparser, Click, wandb
  Attempting uninstall: six
    Found existing installation: six 1.12.0
    Not uninstalling six at /cvmfs/soft.computecanada.ca/easybuild/software/2017/Core/scipy-stack/2019a/lib/python3.7/site-packages, outside environment /localscratch/yinan.27794529.0/env
    Can't uninstall 'six'. No files were found to uninstall.
Successfully installed Click-8.0.3+computecanada GitPython-3.1.24+computecanada PyYAML-5.3.1+computecanada configparser-5.0.2+computecanada docker-pycreds-0.4.0+computecanada gitdb-4.0.9+computecanada pathtools-0.1.2+computecanada promise-2.3+computecanada protobuf-3.19.3+computecanada psutil-5.7.3+computecanada sentry-sdk-1.5.0+computecanada shortuuid-1.0.1+computecanada six-1.16.0+computecanada smmap-5.0.0+computecanada subprocess32-3.5.4+computecanada termcolor-1.1.0+computecanada typing-extensions-4.0.1+computecanada wandb-0.12.5+computecanada yaspin-2.1.0+computecanada
Looking in links: /cvmfs/soft.computecanada.ca/custom/python/wheelhouse/nix/avx2, /cvmfs/soft.computecanada.ca/custom/python/wheelhouse/nix/generic, /cvmfs/soft.computecanada.ca/custom/python/wheelhouse/generic
ERROR: Could not find a version that satisfies the requirement sagemaker (from versions: none)
ERROR: No matching distribution found for sagemaker
Looking in links: /cvmfs/soft.computecanada.ca/custom/python/wheelhouse/nix/avx2, /cvmfs/soft.computecanada.ca/custom/python/wheelhouse/nix/generic, /cvmfs/soft.computecanada.ca/custom/python/wheelhouse/generic
Processing /cvmfs/soft.computecanada.ca/custom/python/wheelhouse/generic/torch-1.9.1+computecanada-cp37-cp37m-linux_x86_64.whl
Requirement already satisfied: typing-extensions in /localscratch/yinan.27794529.0/env/lib/python3.7/site-packages (from torch) (4.0.1+computecanada)
Installing collected packages: torch
Successfully installed torch-1.9.1+computecanada
Looking in links: /cvmfs/soft.computecanada.ca/custom/python/wheelhouse/nix/avx2, /cvmfs/soft.computecanada.ca/custom/python/wheelhouse/nix/generic, /cvmfs/soft.computecanada.ca/custom/python/wheelhouse/generic
Processing /cvmfs/soft.computecanada.ca/custom/python/wheelhouse/generic/transformers-2.5.1+computecanada-py3-none-any.whl
Processing /cvmfs/soft.computecanada.ca/custom/python/wheelhouse/generic/boto3-1.20.52+computecanada-py3-none-any.whl
Processing /cvmfs/soft.computecanada.ca/custom/python/wheelhouse/generic/sentencepiece-0.1.91+computecanada-cp37-cp37m-linux_x86_64.whl
Processing /cvmfs/soft.computecanada.ca/custom/python/wheelhouse/generic/filelock-3.4.2+computecanada-py3-none-any.whl
Processing /cvmfs/soft.computecanada.ca/custom/python/wheelhouse/generic/tokenizers-0.5.2+computecanada-cp37-cp37m-linux_x86_64.whl
Requirement already satisfied: requests in /cvmfs/soft.computecanada.ca/easybuild/software/2017/Core/scipy-stack/2019a/lib/python3.7/site-packages (from transformers==2.5.1+computecanada) (2.21.0)
Requirement already satisfied: numpy in /cvmfs/soft.computecanada.ca/easybuild/software/2017/Core/scipy-stack/2019a/lib/python3.7/site-packages (from transformers==2.5.1+computecanada) (1.16.0)
Processing /cvmfs/soft.computecanada.ca/custom/python/wheelhouse/generic/sacremoses-0.0.46+computecanada-py3-none-any.whl
Processing /cvmfs/soft.computecanada.ca/custom/python/wheelhouse/generic/tqdm-4.62.3+computecanada-py2.py3-none-any.whl
Processing /cvmfs/soft.computecanada.ca/custom/python/wheelhouse/generic/regex-2020.11.13+computecanada-cp37-cp37m-linux_x86_64.whl
Processing /cvmfs/soft.computecanada.ca/custom/python/wheelhouse/generic/botocore-1.23.52+computecanada-py3-none-any.whl
Processing /cvmfs/soft.computecanada.ca/custom/python/wheelhouse/generic/jmespath-0.10.0+computecanada-py2.py3-none-any.whl
Processing /cvmfs/soft.computecanada.ca/custom/python/wheelhouse/generic/s3transfer-0.5.1+computecanada-py3-none-any.whl
Processing /cvmfs/soft.computecanada.ca/custom/python/wheelhouse/generic/urllib3-1.26.8+computecanada-py2.py3-none-any.whl
Requirement already satisfied: python-dateutil<3.0.0,>=2.1 in /cvmfs/soft.computecanada.ca/easybuild/software/2017/Core/scipy-stack/2019a/lib/python3.7/site-packages (from botocore<1.24.0,>=1.23.52->boto3->transformers==2.5.1+computecanada) (2.7.5)
Requirement already satisfied: six>=1.5 in /localscratch/yinan.27794529.0/env/lib/python3.7/site-packages (from python-dateutil<3.0.0,>=2.1->botocore<1.24.0,>=1.23.52->boto3->transformers==2.5.1+computecanada) (1.16.0+computecanada)
Requirement already satisfied: idna<2.9,>=2.5 in /cvmfs/soft.computecanada.ca/easybuild/software/2017/Core/scipy-stack/2019a/lib/python3.7/site-packages (from requests->transformers==2.5.1+computecanada) (2.8)
Requirement already satisfied: certifi>=2017.4.17 in /cvmfs/soft.computecanada.ca/easybuild/software/2017/Core/scipy-stack/2019a/lib/python3.7/site-packages (from requests->transformers==2.5.1+computecanada) (2018.11.29)
Requirement already satisfied: chardet<3.1.0,>=3.0.2 in /cvmfs/soft.computecanada.ca/easybuild/software/2017/Core/scipy-stack/2019a/lib/python3.7/site-packages (from requests->transformers==2.5.1+computecanada) (3.0.4)
Processing /cvmfs/soft.computecanada.ca/custom/python/wheelhouse/generic/requests-2.27.1+computecanada-py2.py3-none-any.whl
Processing /cvmfs/soft.computecanada.ca/custom/python/wheelhouse/generic/charset_normalizer-2.0.11+computecanada-py3-none-any.whl
Processing /cvmfs/soft.computecanada.ca/custom/python/wheelhouse/generic/joblib-1.1.0+computecanada-py2.py3-none-any.whl
Requirement already satisfied: click in /localscratch/yinan.27794529.0/env/lib/python3.7/site-packages (from sacremoses->transformers==2.5.1+computecanada) (8.0.3+computecanada)
Requirement already satisfied: importlib-metadata in /cvmfs/soft.computecanada.ca/easybuild/software/2017/Core/scipy-stack/2019a/lib/python3.7/site-packages (from click->sacremoses->transformers==2.5.1+computecanada) (0.8)
Requirement already satisfied: zipp>=0.3.2 in /cvmfs/soft.computecanada.ca/easybuild/software/2017/Core/scipy-stack/2019a/lib/python3.7/site-packages (from importlib-metadata->click->sacremoses->transformers==2.5.1+computecanada) (0.3.3)
Installing collected packages: urllib3, jmespath, botocore, tqdm, s3transfer, regex, joblib, charset-normalizer, tokenizers, sentencepiece, sacremoses, requests, filelock, boto3, transformers
  Attempting uninstall: urllib3
    Found existing installation: urllib3 1.24.1
    Not uninstalling urllib3 at /cvmfs/soft.computecanada.ca/easybuild/software/2017/Core/scipy-stack/2019a/lib/python3.7/site-packages, outside environment /localscratch/yinan.27794529.0/env
    Can't uninstall 'urllib3'. No files were found to uninstall.
  Attempting uninstall: requests
    Found existing installation: requests 2.21.0
    Not uninstalling requests at /cvmfs/soft.computecanada.ca/easybuild/software/2017/Core/scipy-stack/2019a/lib/python3.7/site-packages, outside environment /localscratch/yinan.27794529.0/env
    Can't uninstall 'requests'. No files were found to uninstall.
Successfully installed boto3-1.20.52+computecanada botocore-1.23.52+computecanada charset-normalizer-2.0.11+computecanada filelock-3.4.2+computecanada jmespath-0.10.0+computecanada joblib-1.1.0+computecanada regex-2020.11.13+computecanada requests-2.27.1+computecanada s3transfer-0.5.1+computecanada sacremoses-0.0.46+computecanada sentencepiece-0.1.91+computecanada tokenizers-0.5.2+computecanada tqdm-4.62.3+computecanada transformers-2.5.1+computecanada urllib3-1.26.8+computecanada
Looking in links: /cvmfs/soft.computecanada.ca/custom/python/wheelhouse/nix/avx2, /cvmfs/soft.computecanada.ca/custom/python/wheelhouse/nix/generic, /cvmfs/soft.computecanada.ca/custom/python/wheelhouse/generic
Processing /cvmfs/soft.computecanada.ca/custom/python/wheelhouse/generic/tensorflow_gpu-2.3.0+computecanada-cp37-cp37m-linux_x86_64.whl
Requirement already satisfied: six>=1.12.0 in /localscratch/yinan.27794529.0/env/lib/python3.7/site-packages (from tensorflow_gpu==2.3.0+computecanada) (1.16.0+computecanada)
Processing /cvmfs/soft.computecanada.ca/custom/python/wheelhouse/generic/wrapt-1.11.2+computecanada-cp37-cp37m-linux_x86_64.whl
Processing /cvmfs/soft.computecanada.ca/custom/python/wheelhouse/generic/absl_py-1.0.0+computecanada-py3-none-any.whl
Requirement already satisfied: wheel>=0.26 in /localscratch/yinan.27794529.0/env/lib/python3.7/site-packages (from tensorflow_gpu==2.3.0+computecanada) (0.33.4)
Processing /cvmfs/soft.computecanada.ca/custom/python/wheelhouse/generic/google_pasta-0.2.0+computecanada-py3-none-any.whl
Processing /cvmfs/soft.computecanada.ca/custom/python/wheelhouse/generic/opt_einsum-3.3.0+computecanada-py3-none-any.whl
Requirement already satisfied: termcolor>=1.1.0 in /localscratch/yinan.27794529.0/env/lib/python3.7/site-packages (from tensorflow_gpu==2.3.0+computecanada) (1.1.0+computecanada)
Processing /cvmfs/soft.computecanada.ca/custom/python/wheelhouse/generic/grpcio-1.38.0+computecanada-cp37-cp37m-linux_x86_64.whl
Processing /cvmfs/soft.computecanada.ca/custom/python/wheelhouse/generic/tensorflow_estimator-2.3.0+computecanada-py2.py3-none-any.whl
Processing /cvmfs/soft.computecanada.ca/custom/python/wheelhouse/generic/astunparse-1.6.3+computecanada-py2.py3-none-any.whl
Processing /cvmfs/soft.computecanada.ca/custom/python/wheelhouse/generic/gast-0.3.3+computecanada-py3-none-any.whl
Processing /cvmfs/soft.computecanada.ca/custom/python/wheelhouse/generic/tensorboard-2.6.0+computecanada-py3-none-any.whl
Processing /cvmfs/soft.computecanada.ca/custom/python/wheelhouse/nix/avx2/h5py-2.10.0+computecanada-cp37-cp37m-linux_x86_64.whl
Requirement already satisfied: numpy<1.19.0,>=1.16.0 in /cvmfs/soft.computecanada.ca/easybuild/software/2017/Core/scipy-stack/2019a/lib/python3.7/site-packages (from tensorflow_gpu==2.3.0+computecanada) (1.16.0)
Requirement already satisfied: protobuf>=3.9.2 in /localscratch/yinan.27794529.0/env/lib/python3.7/site-packages (from tensorflow_gpu==2.3.0+computecanada) (3.19.3+computecanada)
Processing /cvmfs/soft.computecanada.ca/custom/python/wheelhouse/nix/generic/scipy-1.4.1+computecanada-cp37-cp37m-linux_x86_64.whl
Processing /cvmfs/soft.computecanada.ca/custom/python/wheelhouse/generic/Keras_Preprocessing-1.1.2+computecanada-py3-none-any.whl
Processing /cvmfs/soft.computecanada.ca/custom/python/wheelhouse/generic/tensorboard_plugin_wit-1.8.0+computecanada-py3-none-any.whl
Processing /cvmfs/soft.computecanada.ca/custom/python/wheelhouse/generic/google_auth_oauthlib-0.4.6+computecanada-py2.py3-none-any.whl
Requirement already satisfied: setuptools>=41.0.0 in /localscratch/yinan.27794529.0/env/lib/python3.7/site-packages (from tensorboard<3,>=2.3.0->tensorflow_gpu==2.3.0+computecanada) (41.0.1)
Processing /cvmfs/soft.computecanada.ca/custom/python/wheelhouse/generic/google_auth-1.35.0+computecanada-py2.py3-none-any.whl
Processing /cvmfs/soft.computecanada.ca/custom/python/wheelhouse/generic/tensorboard_data_server-0.6.1+computecanada-py3-none-linux_x86_64.whl
Processing /cvmfs/soft.computecanada.ca/custom/python/wheelhouse/generic/Werkzeug-2.0.3+computecanada-py3-none-any.whl
Requirement already satisfied: requests<3,>=2.21.0 in /localscratch/yinan.27794529.0/env/lib/python3.7/site-packages (from tensorboard<3,>=2.3.0->tensorflow_gpu==2.3.0+computecanada) (2.27.1+computecanada)
Processing /cvmfs/soft.computecanada.ca/custom/python/wheelhouse/generic/Markdown-3.3.6+computecanada-py3-none-any.whl
Processing /cvmfs/soft.computecanada.ca/custom/python/wheelhouse/generic/rsa-4.8+computecanada-py3-none-any.whl
Processing /cvmfs/soft.computecanada.ca/custom/python/wheelhouse/generic/cachetools-4.2.4+computecanada-py3-none-any.whl
Processing /cvmfs/soft.computecanada.ca/custom/python/wheelhouse/generic/pyasn1_modules-0.2.8+computecanada-py2.py3-none-any.whl
Processing /cvmfs/soft.computecanada.ca/custom/python/wheelhouse/generic/requests_oauthlib-1.3.0+computecanada-py2.py3-none-any.whl
Processing /cvmfs/soft.computecanada.ca/custom/python/wheelhouse/generic/importlib_metadata-4.10.1+computecanada-py3-none-any.whl
Requirement already satisfied: typing-extensions>=3.6.4 in /localscratch/yinan.27794529.0/env/lib/python3.7/site-packages (from importlib-metadata>=4.4->markdown>=2.6.8->tensorboard<3,>=2.3.0->tensorflow_gpu==2.3.0+computecanada) (4.0.1+computecanada)
Processing /cvmfs/soft.computecanada.ca/custom/python/wheelhouse/generic/zipp-3.7.0+computecanada-py3-none-any.whl
Processing /cvmfs/soft.computecanada.ca/custom/python/wheelhouse/generic/pyasn1-0.4.8+computecanada-py2.py3-none-any.whl
Requirement already satisfied: idna<4,>=2.5 in /cvmfs/soft.computecanada.ca/easybuild/software/2017/Core/scipy-stack/2019a/lib/python3.7/site-packages (from requests<3,>=2.21.0->tensorboard<3,>=2.3.0->tensorflow_gpu==2.3.0+computecanada) (2.8)
Requirement already satisfied: charset-normalizer~=2.0.0 in /localscratch/yinan.27794529.0/env/lib/python3.7/site-packages (from requests<3,>=2.21.0->tensorboard<3,>=2.3.0->tensorflow_gpu==2.3.0+computecanada) (2.0.11+computecanada)
Requirement already satisfied: certifi>=2017.4.17 in /cvmfs/soft.computecanada.ca/easybuild/software/2017/Core/scipy-stack/2019a/lib/python3.7/site-packages (from requests<3,>=2.21.0->tensorboard<3,>=2.3.0->tensorflow_gpu==2.3.0+computecanada) (2018.11.29)
Requirement already satisfied: urllib3<1.27,>=1.21.1 in /localscratch/yinan.27794529.0/env/lib/python3.7/site-packages (from requests<3,>=2.21.0->tensorboard<3,>=2.3.0->tensorflow_gpu==2.3.0+computecanada) (1.26.8+computecanada)
Processing /cvmfs/soft.computecanada.ca/custom/python/wheelhouse/generic/oauthlib-3.1.1+computecanada-py2.py3-none-any.whl
Installing collected packages: pyasn1, zipp, rsa, pyasn1-modules, oauthlib, cachetools, requests-oauthlib, importlib-metadata, google-auth, werkzeug, tensorboard-plugin-wit, tensorboard-data-server, markdown, grpcio, google-auth-oauthlib, absl-py, wrapt, tensorflow-estimator, tensorboard, scipy, opt-einsum, keras-preprocessing, h5py, google-pasta, gast, astunparse, tensorflow-gpu
  Attempting uninstall: pyasn1
    Found existing installation: pyasn1 0.4.3
    Not uninstalling pyasn1 at /cvmfs/soft.computecanada.ca/easybuild/software/2017/Core/scipy-stack/2019a/lib/python3.7/site-packages, outside environment /localscratch/yinan.27794529.0/env
    Can't uninstall 'pyasn1'. No files were found to uninstall.
  Attempting uninstall: zipp
    Found existing installation: zipp 0.3.3
    Not uninstalling zipp at /cvmfs/soft.computecanada.ca/easybuild/software/2017/Core/scipy-stack/2019a/lib/python3.7/site-packages, outside environment /localscratch/yinan.27794529.0/env
    Can't uninstall 'zipp'. No files were found to uninstall.
  Attempting uninstall: importlib-metadata
    Found existing installation: importlib-metadata 0.8
    Not uninstalling importlib-metadata at /cvmfs/soft.computecanada.ca/easybuild/software/2017/Core/scipy-stack/2019a/lib/python3.7/site-packages, outside environment /localscratch/yinan.27794529.0/env
    Can't uninstall 'importlib-metadata'. No files were found to uninstall.
  Attempting uninstall: scipy
    Found existing installation: scipy 1.2.0
    Not uninstalling scipy at /cvmfs/soft.computecanada.ca/easybuild/software/2017/Core/scipy-stack/2019a/lib/python3.7/site-packages, outside environment /localscratch/yinan.27794529.0/env
    Can't uninstall 'scipy'. No files were found to uninstall.
Successfully installed absl-py-1.0.0+computecanada astunparse-1.6.3+computecanada cachetools-4.2.4+computecanada gast-0.3.3+computecanada google-auth-1.35.0+computecanada google-auth-oauthlib-0.4.6+computecanada google-pasta-0.2.0+computecanada grpcio-1.38.0+computecanada h5py-2.10.0+computecanada importlib-metadata-4.10.1+computecanada keras-preprocessing-1.1.2+computecanada markdown-3.3.6+computecanada oauthlib-3.1.1+computecanada opt-einsum-3.3.0+computecanada pyasn1-0.4.8+computecanada pyasn1-modules-0.2.8+computecanada requests-oauthlib-1.3.0+computecanada rsa-4.8+computecanada scipy-1.4.1+computecanada tensorboard-2.6.0+computecanada tensorboard-data-server-0.6.1+computecanada tensorboard-plugin-wit-1.8.0+computecanada tensorflow-estimator-2.3.0+computecanada tensorflow-gpu-2.3.0+computecanada werkzeug-2.0.3+computecanada wrapt-1.11.2+computecanada zipp-3.7.0+computecanada
Looking in links: /cvmfs/soft.computecanada.ca/custom/python/wheelhouse/nix/avx2, /cvmfs/soft.computecanada.ca/custom/python/wheelhouse/nix/generic, /cvmfs/soft.computecanada.ca/custom/python/wheelhouse/generic
Processing /cvmfs/soft.computecanada.ca/custom/python/wheelhouse/generic/keras-2.7.0+computecanada-py2.py3-none-any.whl
Installing collected packages: Keras
Successfully installed Keras-2.7.0+computecanada
Looking in links: /cvmfs/soft.computecanada.ca/custom/python/wheelhouse/nix/avx2, /cvmfs/soft.computecanada.ca/custom/python/wheelhouse/nix/generic, /cvmfs/soft.computecanada.ca/custom/python/wheelhouse/generic
Processing /cvmfs/soft.computecanada.ca/custom/python/wheelhouse/generic/urllib3-1.26.7+computecanada-py2.py3-none-any.whl
Installing collected packages: urllib3
  Attempting uninstall: urllib3
    Found existing installation: urllib3 1.26.8+computecanada
    Uninstalling urllib3-1.26.8+computecanada:
      Successfully uninstalled urllib3-1.26.8+computecanada
Successfully installed urllib3-1.26.7+computecanada
Looking in links: /cvmfs/soft.computecanada.ca/custom/python/wheelhouse/nix/avx2, /cvmfs/soft.computecanada.ca/custom/python/wheelhouse/nix/generic, /cvmfs/soft.computecanada.ca/custom/python/wheelhouse/generic
Processing /cvmfs/soft.computecanada.ca/custom/python/wheelhouse/generic/nltk-3.7+computecanada-py3-none-any.whl
Requirement already satisfied: joblib in /localscratch/yinan.27794529.0/env/lib/python3.7/site-packages (from nltk) (1.1.0+computecanada)
Requirement already satisfied: tqdm in /localscratch/yinan.27794529.0/env/lib/python3.7/site-packages (from nltk) (4.62.3+computecanada)
Requirement already satisfied: click in /localscratch/yinan.27794529.0/env/lib/python3.7/site-packages (from nltk) (8.0.3+computecanada)
Processing /cvmfs/soft.computecanada.ca/custom/python/wheelhouse/generic/nltk-3.6.5+computecanada-py3-none-any.whl
Processing /cvmfs/soft.computecanada.ca/custom/python/wheelhouse/generic/nltk-3.6.3+computecanada-py3-none-any.whl
Requirement already satisfied: regex in /localscratch/yinan.27794529.0/env/lib/python3.7/site-packages (from nltk) (2020.11.13+computecanada)
Requirement already satisfied: importlib-metadata in /localscratch/yinan.27794529.0/env/lib/python3.7/site-packages (from click->nltk) (4.10.1+computecanada)
Requirement already satisfied: typing-extensions>=3.6.4 in /localscratch/yinan.27794529.0/env/lib/python3.7/site-packages (from importlib-metadata->click->nltk) (4.0.1+computecanada)
Requirement already satisfied: zipp>=0.5 in /localscratch/yinan.27794529.0/env/lib/python3.7/site-packages (from importlib-metadata->click->nltk) (3.7.0+computecanada)
Installing collected packages: nltk
Successfully installed nltk-3.6.3+computecanada
Looking in links: /cvmfs/soft.computecanada.ca/custom/python/wheelhouse/nix/avx2, /cvmfs/soft.computecanada.ca/custom/python/wheelhouse/nix/generic, /cvmfs/soft.computecanada.ca/custom/python/wheelhouse/generic
Processing /cvmfs/soft.computecanada.ca/custom/python/wheelhouse/generic/scikit_learn-0.22.1+computecanada-cp37-cp37m-linux_x86_64.whl
Requirement already satisfied: joblib>=0.11 in /localscratch/yinan.27794529.0/env/lib/python3.7/site-packages (from scikit-learn==0.22.1) (1.1.0+computecanada)
Requirement already satisfied: scipy>=0.17.0 in /localscratch/yinan.27794529.0/env/lib/python3.7/site-packages (from scikit-learn==0.22.1) (1.4.1+computecanada)
Requirement already satisfied: numpy>=1.11.0 in /cvmfs/soft.computecanada.ca/easybuild/software/2017/Core/scipy-stack/2019a/lib/python3.7/site-packages (from scikit-learn==0.22.1) (1.16.0)
Installing collected packages: scikit-learn
Successfully installed scikit-learn-0.22.1+computecanada
Looking in links: /cvmfs/soft.computecanada.ca/custom/python/wheelhouse/nix/avx2, /cvmfs/soft.computecanada.ca/custom/python/wheelhouse/nix/generic, /cvmfs/soft.computecanada.ca/custom/python/wheelhouse/generic
Requirement already satisfied: tokenizers==0.5.2 in /localscratch/yinan.27794529.0/env/lib/python3.7/site-packages (0.5.2+computecanada)
wandb: Appending key for api.wandb.ai to your netrc file: /home/yinan/.netrc
Starting Task
2022-02-25 10:38:06.182522: I tensorflow/stream_executor/platform/default/dso_loader.cc:48] Successfully opened dynamic library libcudart.so.10.1
[nltk_data] Downloading package stopwords to /home/yinan/nltk_data...
[nltk_data]   Package stopwords is already up-to-date!
[nltk_data] Downloading package wordnet to /home/yinan/nltk_data...
[nltk_data]   Package wordnet is already up-to-date!
wandb: Currently logged in as: yinanazhou (use `wandb login --relogin` to force relogin)
wandb: wandb version 0.12.10 is available!  To upgrade, please run:
wandb:  $ pip install wandb --upgrade
2022-02-25 10:38:13.885410: I tensorflow/stream_executor/platform/default/dso_loader.cc:48] Successfully opened dynamic library libcudart.so.10.1
wandb: Tracking run with wandb version 0.12.5
wandb: Syncing run solar-glade-2
wandb: â­ï¸ View project at https://wandb.ai/yinanazhou/xl_512_bs_8_lr_1e06_es_40_lc_False_nr_False_stem_False_lemma_False_repeat_1_fold_1
wandb: ðŸš€ View run at https://wandb.ai/yinanazhou/xl_512_bs_8_lr_1e06_es_40_lc_False_nr_False_stem_False_lemma_False_repeat_1_fold_1/runs/j08qq464
wandb: Run data is saved locally in /project/6002780/yinan/Thesis_MER_Lyrics/lyric-emotion/wandb/run-20220225_103812-j08qq464
wandb: Run `wandb offline` to turn off syncing.

Validation loss decreased (inf --> 1.374188).  Saving model ...
Validation loss decreased (1.374188 --> 1.329398).  Saving model ...
Validation loss decreased (1.329398 --> 1.302155).  Saving model ...
Validation loss decreased (1.302155 --> 1.273361).  Saving model ...
Validation loss decreased (1.273361 --> 1.248347).  Saving model ...
Validation loss decreased (1.248347 --> 1.223967).  Saving model ...
Validation loss decreased (1.223967 --> 1.200160).  Saving model ...
Validation loss decreased (1.200160 --> 1.173881).  Saving model ...
Validation loss decreased (1.173881 --> 1.154466).  Saving model ...
Validation loss decreased (1.154466 --> 1.121819).  Saving model ...
Validation loss decreased (1.121819 --> 1.099142).  Saving model ...
Validation loss decreased (1.099142 --> 1.067754).  Saving model ...
EarlyStopping counter: 1 out of 40.0
Validation loss decreased (1.067754 --> 1.062497).  Saving model ...
Validation loss decreased (1.062497 --> 1.020190).  Saving model ...
Validation loss decreased (1.020190 --> 1.008085).  Saving model ...
Validation loss decreased (1.008085 --> 0.999611).  Saving model ...
Validation loss decreased (0.999611 --> 0.983174).  Saving model ...
Validation loss decreased (0.983174 --> 0.978750).  Saving model ...
Validation loss decreased (0.978750 --> 0.969035).  Saving model ...
Validation loss decreased (0.969035 --> 0.966636).  Saving model ...
Validation loss decreased (0.966636 --> 0.962394).  Saving model ...
Validation loss decreased (0.962394 --> 0.960351).  Saving model ...
Validation loss decreased (0.960351 --> 0.953076).  Saving model ...
Validation loss decreased (0.953076 --> 0.952438).  Saving model ...
EarlyStopping counter: 1 out of 40.0
EarlyStopping counter: 2 out of 40.0
EarlyStopping counter: 3 out of 40.0
EarlyStopping counter: 4 out of 40.0
EarlyStopping counter: 5 out of 40.0
EarlyStopping counter: 6 out of 40.0
EarlyStopping counter: 7 out of 40.0
EarlyStopping counter: 8 out of 40.0
EarlyStopping counter: 9 out of 40.0
EarlyStopping counter: 10 out of 40.0
EarlyStopping counter: 11 out of 40.0
EarlyStopping counter: 12 out of 40.0
EarlyStopping counter: 13 out of 40.0
EarlyStopping counter: 14 out of 40.0
EarlyStopping counter: 15 out of 40.0
EarlyStopping counter: 16 out of 40.0
EarlyStopping counter: 17 out of 40.0
EarlyStopping counter: 18 out of 40.0
EarlyStopping counter: 19 out of 40.0
EarlyStopping counter: 20 out of 40.0
EarlyStopping counter: 21 out of 40.0
EarlyStopping counter: 22 out of 40.0
EarlyStopping counter: 23 out of 40.0
EarlyStopping counter: 24 out of 40.0
EarlyStopping counter: 25 out of 40.0
EarlyStopping counter: 26 out of 40.0
EarlyStopping counter: 27 out of 40.0
EarlyStopping counter: 28 out of 40.0
EarlyStopping counter: 29 out of 40.0
EarlyStopping counter: 30 out of 40.0
EarlyStopping counter: 31 out of 40.0
EarlyStopping counter: 32 out of 40.0
EarlyStopping counter: 33 out of 40.0
EarlyStopping counter: 34 out of 40.0
EarlyStopping counter: 35 out of 40.0
EarlyStopping counter: 36 out of 40.0
EarlyStopping counter: 37 out of 40.0
EarlyStopping counter: 38 out of 40.0
EarlyStopping counter: 39 out of 40.0
EarlyStopping counter: 40 out of 40.0
/localscratch/yinan.27794529.0/env/lib/python3.7/site-packages/torch/nn/functional.py:1794: UserWarning: nn.functional.tanh is deprecated. Use torch.tanh instead.
  warnings.warn("nn.functional.tanh is deprecated. Use torch.tanh instead.")
/localscratch/yinan.27794529.0/env/lib/python3.7/site-packages/transformers/optimization.py:155: UserWarning: This overload of add_ is deprecated:
	add_(Number alpha, Tensor other)
Consider using one of the following signatures instead:
	add_(Tensor other, *, Number alpha) (Triggered internally at  ../torch/csrc/utils/python_arg_parser.cpp:1025.)
  exp_avg.mul_(beta1).add_(1.0 - beta1, grad)
wandb: Waiting for W&B process to finish, PID 215401... (success).
wandb: - 0.00MB of 0.00MB uploaded (0.00MB deduped)wandb: \ 0.00MB of 0.00MB uploaded (0.00MB deduped)wandb: | 0.00MB of 0.00MB uploaded (0.00MB deduped)wandb: / 0.00MB of 0.00MB uploaded (0.00MB deduped)wandb: - 0.00MB of 0.00MB uploaded (0.00MB deduped)wandb: \ 0.00MB of 0.00MB uploaded (0.00MB deduped)wandb: | 0.00MB of 0.00MB uploaded (0.00MB deduped)wandb: / 0.00MB of 0.00MB uploaded (0.00MB deduped)wandb: - 0.00MB of 0.00MB uploaded (0.00MB deduped)wandb: \ 0.00MB of 0.00MB uploaded (0.00MB deduped)wandb: | 0.00MB of 0.00MB uploaded (0.00MB deduped)wandb: / 0.00MB of 0.00MB uploaded (0.00MB deduped)wandb: - 0.00MB of 0.00MB uploaded (0.00MB deduped)wandb:                                                                                
wandb: Run history:
wandb:     e_F1 â–â–„â–„â–…â–…â–†â–†â–‡â–†â–‡â–‡â–‡â–‡â–‡â–‡â–ˆâ–ˆâ–‡â–‡â–ˆâ–ˆâ–‡â–ˆâ–ˆâ–ˆâ–ˆâ–ˆâ–ˆâ–ˆâ–ˆâ–ˆâ–ˆâ–ˆâ–ˆâ–ˆâ–ˆâ–ˆâ–ˆâ–ˆâ–ˆ
wandb:   e_loss â–ˆâ–‡â–†â–†â–…â–„â–„â–ƒâ–ƒâ–‚â–‚â–â–â–â–â–â–â–â–â–â–â–â–â–â–‚â–‚â–‚â–‚â–‚â–ƒâ–ƒâ–ƒâ–ƒâ–„â–„â–„â–„â–„â–…â–…
wandb:     t_F1 â–â–‚â–ƒâ–ƒâ–„â–„â–„â–…â–…â–…â–…â–…â–†â–†â–†â–†â–†â–†â–†â–†â–†â–‡â–‡â–‡â–‡â–‡â–‡â–‡â–‡â–‡â–‡â–ˆâ–ˆâ–ˆâ–ˆâ–ˆâ–ˆâ–ˆâ–ˆâ–ˆ
wandb:   t_loss â–ˆâ–ˆâ–‡â–‡â–‡â–‡â–†â–†â–…â–…â–…â–…â–„â–„â–„â–„â–„â–„â–ƒâ–ƒâ–ƒâ–ƒâ–ƒâ–ƒâ–ƒâ–‚â–‚â–‚â–‚â–‚â–‚â–‚â–‚â–‚â–â–â–â–â–â–
wandb: 
wandb: Run summary:
wandb:     e_F1 62.26962
wandb:   e_loss 1.20024
wandb:     t_F1 98.72408
wandb:   t_loss 0.13838
wandb: 
wandb: Synced 4 W&B file(s), 0 media file(s), 0 artifact file(s) and 0 other file(s)
wandb: Synced solar-glade-2: https://wandb.ai/yinanazhou/xl_512_bs_8_lr_1e06_es_40_lc_False_nr_False_stem_False_lemma_False_repeat_1_fold_1/runs/j08qq464
wandb: Find logs at: ./wandb/run-20220225_103812-j08qq464/logs/debug.log
wandb: 

wandb: wandb version 0.12.10 is available!  To upgrade, please run:
wandb:  $ pip install wandb --upgrade
2022-02-25 11:38:21.248891: I tensorflow/stream_executor/platform/default/dso_loader.cc:48] Successfully opened dynamic library libcudart.so.10.1
wandb: Tracking run with wandb version 0.12.5
wandb: Syncing run neat-elevator-2
wandb: â­ï¸ View project at https://wandb.ai/yinanazhou/xl_512_bs_8_lr_1e06_es_40_lc_False_nr_False_stem_False_lemma_False_repeat_1_fold_2
wandb: ðŸš€ View run at https://wandb.ai/yinanazhou/xl_512_bs_8_lr_1e06_es_40_lc_False_nr_False_stem_False_lemma_False_repeat_1_fold_2/runs/aqos5vzk
wandb: Run data is saved locally in /project/6002780/yinan/Thesis_MER_Lyrics/lyric-emotion/wandb/run-20220225_113818-aqos5vzk
wandb: Run `wandb offline` to turn off syncing.

Validation loss decreased (inf --> 1.385301).  Saving model ...
Validation loss decreased (1.385301 --> 1.362340).  Saving model ...
Validation loss decreased (1.362340 --> 1.345910).  Saving model ...
Validation loss decreased (1.345910 --> 1.327772).  Saving model ...
Validation loss decreased (1.327772 --> 1.304207).  Saving model ...
Validation loss decreased (1.304207 --> 1.277795).  Saving model ...
Validation loss decreased (1.277795 --> 1.247616).  Saving model ...
Validation loss decreased (1.247616 --> 1.209403).  Saving model ...
Validation loss decreased (1.209403 --> 1.172317).  Saving model ...
Validation loss decreased (1.172317 --> 1.156182).  Saving model ...
Validation loss decreased (1.156182 --> 1.119437).  Saving model ...
Validation loss decreased (1.119437 --> 1.095477).  Saving model ...
Validation loss decreased (1.095477 --> 1.064780).  Saving model ...
Validation loss decreased (1.064780 --> 1.035870).  Saving model ...
Validation loss decreased (1.035870 --> 1.005685).  Saving model ...
Validation loss decreased (1.005685 --> 0.985307).  Saving model ...
Validation loss decreased (0.985307 --> 0.961365).  Saving model ...
Validation loss decreased (0.961365 --> 0.948621).  Saving model ...
Validation loss decreased (0.948621 --> 0.930278).  Saving model ...
Validation loss decreased (0.930278 --> 0.919317).  Saving model ...
Validation loss decreased (0.919317 --> 0.912830).  Saving model ...
Validation loss decreased (0.912830 --> 0.900223).  Saving model ...
Validation loss decreased (0.900223 --> 0.894130).  Saving model ...
Validation loss decreased (0.894130 --> 0.892871).  Saving model ...
Validation loss decreased (0.892871 --> 0.885699).  Saving model ...
Validation loss decreased (0.885699 --> 0.884182).  Saving model ...
EarlyStopping counter: 1 out of 40.0
EarlyStopping counter: 2 out of 40.0
EarlyStopping counter: 3 out of 40.0
EarlyStopping counter: 4 out of 40.0
EarlyStopping counter: 5 out of 40.0
EarlyStopping counter: 6 out of 40.0
EarlyStopping counter: 7 out of 40.0
EarlyStopping counter: 8 out of 40.0
EarlyStopping counter: 9 out of 40.0
EarlyStopping counter: 10 out of 40.0
EarlyStopping counter: 11 out of 40.0
EarlyStopping counter: 12 out of 40.0
EarlyStopping counter: 13 out of 40.0
EarlyStopping counter: 14 out of 40.0
EarlyStopping counter: 15 out of 40.0
EarlyStopping counter: 16 out of 40.0
EarlyStopping counter: 17 out of 40.0
EarlyStopping counter: 18 out of 40.0
EarlyStopping counter: 19 out of 40.0
EarlyStopping counter: 20 out of 40.0
EarlyStopping counter: 21 out of 40.0
EarlyStopping counter: 22 out of 40.0
EarlyStopping counter: 23 out of 40.0
EarlyStopping counter: 24 out of 40.0
EarlyStopping counter: 25 out of 40.0
EarlyStopping counter: 26 out of 40.0
EarlyStopping counter: 27 out of 40.0
EarlyStopping counter: 28 out of 40.0
EarlyStopping counter: 29 out of 40.0
EarlyStopping counter: 30 out of 40.0
EarlyStopping counter: 31 out of 40.0
EarlyStopping counter: 32 out of 40.0
EarlyStopping counter: 33 out of 40.0
EarlyStopping counter: 34 out of 40.0
EarlyStopping counter: 35 out of 40.0
EarlyStopping counter: 36 out of 40.0
EarlyStopping counter: 37 out of 40.0
EarlyStopping counter: 38 out of 40.0
EarlyStopping counter: 39 out of 40.0
EarlyStopping counter: 40 out of 40.0
/localscratch/yinan.27794529.0/env/lib/python3.7/site-packages/torch/nn/functional.py:1794: UserWarning: nn.functional.tanh is deprecated. Use torch.tanh instead.
  warnings.warn("nn.functional.tanh is deprecated. Use torch.tanh instead.")
wandb: Waiting for W&B process to finish, PID 218655... (success).
wandb: - 0.00MB of 0.00MB uploaded (0.00MB deduped)wandb: \ 0.00MB of 0.00MB uploaded (0.00MB deduped)wandb: | 0.00MB of 0.00MB uploaded (0.00MB deduped)wandb: / 0.00MB of 0.00MB uploaded (0.00MB deduped)wandb: - 0.00MB of 0.00MB uploaded (0.00MB deduped)wandb: \ 0.00MB of 0.00MB uploaded (0.00MB deduped)wandb: | 0.00MB of 0.00MB uploaded (0.00MB deduped)wandb: / 0.00MB of 0.00MB uploaded (0.00MB deduped)wandb: - 0.00MB of 0.00MB uploaded (0.00MB deduped)wandb: \ 0.00MB of 0.00MB uploaded (0.00MB deduped)wandb: | 0.00MB of 0.00MB uploaded (0.00MB deduped)wandb: / 0.00MB of 0.00MB uploaded (0.00MB deduped)wandb: - 0.00MB of 0.00MB uploaded (0.00MB deduped)wandb:                                                                                
wandb: Run history:
wandb:     e_F1 â–â–‚â–„â–…â–…â–‡â–‡â–‡â–‡â–ˆâ–ˆâ–ˆâ–ˆâ–ˆâ–ˆâ–ˆâ–ˆâ–ˆâ–ˆâ–ˆâ–ˆâ–ˆâ–ˆâ–ˆâ–ˆâ–ˆâ–ˆâ–ˆâ–ˆâ–ˆâ–ˆâ–ˆâ–ˆâ–ˆâ–‡â–ˆâ–ˆâ–ˆâ–‡â–ˆ
wandb:   e_loss â–ˆâ–ˆâ–‡â–†â–†â–…â–„â–„â–ƒâ–‚â–‚â–‚â–â–â–â–â–â–â–â–â–â–‚â–â–‚â–‚â–‚â–‚â–ƒâ–ƒâ–ƒâ–„â–„â–„â–„â–…â–…â–…â–†â–†â–‡
wandb:     t_F1 â–â–â–‚â–ƒâ–ƒâ–ƒâ–„â–„â–„â–…â–…â–…â–†â–…â–†â–†â–†â–†â–†â–†â–‡â–‡â–‡â–‡â–‡â–‡â–‡â–‡â–ˆâ–ˆâ–ˆâ–ˆâ–ˆâ–ˆâ–ˆâ–ˆâ–ˆâ–ˆâ–ˆâ–ˆ
wandb:   t_loss â–ˆâ–ˆâ–ˆâ–‡â–‡â–‡â–‡â–‡â–†â–†â–†â–…â–…â–…â–…â–„â–„â–„â–„â–„â–ƒâ–ƒâ–ƒâ–ƒâ–ƒâ–ƒâ–‚â–‚â–‚â–‚â–‚â–‚â–‚â–â–â–â–â–â–â–
wandb: 
wandb: Run summary:
wandb:     e_F1 60.56539
wandb:   e_loss 1.2911
wandb:     t_F1 98.72584
wandb:   t_loss 0.08025
wandb: 
wandb: Synced 4 W&B file(s), 0 media file(s), 0 artifact file(s) and 0 other file(s)
wandb: Synced neat-elevator-2: https://wandb.ai/yinanazhou/xl_512_bs_8_lr_1e06_es_40_lc_False_nr_False_stem_False_lemma_False_repeat_1_fold_2/runs/aqos5vzk
wandb: Find logs at: ./wandb/run-20220225_113818-aqos5vzk/logs/debug.log
wandb: 

wandb: wandb version 0.12.10 is available!  To upgrade, please run:
wandb:  $ pip install wandb --upgrade
2022-02-25 12:39:08.111573: I tensorflow/stream_executor/platform/default/dso_loader.cc:48] Successfully opened dynamic library libcudart.so.10.1
wandb: Tracking run with wandb version 0.12.5
wandb: Syncing run tough-sea-2
wandb: â­ï¸ View project at https://wandb.ai/yinanazhou/xl_512_bs_8_lr_1e06_es_40_lc_False_nr_False_stem_False_lemma_False_repeat_2_fold_1
wandb: ðŸš€ View run at https://wandb.ai/yinanazhou/xl_512_bs_8_lr_1e06_es_40_lc_False_nr_False_stem_False_lemma_False_repeat_2_fold_1/runs/1cp8155a
wandb: Run data is saved locally in /project/6002780/yinan/Thesis_MER_Lyrics/lyric-emotion/wandb/run-20220225_123905-1cp8155a
wandb: Run `wandb offline` to turn off syncing.

Validation loss decreased (inf --> 1.394991).  Saving model ...
Validation loss decreased (1.394991 --> 1.359021).  Saving model ...
Validation loss decreased (1.359021 --> 1.332319).  Saving model ...
Validation loss decreased (1.332319 --> 1.287332).  Saving model ...
Validation loss decreased (1.287332 --> 1.250424).  Saving model ...
Validation loss decreased (1.250424 --> 1.215996).  Saving model ...
Validation loss decreased (1.215996 --> 1.171023).  Saving model ...
Validation loss decreased (1.171023 --> 1.129674).  Saving model ...
Validation loss decreased (1.129674 --> 1.093359).  Saving model ...
Validation loss decreased (1.093359 --> 1.064886).  Saving model ...
Validation loss decreased (1.064886 --> 1.049872).  Saving model ...
Validation loss decreased (1.049872 --> 1.026535).  Saving model ...
Validation loss decreased (1.026535 --> 1.006746).  Saving model ...
Validation loss decreased (1.006746 --> 0.986442).  Saving model ...
Validation loss decreased (0.986442 --> 0.975299).  Saving model ...
Validation loss decreased (0.975299 --> 0.961639).  Saving model ...
Validation loss decreased (0.961639 --> 0.951782).  Saving model ...
Validation loss decreased (0.951782 --> 0.940935).  Saving model ...
Validation loss decreased (0.940935 --> 0.931019).  Saving model ...
Validation loss decreased (0.931019 --> 0.922104).  Saving model ...
Validation loss decreased (0.922104 --> 0.916976).  Saving model ...
EarlyStopping counter: 1 out of 40.0
Validation loss decreased (0.916976 --> 0.916539).  Saving model ...
Validation loss decreased (0.916539 --> 0.915614).  Saving model ...
Validation loss decreased (0.915614 --> 0.912944).  Saving model ...
EarlyStopping counter: 1 out of 40.0
EarlyStopping counter: 2 out of 40.0
Validation loss decreased (0.912944 --> 0.907213).  Saving model ...
Validation loss decreased (0.907213 --> 0.904563).  Saving model ...
EarlyStopping counter: 1 out of 40.0
EarlyStopping counter: 2 out of 40.0
EarlyStopping counter: 3 out of 40.0
EarlyStopping counter: 4 out of 40.0
EarlyStopping counter: 5 out of 40.0
EarlyStopping counter: 6 out of 40.0
EarlyStopping counter: 7 out of 40.0
EarlyStopping counter: 8 out of 40.0
EarlyStopping counter: 9 out of 40.0
EarlyStopping counter: 10 out of 40.0
EarlyStopping counter: 11 out of 40.0
EarlyStopping counter: 12 out of 40.0
EarlyStopping counter: 13 out of 40.0
EarlyStopping counter: 14 out of 40.0
EarlyStopping counter: 15 out of 40.0
EarlyStopping counter: 16 out of 40.0
EarlyStopping counter: 17 out of 40.0
EarlyStopping counter: 18 out of 40.0
EarlyStopping counter: 19 out of 40.0
EarlyStopping counter: 20 out of 40.0
EarlyStopping counter: 21 out of 40.0
EarlyStopping counter: 22 out of 40.0
EarlyStopping counter: 23 out of 40.0
EarlyStopping counter: 24 out of 40.0
EarlyStopping counter: 25 out of 40.0
EarlyStopping counter: 26 out of 40.0
EarlyStopping counter: 27 out of 40.0
EarlyStopping counter: 28 out of 40.0
EarlyStopping counter: 29 out of 40.0
EarlyStopping counter: 30 out of 40.0
EarlyStopping counter: 31 out of 40.0
EarlyStopping counter: 32 out of 40.0
EarlyStopping counter: 33 out of 40.0
EarlyStopping counter: 34 out of 40.0
EarlyStopping counter: 35 out of 40.0
EarlyStopping counter: 36 out of 40.0
EarlyStopping counter: 37 out of 40.0
EarlyStopping counter: 38 out of 40.0
EarlyStopping counter: 39 out of 40.0
EarlyStopping counter: 40 out of 40.0
/localscratch/yinan.27794529.0/env/lib/python3.7/site-packages/torch/nn/functional.py:1794: UserWarning: nn.functional.tanh is deprecated. Use torch.tanh instead.
  warnings.warn("nn.functional.tanh is deprecated. Use torch.tanh instead.")
wandb: Waiting for W&B process to finish, PID 221945... (success).
wandb: - 0.00MB of 0.00MB uploaded (0.00MB deduped)wandb: \ 0.00MB of 0.00MB uploaded (0.00MB deduped)wandb: | 0.00MB of 0.00MB uploaded (0.00MB deduped)wandb: / 0.00MB of 0.00MB uploaded (0.00MB deduped)wandb: - 0.00MB of 0.00MB uploaded (0.00MB deduped)wandb: \ 0.00MB of 0.00MB uploaded (0.00MB deduped)wandb: | 0.00MB of 0.00MB uploaded (0.00MB deduped)wandb: / 0.00MB of 0.00MB uploaded (0.00MB deduped)wandb: - 0.00MB of 0.00MB uploaded (0.00MB deduped)wandb: \ 0.00MB of 0.00MB uploaded (0.00MB deduped)wandb: | 0.00MB of 0.00MB uploaded (0.00MB deduped)wandb: / 0.00MB of 0.00MB uploaded (0.00MB deduped)wandb: - 0.00MB of 0.00MB uploaded (0.00MB deduped)wandb:                                                                                
wandb: Run history:
wandb:     e_F1 â–â–â–ƒâ–…â–†â–‡â–‡â–‡â–‡â–‡â–‡â–ˆâ–ˆâ–ˆâ–ˆâ–ˆâ–ˆâ–ˆâ–‡â–ˆâ–ˆâ–ˆâ–ˆâ–ˆâ–‡â–ˆâ–ˆâ–ˆâ–ˆâ–ˆâ–‡â–ˆâ–‡â–‡â–ˆâ–‡â–‡â–‡â–‡â–‡
wandb:   e_loss â–ˆâ–‡â–†â–…â–…â–„â–ƒâ–‚â–‚â–‚â–â–â–â–â–â–â–â–â–â–â–â–‚â–‚â–‚â–‚â–‚â–‚â–‚â–‚â–ƒâ–ƒâ–ƒâ–„â–„â–„â–…â–…â–…â–†â–†
wandb:     t_F1 â–â–‚â–ƒâ–ƒâ–„â–„â–…â–…â–…â–…â–…â–†â–†â–†â–†â–†â–†â–‡â–‡â–‡â–‡â–‡â–‡â–‡â–‡â–‡â–‡â–ˆâ–ˆâ–ˆâ–ˆâ–ˆâ–ˆâ–ˆâ–ˆâ–ˆâ–ˆâ–ˆâ–ˆâ–ˆ
wandb:   t_loss â–ˆâ–ˆâ–‡â–‡â–‡â–†â–†â–†â–…â–…â–…â–…â–„â–„â–„â–„â–„â–ƒâ–ƒâ–ƒâ–ƒâ–ƒâ–ƒâ–ƒâ–‚â–‚â–‚â–‚â–‚â–‚â–‚â–‚â–â–â–â–â–â–â–â–
wandb: 
wandb: Run summary:
wandb:     e_F1 60.62098
wandb:   e_loss 1.27925
wandb:     t_F1 98.73166
wandb:   t_loss 0.10003
wandb: 
wandb: Synced 4 W&B file(s), 0 media file(s), 0 artifact file(s) and 0 other file(s)
wandb: Synced tough-sea-2: https://wandb.ai/yinanazhou/xl_512_bs_8_lr_1e06_es_40_lc_False_nr_False_stem_False_lemma_False_repeat_2_fold_1/runs/1cp8155a
wandb: Find logs at: ./wandb/run-20220225_123905-1cp8155a/logs/debug.log
wandb: 

wandb: wandb version 0.12.10 is available!  To upgrade, please run:
wandb:  $ pip install wandb --upgrade
2022-02-25 13:42:41.593995: I tensorflow/stream_executor/platform/default/dso_loader.cc:48] Successfully opened dynamic library libcudart.so.10.1
wandb: Tracking run with wandb version 0.12.5
wandb: Syncing run astral-sun-2
wandb: â­ï¸ View project at https://wandb.ai/yinanazhou/xl_512_bs_8_lr_1e06_es_40_lc_False_nr_False_stem_False_lemma_False_repeat_2_fold_2
wandb: ðŸš€ View run at https://wandb.ai/yinanazhou/xl_512_bs_8_lr_1e06_es_40_lc_False_nr_False_stem_False_lemma_False_repeat_2_fold_2/runs/1sy0g10l
wandb: Run data is saved locally in /project/6002780/yinan/Thesis_MER_Lyrics/lyric-emotion/wandb/run-20220225_134235-1sy0g10l
wandb: Run `wandb offline` to turn off syncing.

Validation loss decreased (inf --> 1.373435).  Saving model ...
Validation loss decreased (1.373435 --> 1.355311).  Saving model ...
Validation loss decreased (1.355311 --> 1.336772).  Saving model ...
Validation loss decreased (1.336772 --> 1.315143).  Saving model ...
Validation loss decreased (1.315143 --> 1.289726).  Saving model ...
Validation loss decreased (1.289726 --> 1.259724).  Saving model ...
Validation loss decreased (1.259724 --> 1.238333).  Saving model ...
Validation loss decreased (1.238333 --> 1.209978).  Saving model ...
Validation loss decreased (1.209978 --> 1.180180).  Saving model ...
Validation loss decreased (1.180180 --> 1.134169).  Saving model ...
Validation loss decreased (1.134169 --> 1.114910).  Saving model ...
Validation loss decreased (1.114910 --> 1.090883).  Saving model ...
Validation loss decreased (1.090883 --> 1.047343).  Saving model ...
EarlyStopping counter: 1 out of 40.0
Validation loss decreased (1.047343 --> 1.023860).  Saving model ...
Validation loss decreased (1.023860 --> 0.986303).  Saving model ...
Validation loss decreased (0.986303 --> 0.973730).  Saving model ...
EarlyStopping counter: 1 out of 40.0
Validation loss decreased (0.973730 --> 0.952589).  Saving model ...
Validation loss decreased (0.952589 --> 0.936042).  Saving model ...
Validation loss decreased (0.936042 --> 0.931782).  Saving model ...
Validation loss decreased (0.931782 --> 0.917902).  Saving model ...
EarlyStopping counter: 1 out of 40.0
Validation loss decreased (0.917902 --> 0.909092).  Saving model ...
Validation loss decreased (0.909092 --> 0.907780).  Saving model ...
EarlyStopping counter: 1 out of 40.0
EarlyStopping counter: 2 out of 40.0
EarlyStopping counter: 3 out of 40.0
EarlyStopping counter: 4 out of 40.0
EarlyStopping counter: 5 out of 40.0
EarlyStopping counter: 6 out of 40.0
EarlyStopping counter: 7 out of 40.0
EarlyStopping counter: 8 out of 40.0
EarlyStopping counter: 9 out of 40.0
EarlyStopping counter: 10 out of 40.0
EarlyStopping counter: 11 out of 40.0
EarlyStopping counter: 12 out of 40.0
EarlyStopping counter: 13 out of 40.0
EarlyStopping counter: 14 out of 40.0
EarlyStopping counter: 15 out of 40.0
EarlyStopping counter: 16 out of 40.0
EarlyStopping counter: 17 out of 40.0
EarlyStopping counter: 18 out of 40.0
EarlyStopping counter: 19 out of 40.0
EarlyStopping counter: 20 out of 40.0
EarlyStopping counter: 21 out of 40.0
EarlyStopping counter: 22 out of 40.0
EarlyStopping counter: 23 out of 40.0
EarlyStopping counter: 24 out of 40.0
EarlyStopping counter: 25 out of 40.0
EarlyStopping counter: 26 out of 40.0
EarlyStopping counter: 27 out of 40.0
EarlyStopping counter: 28 out of 40.0
EarlyStopping counter: 29 out of 40.0
EarlyStopping counter: 30 out of 40.0
EarlyStopping counter: 31 out of 40.0
EarlyStopping counter: 32 out of 40.0
EarlyStopping counter: 33 out of 40.0
EarlyStopping counter: 34 out of 40.0
EarlyStopping counter: 35 out of 40.0
EarlyStopping counter: 36 out of 40.0
EarlyStopping counter: 37 out of 40.0
EarlyStopping counter: 38 out of 40.0
EarlyStopping counter: 39 out of 40.0
EarlyStopping counter: 40 out of 40.0
/localscratch/yinan.27794529.0/env/lib/python3.7/site-packages/torch/nn/functional.py:1794: UserWarning: nn.functional.tanh is deprecated. Use torch.tanh instead.
  warnings.warn("nn.functional.tanh is deprecated. Use torch.tanh instead.")
wandb: Waiting for W&B process to finish, PID 225376... (success).
wandb: - 0.00MB of 0.00MB uploaded (0.00MB deduped)wandb: \ 0.00MB of 0.00MB uploaded (0.00MB deduped)wandb: | 0.00MB of 0.00MB uploaded (0.00MB deduped)wandb: / 0.00MB of 0.00MB uploaded (0.00MB deduped)wandb: - 0.00MB of 0.00MB uploaded (0.00MB deduped)wandb: \ 0.00MB of 0.00MB uploaded (0.00MB deduped)wandb: | 0.00MB of 0.00MB uploaded (0.00MB deduped)wandb: / 0.00MB of 0.00MB uploaded (0.00MB deduped)wandb:                                                                                
wandb: Run history:
wandb:     e_F1 â–â–‚â–„â–„â–…â–…â–†â–†â–‡â–‡â–‡â–ˆâ–‡â–ˆâ–ˆâ–ˆâ–ˆâ–ˆâ–ˆâ–ˆâ–ˆâ–ˆâ–ˆâ–ˆâ–ˆâ–ˆâ–ˆâ–ˆâ–ˆâ–ˆâ–ˆâ–ˆâ–ˆâ–ˆâ–ˆâ–ˆâ–‡â–ˆâ–ˆâ–ˆ
wandb:   e_loss â–ˆâ–ˆâ–‡â–‡â–†â–…â–„â–„â–ƒâ–ƒâ–‚â–‚â–â–â–â–â–â–â–â–â–â–â–‚â–‚â–‚â–‚â–‚â–ƒâ–ƒâ–ƒâ–„â–„â–„â–…â–…â–†â–‡â–‡â–‡â–ˆ
wandb:     t_F1 â–â–â–‚â–‚â–ƒâ–ƒâ–ƒâ–„â–„â–„â–„â–…â–…â–…â–…â–†â–†â–†â–†â–†â–†â–‡â–‡â–‡â–‡â–‡â–‡â–‡â–‡â–ˆâ–ˆâ–ˆâ–ˆâ–ˆâ–ˆâ–ˆâ–ˆâ–ˆâ–ˆâ–ˆ
wandb:   t_loss â–ˆâ–ˆâ–ˆâ–ˆâ–‡â–‡â–‡â–†â–†â–†â–†â–…â–…â–…â–…â–„â–„â–„â–„â–ƒâ–ƒâ–ƒâ–ƒâ–ƒâ–ƒâ–‚â–‚â–‚â–‚â–‚â–‚â–‚â–‚â–â–â–â–â–â–â–
wandb: 
wandb: Run summary:
wandb:     e_F1 61.02096
wandb:   e_loss 1.34418
wandb:     t_F1 99.36756
wandb:   t_loss 0.07527
wandb: 
wandb: Synced 4 W&B file(s), 0 media file(s), 0 artifact file(s) and 0 other file(s)
wandb: Synced astral-sun-2: https://wandb.ai/yinanazhou/xl_512_bs_8_lr_1e06_es_40_lc_False_nr_False_stem_False_lemma_False_repeat_2_fold_2/runs/1sy0g10l
wandb: Find logs at: ./wandb/run-20220225_134235-1sy0g10l/logs/debug.log
wandb: 

wandb: wandb version 0.12.10 is available!  To upgrade, please run:
wandb:  $ pip install wandb --upgrade
2022-02-25 14:42:30.178193: I tensorflow/stream_executor/platform/default/dso_loader.cc:48] Successfully opened dynamic library libcudart.so.10.1
wandb: Tracking run with wandb version 0.12.5
wandb: Syncing run pleasant-dawn-2
wandb: â­ï¸ View project at https://wandb.ai/yinanazhou/xl_512_bs_8_lr_1e06_es_40_lc_False_nr_False_stem_False_lemma_False_repeat_3_fold_1
wandb: ðŸš€ View run at https://wandb.ai/yinanazhou/xl_512_bs_8_lr_1e06_es_40_lc_False_nr_False_stem_False_lemma_False_repeat_3_fold_1/runs/4rn82oaf
wandb: Run data is saved locally in /project/6002780/yinan/Thesis_MER_Lyrics/lyric-emotion/wandb/run-20220225_144226-4rn82oaf
wandb: Run `wandb offline` to turn off syncing.

Validation loss decreased (inf --> 1.388448).  Saving model ...
Validation loss decreased (1.388448 --> 1.366175).  Saving model ...
Validation loss decreased (1.366175 --> 1.347742).  Saving model ...
Validation loss decreased (1.347742 --> 1.327176).  Saving model ...
Validation loss decreased (1.327176 --> 1.301213).  Saving model ...
Validation loss decreased (1.301213 --> 1.275552).  Saving model ...
Validation loss decreased (1.275552 --> 1.244687).  Saving model ...
Validation loss decreased (1.244687 --> 1.213251).  Saving model ...
Validation loss decreased (1.213251 --> 1.180498).  Saving model ...
Validation loss decreased (1.180498 --> 1.146645).  Saving model ...
Validation loss decreased (1.146645 --> 1.116416).  Saving model ...
Validation loss decreased (1.116416 --> 1.090120).  Saving model ...
Validation loss decreased (1.090120 --> 1.070238).  Saving model ...
Validation loss decreased (1.070238 --> 1.038254).  Saving model ...
Validation loss decreased (1.038254 --> 1.026332).  Saving model ...
Validation loss decreased (1.026332 --> 1.012965).  Saving model ...
Validation loss decreased (1.012965 --> 0.992610).  Saving model ...
Validation loss decreased (0.992610 --> 0.983718).  Saving model ...
Validation loss decreased (0.983718 --> 0.972425).  Saving model ...
Validation loss decreased (0.972425 --> 0.968260).  Saving model ...
Validation loss decreased (0.968260 --> 0.957348).  Saving model ...
Validation loss decreased (0.957348 --> 0.950945).  Saving model ...
EarlyStopping counter: 1 out of 40.0
Validation loss decreased (0.950945 --> 0.949322).  Saving model ...
Validation loss decreased (0.949322 --> 0.932778).  Saving model ...
EarlyStopping counter: 1 out of 40.0
EarlyStopping counter: 2 out of 40.0
EarlyStopping counter: 3 out of 40.0
EarlyStopping counter: 4 out of 40.0
EarlyStopping counter: 5 out of 40.0
EarlyStopping counter: 6 out of 40.0
EarlyStopping counter: 7 out of 40.0
EarlyStopping counter: 8 out of 40.0
EarlyStopping counter: 9 out of 40.0
EarlyStopping counter: 10 out of 40.0
EarlyStopping counter: 11 out of 40.0
EarlyStopping counter: 12 out of 40.0
EarlyStopping counter: 13 out of 40.0
EarlyStopping counter: 14 out of 40.0
EarlyStopping counter: 15 out of 40.0
EarlyStopping counter: 16 out of 40.0
EarlyStopping counter: 17 out of 40.0
EarlyStopping counter: 18 out of 40.0
EarlyStopping counter: 19 out of 40.0
EarlyStopping counter: 20 out of 40.0
EarlyStopping counter: 21 out of 40.0
EarlyStopping counter: 22 out of 40.0
EarlyStopping counter: 23 out of 40.0
EarlyStopping counter: 24 out of 40.0
EarlyStopping counter: 25 out of 40.0
EarlyStopping counter: 26 out of 40.0
EarlyStopping counter: 27 out of 40.0
EarlyStopping counter: 28 out of 40.0
EarlyStopping counter: 29 out of 40.0
EarlyStopping counter: 30 out of 40.0
EarlyStopping counter: 31 out of 40.0
EarlyStopping counter: 32 out of 40.0
EarlyStopping counter: 33 out of 40.0
EarlyStopping counter: 34 out of 40.0
EarlyStopping counter: 35 out of 40.0
EarlyStopping counter: 36 out of 40.0
EarlyStopping counter: 37 out of 40.0
EarlyStopping counter: 38 out of 40.0
EarlyStopping counter: 39 out of 40.0
EarlyStopping counter: 40 out of 40.0
/localscratch/yinan.27794529.0/env/lib/python3.7/site-packages/torch/nn/functional.py:1794: UserWarning: nn.functional.tanh is deprecated. Use torch.tanh instead.
  warnings.warn("nn.functional.tanh is deprecated. Use torch.tanh instead.")
wandb: Waiting for W&B process to finish, PID 228603... (success).
wandb: - 0.00MB of 0.00MB uploaded (0.00MB deduped)wandb: \ 0.00MB of 0.00MB uploaded (0.00MB deduped)wandb: | 0.00MB of 0.00MB uploaded (0.00MB deduped)wandb: / 0.00MB of 0.00MB uploaded (0.00MB deduped)wandb: - 0.00MB of 0.00MB uploaded (0.00MB deduped)wandb: \ 0.00MB of 0.00MB uploaded (0.00MB deduped)wandb: | 0.00MB of 0.00MB uploaded (0.00MB deduped)wandb: / 0.00MB of 0.00MB uploaded (0.00MB deduped)wandb: - 0.00MB of 0.00MB uploaded (0.00MB deduped)wandb: \ 0.00MB of 0.00MB uploaded (0.00MB deduped)wandb: | 0.00MB of 0.00MB uploaded (0.00MB deduped)wandb: / 0.00MB of 0.00MB uploaded (0.00MB deduped)wandb: - 0.00MB of 0.00MB uploaded (0.00MB deduped)wandb:                                                                                
wandb: Run history:
wandb:     e_F1 â–â–ƒâ–„â–„â–…â–†â–†â–†â–‡â–‡â–‡â–‡â–‡â–‡â–‡â–ˆâ–ˆâ–ˆâ–ˆâ–ˆâ–ˆâ–ˆâ–ˆâ–ˆâ–ˆâ–ˆâ–ˆâ–ˆâ–ˆâ–ˆâ–ˆâ–ˆâ–ˆâ–ˆâ–ˆâ–‡â–ˆâ–‡â–ˆâ–‡
wandb:   e_loss â–ˆâ–ˆâ–‡â–‡â–†â–…â–„â–ƒâ–ƒâ–‚â–‚â–‚â–‚â–â–â–â–â–â–â–â–â–â–‚â–‚â–‚â–‚â–‚â–ƒâ–ƒâ–ƒâ–„â–„â–„â–…â–…â–…â–†â–†â–‡â–‡
wandb:     t_F1 â–â–â–‚â–ƒâ–ƒâ–„â–„â–„â–…â–…â–…â–…â–†â–†â–†â–†â–†â–†â–†â–‡â–‡â–‡â–‡â–‡â–‡â–‡â–‡â–‡â–‡â–ˆâ–ˆâ–ˆâ–ˆâ–ˆâ–ˆâ–ˆâ–ˆâ–ˆâ–ˆâ–ˆ
wandb:   t_loss â–ˆâ–ˆâ–ˆâ–‡â–‡â–‡â–‡â–†â–†â–†â–…â–…â–…â–…â–„â–„â–„â–„â–„â–ƒâ–ƒâ–ƒâ–ƒâ–ƒâ–‚â–‚â–‚â–‚â–‚â–‚â–‚â–‚â–â–â–â–â–â–â–â–
wandb: 
wandb: Run summary:
wandb:     e_F1 58.89931
wandb:   e_loss 1.3484
wandb:     t_F1 99.35895
wandb:   t_loss 0.07812
wandb: 
wandb: Synced 4 W&B file(s), 0 media file(s), 0 artifact file(s) and 0 other file(s)
wandb: Synced pleasant-dawn-2: https://wandb.ai/yinanazhou/xl_512_bs_8_lr_1e06_es_40_lc_False_nr_False_stem_False_lemma_False_repeat_3_fold_1/runs/4rn82oaf
wandb: Find logs at: ./wandb/run-20220225_144226-4rn82oaf/logs/debug.log
wandb: 

wandb: wandb version 0.12.10 is available!  To upgrade, please run:
wandb:  $ pip install wandb --upgrade
2022-02-25 15:42:22.286308: I tensorflow/stream_executor/platform/default/dso_loader.cc:48] Successfully opened dynamic library libcudart.so.10.1
wandb: Tracking run with wandb version 0.12.5
wandb: Syncing run toasty-monkey-2
wandb: â­ï¸ View project at https://wandb.ai/yinanazhou/xl_512_bs_8_lr_1e06_es_40_lc_False_nr_False_stem_False_lemma_False_repeat_3_fold_2
wandb: ðŸš€ View run at https://wandb.ai/yinanazhou/xl_512_bs_8_lr_1e06_es_40_lc_False_nr_False_stem_False_lemma_False_repeat_3_fold_2/runs/2m6tefy9
wandb: Run data is saved locally in /project/6002780/yinan/Thesis_MER_Lyrics/lyric-emotion/wandb/run-20220225_154219-2m6tefy9
wandb: Run `wandb offline` to turn off syncing.

Validation loss decreased (inf --> 1.397067).  Saving model ...
Validation loss decreased (1.397067 --> 1.370087).  Saving model ...
Validation loss decreased (1.370087 --> 1.349389).  Saving model ...
Validation loss decreased (1.349389 --> 1.332477).  Saving model ...
Validation loss decreased (1.332477 --> 1.310242).  Saving model ...
Validation loss decreased (1.310242 --> 1.278255).  Saving model ...
Validation loss decreased (1.278255 --> 1.239366).  Saving model ...
Validation loss decreased (1.239366 --> 1.209413).  Saving model ...
Validation loss decreased (1.209413 --> 1.166247).  Saving model ...
Validation loss decreased (1.166247 --> 1.129693).  Saving model ...
Validation loss decreased (1.129693 --> 1.092188).  Saving model ...
Validation loss decreased (1.092188 --> 1.053211).  Saving model ...
Validation loss decreased (1.053211 --> 1.031171).  Saving model ...
Validation loss decreased (1.031171 --> 1.009035).  Saving model ...
Validation loss decreased (1.009035 --> 0.984009).  Saving model ...
Validation loss decreased (0.984009 --> 0.964048).  Saving model ...
Validation loss decreased (0.964048 --> 0.949334).  Saving model ...
Validation loss decreased (0.949334 --> 0.935301).  Saving model ...
Validation loss decreased (0.935301 --> 0.922664).  Saving model ...
Validation loss decreased (0.922664 --> 0.917087).  Saving model ...
Validation loss decreased (0.917087 --> 0.911790).  Saving model ...
Validation loss decreased (0.911790 --> 0.908416).  Saving model ...
Validation loss decreased (0.908416 --> 0.907469).  Saving model ...
Validation loss decreased (0.907469 --> 0.903757).  Saving model ...
EarlyStopping counter: 1 out of 40.0
EarlyStopping counter: 2 out of 40.0
Validation loss decreased (0.903757 --> 0.898253).  Saving model ...
EarlyStopping counter: 1 out of 40.0
Validation loss decreased (0.898253 --> 0.897930).  Saving model ...
EarlyStopping counter: 1 out of 40.0
EarlyStopping counter: 2 out of 40.0
EarlyStopping counter: 3 out of 40.0
EarlyStopping counter: 4 out of 40.0
EarlyStopping counter: 5 out of 40.0
EarlyStopping counter: 6 out of 40.0
EarlyStopping counter: 7 out of 40.0
EarlyStopping counter: 8 out of 40.0
EarlyStopping counter: 9 out of 40.0
EarlyStopping counter: 10 out of 40.0
EarlyStopping counter: 11 out of 40.0
EarlyStopping counter: 12 out of 40.0
EarlyStopping counter: 13 out of 40.0
EarlyStopping counter: 14 out of 40.0
EarlyStopping counter: 15 out of 40.0
EarlyStopping counter: 16 out of 40.0
EarlyStopping counter: 17 out of 40.0
EarlyStopping counter: 18 out of 40.0
EarlyStopping counter: 19 out of 40.0
EarlyStopping counter: 20 out of 40.0
EarlyStopping counter: 21 out of 40.0
EarlyStopping counter: 22 out of 40.0
EarlyStopping counter: 23 out of 40.0
EarlyStopping counter: 24 out of 40.0
EarlyStopping counter: 25 out of 40.0
EarlyStopping counter: 26 out of 40.0
EarlyStopping counter: 27 out of 40.0
EarlyStopping counter: 28 out of 40.0
EarlyStopping counter: 29 out of 40.0
EarlyStopping counter: 30 out of 40.0
EarlyStopping counter: 31 out of 40.0
EarlyStopping counter: 32 out of 40.0
EarlyStopping counter: 33 out of 40.0
EarlyStopping counter: 34 out of 40.0
EarlyStopping counter: 35 out of 40.0
EarlyStopping counter: 36 out of 40.0
EarlyStopping counter: 37 out of 40.0
EarlyStopping counter: 38 out of 40.0
EarlyStopping counter: 39 out of 40.0
EarlyStopping counter: 40 out of 40.0
/localscratch/yinan.27794529.0/env/lib/python3.7/site-packages/torch/nn/functional.py:1794: UserWarning: nn.functional.tanh is deprecated. Use torch.tanh instead.
  warnings.warn("nn.functional.tanh is deprecated. Use torch.tanh instead.")
wandb: Waiting for W&B process to finish, PID 231825... (success).
wandb: - 0.00MB of 0.00MB uploaded (0.00MB deduped)wandb: \ 0.00MB of 0.00MB uploaded (0.00MB deduped)wandb: | 0.00MB of 0.00MB uploaded (0.00MB deduped)wandb: / 0.00MB of 0.00MB uploaded (0.00MB deduped)wandb: - 0.00MB of 0.00MB uploaded (0.00MB deduped)wandb: \ 0.00MB of 0.00MB uploaded (0.00MB deduped)wandb: | 0.00MB of 0.00MB uploaded (0.00MB deduped)wandb: / 0.00MB of 0.00MB uploaded (0.00MB deduped)wandb: - 0.00MB of 0.00MB uploaded (0.00MB deduped)wandb: \ 0.00MB of 0.00MB uploaded (0.00MB deduped)wandb: | 0.00MB of 0.00MB uploaded (0.00MB deduped)wandb: / 0.00MB of 0.00MB uploaded (0.00MB deduped)wandb: - 0.00MB of 0.00MB uploaded (0.00MB deduped)wandb:                                                                                
wandb: Run history:
wandb:     e_F1 â–â–ƒâ–ƒâ–…â–†â–†â–‡â–‡â–‡â–ˆâ–ˆâ–ˆâ–ˆâ–ˆâ–ˆâ–ˆâ–ˆâ–ˆâ–ˆâ–ˆâ–ˆâ–ˆâ–ˆâ–ˆâ–ˆâ–ˆâ–ˆâ–ˆâ–‡â–ˆâ–ˆâ–‡â–‡â–‡â–‡â–‡â–‡â–‡â–‡â–‡
wandb:   e_loss â–ˆâ–ˆâ–‡â–†â–†â–…â–„â–ƒâ–ƒâ–‚â–‚â–â–â–â–â–â–â–â–â–â–â–‚â–‚â–‚â–‚â–‚â–ƒâ–ƒâ–ƒâ–„â–„â–…â–…â–…â–†â–†â–†â–‡â–‡â–ˆ
wandb:     t_F1 â–â–â–‚â–ƒâ–ƒâ–„â–„â–„â–„â–…â–…â–…â–†â–†â–†â–†â–†â–†â–†â–‡â–‡â–‡â–‡â–‡â–‡â–‡â–ˆâ–ˆâ–ˆâ–ˆâ–ˆâ–ˆâ–ˆâ–ˆâ–ˆâ–ˆâ–ˆâ–ˆâ–ˆâ–ˆ
wandb:   t_loss â–ˆâ–ˆâ–ˆâ–‡â–‡â–‡â–†â–†â–†â–…â–…â–…â–…â–„â–„â–„â–„â–ƒâ–ƒâ–ƒâ–ƒâ–ƒâ–ƒâ–‚â–‚â–‚â–‚â–‚â–‚â–‚â–â–â–â–â–â–â–â–â–â–
wandb: 
wandb: Run summary:
wandb:     e_F1 59.26399
wandb:   e_loss 1.37594
wandb:     t_F1 100.0
wandb:   t_loss 0.04394
wandb: 
wandb: Synced 4 W&B file(s), 0 media file(s), 0 artifact file(s) and 0 other file(s)
wandb: Synced toasty-monkey-2: https://wandb.ai/yinanazhou/xl_512_bs_8_lr_1e06_es_40_lc_False_nr_False_stem_False_lemma_False_repeat_3_fold_2/runs/2m6tefy9
wandb: Find logs at: ./wandb/run-20220225_154219-2m6tefy9/logs/debug.log
wandb: 

wandb: wandb version 0.12.10 is available!  To upgrade, please run:
wandb:  $ pip install wandb --upgrade
2022-02-25 16:46:08.417384: I tensorflow/stream_executor/platform/default/dso_loader.cc:48] Successfully opened dynamic library libcudart.so.10.1
wandb: Tracking run with wandb version 0.12.5
wandb: Syncing run peachy-dawn-2
wandb: â­ï¸ View project at https://wandb.ai/yinanazhou/xl_512_bs_8_lr_1e06_es_40_lc_False_nr_False_stem_False_lemma_False_repeat_4_fold_1
wandb: ðŸš€ View run at https://wandb.ai/yinanazhou/xl_512_bs_8_lr_1e06_es_40_lc_False_nr_False_stem_False_lemma_False_repeat_4_fold_1/runs/3okun50t
wandb: Run data is saved locally in /project/6002780/yinan/Thesis_MER_Lyrics/lyric-emotion/wandb/run-20220225_164605-3okun50t
wandb: Run `wandb offline` to turn off syncing.

Validation loss decreased (inf --> 1.378524).  Saving model ...
Validation loss decreased (1.378524 --> 1.362402).  Saving model ...
Validation loss decreased (1.362402 --> 1.347711).  Saving model ...
Validation loss decreased (1.347711 --> 1.331680).  Saving model ...
Validation loss decreased (1.331680 --> 1.313264).  Saving model ...
Validation loss decreased (1.313264 --> 1.288254).  Saving model ...
Validation loss decreased (1.288254 --> 1.249105).  Saving model ...
Validation loss decreased (1.249105 --> 1.208894).  Saving model ...
Validation loss decreased (1.208894 --> 1.165384).  Saving model ...
Validation loss decreased (1.165384 --> 1.126089).  Saving model ...
Validation loss decreased (1.126089 --> 1.099635).  Saving model ...
Validation loss decreased (1.099635 --> 1.071029).  Saving model ...
Validation loss decreased (1.071029 --> 1.050642).  Saving model ...
Validation loss decreased (1.050642 --> 1.012198).  Saving model ...
Validation loss decreased (1.012198 --> 1.001200).  Saving model ...
Validation loss decreased (1.001200 --> 0.976275).  Saving model ...
Validation loss decreased (0.976275 --> 0.963341).  Saving model ...
Validation loss decreased (0.963341 --> 0.949326).  Saving model ...
Validation loss decreased (0.949326 --> 0.941696).  Saving model ...
Validation loss decreased (0.941696 --> 0.935558).  Saving model ...
Validation loss decreased (0.935558 --> 0.933812).  Saving model ...
Validation loss decreased (0.933812 --> 0.932040).  Saving model ...
Validation loss decreased (0.932040 --> 0.924830).  Saving model ...
Validation loss decreased (0.924830 --> 0.923076).  Saving model ...
EarlyStopping counter: 1 out of 40.0
EarlyStopping counter: 2 out of 40.0
EarlyStopping counter: 3 out of 40.0
EarlyStopping counter: 4 out of 40.0
EarlyStopping counter: 5 out of 40.0
EarlyStopping counter: 6 out of 40.0
EarlyStopping counter: 7 out of 40.0
EarlyStopping counter: 8 out of 40.0
EarlyStopping counter: 9 out of 40.0
EarlyStopping counter: 10 out of 40.0
EarlyStopping counter: 11 out of 40.0
EarlyStopping counter: 12 out of 40.0
EarlyStopping counter: 13 out of 40.0
EarlyStopping counter: 14 out of 40.0
EarlyStopping counter: 15 out of 40.0
EarlyStopping counter: 16 out of 40.0
EarlyStopping counter: 17 out of 40.0
EarlyStopping counter: 18 out of 40.0
EarlyStopping counter: 19 out of 40.0
EarlyStopping counter: 20 out of 40.0
EarlyStopping counter: 21 out of 40.0
EarlyStopping counter: 22 out of 40.0
EarlyStopping counter: 23 out of 40.0
EarlyStopping counter: 24 out of 40.0
EarlyStopping counter: 25 out of 40.0
EarlyStopping counter: 26 out of 40.0
EarlyStopping counter: 27 out of 40.0
EarlyStopping counter: 28 out of 40.0
EarlyStopping counter: 29 out of 40.0
EarlyStopping counter: 30 out of 40.0
EarlyStopping counter: 31 out of 40.0
EarlyStopping counter: 32 out of 40.0
EarlyStopping counter: 33 out of 40.0
EarlyStopping counter: 34 out of 40.0
EarlyStopping counter: 35 out of 40.0
EarlyStopping counter: 36 out of 40.0
EarlyStopping counter: 37 out of 40.0
EarlyStopping counter: 38 out of 40.0
EarlyStopping counter: 39 out of 40.0
EarlyStopping counter: 40 out of 40.0
/localscratch/yinan.27794529.0/env/lib/python3.7/site-packages/torch/nn/functional.py:1794: UserWarning: nn.functional.tanh is deprecated. Use torch.tanh instead.
  warnings.warn("nn.functional.tanh is deprecated. Use torch.tanh instead.")
wandb: Waiting for W&B process to finish, PID 235254... (success).
wandb: - 0.00MB of 0.00MB uploaded (0.00MB deduped)wandb: \ 0.00MB of 0.00MB uploaded (0.00MB deduped)wandb: | 0.00MB of 0.00MB uploaded (0.00MB deduped)wandb: / 0.00MB of 0.00MB uploaded (0.00MB deduped)wandb: - 0.00MB of 0.00MB uploaded (0.00MB deduped)wandb: \ 0.00MB of 0.00MB uploaded (0.00MB deduped)wandb: | 0.00MB of 0.00MB uploaded (0.00MB deduped)wandb: / 0.00MB of 0.00MB uploaded (0.00MB deduped)wandb: - 0.00MB of 0.00MB uploaded (0.00MB deduped)wandb: \ 0.00MB of 0.00MB uploaded (0.00MB deduped)wandb: | 0.00MB of 0.00MB uploaded (0.00MB deduped)wandb: / 0.00MB of 0.00MB uploaded (0.00MB deduped)wandb: - 0.00MB of 0.00MB uploaded (0.00MB deduped)wandb: \ 0.00MB of 0.00MB uploaded (0.00MB deduped)wandb:                                                                                
wandb: Run history:
wandb:     e_F1 â–â–‚â–ƒâ–„â–…â–†â–‡â–‡â–‡â–‡â–‡â–ˆâ–ˆâ–ˆâ–ˆâ–ˆâ–ˆâ–ˆâ–ˆâ–ˆâ–ˆâ–ˆâ–ˆâ–ˆâ–ˆâ–ˆâ–ˆâ–ˆâ–ˆâ–ˆâ–ˆâ–ˆâ–ˆâ–ˆâ–ˆâ–ˆâ–ˆâ–ˆâ–ˆâ–ˆ
wandb:   e_loss â–ˆâ–ˆâ–‡â–‡â–†â–…â–„â–ƒâ–ƒâ–‚â–‚â–â–â–â–â–â–â–â–â–â–‚â–‚â–‚â–‚â–‚â–ƒâ–„â–„â–„â–„â–…â–†â–†â–†â–†â–‡â–‡â–‡â–ˆâ–ˆ
wandb:     t_F1 â–â–â–‚â–‚â–ƒâ–„â–„â–…â–„â–…â–…â–…â–…â–†â–†â–†â–†â–†â–†â–†â–‡â–‡â–‡â–‡â–‡â–‡â–‡â–‡â–ˆâ–ˆâ–ˆâ–ˆâ–ˆâ–ˆâ–ˆâ–ˆâ–ˆâ–ˆâ–ˆâ–ˆ
wandb:   t_loss â–ˆâ–ˆâ–ˆâ–ˆâ–‡â–‡â–‡â–†â–†â–†â–…â–…â–…â–„â–„â–„â–„â–„â–„â–ƒâ–ƒâ–ƒâ–ƒâ–ƒâ–‚â–‚â–‚â–‚â–‚â–‚â–‚â–‚â–â–â–â–â–â–â–â–
wandb: 
wandb: Run summary:
wandb:     e_F1 61.12613
wandb:   e_loss 1.38772
wandb:     t_F1 99.36079
wandb:   t_loss 0.06302
wandb: 
wandb: Synced 4 W&B file(s), 0 media file(s), 0 artifact file(s) and 0 other file(s)
wandb: Synced peachy-dawn-2: https://wandb.ai/yinanazhou/xl_512_bs_8_lr_1e06_es_40_lc_False_nr_False_stem_False_lemma_False_repeat_4_fold_1/runs/3okun50t
wandb: Find logs at: ./wandb/run-20220225_164605-3okun50t/logs/debug.log
wandb: 

wandb: wandb version 0.12.10 is available!  To upgrade, please run:
wandb:  $ pip install wandb --upgrade
2022-02-25 17:45:05.777659: I tensorflow/stream_executor/platform/default/dso_loader.cc:48] Successfully opened dynamic library libcudart.so.10.1
wandb: Tracking run with wandb version 0.12.5
wandb: Syncing run golden-bird-2
wandb: â­ï¸ View project at https://wandb.ai/yinanazhou/xl_512_bs_8_lr_1e06_es_40_lc_False_nr_False_stem_False_lemma_False_repeat_4_fold_2
wandb: ðŸš€ View run at https://wandb.ai/yinanazhou/xl_512_bs_8_lr_1e06_es_40_lc_False_nr_False_stem_False_lemma_False_repeat_4_fold_2/runs/1xc1en7a
wandb: Run data is saved locally in /project/6002780/yinan/Thesis_MER_Lyrics/lyric-emotion/wandb/run-20220225_174502-1xc1en7a
wandb: Run `wandb offline` to turn off syncing.

Validation loss decreased (inf --> 1.398508).  Saving model ...
Validation loss decreased (1.398508 --> 1.352252).  Saving model ...
Validation loss decreased (1.352252 --> 1.320659).  Saving model ...
Validation loss decreased (1.320659 --> 1.300450).  Saving model ...
Validation loss decreased (1.300450 --> 1.274172).  Saving model ...
Validation loss decreased (1.274172 --> 1.245100).  Saving model ...
Validation loss decreased (1.245100 --> 1.204754).  Saving model ...
Validation loss decreased (1.204754 --> 1.170584).  Saving model ...
Validation loss decreased (1.170584 --> 1.132993).  Saving model ...
Validation loss decreased (1.132993 --> 1.104324).  Saving model ...
Validation loss decreased (1.104324 --> 1.076586).  Saving model ...
Validation loss decreased (1.076586 --> 1.047607).  Saving model ...
Validation loss decreased (1.047607 --> 1.016141).  Saving model ...
Validation loss decreased (1.016141 --> 0.997198).  Saving model ...
Validation loss decreased (0.997198 --> 0.990840).  Saving model ...
Validation loss decreased (0.990840 --> 0.977492).  Saving model ...
Validation loss decreased (0.977492 --> 0.971686).  Saving model ...
Validation loss decreased (0.971686 --> 0.960969).  Saving model ...
Validation loss decreased (0.960969 --> 0.956480).  Saving model ...
Validation loss decreased (0.956480 --> 0.954188).  Saving model ...
Validation loss decreased (0.954188 --> 0.948763).  Saving model ...
EarlyStopping counter: 1 out of 40.0
Validation loss decreased (0.948763 --> 0.944809).  Saving model ...
EarlyStopping counter: 1 out of 40.0
EarlyStopping counter: 2 out of 40.0
EarlyStopping counter: 3 out of 40.0
EarlyStopping counter: 4 out of 40.0
EarlyStopping counter: 5 out of 40.0
EarlyStopping counter: 6 out of 40.0
EarlyStopping counter: 7 out of 40.0
EarlyStopping counter: 8 out of 40.0
EarlyStopping counter: 9 out of 40.0
EarlyStopping counter: 10 out of 40.0
EarlyStopping counter: 11 out of 40.0
EarlyStopping counter: 12 out of 40.0
EarlyStopping counter: 13 out of 40.0
EarlyStopping counter: 14 out of 40.0
EarlyStopping counter: 15 out of 40.0
EarlyStopping counter: 16 out of 40.0
EarlyStopping counter: 17 out of 40.0
EarlyStopping counter: 18 out of 40.0
EarlyStopping counter: 19 out of 40.0
EarlyStopping counter: 20 out of 40.0
EarlyStopping counter: 21 out of 40.0
EarlyStopping counter: 22 out of 40.0
EarlyStopping counter: 23 out of 40.0
EarlyStopping counter: 24 out of 40.0
EarlyStopping counter: 25 out of 40.0
EarlyStopping counter: 26 out of 40.0
EarlyStopping counter: 27 out of 40.0
EarlyStopping counter: 28 out of 40.0
EarlyStopping counter: 29 out of 40.0
EarlyStopping counter: 30 out of 40.0
EarlyStopping counter: 31 out of 40.0
EarlyStopping counter: 32 out of 40.0
EarlyStopping counter: 33 out of 40.0
EarlyStopping counter: 34 out of 40.0
EarlyStopping counter: 35 out of 40.0
EarlyStopping counter: 36 out of 40.0
EarlyStopping counter: 37 out of 40.0
EarlyStopping counter: 38 out of 40.0
EarlyStopping counter: 39 out of 40.0
EarlyStopping counter: 40 out of 40.0
/localscratch/yinan.27794529.0/env/lib/python3.7/site-packages/torch/nn/functional.py:1794: UserWarning: nn.functional.tanh is deprecated. Use torch.tanh instead.
  warnings.warn("nn.functional.tanh is deprecated. Use torch.tanh instead.")
wandb: Waiting for W&B process to finish, PID 238424... (success).
wandb: - 0.00MB of 0.00MB uploaded (0.00MB deduped)wandb: \ 0.00MB of 0.00MB uploaded (0.00MB deduped)wandb: | 0.00MB of 0.00MB uploaded (0.00MB deduped)wandb: / 0.00MB of 0.00MB uploaded (0.00MB deduped)wandb: - 0.00MB of 0.00MB uploaded (0.00MB deduped)wandb: \ 0.00MB of 0.00MB uploaded (0.00MB deduped)wandb: | 0.00MB of 0.00MB uploaded (0.00MB deduped)wandb: / 0.00MB of 0.00MB uploaded (0.00MB deduped)wandb: - 0.00MB of 0.00MB uploaded (0.00MB deduped)wandb: \ 0.00MB of 0.00MB uploaded (0.00MB deduped)wandb: | 0.00MB of 0.00MB uploaded (0.00MB deduped)wandb: / 0.00MB of 0.00MB uploaded (0.00MB deduped)wandb: - 0.00MB of 0.00MB uploaded (0.00MB deduped)wandb:                                                                                
wandb: Run history:
wandb:     e_F1 â–â–ƒâ–„â–…â–†â–†â–†â–‡â–‡â–‡â–ˆâ–ˆâ–ˆâ–ˆâ–ˆâ–ˆâ–ˆâ–ˆâ–ˆâ–ˆâ–ˆâ–ˆâ–ˆâ–ˆâ–ˆâ–ˆâ–ˆâ–ˆâ–ˆâ–ˆâ–ˆâ–ˆâ–ˆâ–ˆâ–ˆâ–ˆâ–ˆâ–ˆâ–ˆâ–ˆ
wandb:   e_loss â–ˆâ–‡â–†â–†â–…â–„â–ƒâ–ƒâ–‚â–‚â–‚â–â–â–â–â–â–â–â–â–‚â–‚â–‚â–‚â–‚â–ƒâ–ƒâ–ƒâ–ƒâ–„â–„â–„â–„â–…â–…â–†â–†â–†â–†â–‡â–‡
wandb:     t_F1 â–â–â–‚â–ƒâ–ƒâ–„â–„â–…â–…â–…â–…â–…â–†â–†â–†â–†â–†â–†â–‡â–‡â–‡â–‡â–‡â–‡â–‡â–‡â–‡â–‡â–‡â–ˆâ–ˆâ–ˆâ–ˆâ–ˆâ–ˆâ–ˆâ–ˆâ–ˆâ–ˆâ–ˆ
wandb:   t_loss â–ˆâ–ˆâ–‡â–‡â–‡â–‡â–†â–†â–…â–…â–…â–…â–„â–„â–„â–„â–„â–„â–ƒâ–ƒâ–ƒâ–ƒâ–ƒâ–ƒâ–‚â–‚â–‚â–‚â–‚â–‚â–‚â–‚â–‚â–â–â–â–â–â–â–
wandb: 
wandb: Run summary:
wandb:     e_F1 59.51897
wandb:   e_loss 1.37762
wandb:     t_F1 98.94012
wandb:   t_loss 0.10645
wandb: 
wandb: Synced 4 W&B file(s), 0 media file(s), 0 artifact file(s) and 0 other file(s)
wandb: Synced golden-bird-2: https://wandb.ai/yinanazhou/xl_512_bs_8_lr_1e06_es_40_lc_False_nr_False_stem_False_lemma_False_repeat_4_fold_2/runs/1xc1en7a
wandb: Find logs at: ./wandb/run-20220225_174502-1xc1en7a/logs/debug.log
wandb: 

wandb: wandb version 0.12.10 is available!  To upgrade, please run:
wandb:  $ pip install wandb --upgrade
2022-02-25 18:42:54.971951: I tensorflow/stream_executor/platform/default/dso_loader.cc:48] Successfully opened dynamic library libcudart.so.10.1
wandb: Tracking run with wandb version 0.12.5
wandb: Syncing run stellar-capybara-2
wandb: â­ï¸ View project at https://wandb.ai/yinanazhou/xl_512_bs_8_lr_1e06_es_40_lc_False_nr_False_stem_False_lemma_False_repeat_5_fold_1
wandb: ðŸš€ View run at https://wandb.ai/yinanazhou/xl_512_bs_8_lr_1e06_es_40_lc_False_nr_False_stem_False_lemma_False_repeat_5_fold_1/runs/2o5smb6f
wandb: Run data is saved locally in /project/6002780/yinan/Thesis_MER_Lyrics/lyric-emotion/wandb/run-20220225_184252-2o5smb6f
wandb: Run `wandb offline` to turn off syncing.

Validation loss decreased (inf --> 1.418435).  Saving model ...
Validation loss decreased (1.418435 --> 1.387293).  Saving model ...
Validation loss decreased (1.387293 --> 1.360779).  Saving model ...
Validation loss decreased (1.360779 --> 1.333155).  Saving model ...
Validation loss decreased (1.333155 --> 1.309687).  Saving model ...
Validation loss decreased (1.309687 --> 1.282956).  Saving model ...
Validation loss decreased (1.282956 --> 1.249079).  Saving model ...
Validation loss decreased (1.249079 --> 1.212985).  Saving model ...
Validation loss decreased (1.212985 --> 1.174700).  Saving model ...
Validation loss decreased (1.174700 --> 1.136646).  Saving model ...
Validation loss decreased (1.136646 --> 1.099968).  Saving model ...
Validation loss decreased (1.099968 --> 1.067160).  Saving model ...
Validation loss decreased (1.067160 --> 1.034058).  Saving model ...
Validation loss decreased (1.034058 --> 1.009763).  Saving model ...
Validation loss decreased (1.009763 --> 0.990309).  Saving model ...
Validation loss decreased (0.990309 --> 0.965900).  Saving model ...
Validation loss decreased (0.965900 --> 0.948991).  Saving model ...
Validation loss decreased (0.948991 --> 0.930118).  Saving model ...
EarlyStopping counter: 1 out of 40.0
Validation loss decreased (0.930118 --> 0.921708).  Saving model ...
Validation loss decreased (0.921708 --> 0.918556).  Saving model ...
EarlyStopping counter: 1 out of 40.0
Validation loss decreased (0.918556 --> 0.903584).  Saving model ...
Validation loss decreased (0.903584 --> 0.893829).  Saving model ...
EarlyStopping counter: 1 out of 40.0
Validation loss decreased (0.893829 --> 0.892530).  Saving model ...
Validation loss decreased (0.892530 --> 0.876820).  Saving model ...
EarlyStopping counter: 1 out of 40.0
EarlyStopping counter: 2 out of 40.0
EarlyStopping counter: 3 out of 40.0
EarlyStopping counter: 4 out of 40.0
EarlyStopping counter: 5 out of 40.0
EarlyStopping counter: 6 out of 40.0
EarlyStopping counter: 7 out of 40.0
EarlyStopping counter: 8 out of 40.0
EarlyStopping counter: 9 out of 40.0
EarlyStopping counter: 10 out of 40.0
EarlyStopping counter: 11 out of 40.0
EarlyStopping counter: 12 out of 40.0
EarlyStopping counter: 13 out of 40.0
EarlyStopping counter: 14 out of 40.0
EarlyStopping counter: 15 out of 40.0
EarlyStopping counter: 16 out of 40.0
EarlyStopping counter: 17 out of 40.0
EarlyStopping counter: 18 out of 40.0
EarlyStopping counter: 19 out of 40.0
EarlyStopping counter: 20 out of 40.0
EarlyStopping counter: 21 out of 40.0
EarlyStopping counter: 22 out of 40.0
EarlyStopping counter: 23 out of 40.0
EarlyStopping counter: 24 out of 40.0
EarlyStopping counter: 25 out of 40.0
EarlyStopping counter: 26 out of 40.0
EarlyStopping counter: 27 out of 40.0
EarlyStopping counter: 28 out of 40.0
EarlyStopping counter: 29 out of 40.0
EarlyStopping counter: 30 out of 40.0
EarlyStopping counter: 31 out of 40.0
EarlyStopping counter: 32 out of 40.0
EarlyStopping counter: 33 out of 40.0
EarlyStopping counter: 34 out of 40.0
EarlyStopping counter: 35 out of 40.0
EarlyStopping counter: 36 out of 40.0
EarlyStopping counter: 37 out of 40.0
EarlyStopping counter: 38 out of 40.0
EarlyStopping counter: 39 out of 40.0
EarlyStopping counter: 40 out of 40.0
/localscratch/yinan.27794529.0/env/lib/python3.7/site-packages/torch/nn/functional.py:1794: UserWarning: nn.functional.tanh is deprecated. Use torch.tanh instead.
  warnings.warn("nn.functional.tanh is deprecated. Use torch.tanh instead.")
wandb: Waiting for W&B process to finish, PID 241540... (success).
wandb: - 0.00MB of 0.00MB uploaded (0.00MB deduped)wandb: \ 0.00MB of 0.00MB uploaded (0.00MB deduped)wandb: | 0.00MB of 0.00MB uploaded (0.00MB deduped)wandb: / 0.00MB of 0.00MB uploaded (0.00MB deduped)wandb: - 0.00MB of 0.00MB uploaded (0.00MB deduped)wandb: \ 0.00MB of 0.00MB uploaded (0.00MB deduped)wandb: | 0.00MB of 0.00MB uploaded (0.00MB deduped)wandb: / 0.00MB of 0.00MB uploaded (0.00MB deduped)wandb: - 0.00MB of 0.00MB uploaded (0.00MB deduped)wandb: \ 0.00MB of 0.00MB uploaded (0.00MB deduped)wandb: | 0.00MB of 0.00MB uploaded (0.00MB deduped)wandb: / 0.00MB of 0.00MB uploaded (0.00MB deduped)wandb: - 0.00MB of 0.00MB uploaded (0.00MB deduped)wandb:                                                                                
wandb: Run history:
wandb:     e_F1 â–â–‚â–ƒâ–„â–…â–†â–†â–†â–‡â–‡â–‡â–‡â–ˆâ–ˆâ–ˆâ–ˆâ–ˆâ–ˆâ–ˆâ–ˆâ–ˆâ–ˆâ–ˆâ–ˆâ–ˆâ–ˆâ–ˆâ–ˆâ–‡â–ˆâ–ˆâ–ˆâ–ˆâ–ˆâ–ˆâ–‡â–ˆâ–‡â–ˆâ–ˆ
wandb:   e_loss â–ˆâ–ˆâ–‡â–†â–†â–…â–„â–ƒâ–ƒâ–‚â–‚â–‚â–â–â–â–â–â–â–â–â–â–â–â–â–â–‚â–‚â–‚â–‚â–ƒâ–ƒâ–ƒâ–ƒâ–ƒâ–„â–„â–„â–„â–„â–…
wandb:     t_F1 â–â–‚â–‚â–ƒâ–ƒâ–„â–„â–…â–…â–…â–…â–…â–†â–†â–†â–†â–†â–†â–‡â–‡â–‡â–‡â–‡â–‡â–‡â–‡â–‡â–‡â–‡â–ˆâ–ˆâ–ˆâ–ˆâ–ˆâ–ˆâ–ˆâ–ˆâ–ˆâ–ˆâ–ˆ
wandb:   t_loss â–ˆâ–ˆâ–‡â–‡â–‡â–‡â–†â–†â–…â–…â–…â–…â–„â–„â–„â–„â–„â–ƒâ–ƒâ–ƒâ–ƒâ–ƒâ–ƒâ–ƒâ–‚â–‚â–‚â–‚â–‚â–‚â–‚â–‚â–â–â–â–â–â–â–â–
wandb: 
wandb: Run summary:
wandb:     e_F1 60.95887
wandb:   e_loss 1.17982
wandb:     t_F1 98.08054
wandb:   t_loss 0.11557
wandb: 
wandb: Synced 4 W&B file(s), 0 media file(s), 0 artifact file(s) and 0 other file(s)
wandb: Synced stellar-capybara-2: https://wandb.ai/yinanazhou/xl_512_bs_8_lr_1e06_es_40_lc_False_nr_False_stem_False_lemma_False_repeat_5_fold_1/runs/2o5smb6f
wandb: Find logs at: ./wandb/run-20220225_184252-2o5smb6f/logs/debug.log
wandb: 

wandb: wandb version 0.12.10 is available!  To upgrade, please run:
wandb:  $ pip install wandb --upgrade
2022-02-25 19:44:47.329527: I tensorflow/stream_executor/platform/default/dso_loader.cc:48] Successfully opened dynamic library libcudart.so.10.1
wandb: Tracking run with wandb version 0.12.5
wandb: Syncing run different-lake-2
wandb: â­ï¸ View project at https://wandb.ai/yinanazhou/xl_512_bs_8_lr_1e06_es_40_lc_False_nr_False_stem_False_lemma_False_repeat_5_fold_2
wandb: ðŸš€ View run at https://wandb.ai/yinanazhou/xl_512_bs_8_lr_1e06_es_40_lc_False_nr_False_stem_False_lemma_False_repeat_5_fold_2/runs/30xpnp6m
wandb: Run data is saved locally in /project/6002780/yinan/Thesis_MER_Lyrics/lyric-emotion/wandb/run-20220225_194444-30xpnp6m
wandb: Run `wandb offline` to turn off syncing.
slurmstepd: error: *** JOB 27794529 ON cdr2629 CANCELLED AT 2022-02-25T20:35:25 DUE TO TIME LIMIT ***
