Unloading StdEnv/2020

Due to MODULEPATH changes, the following have been reloaded:
  1) mii/1.1.1


The following have been reloaded with a version change:
  1) python/3.8.2 => python/3.7.4

Using base prefix '/cvmfs/soft.computecanada.ca/easybuild/software/2017/Core/python/3.7.4'
New python executable in /localscratch/yinan.28258430.0/env/bin/python
Installing setuptools, pip, wheel...
done.
Ignoring pip: markers 'python_version < "3"' don't match your environment
Looking in links: /cvmfs/soft.computecanada.ca/custom/python/wheelhouse/nix/avx2, /cvmfs/soft.computecanada.ca/custom/python/wheelhouse/nix/generic, /cvmfs/soft.computecanada.ca/custom/python/wheelhouse/generic
Collecting pip
Installing collected packages: pip
  Found existing installation: pip 19.1.1
    Uninstalling pip-19.1.1:
      Successfully uninstalled pip-19.1.1
Successfully installed pip-21.2.3+computecanada
Looking in links: /cvmfs/soft.computecanada.ca/custom/python/wheelhouse/nix/avx2, /cvmfs/soft.computecanada.ca/custom/python/wheelhouse/nix/generic, /cvmfs/soft.computecanada.ca/custom/python/wheelhouse/generic
Processing /cvmfs/soft.computecanada.ca/custom/python/wheelhouse/generic/keras-2.8.0+computecanada-py2.py3-none-any.whl
Processing /cvmfs/soft.computecanada.ca/custom/python/wheelhouse/generic/Keras_Preprocessing-1.1.2+computecanada-py3-none-any.whl
Requirement already satisfied: matplotlib in /cvmfs/soft.computecanada.ca/easybuild/software/2017/Core/scipy-stack/2019a/lib/python3.7/site-packages (from -r requirements.txt (line 3)) (3.0.2)
Processing /cvmfs/soft.computecanada.ca/custom/python/wheelhouse/generic/nltk-3.6.5+computecanada-py3-none-any.whl
Processing /cvmfs/soft.computecanada.ca/custom/python/wheelhouse/generic/scikit_learn-0.22.1+computecanada-cp37-cp37m-linux_x86_64.whl
Processing /cvmfs/soft.computecanada.ca/custom/python/wheelhouse/generic/tensorboard-2.3.0+computecanada-py3-none-any.whl
Processing /cvmfs/soft.computecanada.ca/custom/python/wheelhouse/generic/tensorboard_plugin_wit-1.7.0+computecanada-py3-none-any.whl
Processing /cvmfs/soft.computecanada.ca/custom/python/wheelhouse/generic/tensorflow_gpu-2.3.0+computecanada-cp37-cp37m-linux_x86_64.whl
Processing /cvmfs/soft.computecanada.ca/custom/python/wheelhouse/generic/tensorflow_estimator-2.3.0+computecanada-py2.py3-none-any.whl
Processing /cvmfs/soft.computecanada.ca/custom/python/wheelhouse/generic/tokenizers-0.5.2+computecanada-cp37-cp37m-linux_x86_64.whl
Processing /cvmfs/soft.computecanada.ca/custom/python/wheelhouse/nix/avx2/torch-1.4.0+computecanada-cp37-cp37m-linux_x86_64.whl
Processing /cvmfs/soft.computecanada.ca/custom/python/wheelhouse/generic/torchtext-0.6.0+computecanada-py3-none-any.whl
Processing /cvmfs/soft.computecanada.ca/custom/python/wheelhouse/generic/torchvision-0.8.2+computecanada-cp37-cp37m-linux_x86_64.whl
Processing /cvmfs/soft.computecanada.ca/custom/python/wheelhouse/generic/transformers-2.5.1+computecanada-py3-none-any.whl
Processing /cvmfs/soft.computecanada.ca/custom/python/wheelhouse/generic/urllib3-1.26.7+computecanada-py2.py3-none-any.whl
Processing /cvmfs/soft.computecanada.ca/custom/python/wheelhouse/generic/tqdm-4.63.0+computecanada-py2.py3-none-any.whl
ERROR: Could not find a version that satisfies the requirement regex>=2021.8.3 (from nltk) (from versions: 2018.1.10+computecanada, 2019.11.1+computecanada, 2020.11.13+computecanada)
ERROR: No matching distribution found for regex>=2021.8.3
Looking in links: /cvmfs/soft.computecanada.ca/custom/python/wheelhouse/nix/avx2, /cvmfs/soft.computecanada.ca/custom/python/wheelhouse/nix/generic, /cvmfs/soft.computecanada.ca/custom/python/wheelhouse/generic
ERROR: Could not find a version that satisfies the requirement numpy==1.20.0+computacanada (from versions: 1.15.0+computecanada, 1.15.2+computecanada, 1.15.4+computecanada, 1.16.0+computecanada, 1.16.2+computecanada, 1.16.3+computecanada, 1.17.4+computecanada, 1.18.1+computecanada, 1.18.4+computecanada, 1.19.1+computecanada, 1.19.2+computecanada, 1.20.2+computecanada)
ERROR: No matching distribution found for numpy==1.20.0+computacanada
Looking in links: /cvmfs/soft.computecanada.ca/custom/python/wheelhouse/nix/avx2, /cvmfs/soft.computecanada.ca/custom/python/wheelhouse/nix/generic, /cvmfs/soft.computecanada.ca/custom/python/wheelhouse/generic
Processing /cvmfs/soft.computecanada.ca/custom/python/wheelhouse/generic/wandb-0.12.5+computecanada-py2.py3-none-any.whl
Processing /cvmfs/soft.computecanada.ca/custom/python/wheelhouse/generic/promise-2.3+computecanada-py3-none-any.whl
Processing /cvmfs/soft.computecanada.ca/custom/python/wheelhouse/generic/docker_pycreds-0.4.0+computecanada-py2.py3-none-any.whl
Processing /cvmfs/soft.computecanada.ca/custom/python/wheelhouse/generic/six-1.16.0+computecanada-py2.py3-none-any.whl
Processing /cvmfs/soft.computecanada.ca/custom/python/wheelhouse/generic/shortuuid-1.0.1+computecanada-py3-none-any.whl
Processing /cvmfs/soft.computecanada.ca/custom/python/wheelhouse/generic/psutil-5.7.3+computecanada-cp37-cp37m-linux_x86_64.whl
Requirement already satisfied: requests<3,>=2.0.0 in /cvmfs/soft.computecanada.ca/easybuild/software/2017/Core/scipy-stack/2019a/lib/python3.7/site-packages (from wandb) (2.21.0)
Processing /cvmfs/soft.computecanada.ca/custom/python/wheelhouse/generic/sentry_sdk-1.5.0+computecanada-py2.py3-none-any.whl
Processing /cvmfs/soft.computecanada.ca/custom/python/wheelhouse/generic/subprocess32-3.5.4+computecanada-py3-none-any.whl
Processing /cvmfs/soft.computecanada.ca/custom/python/wheelhouse/generic/click-8.0.3+computecanada-py3-none-any.whl
Processing /cvmfs/soft.computecanada.ca/custom/python/wheelhouse/generic/PyYAML-5.3.1+computecanada-cp37-cp37m-linux_x86_64.whl
Processing /cvmfs/soft.computecanada.ca/custom/python/wheelhouse/generic/pathtools-0.1.2+computecanada-py3-none-any.whl
Processing /cvmfs/soft.computecanada.ca/custom/python/wheelhouse/generic/configparser-5.0.2+computecanada-py3-none-any.whl
Requirement already satisfied: python-dateutil>=2.6.1 in /cvmfs/soft.computecanada.ca/easybuild/software/2017/Core/scipy-stack/2019a/lib/python3.7/site-packages (from wandb) (2.7.5)
Processing /cvmfs/soft.computecanada.ca/custom/python/wheelhouse/generic/protobuf-3.19.3+computecanada-py2.py3-none-any.whl
Processing /cvmfs/soft.computecanada.ca/custom/python/wheelhouse/generic/GitPython-3.1.24+computecanada-py3-none-any.whl
Processing /cvmfs/soft.computecanada.ca/custom/python/wheelhouse/generic/yaspin-2.1.0+computecanada-py3-none-any.whl
Requirement already satisfied: importlib-metadata in /cvmfs/soft.computecanada.ca/easybuild/software/2017/Core/scipy-stack/2019a/lib/python3.7/site-packages (from Click!=8.0.0,>=7.0->wandb) (0.8)
Processing /cvmfs/soft.computecanada.ca/custom/python/wheelhouse/generic/typing_extensions-4.0.1+computecanada-py3-none-any.whl
Processing /cvmfs/soft.computecanada.ca/custom/python/wheelhouse/generic/gitdb-4.0.9+computecanada-py3-none-any.whl
Processing /cvmfs/soft.computecanada.ca/custom/python/wheelhouse/generic/smmap-5.0.0+computecanada-py3-none-any.whl
Requirement already satisfied: urllib3<1.25,>=1.21.1 in /cvmfs/soft.computecanada.ca/easybuild/software/2017/Core/scipy-stack/2019a/lib/python3.7/site-packages (from requests<3,>=2.0.0->wandb) (1.24.1)
Requirement already satisfied: certifi>=2017.4.17 in /cvmfs/soft.computecanada.ca/easybuild/software/2017/Core/scipy-stack/2019a/lib/python3.7/site-packages (from requests<3,>=2.0.0->wandb) (2018.11.29)
Requirement already satisfied: idna<2.9,>=2.5 in /cvmfs/soft.computecanada.ca/easybuild/software/2017/Core/scipy-stack/2019a/lib/python3.7/site-packages (from requests<3,>=2.0.0->wandb) (2.8)
Requirement already satisfied: chardet<3.1.0,>=3.0.2 in /cvmfs/soft.computecanada.ca/easybuild/software/2017/Core/scipy-stack/2019a/lib/python3.7/site-packages (from requests<3,>=2.0.0->wandb) (3.0.4)
Processing /cvmfs/soft.computecanada.ca/custom/python/wheelhouse/generic/termcolor-1.1.0+computecanada-py3-none-any.whl
Requirement already satisfied: zipp>=0.3.2 in /cvmfs/soft.computecanada.ca/easybuild/software/2017/Core/scipy-stack/2019a/lib/python3.7/site-packages (from importlib-metadata->Click!=8.0.0,>=7.0->wandb) (0.3.3)
Installing collected packages: smmap, typing-extensions, termcolor, six, gitdb, yaspin, subprocess32, shortuuid, sentry-sdk, PyYAML, psutil, protobuf, promise, pathtools, GitPython, docker-pycreds, configparser, Click, wandb
  Attempting uninstall: six
    Found existing installation: six 1.12.0
    Not uninstalling six at /cvmfs/soft.computecanada.ca/easybuild/software/2017/Core/scipy-stack/2019a/lib/python3.7/site-packages, outside environment /localscratch/yinan.28258430.0/env
    Can't uninstall 'six'. No files were found to uninstall.
Successfully installed Click-8.0.3+computecanada GitPython-3.1.24+computecanada PyYAML-5.3.1+computecanada configparser-5.0.2+computecanada docker-pycreds-0.4.0+computecanada gitdb-4.0.9+computecanada pathtools-0.1.2+computecanada promise-2.3+computecanada protobuf-3.19.3+computecanada psutil-5.7.3+computecanada sentry-sdk-1.5.0+computecanada shortuuid-1.0.1+computecanada six-1.16.0+computecanada smmap-5.0.0+computecanada subprocess32-3.5.4+computecanada termcolor-1.1.0+computecanada typing-extensions-4.0.1+computecanada wandb-0.12.5+computecanada yaspin-2.1.0+computecanada
Looking in links: /cvmfs/soft.computecanada.ca/custom/python/wheelhouse/nix/avx2, /cvmfs/soft.computecanada.ca/custom/python/wheelhouse/nix/generic, /cvmfs/soft.computecanada.ca/custom/python/wheelhouse/generic
ERROR: Could not find a version that satisfies the requirement sagemaker (from versions: none)
ERROR: No matching distribution found for sagemaker
Looking in links: /cvmfs/soft.computecanada.ca/custom/python/wheelhouse/nix/avx2, /cvmfs/soft.computecanada.ca/custom/python/wheelhouse/nix/generic, /cvmfs/soft.computecanada.ca/custom/python/wheelhouse/generic
Processing /cvmfs/soft.computecanada.ca/custom/python/wheelhouse/generic/torch-1.9.1+computecanada-cp37-cp37m-linux_x86_64.whl
Requirement already satisfied: typing-extensions in /localscratch/yinan.28258430.0/env/lib/python3.7/site-packages (from torch) (4.0.1+computecanada)
Installing collected packages: torch
Successfully installed torch-1.9.1+computecanada
Looking in links: /cvmfs/soft.computecanada.ca/custom/python/wheelhouse/nix/avx2, /cvmfs/soft.computecanada.ca/custom/python/wheelhouse/nix/generic, /cvmfs/soft.computecanada.ca/custom/python/wheelhouse/generic
Processing /cvmfs/soft.computecanada.ca/custom/python/wheelhouse/generic/transformers-2.5.1+computecanada-py3-none-any.whl
Processing /cvmfs/soft.computecanada.ca/custom/python/wheelhouse/generic/filelock-3.4.2+computecanada-py3-none-any.whl
Processing /cvmfs/soft.computecanada.ca/custom/python/wheelhouse/generic/tokenizers-0.5.2+computecanada-cp37-cp37m-linux_x86_64.whl
Processing /cvmfs/soft.computecanada.ca/custom/python/wheelhouse/generic/tqdm-4.63.0+computecanada-py2.py3-none-any.whl
Requirement already satisfied: requests in /cvmfs/soft.computecanada.ca/easybuild/software/2017/Core/scipy-stack/2019a/lib/python3.7/site-packages (from transformers==2.5.1+computecanada) (2.21.0)
Processing /cvmfs/soft.computecanada.ca/custom/python/wheelhouse/generic/regex-2020.11.13+computecanada-cp37-cp37m-linux_x86_64.whl
Processing /cvmfs/soft.computecanada.ca/custom/python/wheelhouse/generic/boto3-1.20.52+computecanada-py3-none-any.whl
Requirement already satisfied: numpy in /cvmfs/soft.computecanada.ca/easybuild/software/2017/Core/scipy-stack/2019a/lib/python3.7/site-packages (from transformers==2.5.1+computecanada) (1.16.0)
Processing /cvmfs/soft.computecanada.ca/custom/python/wheelhouse/generic/sentencepiece-0.1.91+computecanada-cp37-cp37m-linux_x86_64.whl
Processing /cvmfs/soft.computecanada.ca/custom/python/wheelhouse/generic/sacremoses-0.0.46+computecanada-py3-none-any.whl
Processing /cvmfs/soft.computecanada.ca/custom/python/wheelhouse/generic/s3transfer-0.5.1+computecanada-py3-none-any.whl
Processing /cvmfs/soft.computecanada.ca/custom/python/wheelhouse/generic/jmespath-0.10.0+computecanada-py2.py3-none-any.whl
Processing /cvmfs/soft.computecanada.ca/custom/python/wheelhouse/generic/botocore-1.23.52+computecanada-py3-none-any.whl
Requirement already satisfied: python-dateutil<3.0.0,>=2.1 in /cvmfs/soft.computecanada.ca/easybuild/software/2017/Core/scipy-stack/2019a/lib/python3.7/site-packages (from botocore<1.24.0,>=1.23.52->boto3->transformers==2.5.1+computecanada) (2.7.5)
Processing /cvmfs/soft.computecanada.ca/custom/python/wheelhouse/generic/urllib3-1.26.8+computecanada-py2.py3-none-any.whl
Requirement already satisfied: six>=1.5 in /localscratch/yinan.28258430.0/env/lib/python3.7/site-packages (from python-dateutil<3.0.0,>=2.1->botocore<1.24.0,>=1.23.52->boto3->transformers==2.5.1+computecanada) (1.16.0+computecanada)
Requirement already satisfied: chardet<3.1.0,>=3.0.2 in /cvmfs/soft.computecanada.ca/easybuild/software/2017/Core/scipy-stack/2019a/lib/python3.7/site-packages (from requests->transformers==2.5.1+computecanada) (3.0.4)
Processing /cvmfs/soft.computecanada.ca/custom/python/wheelhouse/generic/requests-2.27.1+computecanada-py2.py3-none-any.whl
Requirement already satisfied: certifi>=2017.4.17 in /cvmfs/soft.computecanada.ca/easybuild/software/2017/Core/scipy-stack/2019a/lib/python3.7/site-packages (from requests->transformers==2.5.1+computecanada) (2018.11.29)
Processing /cvmfs/soft.computecanada.ca/custom/python/wheelhouse/generic/charset_normalizer-2.0.11+computecanada-py3-none-any.whl
Requirement already satisfied: idna<4,>=2.5 in /cvmfs/soft.computecanada.ca/easybuild/software/2017/Core/scipy-stack/2019a/lib/python3.7/site-packages (from requests->transformers==2.5.1+computecanada) (2.8)
Requirement already satisfied: click in /localscratch/yinan.28258430.0/env/lib/python3.7/site-packages (from sacremoses->transformers==2.5.1+computecanada) (8.0.3+computecanada)
Processing /cvmfs/soft.computecanada.ca/custom/python/wheelhouse/generic/joblib-1.1.0+computecanada-py2.py3-none-any.whl
Requirement already satisfied: importlib-metadata in /cvmfs/soft.computecanada.ca/easybuild/software/2017/Core/scipy-stack/2019a/lib/python3.7/site-packages (from click->sacremoses->transformers==2.5.1+computecanada) (0.8)
Requirement already satisfied: zipp>=0.3.2 in /cvmfs/soft.computecanada.ca/easybuild/software/2017/Core/scipy-stack/2019a/lib/python3.7/site-packages (from importlib-metadata->click->sacremoses->transformers==2.5.1+computecanada) (0.3.3)
Installing collected packages: urllib3, jmespath, botocore, tqdm, s3transfer, regex, joblib, charset-normalizer, tokenizers, sentencepiece, sacremoses, requests, filelock, boto3, transformers
  Attempting uninstall: urllib3
    Found existing installation: urllib3 1.24.1
    Not uninstalling urllib3 at /cvmfs/soft.computecanada.ca/easybuild/software/2017/Core/scipy-stack/2019a/lib/python3.7/site-packages, outside environment /localscratch/yinan.28258430.0/env
    Can't uninstall 'urllib3'. No files were found to uninstall.
  Attempting uninstall: requests
    Found existing installation: requests 2.21.0
    Not uninstalling requests at /cvmfs/soft.computecanada.ca/easybuild/software/2017/Core/scipy-stack/2019a/lib/python3.7/site-packages, outside environment /localscratch/yinan.28258430.0/env
    Can't uninstall 'requests'. No files were found to uninstall.
Successfully installed boto3-1.20.52+computecanada botocore-1.23.52+computecanada charset-normalizer-2.0.11+computecanada filelock-3.4.2+computecanada jmespath-0.10.0+computecanada joblib-1.1.0+computecanada regex-2020.11.13+computecanada requests-2.27.1+computecanada s3transfer-0.5.1+computecanada sacremoses-0.0.46+computecanada sentencepiece-0.1.91+computecanada tokenizers-0.5.2+computecanada tqdm-4.63.0+computecanada transformers-2.5.1+computecanada urllib3-1.26.8+computecanada
Looking in links: /cvmfs/soft.computecanada.ca/custom/python/wheelhouse/nix/avx2, /cvmfs/soft.computecanada.ca/custom/python/wheelhouse/nix/generic, /cvmfs/soft.computecanada.ca/custom/python/wheelhouse/generic
Processing /cvmfs/soft.computecanada.ca/custom/python/wheelhouse/generic/tensorflow_gpu-2.3.0+computecanada-cp37-cp37m-linux_x86_64.whl
Processing /cvmfs/soft.computecanada.ca/custom/python/wheelhouse/nix/generic/scipy-1.4.1+computecanada-cp37-cp37m-linux_x86_64.whl
Processing /cvmfs/soft.computecanada.ca/custom/python/wheelhouse/generic/gast-0.3.3+computecanada-py3-none-any.whl
Processing /cvmfs/soft.computecanada.ca/custom/python/wheelhouse/generic/tensorflow_estimator-2.3.0+computecanada-py2.py3-none-any.whl
Requirement already satisfied: numpy<1.19.0,>=1.16.0 in /cvmfs/soft.computecanada.ca/easybuild/software/2017/Core/scipy-stack/2019a/lib/python3.7/site-packages (from tensorflow_gpu==2.3.0+computecanada) (1.16.0)
Processing /cvmfs/soft.computecanada.ca/custom/python/wheelhouse/generic/opt_einsum-3.3.0+computecanada-py3-none-any.whl
Requirement already satisfied: protobuf>=3.9.2 in /localscratch/yinan.28258430.0/env/lib/python3.7/site-packages (from tensorflow_gpu==2.3.0+computecanada) (3.19.3+computecanada)
Processing /cvmfs/soft.computecanada.ca/custom/python/wheelhouse/generic/astunparse-1.6.3+computecanada-py2.py3-none-any.whl
Processing /cvmfs/soft.computecanada.ca/custom/python/wheelhouse/generic/google_pasta-0.2.0+computecanada-py3-none-any.whl
Processing /cvmfs/soft.computecanada.ca/custom/python/wheelhouse/nix/avx2/h5py-2.10.0+computecanada-cp37-cp37m-linux_x86_64.whl
Processing /cvmfs/soft.computecanada.ca/custom/python/wheelhouse/generic/tensorboard-2.8.0+computecanada-py3-none-any.whl
Processing /cvmfs/soft.computecanada.ca/custom/python/wheelhouse/generic/grpcio-1.38.0+computecanada-cp37-cp37m-linux_x86_64.whl
Requirement already satisfied: termcolor>=1.1.0 in /localscratch/yinan.28258430.0/env/lib/python3.7/site-packages (from tensorflow_gpu==2.3.0+computecanada) (1.1.0+computecanada)
Requirement already satisfied: six>=1.12.0 in /localscratch/yinan.28258430.0/env/lib/python3.7/site-packages (from tensorflow_gpu==2.3.0+computecanada) (1.16.0+computecanada)
Requirement already satisfied: wheel>=0.26 in /localscratch/yinan.28258430.0/env/lib/python3.7/site-packages (from tensorflow_gpu==2.3.0+computecanada) (0.33.4)
Processing /cvmfs/soft.computecanada.ca/custom/python/wheelhouse/generic/absl_py-1.0.0+computecanada-py3-none-any.whl
Processing /cvmfs/soft.computecanada.ca/custom/python/wheelhouse/generic/Keras_Preprocessing-1.1.2+computecanada-py3-none-any.whl
Processing /cvmfs/soft.computecanada.ca/custom/python/wheelhouse/generic/wrapt-1.11.2+computecanada-cp37-cp37m-linux_x86_64.whl
Processing /cvmfs/soft.computecanada.ca/custom/python/wheelhouse/generic/Werkzeug-2.0.3+computecanada-py3-none-any.whl
Requirement already satisfied: setuptools>=41.0.0 in /localscratch/yinan.28258430.0/env/lib/python3.7/site-packages (from tensorboard<3,>=2.3.0->tensorflow_gpu==2.3.0+computecanada) (41.0.1)
Processing /cvmfs/soft.computecanada.ca/custom/python/wheelhouse/generic/tensorboard_plugin_wit-1.8.0+computecanada-py3-none-any.whl
Requirement already satisfied: requests<3,>=2.21.0 in /localscratch/yinan.28258430.0/env/lib/python3.7/site-packages (from tensorboard<3,>=2.3.0->tensorflow_gpu==2.3.0+computecanada) (2.27.1+computecanada)
Processing /cvmfs/soft.computecanada.ca/custom/python/wheelhouse/generic/google_auth-2.3.3+computecanada-py2.py3-none-any.whl
Processing /cvmfs/soft.computecanada.ca/custom/python/wheelhouse/generic/Markdown-3.3.6+computecanada-py3-none-any.whl
Processing /cvmfs/soft.computecanada.ca/custom/python/wheelhouse/generic/google_auth_oauthlib-0.4.6+computecanada-py2.py3-none-any.whl
Processing /cvmfs/soft.computecanada.ca/custom/python/wheelhouse/generic/tensorboard_data_server-0.6.1+computecanada-py3-none-linux_x86_64.whl
Processing /cvmfs/soft.computecanada.ca/custom/python/wheelhouse/generic/cachetools-4.2.4+computecanada-py3-none-any.whl
Processing /cvmfs/soft.computecanada.ca/custom/python/wheelhouse/generic/rsa-4.8+computecanada-py3-none-any.whl
Processing /cvmfs/soft.computecanada.ca/custom/python/wheelhouse/generic/pyasn1_modules-0.2.8+computecanada-py2.py3-none-any.whl
Processing /cvmfs/soft.computecanada.ca/custom/python/wheelhouse/generic/requests_oauthlib-1.3.0+computecanada-py2.py3-none-any.whl
Processing /cvmfs/soft.computecanada.ca/custom/python/wheelhouse/generic/importlib_metadata-4.10.1+computecanada-py3-none-any.whl
Processing /cvmfs/soft.computecanada.ca/custom/python/wheelhouse/generic/zipp-3.7.0+computecanada-py3-none-any.whl
Requirement already satisfied: typing-extensions>=3.6.4 in /localscratch/yinan.28258430.0/env/lib/python3.7/site-packages (from importlib-metadata>=4.4->markdown>=2.6.8->tensorboard<3,>=2.3.0->tensorflow_gpu==2.3.0+computecanada) (4.0.1+computecanada)
Processing /cvmfs/soft.computecanada.ca/custom/python/wheelhouse/generic/pyasn1-0.4.8+computecanada-py2.py3-none-any.whl
Requirement already satisfied: charset-normalizer~=2.0.0 in /localscratch/yinan.28258430.0/env/lib/python3.7/site-packages (from requests<3,>=2.21.0->tensorboard<3,>=2.3.0->tensorflow_gpu==2.3.0+computecanada) (2.0.11+computecanada)
Requirement already satisfied: urllib3<1.27,>=1.21.1 in /localscratch/yinan.28258430.0/env/lib/python3.7/site-packages (from requests<3,>=2.21.0->tensorboard<3,>=2.3.0->tensorflow_gpu==2.3.0+computecanada) (1.26.8+computecanada)
Requirement already satisfied: idna<4,>=2.5 in /cvmfs/soft.computecanada.ca/easybuild/software/2017/Core/scipy-stack/2019a/lib/python3.7/site-packages (from requests<3,>=2.21.0->tensorboard<3,>=2.3.0->tensorflow_gpu==2.3.0+computecanada) (2.8)
Requirement already satisfied: certifi>=2017.4.17 in /cvmfs/soft.computecanada.ca/easybuild/software/2017/Core/scipy-stack/2019a/lib/python3.7/site-packages (from requests<3,>=2.21.0->tensorboard<3,>=2.3.0->tensorflow_gpu==2.3.0+computecanada) (2018.11.29)
Processing /cvmfs/soft.computecanada.ca/custom/python/wheelhouse/generic/oauthlib-3.1.1+computecanada-py2.py3-none-any.whl
Installing collected packages: pyasn1, zipp, rsa, pyasn1-modules, oauthlib, cachetools, requests-oauthlib, importlib-metadata, google-auth, werkzeug, tensorboard-plugin-wit, tensorboard-data-server, markdown, grpcio, google-auth-oauthlib, absl-py, wrapt, tensorflow-estimator, tensorboard, scipy, opt-einsum, keras-preprocessing, h5py, google-pasta, gast, astunparse, tensorflow-gpu
  Attempting uninstall: pyasn1
    Found existing installation: pyasn1 0.4.3
    Not uninstalling pyasn1 at /cvmfs/soft.computecanada.ca/easybuild/software/2017/Core/scipy-stack/2019a/lib/python3.7/site-packages, outside environment /localscratch/yinan.28258430.0/env
    Can't uninstall 'pyasn1'. No files were found to uninstall.
  Attempting uninstall: zipp
    Found existing installation: zipp 0.3.3
    Not uninstalling zipp at /cvmfs/soft.computecanada.ca/easybuild/software/2017/Core/scipy-stack/2019a/lib/python3.7/site-packages, outside environment /localscratch/yinan.28258430.0/env
    Can't uninstall 'zipp'. No files were found to uninstall.
  Attempting uninstall: importlib-metadata
    Found existing installation: importlib-metadata 0.8
    Not uninstalling importlib-metadata at /cvmfs/soft.computecanada.ca/easybuild/software/2017/Core/scipy-stack/2019a/lib/python3.7/site-packages, outside environment /localscratch/yinan.28258430.0/env
    Can't uninstall 'importlib-metadata'. No files were found to uninstall.
  Attempting uninstall: scipy
    Found existing installation: scipy 1.2.0
    Not uninstalling scipy at /cvmfs/soft.computecanada.ca/easybuild/software/2017/Core/scipy-stack/2019a/lib/python3.7/site-packages, outside environment /localscratch/yinan.28258430.0/env
    Can't uninstall 'scipy'. No files were found to uninstall.
Successfully installed absl-py-1.0.0+computecanada astunparse-1.6.3+computecanada cachetools-4.2.4+computecanada gast-0.3.3+computecanada google-auth-2.3.3+computecanada google-auth-oauthlib-0.4.6+computecanada google-pasta-0.2.0+computecanada grpcio-1.38.0+computecanada h5py-2.10.0+computecanada importlib-metadata-4.10.1+computecanada keras-preprocessing-1.1.2+computecanada markdown-3.3.6+computecanada oauthlib-3.1.1+computecanada opt-einsum-3.3.0+computecanada pyasn1-0.4.8+computecanada pyasn1-modules-0.2.8+computecanada requests-oauthlib-1.3.0+computecanada rsa-4.8+computecanada scipy-1.4.1+computecanada tensorboard-2.8.0+computecanada tensorboard-data-server-0.6.1+computecanada tensorboard-plugin-wit-1.8.0+computecanada tensorflow-estimator-2.3.0+computecanada tensorflow-gpu-2.3.0+computecanada werkzeug-2.0.3+computecanada wrapt-1.11.2+computecanada zipp-3.7.0+computecanada
Looking in links: /cvmfs/soft.computecanada.ca/custom/python/wheelhouse/nix/avx2, /cvmfs/soft.computecanada.ca/custom/python/wheelhouse/nix/generic, /cvmfs/soft.computecanada.ca/custom/python/wheelhouse/generic
Processing /cvmfs/soft.computecanada.ca/custom/python/wheelhouse/generic/keras-2.8.0+computecanada-py2.py3-none-any.whl
Installing collected packages: Keras
Successfully installed Keras-2.8.0+computecanada
Looking in links: /cvmfs/soft.computecanada.ca/custom/python/wheelhouse/nix/avx2, /cvmfs/soft.computecanada.ca/custom/python/wheelhouse/nix/generic, /cvmfs/soft.computecanada.ca/custom/python/wheelhouse/generic
Processing /cvmfs/soft.computecanada.ca/custom/python/wheelhouse/generic/urllib3-1.26.7+computecanada-py2.py3-none-any.whl
Installing collected packages: urllib3
  Attempting uninstall: urllib3
    Found existing installation: urllib3 1.26.8+computecanada
    Uninstalling urllib3-1.26.8+computecanada:
      Successfully uninstalled urllib3-1.26.8+computecanada
Successfully installed urllib3-1.26.7+computecanada
Looking in links: /cvmfs/soft.computecanada.ca/custom/python/wheelhouse/nix/avx2, /cvmfs/soft.computecanada.ca/custom/python/wheelhouse/nix/generic, /cvmfs/soft.computecanada.ca/custom/python/wheelhouse/generic
Processing /cvmfs/soft.computecanada.ca/custom/python/wheelhouse/generic/nltk-3.7+computecanada-py3-none-any.whl
Requirement already satisfied: joblib in /localscratch/yinan.28258430.0/env/lib/python3.7/site-packages (from nltk) (1.1.0+computecanada)
Processing /cvmfs/soft.computecanada.ca/custom/python/wheelhouse/generic/nltk-3.6.5+computecanada-py3-none-any.whl
Processing /cvmfs/soft.computecanada.ca/custom/python/wheelhouse/generic/nltk-3.6.3+computecanada-py3-none-any.whl
Requirement already satisfied: regex in /localscratch/yinan.28258430.0/env/lib/python3.7/site-packages (from nltk) (2020.11.13+computecanada)
Requirement already satisfied: click in /localscratch/yinan.28258430.0/env/lib/python3.7/site-packages (from nltk) (8.0.3+computecanada)
Requirement already satisfied: tqdm in /localscratch/yinan.28258430.0/env/lib/python3.7/site-packages (from nltk) (4.63.0+computecanada)
Requirement already satisfied: importlib-metadata in /localscratch/yinan.28258430.0/env/lib/python3.7/site-packages (from click->nltk) (4.10.1+computecanada)
Requirement already satisfied: typing-extensions>=3.6.4 in /localscratch/yinan.28258430.0/env/lib/python3.7/site-packages (from importlib-metadata->click->nltk) (4.0.1+computecanada)
Requirement already satisfied: zipp>=0.5 in /localscratch/yinan.28258430.0/env/lib/python3.7/site-packages (from importlib-metadata->click->nltk) (3.7.0+computecanada)
Installing collected packages: nltk
Successfully installed nltk-3.6.3+computecanada
Looking in links: /cvmfs/soft.computecanada.ca/custom/python/wheelhouse/nix/avx2, /cvmfs/soft.computecanada.ca/custom/python/wheelhouse/nix/generic, /cvmfs/soft.computecanada.ca/custom/python/wheelhouse/generic
Processing /cvmfs/soft.computecanada.ca/custom/python/wheelhouse/generic/scikit_learn-0.22.1+computecanada-cp37-cp37m-linux_x86_64.whl
Requirement already satisfied: scipy>=0.17.0 in /localscratch/yinan.28258430.0/env/lib/python3.7/site-packages (from scikit-learn==0.22.1) (1.4.1+computecanada)
Requirement already satisfied: numpy>=1.11.0 in /cvmfs/soft.computecanada.ca/easybuild/software/2017/Core/scipy-stack/2019a/lib/python3.7/site-packages (from scikit-learn==0.22.1) (1.16.0)
Requirement already satisfied: joblib>=0.11 in /localscratch/yinan.28258430.0/env/lib/python3.7/site-packages (from scikit-learn==0.22.1) (1.1.0+computecanada)
Installing collected packages: scikit-learn
Successfully installed scikit-learn-0.22.1+computecanada
Looking in links: /cvmfs/soft.computecanada.ca/custom/python/wheelhouse/nix/avx2, /cvmfs/soft.computecanada.ca/custom/python/wheelhouse/nix/generic, /cvmfs/soft.computecanada.ca/custom/python/wheelhouse/generic
Requirement already satisfied: tokenizers==0.5.2 in /localscratch/yinan.28258430.0/env/lib/python3.7/site-packages (0.5.2+computecanada)
wandb: Appending key for api.wandb.ai to your netrc file: /home/yinan/.netrc
Starting Task
2022-03-05 07:43:38.086893: I tensorflow/stream_executor/platform/default/dso_loader.cc:48] Successfully opened dynamic library libcudart.so.10.1
[nltk_data] Downloading package stopwords to /home/yinan/nltk_data...
[nltk_data]   Package stopwords is already up-to-date!
[nltk_data] Downloading package wordnet to /home/yinan/nltk_data...
[nltk_data]   Package wordnet is already up-to-date!
wandb: Currently logged in as: yinanazhou (use `wandb login --relogin` to force relogin)
wandb: wandb version 0.12.11 is available!  To upgrade, please run:
wandb:  $ pip install wandb --upgrade
2022-03-05 07:43:56.695096: I tensorflow/stream_executor/platform/default/dso_loader.cc:48] Successfully opened dynamic library libcudart.so.10.1
wandb: Tracking run with wandb version 0.12.5
wandb: Syncing run celestial-rain-1
wandb: ⭐️ View project at https://wandb.ai/yinanazhou/xl_512_bs_8_lr_1e06_es_25_lc_True_nr_False_stem_True_lemma_False_repeat_1_fold_1
wandb: 🚀 View run at https://wandb.ai/yinanazhou/xl_512_bs_8_lr_1e06_es_25_lc_True_nr_False_stem_True_lemma_False_repeat_1_fold_1/runs/1atn2a36
wandb: Run data is saved locally in /project/6002780/yinan/Thesis_MER_Lyrics/lyric-emotion/wandb/run-20220305_074354-1atn2a36
wandb: Run `wandb offline` to turn off syncing.

Validation loss decreased (inf --> 1.382029).  Saving model ...
Validation loss decreased (1.382029 --> 1.345416).  Saving model ...
Validation loss decreased (1.345416 --> 1.318861).  Saving model ...
Validation loss decreased (1.318861 --> 1.293881).  Saving model ...
Validation loss decreased (1.293881 --> 1.272702).  Saving model ...
Validation loss decreased (1.272702 --> 1.243104).  Saving model ...
Validation loss decreased (1.243104 --> 1.219050).  Saving model ...
Validation loss decreased (1.219050 --> 1.196148).  Saving model ...
Validation loss decreased (1.196148 --> 1.180724).  Saving model ...
Validation loss decreased (1.180724 --> 1.161301).  Saving model ...
Validation loss decreased (1.161301 --> 1.142721).  Saving model ...
Validation loss decreased (1.142721 --> 1.127292).  Saving model ...
Validation loss decreased (1.127292 --> 1.112868).  Saving model ...
Validation loss decreased (1.112868 --> 1.083954).  Saving model ...
Validation loss decreased (1.083954 --> 1.060466).  Saving model ...
EarlyStopping counter: 1 out of 25.0
Validation loss decreased (1.060466 --> 1.049908).  Saving model ...
Validation loss decreased (1.049908 --> 1.018800).  Saving model ...
Validation loss decreased (1.018800 --> 1.006199).  Saving model ...
EarlyStopping counter: 1 out of 25.0
Validation loss decreased (1.006199 --> 0.997798).  Saving model ...
EarlyStopping counter: 1 out of 25.0
Validation loss decreased (0.997798 --> 0.992912).  Saving model ...
EarlyStopping counter: 1 out of 25.0
EarlyStopping counter: 2 out of 25.0
EarlyStopping counter: 3 out of 25.0
EarlyStopping counter: 4 out of 25.0
EarlyStopping counter: 5 out of 25.0
EarlyStopping counter: 6 out of 25.0
EarlyStopping counter: 7 out of 25.0
EarlyStopping counter: 8 out of 25.0
EarlyStopping counter: 9 out of 25.0
EarlyStopping counter: 10 out of 25.0
EarlyStopping counter: 11 out of 25.0
EarlyStopping counter: 12 out of 25.0
EarlyStopping counter: 13 out of 25.0
EarlyStopping counter: 14 out of 25.0
EarlyStopping counter: 15 out of 25.0
EarlyStopping counter: 16 out of 25.0
EarlyStopping counter: 17 out of 25.0
EarlyStopping counter: 18 out of 25.0
EarlyStopping counter: 19 out of 25.0
EarlyStopping counter: 20 out of 25.0
EarlyStopping counter: 21 out of 25.0
EarlyStopping counter: 22 out of 25.0
EarlyStopping counter: 23 out of 25.0
EarlyStopping counter: 24 out of 25.0
EarlyStopping counter: 25 out of 25.0
/localscratch/yinan.28258430.0/env/lib/python3.7/site-packages/torch/nn/functional.py:1794: UserWarning: nn.functional.tanh is deprecated. Use torch.tanh instead.
  warnings.warn("nn.functional.tanh is deprecated. Use torch.tanh instead.")
/localscratch/yinan.28258430.0/env/lib/python3.7/site-packages/transformers/optimization.py:155: UserWarning: This overload of add_ is deprecated:
	add_(Number alpha, Tensor other)
Consider using one of the following signatures instead:
	add_(Tensor other, *, Number alpha) (Triggered internally at  ../torch/csrc/utils/python_arg_parser.cpp:1025.)
  exp_avg.mul_(beta1).add_(1.0 - beta1, grad)
wandb: Waiting for W&B process to finish, PID 132173... (success).
wandb: - 0.00MB of 0.00MB uploaded (0.00MB deduped)wandb: \ 0.00MB of 0.00MB uploaded (0.00MB deduped)wandb: | 0.00MB of 0.00MB uploaded (0.00MB deduped)wandb: / 0.00MB of 0.00MB uploaded (0.00MB deduped)wandb: - 0.00MB of 0.00MB uploaded (0.00MB deduped)wandb: \ 0.00MB of 0.00MB uploaded (0.00MB deduped)wandb: | 0.00MB of 0.00MB uploaded (0.00MB deduped)wandb: / 0.00MB of 0.00MB uploaded (0.00MB deduped)wandb: - 0.00MB of 0.00MB uploaded (0.00MB deduped)wandb: \ 0.00MB of 0.00MB uploaded (0.00MB deduped)wandb: | 0.00MB of 0.00MB uploaded (0.00MB deduped)wandb: / 0.00MB of 0.00MB uploaded (0.00MB deduped)wandb: - 0.00MB of 0.00MB uploaded (0.00MB deduped)wandb:                                                                                
wandb: Run history:
wandb:     e_F1 ▁▃▄▄▅▆▆▆▆▆▆▆▇▆▇▇▇▇▇▇▇▇▇█▇███▇███████▇███
wandb:   e_loss █▇▇▆▆▅▅▄▄▄▃▃▂▂▂▁▁▁▁▁▁▂▁▁▂▁▁▁▂▂▂▂▂▂▂▃▃▃▃▄
wandb:     t_F1 ▁▂▂▂▃▄▃▄▄▅▅▅▅▅▅▆▆▆▆▆▆▆▆▆▆▇▇▇▇▇▇▇▇▇██████
wandb:   t_loss ██▇▇▇▇▇▆▆▆▆▅▅▅▅▄▄▄▄▄▄▃▃▃▃▃▃▃▂▂▂▂▂▂▂▁▁▁▁▁
wandb: 
wandb: Run summary:
wandb:     e_F1 57.36885
wandb:   e_loss 1.13484
wandb:     t_F1 95.32465
wandb:   t_loss 0.2481
wandb: 
wandb: Synced 4 W&B file(s), 0 media file(s), 0 artifact file(s) and 0 other file(s)
wandb: Synced celestial-rain-1: https://wandb.ai/yinanazhou/xl_512_bs_8_lr_1e06_es_25_lc_True_nr_False_stem_True_lemma_False_repeat_1_fold_1/runs/1atn2a36
wandb: Find logs at: ./wandb/run-20220305_074354-1atn2a36/logs/debug.log
wandb: 

wandb: wandb version 0.12.11 is available!  To upgrade, please run:
wandb:  $ pip install wandb --upgrade
2022-03-05 08:29:29.006328: I tensorflow/stream_executor/platform/default/dso_loader.cc:48] Successfully opened dynamic library libcudart.so.10.1
wandb: Tracking run with wandb version 0.12.5
wandb: Syncing run distinctive-bush-1
wandb: ⭐️ View project at https://wandb.ai/yinanazhou/xl_512_bs_8_lr_1e06_es_25_lc_True_nr_False_stem_True_lemma_False_repeat_1_fold_2
wandb: 🚀 View run at https://wandb.ai/yinanazhou/xl_512_bs_8_lr_1e06_es_25_lc_True_nr_False_stem_True_lemma_False_repeat_1_fold_2/runs/12gp9veo
wandb: Run data is saved locally in /project/6002780/yinan/Thesis_MER_Lyrics/lyric-emotion/wandb/run-20220305_082926-12gp9veo
wandb: Run `wandb offline` to turn off syncing.

Validation loss decreased (inf --> 1.380016).  Saving model ...
Validation loss decreased (1.380016 --> 1.351533).  Saving model ...
Validation loss decreased (1.351533 --> 1.327837).  Saving model ...
Validation loss decreased (1.327837 --> 1.298742).  Saving model ...
Validation loss decreased (1.298742 --> 1.270552).  Saving model ...
Validation loss decreased (1.270552 --> 1.239424).  Saving model ...
Validation loss decreased (1.239424 --> 1.207784).  Saving model ...
Validation loss decreased (1.207784 --> 1.176177).  Saving model ...
Validation loss decreased (1.176177 --> 1.139603).  Saving model ...
Validation loss decreased (1.139603 --> 1.108824).  Saving model ...
Validation loss decreased (1.108824 --> 1.089696).  Saving model ...
Validation loss decreased (1.089696 --> 1.062530).  Saving model ...
Validation loss decreased (1.062530 --> 1.037816).  Saving model ...
Validation loss decreased (1.037816 --> 1.015106).  Saving model ...
Validation loss decreased (1.015106 --> 1.004801).  Saving model ...
Validation loss decreased (1.004801 --> 0.988717).  Saving model ...
Validation loss decreased (0.988717 --> 0.988625).  Saving model ...
Validation loss decreased (0.988625 --> 0.978561).  Saving model ...
Validation loss decreased (0.978561 --> 0.978454).  Saving model ...
Validation loss decreased (0.978454 --> 0.964119).  Saving model ...
EarlyStopping counter: 1 out of 25.0
EarlyStopping counter: 2 out of 25.0
Validation loss decreased (0.964119 --> 0.963679).  Saving model ...
EarlyStopping counter: 1 out of 25.0
EarlyStopping counter: 2 out of 25.0
EarlyStopping counter: 3 out of 25.0
EarlyStopping counter: 4 out of 25.0
EarlyStopping counter: 5 out of 25.0
EarlyStopping counter: 6 out of 25.0
EarlyStopping counter: 7 out of 25.0
EarlyStopping counter: 8 out of 25.0
EarlyStopping counter: 9 out of 25.0
EarlyStopping counter: 10 out of 25.0
EarlyStopping counter: 11 out of 25.0
EarlyStopping counter: 12 out of 25.0
EarlyStopping counter: 13 out of 25.0
EarlyStopping counter: 14 out of 25.0
EarlyStopping counter: 15 out of 25.0
EarlyStopping counter: 16 out of 25.0
EarlyStopping counter: 17 out of 25.0
EarlyStopping counter: 18 out of 25.0
EarlyStopping counter: 19 out of 25.0
EarlyStopping counter: 20 out of 25.0
EarlyStopping counter: 21 out of 25.0
EarlyStopping counter: 22 out of 25.0
EarlyStopping counter: 23 out of 25.0
EarlyStopping counter: 24 out of 25.0
EarlyStopping counter: 25 out of 25.0
/localscratch/yinan.28258430.0/env/lib/python3.7/site-packages/torch/nn/functional.py:1794: UserWarning: nn.functional.tanh is deprecated. Use torch.tanh instead.
  warnings.warn("nn.functional.tanh is deprecated. Use torch.tanh instead.")
wandb: Waiting for W&B process to finish, PID 134633... (success).
wandb: - 0.00MB of 0.00MB uploaded (0.00MB deduped)wandb: \ 0.00MB of 0.00MB uploaded (0.00MB deduped)wandb: | 0.00MB of 0.00MB uploaded (0.00MB deduped)wandb: / 0.00MB of 0.00MB uploaded (0.00MB deduped)wandb: - 0.00MB of 0.00MB uploaded (0.00MB deduped)wandb:                                                                                
wandb: Run history:
wandb:     e_F1 ▁▃▃▄▅▆▇▇▇▇██▇█▇███████▇▇█▇▇▇▇▇▇▇▇▇▇▇▇▇▇▇
wandb:   e_loss ██▇▇▆▅▅▄▃▃▂▂▂▁▁▁▁▁▁▁▁▁▂▂▂▃▃▃▂▃▃▃▄▄▄▅▅▅▅▅
wandb:     t_F1 ▁▂▂▃▂▄▄▄▄▅▅▅▅▅▆▆▆▆▆▆▆▇▇▇▇▇▇▇▇▇█▇████████
wandb:   t_loss ██▇▇▇▇▆▆▆▆▅▅▅▅▄▄▄▄▄▄▃▃▃▃▃▂▂▂▂▂▂▂▂▂▁▁▁▁▁▁
wandb: 
wandb: Run summary:
wandb:     e_F1 53.8904
wandb:   e_loss 1.22755
wandb:     t_F1 97.66375
wandb:   t_loss 0.16665
wandb: 
wandb: Synced 4 W&B file(s), 0 media file(s), 0 artifact file(s) and 0 other file(s)
wandb: Synced distinctive-bush-1: https://wandb.ai/yinanazhou/xl_512_bs_8_lr_1e06_es_25_lc_True_nr_False_stem_True_lemma_False_repeat_1_fold_2/runs/12gp9veo
wandb: Find logs at: ./wandb/run-20220305_082926-12gp9veo/logs/debug.log
wandb: 

wandb: wandb version 0.12.11 is available!  To upgrade, please run:
wandb:  $ pip install wandb --upgrade
2022-03-05 09:14:57.949471: I tensorflow/stream_executor/platform/default/dso_loader.cc:48] Successfully opened dynamic library libcudart.so.10.1
wandb: Tracking run with wandb version 0.12.5
wandb: Syncing run whole-flower-1
wandb: ⭐️ View project at https://wandb.ai/yinanazhou/xl_512_bs_8_lr_1e06_es_25_lc_True_nr_False_stem_True_lemma_False_repeat_2_fold_1
wandb: 🚀 View run at https://wandb.ai/yinanazhou/xl_512_bs_8_lr_1e06_es_25_lc_True_nr_False_stem_True_lemma_False_repeat_2_fold_1/runs/2q4zrglb
wandb: Run data is saved locally in /project/6002780/yinan/Thesis_MER_Lyrics/lyric-emotion/wandb/run-20220305_091453-2q4zrglb
wandb: Run `wandb offline` to turn off syncing.

Validation loss decreased (inf --> 1.377523).  Saving model ...
Validation loss decreased (1.377523 --> 1.365888).  Saving model ...
Validation loss decreased (1.365888 --> 1.354215).  Saving model ...
Validation loss decreased (1.354215 --> 1.339615).  Saving model ...
Validation loss decreased (1.339615 --> 1.324453).  Saving model ...
Validation loss decreased (1.324453 --> 1.297916).  Saving model ...
Validation loss decreased (1.297916 --> 1.272624).  Saving model ...
Validation loss decreased (1.272624 --> 1.239003).  Saving model ...
Validation loss decreased (1.239003 --> 1.207208).  Saving model ...
Validation loss decreased (1.207208 --> 1.174958).  Saving model ...
Validation loss decreased (1.174958 --> 1.143300).  Saving model ...
Validation loss decreased (1.143300 --> 1.117133).  Saving model ...
Validation loss decreased (1.117133 --> 1.085192).  Saving model ...
Validation loss decreased (1.085192 --> 1.065200).  Saving model ...
Validation loss decreased (1.065200 --> 1.055385).  Saving model ...
Validation loss decreased (1.055385 --> 1.032349).  Saving model ...
Validation loss decreased (1.032349 --> 1.024433).  Saving model ...
Validation loss decreased (1.024433 --> 1.008992).  Saving model ...
Validation loss decreased (1.008992 --> 0.997771).  Saving model ...
Validation loss decreased (0.997771 --> 0.995339).  Saving model ...
Validation loss decreased (0.995339 --> 0.994272).  Saving model ...
EarlyStopping counter: 1 out of 25.0
Validation loss decreased (0.994272 --> 0.979261).  Saving model ...
Validation loss decreased (0.979261 --> 0.971156).  Saving model ...
EarlyStopping counter: 1 out of 25.0
EarlyStopping counter: 2 out of 25.0
EarlyStopping counter: 3 out of 25.0
EarlyStopping counter: 4 out of 25.0
EarlyStopping counter: 5 out of 25.0
EarlyStopping counter: 6 out of 25.0
EarlyStopping counter: 7 out of 25.0
EarlyStopping counter: 8 out of 25.0
EarlyStopping counter: 9 out of 25.0
EarlyStopping counter: 10 out of 25.0
EarlyStopping counter: 11 out of 25.0
EarlyStopping counter: 12 out of 25.0
EarlyStopping counter: 13 out of 25.0
EarlyStopping counter: 14 out of 25.0
EarlyStopping counter: 15 out of 25.0
EarlyStopping counter: 16 out of 25.0
EarlyStopping counter: 17 out of 25.0
EarlyStopping counter: 18 out of 25.0
EarlyStopping counter: 19 out of 25.0
EarlyStopping counter: 20 out of 25.0
EarlyStopping counter: 21 out of 25.0
EarlyStopping counter: 22 out of 25.0
EarlyStopping counter: 23 out of 25.0
EarlyStopping counter: 24 out of 25.0
EarlyStopping counter: 25 out of 25.0
/localscratch/yinan.28258430.0/env/lib/python3.7/site-packages/torch/nn/functional.py:1794: UserWarning: nn.functional.tanh is deprecated. Use torch.tanh instead.
  warnings.warn("nn.functional.tanh is deprecated. Use torch.tanh instead.")
wandb: Waiting for W&B process to finish, PID 137113... (success).
wandb: - 0.00MB of 0.00MB uploaded (0.00MB deduped)wandb: \ 0.00MB of 0.00MB uploaded (0.00MB deduped)wandb: | 0.00MB of 0.00MB uploaded (0.00MB deduped)wandb: / 0.00MB of 0.00MB uploaded (0.00MB deduped)wandb: - 0.00MB of 0.00MB uploaded (0.00MB deduped)wandb: \ 0.00MB of 0.00MB uploaded (0.00MB deduped)wandb: | 0.00MB of 0.00MB uploaded (0.00MB deduped)wandb: / 0.00MB of 0.00MB uploaded (0.00MB deduped)wandb: - 0.00MB of 0.00MB uploaded (0.00MB deduped)wandb: \ 0.00MB of 0.00MB uploaded (0.00MB deduped)wandb: | 0.00MB of 0.00MB uploaded (0.00MB deduped)wandb: / 0.00MB of 0.00MB uploaded (0.00MB deduped)wandb: - 0.00MB of 0.00MB uploaded (0.00MB deduped)wandb:                                                                                
wandb: Run history:
wandb:     e_F1 ▁▂▃▃▄▄▅▆▆▇▇▇▇████████████▇████▇█▇▇▇▇▇▇▇▇
wandb:   e_loss ███▇▇▆▆▅▅▄▃▃▂▂▂▁▁▁▁▁▁▁▂▂▂▂▂▂▂▂▃▃▃▄▃▄▄▄▅▅
wandb:     t_F1 ▁▂▂▂▂▃▄▄▄▅▅▅▅▅▆▆▆▆▆▆▆▆▇▇▇▇▇▇▇▇▇▇▇███████
wandb:   t_loss █████▇▇▇▇▆▆▆▅▅▅▅▄▄▄▄▄▄▃▃▃▃▃▃▂▂▂▂▂▂▂▁▁▁▁▁
wandb: 
wandb: Run summary:
wandb:     e_F1 56.66769
wandb:   e_loss 1.19869
wandb:     t_F1 94.90481
wandb:   t_loss 0.20754
wandb: 
wandb: Synced 4 W&B file(s), 0 media file(s), 0 artifact file(s) and 0 other file(s)
wandb: Synced whole-flower-1: https://wandb.ai/yinanazhou/xl_512_bs_8_lr_1e06_es_25_lc_True_nr_False_stem_True_lemma_False_repeat_2_fold_1/runs/2q4zrglb
wandb: Find logs at: ./wandb/run-20220305_091453-2q4zrglb/logs/debug.log
wandb: 

wandb: wandb version 0.12.11 is available!  To upgrade, please run:
wandb:  $ pip install wandb --upgrade
2022-03-05 10:01:10.721165: I tensorflow/stream_executor/platform/default/dso_loader.cc:48] Successfully opened dynamic library libcudart.so.10.1
wandb: Tracking run with wandb version 0.12.5
wandb: Syncing run stellar-planet-1
wandb: ⭐️ View project at https://wandb.ai/yinanazhou/xl_512_bs_8_lr_1e06_es_25_lc_True_nr_False_stem_True_lemma_False_repeat_2_fold_2
wandb: 🚀 View run at https://wandb.ai/yinanazhou/xl_512_bs_8_lr_1e06_es_25_lc_True_nr_False_stem_True_lemma_False_repeat_2_fold_2/runs/fzl4laor
wandb: Run data is saved locally in /project/6002780/yinan/Thesis_MER_Lyrics/lyric-emotion/wandb/run-20220305_100108-fzl4laor
wandb: Run `wandb offline` to turn off syncing.

Validation loss decreased (inf --> 1.383522).  Saving model ...
Validation loss decreased (1.383522 --> 1.366369).  Saving model ...
Validation loss decreased (1.366369 --> 1.352825).  Saving model ...
Validation loss decreased (1.352825 --> 1.338517).  Saving model ...
Validation loss decreased (1.338517 --> 1.324618).  Saving model ...
Validation loss decreased (1.324618 --> 1.302586).  Saving model ...
Validation loss decreased (1.302586 --> 1.274858).  Saving model ...
Validation loss decreased (1.274858 --> 1.248158).  Saving model ...
Validation loss decreased (1.248158 --> 1.215279).  Saving model ...
Validation loss decreased (1.215279 --> 1.176188).  Saving model ...
Validation loss decreased (1.176188 --> 1.139169).  Saving model ...
Validation loss decreased (1.139169 --> 1.110790).  Saving model ...
Validation loss decreased (1.110790 --> 1.086061).  Saving model ...
Validation loss decreased (1.086061 --> 1.060245).  Saving model ...
Validation loss decreased (1.060245 --> 1.043501).  Saving model ...
Validation loss decreased (1.043501 --> 1.011978).  Saving model ...
Validation loss decreased (1.011978 --> 0.988963).  Saving model ...
Validation loss decreased (0.988963 --> 0.978097).  Saving model ...
Validation loss decreased (0.978097 --> 0.959937).  Saving model ...
Validation loss decreased (0.959937 --> 0.952411).  Saving model ...
Validation loss decreased (0.952411 --> 0.939491).  Saving model ...
Validation loss decreased (0.939491 --> 0.937577).  Saving model ...
EarlyStopping counter: 1 out of 25.0
Validation loss decreased (0.937577 --> 0.927456).  Saving model ...
EarlyStopping counter: 1 out of 25.0
EarlyStopping counter: 2 out of 25.0
EarlyStopping counter: 3 out of 25.0
EarlyStopping counter: 4 out of 25.0
EarlyStopping counter: 5 out of 25.0
EarlyStopping counter: 6 out of 25.0
EarlyStopping counter: 7 out of 25.0
EarlyStopping counter: 8 out of 25.0
EarlyStopping counter: 9 out of 25.0
EarlyStopping counter: 10 out of 25.0
EarlyStopping counter: 11 out of 25.0
EarlyStopping counter: 12 out of 25.0
EarlyStopping counter: 13 out of 25.0
EarlyStopping counter: 14 out of 25.0
EarlyStopping counter: 15 out of 25.0
EarlyStopping counter: 16 out of 25.0
EarlyStopping counter: 17 out of 25.0
EarlyStopping counter: 18 out of 25.0
EarlyStopping counter: 19 out of 25.0
EarlyStopping counter: 20 out of 25.0
EarlyStopping counter: 21 out of 25.0
EarlyStopping counter: 22 out of 25.0
EarlyStopping counter: 23 out of 25.0
EarlyStopping counter: 24 out of 25.0
EarlyStopping counter: 25 out of 25.0
/localscratch/yinan.28258430.0/env/lib/python3.7/site-packages/torch/nn/functional.py:1794: UserWarning: nn.functional.tanh is deprecated. Use torch.tanh instead.
  warnings.warn("nn.functional.tanh is deprecated. Use torch.tanh instead.")
wandb: Waiting for W&B process to finish, PID 139628... (success).
wandb: - 0.00MB of 0.00MB uploaded (0.00MB deduped)wandb: \ 0.00MB of 0.00MB uploaded (0.00MB deduped)wandb: | 0.00MB of 0.00MB uploaded (0.00MB deduped)wandb: / 0.00MB of 0.00MB uploaded (0.00MB deduped)wandb: - 0.00MB of 0.00MB uploaded (0.00MB deduped)wandb:                                                                                
wandb: Run history:
wandb:     e_F1 ▁▂▂▃▃▃▃▄▆▇▇▇▇█▇▇████▇█████████▇█▇█▇▇▇▇▇▇
wandb:   e_loss ███▇▇▆▆▅▅▄▃▃▃▂▂▁▁▁▁▁▁▁▁▁▁▁▁▁▁▂▂▂▂▂▂▃▃▃▃▄
wandb:     t_F1 ▁▂▁▁▂▃▃▃▃▄▅▅▅▅▅▆▅▅▆▆▆▆▆▆▇▆▇▇▇▇▇▇▇███████
wandb:   t_loss █████▇▇▇▇▆▆▆▆▅▅▅▄▅▄▄▄▄▃▃▃▃▃▃▃▂▂▂▂▂▂▂▁▁▁▁
wandb: 
wandb: Run summary:
wandb:     e_F1 58.66285
wandb:   e_loss 1.09863
wandb:     t_F1 91.9243
wandb:   t_loss 0.29137
wandb: 
wandb: Synced 4 W&B file(s), 0 media file(s), 0 artifact file(s) and 0 other file(s)
wandb: Synced stellar-planet-1: https://wandb.ai/yinanazhou/xl_512_bs_8_lr_1e06_es_25_lc_True_nr_False_stem_True_lemma_False_repeat_2_fold_2/runs/fzl4laor
wandb: Find logs at: ./wandb/run-20220305_100108-fzl4laor/logs/debug.log
wandb: 

wandb: wandb version 0.12.11 is available!  To upgrade, please run:
wandb:  $ pip install wandb --upgrade
2022-03-05 10:47:41.649264: I tensorflow/stream_executor/platform/default/dso_loader.cc:48] Successfully opened dynamic library libcudart.so.10.1
wandb: Tracking run with wandb version 0.12.5
wandb: Syncing run true-forest-1
wandb: ⭐️ View project at https://wandb.ai/yinanazhou/xl_512_bs_8_lr_1e06_es_25_lc_True_nr_False_stem_True_lemma_False_repeat_3_fold_1
wandb: 🚀 View run at https://wandb.ai/yinanazhou/xl_512_bs_8_lr_1e06_es_25_lc_True_nr_False_stem_True_lemma_False_repeat_3_fold_1/runs/2svoc3gy
wandb: Run data is saved locally in /project/6002780/yinan/Thesis_MER_Lyrics/lyric-emotion/wandb/run-20220305_104738-2svoc3gy
wandb: Run `wandb offline` to turn off syncing.

Validation loss decreased (inf --> 1.420664).  Saving model ...
Validation loss decreased (1.420664 --> 1.392749).  Saving model ...
Validation loss decreased (1.392749 --> 1.370512).  Saving model ...
Validation loss decreased (1.370512 --> 1.351270).  Saving model ...
Validation loss decreased (1.351270 --> 1.333036).  Saving model ...
Validation loss decreased (1.333036 --> 1.307007).  Saving model ...
Validation loss decreased (1.307007 --> 1.275394).  Saving model ...
Validation loss decreased (1.275394 --> 1.242304).  Saving model ...
Validation loss decreased (1.242304 --> 1.202040).  Saving model ...
Validation loss decreased (1.202040 --> 1.160405).  Saving model ...
Validation loss decreased (1.160405 --> 1.123380).  Saving model ...
Validation loss decreased (1.123380 --> 1.098649).  Saving model ...
Validation loss decreased (1.098649 --> 1.064972).  Saving model ...
Validation loss decreased (1.064972 --> 1.040121).  Saving model ...
Validation loss decreased (1.040121 --> 1.021224).  Saving model ...
Validation loss decreased (1.021224 --> 0.998549).  Saving model ...
Validation loss decreased (0.998549 --> 0.987985).  Saving model ...
Validation loss decreased (0.987985 --> 0.974416).  Saving model ...
Validation loss decreased (0.974416 --> 0.963643).  Saving model ...
Validation loss decreased (0.963643 --> 0.955187).  Saving model ...
Validation loss decreased (0.955187 --> 0.944972).  Saving model ...
Validation loss decreased (0.944972 --> 0.936649).  Saving model ...
EarlyStopping counter: 1 out of 25.0
Validation loss decreased (0.936649 --> 0.930446).  Saving model ...
EarlyStopping counter: 1 out of 25.0
EarlyStopping counter: 2 out of 25.0
EarlyStopping counter: 3 out of 25.0
EarlyStopping counter: 4 out of 25.0
EarlyStopping counter: 5 out of 25.0
EarlyStopping counter: 6 out of 25.0
EarlyStopping counter: 7 out of 25.0
EarlyStopping counter: 8 out of 25.0
EarlyStopping counter: 9 out of 25.0
EarlyStopping counter: 10 out of 25.0
EarlyStopping counter: 11 out of 25.0
EarlyStopping counter: 12 out of 25.0
EarlyStopping counter: 13 out of 25.0
EarlyStopping counter: 14 out of 25.0
EarlyStopping counter: 15 out of 25.0
EarlyStopping counter: 16 out of 25.0
EarlyStopping counter: 17 out of 25.0
EarlyStopping counter: 18 out of 25.0
EarlyStopping counter: 19 out of 25.0
EarlyStopping counter: 20 out of 25.0
EarlyStopping counter: 21 out of 25.0
EarlyStopping counter: 22 out of 25.0
EarlyStopping counter: 23 out of 25.0
EarlyStopping counter: 24 out of 25.0
EarlyStopping counter: 25 out of 25.0
/localscratch/yinan.28258430.0/env/lib/python3.7/site-packages/torch/nn/functional.py:1794: UserWarning: nn.functional.tanh is deprecated. Use torch.tanh instead.
  warnings.warn("nn.functional.tanh is deprecated. Use torch.tanh instead.")
wandb: Waiting for W&B process to finish, PID 142105... (success).
wandb: - 0.00MB of 0.00MB uploaded (0.00MB deduped)wandb: \ 0.00MB of 0.00MB uploaded (0.00MB deduped)wandb: | 0.00MB of 0.00MB uploaded (0.00MB deduped)wandb: / 0.00MB of 0.00MB uploaded (0.00MB deduped)wandb: - 0.00MB of 0.00MB uploaded (0.00MB deduped)wandb: \ 0.00MB of 0.00MB uploaded (0.00MB deduped)wandb: | 0.00MB of 0.00MB uploaded (0.00MB deduped)wandb: / 0.00MB of 0.00MB uploaded (0.00MB deduped)wandb: - 0.00MB of 0.00MB uploaded (0.00MB deduped)wandb: \ 0.00MB of 0.00MB uploaded (0.00MB deduped)wandb: | 0.00MB of 0.00MB uploaded (0.00MB deduped)wandb: / 0.00MB of 0.00MB uploaded (0.00MB deduped)wandb:                                                                                
wandb: Run history:
wandb:     e_F1 ▁▂▃▄▄▅▆▆▆▇▇▇▇▇▇█████████████████████████
wandb:   e_loss ██▇▇▇▆▅▅▄▃▃▃▂▂▂▁▁▁▁▁▁▁▁▁▁▁▁▁▁▁▂▂▂▂▂▂▂▃▃▃
wandb:     t_F1 ▁▂▂▂▃▃▄▄▄▅▄▅▅▅▅▆▆▆▆▆▆▆▆▆▇▇▇▇▇▇▇▇█▇██████
wandb:   t_loss ██▇▇▇▇▇▇▆▆▆▅▅▅▅▅▄▄▄▄▄▃▃▃▃▃▃▂▂▂▂▂▂▂▂▁▁▁▁▁
wandb: 
wandb: Run summary:
wandb:     e_F1 61.31307
wandb:   e_loss 1.08283
wandb:     t_F1 95.31646
wandb:   t_loss 0.23465
wandb: 
wandb: Synced 4 W&B file(s), 0 media file(s), 0 artifact file(s) and 0 other file(s)
wandb: Synced true-forest-1: https://wandb.ai/yinanazhou/xl_512_bs_8_lr_1e06_es_25_lc_True_nr_False_stem_True_lemma_False_repeat_3_fold_1/runs/2svoc3gy
wandb: Find logs at: ./wandb/run-20220305_104738-2svoc3gy/logs/debug.log
wandb: 

wandb: wandb version 0.12.11 is available!  To upgrade, please run:
wandb:  $ pip install wandb --upgrade
2022-03-05 11:34:01.812345: I tensorflow/stream_executor/platform/default/dso_loader.cc:48] Successfully opened dynamic library libcudart.so.10.1
wandb: Tracking run with wandb version 0.12.5
wandb: Syncing run expert-surf-1
wandb: ⭐️ View project at https://wandb.ai/yinanazhou/xl_512_bs_8_lr_1e06_es_25_lc_True_nr_False_stem_True_lemma_False_repeat_3_fold_2
wandb: 🚀 View run at https://wandb.ai/yinanazhou/xl_512_bs_8_lr_1e06_es_25_lc_True_nr_False_stem_True_lemma_False_repeat_3_fold_2/runs/20mjgk61
wandb: Run data is saved locally in /project/6002780/yinan/Thesis_MER_Lyrics/lyric-emotion/wandb/run-20220305_113359-20mjgk61
wandb: Run `wandb offline` to turn off syncing.

Validation loss decreased (inf --> 1.413033).  Saving model ...
Validation loss decreased (1.413033 --> 1.358505).  Saving model ...
Validation loss decreased (1.358505 --> 1.336111).  Saving model ...
Validation loss decreased (1.336111 --> 1.315120).  Saving model ...
Validation loss decreased (1.315120 --> 1.283223).  Saving model ...
Validation loss decreased (1.283223 --> 1.250067).  Saving model ...
Validation loss decreased (1.250067 --> 1.239873).  Saving model ...
Validation loss decreased (1.239873 --> 1.218195).  Saving model ...
Validation loss decreased (1.218195 --> 1.197136).  Saving model ...
Validation loss decreased (1.197136 --> 1.174499).  Saving model ...
Validation loss decreased (1.174499 --> 1.160055).  Saving model ...
Validation loss decreased (1.160055 --> 1.126052).  Saving model ...
Validation loss decreased (1.126052 --> 1.123849).  Saving model ...
Validation loss decreased (1.123849 --> 1.121920).  Saving model ...
Validation loss decreased (1.121920 --> 1.078719).  Saving model ...
Validation loss decreased (1.078719 --> 1.062749).  Saving model ...
EarlyStopping counter: 1 out of 25.0
Validation loss decreased (1.062749 --> 1.046420).  Saving model ...
Validation loss decreased (1.046420 --> 1.038860).  Saving model ...
Validation loss decreased (1.038860 --> 1.017103).  Saving model ...
Validation loss decreased (1.017103 --> 1.003061).  Saving model ...
Validation loss decreased (1.003061 --> 0.993755).  Saving model ...
EarlyStopping counter: 1 out of 25.0
EarlyStopping counter: 2 out of 25.0
Validation loss decreased (0.993755 --> 0.981611).  Saving model ...
EarlyStopping counter: 1 out of 25.0
Validation loss decreased (0.981611 --> 0.978311).  Saving model ...
Validation loss decreased (0.978311 --> 0.971911).  Saving model ...
Validation loss decreased (0.971911 --> 0.971181).  Saving model ...
EarlyStopping counter: 1 out of 25.0
EarlyStopping counter: 2 out of 25.0
Validation loss decreased (0.971181 --> 0.964917).  Saving model ...
EarlyStopping counter: 1 out of 25.0
EarlyStopping counter: 2 out of 25.0
EarlyStopping counter: 3 out of 25.0
Validation loss decreased (0.964917 --> 0.962619).  Saving model ...
EarlyStopping counter: 1 out of 25.0
EarlyStopping counter: 2 out of 25.0
EarlyStopping counter: 3 out of 25.0
EarlyStopping counter: 4 out of 25.0
EarlyStopping counter: 5 out of 25.0
EarlyStopping counter: 6 out of 25.0
EarlyStopping counter: 7 out of 25.0
EarlyStopping counter: 8 out of 25.0
EarlyStopping counter: 9 out of 25.0
EarlyStopping counter: 10 out of 25.0
EarlyStopping counter: 11 out of 25.0
EarlyStopping counter: 12 out of 25.0
EarlyStopping counter: 13 out of 25.0
EarlyStopping counter: 14 out of 25.0
EarlyStopping counter: 15 out of 25.0
EarlyStopping counter: 16 out of 25.0
EarlyStopping counter: 17 out of 25.0
EarlyStopping counter: 18 out of 25.0
EarlyStopping counter: 19 out of 25.0
EarlyStopping counter: 20 out of 25.0
EarlyStopping counter: 21 out of 25.0
EarlyStopping counter: 22 out of 25.0
EarlyStopping counter: 23 out of 25.0
EarlyStopping counter: 24 out of 25.0
EarlyStopping counter: 25 out of 25.0
/localscratch/yinan.28258430.0/env/lib/python3.7/site-packages/torch/nn/functional.py:1794: UserWarning: nn.functional.tanh is deprecated. Use torch.tanh instead.
  warnings.warn("nn.functional.tanh is deprecated. Use torch.tanh instead.")
wandb: Waiting for W&B process to finish, PID 144632... (success).
wandb: - 0.00MB of 0.00MB uploaded (0.00MB deduped)wandb: \ 0.00MB of 0.00MB uploaded (0.00MB deduped)wandb: | 0.00MB of 0.00MB uploaded (0.00MB deduped)wandb: / 0.00MB of 0.00MB uploaded (0.00MB deduped)wandb: - 0.00MB of 0.00MB uploaded (0.00MB deduped)wandb: \ 0.00MB of 0.00MB uploaded (0.00MB deduped)wandb: | 0.00MB of 0.00MB uploaded (0.00MB deduped)wandb: / 0.00MB of 0.00MB uploaded (0.00MB deduped)wandb: - 0.00MB of 0.00MB uploaded (0.00MB deduped)wandb: \ 0.00MB of 0.00MB uploaded (0.00MB deduped)wandb: | 0.00MB of 0.00MB uploaded (0.00MB deduped)wandb: / 0.00MB of 0.00MB uploaded (0.00MB deduped)wandb: - 0.00MB of 0.00MB uploaded (0.00MB deduped)wandb:                                                                                
wandb: Run history:
wandb:     e_F1 ▁▄▄▅▆▆▆▆▆▆▇▇▇▇▇▇▇▇▇▇▇▇████████▇▇████▇█▇▇
wandb:   e_loss █▇▆▆▅▅▄▄▄▃▃▃▂▂▁▂▁▁▁▁▁▁▁▁▁▂▂▂▂▂▃▃▃▃▃▄▄▄▅▅
wandb:     t_F1 ▁▂▃▃▃▃▄▄▅▅▅▅▅▆▆▆▆▆▆▆▇▇▇▇▇▇▇▇▇▇██████████
wandb:   t_loss █▇▇▇▇▇▆▆▆▆▅▅▅▅▄▄▄▄▄▃▃▃▃▃▃▂▂▂▂▂▂▂▂▂▁▁▁▁▁▁
wandb: 
wandb: Run summary:
wandb:     e_F1 58.18558
wandb:   e_loss 1.22243
wandb:     t_F1 98.09249
wandb:   t_loss 0.13799
wandb: 
wandb: Synced 4 W&B file(s), 0 media file(s), 0 artifact file(s) and 0 other file(s)
wandb: Synced expert-surf-1: https://wandb.ai/yinanazhou/xl_512_bs_8_lr_1e06_es_25_lc_True_nr_False_stem_True_lemma_False_repeat_3_fold_2/runs/20mjgk61
wandb: Find logs at: ./wandb/run-20220305_113359-20mjgk61/logs/debug.log
wandb: 

wandb: wandb version 0.12.11 is available!  To upgrade, please run:
wandb:  $ pip install wandb --upgrade
2022-03-05 12:31:40.507843: I tensorflow/stream_executor/platform/default/dso_loader.cc:48] Successfully opened dynamic library libcudart.so.10.1
wandb: Tracking run with wandb version 0.12.5
wandb: Syncing run swept-cherry-1
wandb: ⭐️ View project at https://wandb.ai/yinanazhou/xl_512_bs_8_lr_1e06_es_25_lc_True_nr_False_stem_True_lemma_False_repeat_4_fold_1
wandb: 🚀 View run at https://wandb.ai/yinanazhou/xl_512_bs_8_lr_1e06_es_25_lc_True_nr_False_stem_True_lemma_False_repeat_4_fold_1/runs/2equsz6m
wandb: Run data is saved locally in /project/6002780/yinan/Thesis_MER_Lyrics/lyric-emotion/wandb/run-20220305_123137-2equsz6m
wandb: Run `wandb offline` to turn off syncing.

Validation loss decreased (inf --> 1.392003).  Saving model ...
Validation loss decreased (1.392003 --> 1.374088).  Saving model ...
Validation loss decreased (1.374088 --> 1.359347).  Saving model ...
Validation loss decreased (1.359347 --> 1.347635).  Saving model ...
Validation loss decreased (1.347635 --> 1.331609).  Saving model ...
Validation loss decreased (1.331609 --> 1.315298).  Saving model ...
Validation loss decreased (1.315298 --> 1.295361).  Saving model ...
Validation loss decreased (1.295361 --> 1.272298).  Saving model ...
Validation loss decreased (1.272298 --> 1.238597).  Saving model ...
Validation loss decreased (1.238597 --> 1.211245).  Saving model ...
Validation loss decreased (1.211245 --> 1.196005).  Saving model ...
Validation loss decreased (1.196005 --> 1.168159).  Saving model ...
Validation loss decreased (1.168159 --> 1.144345).  Saving model ...
Validation loss decreased (1.144345 --> 1.121110).  Saving model ...
Validation loss decreased (1.121110 --> 1.102481).  Saving model ...
Validation loss decreased (1.102481 --> 1.085045).  Saving model ...
Validation loss decreased (1.085045 --> 1.070273).  Saving model ...
Validation loss decreased (1.070273 --> 1.044555).  Saving model ...
Validation loss decreased (1.044555 --> 1.029468).  Saving model ...
Validation loss decreased (1.029468 --> 1.016054).  Saving model ...
Validation loss decreased (1.016054 --> 1.001041).  Saving model ...
Validation loss decreased (1.001041 --> 0.990973).  Saving model ...
Validation loss decreased (0.990973 --> 0.977433).  Saving model ...
Validation loss decreased (0.977433 --> 0.974093).  Saving model ...
EarlyStopping counter: 1 out of 25.0
Validation loss decreased (0.974093 --> 0.968484).  Saving model ...
EarlyStopping counter: 1 out of 25.0
Validation loss decreased (0.968484 --> 0.963716).  Saving model ...
EarlyStopping counter: 1 out of 25.0
EarlyStopping counter: 2 out of 25.0
EarlyStopping counter: 3 out of 25.0
EarlyStopping counter: 4 out of 25.0
EarlyStopping counter: 5 out of 25.0
EarlyStopping counter: 6 out of 25.0
EarlyStopping counter: 7 out of 25.0
EarlyStopping counter: 8 out of 25.0
EarlyStopping counter: 9 out of 25.0
EarlyStopping counter: 10 out of 25.0
EarlyStopping counter: 11 out of 25.0
EarlyStopping counter: 12 out of 25.0
EarlyStopping counter: 13 out of 25.0
EarlyStopping counter: 14 out of 25.0
EarlyStopping counter: 15 out of 25.0
EarlyStopping counter: 16 out of 25.0
EarlyStopping counter: 17 out of 25.0
EarlyStopping counter: 18 out of 25.0
EarlyStopping counter: 19 out of 25.0
EarlyStopping counter: 20 out of 25.0
EarlyStopping counter: 21 out of 25.0
EarlyStopping counter: 22 out of 25.0
EarlyStopping counter: 23 out of 25.0
EarlyStopping counter: 24 out of 25.0
EarlyStopping counter: 25 out of 25.0
/localscratch/yinan.28258430.0/env/lib/python3.7/site-packages/torch/nn/functional.py:1794: UserWarning: nn.functional.tanh is deprecated. Use torch.tanh instead.
  warnings.warn("nn.functional.tanh is deprecated. Use torch.tanh instead.")
wandb: Waiting for W&B process to finish, PID 147785... (success).
wandb: - 0.00MB of 0.00MB uploaded (0.00MB deduped)wandb: \ 0.00MB of 0.00MB uploaded (0.00MB deduped)wandb: | 0.00MB of 0.00MB uploaded (0.00MB deduped)wandb: / 0.00MB of 0.00MB uploaded (0.00MB deduped)wandb:                                                                                
wandb: Run history:
wandb:     e_F1 ▁▂▃▄▅▅▆▆▆▆▆▇▇▇▇█████████████████████████
wandb:   e_loss ██▇▇▇▆▅▅▅▄▄▃▃▂▂▂▁▁▁▁▁▁▁▁▁▁▁▁▁▂▂▂▂▃▃▃▃▃▃▄
wandb:     t_F1 ▁▁▂▂▃▃▄▄▄▄▄▅▅▅▅▅▆▆▆▆▆▆▆▆▆▇▇▇▇▇▇▇▇███████
wandb:   t_loss ████▇▇▇▇▇▆▆▆▅▅▅▅▅▄▄▄▄▄▄▃▃▃▃▃▃▂▂▂▂▂▂▂▁▁▁▁
wandb: 
wandb: Run summary:
wandb:     e_F1 59.07727
wandb:   e_loss 1.13947
wandb:     t_F1 93.39093
wandb:   t_loss 0.27813
wandb: 
wandb: Synced 4 W&B file(s), 0 media file(s), 0 artifact file(s) and 0 other file(s)
wandb: Synced swept-cherry-1: https://wandb.ai/yinanazhou/xl_512_bs_8_lr_1e06_es_25_lc_True_nr_False_stem_True_lemma_False_repeat_4_fold_1/runs/2equsz6m
wandb: Find logs at: ./wandb/run-20220305_123137-2equsz6m/logs/debug.log
wandb: 

wandb: wandb version 0.12.11 is available!  To upgrade, please run:
wandb:  $ pip install wandb --upgrade
2022-03-05 13:21:55.032885: I tensorflow/stream_executor/platform/default/dso_loader.cc:48] Successfully opened dynamic library libcudart.so.10.1
wandb: Tracking run with wandb version 0.12.5
wandb: Syncing run dauntless-violet-1
wandb: ⭐️ View project at https://wandb.ai/yinanazhou/xl_512_bs_8_lr_1e06_es_25_lc_True_nr_False_stem_True_lemma_False_repeat_4_fold_2
wandb: 🚀 View run at https://wandb.ai/yinanazhou/xl_512_bs_8_lr_1e06_es_25_lc_True_nr_False_stem_True_lemma_False_repeat_4_fold_2/runs/iujtm84k
wandb: Run data is saved locally in /project/6002780/yinan/Thesis_MER_Lyrics/lyric-emotion/wandb/run-20220305_132152-iujtm84k
wandb: Run `wandb offline` to turn off syncing.

Validation loss decreased (inf --> 1.365907).  Saving model ...
Validation loss decreased (1.365907 --> 1.335998).  Saving model ...
Validation loss decreased (1.335998 --> 1.309434).  Saving model ...
Validation loss decreased (1.309434 --> 1.281800).  Saving model ...
Validation loss decreased (1.281800 --> 1.249952).  Saving model ...
Validation loss decreased (1.249952 --> 1.220354).  Saving model ...
Validation loss decreased (1.220354 --> 1.192012).  Saving model ...
Validation loss decreased (1.192012 --> 1.160113).  Saving model ...
Validation loss decreased (1.160113 --> 1.134379).  Saving model ...
Validation loss decreased (1.134379 --> 1.111245).  Saving model ...
Validation loss decreased (1.111245 --> 1.092965).  Saving model ...
Validation loss decreased (1.092965 --> 1.068371).  Saving model ...
Validation loss decreased (1.068371 --> 1.037894).  Saving model ...
Validation loss decreased (1.037894 --> 1.022111).  Saving model ...
Validation loss decreased (1.022111 --> 1.013918).  Saving model ...
Validation loss decreased (1.013918 --> 0.991805).  Saving model ...
Validation loss decreased (0.991805 --> 0.975272).  Saving model ...
EarlyStopping counter: 1 out of 25.0
Validation loss decreased (0.975272 --> 0.968308).  Saving model ...
EarlyStopping counter: 1 out of 25.0
EarlyStopping counter: 2 out of 25.0
Validation loss decreased (0.968308 --> 0.967819).  Saving model ...
Validation loss decreased (0.967819 --> 0.966330).  Saving model ...
EarlyStopping counter: 1 out of 25.0
EarlyStopping counter: 2 out of 25.0
EarlyStopping counter: 3 out of 25.0
EarlyStopping counter: 4 out of 25.0
EarlyStopping counter: 5 out of 25.0
EarlyStopping counter: 6 out of 25.0
EarlyStopping counter: 7 out of 25.0
EarlyStopping counter: 8 out of 25.0
EarlyStopping counter: 9 out of 25.0
EarlyStopping counter: 10 out of 25.0
EarlyStopping counter: 11 out of 25.0
EarlyStopping counter: 12 out of 25.0
EarlyStopping counter: 13 out of 25.0
EarlyStopping counter: 14 out of 25.0
EarlyStopping counter: 15 out of 25.0
EarlyStopping counter: 16 out of 25.0
EarlyStopping counter: 17 out of 25.0
EarlyStopping counter: 18 out of 25.0
EarlyStopping counter: 19 out of 25.0
EarlyStopping counter: 20 out of 25.0
EarlyStopping counter: 21 out of 25.0
EarlyStopping counter: 22 out of 25.0
EarlyStopping counter: 23 out of 25.0
EarlyStopping counter: 24 out of 25.0
EarlyStopping counter: 25 out of 25.0
/localscratch/yinan.28258430.0/env/lib/python3.7/site-packages/torch/nn/functional.py:1794: UserWarning: nn.functional.tanh is deprecated. Use torch.tanh instead.
  warnings.warn("nn.functional.tanh is deprecated. Use torch.tanh instead.")
wandb: Waiting for W&B process to finish, PID 150516... (success).
wandb: - 0.00MB of 0.00MB uploaded (0.00MB deduped)wandb: \ 0.00MB of 0.00MB uploaded (0.00MB deduped)wandb: | 0.00MB of 0.00MB uploaded (0.00MB deduped)wandb: / 0.00MB of 0.00MB uploaded (0.00MB deduped)wandb: - 0.00MB of 0.00MB uploaded (0.00MB deduped)wandb: \ 0.00MB of 0.00MB uploaded (0.00MB deduped)wandb: | 0.00MB of 0.00MB uploaded (0.00MB deduped)wandb: / 0.00MB of 0.00MB uploaded (0.00MB deduped)wandb: - 0.00MB of 0.00MB uploaded (0.00MB deduped)wandb: \ 0.00MB of 0.00MB uploaded (0.00MB deduped)wandb: | 0.00MB of 0.00MB uploaded (0.00MB deduped)wandb: / 0.00MB of 0.00MB uploaded (0.00MB deduped)wandb: - 0.00MB of 0.00MB uploaded (0.00MB deduped)wandb:                                                                                
wandb: Run history:
wandb:     e_F1 ▁▄▅▅▆▇▇▇▇▇██▇██████████▇████████████████
wandb:   e_loss █▇▇▇▆▅▄▄▄▃▂▂▂▁▁▁▁▁▁▁▁▁▁▂▁▂▂▂▂▂▂▂▃▃▃▄▄▄▅▅
wandb:     t_F1 ▁▁▂▂▃▃▄▄▄▅▅▅▅▆▆▆▆▆▆▆▆▆▇▇▇▇▇▇▇▇▇▇▇███████
wandb:   t_loss ████▇▇▇▆▆▆▆▅▅▅▅▄▄▄▄▄▄▃▃▃▃▃▃▃▂▂▂▂▂▂▂▁▁▁▁▁
wandb: 
wandb: Run summary:
wandb:     e_F1 57.79655
wandb:   e_loss 1.21621
wandb:     t_F1 96.80869
wandb:   t_loss 0.16932
wandb: 
wandb: Synced 4 W&B file(s), 0 media file(s), 0 artifact file(s) and 0 other file(s)
wandb: Synced dauntless-violet-1: https://wandb.ai/yinanazhou/xl_512_bs_8_lr_1e06_es_25_lc_True_nr_False_stem_True_lemma_False_repeat_4_fold_2/runs/iujtm84k
wandb: Find logs at: ./wandb/run-20220305_132152-iujtm84k/logs/debug.log
wandb: 

wandb: wandb version 0.12.11 is available!  To upgrade, please run:
wandb:  $ pip install wandb --upgrade
2022-03-05 14:07:21.905138: I tensorflow/stream_executor/platform/default/dso_loader.cc:48] Successfully opened dynamic library libcudart.so.10.1
wandb: Tracking run with wandb version 0.12.5
wandb: Syncing run legendary-dew-1
wandb: ⭐️ View project at https://wandb.ai/yinanazhou/xl_512_bs_8_lr_1e06_es_25_lc_True_nr_False_stem_True_lemma_False_repeat_5_fold_1
wandb: 🚀 View run at https://wandb.ai/yinanazhou/xl_512_bs_8_lr_1e06_es_25_lc_True_nr_False_stem_True_lemma_False_repeat_5_fold_1/runs/1y3r1kau
wandb: Run data is saved locally in /project/6002780/yinan/Thesis_MER_Lyrics/lyric-emotion/wandb/run-20220305_140718-1y3r1kau
wandb: Run `wandb offline` to turn off syncing.

Validation loss decreased (inf --> 1.387600).  Saving model ...
Validation loss decreased (1.387600 --> 1.369893).  Saving model ...
Validation loss decreased (1.369893 --> 1.352046).  Saving model ...
Validation loss decreased (1.352046 --> 1.330379).  Saving model ...
Validation loss decreased (1.330379 --> 1.295837).  Saving model ...
Validation loss decreased (1.295837 --> 1.269463).  Saving model ...
Validation loss decreased (1.269463 --> 1.233058).  Saving model ...
Validation loss decreased (1.233058 --> 1.202960).  Saving model ...
Validation loss decreased (1.202960 --> 1.176147).  Saving model ...
Validation loss decreased (1.176147 --> 1.141402).  Saving model ...
Validation loss decreased (1.141402 --> 1.115273).  Saving model ...
Validation loss decreased (1.115273 --> 1.089784).  Saving model ...
Validation loss decreased (1.089784 --> 1.062518).  Saving model ...
Validation loss decreased (1.062518 --> 1.043759).  Saving model ...
Validation loss decreased (1.043759 --> 1.023990).  Saving model ...
Validation loss decreased (1.023990 --> 1.010538).  Saving model ...
Validation loss decreased (1.010538 --> 1.000891).  Saving model ...
Validation loss decreased (1.000891 --> 0.985859).  Saving model ...
Validation loss decreased (0.985859 --> 0.975764).  Saving model ...
Validation loss decreased (0.975764 --> 0.959734).  Saving model ...
Validation loss decreased (0.959734 --> 0.956873).  Saving model ...
Validation loss decreased (0.956873 --> 0.951489).  Saving model ...
EarlyStopping counter: 1 out of 25.0
EarlyStopping counter: 2 out of 25.0
EarlyStopping counter: 3 out of 25.0
EarlyStopping counter: 4 out of 25.0
EarlyStopping counter: 5 out of 25.0
EarlyStopping counter: 6 out of 25.0
EarlyStopping counter: 7 out of 25.0
EarlyStopping counter: 8 out of 25.0
EarlyStopping counter: 9 out of 25.0
EarlyStopping counter: 10 out of 25.0
EarlyStopping counter: 11 out of 25.0
EarlyStopping counter: 12 out of 25.0
EarlyStopping counter: 13 out of 25.0
EarlyStopping counter: 14 out of 25.0
EarlyStopping counter: 15 out of 25.0
EarlyStopping counter: 16 out of 25.0
EarlyStopping counter: 17 out of 25.0
EarlyStopping counter: 18 out of 25.0
EarlyStopping counter: 19 out of 25.0
EarlyStopping counter: 20 out of 25.0
EarlyStopping counter: 21 out of 25.0
EarlyStopping counter: 22 out of 25.0
EarlyStopping counter: 23 out of 25.0
EarlyStopping counter: 24 out of 25.0
EarlyStopping counter: 25 out of 25.0
/localscratch/yinan.28258430.0/env/lib/python3.7/site-packages/torch/nn/functional.py:1794: UserWarning: nn.functional.tanh is deprecated. Use torch.tanh instead.
  warnings.warn("nn.functional.tanh is deprecated. Use torch.tanh instead.")
wandb: Waiting for W&B process to finish, PID 152985... (success).
wandb: - 0.00MB of 0.00MB uploaded (0.00MB deduped)wandb: \ 0.00MB of 0.00MB uploaded (0.00MB deduped)wandb: | 0.00MB of 0.00MB uploaded (0.00MB deduped)wandb: / 0.00MB of 0.00MB uploaded (0.00MB deduped)wandb:                                                                                
wandb: Run history:
wandb:     e_F1 ▁▂▃▃▄▅▆▆▇▇▇▇▇▇▇██████████████████▇██████
wandb:   e_loss ██▇▇▇▆▅▅▄▄▃▃▂▂▂▂▁▁▁▁▁▁▁▁▁▁▁▂▂▂▂▂▂▃▃▃▄▄▄▄
wandb:     t_F1 ▁▂▂▂▃▃▄▄▄▄▅▅▅▅▅▆▆▆▆▆▆▆▆▇▇▇▇▇▇▇▇▇▇▇██████
wandb:   t_loss ████▇▇▇▆▆▆▆▆▅▅▅▅▄▄▄▄▄▄▃▃▃▃▃▂▂▂▂▂▂▂▂▁▁▁▁▁
wandb: 
wandb: Run summary:
wandb:     e_F1 57.46526
wandb:   e_loss 1.16459
wandb:     t_F1 97.87729
wandb:   t_loss 0.17077
wandb: 
wandb: Synced 4 W&B file(s), 0 media file(s), 0 artifact file(s) and 0 other file(s)
wandb: Synced legendary-dew-1: https://wandb.ai/yinanazhou/xl_512_bs_8_lr_1e06_es_25_lc_True_nr_False_stem_True_lemma_False_repeat_5_fold_1/runs/1y3r1kau
wandb: Find logs at: ./wandb/run-20220305_140718-1y3r1kau/logs/debug.log
wandb: 

wandb: wandb version 0.12.11 is available!  To upgrade, please run:
wandb:  $ pip install wandb --upgrade
2022-03-05 14:51:46.724032: I tensorflow/stream_executor/platform/default/dso_loader.cc:48] Successfully opened dynamic library libcudart.so.10.1
wandb: Tracking run with wandb version 0.12.5
wandb: Syncing run rare-paper-1
wandb: ⭐️ View project at https://wandb.ai/yinanazhou/xl_512_bs_8_lr_1e06_es_25_lc_True_nr_False_stem_True_lemma_False_repeat_5_fold_2
wandb: 🚀 View run at https://wandb.ai/yinanazhou/xl_512_bs_8_lr_1e06_es_25_lc_True_nr_False_stem_True_lemma_False_repeat_5_fold_2/runs/1f3vfghs
wandb: Run data is saved locally in /project/6002780/yinan/Thesis_MER_Lyrics/lyric-emotion/wandb/run-20220305_145143-1f3vfghs
wandb: Run `wandb offline` to turn off syncing.

Validation loss decreased (inf --> 1.384858).  Saving model ...
Validation loss decreased (1.384858 --> 1.369704).  Saving model ...
Validation loss decreased (1.369704 --> 1.355491).  Saving model ...
Validation loss decreased (1.355491 --> 1.341098).  Saving model ...
Validation loss decreased (1.341098 --> 1.322851).  Saving model ...
Validation loss decreased (1.322851 --> 1.301111).  Saving model ...
Validation loss decreased (1.301111 --> 1.279975).  Saving model ...
Validation loss decreased (1.279975 --> 1.251901).  Saving model ...
Validation loss decreased (1.251901 --> 1.227139).  Saving model ...
Validation loss decreased (1.227139 --> 1.201540).  Saving model ...
Validation loss decreased (1.201540 --> 1.166381).  Saving model ...
Validation loss decreased (1.166381 --> 1.154292).  Saving model ...
Validation loss decreased (1.154292 --> 1.108870).  Saving model ...
Validation loss decreased (1.108870 --> 1.093685).  Saving model ...
Validation loss decreased (1.093685 --> 1.071562).  Saving model ...
Validation loss decreased (1.071562 --> 1.059967).  Saving model ...
Validation loss decreased (1.059967 --> 1.037289).  Saving model ...
Validation loss decreased (1.037289 --> 1.005738).  Saving model ...
Validation loss decreased (1.005738 --> 0.994831).  Saving model ...
Validation loss decreased (0.994831 --> 0.985341).  Saving model ...
Validation loss decreased (0.985341 --> 0.961586).  Saving model ...
Validation loss decreased (0.961586 --> 0.953086).  Saving model ...
Validation loss decreased (0.953086 --> 0.939706).  Saving model ...
Validation loss decreased (0.939706 --> 0.927835).  Saving model ...
Validation loss decreased (0.927835 --> 0.926182).  Saving model ...
Validation loss decreased (0.926182 --> 0.916587).  Saving model ...
EarlyStopping counter: 1 out of 25.0
Validation loss decreased (0.916587 --> 0.912849).  Saving model ...
Validation loss decreased (0.912849 --> 0.908000).  Saving model ...
Validation loss decreased (0.908000 --> 0.905839).  Saving model ...
EarlyStopping counter: 1 out of 25.0
Validation loss decreased (0.905839 --> 0.901473).  Saving model ...
Validation loss decreased (0.901473 --> 0.900678).  Saving model ...
EarlyStopping counter: 1 out of 25.0
EarlyStopping counter: 2 out of 25.0
EarlyStopping counter: 3 out of 25.0
EarlyStopping counter: 4 out of 25.0
EarlyStopping counter: 5 out of 25.0
EarlyStopping counter: 6 out of 25.0
EarlyStopping counter: 7 out of 25.0
EarlyStopping counter: 8 out of 25.0
EarlyStopping counter: 9 out of 25.0
EarlyStopping counter: 10 out of 25.0
EarlyStopping counter: 11 out of 25.0
EarlyStopping counter: 12 out of 25.0
EarlyStopping counter: 13 out of 25.0
EarlyStopping counter: 14 out of 25.0
EarlyStopping counter: 15 out of 25.0
EarlyStopping counter: 16 out of 25.0
EarlyStopping counter: 17 out of 25.0
EarlyStopping counter: 18 out of 25.0
EarlyStopping counter: 19 out of 25.0
EarlyStopping counter: 20 out of 25.0
EarlyStopping counter: 21 out of 25.0
EarlyStopping counter: 22 out of 25.0
EarlyStopping counter: 23 out of 25.0
EarlyStopping counter: 24 out of 25.0
EarlyStopping counter: 25 out of 25.0
/localscratch/yinan.28258430.0/env/lib/python3.7/site-packages/torch/nn/functional.py:1794: UserWarning: nn.functional.tanh is deprecated. Use torch.tanh instead.
  warnings.warn("nn.functional.tanh is deprecated. Use torch.tanh instead.")
wandb: Waiting for W&B process to finish, PID 155392... (success).
wandb: - 0.00MB of 0.00MB uploaded (0.00MB deduped)wandb: \ 0.00MB of 0.00MB uploaded (0.00MB deduped)wandb: | 0.00MB of 0.00MB uploaded (0.00MB deduped)wandb: / 0.00MB of 0.00MB uploaded (0.00MB deduped)wandb: - 0.00MB of 0.00MB uploaded (0.00MB deduped)wandb: \ 0.00MB of 0.00MB uploaded (0.00MB deduped)wandb: | 0.00MB of 0.00MB uploaded (0.00MB deduped)wandb:                                                                                
wandb: Run history:
wandb:     e_F1 ▁▃▃▄▅▅▆▆▆▇▇▇▇██████████████████▇▇▇▇▇▇▇▇▇
wandb:   e_loss ███▇▇▆▆▅▅▄▃▃▃▂▂▂▁▁▁▁▁▁▁▁▁▁▁▂▂▂▂▂▂▂▃▃▃▃▄▄
wandb:     t_F1 ▁▁▁▂▃▃▃▄▄▄▄▅▅▅▅▅▆▆▆▆▆▆▆▆▇▇▇▇▇▇▇▇▇▇██████
wandb:   t_loss ████▇▇▇▇▆▆▆▆▅▅▅▅▄▄▄▄▄▄▃▃▃▃▃▃▃▂▂▂▂▂▂▁▁▁▁▁
wandb: 
wandb: Run summary:
wandb:     e_F1 59.83978
wandb:   e_loss 1.10719
wandb:     t_F1 97.44878
wandb:   t_loss 0.17086
wandb: 
wandb: Synced 4 W&B file(s), 0 media file(s), 0 artifact file(s) and 0 other file(s)
wandb: Synced rare-paper-1: https://wandb.ai/yinanazhou/xl_512_bs_8_lr_1e06_es_25_lc_True_nr_False_stem_True_lemma_False_repeat_5_fold_2/runs/1f3vfghs
wandb: Find logs at: ./wandb/run-20220305_145143-1f3vfghs/logs/debug.log
wandb: 

