Unloading StdEnv/2020

Due to MODULEPATH changes, the following have been reloaded:
  1) mii/1.1.1


The following have been reloaded with a version change:
  1) python/3.8.2 => python/3.7.4

Using base prefix '/cvmfs/soft.computecanada.ca/easybuild/software/2017/Core/python/3.7.4'
<<<<<<< HEAD
<<<<<<< HEAD
<<<<<<< HEAD
New python executable in /localscratch/yinan.28555874.0/env/bin/python
=======
New python executable in /localscratch/yinan.28555974.0/env/bin/python
>>>>>>> deeb402b1d9359b1981ff022def33eacd88cafbb
=======
New python executable in /localscratch/yinan.28555974.0/env/bin/python
>>>>>>> deeb402b1d9359b1981ff022def33eacd88cafbb
=======
New python executable in /localscratch/yinan.28555974.0/env/bin/python
>>>>>>> deeb402b1d9359b1981ff022def33eacd88cafbb
Installing setuptools, pip, wheel...
done.
Ignoring pip: markers 'python_version < "3"' don't match your environment
Looking in links: /cvmfs/soft.computecanada.ca/custom/python/wheelhouse/nix/avx2, /cvmfs/soft.computecanada.ca/custom/python/wheelhouse/nix/generic, /cvmfs/soft.computecanada.ca/custom/python/wheelhouse/generic
Collecting pip
Installing collected packages: pip
  Found existing installation: pip 19.1.1
    Uninstalling pip-19.1.1:
      Successfully uninstalled pip-19.1.1
Successfully installed pip-21.2.3+computecanada
Looking in links: /cvmfs/soft.computecanada.ca/custom/python/wheelhouse/nix/avx2, /cvmfs/soft.computecanada.ca/custom/python/wheelhouse/nix/generic, /cvmfs/soft.computecanada.ca/custom/python/wheelhouse/generic
Processing /cvmfs/soft.computecanada.ca/custom/python/wheelhouse/generic/keras-2.8.0+computecanada-py2.py3-none-any.whl
Processing /cvmfs/soft.computecanada.ca/custom/python/wheelhouse/generic/Keras_Preprocessing-1.1.2+computecanada-py3-none-any.whl
Requirement already satisfied: matplotlib in /cvmfs/soft.computecanada.ca/easybuild/software/2017/Core/scipy-stack/2019a/lib/python3.7/site-packages (from -r requirements.txt (line 3)) (3.0.2)
Processing /cvmfs/soft.computecanada.ca/custom/python/wheelhouse/generic/nltk-3.6.5+computecanada-py3-none-any.whl
Processing /cvmfs/soft.computecanada.ca/custom/python/wheelhouse/generic/scikit_learn-0.22.1+computecanada-cp37-cp37m-linux_x86_64.whl
Processing /cvmfs/soft.computecanada.ca/custom/python/wheelhouse/generic/tensorboard-2.3.0+computecanada-py3-none-any.whl
Processing /cvmfs/soft.computecanada.ca/custom/python/wheelhouse/generic/tensorboard_plugin_wit-1.7.0+computecanada-py3-none-any.whl
Processing /cvmfs/soft.computecanada.ca/custom/python/wheelhouse/generic/tensorflow_gpu-2.3.0+computecanada-cp37-cp37m-linux_x86_64.whl
Processing /cvmfs/soft.computecanada.ca/custom/python/wheelhouse/generic/tensorflow_estimator-2.3.0+computecanada-py2.py3-none-any.whl
Processing /cvmfs/soft.computecanada.ca/custom/python/wheelhouse/generic/tokenizers-0.5.2+computecanada-cp37-cp37m-linux_x86_64.whl
Processing /cvmfs/soft.computecanada.ca/custom/python/wheelhouse/nix/avx2/torch-1.4.0+computecanada-cp37-cp37m-linux_x86_64.whl
Processing /cvmfs/soft.computecanada.ca/custom/python/wheelhouse/generic/torchtext-0.6.0+computecanada-py3-none-any.whl
Processing /cvmfs/soft.computecanada.ca/custom/python/wheelhouse/generic/torchvision-0.8.2+computecanada-cp37-cp37m-linux_x86_64.whl
Processing /cvmfs/soft.computecanada.ca/custom/python/wheelhouse/generic/transformers-2.5.1+computecanada-py3-none-any.whl
Processing /cvmfs/soft.computecanada.ca/custom/python/wheelhouse/generic/urllib3-1.26.7+computecanada-py2.py3-none-any.whl
Processing /cvmfs/soft.computecanada.ca/custom/python/wheelhouse/generic/joblib-1.1.0+computecanada-py2.py3-none-any.whl
ERROR: Could not find a version that satisfies the requirement regex>=2021.8.3 (from nltk) (from versions: 2018.1.10+computecanada, 2019.11.1+computecanada, 2020.11.13+computecanada)
ERROR: No matching distribution found for regex>=2021.8.3
Looking in links: /cvmfs/soft.computecanada.ca/custom/python/wheelhouse/nix/avx2, /cvmfs/soft.computecanada.ca/custom/python/wheelhouse/nix/generic, /cvmfs/soft.computecanada.ca/custom/python/wheelhouse/generic
ERROR: Could not find a version that satisfies the requirement numpy==1.20.0+computacanada (from versions: 1.15.0+computecanada, 1.15.2+computecanada, 1.15.4+computecanada, 1.16.0+computecanada, 1.16.2+computecanada, 1.16.3+computecanada, 1.17.4+computecanada, 1.18.1+computecanada, 1.18.4+computecanada, 1.19.1+computecanada, 1.19.2+computecanada, 1.20.2+computecanada)
ERROR: No matching distribution found for numpy==1.20.0+computacanada
Looking in links: /cvmfs/soft.computecanada.ca/custom/python/wheelhouse/nix/avx2, /cvmfs/soft.computecanada.ca/custom/python/wheelhouse/nix/generic, /cvmfs/soft.computecanada.ca/custom/python/wheelhouse/generic
Processing /cvmfs/soft.computecanada.ca/custom/python/wheelhouse/generic/wandb-0.12.5+computecanada-py2.py3-none-any.whl
<<<<<<< HEAD
<<<<<<< HEAD
<<<<<<< HEAD
Processing /cvmfs/soft.computecanada.ca/custom/python/wheelhouse/generic/subprocess32-3.5.4+computecanada-py3-none-any.whl
Processing /cvmfs/soft.computecanada.ca/custom/python/wheelhouse/generic/PyYAML-5.3.1+computecanada-cp37-cp37m-linux_x86_64.whl
Processing /cvmfs/soft.computecanada.ca/custom/python/wheelhouse/generic/sentry_sdk-1.5.0+computecanada-py2.py3-none-any.whl
Processing /cvmfs/soft.computecanada.ca/custom/python/wheelhouse/generic/promise-2.3+computecanada-py3-none-any.whl
Requirement already satisfied: requests<3,>=2.0.0 in /cvmfs/soft.computecanada.ca/easybuild/software/2017/Core/scipy-stack/2019a/lib/python3.7/site-packages (from wandb) (2.21.0)
Processing /cvmfs/soft.computecanada.ca/custom/python/wheelhouse/generic/psutil-5.7.3+computecanada-cp37-cp37m-linux_x86_64.whl
Processing /cvmfs/soft.computecanada.ca/custom/python/wheelhouse/generic/protobuf-3.19.4+computecanada-py2.py3-none-any.whl
Processing /cvmfs/soft.computecanada.ca/custom/python/wheelhouse/generic/shortuuid-1.0.1+computecanada-py3-none-any.whl
Processing /cvmfs/soft.computecanada.ca/custom/python/wheelhouse/generic/docker_pycreds-0.4.0+computecanada-py2.py3-none-any.whl
Processing /cvmfs/soft.computecanada.ca/custom/python/wheelhouse/generic/GitPython-3.1.24+computecanada-py3-none-any.whl
Processing /cvmfs/soft.computecanada.ca/custom/python/wheelhouse/generic/six-1.16.0+computecanada-py2.py3-none-any.whl
Processing /cvmfs/soft.computecanada.ca/custom/python/wheelhouse/generic/yaspin-2.1.0+computecanada-py3-none-any.whl
Processing /cvmfs/soft.computecanada.ca/custom/python/wheelhouse/generic/configparser-5.0.2+computecanada-py3-none-any.whl
Processing /cvmfs/soft.computecanada.ca/custom/python/wheelhouse/generic/click-8.0.3+computecanada-py3-none-any.whl
Requirement already satisfied: python-dateutil>=2.6.1 in /cvmfs/soft.computecanada.ca/easybuild/software/2017/Core/scipy-stack/2019a/lib/python3.7/site-packages (from wandb) (2.7.5)
Processing /cvmfs/soft.computecanada.ca/custom/python/wheelhouse/generic/pathtools-0.1.2+computecanada-py3-none-any.whl
Requirement already satisfied: importlib-metadata in /cvmfs/soft.computecanada.ca/easybuild/software/2017/Core/scipy-stack/2019a/lib/python3.7/site-packages (from Click!=8.0.0,>=7.0->wandb) (0.8)
Processing /cvmfs/soft.computecanada.ca/custom/python/wheelhouse/generic/typing_extensions-4.0.1+computecanada-py3-none-any.whl
Processing /cvmfs/soft.computecanada.ca/custom/python/wheelhouse/generic/gitdb-4.0.9+computecanada-py3-none-any.whl
Processing /cvmfs/soft.computecanada.ca/custom/python/wheelhouse/generic/smmap-5.0.0+computecanada-py3-none-any.whl
Requirement already satisfied: idna<2.9,>=2.5 in /cvmfs/soft.computecanada.ca/easybuild/software/2017/Core/scipy-stack/2019a/lib/python3.7/site-packages (from requests<3,>=2.0.0->wandb) (2.8)
Requirement already satisfied: chardet<3.1.0,>=3.0.2 in /cvmfs/soft.computecanada.ca/easybuild/software/2017/Core/scipy-stack/2019a/lib/python3.7/site-packages (from requests<3,>=2.0.0->wandb) (3.0.4)
Requirement already satisfied: certifi>=2017.4.17 in /cvmfs/soft.computecanada.ca/easybuild/software/2017/Core/scipy-stack/2019a/lib/python3.7/site-packages (from requests<3,>=2.0.0->wandb) (2018.11.29)
Requirement already satisfied: urllib3<1.25,>=1.21.1 in /cvmfs/soft.computecanada.ca/easybuild/software/2017/Core/scipy-stack/2019a/lib/python3.7/site-packages (from requests<3,>=2.0.0->wandb) (1.24.1)
=======
=======
>>>>>>> deeb402b1d9359b1981ff022def33eacd88cafbb
=======
>>>>>>> deeb402b1d9359b1981ff022def33eacd88cafbb
Requirement already satisfied: python-dateutil>=2.6.1 in /cvmfs/soft.computecanada.ca/easybuild/software/2017/Core/scipy-stack/2019a/lib/python3.7/site-packages (from wandb) (2.7.5)
Requirement already satisfied: requests<3,>=2.0.0 in /cvmfs/soft.computecanada.ca/easybuild/software/2017/Core/scipy-stack/2019a/lib/python3.7/site-packages (from wandb) (2.21.0)
Processing /cvmfs/soft.computecanada.ca/custom/python/wheelhouse/generic/yaspin-2.1.0+computecanada-py3-none-any.whl
Processing /cvmfs/soft.computecanada.ca/custom/python/wheelhouse/generic/subprocess32-3.5.4+computecanada-py3-none-any.whl
Processing /cvmfs/soft.computecanada.ca/custom/python/wheelhouse/generic/configparser-5.0.2+computecanada-py3-none-any.whl
Processing /cvmfs/soft.computecanada.ca/custom/python/wheelhouse/generic/docker_pycreds-0.4.0+computecanada-py2.py3-none-any.whl
Processing /cvmfs/soft.computecanada.ca/custom/python/wheelhouse/generic/sentry_sdk-1.5.0+computecanada-py2.py3-none-any.whl
Processing /cvmfs/soft.computecanada.ca/custom/python/wheelhouse/generic/GitPython-3.1.24+computecanada-py3-none-any.whl
Processing /cvmfs/soft.computecanada.ca/custom/python/wheelhouse/generic/psutil-5.7.3+computecanada-cp37-cp37m-linux_x86_64.whl
Processing /cvmfs/soft.computecanada.ca/custom/python/wheelhouse/generic/PyYAML-5.3.1+computecanada-cp37-cp37m-linux_x86_64.whl
Processing /cvmfs/soft.computecanada.ca/custom/python/wheelhouse/generic/protobuf-3.19.4+computecanada-py2.py3-none-any.whl
Processing /cvmfs/soft.computecanada.ca/custom/python/wheelhouse/generic/shortuuid-1.0.1+computecanada-py3-none-any.whl
Processing /cvmfs/soft.computecanada.ca/custom/python/wheelhouse/generic/pathtools-0.1.2+computecanada-py3-none-any.whl
Processing /cvmfs/soft.computecanada.ca/custom/python/wheelhouse/generic/promise-2.3+computecanada-py3-none-any.whl
Processing /cvmfs/soft.computecanada.ca/custom/python/wheelhouse/generic/click-8.0.3+computecanada-py3-none-any.whl
Processing /cvmfs/soft.computecanada.ca/custom/python/wheelhouse/generic/six-1.16.0+computecanada-py2.py3-none-any.whl
Requirement already satisfied: importlib-metadata in /cvmfs/soft.computecanada.ca/easybuild/software/2017/Core/scipy-stack/2019a/lib/python3.7/site-packages (from Click!=8.0.0,>=7.0->wandb) (0.8)
Processing /cvmfs/soft.computecanada.ca/custom/python/wheelhouse/generic/gitdb-4.0.9+computecanada-py3-none-any.whl
Processing /cvmfs/soft.computecanada.ca/custom/python/wheelhouse/generic/typing_extensions-4.0.1+computecanada-py3-none-any.whl
Processing /cvmfs/soft.computecanada.ca/custom/python/wheelhouse/generic/smmap-5.0.0+computecanada-py3-none-any.whl
Requirement already satisfied: urllib3<1.25,>=1.21.1 in /cvmfs/soft.computecanada.ca/easybuild/software/2017/Core/scipy-stack/2019a/lib/python3.7/site-packages (from requests<3,>=2.0.0->wandb) (1.24.1)
Requirement already satisfied: chardet<3.1.0,>=3.0.2 in /cvmfs/soft.computecanada.ca/easybuild/software/2017/Core/scipy-stack/2019a/lib/python3.7/site-packages (from requests<3,>=2.0.0->wandb) (3.0.4)
Requirement already satisfied: certifi>=2017.4.17 in /cvmfs/soft.computecanada.ca/easybuild/software/2017/Core/scipy-stack/2019a/lib/python3.7/site-packages (from requests<3,>=2.0.0->wandb) (2018.11.29)
Requirement already satisfied: idna<2.9,>=2.5 in /cvmfs/soft.computecanada.ca/easybuild/software/2017/Core/scipy-stack/2019a/lib/python3.7/site-packages (from requests<3,>=2.0.0->wandb) (2.8)
<<<<<<< HEAD
<<<<<<< HEAD
>>>>>>> deeb402b1d9359b1981ff022def33eacd88cafbb
=======
>>>>>>> deeb402b1d9359b1981ff022def33eacd88cafbb
=======
>>>>>>> deeb402b1d9359b1981ff022def33eacd88cafbb
Processing /cvmfs/soft.computecanada.ca/custom/python/wheelhouse/generic/termcolor-1.1.0+computecanada-py3-none-any.whl
Requirement already satisfied: zipp>=0.3.2 in /cvmfs/soft.computecanada.ca/easybuild/software/2017/Core/scipy-stack/2019a/lib/python3.7/site-packages (from importlib-metadata->Click!=8.0.0,>=7.0->wandb) (0.3.3)
Installing collected packages: smmap, typing-extensions, termcolor, six, gitdb, yaspin, subprocess32, shortuuid, sentry-sdk, PyYAML, psutil, protobuf, promise, pathtools, GitPython, docker-pycreds, configparser, Click, wandb
  Attempting uninstall: six
    Found existing installation: six 1.12.0
<<<<<<< HEAD
<<<<<<< HEAD
<<<<<<< HEAD
    Not uninstalling six at /cvmfs/soft.computecanada.ca/easybuild/software/2017/Core/scipy-stack/2019a/lib/python3.7/site-packages, outside environment /localscratch/yinan.28555874.0/env
=======
    Not uninstalling six at /cvmfs/soft.computecanada.ca/easybuild/software/2017/Core/scipy-stack/2019a/lib/python3.7/site-packages, outside environment /localscratch/yinan.28555974.0/env
>>>>>>> deeb402b1d9359b1981ff022def33eacd88cafbb
=======
    Not uninstalling six at /cvmfs/soft.computecanada.ca/easybuild/software/2017/Core/scipy-stack/2019a/lib/python3.7/site-packages, outside environment /localscratch/yinan.28555974.0/env
>>>>>>> deeb402b1d9359b1981ff022def33eacd88cafbb
=======
    Not uninstalling six at /cvmfs/soft.computecanada.ca/easybuild/software/2017/Core/scipy-stack/2019a/lib/python3.7/site-packages, outside environment /localscratch/yinan.28555974.0/env
>>>>>>> deeb402b1d9359b1981ff022def33eacd88cafbb
    Can't uninstall 'six'. No files were found to uninstall.
Successfully installed Click-8.0.3+computecanada GitPython-3.1.24+computecanada PyYAML-5.3.1+computecanada configparser-5.0.2+computecanada docker-pycreds-0.4.0+computecanada gitdb-4.0.9+computecanada pathtools-0.1.2+computecanada promise-2.3+computecanada protobuf-3.19.4+computecanada psutil-5.7.3+computecanada sentry-sdk-1.5.0+computecanada shortuuid-1.0.1+computecanada six-1.16.0+computecanada smmap-5.0.0+computecanada subprocess32-3.5.4+computecanada termcolor-1.1.0+computecanada typing-extensions-4.0.1+computecanada wandb-0.12.5+computecanada yaspin-2.1.0+computecanada
Looking in links: /cvmfs/soft.computecanada.ca/custom/python/wheelhouse/nix/avx2, /cvmfs/soft.computecanada.ca/custom/python/wheelhouse/nix/generic, /cvmfs/soft.computecanada.ca/custom/python/wheelhouse/generic
ERROR: Could not find a version that satisfies the requirement sagemaker (from versions: none)
ERROR: No matching distribution found for sagemaker
Looking in links: /cvmfs/soft.computecanada.ca/custom/python/wheelhouse/nix/avx2, /cvmfs/soft.computecanada.ca/custom/python/wheelhouse/nix/generic, /cvmfs/soft.computecanada.ca/custom/python/wheelhouse/generic
Processing /cvmfs/soft.computecanada.ca/custom/python/wheelhouse/generic/torch-1.9.1+computecanada-cp37-cp37m-linux_x86_64.whl
<<<<<<< HEAD
<<<<<<< HEAD
<<<<<<< HEAD
Requirement already satisfied: typing-extensions in /localscratch/yinan.28555874.0/env/lib/python3.7/site-packages (from torch) (4.0.1+computecanada)
=======
Requirement already satisfied: typing-extensions in /localscratch/yinan.28555974.0/env/lib/python3.7/site-packages (from torch) (4.0.1+computecanada)
>>>>>>> deeb402b1d9359b1981ff022def33eacd88cafbb
=======
Requirement already satisfied: typing-extensions in /localscratch/yinan.28555974.0/env/lib/python3.7/site-packages (from torch) (4.0.1+computecanada)
>>>>>>> deeb402b1d9359b1981ff022def33eacd88cafbb
=======
Requirement already satisfied: typing-extensions in /localscratch/yinan.28555974.0/env/lib/python3.7/site-packages (from torch) (4.0.1+computecanada)
>>>>>>> deeb402b1d9359b1981ff022def33eacd88cafbb
Installing collected packages: torch
Successfully installed torch-1.9.1+computecanada
Looking in links: /cvmfs/soft.computecanada.ca/custom/python/wheelhouse/nix/avx2, /cvmfs/soft.computecanada.ca/custom/python/wheelhouse/nix/generic, /cvmfs/soft.computecanada.ca/custom/python/wheelhouse/generic
Processing /cvmfs/soft.computecanada.ca/custom/python/wheelhouse/generic/transformers-2.5.1+computecanada-py3-none-any.whl
Processing /cvmfs/soft.computecanada.ca/custom/python/wheelhouse/generic/boto3-1.20.52+computecanada-py3-none-any.whl
<<<<<<< HEAD
<<<<<<< HEAD
<<<<<<< HEAD
Processing /cvmfs/soft.computecanada.ca/custom/python/wheelhouse/generic/sentencepiece-0.1.91+computecanada-cp37-cp37m-linux_x86_64.whl
Requirement already satisfied: numpy in /cvmfs/soft.computecanada.ca/easybuild/software/2017/Core/scipy-stack/2019a/lib/python3.7/site-packages (from transformers==2.5.1+computecanada) (1.16.0)
Processing /cvmfs/soft.computecanada.ca/custom/python/wheelhouse/generic/filelock-3.4.2+computecanada-py3-none-any.whl
Processing /cvmfs/soft.computecanada.ca/custom/python/wheelhouse/generic/regex-2020.11.13+computecanada-cp37-cp37m-linux_x86_64.whl
Processing /cvmfs/soft.computecanada.ca/custom/python/wheelhouse/generic/tokenizers-0.5.2+computecanada-cp37-cp37m-linux_x86_64.whl
Requirement already satisfied: requests in /cvmfs/soft.computecanada.ca/easybuild/software/2017/Core/scipy-stack/2019a/lib/python3.7/site-packages (from transformers==2.5.1+computecanada) (2.21.0)
Processing /cvmfs/soft.computecanada.ca/custom/python/wheelhouse/generic/sacremoses-0.0.46+computecanada-py3-none-any.whl
Processing /cvmfs/soft.computecanada.ca/custom/python/wheelhouse/generic/tqdm-4.63.0+computecanada-py2.py3-none-any.whl
Processing /cvmfs/soft.computecanada.ca/custom/python/wheelhouse/generic/jmespath-0.10.0+computecanada-py2.py3-none-any.whl
Processing /cvmfs/soft.computecanada.ca/custom/python/wheelhouse/generic/botocore-1.23.52+computecanada-py3-none-any.whl
Processing /cvmfs/soft.computecanada.ca/custom/python/wheelhouse/generic/s3transfer-0.5.1+computecanada-py3-none-any.whl
Processing /cvmfs/soft.computecanada.ca/custom/python/wheelhouse/generic/urllib3-1.26.8+computecanada-py2.py3-none-any.whl
Requirement already satisfied: python-dateutil<3.0.0,>=2.1 in /cvmfs/soft.computecanada.ca/easybuild/software/2017/Core/scipy-stack/2019a/lib/python3.7/site-packages (from botocore<1.24.0,>=1.23.52->boto3->transformers==2.5.1+computecanada) (2.7.5)
Requirement already satisfied: six>=1.5 in /localscratch/yinan.28555874.0/env/lib/python3.7/site-packages (from python-dateutil<3.0.0,>=2.1->botocore<1.24.0,>=1.23.52->boto3->transformers==2.5.1+computecanada) (1.16.0+computecanada)
Requirement already satisfied: certifi>=2017.4.17 in /cvmfs/soft.computecanada.ca/easybuild/software/2017/Core/scipy-stack/2019a/lib/python3.7/site-packages (from requests->transformers==2.5.1+computecanada) (2018.11.29)
Requirement already satisfied: chardet<3.1.0,>=3.0.2 in /cvmfs/soft.computecanada.ca/easybuild/software/2017/Core/scipy-stack/2019a/lib/python3.7/site-packages (from requests->transformers==2.5.1+computecanada) (3.0.4)
Requirement already satisfied: idna<2.9,>=2.5 in /cvmfs/soft.computecanada.ca/easybuild/software/2017/Core/scipy-stack/2019a/lib/python3.7/site-packages (from requests->transformers==2.5.1+computecanada) (2.8)
Processing /cvmfs/soft.computecanada.ca/custom/python/wheelhouse/generic/requests-2.27.1+computecanada-py2.py3-none-any.whl
Processing /cvmfs/soft.computecanada.ca/custom/python/wheelhouse/generic/charset_normalizer-2.0.11+computecanada-py3-none-any.whl
Processing /cvmfs/soft.computecanada.ca/custom/python/wheelhouse/generic/joblib-1.1.0+computecanada-py2.py3-none-any.whl
Requirement already satisfied: click in /localscratch/yinan.28555874.0/env/lib/python3.7/site-packages (from sacremoses->transformers==2.5.1+computecanada) (8.0.3+computecanada)
=======
=======
>>>>>>> deeb402b1d9359b1981ff022def33eacd88cafbb
=======
>>>>>>> deeb402b1d9359b1981ff022def33eacd88cafbb
Requirement already satisfied: numpy in /cvmfs/soft.computecanada.ca/easybuild/software/2017/Core/scipy-stack/2019a/lib/python3.7/site-packages (from transformers==2.5.1+computecanada) (1.16.0)
Processing /cvmfs/soft.computecanada.ca/custom/python/wheelhouse/generic/sacremoses-0.0.46+computecanada-py3-none-any.whl
Processing /cvmfs/soft.computecanada.ca/custom/python/wheelhouse/generic/sentencepiece-0.1.91+computecanada-cp37-cp37m-linux_x86_64.whl
Processing /cvmfs/soft.computecanada.ca/custom/python/wheelhouse/generic/filelock-3.4.2+computecanada-py3-none-any.whl
Processing /cvmfs/soft.computecanada.ca/custom/python/wheelhouse/generic/tqdm-4.63.0+computecanada-py2.py3-none-any.whl
Processing /cvmfs/soft.computecanada.ca/custom/python/wheelhouse/generic/regex-2020.11.13+computecanada-cp37-cp37m-linux_x86_64.whl
Processing /cvmfs/soft.computecanada.ca/custom/python/wheelhouse/generic/tokenizers-0.5.2+computecanada-cp37-cp37m-linux_x86_64.whl
Requirement already satisfied: requests in /cvmfs/soft.computecanada.ca/easybuild/software/2017/Core/scipy-stack/2019a/lib/python3.7/site-packages (from transformers==2.5.1+computecanada) (2.21.0)
Processing /cvmfs/soft.computecanada.ca/custom/python/wheelhouse/generic/jmespath-0.10.0+computecanada-py2.py3-none-any.whl
Processing /cvmfs/soft.computecanada.ca/custom/python/wheelhouse/generic/s3transfer-0.5.1+computecanada-py3-none-any.whl
Processing /cvmfs/soft.computecanada.ca/custom/python/wheelhouse/generic/botocore-1.23.52+computecanada-py3-none-any.whl
Processing /cvmfs/soft.computecanada.ca/custom/python/wheelhouse/generic/urllib3-1.26.8+computecanada-py2.py3-none-any.whl
Requirement already satisfied: python-dateutil<3.0.0,>=2.1 in /cvmfs/soft.computecanada.ca/easybuild/software/2017/Core/scipy-stack/2019a/lib/python3.7/site-packages (from botocore<1.24.0,>=1.23.52->boto3->transformers==2.5.1+computecanada) (2.7.5)
Requirement already satisfied: six>=1.5 in /localscratch/yinan.28555974.0/env/lib/python3.7/site-packages (from python-dateutil<3.0.0,>=2.1->botocore<1.24.0,>=1.23.52->boto3->transformers==2.5.1+computecanada) (1.16.0+computecanada)
Requirement already satisfied: idna<2.9,>=2.5 in /cvmfs/soft.computecanada.ca/easybuild/software/2017/Core/scipy-stack/2019a/lib/python3.7/site-packages (from requests->transformers==2.5.1+computecanada) (2.8)
Requirement already satisfied: chardet<3.1.0,>=3.0.2 in /cvmfs/soft.computecanada.ca/easybuild/software/2017/Core/scipy-stack/2019a/lib/python3.7/site-packages (from requests->transformers==2.5.1+computecanada) (3.0.4)
Processing /cvmfs/soft.computecanada.ca/custom/python/wheelhouse/generic/requests-2.27.1+computecanada-py2.py3-none-any.whl
Requirement already satisfied: certifi>=2017.4.17 in /cvmfs/soft.computecanada.ca/easybuild/software/2017/Core/scipy-stack/2019a/lib/python3.7/site-packages (from requests->transformers==2.5.1+computecanada) (2018.11.29)
Processing /cvmfs/soft.computecanada.ca/custom/python/wheelhouse/generic/charset_normalizer-2.0.11+computecanada-py3-none-any.whl
Processing /cvmfs/soft.computecanada.ca/custom/python/wheelhouse/generic/joblib-1.1.0+computecanada-py2.py3-none-any.whl
Requirement already satisfied: click in /localscratch/yinan.28555974.0/env/lib/python3.7/site-packages (from sacremoses->transformers==2.5.1+computecanada) (8.0.3+computecanada)
<<<<<<< HEAD
<<<<<<< HEAD
>>>>>>> deeb402b1d9359b1981ff022def33eacd88cafbb
=======
>>>>>>> deeb402b1d9359b1981ff022def33eacd88cafbb
=======
>>>>>>> deeb402b1d9359b1981ff022def33eacd88cafbb
Requirement already satisfied: importlib-metadata in /cvmfs/soft.computecanada.ca/easybuild/software/2017/Core/scipy-stack/2019a/lib/python3.7/site-packages (from click->sacremoses->transformers==2.5.1+computecanada) (0.8)
Requirement already satisfied: zipp>=0.3.2 in /cvmfs/soft.computecanada.ca/easybuild/software/2017/Core/scipy-stack/2019a/lib/python3.7/site-packages (from importlib-metadata->click->sacremoses->transformers==2.5.1+computecanada) (0.3.3)
Installing collected packages: urllib3, jmespath, botocore, tqdm, s3transfer, regex, joblib, charset-normalizer, tokenizers, sentencepiece, sacremoses, requests, filelock, boto3, transformers
  Attempting uninstall: urllib3
    Found existing installation: urllib3 1.24.1
<<<<<<< HEAD
<<<<<<< HEAD
<<<<<<< HEAD
    Not uninstalling urllib3 at /cvmfs/soft.computecanada.ca/easybuild/software/2017/Core/scipy-stack/2019a/lib/python3.7/site-packages, outside environment /localscratch/yinan.28555874.0/env
    Can't uninstall 'urllib3'. No files were found to uninstall.
  Attempting uninstall: requests
    Found existing installation: requests 2.21.0
    Not uninstalling requests at /cvmfs/soft.computecanada.ca/easybuild/software/2017/Core/scipy-stack/2019a/lib/python3.7/site-packages, outside environment /localscratch/yinan.28555874.0/env
=======
=======
>>>>>>> deeb402b1d9359b1981ff022def33eacd88cafbb
=======
>>>>>>> deeb402b1d9359b1981ff022def33eacd88cafbb
    Not uninstalling urllib3 at /cvmfs/soft.computecanada.ca/easybuild/software/2017/Core/scipy-stack/2019a/lib/python3.7/site-packages, outside environment /localscratch/yinan.28555974.0/env
    Can't uninstall 'urllib3'. No files were found to uninstall.
  Attempting uninstall: requests
    Found existing installation: requests 2.21.0
    Not uninstalling requests at /cvmfs/soft.computecanada.ca/easybuild/software/2017/Core/scipy-stack/2019a/lib/python3.7/site-packages, outside environment /localscratch/yinan.28555974.0/env
<<<<<<< HEAD
<<<<<<< HEAD
>>>>>>> deeb402b1d9359b1981ff022def33eacd88cafbb
=======
>>>>>>> deeb402b1d9359b1981ff022def33eacd88cafbb
=======
>>>>>>> deeb402b1d9359b1981ff022def33eacd88cafbb
    Can't uninstall 'requests'. No files were found to uninstall.
Successfully installed boto3-1.20.52+computecanada botocore-1.23.52+computecanada charset-normalizer-2.0.11+computecanada filelock-3.4.2+computecanada jmespath-0.10.0+computecanada joblib-1.1.0+computecanada regex-2020.11.13+computecanada requests-2.27.1+computecanada s3transfer-0.5.1+computecanada sacremoses-0.0.46+computecanada sentencepiece-0.1.91+computecanada tokenizers-0.5.2+computecanada tqdm-4.63.0+computecanada transformers-2.5.1+computecanada urllib3-1.26.8+computecanada
Looking in links: /cvmfs/soft.computecanada.ca/custom/python/wheelhouse/nix/avx2, /cvmfs/soft.computecanada.ca/custom/python/wheelhouse/nix/generic, /cvmfs/soft.computecanada.ca/custom/python/wheelhouse/generic
Processing /cvmfs/soft.computecanada.ca/custom/python/wheelhouse/generic/tensorflow_gpu-2.3.0+computecanada-cp37-cp37m-linux_x86_64.whl
<<<<<<< HEAD
<<<<<<< HEAD
<<<<<<< HEAD
Processing /cvmfs/soft.computecanada.ca/custom/python/wheelhouse/generic/grpcio-1.38.0+computecanada-cp37-cp37m-linux_x86_64.whl
Processing /cvmfs/soft.computecanada.ca/custom/python/wheelhouse/generic/Keras_Preprocessing-1.1.2+computecanada-py3-none-any.whl
Processing /cvmfs/soft.computecanada.ca/custom/python/wheelhouse/generic/astunparse-1.6.3+computecanada-py2.py3-none-any.whl
Requirement already satisfied: wheel>=0.26 in /localscratch/yinan.28555874.0/env/lib/python3.7/site-packages (from tensorflow_gpu==2.3.0+computecanada) (0.33.4)
Processing /cvmfs/soft.computecanada.ca/custom/python/wheelhouse/generic/opt_einsum-3.3.0+computecanada-py3-none-any.whl
Requirement already satisfied: six>=1.12.0 in /localscratch/yinan.28555874.0/env/lib/python3.7/site-packages (from tensorflow_gpu==2.3.0+computecanada) (1.16.0+computecanada)
Requirement already satisfied: protobuf>=3.9.2 in /localscratch/yinan.28555874.0/env/lib/python3.7/site-packages (from tensorflow_gpu==2.3.0+computecanada) (3.19.4+computecanada)
Processing /cvmfs/soft.computecanada.ca/custom/python/wheelhouse/generic/absl_py-1.0.0+computecanada-py3-none-any.whl
Processing /cvmfs/soft.computecanada.ca/custom/python/wheelhouse/generic/google_pasta-0.2.0+computecanada-py3-none-any.whl
Requirement already satisfied: termcolor>=1.1.0 in /localscratch/yinan.28555874.0/env/lib/python3.7/site-packages (from tensorflow_gpu==2.3.0+computecanada) (1.1.0+computecanada)
Requirement already satisfied: numpy<1.19.0,>=1.16.0 in /cvmfs/soft.computecanada.ca/easybuild/software/2017/Core/scipy-stack/2019a/lib/python3.7/site-packages (from tensorflow_gpu==2.3.0+computecanada) (1.16.0)
Processing /cvmfs/soft.computecanada.ca/custom/python/wheelhouse/generic/gast-0.3.3+computecanada-py3-none-any.whl
Processing /cvmfs/soft.computecanada.ca/custom/python/wheelhouse/generic/wrapt-1.11.2+computecanada-cp37-cp37m-linux_x86_64.whl
Processing /cvmfs/soft.computecanada.ca/custom/python/wheelhouse/generic/tensorboard-2.8.0+computecanada-py3-none-any.whl
Processing /cvmfs/soft.computecanada.ca/custom/python/wheelhouse/nix/avx2/h5py-2.10.0+computecanada-cp37-cp37m-linux_x86_64.whl
Processing /cvmfs/soft.computecanada.ca/custom/python/wheelhouse/nix/generic/scipy-1.4.1+computecanada-cp37-cp37m-linux_x86_64.whl
Processing /cvmfs/soft.computecanada.ca/custom/python/wheelhouse/generic/tensorflow_estimator-2.3.0+computecanada-py2.py3-none-any.whl
Processing /cvmfs/soft.computecanada.ca/custom/python/wheelhouse/generic/Markdown-3.3.6+computecanada-py3-none-any.whl
Processing /cvmfs/soft.computecanada.ca/custom/python/wheelhouse/generic/google_auth_oauthlib-0.4.6+computecanada-py2.py3-none-any.whl
Requirement already satisfied: setuptools>=41.0.0 in /localscratch/yinan.28555874.0/env/lib/python3.7/site-packages (from tensorboard<3,>=2.3.0->tensorflow_gpu==2.3.0+computecanada) (41.0.1)
Processing /cvmfs/soft.computecanada.ca/custom/python/wheelhouse/generic/Werkzeug-2.0.3+computecanada-py3-none-any.whl
Processing /cvmfs/soft.computecanada.ca/custom/python/wheelhouse/generic/tensorboard_data_server-0.6.1+computecanada-py3-none-linux_x86_64.whl
Requirement already satisfied: requests<3,>=2.21.0 in /localscratch/yinan.28555874.0/env/lib/python3.7/site-packages (from tensorboard<3,>=2.3.0->tensorflow_gpu==2.3.0+computecanada) (2.27.1+computecanada)
Processing /cvmfs/soft.computecanada.ca/custom/python/wheelhouse/generic/tensorboard_plugin_wit-1.8.0+computecanada-py3-none-any.whl
Processing /cvmfs/soft.computecanada.ca/custom/python/wheelhouse/generic/google_auth-2.3.3+computecanada-py2.py3-none-any.whl
Processing /cvmfs/soft.computecanada.ca/custom/python/wheelhouse/generic/rsa-4.8+computecanada-py3-none-any.whl
Processing /cvmfs/soft.computecanada.ca/custom/python/wheelhouse/generic/pyasn1_modules-0.2.8+computecanada-py2.py3-none-any.whl
Processing /cvmfs/soft.computecanada.ca/custom/python/wheelhouse/generic/cachetools-4.2.4+computecanada-py3-none-any.whl
Processing /cvmfs/soft.computecanada.ca/custom/python/wheelhouse/generic/requests_oauthlib-1.3.0+computecanada-py2.py3-none-any.whl
Processing /cvmfs/soft.computecanada.ca/custom/python/wheelhouse/generic/importlib_metadata-4.10.1+computecanada-py3-none-any.whl
Requirement already satisfied: typing-extensions>=3.6.4 in /localscratch/yinan.28555874.0/env/lib/python3.7/site-packages (from importlib-metadata>=4.4->markdown>=2.6.8->tensorboard<3,>=2.3.0->tensorflow_gpu==2.3.0+computecanada) (4.0.1+computecanada)
Processing /cvmfs/soft.computecanada.ca/custom/python/wheelhouse/generic/zipp-3.7.0+computecanada-py3-none-any.whl
Processing /cvmfs/soft.computecanada.ca/custom/python/wheelhouse/generic/pyasn1-0.4.8+computecanada-py2.py3-none-any.whl
Requirement already satisfied: urllib3<1.27,>=1.21.1 in /localscratch/yinan.28555874.0/env/lib/python3.7/site-packages (from requests<3,>=2.21.0->tensorboard<3,>=2.3.0->tensorflow_gpu==2.3.0+computecanada) (1.26.8+computecanada)
Requirement already satisfied: idna<4,>=2.5 in /cvmfs/soft.computecanada.ca/easybuild/software/2017/Core/scipy-stack/2019a/lib/python3.7/site-packages (from requests<3,>=2.21.0->tensorboard<3,>=2.3.0->tensorflow_gpu==2.3.0+computecanada) (2.8)
Requirement already satisfied: certifi>=2017.4.17 in /cvmfs/soft.computecanada.ca/easybuild/software/2017/Core/scipy-stack/2019a/lib/python3.7/site-packages (from requests<3,>=2.21.0->tensorboard<3,>=2.3.0->tensorflow_gpu==2.3.0+computecanada) (2018.11.29)
Requirement already satisfied: charset-normalizer~=2.0.0 in /localscratch/yinan.28555874.0/env/lib/python3.7/site-packages (from requests<3,>=2.21.0->tensorboard<3,>=2.3.0->tensorflow_gpu==2.3.0+computecanada) (2.0.11+computecanada)
=======
=======
>>>>>>> deeb402b1d9359b1981ff022def33eacd88cafbb
=======
>>>>>>> deeb402b1d9359b1981ff022def33eacd88cafbb
Processing /cvmfs/soft.computecanada.ca/custom/python/wheelhouse/generic/wrapt-1.11.2+computecanada-cp37-cp37m-linux_x86_64.whl
Processing /cvmfs/soft.computecanada.ca/custom/python/wheelhouse/generic/Keras_Preprocessing-1.1.2+computecanada-py3-none-any.whl
Processing /cvmfs/soft.computecanada.ca/custom/python/wheelhouse/generic/opt_einsum-3.3.0+computecanada-py3-none-any.whl
Processing /cvmfs/soft.computecanada.ca/custom/python/wheelhouse/generic/astunparse-1.6.3+computecanada-py2.py3-none-any.whl
Processing /cvmfs/soft.computecanada.ca/custom/python/wheelhouse/generic/gast-0.3.3+computecanada-py3-none-any.whl
Requirement already satisfied: wheel>=0.26 in /localscratch/yinan.28555974.0/env/lib/python3.7/site-packages (from tensorflow_gpu==2.3.0+computecanada) (0.33.4)
Requirement already satisfied: termcolor>=1.1.0 in /localscratch/yinan.28555974.0/env/lib/python3.7/site-packages (from tensorflow_gpu==2.3.0+computecanada) (1.1.0+computecanada)
Processing /cvmfs/soft.computecanada.ca/custom/python/wheelhouse/nix/avx2/h5py-2.10.0+computecanada-cp37-cp37m-linux_x86_64.whl
Requirement already satisfied: protobuf>=3.9.2 in /localscratch/yinan.28555974.0/env/lib/python3.7/site-packages (from tensorflow_gpu==2.3.0+computecanada) (3.19.4+computecanada)
Requirement already satisfied: six>=1.12.0 in /localscratch/yinan.28555974.0/env/lib/python3.7/site-packages (from tensorflow_gpu==2.3.0+computecanada) (1.16.0+computecanada)
Requirement already satisfied: numpy<1.19.0,>=1.16.0 in /cvmfs/soft.computecanada.ca/easybuild/software/2017/Core/scipy-stack/2019a/lib/python3.7/site-packages (from tensorflow_gpu==2.3.0+computecanada) (1.16.0)
Processing /cvmfs/soft.computecanada.ca/custom/python/wheelhouse/nix/generic/scipy-1.4.1+computecanada-cp37-cp37m-linux_x86_64.whl
Processing /cvmfs/soft.computecanada.ca/custom/python/wheelhouse/generic/google_pasta-0.2.0+computecanada-py3-none-any.whl
Processing /cvmfs/soft.computecanada.ca/custom/python/wheelhouse/generic/tensorflow_estimator-2.3.0+computecanada-py2.py3-none-any.whl
Processing /cvmfs/soft.computecanada.ca/custom/python/wheelhouse/generic/tensorboard-2.8.0+computecanada-py3-none-any.whl
Processing /cvmfs/soft.computecanada.ca/custom/python/wheelhouse/generic/absl_py-1.0.0+computecanada-py3-none-any.whl
Processing /cvmfs/soft.computecanada.ca/custom/python/wheelhouse/generic/grpcio-1.38.0+computecanada-cp37-cp37m-linux_x86_64.whl
Processing /cvmfs/soft.computecanada.ca/custom/python/wheelhouse/generic/Werkzeug-2.0.3+computecanada-py3-none-any.whl
Processing /cvmfs/soft.computecanada.ca/custom/python/wheelhouse/generic/google_auth_oauthlib-0.4.6+computecanada-py2.py3-none-any.whl
Processing /cvmfs/soft.computecanada.ca/custom/python/wheelhouse/generic/tensorboard_data_server-0.6.1+computecanada-py3-none-linux_x86_64.whl
Requirement already satisfied: requests<3,>=2.21.0 in /localscratch/yinan.28555974.0/env/lib/python3.7/site-packages (from tensorboard<3,>=2.3.0->tensorflow_gpu==2.3.0+computecanada) (2.27.1+computecanada)
Processing /cvmfs/soft.computecanada.ca/custom/python/wheelhouse/generic/google_auth-2.3.3+computecanada-py2.py3-none-any.whl
Processing /cvmfs/soft.computecanada.ca/custom/python/wheelhouse/generic/tensorboard_plugin_wit-1.8.0+computecanada-py3-none-any.whl
Requirement already satisfied: setuptools>=41.0.0 in /localscratch/yinan.28555974.0/env/lib/python3.7/site-packages (from tensorboard<3,>=2.3.0->tensorflow_gpu==2.3.0+computecanada) (41.0.1)
Processing /cvmfs/soft.computecanada.ca/custom/python/wheelhouse/generic/Markdown-3.3.6+computecanada-py3-none-any.whl
Processing /cvmfs/soft.computecanada.ca/custom/python/wheelhouse/generic/cachetools-4.2.4+computecanada-py3-none-any.whl
Processing /cvmfs/soft.computecanada.ca/custom/python/wheelhouse/generic/rsa-4.8+computecanada-py3-none-any.whl
Processing /cvmfs/soft.computecanada.ca/custom/python/wheelhouse/generic/pyasn1_modules-0.2.8+computecanada-py2.py3-none-any.whl
Processing /cvmfs/soft.computecanada.ca/custom/python/wheelhouse/generic/requests_oauthlib-1.3.0+computecanada-py2.py3-none-any.whl
Processing /cvmfs/soft.computecanada.ca/custom/python/wheelhouse/generic/importlib_metadata-4.10.1+computecanada-py3-none-any.whl
Requirement already satisfied: typing-extensions>=3.6.4 in /localscratch/yinan.28555974.0/env/lib/python3.7/site-packages (from importlib-metadata>=4.4->markdown>=2.6.8->tensorboard<3,>=2.3.0->tensorflow_gpu==2.3.0+computecanada) (4.0.1+computecanada)
Processing /cvmfs/soft.computecanada.ca/custom/python/wheelhouse/generic/zipp-3.7.0+computecanada-py3-none-any.whl
Processing /cvmfs/soft.computecanada.ca/custom/python/wheelhouse/generic/pyasn1-0.4.8+computecanada-py2.py3-none-any.whl
Requirement already satisfied: charset-normalizer~=2.0.0 in /localscratch/yinan.28555974.0/env/lib/python3.7/site-packages (from requests<3,>=2.21.0->tensorboard<3,>=2.3.0->tensorflow_gpu==2.3.0+computecanada) (2.0.11+computecanada)
Requirement already satisfied: urllib3<1.27,>=1.21.1 in /localscratch/yinan.28555974.0/env/lib/python3.7/site-packages (from requests<3,>=2.21.0->tensorboard<3,>=2.3.0->tensorflow_gpu==2.3.0+computecanada) (1.26.8+computecanada)
Requirement already satisfied: certifi>=2017.4.17 in /cvmfs/soft.computecanada.ca/easybuild/software/2017/Core/scipy-stack/2019a/lib/python3.7/site-packages (from requests<3,>=2.21.0->tensorboard<3,>=2.3.0->tensorflow_gpu==2.3.0+computecanada) (2018.11.29)
Requirement already satisfied: idna<4,>=2.5 in /cvmfs/soft.computecanada.ca/easybuild/software/2017/Core/scipy-stack/2019a/lib/python3.7/site-packages (from requests<3,>=2.21.0->tensorboard<3,>=2.3.0->tensorflow_gpu==2.3.0+computecanada) (2.8)
<<<<<<< HEAD
<<<<<<< HEAD
>>>>>>> deeb402b1d9359b1981ff022def33eacd88cafbb
=======
>>>>>>> deeb402b1d9359b1981ff022def33eacd88cafbb
=======
>>>>>>> deeb402b1d9359b1981ff022def33eacd88cafbb
Processing /cvmfs/soft.computecanada.ca/custom/python/wheelhouse/generic/oauthlib-3.1.1+computecanada-py2.py3-none-any.whl
Installing collected packages: pyasn1, zipp, rsa, pyasn1-modules, oauthlib, cachetools, requests-oauthlib, importlib-metadata, google-auth, werkzeug, tensorboard-plugin-wit, tensorboard-data-server, markdown, grpcio, google-auth-oauthlib, absl-py, wrapt, tensorflow-estimator, tensorboard, scipy, opt-einsum, keras-preprocessing, h5py, google-pasta, gast, astunparse, tensorflow-gpu
  Attempting uninstall: pyasn1
    Found existing installation: pyasn1 0.4.3
<<<<<<< HEAD
<<<<<<< HEAD
<<<<<<< HEAD
    Not uninstalling pyasn1 at /cvmfs/soft.computecanada.ca/easybuild/software/2017/Core/scipy-stack/2019a/lib/python3.7/site-packages, outside environment /localscratch/yinan.28555874.0/env
    Can't uninstall 'pyasn1'. No files were found to uninstall.
  Attempting uninstall: zipp
    Found existing installation: zipp 0.3.3
    Not uninstalling zipp at /cvmfs/soft.computecanada.ca/easybuild/software/2017/Core/scipy-stack/2019a/lib/python3.7/site-packages, outside environment /localscratch/yinan.28555874.0/env
    Can't uninstall 'zipp'. No files were found to uninstall.
  Attempting uninstall: importlib-metadata
    Found existing installation: importlib-metadata 0.8
    Not uninstalling importlib-metadata at /cvmfs/soft.computecanada.ca/easybuild/software/2017/Core/scipy-stack/2019a/lib/python3.7/site-packages, outside environment /localscratch/yinan.28555874.0/env
    Can't uninstall 'importlib-metadata'. No files were found to uninstall.
  Attempting uninstall: scipy
    Found existing installation: scipy 1.2.0
    Not uninstalling scipy at /cvmfs/soft.computecanada.ca/easybuild/software/2017/Core/scipy-stack/2019a/lib/python3.7/site-packages, outside environment /localscratch/yinan.28555874.0/env
=======
=======
>>>>>>> deeb402b1d9359b1981ff022def33eacd88cafbb
=======
>>>>>>> deeb402b1d9359b1981ff022def33eacd88cafbb
    Not uninstalling pyasn1 at /cvmfs/soft.computecanada.ca/easybuild/software/2017/Core/scipy-stack/2019a/lib/python3.7/site-packages, outside environment /localscratch/yinan.28555974.0/env
    Can't uninstall 'pyasn1'. No files were found to uninstall.
  Attempting uninstall: zipp
    Found existing installation: zipp 0.3.3
    Not uninstalling zipp at /cvmfs/soft.computecanada.ca/easybuild/software/2017/Core/scipy-stack/2019a/lib/python3.7/site-packages, outside environment /localscratch/yinan.28555974.0/env
    Can't uninstall 'zipp'. No files were found to uninstall.
  Attempting uninstall: importlib-metadata
    Found existing installation: importlib-metadata 0.8
    Not uninstalling importlib-metadata at /cvmfs/soft.computecanada.ca/easybuild/software/2017/Core/scipy-stack/2019a/lib/python3.7/site-packages, outside environment /localscratch/yinan.28555974.0/env
    Can't uninstall 'importlib-metadata'. No files were found to uninstall.
  Attempting uninstall: scipy
    Found existing installation: scipy 1.2.0
    Not uninstalling scipy at /cvmfs/soft.computecanada.ca/easybuild/software/2017/Core/scipy-stack/2019a/lib/python3.7/site-packages, outside environment /localscratch/yinan.28555974.0/env
<<<<<<< HEAD
<<<<<<< HEAD
>>>>>>> deeb402b1d9359b1981ff022def33eacd88cafbb
=======
>>>>>>> deeb402b1d9359b1981ff022def33eacd88cafbb
=======
>>>>>>> deeb402b1d9359b1981ff022def33eacd88cafbb
    Can't uninstall 'scipy'. No files were found to uninstall.
Successfully installed absl-py-1.0.0+computecanada astunparse-1.6.3+computecanada cachetools-4.2.4+computecanada gast-0.3.3+computecanada google-auth-2.3.3+computecanada google-auth-oauthlib-0.4.6+computecanada google-pasta-0.2.0+computecanada grpcio-1.38.0+computecanada h5py-2.10.0+computecanada importlib-metadata-4.10.1+computecanada keras-preprocessing-1.1.2+computecanada markdown-3.3.6+computecanada oauthlib-3.1.1+computecanada opt-einsum-3.3.0+computecanada pyasn1-0.4.8+computecanada pyasn1-modules-0.2.8+computecanada requests-oauthlib-1.3.0+computecanada rsa-4.8+computecanada scipy-1.4.1+computecanada tensorboard-2.8.0+computecanada tensorboard-data-server-0.6.1+computecanada tensorboard-plugin-wit-1.8.0+computecanada tensorflow-estimator-2.3.0+computecanada tensorflow-gpu-2.3.0+computecanada werkzeug-2.0.3+computecanada wrapt-1.11.2+computecanada zipp-3.7.0+computecanada
Looking in links: /cvmfs/soft.computecanada.ca/custom/python/wheelhouse/nix/avx2, /cvmfs/soft.computecanada.ca/custom/python/wheelhouse/nix/generic, /cvmfs/soft.computecanada.ca/custom/python/wheelhouse/generic
Processing /cvmfs/soft.computecanada.ca/custom/python/wheelhouse/generic/keras-2.8.0+computecanada-py2.py3-none-any.whl
Installing collected packages: Keras
Successfully installed Keras-2.8.0+computecanada
Looking in links: /cvmfs/soft.computecanada.ca/custom/python/wheelhouse/nix/avx2, /cvmfs/soft.computecanada.ca/custom/python/wheelhouse/nix/generic, /cvmfs/soft.computecanada.ca/custom/python/wheelhouse/generic
Processing /cvmfs/soft.computecanada.ca/custom/python/wheelhouse/generic/urllib3-1.26.7+computecanada-py2.py3-none-any.whl
Installing collected packages: urllib3
  Attempting uninstall: urllib3
    Found existing installation: urllib3 1.26.8+computecanada
    Uninstalling urllib3-1.26.8+computecanada:
      Successfully uninstalled urllib3-1.26.8+computecanada
Successfully installed urllib3-1.26.7+computecanada
Looking in links: /cvmfs/soft.computecanada.ca/custom/python/wheelhouse/nix/avx2, /cvmfs/soft.computecanada.ca/custom/python/wheelhouse/nix/generic, /cvmfs/soft.computecanada.ca/custom/python/wheelhouse/generic
Processing /cvmfs/soft.computecanada.ca/custom/python/wheelhouse/generic/nltk-3.7+computecanada-py3-none-any.whl
<<<<<<< HEAD
<<<<<<< HEAD
<<<<<<< HEAD
Requirement already satisfied: tqdm in /localscratch/yinan.28555874.0/env/lib/python3.7/site-packages (from nltk) (4.63.0+computecanada)
Requirement already satisfied: click in /localscratch/yinan.28555874.0/env/lib/python3.7/site-packages (from nltk) (8.0.3+computecanada)
Requirement already satisfied: joblib in /localscratch/yinan.28555874.0/env/lib/python3.7/site-packages (from nltk) (1.1.0+computecanada)
Processing /cvmfs/soft.computecanada.ca/custom/python/wheelhouse/generic/nltk-3.6.5+computecanada-py3-none-any.whl
Processing /cvmfs/soft.computecanada.ca/custom/python/wheelhouse/generic/nltk-3.6.3+computecanada-py3-none-any.whl
Requirement already satisfied: regex in /localscratch/yinan.28555874.0/env/lib/python3.7/site-packages (from nltk) (2020.11.13+computecanada)
Requirement already satisfied: importlib-metadata in /localscratch/yinan.28555874.0/env/lib/python3.7/site-packages (from click->nltk) (4.10.1+computecanada)
Requirement already satisfied: zipp>=0.5 in /localscratch/yinan.28555874.0/env/lib/python3.7/site-packages (from importlib-metadata->click->nltk) (3.7.0+computecanada)
Requirement already satisfied: typing-extensions>=3.6.4 in /localscratch/yinan.28555874.0/env/lib/python3.7/site-packages (from importlib-metadata->click->nltk) (4.0.1+computecanada)
=======
=======
>>>>>>> deeb402b1d9359b1981ff022def33eacd88cafbb
=======
>>>>>>> deeb402b1d9359b1981ff022def33eacd88cafbb
Requirement already satisfied: tqdm in /localscratch/yinan.28555974.0/env/lib/python3.7/site-packages (from nltk) (4.63.0+computecanada)
Requirement already satisfied: click in /localscratch/yinan.28555974.0/env/lib/python3.7/site-packages (from nltk) (8.0.3+computecanada)
Processing /cvmfs/soft.computecanada.ca/custom/python/wheelhouse/generic/nltk-3.6.5+computecanada-py3-none-any.whl
Processing /cvmfs/soft.computecanada.ca/custom/python/wheelhouse/generic/nltk-3.6.3+computecanada-py3-none-any.whl
Requirement already satisfied: regex in /localscratch/yinan.28555974.0/env/lib/python3.7/site-packages (from nltk) (2020.11.13+computecanada)
Requirement already satisfied: joblib in /localscratch/yinan.28555974.0/env/lib/python3.7/site-packages (from nltk) (1.1.0+computecanada)
Requirement already satisfied: importlib-metadata in /localscratch/yinan.28555974.0/env/lib/python3.7/site-packages (from click->nltk) (4.10.1+computecanada)
Requirement already satisfied: typing-extensions>=3.6.4 in /localscratch/yinan.28555974.0/env/lib/python3.7/site-packages (from importlib-metadata->click->nltk) (4.0.1+computecanada)
Requirement already satisfied: zipp>=0.5 in /localscratch/yinan.28555974.0/env/lib/python3.7/site-packages (from importlib-metadata->click->nltk) (3.7.0+computecanada)
<<<<<<< HEAD
<<<<<<< HEAD
>>>>>>> deeb402b1d9359b1981ff022def33eacd88cafbb
=======
>>>>>>> deeb402b1d9359b1981ff022def33eacd88cafbb
=======
>>>>>>> deeb402b1d9359b1981ff022def33eacd88cafbb
Installing collected packages: nltk
Successfully installed nltk-3.6.3+computecanada
Looking in links: /cvmfs/soft.computecanada.ca/custom/python/wheelhouse/nix/avx2, /cvmfs/soft.computecanada.ca/custom/python/wheelhouse/nix/generic, /cvmfs/soft.computecanada.ca/custom/python/wheelhouse/generic
Processing /cvmfs/soft.computecanada.ca/custom/python/wheelhouse/generic/scikit_learn-0.22.1+computecanada-cp37-cp37m-linux_x86_64.whl
Requirement already satisfied: numpy>=1.11.0 in /cvmfs/soft.computecanada.ca/easybuild/software/2017/Core/scipy-stack/2019a/lib/python3.7/site-packages (from scikit-learn==0.22.1) (1.16.0)
<<<<<<< HEAD
<<<<<<< HEAD
<<<<<<< HEAD
Requirement already satisfied: joblib>=0.11 in /localscratch/yinan.28555874.0/env/lib/python3.7/site-packages (from scikit-learn==0.22.1) (1.1.0+computecanada)
Requirement already satisfied: scipy>=0.17.0 in /localscratch/yinan.28555874.0/env/lib/python3.7/site-packages (from scikit-learn==0.22.1) (1.4.1+computecanada)
Installing collected packages: scikit-learn
Successfully installed scikit-learn-0.22.1+computecanada
Looking in links: /cvmfs/soft.computecanada.ca/custom/python/wheelhouse/nix/avx2, /cvmfs/soft.computecanada.ca/custom/python/wheelhouse/nix/generic, /cvmfs/soft.computecanada.ca/custom/python/wheelhouse/generic
Requirement already satisfied: tokenizers==0.5.2 in /localscratch/yinan.28555874.0/env/lib/python3.7/site-packages (0.5.2+computecanada)
wandb: Appending key for api.wandb.ai to your netrc file: /home/yinan/.netrc
Starting Task
2022-03-09 07:13:08.676281: I tensorflow/stream_executor/platform/default/dso_loader.cc:48] Successfully opened dynamic library libcudart.so.10.1
=======
=======
>>>>>>> deeb402b1d9359b1981ff022def33eacd88cafbb
=======
>>>>>>> deeb402b1d9359b1981ff022def33eacd88cafbb
Requirement already satisfied: scipy>=0.17.0 in /localscratch/yinan.28555974.0/env/lib/python3.7/site-packages (from scikit-learn==0.22.1) (1.4.1+computecanada)
Requirement already satisfied: joblib>=0.11 in /localscratch/yinan.28555974.0/env/lib/python3.7/site-packages (from scikit-learn==0.22.1) (1.1.0+computecanada)
Installing collected packages: scikit-learn
Successfully installed scikit-learn-0.22.1+computecanada
Looking in links: /cvmfs/soft.computecanada.ca/custom/python/wheelhouse/nix/avx2, /cvmfs/soft.computecanada.ca/custom/python/wheelhouse/nix/generic, /cvmfs/soft.computecanada.ca/custom/python/wheelhouse/generic
Requirement already satisfied: tokenizers==0.5.2 in /localscratch/yinan.28555974.0/env/lib/python3.7/site-packages (0.5.2+computecanada)
wandb: Appending key for api.wandb.ai to your netrc file: /home/yinan/.netrc
Starting Task
2022-03-09 09:08:44.909828: I tensorflow/stream_executor/platform/default/dso_loader.cc:48] Successfully opened dynamic library libcudart.so.10.1
<<<<<<< HEAD
<<<<<<< HEAD
>>>>>>> deeb402b1d9359b1981ff022def33eacd88cafbb
=======
>>>>>>> deeb402b1d9359b1981ff022def33eacd88cafbb
=======
>>>>>>> deeb402b1d9359b1981ff022def33eacd88cafbb
[nltk_data] Downloading package stopwords to /home/yinan/nltk_data...
[nltk_data]   Package stopwords is already up-to-date!
[nltk_data] Downloading package wordnet to /home/yinan/nltk_data...
[nltk_data]   Package wordnet is already up-to-date!
<<<<<<< HEAD
<<<<<<< HEAD
<<<<<<< HEAD
wandb: Currently logged in as: yinanazhou (use `wandb login --relogin` to force relogin)
wandb: wandb version 0.12.11 is available!  To upgrade, please run:
wandb:  $ pip install wandb --upgrade
2022-03-09 07:13:22.328870: I tensorflow/stream_executor/platform/default/dso_loader.cc:48] Successfully opened dynamic library libcudart.so.10.1
wandb: Tracking run with wandb version 0.12.5
wandb: Syncing run lemon-hill-1
wandb:  View project at https://wandb.ai/yinanazhou/xl_512_bs_8_lr_1e06_es_15_lc_True_nr_False_sr_False_stem_True_lemma_False_repeat_1_fold_1
wandb:  View run at https://wandb.ai/yinanazhou/xl_512_bs_8_lr_1e06_es_15_lc_True_nr_False_sr_False_stem_True_lemma_False_repeat_1_fold_1/runs/2909vq9r
wandb: Run data is saved locally in /project/6002780/yinan/Thesis_MER_Lyrics/lyric-emotion/wandb/run-20220309_071320-2909vq9r
wandb: Run `wandb offline` to turn off syncing.

Validation loss decreased (inf --> 1.382029).  Saving model ...
Validation loss decreased (1.382029 --> 1.345416).  Saving model ...
Validation loss decreased (1.345416 --> 1.318861).  Saving model ...
Validation loss decreased (1.318861 --> 1.293881).  Saving model ...
Validation loss decreased (1.293881 --> 1.272702).  Saving model ...
Validation loss decreased (1.272702 --> 1.243104).  Saving model ...
Validation loss decreased (1.243104 --> 1.219050).  Saving model ...
Validation loss decreased (1.219050 --> 1.196148).  Saving model ...
Validation loss decreased (1.196148 --> 1.180724).  Saving model ...
Validation loss decreased (1.180724 --> 1.161301).  Saving model ...
Validation loss decreased (1.161301 --> 1.142721).  Saving model ...
Validation loss decreased (1.142721 --> 1.127292).  Saving model ...
Validation loss decreased (1.127292 --> 1.112868).  Saving model ...
Validation loss decreased (1.112868 --> 1.083954).  Saving model ...
Validation loss decreased (1.083954 --> 1.060466).  Saving model ...
EarlyStopping counter: 1 out of 15.0
Validation loss decreased (1.060466 --> 1.049908).  Saving model ...
Validation loss decreased (1.049908 --> 1.018800).  Saving model ...
Validation loss decreased (1.018800 --> 1.006199).  Saving model ...
EarlyStopping counter: 1 out of 15.0
Validation loss decreased (1.006199 --> 0.997798).  Saving model ...
EarlyStopping counter: 1 out of 15.0
Validation loss decreased (0.997798 --> 0.992912).  Saving model ...
EarlyStopping counter: 1 out of 15.0
EarlyStopping counter: 2 out of 15.0
EarlyStopping counter: 3 out of 15.0
EarlyStopping counter: 4 out of 15.0
EarlyStopping counter: 5 out of 15.0
EarlyStopping counter: 6 out of 15.0
EarlyStopping counter: 7 out of 15.0
EarlyStopping counter: 8 out of 15.0
EarlyStopping counter: 9 out of 15.0
EarlyStopping counter: 10 out of 15.0
EarlyStopping counter: 11 out of 15.0
EarlyStopping counter: 12 out of 15.0
EarlyStopping counter: 13 out of 15.0
EarlyStopping counter: 14 out of 15.0
EarlyStopping counter: 15 out of 15.0
/localscratch/yinan.28555874.0/env/lib/python3.7/site-packages/torch/nn/functional.py:1794: UserWarning: nn.functional.tanh is deprecated. Use torch.tanh instead.
  warnings.warn("nn.functional.tanh is deprecated. Use torch.tanh instead.")
/localscratch/yinan.28555874.0/env/lib/python3.7/site-packages/transformers/optimization.py:155: UserWarning: This overload of add_ is deprecated:
	add_(Number alpha, Tensor other)
Consider using one of the following signatures instead:
	add_(Tensor other, *, Number alpha) (Triggered internally at  ../torch/csrc/utils/python_arg_parser.cpp:1025.)
  exp_avg.mul_(beta1).add_(1.0 - beta1, grad)
wandb: Waiting for W&B process to finish, PID 57404... (success).
wandb: - 0.00MB of 0.00MB uploaded (0.00MB deduped)wandb: \ 0.00MB of 0.00MB uploaded (0.00MB deduped)wandb: | 0.00MB of 0.00MB uploaded (0.00MB deduped)wandb: / 0.00MB of 0.00MB uploaded (0.00MB deduped)wandb: - 0.00MB of 0.00MB uploaded (0.00MB deduped)wandb: \ 0.00MB of 0.00MB uploaded (0.00MB deduped)wandb: | 0.00MB of 0.00MB uploaded (0.00MB deduped)wandb: / 0.00MB of 0.00MB uploaded (0.00MB deduped)wandb: - 0.00MB of 0.00MB uploaded (0.00MB deduped)wandb: \ 0.00MB of 0.00MB uploaded (0.00MB deduped)wandb: | 0.00MB of 0.00MB uploaded (0.00MB deduped)wandb: / 0.00MB of 0.00MB uploaded (0.00MB deduped)wandb: - 0.00MB of 0.00MB uploaded (0.00MB deduped)wandb:                                                                                
wandb: Run history:
wandb:     e_F1 
wandb:   e_loss 
wandb:     t_F1 
wandb:   t_loss 
wandb: 
wandb: Run summary:
wandb:     e_F1 58.85444
wandb:   e_loss 1.03464
wandb:     t_F1 89.12363
wandb:   t_loss 0.40605
wandb: 
wandb: Synced 4 W&B file(s), 0 media file(s), 0 artifact file(s) and 0 other file(s)
wandb: Synced lemon-hill-1: https://wandb.ai/yinanazhou/xl_512_bs_8_lr_1e06_es_15_lc_True_nr_False_sr_False_stem_True_lemma_False_repeat_1_fold_1/runs/2909vq9r
wandb: Find logs at: ./wandb/run-20220309_071320-2909vq9r/logs/debug.log
wandb: 

wandb: wandb version 0.12.11 is available!  To upgrade, please run:
wandb:  $ pip install wandb --upgrade
2022-03-09 07:48:56.072229: I tensorflow/stream_executor/platform/default/dso_loader.cc:48] Successfully opened dynamic library libcudart.so.10.1
wandb: Tracking run with wandb version 0.12.5
wandb: Syncing run solar-wood-1
wandb:  View project at https://wandb.ai/yinanazhou/xl_512_bs_8_lr_1e06_es_15_lc_True_nr_False_sr_False_stem_True_lemma_False_repeat_1_fold_2
wandb:  View run at https://wandb.ai/yinanazhou/xl_512_bs_8_lr_1e06_es_15_lc_True_nr_False_sr_False_stem_True_lemma_False_repeat_1_fold_2/runs/nxcddl7m
wandb: Run data is saved locally in /project/6002780/yinan/Thesis_MER_Lyrics/lyric-emotion/wandb/run-20220309_074853-nxcddl7m
wandb: Run `wandb offline` to turn off syncing.

Validation loss decreased (inf --> 1.403239).  Saving model ...
Validation loss decreased (1.403239 --> 1.380125).  Saving model ...
Validation loss decreased (1.380125 --> 1.365294).  Saving model ...
Validation loss decreased (1.365294 --> 1.349889).  Saving model ...
Validation loss decreased (1.349889 --> 1.337467).  Saving model ...
Validation loss decreased (1.337467 --> 1.320319).  Saving model ...
Validation loss decreased (1.320319 --> 1.301158).  Saving model ...
Validation loss decreased (1.301158 --> 1.275643).  Saving model ...
Validation loss decreased (1.275643 --> 1.251637).  Saving model ...
Validation loss decreased (1.251637 --> 1.216477).  Saving model ...
Validation loss decreased (1.216477 --> 1.181944).  Saving model ...
Validation loss decreased (1.181944 --> 1.140771).  Saving model ...
Validation loss decreased (1.140771 --> 1.113404).  Saving model ...
Validation loss decreased (1.113404 --> 1.081387).  Saving model ...
Validation loss decreased (1.081387 --> 1.063937).  Saving model ...
Validation loss decreased (1.063937 --> 1.032597).  Saving model ...
Validation loss decreased (1.032597 --> 1.007675).  Saving model ...
Validation loss decreased (1.007675 --> 0.987694).  Saving model ...
Validation loss decreased (0.987694 --> 0.970743).  Saving model ...
Validation loss decreased (0.970743 --> 0.956473).  Saving model ...
Validation loss decreased (0.956473 --> 0.947279).  Saving model ...
Validation loss decreased (0.947279 --> 0.941130).  Saving model ...
Validation loss decreased (0.941130 --> 0.931758).  Saving model ...
EarlyStopping counter: 1 out of 15.0
Validation loss decreased (0.931758 --> 0.931504).  Saving model ...
EarlyStopping counter: 1 out of 15.0
Validation loss decreased (0.931504 --> 0.928813).  Saving model ...
EarlyStopping counter: 1 out of 15.0
EarlyStopping counter: 2 out of 15.0
EarlyStopping counter: 3 out of 15.0
EarlyStopping counter: 4 out of 15.0
EarlyStopping counter: 5 out of 15.0
EarlyStopping counter: 6 out of 15.0
EarlyStopping counter: 7 out of 15.0
EarlyStopping counter: 8 out of 15.0
EarlyStopping counter: 9 out of 15.0
EarlyStopping counter: 10 out of 15.0
EarlyStopping counter: 11 out of 15.0
EarlyStopping counter: 12 out of 15.0
EarlyStopping counter: 13 out of 15.0
EarlyStopping counter: 14 out of 15.0
EarlyStopping counter: 15 out of 15.0
/localscratch/yinan.28555874.0/env/lib/python3.7/site-packages/torch/nn/functional.py:1794: UserWarning: nn.functional.tanh is deprecated. Use torch.tanh instead.
  warnings.warn("nn.functional.tanh is deprecated. Use torch.tanh instead.")
wandb: Waiting for W&B process to finish, PID 59310... (success).
wandb: - 0.00MB of 0.00MB uploaded (0.00MB deduped)wandb: \ 0.00MB of 0.00MB uploaded (0.00MB deduped)wandb: | 0.00MB of 0.00MB uploaded (0.00MB deduped)wandb: / 0.00MB of 0.00MB uploaded (0.00MB deduped)wandb: - 0.00MB of 0.00MB uploaded (0.00MB deduped)wandb: \ 0.00MB of 0.00MB uploaded (0.00MB deduped)wandb: | 0.00MB of 0.00MB uploaded (0.00MB deduped)wandb: / 0.00MB of 0.00MB uploaded (0.00MB deduped)wandb: - 0.00MB of 0.00MB uploaded (0.00MB deduped)wandb: \ 0.00MB of 0.00MB uploaded (0.00MB deduped)wandb: | 0.00MB of 0.00MB uploaded (0.00MB deduped)wandb: / 0.00MB of 0.00MB uploaded (0.00MB deduped)wandb: - 0.00MB of 0.00MB uploaded (0.00MB deduped)wandb:                                                                                
wandb: Run history:
wandb:     e_F1 
wandb:   e_loss 
wandb:     t_F1 
wandb:   t_loss 
wandb: 
wandb: Run summary:
wandb:     e_F1 60.18863
wandb:   e_loss 1.07921
wandb:     t_F1 95.56553
wandb:   t_loss 0.24625
wandb: 
wandb: Synced 4 W&B file(s), 0 media file(s), 0 artifact file(s) and 0 other file(s)
wandb: Synced solar-wood-1: https://wandb.ai/yinanazhou/xl_512_bs_8_lr_1e06_es_15_lc_True_nr_False_sr_False_stem_True_lemma_False_repeat_1_fold_2/runs/nxcddl7m
wandb: Find logs at: ./wandb/run-20220309_074853-nxcddl7m/logs/debug.log
wandb: 

wandb: wandb version 0.12.11 is available!  To upgrade, please run:
wandb:  $ pip install wandb --upgrade
2022-03-09 08:28:13.170388: I tensorflow/stream_executor/platform/default/dso_loader.cc:48] Successfully opened dynamic library libcudart.so.10.1
wandb: Tracking run with wandb version 0.12.5
wandb: Syncing run dandy-sky-1
wandb:  View project at https://wandb.ai/yinanazhou/xl_512_bs_8_lr_1e06_es_15_lc_True_nr_False_sr_False_stem_True_lemma_False_repeat_2_fold_1
wandb:  View run at https://wandb.ai/yinanazhou/xl_512_bs_8_lr_1e06_es_15_lc_True_nr_False_sr_False_stem_True_lemma_False_repeat_2_fold_1/runs/36qcodbk
wandb: Run data is saved locally in /project/6002780/yinan/Thesis_MER_Lyrics/lyric-emotion/wandb/run-20220309_082810-36qcodbk
wandb: Run `wandb offline` to turn off syncing.

Validation loss decreased (inf --> 1.387434).  Saving model ...
Validation loss decreased (1.387434 --> 1.373249).  Saving model ...
Validation loss decreased (1.373249 --> 1.363232).  Saving model ...
Validation loss decreased (1.363232 --> 1.354377).  Saving model ...
Validation loss decreased (1.354377 --> 1.342744).  Saving model ...
Validation loss decreased (1.342744 --> 1.326696).  Saving model ...
Validation loss decreased (1.326696 --> 1.308604).  Saving model ...
Validation loss decreased (1.308604 --> 1.284561).  Saving model ...
Validation loss decreased (1.284561 --> 1.256126).  Saving model ...
Validation loss decreased (1.256126 --> 1.228374).  Saving model ...
Validation loss decreased (1.228374 --> 1.190318).  Saving model ...
Validation loss decreased (1.190318 --> 1.165396).  Saving model ...
Validation loss decreased (1.165396 --> 1.137911).  Saving model ...
Validation loss decreased (1.137911 --> 1.108994).  Saving model ...
Validation loss decreased (1.108994 --> 1.089465).  Saving model ...
Validation loss decreased (1.089465 --> 1.071735).  Saving model ...
Validation loss decreased (1.071735 --> 1.058012).  Saving model ...
Validation loss decreased (1.058012 --> 1.042879).  Saving model ...
Validation loss decreased (1.042879 --> 1.028170).  Saving model ...
Validation loss decreased (1.028170 --> 1.015934).  Saving model ...
Validation loss decreased (1.015934 --> 1.014356).  Saving model ...
Validation loss decreased (1.014356 --> 1.009630).  Saving model ...
Validation loss decreased (1.009630 --> 1.009616).  Saving model ...
Validation loss decreased (1.009616 --> 0.999326).  Saving model ...
Validation loss decreased (0.999326 --> 0.998926).  Saving model ...
Validation loss decreased (0.998926 --> 0.990573).  Saving model ...
EarlyStopping counter: 1 out of 15.0
EarlyStopping counter: 2 out of 15.0
EarlyStopping counter: 3 out of 15.0
EarlyStopping counter: 4 out of 15.0
EarlyStopping counter: 5 out of 15.0
EarlyStopping counter: 6 out of 15.0
EarlyStopping counter: 7 out of 15.0
EarlyStopping counter: 8 out of 15.0
EarlyStopping counter: 9 out of 15.0
EarlyStopping counter: 10 out of 15.0
EarlyStopping counter: 11 out of 15.0
EarlyStopping counter: 12 out of 15.0
EarlyStopping counter: 13 out of 15.0
EarlyStopping counter: 14 out of 15.0
EarlyStopping counter: 15 out of 15.0
/localscratch/yinan.28555874.0/env/lib/python3.7/site-packages/torch/nn/functional.py:1794: UserWarning: nn.functional.tanh is deprecated. Use torch.tanh instead.
  warnings.warn("nn.functional.tanh is deprecated. Use torch.tanh instead.")
wandb: Waiting for W&B process to finish, PID 61445... (success).
wandb: - 0.00MB of 0.00MB uploaded (0.00MB deduped)wandb: \ 0.00MB of 0.00MB uploaded (0.00MB deduped)wandb: | 0.00MB of 0.00MB uploaded (0.00MB deduped)wandb: / 0.00MB of 0.00MB uploaded (0.00MB deduped)wandb: - 0.00MB of 0.00MB uploaded (0.00MB deduped)wandb: \ 0.00MB of 0.00MB uploaded (0.00MB deduped)wandb: | 0.00MB of 0.00MB uploaded (0.00MB deduped)wandb: / 0.00MB of 0.00MB uploaded (0.00MB deduped)wandb: - 0.00MB of 0.00MB uploaded (0.00MB deduped)wandb: \ 0.00MB of 0.00MB uploaded (0.00MB deduped)wandb: | 0.00MB of 0.00MB uploaded (0.00MB deduped)wandb: / 0.00MB of 0.00MB uploaded (0.00MB deduped)wandb: - 0.00MB of 0.00MB uploaded (0.00MB deduped)wandb:                                                                                
wandb: Run history:
wandb:     e_F1 
wandb:   e_loss 
wandb:     t_F1 
wandb:   t_loss 
wandb: 
wandb: Run summary:
wandb:     e_F1 57.86031
wandb:   e_loss 1.1094
wandb:     t_F1 90.85877
wandb:   t_loss 0.33163
wandb: 
wandb: Synced 4 W&B file(s), 0 media file(s), 0 artifact file(s) and 0 other file(s)
wandb: Synced dandy-sky-1: https://wandb.ai/yinanazhou/xl_512_bs_8_lr_1e06_es_15_lc_True_nr_False_sr_False_stem_True_lemma_False_repeat_2_fold_1/runs/36qcodbk
wandb: Find logs at: ./wandb/run-20220309_082810-36qcodbk/logs/debug.log
wandb: 

wandb: wandb version 0.12.11 is available!  To upgrade, please run:
wandb:  $ pip install wandb --upgrade
2022-03-09 09:06:25.839639: I tensorflow/stream_executor/platform/default/dso_loader.cc:48] Successfully opened dynamic library libcudart.so.10.1
wandb: Tracking run with wandb version 0.12.5
wandb: Syncing run vital-surf-1
wandb:  View project at https://wandb.ai/yinanazhou/xl_512_bs_8_lr_1e06_es_15_lc_True_nr_False_sr_False_stem_True_lemma_False_repeat_2_fold_2
wandb:  View run at https://wandb.ai/yinanazhou/xl_512_bs_8_lr_1e06_es_15_lc_True_nr_False_sr_False_stem_True_lemma_False_repeat_2_fold_2/runs/kv5hxpz3
wandb: Run data is saved locally in /project/6002780/yinan/Thesis_MER_Lyrics/lyric-emotion/wandb/run-20220309_090623-kv5hxpz3
wandb: Run `wandb offline` to turn off syncing.

Validation loss decreased (inf --> 1.404717).  Saving model ...
Validation loss decreased (1.404717 --> 1.369586).  Saving model ...
Validation loss decreased (1.369586 --> 1.352937).  Saving model ...
Validation loss decreased (1.352937 --> 1.336046).  Saving model ...
Validation loss decreased (1.336046 --> 1.324264).  Saving model ...
Validation loss decreased (1.324264 --> 1.307056).  Saving model ...
Validation loss decreased (1.307056 --> 1.286605).  Saving model ...
Validation loss decreased (1.286605 --> 1.262079).  Saving model ...
Validation loss decreased (1.262079 --> 1.239066).  Saving model ...
Validation loss decreased (1.239066 --> 1.203886).  Saving model ...
Validation loss decreased (1.203886 --> 1.179207).  Saving model ...
Validation loss decreased (1.179207 --> 1.150303).  Saving model ...
Validation loss decreased (1.150303 --> 1.150099).  Saving model ...
Validation loss decreased (1.150099 --> 1.104721).  Saving model ...
Validation loss decreased (1.104721 --> 1.072915).  Saving model ...
Validation loss decreased (1.072915 --> 1.043208).  Saving model ...
Validation loss decreased (1.043208 --> 1.039605).  Saving model ...
Validation loss decreased (1.039605 --> 1.015258).  Saving model ...
Validation loss decreased (1.015258 --> 0.997434).  Saving model ...
EarlyStopping counter: 1 out of 15.0
Validation loss decreased (0.997434 --> 0.977698).  Saving model ...
Validation loss decreased (0.977698 --> 0.966125).  Saving model ...
Validation loss decreased (0.966125 --> 0.957325).  Saving model ...
EarlyStopping counter: 1 out of 15.0
Validation loss decreased (0.957325 --> 0.946542).  Saving model ...
Validation loss decreased (0.946542 --> 0.938109).  Saving model ...
Validation loss decreased (0.938109 --> 0.934044).  Saving model ...
EarlyStopping counter: 1 out of 15.0
EarlyStopping counter: 2 out of 15.0
EarlyStopping counter: 3 out of 15.0
EarlyStopping counter: 4 out of 15.0
EarlyStopping counter: 5 out of 15.0
EarlyStopping counter: 6 out of 15.0
EarlyStopping counter: 7 out of 15.0
EarlyStopping counter: 8 out of 15.0
EarlyStopping counter: 9 out of 15.0
EarlyStopping counter: 10 out of 15.0
EarlyStopping counter: 11 out of 15.0
EarlyStopping counter: 12 out of 15.0
EarlyStopping counter: 13 out of 15.0
EarlyStopping counter: 14 out of 15.0
EarlyStopping counter: 15 out of 15.0
/localscratch/yinan.28555874.0/env/lib/python3.7/site-packages/torch/nn/functional.py:1794: UserWarning: nn.functional.tanh is deprecated. Use torch.tanh instead.
  warnings.warn("nn.functional.tanh is deprecated. Use torch.tanh instead.")
wandb: Waiting for W&B process to finish, PID 63497... (success).
wandb: - 0.00MB of 0.00MB uploaded (0.00MB deduped)wandb: \ 0.00MB of 0.00MB uploaded (0.00MB deduped)wandb: | 0.00MB of 0.00MB uploaded (0.00MB deduped)wandb: / 0.00MB of 0.00MB uploaded (0.00MB deduped)wandb: - 0.00MB of 0.00MB uploaded (0.00MB deduped)wandb: \ 0.00MB of 0.00MB uploaded (0.00MB deduped)wandb: | 0.00MB of 0.00MB uploaded (0.00MB deduped)wandb: / 0.00MB of 0.00MB uploaded (0.00MB deduped)wandb: - 0.00MB of 0.00MB uploaded (0.00MB deduped)wandb: \ 0.00MB of 0.00MB uploaded (0.00MB deduped)wandb: | 0.00MB of 0.00MB uploaded (0.00MB deduped)wandb: / 0.00MB of 0.00MB uploaded (0.00MB deduped)wandb:                                                                                
wandb: Run history:
wandb:     e_F1 
wandb:   e_loss 
wandb:     t_F1 
wandb:   t_loss 
wandb: 
wandb: Run summary:
wandb:     e_F1 56.84657
wandb:   e_loss 1.06105
wandb:     t_F1 92.96648
wandb:   t_loss 0.29691
wandb: 
wandb: Synced 4 W&B file(s), 0 media file(s), 0 artifact file(s) and 0 other file(s)
wandb: Synced vital-surf-1: https://wandb.ai/yinanazhou/xl_512_bs_8_lr_1e06_es_15_lc_True_nr_False_sr_False_stem_True_lemma_False_repeat_2_fold_2/runs/kv5hxpz3
wandb: Find logs at: ./wandb/run-20220309_090623-kv5hxpz3/logs/debug.log
wandb: 

wandb: wandb version 0.12.11 is available!  To upgrade, please run:
wandb:  $ pip install wandb --upgrade
2022-03-09 09:45:33.726046: I tensorflow/stream_executor/platform/default/dso_loader.cc:48] Successfully opened dynamic library libcudart.so.10.1
wandb: Tracking run with wandb version 0.12.5
wandb: Syncing run smooth-vortex-1
wandb:  View project at https://wandb.ai/yinanazhou/xl_512_bs_8_lr_1e06_es_15_lc_True_nr_False_sr_False_stem_True_lemma_False_repeat_3_fold_1
wandb:  View run at https://wandb.ai/yinanazhou/xl_512_bs_8_lr_1e06_es_15_lc_True_nr_False_sr_False_stem_True_lemma_False_repeat_3_fold_1/runs/2n564si7
wandb: Run data is saved locally in /project/6002780/yinan/Thesis_MER_Lyrics/lyric-emotion/wandb/run-20220309_094530-2n564si7
wandb: Run `wandb offline` to turn off syncing.

Validation loss decreased (inf --> 1.381756).  Saving model ...
Validation loss decreased (1.381756 --> 1.351922).  Saving model ...
Validation loss decreased (1.351922 --> 1.331458).  Saving model ...
Validation loss decreased (1.331458 --> 1.315109).  Saving model ...
Validation loss decreased (1.315109 --> 1.296988).  Saving model ...
Validation loss decreased (1.296988 --> 1.274780).  Saving model ...
Validation loss decreased (1.274780 --> 1.252053).  Saving model ...
Validation loss decreased (1.252053 --> 1.221473).  Saving model ...
Validation loss decreased (1.221473 --> 1.186161).  Saving model ...
Validation loss decreased (1.186161 --> 1.145858).  Saving model ...
Validation loss decreased (1.145858 --> 1.124768).  Saving model ...
Validation loss decreased (1.124768 --> 1.082855).  Saving model ...
Validation loss decreased (1.082855 --> 1.050095).  Saving model ...
Validation loss decreased (1.050095 --> 1.031112).  Saving model ...
Validation loss decreased (1.031112 --> 1.007339).  Saving model ...
Validation loss decreased (1.007339 --> 0.981918).  Saving model ...
Validation loss decreased (0.981918 --> 0.961822).  Saving model ...
Validation loss decreased (0.961822 --> 0.952928).  Saving model ...
Validation loss decreased (0.952928 --> 0.941478).  Saving model ...
Validation loss decreased (0.941478 --> 0.926744).  Saving model ...
Validation loss decreased (0.926744 --> 0.919001).  Saving model ...
Validation loss decreased (0.919001 --> 0.911894).  Saving model ...
Validation loss decreased (0.911894 --> 0.902718).  Saving model ...
EarlyStopping counter: 1 out of 15.0
EarlyStopping counter: 2 out of 15.0
EarlyStopping counter: 3 out of 15.0
EarlyStopping counter: 4 out of 15.0
EarlyStopping counter: 5 out of 15.0
EarlyStopping counter: 6 out of 15.0
EarlyStopping counter: 7 out of 15.0
EarlyStopping counter: 8 out of 15.0
EarlyStopping counter: 9 out of 15.0
EarlyStopping counter: 10 out of 15.0
EarlyStopping counter: 11 out of 15.0
EarlyStopping counter: 12 out of 15.0
EarlyStopping counter: 13 out of 15.0
EarlyStopping counter: 14 out of 15.0
EarlyStopping counter: 15 out of 15.0
/localscratch/yinan.28555874.0/env/lib/python3.7/site-packages/torch/nn/functional.py:1794: UserWarning: nn.functional.tanh is deprecated. Use torch.tanh instead.
  warnings.warn("nn.functional.tanh is deprecated. Use torch.tanh instead.")
wandb: Waiting for W&B process to finish, PID 65597... (success).
wandb: - 0.00MB of 0.00MB uploaded (0.00MB deduped)wandb: \ 0.00MB of 0.00MB uploaded (0.00MB deduped)wandb: | 0.00MB of 0.00MB uploaded (0.00MB deduped)wandb: / 0.00MB of 0.00MB uploaded (0.00MB deduped)wandb: - 0.00MB of 0.00MB uploaded (0.00MB deduped)wandb: \ 0.00MB of 0.00MB uploaded (0.00MB deduped)wandb: | 0.00MB of 0.00MB uploaded (0.00MB deduped)wandb: / 0.00MB of 0.00MB uploaded (0.00MB deduped)wandb: - 0.00MB of 0.00MB uploaded (0.00MB deduped)wandb: \ 0.00MB of 0.00MB uploaded (0.00MB deduped)wandb: | 0.00MB of 0.00MB uploaded (0.00MB deduped)wandb: / 0.00MB of 0.00MB uploaded (0.00MB deduped)wandb: - 0.00MB of 0.00MB uploaded (0.00MB deduped)wandb:                                                                                
wandb: Run history:
wandb:     e_F1 
wandb:   e_loss 
wandb:     t_F1 
wandb:   t_loss 
wandb: 
wandb: Run summary:
wandb:     e_F1 63.34248
wandb:   e_loss 0.96778
wandb:     t_F1 90.20017
wandb:   t_loss 0.35075
wandb: 
wandb: Synced 4 W&B file(s), 0 media file(s), 0 artifact file(s) and 0 other file(s)
wandb: Synced smooth-vortex-1: https://wandb.ai/yinanazhou/xl_512_bs_8_lr_1e06_es_15_lc_True_nr_False_sr_False_stem_True_lemma_False_repeat_3_fold_1/runs/2n564si7
wandb: Find logs at: ./wandb/run-20220309_094530-2n564si7/logs/debug.log
wandb: 

wandb: wandb version 0.12.11 is available!  To upgrade, please run:
wandb:  $ pip install wandb --upgrade
2022-03-09 10:21:03.829525: I tensorflow/stream_executor/platform/default/dso_loader.cc:48] Successfully opened dynamic library libcudart.so.10.1
wandb: Tracking run with wandb version 0.12.5
wandb: Syncing run golden-terrain-1
wandb:  View project at https://wandb.ai/yinanazhou/xl_512_bs_8_lr_1e06_es_15_lc_True_nr_False_sr_False_stem_True_lemma_False_repeat_3_fold_2
wandb:  View run at https://wandb.ai/yinanazhou/xl_512_bs_8_lr_1e06_es_15_lc_True_nr_False_sr_False_stem_True_lemma_False_repeat_3_fold_2/runs/4o2eeeyc
wandb: Run data is saved locally in /project/6002780/yinan/Thesis_MER_Lyrics/lyric-emotion/wandb/run-20220309_102101-4o2eeeyc
wandb: Run `wandb offline` to turn off syncing.

Validation loss decreased (inf --> 1.391701).  Saving model ...
Validation loss decreased (1.391701 --> 1.371294).  Saving model ...
Validation loss decreased (1.371294 --> 1.359012).  Saving model ...
Validation loss decreased (1.359012 --> 1.346411).  Saving model ...
Validation loss decreased (1.346411 --> 1.329655).  Saving model ...
Validation loss decreased (1.329655 --> 1.308983).  Saving model ...
Validation loss decreased (1.308983 --> 1.285270).  Saving model ...
Validation loss decreased (1.285270 --> 1.260574).  Saving model ...
Validation loss decreased (1.260574 --> 1.228508).  Saving model ...
Validation loss decreased (1.228508 --> 1.201973).  Saving model ...
Validation loss decreased (1.201973 --> 1.165153).  Saving model ...
Validation loss decreased (1.165153 --> 1.136914).  Saving model ...
Validation loss decreased (1.136914 --> 1.112961).  Saving model ...
Validation loss decreased (1.112961 --> 1.080366).  Saving model ...
Validation loss decreased (1.080366 --> 1.056054).  Saving model ...
Validation loss decreased (1.056054 --> 1.037718).  Saving model ...
Validation loss decreased (1.037718 --> 1.025349).  Saving model ...
Validation loss decreased (1.025349 --> 1.005893).  Saving model ...
Validation loss decreased (1.005893 --> 0.994979).  Saving model ...
Validation loss decreased (0.994979 --> 0.987030).  Saving model ...
EarlyStopping counter: 1 out of 15.0
Validation loss decreased (0.987030 --> 0.969015).  Saving model ...
Validation loss decreased (0.969015 --> 0.966314).  Saving model ...
EarlyStopping counter: 1 out of 15.0
Validation loss decreased (0.966314 --> 0.965110).  Saving model ...
Validation loss decreased (0.965110 --> 0.959198).  Saving model ...
EarlyStopping counter: 1 out of 15.0
Validation loss decreased (0.959198 --> 0.957656).  Saving model ...
EarlyStopping counter: 1 out of 15.0
EarlyStopping counter: 2 out of 15.0
EarlyStopping counter: 3 out of 15.0
EarlyStopping counter: 4 out of 15.0
EarlyStopping counter: 5 out of 15.0
EarlyStopping counter: 6 out of 15.0
EarlyStopping counter: 7 out of 15.0
EarlyStopping counter: 8 out of 15.0
EarlyStopping counter: 9 out of 15.0
EarlyStopping counter: 10 out of 15.0
EarlyStopping counter: 11 out of 15.0
EarlyStopping counter: 12 out of 15.0
EarlyStopping counter: 13 out of 15.0
EarlyStopping counter: 14 out of 15.0
EarlyStopping counter: 15 out of 15.0
/localscratch/yinan.28555874.0/env/lib/python3.7/site-packages/torch/nn/functional.py:1794: UserWarning: nn.functional.tanh is deprecated. Use torch.tanh instead.
  warnings.warn("nn.functional.tanh is deprecated. Use torch.tanh instead.")
wandb: Waiting for W&B process to finish, PID 67526... (success).
wandb: - 0.00MB of 0.00MB uploaded (0.00MB deduped)wandb: \ 0.00MB of 0.00MB uploaded (0.00MB deduped)wandb: | 0.00MB of 0.00MB uploaded (0.00MB deduped)wandb: / 0.00MB of 0.00MB uploaded (0.00MB deduped)wandb: - 0.00MB of 0.00MB uploaded (0.00MB deduped)wandb: \ 0.00MB of 0.00MB uploaded (0.00MB deduped)wandb: | 0.00MB of 0.00MB uploaded (0.00MB deduped)wandb: / 0.00MB of 0.00MB uploaded (0.00MB deduped)wandb: - 0.00MB of 0.00MB uploaded (0.00MB deduped)wandb: \ 0.00MB of 0.00MB uploaded (0.00MB deduped)wandb: | 0.00MB of 0.00MB uploaded (0.00MB deduped)wandb: / 0.00MB of 0.00MB uploaded (0.00MB deduped)wandb: - 0.00MB of 0.00MB uploaded (0.00MB deduped)wandb:                                                                                
wandb: Run history:
wandb:     e_F1 
wandb:   e_loss 
wandb:     t_F1 
wandb:   t_loss 
wandb: 
wandb: Run summary:
wandb:     e_F1 61.66513
wandb:   e_loss 1.03131
wandb:     t_F1 89.37678
wandb:   t_loss 0.36889
wandb: 
wandb: Synced 4 W&B file(s), 0 media file(s), 0 artifact file(s) and 0 other file(s)
wandb: Synced golden-terrain-1: https://wandb.ai/yinanazhou/xl_512_bs_8_lr_1e06_es_15_lc_True_nr_False_sr_False_stem_True_lemma_False_repeat_3_fold_2/runs/4o2eeeyc
wandb: Find logs at: ./wandb/run-20220309_102101-4o2eeeyc/logs/debug.log
wandb: 

wandb: wandb version 0.12.11 is available!  To upgrade, please run:
wandb:  $ pip install wandb --upgrade
2022-03-09 11:01:12.167207: I tensorflow/stream_executor/platform/default/dso_loader.cc:48] Successfully opened dynamic library libcudart.so.10.1
wandb: Tracking run with wandb version 0.12.5
wandb: Syncing run denim-tree-1
wandb:  View project at https://wandb.ai/yinanazhou/xl_512_bs_8_lr_1e06_es_15_lc_True_nr_False_sr_False_stem_True_lemma_False_repeat_4_fold_1
wandb:  View run at https://wandb.ai/yinanazhou/xl_512_bs_8_lr_1e06_es_15_lc_True_nr_False_sr_False_stem_True_lemma_False_repeat_4_fold_1/runs/164r2i6g
wandb: Run data is saved locally in /project/6002780/yinan/Thesis_MER_Lyrics/lyric-emotion/wandb/run-20220309_110109-164r2i6g
wandb: Run `wandb offline` to turn off syncing.

Validation loss decreased (inf --> 1.401614).  Saving model ...
Validation loss decreased (1.401614 --> 1.358097).  Saving model ...
Validation loss decreased (1.358097 --> 1.334745).  Saving model ...
Validation loss decreased (1.334745 --> 1.309960).  Saving model ...
Validation loss decreased (1.309960 --> 1.297242).  Saving model ...
Validation loss decreased (1.297242 --> 1.270236).  Saving model ...
Validation loss decreased (1.270236 --> 1.251050).  Saving model ...
Validation loss decreased (1.251050 --> 1.228815).  Saving model ...
Validation loss decreased (1.228815 --> 1.200203).  Saving model ...
Validation loss decreased (1.200203 --> 1.175380).  Saving model ...
Validation loss decreased (1.175380 --> 1.152034).  Saving model ...
Validation loss decreased (1.152034 --> 1.124146).  Saving model ...
Validation loss decreased (1.124146 --> 1.104537).  Saving model ...
Validation loss decreased (1.104537 --> 1.081121).  Saving model ...
Validation loss decreased (1.081121 --> 1.066556).  Saving model ...
Validation loss decreased (1.066556 --> 1.046908).  Saving model ...
Validation loss decreased (1.046908 --> 1.036596).  Saving model ...
Validation loss decreased (1.036596 --> 1.023865).  Saving model ...
Validation loss decreased (1.023865 --> 1.009251).  Saving model ...
Validation loss decreased (1.009251 --> 0.999553).  Saving model ...
Validation loss decreased (0.999553 --> 0.989277).  Saving model ...
Validation loss decreased (0.989277 --> 0.977745).  Saving model ...
Validation loss decreased (0.977745 --> 0.966592).  Saving model ...
Validation loss decreased (0.966592 --> 0.958115).  Saving model ...
Validation loss decreased (0.958115 --> 0.953854).  Saving model ...
Validation loss decreased (0.953854 --> 0.950859).  Saving model ...
EarlyStopping counter: 1 out of 15.0
EarlyStopping counter: 2 out of 15.0
EarlyStopping counter: 3 out of 15.0
Validation loss decreased (0.950859 --> 0.950769).  Saving model ...
EarlyStopping counter: 1 out of 15.0
EarlyStopping counter: 2 out of 15.0
EarlyStopping counter: 3 out of 15.0
EarlyStopping counter: 4 out of 15.0
EarlyStopping counter: 5 out of 15.0
EarlyStopping counter: 6 out of 15.0
EarlyStopping counter: 7 out of 15.0
EarlyStopping counter: 8 out of 15.0
EarlyStopping counter: 9 out of 15.0
EarlyStopping counter: 10 out of 15.0
EarlyStopping counter: 11 out of 15.0
EarlyStopping counter: 12 out of 15.0
EarlyStopping counter: 13 out of 15.0
EarlyStopping counter: 14 out of 15.0
EarlyStopping counter: 15 out of 15.0
/localscratch/yinan.28555874.0/env/lib/python3.7/site-packages/torch/nn/functional.py:1794: UserWarning: nn.functional.tanh is deprecated. Use torch.tanh instead.
  warnings.warn("nn.functional.tanh is deprecated. Use torch.tanh instead.")
wandb: Waiting for W&B process to finish, PID 69675... (success).
wandb: - 0.00MB of 0.00MB uploaded (0.00MB deduped)wandb: \ 0.00MB of 0.00MB uploaded (0.00MB deduped)wandb: | 0.00MB of 0.00MB uploaded (0.00MB deduped)wandb: / 0.00MB of 0.00MB uploaded (0.00MB deduped)wandb: - 0.00MB of 0.00MB uploaded (0.00MB deduped)wandb:                                                                                
wandb: Run history:
wandb:     e_F1 
wandb:   e_loss 
wandb:     t_F1 
wandb:   t_loss 
wandb: 
wandb: Run summary:
wandb:     e_F1 61.55518
wandb:   e_loss 1.03387
wandb:     t_F1 90.41733
wandb:   t_loss 0.36115
wandb: 
wandb: Synced 4 W&B file(s), 0 media file(s), 0 artifact file(s) and 0 other file(s)
wandb: Synced denim-tree-1: https://wandb.ai/yinanazhou/xl_512_bs_8_lr_1e06_es_15_lc_True_nr_False_sr_False_stem_True_lemma_False_repeat_4_fold_1/runs/164r2i6g
wandb: Find logs at: ./wandb/run-20220309_110109-164r2i6g/logs/debug.log
wandb: 

wandb: wandb version 0.12.11 is available!  To upgrade, please run:
wandb:  $ pip install wandb --upgrade
2022-03-09 11:43:19.757726: I tensorflow/stream_executor/platform/default/dso_loader.cc:48] Successfully opened dynamic library libcudart.so.10.1
wandb: Tracking run with wandb version 0.12.5
wandb: Syncing run worthy-sun-1
wandb:  View project at https://wandb.ai/yinanazhou/xl_512_bs_8_lr_1e06_es_15_lc_True_nr_False_sr_False_stem_True_lemma_False_repeat_4_fold_2
wandb:  View run at https://wandb.ai/yinanazhou/xl_512_bs_8_lr_1e06_es_15_lc_True_nr_False_sr_False_stem_True_lemma_False_repeat_4_fold_2/runs/5hl5bf6g
wandb: Run data is saved locally in /project/6002780/yinan/Thesis_MER_Lyrics/lyric-emotion/wandb/run-20220309_114315-5hl5bf6g
wandb: Run `wandb offline` to turn off syncing.

Validation loss decreased (inf --> 1.378506).  Saving model ...
Validation loss decreased (1.378506 --> 1.362932).  Saving model ...
Validation loss decreased (1.362932 --> 1.350141).  Saving model ...
Validation loss decreased (1.350141 --> 1.329979).  Saving model ...
Validation loss decreased (1.329979 --> 1.318968).  Saving model ...
Validation loss decreased (1.318968 --> 1.297894).  Saving model ...
Validation loss decreased (1.297894 --> 1.278925).  Saving model ...
Validation loss decreased (1.278925 --> 1.253123).  Saving model ...
Validation loss decreased (1.253123 --> 1.226679).  Saving model ...
Validation loss decreased (1.226679 --> 1.182278).  Saving model ...
Validation loss decreased (1.182278 --> 1.133450).  Saving model ...
Validation loss decreased (1.133450 --> 1.108472).  Saving model ...
Validation loss decreased (1.108472 --> 1.073984).  Saving model ...
Validation loss decreased (1.073984 --> 1.049604).  Saving model ...
Validation loss decreased (1.049604 --> 1.022092).  Saving model ...
Validation loss decreased (1.022092 --> 0.996707).  Saving model ...
Validation loss decreased (0.996707 --> 0.984868).  Saving model ...
Validation loss decreased (0.984868 --> 0.970920).  Saving model ...
Validation loss decreased (0.970920 --> 0.967348).  Saving model ...
Validation loss decreased (0.967348 --> 0.944970).  Saving model ...
Validation loss decreased (0.944970 --> 0.940601).  Saving model ...
Validation loss decreased (0.940601 --> 0.928464).  Saving model ...
EarlyStopping counter: 1 out of 15.0
EarlyStopping counter: 2 out of 15.0
EarlyStopping counter: 3 out of 15.0
Validation loss decreased (0.928464 --> 0.926667).  Saving model ...
EarlyStopping counter: 1 out of 15.0
EarlyStopping counter: 2 out of 15.0
EarlyStopping counter: 3 out of 15.0
EarlyStopping counter: 4 out of 15.0
EarlyStopping counter: 5 out of 15.0
EarlyStopping counter: 6 out of 15.0
EarlyStopping counter: 7 out of 15.0
EarlyStopping counter: 8 out of 15.0
EarlyStopping counter: 9 out of 15.0
EarlyStopping counter: 10 out of 15.0
EarlyStopping counter: 11 out of 15.0
EarlyStopping counter: 12 out of 15.0
EarlyStopping counter: 13 out of 15.0
EarlyStopping counter: 14 out of 15.0
EarlyStopping counter: 15 out of 15.0
/localscratch/yinan.28555874.0/env/lib/python3.7/site-packages/torch/nn/functional.py:1794: UserWarning: nn.functional.tanh is deprecated. Use torch.tanh instead.
  warnings.warn("nn.functional.tanh is deprecated. Use torch.tanh instead.")
wandb: Waiting for W&B process to finish, PID 71954... (success).
wandb: - 0.00MB of 0.00MB uploaded (0.00MB deduped)wandb: \ 0.00MB of 0.00MB uploaded (0.00MB deduped)wandb: | 0.00MB of 0.00MB uploaded (0.00MB deduped)wandb: / 0.00MB of 0.00MB uploaded (0.00MB deduped)wandb: - 0.00MB of 0.00MB uploaded (0.00MB deduped)wandb: \ 0.00MB of 0.00MB uploaded (0.00MB deduped)wandb: | 0.00MB of 0.00MB uploaded (0.00MB deduped)wandb: / 0.00MB of 0.00MB uploaded (0.00MB deduped)wandb: - 0.00MB of 0.00MB uploaded (0.00MB deduped)wandb: \ 0.00MB of 0.00MB uploaded (0.00MB deduped)wandb: | 0.00MB of 0.00MB uploaded (0.00MB deduped)wandb: / 0.00MB of 0.00MB uploaded (0.00MB deduped)wandb: - 0.00MB of 0.00MB uploaded (0.00MB deduped)wandb:                                                                                
wandb: Run history:
wandb:     e_F1 
wandb:   e_loss 
wandb:     t_F1 
wandb:   t_loss 
wandb: 
wandb: Run summary:
wandb:     e_F1 57.93589
wandb:   e_loss 1.04746
wandb:     t_F1 91.0414
wandb:   t_loss 0.35137
wandb: 
wandb: Synced 4 W&B file(s), 0 media file(s), 0 artifact file(s) and 0 other file(s)
wandb: Synced worthy-sun-1: https://wandb.ai/yinanazhou/xl_512_bs_8_lr_1e06_es_15_lc_True_nr_False_sr_False_stem_True_lemma_False_repeat_4_fold_2/runs/5hl5bf6g
wandb: Find logs at: ./wandb/run-20220309_114315-5hl5bf6g/logs/debug.log
wandb: 

wandb: wandb version 0.12.11 is available!  To upgrade, please run:
wandb:  $ pip install wandb --upgrade
2022-03-09 12:21:38.785346: I tensorflow/stream_executor/platform/default/dso_loader.cc:48] Successfully opened dynamic library libcudart.so.10.1
wandb: Tracking run with wandb version 0.12.5
wandb: Syncing run gentle-pyramid-1
wandb:  View project at https://wandb.ai/yinanazhou/xl_512_bs_8_lr_1e06_es_15_lc_True_nr_False_sr_False_stem_True_lemma_False_repeat_5_fold_1
wandb:  View run at https://wandb.ai/yinanazhou/xl_512_bs_8_lr_1e06_es_15_lc_True_nr_False_sr_False_stem_True_lemma_False_repeat_5_fold_1/runs/mn0snc33
wandb: Run data is saved locally in /project/6002780/yinan/Thesis_MER_Lyrics/lyric-emotion/wandb/run-20220309_122135-mn0snc33
wandb: Run `wandb offline` to turn off syncing.

Validation loss decreased (inf --> 1.390988).  Saving model ...
Validation loss decreased (1.390988 --> 1.356819).  Saving model ...
Validation loss decreased (1.356819 --> 1.336832).  Saving model ...
Validation loss decreased (1.336832 --> 1.312907).  Saving model ...
Validation loss decreased (1.312907 --> 1.289668).  Saving model ...
Validation loss decreased (1.289668 --> 1.267191).  Saving model ...
Validation loss decreased (1.267191 --> 1.233039).  Saving model ...
Validation loss decreased (1.233039 --> 1.201050).  Saving model ...
Validation loss decreased (1.201050 --> 1.162874).  Saving model ...
Validation loss decreased (1.162874 --> 1.129206).  Saving model ...
Validation loss decreased (1.129206 --> 1.111366).  Saving model ...
Validation loss decreased (1.111366 --> 1.072836).  Saving model ...
Validation loss decreased (1.072836 --> 1.053707).  Saving model ...
Validation loss decreased (1.053707 --> 1.031637).  Saving model ...
Validation loss decreased (1.031637 --> 1.026346).  Saving model ...
Validation loss decreased (1.026346 --> 1.004942).  Saving model ...
Validation loss decreased (1.004942 --> 0.986977).  Saving model ...
EarlyStopping counter: 1 out of 15.0
Validation loss decreased (0.986977 --> 0.968436).  Saving model ...
Validation loss decreased (0.968436 --> 0.960835).  Saving model ...
Validation loss decreased (0.960835 --> 0.954358).  Saving model ...
EarlyStopping counter: 1 out of 15.0
EarlyStopping counter: 2 out of 15.0
EarlyStopping counter: 3 out of 15.0
EarlyStopping counter: 4 out of 15.0
EarlyStopping counter: 5 out of 15.0
EarlyStopping counter: 6 out of 15.0
EarlyStopping counter: 7 out of 15.0
EarlyStopping counter: 8 out of 15.0
EarlyStopping counter: 9 out of 15.0
EarlyStopping counter: 10 out of 15.0
EarlyStopping counter: 11 out of 15.0
EarlyStopping counter: 12 out of 15.0
EarlyStopping counter: 13 out of 15.0
EarlyStopping counter: 14 out of 15.0
EarlyStopping counter: 15 out of 15.0
/localscratch/yinan.28555874.0/env/lib/python3.7/site-packages/torch/nn/functional.py:1794: UserWarning: nn.functional.tanh is deprecated. Use torch.tanh instead.
  warnings.warn("nn.functional.tanh is deprecated. Use torch.tanh instead.")
wandb: Waiting for W&B process to finish, PID 74071... (success).
wandb: - 0.00MB of 0.00MB uploaded (0.00MB deduped)wandb: \ 0.00MB of 0.00MB uploaded (0.00MB deduped)wandb: | 0.00MB of 0.00MB uploaded (0.00MB deduped)wandb: / 0.00MB of 0.00MB uploaded (0.00MB deduped)wandb: - 0.00MB of 0.00MB uploaded (0.00MB deduped)wandb: \ 0.00MB of 0.00MB uploaded (0.00MB deduped)wandb: | 0.00MB of 0.00MB uploaded (0.00MB deduped)wandb: / 0.00MB of 0.00MB uploaded (0.00MB deduped)wandb: - 0.00MB of 0.00MB uploaded (0.00MB deduped)wandb: \ 0.00MB of 0.00MB uploaded (0.00MB deduped)wandb: | 0.00MB of 0.00MB uploaded (0.00MB deduped)wandb: / 0.00MB of 0.00MB uploaded (0.00MB deduped)wandb:                                                                                
wandb: Run history:
wandb:     e_F1 
wandb:   e_loss 
wandb:     t_F1 
wandb:   t_loss 
wandb: 
wandb: Run summary:
wandb:     e_F1 59.08702
wandb:   e_loss 1.00366
wandb:     t_F1 89.36817
wandb:   t_loss 0.40598
wandb: 
wandb: Synced 4 W&B file(s), 0 media file(s), 0 artifact file(s) and 0 other file(s)
wandb: Synced gentle-pyramid-1: https://wandb.ai/yinanazhou/xl_512_bs_8_lr_1e06_es_15_lc_True_nr_False_sr_False_stem_True_lemma_False_repeat_5_fold_1/runs/mn0snc33
wandb: Find logs at: ./wandb/run-20220309_122135-mn0snc33/logs/debug.log
wandb: 

wandb: wandb version 0.12.11 is available!  To upgrade, please run:
wandb:  $ pip install wandb --upgrade
2022-03-09 12:55:08.465020: I tensorflow/stream_executor/platform/default/dso_loader.cc:48] Successfully opened dynamic library libcudart.so.10.1
wandb: Tracking run with wandb version 0.12.5
wandb: Syncing run peachy-thunder-1
wandb:  View project at https://wandb.ai/yinanazhou/xl_512_bs_8_lr_1e06_es_15_lc_True_nr_False_sr_False_stem_True_lemma_False_repeat_5_fold_2
wandb:  View run at https://wandb.ai/yinanazhou/xl_512_bs_8_lr_1e06_es_15_lc_True_nr_False_sr_False_stem_True_lemma_False_repeat_5_fold_2/runs/2be1bsto
wandb: Run data is saved locally in /project/6002780/yinan/Thesis_MER_Lyrics/lyric-emotion/wandb/run-20220309_125505-2be1bsto
wandb: Run `wandb offline` to turn off syncing.

Validation loss decreased (inf --> 1.373710).  Saving model ...
Validation loss decreased (1.373710 --> 1.344604).  Saving model ...
Validation loss decreased (1.344604 --> 1.322858).  Saving model ...
Validation loss decreased (1.322858 --> 1.302312).  Saving model ...
Validation loss decreased (1.302312 --> 1.283100).  Saving model ...
Validation loss decreased (1.283100 --> 1.262875).  Saving model ...
Validation loss decreased (1.262875 --> 1.235783).  Saving model ...
Validation loss decreased (1.235783 --> 1.207361).  Saving model ...
Validation loss decreased (1.207361 --> 1.176410).  Saving model ...
Validation loss decreased (1.176410 --> 1.151634).  Saving model ...
Validation loss decreased (1.151634 --> 1.117001).  Saving model ...
Validation loss decreased (1.117001 --> 1.079778).  Saving model ...
Validation loss decreased (1.079778 --> 1.060531).  Saving model ...
Validation loss decreased (1.060531 --> 1.028210).  Saving model ...
Validation loss decreased (1.028210 --> 1.005902).  Saving model ...
Validation loss decreased (1.005902 --> 0.992377).  Saving model ...
Validation loss decreased (0.992377 --> 0.961737).  Saving model ...
Validation loss decreased (0.961737 --> 0.958876).  Saving model ...
Validation loss decreased (0.958876 --> 0.944447).  Saving model ...
Validation loss decreased (0.944447 --> 0.935639).  Saving model ...
Validation loss decreased (0.935639 --> 0.935514).  Saving model ...
Validation loss decreased (0.935514 --> 0.927594).  Saving model ...
Validation loss decreased (0.927594 --> 0.904535).  Saving model ...
EarlyStopping counter: 1 out of 15.0
EarlyStopping counter: 2 out of 15.0
EarlyStopping counter: 3 out of 15.0
EarlyStopping counter: 4 out of 15.0
EarlyStopping counter: 5 out of 15.0
EarlyStopping counter: 6 out of 15.0
EarlyStopping counter: 7 out of 15.0
EarlyStopping counter: 8 out of 15.0
EarlyStopping counter: 9 out of 15.0
EarlyStopping counter: 10 out of 15.0
EarlyStopping counter: 11 out of 15.0
EarlyStopping counter: 12 out of 15.0
EarlyStopping counter: 13 out of 15.0
EarlyStopping counter: 14 out of 15.0
EarlyStopping counter: 15 out of 15.0
/localscratch/yinan.28555874.0/env/lib/python3.7/site-packages/torch/nn/functional.py:1794: UserWarning: nn.functional.tanh is deprecated. Use torch.tanh instead.
  warnings.warn("nn.functional.tanh is deprecated. Use torch.tanh instead.")
wandb: Waiting for W&B process to finish, PID 75864... (success).
wandb: - 0.00MB of 0.00MB uploaded (0.00MB deduped)wandb: \ 0.00MB of 0.00MB uploaded (0.00MB deduped)wandb: | 0.00MB of 0.00MB uploaded (0.00MB deduped)wandb: / 0.00MB of 0.00MB uploaded (0.00MB deduped)wandb: - 0.00MB of 0.00MB uploaded (0.00MB deduped)wandb: \ 0.00MB of 0.00MB uploaded (0.00MB deduped)wandb: | 0.00MB of 0.00MB uploaded (0.00MB deduped)wandb: / 0.00MB of 0.00MB uploaded (0.00MB deduped)wandb: - 0.00MB of 0.00MB uploaded (0.00MB deduped)wandb: \ 0.00MB of 0.00MB uploaded (0.00MB deduped)wandb: | 0.00MB of 0.00MB uploaded (0.00MB deduped)wandb: / 0.00MB of 0.00MB uploaded (0.00MB deduped)wandb: - 0.00MB of 0.00MB uploaded (0.00MB deduped)wandb:                                                                                
wandb: Run history:
wandb:     e_F1 
wandb:   e_loss 
wandb:     t_F1 
wandb:   t_loss 
wandb: 
wandb: Run summary:
wandb:     e_F1 62.2092
wandb:   e_loss 0.92699
wandb:     t_F1 83.05684
wandb:   t_loss 0.49418
wandb: 
wandb: Synced 4 W&B file(s), 0 media file(s), 0 artifact file(s) and 0 other file(s)
wandb: Synced peachy-thunder-1: https://wandb.ai/yinanazhou/xl_512_bs_8_lr_1e06_es_15_lc_True_nr_False_sr_False_stem_True_lemma_False_repeat_5_fold_2/runs/2be1bsto
wandb: Find logs at: ./wandb/run-20220309_125505-2be1bsto/logs/debug.log
wandb: 

=======
=======
>>>>>>> deeb402b1d9359b1981ff022def33eacd88cafbb
=======
>>>>>>> deeb402b1d9359b1981ff022def33eacd88cafbb
usage: xlnet_cv.py [-h] [--lr LR] [--epochs EPOCHS] [--ml ML] [--bs BS]
                   [--es ES] [--adaptive ADAPTIVE] [--lc LC] [--nr NR]
                   [--stop STOP] [--stem STEM] [--lemma LEMMA]
xlnet_cv.py: error: unrecognized arguments: --sr True
<<<<<<< HEAD
<<<<<<< HEAD
>>>>>>> deeb402b1d9359b1981ff022def33eacd88cafbb
=======
>>>>>>> deeb402b1d9359b1981ff022def33eacd88cafbb
=======
>>>>>>> deeb402b1d9359b1981ff022def33eacd88cafbb
