Unloading StdEnv/2020

Due to MODULEPATH changes, the following have been reloaded:
  1) mii/1.1.1


The following have been reloaded with a version change:
  1) python/3.8.2 => python/3.7.4

Using base prefix '/cvmfs/soft.computecanada.ca/easybuild/software/2017/Core/python/3.7.4'
New python executable in /localscratch/yinan.28258388.0/env/bin/python
Installing setuptools, pip, wheel...
done.
Ignoring pip: markers 'python_version < "3"' don't match your environment
Looking in links: /cvmfs/soft.computecanada.ca/custom/python/wheelhouse/nix/avx2, /cvmfs/soft.computecanada.ca/custom/python/wheelhouse/nix/generic, /cvmfs/soft.computecanada.ca/custom/python/wheelhouse/generic
Collecting pip
Installing collected packages: pip
  Found existing installation: pip 19.1.1
    Uninstalling pip-19.1.1:
      Successfully uninstalled pip-19.1.1
Successfully installed pip-21.2.3+computecanada
Looking in links: /cvmfs/soft.computecanada.ca/custom/python/wheelhouse/nix/avx2, /cvmfs/soft.computecanada.ca/custom/python/wheelhouse/nix/generic, /cvmfs/soft.computecanada.ca/custom/python/wheelhouse/generic
Processing /cvmfs/soft.computecanada.ca/custom/python/wheelhouse/generic/keras-2.8.0+computecanada-py2.py3-none-any.whl
Processing /cvmfs/soft.computecanada.ca/custom/python/wheelhouse/generic/Keras_Preprocessing-1.1.2+computecanada-py3-none-any.whl
Requirement already satisfied: matplotlib in /cvmfs/soft.computecanada.ca/easybuild/software/2017/Core/scipy-stack/2019a/lib/python3.7/site-packages (from -r requirements.txt (line 3)) (3.0.2)
Processing /cvmfs/soft.computecanada.ca/custom/python/wheelhouse/generic/nltk-3.6.5+computecanada-py3-none-any.whl
Processing /cvmfs/soft.computecanada.ca/custom/python/wheelhouse/generic/scikit_learn-0.22.1+computecanada-cp37-cp37m-linux_x86_64.whl
Processing /cvmfs/soft.computecanada.ca/custom/python/wheelhouse/generic/tensorboard-2.3.0+computecanada-py3-none-any.whl
Processing /cvmfs/soft.computecanada.ca/custom/python/wheelhouse/generic/tensorboard_plugin_wit-1.7.0+computecanada-py3-none-any.whl
Processing /cvmfs/soft.computecanada.ca/custom/python/wheelhouse/generic/tensorflow_gpu-2.3.0+computecanada-cp37-cp37m-linux_x86_64.whl
Processing /cvmfs/soft.computecanada.ca/custom/python/wheelhouse/generic/tensorflow_estimator-2.3.0+computecanada-py2.py3-none-any.whl
Processing /cvmfs/soft.computecanada.ca/custom/python/wheelhouse/generic/tokenizers-0.5.2+computecanada-cp37-cp37m-linux_x86_64.whl
Processing /cvmfs/soft.computecanada.ca/custom/python/wheelhouse/nix/avx2/torch-1.4.0+computecanada-cp37-cp37m-linux_x86_64.whl
Processing /cvmfs/soft.computecanada.ca/custom/python/wheelhouse/generic/torchtext-0.6.0+computecanada-py3-none-any.whl
Processing /cvmfs/soft.computecanada.ca/custom/python/wheelhouse/generic/torchvision-0.8.2+computecanada-cp37-cp37m-linux_x86_64.whl
Processing /cvmfs/soft.computecanada.ca/custom/python/wheelhouse/generic/transformers-2.5.1+computecanada-py3-none-any.whl
Processing /cvmfs/soft.computecanada.ca/custom/python/wheelhouse/generic/urllib3-1.26.7+computecanada-py2.py3-none-any.whl
ERROR: Could not find a version that satisfies the requirement regex>=2021.8.3 (from nltk) (from versions: 2018.1.10+computecanada, 2019.11.1+computecanada, 2020.11.13+computecanada)
ERROR: No matching distribution found for regex>=2021.8.3
Looking in links: /cvmfs/soft.computecanada.ca/custom/python/wheelhouse/nix/avx2, /cvmfs/soft.computecanada.ca/custom/python/wheelhouse/nix/generic, /cvmfs/soft.computecanada.ca/custom/python/wheelhouse/generic
ERROR: Could not find a version that satisfies the requirement numpy==1.20.0+computacanada (from versions: 1.15.0+computecanada, 1.15.2+computecanada, 1.15.4+computecanada, 1.16.0+computecanada, 1.16.2+computecanada, 1.16.3+computecanada, 1.17.4+computecanada, 1.18.1+computecanada, 1.18.4+computecanada, 1.19.1+computecanada, 1.19.2+computecanada, 1.20.2+computecanada)
ERROR: No matching distribution found for numpy==1.20.0+computacanada
Looking in links: /cvmfs/soft.computecanada.ca/custom/python/wheelhouse/nix/avx2, /cvmfs/soft.computecanada.ca/custom/python/wheelhouse/nix/generic, /cvmfs/soft.computecanada.ca/custom/python/wheelhouse/generic
Processing /cvmfs/soft.computecanada.ca/custom/python/wheelhouse/generic/wandb-0.12.5+computecanada-py2.py3-none-any.whl
Processing /cvmfs/soft.computecanada.ca/custom/python/wheelhouse/generic/sentry_sdk-1.5.0+computecanada-py2.py3-none-any.whl
Processing /cvmfs/soft.computecanada.ca/custom/python/wheelhouse/generic/docker_pycreds-0.4.0+computecanada-py2.py3-none-any.whl
Processing /cvmfs/soft.computecanada.ca/custom/python/wheelhouse/generic/shortuuid-1.0.1+computecanada-py3-none-any.whl
Processing /cvmfs/soft.computecanada.ca/custom/python/wheelhouse/generic/configparser-5.0.2+computecanada-py3-none-any.whl
Processing /cvmfs/soft.computecanada.ca/custom/python/wheelhouse/generic/protobuf-3.19.3+computecanada-py2.py3-none-any.whl
Processing /cvmfs/soft.computecanada.ca/custom/python/wheelhouse/generic/click-8.0.3+computecanada-py3-none-any.whl
Processing /cvmfs/soft.computecanada.ca/custom/python/wheelhouse/generic/psutil-5.7.3+computecanada-cp37-cp37m-linux_x86_64.whl
Processing /cvmfs/soft.computecanada.ca/custom/python/wheelhouse/generic/subprocess32-3.5.4+computecanada-py3-none-any.whl
Processing /cvmfs/soft.computecanada.ca/custom/python/wheelhouse/generic/PyYAML-5.3.1+computecanada-cp37-cp37m-linux_x86_64.whl
Processing /cvmfs/soft.computecanada.ca/custom/python/wheelhouse/generic/promise-2.3+computecanada-py3-none-any.whl
Processing /cvmfs/soft.computecanada.ca/custom/python/wheelhouse/generic/pathtools-0.1.2+computecanada-py3-none-any.whl
Processing /cvmfs/soft.computecanada.ca/custom/python/wheelhouse/generic/GitPython-3.1.24+computecanada-py3-none-any.whl
Requirement already satisfied: python-dateutil>=2.6.1 in /cvmfs/soft.computecanada.ca/easybuild/software/2017/Core/scipy-stack/2019a/lib/python3.7/site-packages (from wandb) (2.7.5)
Processing /cvmfs/soft.computecanada.ca/custom/python/wheelhouse/generic/yaspin-2.1.0+computecanada-py3-none-any.whl
Requirement already satisfied: requests<3,>=2.0.0 in /cvmfs/soft.computecanada.ca/easybuild/software/2017/Core/scipy-stack/2019a/lib/python3.7/site-packages (from wandb) (2.21.0)
Processing /cvmfs/soft.computecanada.ca/custom/python/wheelhouse/generic/six-1.16.0+computecanada-py2.py3-none-any.whl
Requirement already satisfied: importlib-metadata in /cvmfs/soft.computecanada.ca/easybuild/software/2017/Core/scipy-stack/2019a/lib/python3.7/site-packages (from Click!=8.0.0,>=7.0->wandb) (0.8)
Processing /cvmfs/soft.computecanada.ca/custom/python/wheelhouse/generic/gitdb-4.0.9+computecanada-py3-none-any.whl
Processing /cvmfs/soft.computecanada.ca/custom/python/wheelhouse/generic/typing_extensions-4.0.1+computecanada-py3-none-any.whl
Processing /cvmfs/soft.computecanada.ca/custom/python/wheelhouse/generic/smmap-5.0.0+computecanada-py3-none-any.whl
Requirement already satisfied: urllib3<1.25,>=1.21.1 in /cvmfs/soft.computecanada.ca/easybuild/software/2017/Core/scipy-stack/2019a/lib/python3.7/site-packages (from requests<3,>=2.0.0->wandb) (1.24.1)
Requirement already satisfied: chardet<3.1.0,>=3.0.2 in /cvmfs/soft.computecanada.ca/easybuild/software/2017/Core/scipy-stack/2019a/lib/python3.7/site-packages (from requests<3,>=2.0.0->wandb) (3.0.4)
Requirement already satisfied: idna<2.9,>=2.5 in /cvmfs/soft.computecanada.ca/easybuild/software/2017/Core/scipy-stack/2019a/lib/python3.7/site-packages (from requests<3,>=2.0.0->wandb) (2.8)
Requirement already satisfied: certifi>=2017.4.17 in /cvmfs/soft.computecanada.ca/easybuild/software/2017/Core/scipy-stack/2019a/lib/python3.7/site-packages (from requests<3,>=2.0.0->wandb) (2018.11.29)
Processing /cvmfs/soft.computecanada.ca/custom/python/wheelhouse/generic/termcolor-1.1.0+computecanada-py3-none-any.whl
Requirement already satisfied: zipp>=0.3.2 in /cvmfs/soft.computecanada.ca/easybuild/software/2017/Core/scipy-stack/2019a/lib/python3.7/site-packages (from importlib-metadata->Click!=8.0.0,>=7.0->wandb) (0.3.3)
Installing collected packages: smmap, typing-extensions, termcolor, six, gitdb, yaspin, subprocess32, shortuuid, sentry-sdk, PyYAML, psutil, protobuf, promise, pathtools, GitPython, docker-pycreds, configparser, Click, wandb
  Attempting uninstall: six
    Found existing installation: six 1.12.0
    Not uninstalling six at /cvmfs/soft.computecanada.ca/easybuild/software/2017/Core/scipy-stack/2019a/lib/python3.7/site-packages, outside environment /localscratch/yinan.28258388.0/env
    Can't uninstall 'six'. No files were found to uninstall.
Successfully installed Click-8.0.3+computecanada GitPython-3.1.24+computecanada PyYAML-5.3.1+computecanada configparser-5.0.2+computecanada docker-pycreds-0.4.0+computecanada gitdb-4.0.9+computecanada pathtools-0.1.2+computecanada promise-2.3+computecanada protobuf-3.19.3+computecanada psutil-5.7.3+computecanada sentry-sdk-1.5.0+computecanada shortuuid-1.0.1+computecanada six-1.16.0+computecanada smmap-5.0.0+computecanada subprocess32-3.5.4+computecanada termcolor-1.1.0+computecanada typing-extensions-4.0.1+computecanada wandb-0.12.5+computecanada yaspin-2.1.0+computecanada
Looking in links: /cvmfs/soft.computecanada.ca/custom/python/wheelhouse/nix/avx2, /cvmfs/soft.computecanada.ca/custom/python/wheelhouse/nix/generic, /cvmfs/soft.computecanada.ca/custom/python/wheelhouse/generic
ERROR: Could not find a version that satisfies the requirement sagemaker (from versions: none)
ERROR: No matching distribution found for sagemaker
Looking in links: /cvmfs/soft.computecanada.ca/custom/python/wheelhouse/nix/avx2, /cvmfs/soft.computecanada.ca/custom/python/wheelhouse/nix/generic, /cvmfs/soft.computecanada.ca/custom/python/wheelhouse/generic
Processing /cvmfs/soft.computecanada.ca/custom/python/wheelhouse/generic/torch-1.9.1+computecanada-cp37-cp37m-linux_x86_64.whl
Requirement already satisfied: typing-extensions in /localscratch/yinan.28258388.0/env/lib/python3.7/site-packages (from torch) (4.0.1+computecanada)
Installing collected packages: torch
Successfully installed torch-1.9.1+computecanada
Looking in links: /cvmfs/soft.computecanada.ca/custom/python/wheelhouse/nix/avx2, /cvmfs/soft.computecanada.ca/custom/python/wheelhouse/nix/generic, /cvmfs/soft.computecanada.ca/custom/python/wheelhouse/generic
Processing /cvmfs/soft.computecanada.ca/custom/python/wheelhouse/generic/transformers-2.5.1+computecanada-py3-none-any.whl
Processing /cvmfs/soft.computecanada.ca/custom/python/wheelhouse/generic/sacremoses-0.0.46+computecanada-py3-none-any.whl
Processing /cvmfs/soft.computecanada.ca/custom/python/wheelhouse/generic/tokenizers-0.5.2+computecanada-cp37-cp37m-linux_x86_64.whl
Processing /cvmfs/soft.computecanada.ca/custom/python/wheelhouse/generic/boto3-1.20.52+computecanada-py3-none-any.whl
Processing /cvmfs/soft.computecanada.ca/custom/python/wheelhouse/generic/regex-2020.11.13+computecanada-cp37-cp37m-linux_x86_64.whl
Processing /cvmfs/soft.computecanada.ca/custom/python/wheelhouse/generic/tqdm-4.63.0+computecanada-py2.py3-none-any.whl
Processing /cvmfs/soft.computecanada.ca/custom/python/wheelhouse/generic/sentencepiece-0.1.91+computecanada-cp37-cp37m-linux_x86_64.whl
Processing /cvmfs/soft.computecanada.ca/custom/python/wheelhouse/generic/filelock-3.4.2+computecanada-py3-none-any.whl
Requirement already satisfied: numpy in /cvmfs/soft.computecanada.ca/easybuild/software/2017/Core/scipy-stack/2019a/lib/python3.7/site-packages (from transformers==2.5.1+computecanada) (1.16.0)
Requirement already satisfied: requests in /cvmfs/soft.computecanada.ca/easybuild/software/2017/Core/scipy-stack/2019a/lib/python3.7/site-packages (from transformers==2.5.1+computecanada) (2.21.0)
Processing /cvmfs/soft.computecanada.ca/custom/python/wheelhouse/generic/s3transfer-0.5.1+computecanada-py3-none-any.whl
Processing /cvmfs/soft.computecanada.ca/custom/python/wheelhouse/generic/botocore-1.23.52+computecanada-py3-none-any.whl
Processing /cvmfs/soft.computecanada.ca/custom/python/wheelhouse/generic/jmespath-0.10.0+computecanada-py2.py3-none-any.whl
Processing /cvmfs/soft.computecanada.ca/custom/python/wheelhouse/generic/urllib3-1.26.8+computecanada-py2.py3-none-any.whl
Requirement already satisfied: python-dateutil<3.0.0,>=2.1 in /cvmfs/soft.computecanada.ca/easybuild/software/2017/Core/scipy-stack/2019a/lib/python3.7/site-packages (from botocore<1.24.0,>=1.23.52->boto3->transformers==2.5.1+computecanada) (2.7.5)
Requirement already satisfied: six>=1.5 in /localscratch/yinan.28258388.0/env/lib/python3.7/site-packages (from python-dateutil<3.0.0,>=2.1->botocore<1.24.0,>=1.23.52->boto3->transformers==2.5.1+computecanada) (1.16.0+computecanada)
Requirement already satisfied: certifi>=2017.4.17 in /cvmfs/soft.computecanada.ca/easybuild/software/2017/Core/scipy-stack/2019a/lib/python3.7/site-packages (from requests->transformers==2.5.1+computecanada) (2018.11.29)
Requirement already satisfied: chardet<3.1.0,>=3.0.2 in /cvmfs/soft.computecanada.ca/easybuild/software/2017/Core/scipy-stack/2019a/lib/python3.7/site-packages (from requests->transformers==2.5.1+computecanada) (3.0.4)
Requirement already satisfied: idna<2.9,>=2.5 in /cvmfs/soft.computecanada.ca/easybuild/software/2017/Core/scipy-stack/2019a/lib/python3.7/site-packages (from requests->transformers==2.5.1+computecanada) (2.8)
Processing /cvmfs/soft.computecanada.ca/custom/python/wheelhouse/generic/requests-2.27.1+computecanada-py2.py3-none-any.whl
Processing /cvmfs/soft.computecanada.ca/custom/python/wheelhouse/generic/charset_normalizer-2.0.11+computecanada-py3-none-any.whl
Requirement already satisfied: click in /localscratch/yinan.28258388.0/env/lib/python3.7/site-packages (from sacremoses->transformers==2.5.1+computecanada) (8.0.3+computecanada)
Processing /cvmfs/soft.computecanada.ca/custom/python/wheelhouse/generic/joblib-1.1.0+computecanada-py2.py3-none-any.whl
Requirement already satisfied: importlib-metadata in /cvmfs/soft.computecanada.ca/easybuild/software/2017/Core/scipy-stack/2019a/lib/python3.7/site-packages (from click->sacremoses->transformers==2.5.1+computecanada) (0.8)
Requirement already satisfied: zipp>=0.3.2 in /cvmfs/soft.computecanada.ca/easybuild/software/2017/Core/scipy-stack/2019a/lib/python3.7/site-packages (from importlib-metadata->click->sacremoses->transformers==2.5.1+computecanada) (0.3.3)
Installing collected packages: urllib3, jmespath, botocore, tqdm, s3transfer, regex, joblib, charset-normalizer, tokenizers, sentencepiece, sacremoses, requests, filelock, boto3, transformers
  Attempting uninstall: urllib3
    Found existing installation: urllib3 1.24.1
    Not uninstalling urllib3 at /cvmfs/soft.computecanada.ca/easybuild/software/2017/Core/scipy-stack/2019a/lib/python3.7/site-packages, outside environment /localscratch/yinan.28258388.0/env
    Can't uninstall 'urllib3'. No files were found to uninstall.
  Attempting uninstall: requests
    Found existing installation: requests 2.21.0
    Not uninstalling requests at /cvmfs/soft.computecanada.ca/easybuild/software/2017/Core/scipy-stack/2019a/lib/python3.7/site-packages, outside environment /localscratch/yinan.28258388.0/env
    Can't uninstall 'requests'. No files were found to uninstall.
Successfully installed boto3-1.20.52+computecanada botocore-1.23.52+computecanada charset-normalizer-2.0.11+computecanada filelock-3.4.2+computecanada jmespath-0.10.0+computecanada joblib-1.1.0+computecanada regex-2020.11.13+computecanada requests-2.27.1+computecanada s3transfer-0.5.1+computecanada sacremoses-0.0.46+computecanada sentencepiece-0.1.91+computecanada tokenizers-0.5.2+computecanada tqdm-4.63.0+computecanada transformers-2.5.1+computecanada urllib3-1.26.8+computecanada
Looking in links: /cvmfs/soft.computecanada.ca/custom/python/wheelhouse/nix/avx2, /cvmfs/soft.computecanada.ca/custom/python/wheelhouse/nix/generic, /cvmfs/soft.computecanada.ca/custom/python/wheelhouse/generic
Processing /cvmfs/soft.computecanada.ca/custom/python/wheelhouse/generic/tensorflow_gpu-2.3.0+computecanada-cp37-cp37m-linux_x86_64.whl
Processing /cvmfs/soft.computecanada.ca/custom/python/wheelhouse/generic/wrapt-1.11.2+computecanada-cp37-cp37m-linux_x86_64.whl
Processing /cvmfs/soft.computecanada.ca/custom/python/wheelhouse/generic/Keras_Preprocessing-1.1.2+computecanada-py3-none-any.whl
Requirement already satisfied: wheel>=0.26 in /localscratch/yinan.28258388.0/env/lib/python3.7/site-packages (from tensorflow_gpu==2.3.0+computecanada) (0.33.4)
Requirement already satisfied: protobuf>=3.9.2 in /localscratch/yinan.28258388.0/env/lib/python3.7/site-packages (from tensorflow_gpu==2.3.0+computecanada) (3.19.3+computecanada)
Processing /cvmfs/soft.computecanada.ca/custom/python/wheelhouse/generic/gast-0.3.3+computecanada-py3-none-any.whl
Processing /cvmfs/soft.computecanada.ca/custom/python/wheelhouse/generic/opt_einsum-3.3.0+computecanada-py3-none-any.whl
Processing /cvmfs/soft.computecanada.ca/custom/python/wheelhouse/generic/grpcio-1.38.0+computecanada-cp37-cp37m-linux_x86_64.whl
Processing /cvmfs/soft.computecanada.ca/custom/python/wheelhouse/generic/tensorflow_estimator-2.3.0+computecanada-py2.py3-none-any.whl
Processing /cvmfs/soft.computecanada.ca/custom/python/wheelhouse/generic/absl_py-1.0.0+computecanada-py3-none-any.whl
Processing /cvmfs/soft.computecanada.ca/custom/python/wheelhouse/generic/tensorboard-2.8.0+computecanada-py3-none-any.whl
Processing /cvmfs/soft.computecanada.ca/custom/python/wheelhouse/nix/avx2/h5py-2.10.0+computecanada-cp37-cp37m-linux_x86_64.whl
Requirement already satisfied: termcolor>=1.1.0 in /localscratch/yinan.28258388.0/env/lib/python3.7/site-packages (from tensorflow_gpu==2.3.0+computecanada) (1.1.0+computecanada)
Processing /cvmfs/soft.computecanada.ca/custom/python/wheelhouse/generic/astunparse-1.6.3+computecanada-py2.py3-none-any.whl
Requirement already satisfied: numpy<1.19.0,>=1.16.0 in /cvmfs/soft.computecanada.ca/easybuild/software/2017/Core/scipy-stack/2019a/lib/python3.7/site-packages (from tensorflow_gpu==2.3.0+computecanada) (1.16.0)
Processing /cvmfs/soft.computecanada.ca/custom/python/wheelhouse/nix/generic/scipy-1.4.1+computecanada-cp37-cp37m-linux_x86_64.whl
Requirement already satisfied: six>=1.12.0 in /localscratch/yinan.28258388.0/env/lib/python3.7/site-packages (from tensorflow_gpu==2.3.0+computecanada) (1.16.0+computecanada)
Processing /cvmfs/soft.computecanada.ca/custom/python/wheelhouse/generic/google_pasta-0.2.0+computecanada-py3-none-any.whl
Processing /cvmfs/soft.computecanada.ca/custom/python/wheelhouse/generic/tensorboard_data_server-0.6.1+computecanada-py3-none-linux_x86_64.whl
Processing /cvmfs/soft.computecanada.ca/custom/python/wheelhouse/generic/google_auth_oauthlib-0.4.6+computecanada-py2.py3-none-any.whl
Processing /cvmfs/soft.computecanada.ca/custom/python/wheelhouse/generic/google_auth-2.3.3+computecanada-py2.py3-none-any.whl
Processing /cvmfs/soft.computecanada.ca/custom/python/wheelhouse/generic/Werkzeug-2.0.3+computecanada-py3-none-any.whl
Requirement already satisfied: setuptools>=41.0.0 in /localscratch/yinan.28258388.0/env/lib/python3.7/site-packages (from tensorboard<3,>=2.3.0->tensorflow_gpu==2.3.0+computecanada) (41.0.1)
Requirement already satisfied: requests<3,>=2.21.0 in /localscratch/yinan.28258388.0/env/lib/python3.7/site-packages (from tensorboard<3,>=2.3.0->tensorflow_gpu==2.3.0+computecanada) (2.27.1+computecanada)
Processing /cvmfs/soft.computecanada.ca/custom/python/wheelhouse/generic/Markdown-3.3.6+computecanada-py3-none-any.whl
Processing /cvmfs/soft.computecanada.ca/custom/python/wheelhouse/generic/tensorboard_plugin_wit-1.8.0+computecanada-py3-none-any.whl
Processing /cvmfs/soft.computecanada.ca/custom/python/wheelhouse/generic/pyasn1_modules-0.2.8+computecanada-py2.py3-none-any.whl
Processing /cvmfs/soft.computecanada.ca/custom/python/wheelhouse/generic/rsa-4.8+computecanada-py3-none-any.whl
Processing /cvmfs/soft.computecanada.ca/custom/python/wheelhouse/generic/cachetools-4.2.4+computecanada-py3-none-any.whl
Processing /cvmfs/soft.computecanada.ca/custom/python/wheelhouse/generic/requests_oauthlib-1.3.0+computecanada-py2.py3-none-any.whl
Processing /cvmfs/soft.computecanada.ca/custom/python/wheelhouse/generic/importlib_metadata-4.10.1+computecanada-py3-none-any.whl
Processing /cvmfs/soft.computecanada.ca/custom/python/wheelhouse/generic/zipp-3.7.0+computecanada-py3-none-any.whl
Requirement already satisfied: typing-extensions>=3.6.4 in /localscratch/yinan.28258388.0/env/lib/python3.7/site-packages (from importlib-metadata>=4.4->markdown>=2.6.8->tensorboard<3,>=2.3.0->tensorflow_gpu==2.3.0+computecanada) (4.0.1+computecanada)
Processing /cvmfs/soft.computecanada.ca/custom/python/wheelhouse/generic/pyasn1-0.4.8+computecanada-py2.py3-none-any.whl
Requirement already satisfied: urllib3<1.27,>=1.21.1 in /localscratch/yinan.28258388.0/env/lib/python3.7/site-packages (from requests<3,>=2.21.0->tensorboard<3,>=2.3.0->tensorflow_gpu==2.3.0+computecanada) (1.26.8+computecanada)
Requirement already satisfied: charset-normalizer~=2.0.0 in /localscratch/yinan.28258388.0/env/lib/python3.7/site-packages (from requests<3,>=2.21.0->tensorboard<3,>=2.3.0->tensorflow_gpu==2.3.0+computecanada) (2.0.11+computecanada)
Requirement already satisfied: idna<4,>=2.5 in /cvmfs/soft.computecanada.ca/easybuild/software/2017/Core/scipy-stack/2019a/lib/python3.7/site-packages (from requests<3,>=2.21.0->tensorboard<3,>=2.3.0->tensorflow_gpu==2.3.0+computecanada) (2.8)
Requirement already satisfied: certifi>=2017.4.17 in /cvmfs/soft.computecanada.ca/easybuild/software/2017/Core/scipy-stack/2019a/lib/python3.7/site-packages (from requests<3,>=2.21.0->tensorboard<3,>=2.3.0->tensorflow_gpu==2.3.0+computecanada) (2018.11.29)
Processing /cvmfs/soft.computecanada.ca/custom/python/wheelhouse/generic/oauthlib-3.1.1+computecanada-py2.py3-none-any.whl
Installing collected packages: pyasn1, zipp, rsa, pyasn1-modules, oauthlib, cachetools, requests-oauthlib, importlib-metadata, google-auth, werkzeug, tensorboard-plugin-wit, tensorboard-data-server, markdown, grpcio, google-auth-oauthlib, absl-py, wrapt, tensorflow-estimator, tensorboard, scipy, opt-einsum, keras-preprocessing, h5py, google-pasta, gast, astunparse, tensorflow-gpu
  Attempting uninstall: pyasn1
    Found existing installation: pyasn1 0.4.3
    Not uninstalling pyasn1 at /cvmfs/soft.computecanada.ca/easybuild/software/2017/Core/scipy-stack/2019a/lib/python3.7/site-packages, outside environment /localscratch/yinan.28258388.0/env
    Can't uninstall 'pyasn1'. No files were found to uninstall.
  Attempting uninstall: zipp
    Found existing installation: zipp 0.3.3
    Not uninstalling zipp at /cvmfs/soft.computecanada.ca/easybuild/software/2017/Core/scipy-stack/2019a/lib/python3.7/site-packages, outside environment /localscratch/yinan.28258388.0/env
    Can't uninstall 'zipp'. No files were found to uninstall.
  Attempting uninstall: importlib-metadata
    Found existing installation: importlib-metadata 0.8
    Not uninstalling importlib-metadata at /cvmfs/soft.computecanada.ca/easybuild/software/2017/Core/scipy-stack/2019a/lib/python3.7/site-packages, outside environment /localscratch/yinan.28258388.0/env
    Can't uninstall 'importlib-metadata'. No files were found to uninstall.
  Attempting uninstall: scipy
    Found existing installation: scipy 1.2.0
    Not uninstalling scipy at /cvmfs/soft.computecanada.ca/easybuild/software/2017/Core/scipy-stack/2019a/lib/python3.7/site-packages, outside environment /localscratch/yinan.28258388.0/env
    Can't uninstall 'scipy'. No files were found to uninstall.
Successfully installed absl-py-1.0.0+computecanada astunparse-1.6.3+computecanada cachetools-4.2.4+computecanada gast-0.3.3+computecanada google-auth-2.3.3+computecanada google-auth-oauthlib-0.4.6+computecanada google-pasta-0.2.0+computecanada grpcio-1.38.0+computecanada h5py-2.10.0+computecanada importlib-metadata-4.10.1+computecanada keras-preprocessing-1.1.2+computecanada markdown-3.3.6+computecanada oauthlib-3.1.1+computecanada opt-einsum-3.3.0+computecanada pyasn1-0.4.8+computecanada pyasn1-modules-0.2.8+computecanada requests-oauthlib-1.3.0+computecanada rsa-4.8+computecanada scipy-1.4.1+computecanada tensorboard-2.8.0+computecanada tensorboard-data-server-0.6.1+computecanada tensorboard-plugin-wit-1.8.0+computecanada tensorflow-estimator-2.3.0+computecanada tensorflow-gpu-2.3.0+computecanada werkzeug-2.0.3+computecanada wrapt-1.11.2+computecanada zipp-3.7.0+computecanada
Looking in links: /cvmfs/soft.computecanada.ca/custom/python/wheelhouse/nix/avx2, /cvmfs/soft.computecanada.ca/custom/python/wheelhouse/nix/generic, /cvmfs/soft.computecanada.ca/custom/python/wheelhouse/generic
Processing /cvmfs/soft.computecanada.ca/custom/python/wheelhouse/generic/keras-2.8.0+computecanada-py2.py3-none-any.whl
Installing collected packages: Keras
Successfully installed Keras-2.8.0+computecanada
Looking in links: /cvmfs/soft.computecanada.ca/custom/python/wheelhouse/nix/avx2, /cvmfs/soft.computecanada.ca/custom/python/wheelhouse/nix/generic, /cvmfs/soft.computecanada.ca/custom/python/wheelhouse/generic
Processing /cvmfs/soft.computecanada.ca/custom/python/wheelhouse/generic/urllib3-1.26.7+computecanada-py2.py3-none-any.whl
Installing collected packages: urllib3
  Attempting uninstall: urllib3
    Found existing installation: urllib3 1.26.8+computecanada
    Uninstalling urllib3-1.26.8+computecanada:
      Successfully uninstalled urllib3-1.26.8+computecanada
Successfully installed urllib3-1.26.7+computecanada
Looking in links: /cvmfs/soft.computecanada.ca/custom/python/wheelhouse/nix/avx2, /cvmfs/soft.computecanada.ca/custom/python/wheelhouse/nix/generic, /cvmfs/soft.computecanada.ca/custom/python/wheelhouse/generic
Processing /cvmfs/soft.computecanada.ca/custom/python/wheelhouse/generic/nltk-3.7+computecanada-py3-none-any.whl
Requirement already satisfied: tqdm in /localscratch/yinan.28258388.0/env/lib/python3.7/site-packages (from nltk) (4.63.0+computecanada)
Requirement already satisfied: joblib in /localscratch/yinan.28258388.0/env/lib/python3.7/site-packages (from nltk) (1.1.0+computecanada)
Requirement already satisfied: click in /localscratch/yinan.28258388.0/env/lib/python3.7/site-packages (from nltk) (8.0.3+computecanada)
Processing /cvmfs/soft.computecanada.ca/custom/python/wheelhouse/generic/nltk-3.6.5+computecanada-py3-none-any.whl
Processing /cvmfs/soft.computecanada.ca/custom/python/wheelhouse/generic/nltk-3.6.3+computecanada-py3-none-any.whl
Requirement already satisfied: regex in /localscratch/yinan.28258388.0/env/lib/python3.7/site-packages (from nltk) (2020.11.13+computecanada)
Requirement already satisfied: importlib-metadata in /localscratch/yinan.28258388.0/env/lib/python3.7/site-packages (from click->nltk) (4.10.1+computecanada)
Requirement already satisfied: zipp>=0.5 in /localscratch/yinan.28258388.0/env/lib/python3.7/site-packages (from importlib-metadata->click->nltk) (3.7.0+computecanada)
Requirement already satisfied: typing-extensions>=3.6.4 in /localscratch/yinan.28258388.0/env/lib/python3.7/site-packages (from importlib-metadata->click->nltk) (4.0.1+computecanada)
Installing collected packages: nltk
Successfully installed nltk-3.6.3+computecanada
Looking in links: /cvmfs/soft.computecanada.ca/custom/python/wheelhouse/nix/avx2, /cvmfs/soft.computecanada.ca/custom/python/wheelhouse/nix/generic, /cvmfs/soft.computecanada.ca/custom/python/wheelhouse/generic
Processing /cvmfs/soft.computecanada.ca/custom/python/wheelhouse/generic/scikit_learn-0.22.1+computecanada-cp37-cp37m-linux_x86_64.whl
Requirement already satisfied: numpy>=1.11.0 in /cvmfs/soft.computecanada.ca/easybuild/software/2017/Core/scipy-stack/2019a/lib/python3.7/site-packages (from scikit-learn==0.22.1) (1.16.0)
Requirement already satisfied: scipy>=0.17.0 in /localscratch/yinan.28258388.0/env/lib/python3.7/site-packages (from scikit-learn==0.22.1) (1.4.1+computecanada)
Requirement already satisfied: joblib>=0.11 in /localscratch/yinan.28258388.0/env/lib/python3.7/site-packages (from scikit-learn==0.22.1) (1.1.0+computecanada)
Installing collected packages: scikit-learn
Successfully installed scikit-learn-0.22.1+computecanada
Looking in links: /cvmfs/soft.computecanada.ca/custom/python/wheelhouse/nix/avx2, /cvmfs/soft.computecanada.ca/custom/python/wheelhouse/nix/generic, /cvmfs/soft.computecanada.ca/custom/python/wheelhouse/generic
Requirement already satisfied: tokenizers==0.5.2 in /localscratch/yinan.28258388.0/env/lib/python3.7/site-packages (0.5.2+computecanada)
wandb: Appending key for api.wandb.ai to your netrc file: /home/yinan/.netrc
Starting Task
2022-03-05 05:54:59.856373: I tensorflow/stream_executor/platform/default/dso_loader.cc:48] Successfully opened dynamic library libcudart.so.10.1
[nltk_data] Downloading package stopwords to /home/yinan/nltk_data...
[nltk_data]   Package stopwords is already up-to-date!
[nltk_data] Downloading package wordnet to /home/yinan/nltk_data...
[nltk_data]   Package wordnet is already up-to-date!
wandb: Currently logged in as: yinanazhou (use `wandb login --relogin` to force relogin)
wandb: wandb version 0.12.11 is available!  To upgrade, please run:
wandb:  $ pip install wandb --upgrade
2022-03-05 05:55:13.354280: I tensorflow/stream_executor/platform/default/dso_loader.cc:48] Successfully opened dynamic library libcudart.so.10.1
wandb: Tracking run with wandb version 0.12.5
wandb: Syncing run rosy-sponge-1
wandb: ⭐️ View project at https://wandb.ai/yinanazhou/xl_512_bs_8_lr_1e06_es_25_lc_False_nr_False_stem_True_lemma_False_repeat_1_fold_1
wandb: 🚀 View run at https://wandb.ai/yinanazhou/xl_512_bs_8_lr_1e06_es_25_lc_False_nr_False_stem_True_lemma_False_repeat_1_fold_1/runs/3hh7w1dy
wandb: Run data is saved locally in /project/6002780/yinan/Thesis_MER_Lyrics/lyric-emotion/wandb/run-20220305_055511-3hh7w1dy
wandb: Run `wandb offline` to turn off syncing.

Validation loss decreased (inf --> 1.374569).  Saving model ...
Validation loss decreased (1.374569 --> 1.336323).  Saving model ...
Validation loss decreased (1.336323 --> 1.303448).  Saving model ...
Validation loss decreased (1.303448 --> 1.274118).  Saving model ...
Validation loss decreased (1.274118 --> 1.247072).  Saving model ...
Validation loss decreased (1.247072 --> 1.213727).  Saving model ...
Validation loss decreased (1.213727 --> 1.183319).  Saving model ...
Validation loss decreased (1.183319 --> 1.168047).  Saving model ...
Validation loss decreased (1.168047 --> 1.141721).  Saving model ...
Validation loss decreased (1.141721 --> 1.114648).  Saving model ...
Validation loss decreased (1.114648 --> 1.097299).  Saving model ...
Validation loss decreased (1.097299 --> 1.069184).  Saving model ...
Validation loss decreased (1.069184 --> 1.066398).  Saving model ...
Validation loss decreased (1.066398 --> 1.040336).  Saving model ...
Validation loss decreased (1.040336 --> 1.014301).  Saving model ...
Validation loss decreased (1.014301 --> 1.013921).  Saving model ...
Validation loss decreased (1.013921 --> 1.011263).  Saving model ...
Validation loss decreased (1.011263 --> 1.005269).  Saving model ...
Validation loss decreased (1.005269 --> 0.989838).  Saving model ...
Validation loss decreased (0.989838 --> 0.987359).  Saving model ...
EarlyStopping counter: 1 out of 25.0
Validation loss decreased (0.987359 --> 0.983484).  Saving model ...
EarlyStopping counter: 1 out of 25.0
EarlyStopping counter: 2 out of 25.0
EarlyStopping counter: 3 out of 25.0
EarlyStopping counter: 4 out of 25.0
EarlyStopping counter: 5 out of 25.0
EarlyStopping counter: 6 out of 25.0
EarlyStopping counter: 7 out of 25.0
EarlyStopping counter: 8 out of 25.0
EarlyStopping counter: 9 out of 25.0
EarlyStopping counter: 10 out of 25.0
EarlyStopping counter: 11 out of 25.0
EarlyStopping counter: 12 out of 25.0
EarlyStopping counter: 13 out of 25.0
EarlyStopping counter: 14 out of 25.0
EarlyStopping counter: 15 out of 25.0
EarlyStopping counter: 16 out of 25.0
EarlyStopping counter: 17 out of 25.0
EarlyStopping counter: 18 out of 25.0
EarlyStopping counter: 19 out of 25.0
EarlyStopping counter: 20 out of 25.0
EarlyStopping counter: 21 out of 25.0
EarlyStopping counter: 22 out of 25.0
EarlyStopping counter: 23 out of 25.0
EarlyStopping counter: 24 out of 25.0
EarlyStopping counter: 25 out of 25.0
/localscratch/yinan.28258388.0/env/lib/python3.7/site-packages/torch/nn/functional.py:1794: UserWarning: nn.functional.tanh is deprecated. Use torch.tanh instead.
  warnings.warn("nn.functional.tanh is deprecated. Use torch.tanh instead.")
/localscratch/yinan.28258388.0/env/lib/python3.7/site-packages/transformers/optimization.py:155: UserWarning: This overload of add_ is deprecated:
	add_(Number alpha, Tensor other)
Consider using one of the following signatures instead:
	add_(Tensor other, *, Number alpha) (Triggered internally at  ../torch/csrc/utils/python_arg_parser.cpp:1025.)
  exp_avg.mul_(beta1).add_(1.0 - beta1, grad)
wandb: Waiting for W&B process to finish, PID 80426... (success).
wandb: - 0.00MB of 0.00MB uploaded (0.00MB deduped)wandb: \ 0.00MB of 0.00MB uploaded (0.00MB deduped)wandb: | 0.00MB of 0.00MB uploaded (0.00MB deduped)wandb: / 0.00MB of 0.00MB uploaded (0.00MB deduped)wandb: - 0.00MB of 0.00MB uploaded (0.00MB deduped)wandb: \ 0.00MB of 0.00MB uploaded (0.00MB deduped)wandb: | 0.00MB of 0.00MB uploaded (0.00MB deduped)wandb: / 0.00MB of 0.00MB uploaded (0.00MB deduped)wandb: - 0.00MB of 0.00MB uploaded (0.00MB deduped)wandb: \ 0.00MB of 0.00MB uploaded (0.00MB deduped)wandb: | 0.00MB of 0.00MB uploaded (0.00MB deduped)wandb: / 0.00MB of 0.00MB uploaded (0.00MB deduped)wandb: - 0.00MB of 0.00MB uploaded (0.00MB deduped)wandb:                                                                                
wandb: Run history:
wandb:     e_F1 ▁▃▄▄▅▅▅▆▆▆▆▆▇▇▇▇▇▇█▇████████████████████
wandb:   e_loss █▇▇▆▆▅▄▄▃▃▃▂▂▂▁▁▁▁▁▁▁▁▁▁▁▁▂▁▁▂▂▂▂▂▂▂▃▃▃▃
wandb:     t_F1 ▁▂▂▂▃▄▄▄▄▅▅▅▅▆▆▆▆▆▆▆▆▇▇▇▇▇▇▇▇▇▇▇████████
wandb:   t_loss ██▇▇▇▇▆▆▆▅▅▅▅▅▄▄▄▄▄▃▃▃▃▃▃▃▃▂▂▂▂▂▂▂▁▁▁▁▁▁
wandb: 
wandb: Run summary:
wandb:     e_F1 61.13839
wandb:   e_loss 1.10528
wandb:     t_F1 94.22351
wandb:   t_loss 0.26511
wandb: 
wandb: Synced 4 W&B file(s), 0 media file(s), 0 artifact file(s) and 0 other file(s)
wandb: Synced rosy-sponge-1: https://wandb.ai/yinanazhou/xl_512_bs_8_lr_1e06_es_25_lc_False_nr_False_stem_True_lemma_False_repeat_1_fold_1/runs/3hh7w1dy
wandb: Find logs at: ./wandb/run-20220305_055511-3hh7w1dy/logs/debug.log
wandb: 

wandb: wandb version 0.12.11 is available!  To upgrade, please run:
wandb:  $ pip install wandb --upgrade
2022-03-05 06:38:48.541210: I tensorflow/stream_executor/platform/default/dso_loader.cc:48] Successfully opened dynamic library libcudart.so.10.1
wandb: Tracking run with wandb version 0.12.5
wandb: Syncing run stoic-wildflower-1
wandb: ⭐️ View project at https://wandb.ai/yinanazhou/xl_512_bs_8_lr_1e06_es_25_lc_False_nr_False_stem_True_lemma_False_repeat_1_fold_2
wandb: 🚀 View run at https://wandb.ai/yinanazhou/xl_512_bs_8_lr_1e06_es_25_lc_False_nr_False_stem_True_lemma_False_repeat_1_fold_2/runs/3g7b17ii
wandb: Run data is saved locally in /project/6002780/yinan/Thesis_MER_Lyrics/lyric-emotion/wandb/run-20220305_063846-3g7b17ii
wandb: Run `wandb offline` to turn off syncing.

Validation loss decreased (inf --> 1.378400).  Saving model ...
Validation loss decreased (1.378400 --> 1.326842).  Saving model ...
Validation loss decreased (1.326842 --> 1.298011).  Saving model ...
Validation loss decreased (1.298011 --> 1.272159).  Saving model ...
Validation loss decreased (1.272159 --> 1.242214).  Saving model ...
Validation loss decreased (1.242214 --> 1.212079).  Saving model ...
Validation loss decreased (1.212079 --> 1.185067).  Saving model ...
Validation loss decreased (1.185067 --> 1.148067).  Saving model ...
Validation loss decreased (1.148067 --> 1.113423).  Saving model ...
Validation loss decreased (1.113423 --> 1.084751).  Saving model ...
Validation loss decreased (1.084751 --> 1.060591).  Saving model ...
Validation loss decreased (1.060591 --> 1.041310).  Saving model ...
Validation loss decreased (1.041310 --> 1.020777).  Saving model ...
Validation loss decreased (1.020777 --> 1.002931).  Saving model ...
Validation loss decreased (1.002931 --> 0.990128).  Saving model ...
Validation loss decreased (0.990128 --> 0.980341).  Saving model ...
Validation loss decreased (0.980341 --> 0.969585).  Saving model ...
Validation loss decreased (0.969585 --> 0.961019).  Saving model ...
Validation loss decreased (0.961019 --> 0.950267).  Saving model ...
Validation loss decreased (0.950267 --> 0.940157).  Saving model ...
Validation loss decreased (0.940157 --> 0.936349).  Saving model ...
Validation loss decreased (0.936349 --> 0.933174).  Saving model ...
EarlyStopping counter: 1 out of 25.0
EarlyStopping counter: 2 out of 25.0
EarlyStopping counter: 3 out of 25.0
EarlyStopping counter: 4 out of 25.0
EarlyStopping counter: 5 out of 25.0
EarlyStopping counter: 6 out of 25.0
EarlyStopping counter: 7 out of 25.0
EarlyStopping counter: 8 out of 25.0
EarlyStopping counter: 9 out of 25.0
EarlyStopping counter: 10 out of 25.0
EarlyStopping counter: 11 out of 25.0
EarlyStopping counter: 12 out of 25.0
EarlyStopping counter: 13 out of 25.0
EarlyStopping counter: 14 out of 25.0
EarlyStopping counter: 15 out of 25.0
EarlyStopping counter: 16 out of 25.0
EarlyStopping counter: 17 out of 25.0
EarlyStopping counter: 18 out of 25.0
EarlyStopping counter: 19 out of 25.0
EarlyStopping counter: 20 out of 25.0
EarlyStopping counter: 21 out of 25.0
EarlyStopping counter: 22 out of 25.0
EarlyStopping counter: 23 out of 25.0
EarlyStopping counter: 24 out of 25.0
EarlyStopping counter: 25 out of 25.0
/localscratch/yinan.28258388.0/env/lib/python3.7/site-packages/torch/nn/functional.py:1794: UserWarning: nn.functional.tanh is deprecated. Use torch.tanh instead.
  warnings.warn("nn.functional.tanh is deprecated. Use torch.tanh instead.")
wandb: Waiting for W&B process to finish, PID 82812... (success).
wandb: - 0.00MB of 0.00MB uploaded (0.00MB deduped)wandb: \ 0.00MB of 0.00MB uploaded (0.00MB deduped)wandb: | 0.00MB of 0.00MB uploaded (0.00MB deduped)wandb:                                                                                
wandb: Run history:
wandb:     e_F1 ▁▃▄▅▅▆▆▇▆▇▇▇▇▇▇▇▇██▇███████████████▇███▇
wandb:   e_loss █▇▇▆▆▅▄▄▃▃▃▂▂▂▂▁▁▁▁▁▁▁▁▁▁▁▂▂▂▂▂▂▃▃▃▃▃▃▄▄
wandb:     t_F1 ▁▁▂▂▃▃▃▄▄▄▄▅▅▅▆▅▅▆▆▆▆▆▇▇▇▇▇▇▇▇▇▇█▇██████
wandb:   t_loss ██▇▇▇▇▇▆▆▆▆▅▅▅▄▄▄▄▄▄▄▃▃▃▃▃▃▂▂▂▂▂▂▂▂▁▁▁▁▁
wandb: 
wandb: Run summary:
wandb:     e_F1 58.22877
wandb:   e_loss 1.13902
wandb:     t_F1 96.38535
wandb:   t_loss 0.22593
wandb: 
wandb: Synced 4 W&B file(s), 0 media file(s), 0 artifact file(s) and 0 other file(s)
wandb: Synced stoic-wildflower-1: https://wandb.ai/yinanazhou/xl_512_bs_8_lr_1e06_es_25_lc_False_nr_False_stem_True_lemma_False_repeat_1_fold_2/runs/3g7b17ii
wandb: Find logs at: ./wandb/run-20220305_063846-3g7b17ii/logs/debug.log
wandb: 

wandb: wandb version 0.12.11 is available!  To upgrade, please run:
wandb:  $ pip install wandb --upgrade
2022-03-05 07:22:30.728528: I tensorflow/stream_executor/platform/default/dso_loader.cc:48] Successfully opened dynamic library libcudart.so.10.1
wandb: Tracking run with wandb version 0.12.5
wandb: Syncing run scarlet-gorge-1
wandb: ⭐️ View project at https://wandb.ai/yinanazhou/xl_512_bs_8_lr_1e06_es_25_lc_False_nr_False_stem_True_lemma_False_repeat_2_fold_1
wandb: 🚀 View run at https://wandb.ai/yinanazhou/xl_512_bs_8_lr_1e06_es_25_lc_False_nr_False_stem_True_lemma_False_repeat_2_fold_1/runs/3qjzhvwr
wandb: Run data is saved locally in /project/6002780/yinan/Thesis_MER_Lyrics/lyric-emotion/wandb/run-20220305_072226-3qjzhvwr
wandb: Run `wandb offline` to turn off syncing.

Validation loss decreased (inf --> 1.390681).  Saving model ...
Validation loss decreased (1.390681 --> 1.376176).  Saving model ...
Validation loss decreased (1.376176 --> 1.365176).  Saving model ...
Validation loss decreased (1.365176 --> 1.351976).  Saving model ...
Validation loss decreased (1.351976 --> 1.335545).  Saving model ...
Validation loss decreased (1.335545 --> 1.310390).  Saving model ...
Validation loss decreased (1.310390 --> 1.268390).  Saving model ...
Validation loss decreased (1.268390 --> 1.233447).  Saving model ...
Validation loss decreased (1.233447 --> 1.193262).  Saving model ...
Validation loss decreased (1.193262 --> 1.161331).  Saving model ...
Validation loss decreased (1.161331 --> 1.127244).  Saving model ...
Validation loss decreased (1.127244 --> 1.095829).  Saving model ...
Validation loss decreased (1.095829 --> 1.075601).  Saving model ...
Validation loss decreased (1.075601 --> 1.061653).  Saving model ...
Validation loss decreased (1.061653 --> 1.041465).  Saving model ...
Validation loss decreased (1.041465 --> 1.029683).  Saving model ...
Validation loss decreased (1.029683 --> 1.016704).  Saving model ...
Validation loss decreased (1.016704 --> 1.013530).  Saving model ...
EarlyStopping counter: 1 out of 25.0
Validation loss decreased (1.013530 --> 1.012965).  Saving model ...
Validation loss decreased (1.012965 --> 1.004466).  Saving model ...
EarlyStopping counter: 1 out of 25.0
EarlyStopping counter: 2 out of 25.0
EarlyStopping counter: 3 out of 25.0
EarlyStopping counter: 4 out of 25.0
EarlyStopping counter: 5 out of 25.0
EarlyStopping counter: 6 out of 25.0
EarlyStopping counter: 7 out of 25.0
EarlyStopping counter: 8 out of 25.0
EarlyStopping counter: 9 out of 25.0
EarlyStopping counter: 10 out of 25.0
EarlyStopping counter: 11 out of 25.0
EarlyStopping counter: 12 out of 25.0
EarlyStopping counter: 13 out of 25.0
EarlyStopping counter: 14 out of 25.0
EarlyStopping counter: 15 out of 25.0
EarlyStopping counter: 16 out of 25.0
EarlyStopping counter: 17 out of 25.0
EarlyStopping counter: 18 out of 25.0
EarlyStopping counter: 19 out of 25.0
EarlyStopping counter: 20 out of 25.0
EarlyStopping counter: 21 out of 25.0
EarlyStopping counter: 22 out of 25.0
EarlyStopping counter: 23 out of 25.0
EarlyStopping counter: 24 out of 25.0
EarlyStopping counter: 25 out of 25.0
/localscratch/yinan.28258388.0/env/lib/python3.7/site-packages/torch/nn/functional.py:1794: UserWarning: nn.functional.tanh is deprecated. Use torch.tanh instead.
  warnings.warn("nn.functional.tanh is deprecated. Use torch.tanh instead.")
wandb: Waiting for W&B process to finish, PID 85182... (success).
wandb: - 0.00MB of 0.00MB uploaded (0.00MB deduped)wandb: \ 0.00MB of 0.00MB uploaded (0.00MB deduped)wandb: | 0.00MB of 0.00MB uploaded (0.00MB deduped)wandb: / 0.00MB of 0.00MB uploaded (0.00MB deduped)wandb: - 0.00MB of 0.00MB uploaded (0.00MB deduped)wandb: \ 0.00MB of 0.00MB uploaded (0.00MB deduped)wandb: | 0.00MB of 0.00MB uploaded (0.00MB deduped)wandb: / 0.00MB of 0.00MB uploaded (0.00MB deduped)wandb: - 0.00MB of 0.00MB uploaded (0.00MB deduped)wandb: \ 0.00MB of 0.00MB uploaded (0.00MB deduped)wandb: | 0.00MB of 0.00MB uploaded (0.00MB deduped)wandb: / 0.00MB of 0.00MB uploaded (0.00MB deduped)wandb: - 0.00MB of 0.00MB uploaded (0.00MB deduped)wandb: \ 0.00MB of 0.00MB uploaded (0.00MB deduped)wandb: | 0.00MB of 0.00MB uploaded (0.00MB deduped)wandb: / 0.00MB of 0.00MB uploaded (0.00MB deduped)wandb: - 0.00MB of 0.00MB uploaded (0.00MB deduped)wandb:                                                                                
wandb: Run history:
wandb:     e_F1 ▁▂▂▃▃▄▅▆▆▆▇▇▇▇██▇██▇████████████████▇▇▇▇
wandb:   e_loss ███▇▇▇▆▄▄▃▃▂▂▂▁▁▁▁▁▁▁▁▂▁▁▁▂▂▂▃▃▃▃▄▄▅▅▅▆▆
wandb:     t_F1 ▁▂▂▂▂▃▃▄▄▄▅▅▅▅▅▆▆▆▆▆▆▆▇▇▇▇▇▇▇▇▇▇████████
wandb:   t_loss █████▇▇▇▆▆▆▆▅▅▅▄▄▄▄▄▄▃▃▃▃▃▃▂▂▂▂▂▂▂▁▁▁▁▁▁
wandb: 
wandb: Run summary:
wandb:     e_F1 55.39336
wandb:   e_loss 1.28454
wandb:     t_F1 97.87713
wandb:   t_loss 0.15262
wandb: 
wandb: Synced 4 W&B file(s), 0 media file(s), 0 artifact file(s) and 0 other file(s)
wandb: Synced scarlet-gorge-1: https://wandb.ai/yinanazhou/xl_512_bs_8_lr_1e06_es_25_lc_False_nr_False_stem_True_lemma_False_repeat_2_fold_1/runs/3qjzhvwr
wandb: Find logs at: ./wandb/run-20220305_072226-3qjzhvwr/logs/debug.log
wandb: 

wandb: wandb version 0.12.11 is available!  To upgrade, please run:
wandb:  $ pip install wandb --upgrade
2022-03-05 08:04:58.248151: I tensorflow/stream_executor/platform/default/dso_loader.cc:48] Successfully opened dynamic library libcudart.so.10.1
wandb: Tracking run with wandb version 0.12.5
wandb: Syncing run lunar-field-1
wandb: ⭐️ View project at https://wandb.ai/yinanazhou/xl_512_bs_8_lr_1e06_es_25_lc_False_nr_False_stem_True_lemma_False_repeat_2_fold_2
wandb: 🚀 View run at https://wandb.ai/yinanazhou/xl_512_bs_8_lr_1e06_es_25_lc_False_nr_False_stem_True_lemma_False_repeat_2_fold_2/runs/3pam1qvo
wandb: Run data is saved locally in /project/6002780/yinan/Thesis_MER_Lyrics/lyric-emotion/wandb/run-20220305_080455-3pam1qvo
wandb: Run `wandb offline` to turn off syncing.

Validation loss decreased (inf --> 1.375336).  Saving model ...
Validation loss decreased (1.375336 --> 1.343779).  Saving model ...
Validation loss decreased (1.343779 --> 1.323634).  Saving model ...
Validation loss decreased (1.323634 --> 1.293664).  Saving model ...
Validation loss decreased (1.293664 --> 1.266292).  Saving model ...
Validation loss decreased (1.266292 --> 1.234817).  Saving model ...
Validation loss decreased (1.234817 --> 1.201494).  Saving model ...
Validation loss decreased (1.201494 --> 1.170515).  Saving model ...
Validation loss decreased (1.170515 --> 1.136350).  Saving model ...
Validation loss decreased (1.136350 --> 1.109350).  Saving model ...
Validation loss decreased (1.109350 --> 1.086640).  Saving model ...
Validation loss decreased (1.086640 --> 1.048810).  Saving model ...
Validation loss decreased (1.048810 --> 1.020369).  Saving model ...
Validation loss decreased (1.020369 --> 1.000128).  Saving model ...
Validation loss decreased (1.000128 --> 0.988125).  Saving model ...
Validation loss decreased (0.988125 --> 0.977922).  Saving model ...
EarlyStopping counter: 1 out of 25.0
Validation loss decreased (0.977922 --> 0.964697).  Saving model ...
Validation loss decreased (0.964697 --> 0.963311).  Saving model ...
Validation loss decreased (0.963311 --> 0.944733).  Saving model ...
EarlyStopping counter: 1 out of 25.0
Validation loss decreased (0.944733 --> 0.928464).  Saving model ...
Validation loss decreased (0.928464 --> 0.925205).  Saving model ...
EarlyStopping counter: 1 out of 25.0
EarlyStopping counter: 2 out of 25.0
EarlyStopping counter: 3 out of 25.0
EarlyStopping counter: 4 out of 25.0
EarlyStopping counter: 5 out of 25.0
EarlyStopping counter: 6 out of 25.0
EarlyStopping counter: 7 out of 25.0
EarlyStopping counter: 8 out of 25.0
EarlyStopping counter: 9 out of 25.0
EarlyStopping counter: 10 out of 25.0
EarlyStopping counter: 11 out of 25.0
EarlyStopping counter: 12 out of 25.0
EarlyStopping counter: 13 out of 25.0
EarlyStopping counter: 14 out of 25.0
EarlyStopping counter: 15 out of 25.0
EarlyStopping counter: 16 out of 25.0
EarlyStopping counter: 17 out of 25.0
EarlyStopping counter: 18 out of 25.0
EarlyStopping counter: 19 out of 25.0
EarlyStopping counter: 20 out of 25.0
EarlyStopping counter: 21 out of 25.0
EarlyStopping counter: 22 out of 25.0
EarlyStopping counter: 23 out of 25.0
EarlyStopping counter: 24 out of 25.0
EarlyStopping counter: 25 out of 25.0
/localscratch/yinan.28258388.0/env/lib/python3.7/site-packages/torch/nn/functional.py:1794: UserWarning: nn.functional.tanh is deprecated. Use torch.tanh instead.
  warnings.warn("nn.functional.tanh is deprecated. Use torch.tanh instead.")
wandb: Waiting for W&B process to finish, PID 87465... (success).
wandb: - 0.00MB of 0.00MB uploaded (0.00MB deduped)wandb: \ 0.00MB of 0.00MB uploaded (0.00MB deduped)wandb: | 0.00MB of 0.00MB uploaded (0.00MB deduped)wandb: / 0.00MB of 0.00MB uploaded (0.00MB deduped)wandb: - 0.00MB of 0.00MB uploaded (0.00MB deduped)wandb: \ 0.00MB of 0.00MB uploaded (0.00MB deduped)wandb: | 0.00MB of 0.00MB uploaded (0.00MB deduped)wandb: / 0.00MB of 0.00MB uploaded (0.00MB deduped)wandb: - 0.00MB of 0.00MB uploaded (0.00MB deduped)wandb: \ 0.00MB of 0.00MB uploaded (0.00MB deduped)wandb: | 0.00MB of 0.00MB uploaded (0.00MB deduped)wandb: / 0.00MB of 0.00MB uploaded (0.00MB deduped)wandb: - 0.00MB of 0.00MB uploaded (0.00MB deduped)wandb:                                                                                
wandb: Run history:
wandb:     e_F1 ▁▂▂▃▃▄▅▅▆▆▇▇▇▇▇█████████████████████████
wandb:   e_loss ██▇▇▆▅▅▄▄▄▂▂▂▂▂▂▁▁▁▁▁▁▁▁▁▁▁▁▁▁▁▁▁▁▁▂▂▂▂▂
wandb:     t_F1 ▁▂▂▃▃▄▄▄▄▅▅▅▆▆▅▆▆▆▆▆▇▇▆▇▇▇▇▇▇▇▇▇▇▇▇█████
wandb:   t_loss █▇▇▇▇▆▆▆▆▅▅▅▅▄▄▄▄▄▄▃▃▃▃▃▃▂▃▂▂▂▂▂▂▂▂▁▁▁▁▁
wandb: 
wandb: Run summary:
wandb:     e_F1 63.03144
wandb:   e_loss 0.97929
wandb:     t_F1 87.49068
wandb:   t_loss 0.38665
wandb: 
wandb: Synced 4 W&B file(s), 0 media file(s), 0 artifact file(s) and 0 other file(s)
wandb: Synced lunar-field-1: https://wandb.ai/yinanazhou/xl_512_bs_8_lr_1e06_es_25_lc_False_nr_False_stem_True_lemma_False_repeat_2_fold_2/runs/3pam1qvo
wandb: Find logs at: ./wandb/run-20220305_080455-3pam1qvo/logs/debug.log
wandb: 

wandb: wandb version 0.12.11 is available!  To upgrade, please run:
wandb:  $ pip install wandb --upgrade
2022-03-05 08:49:24.539083: I tensorflow/stream_executor/platform/default/dso_loader.cc:48] Successfully opened dynamic library libcudart.so.10.1
wandb: Tracking run with wandb version 0.12.5
wandb: Syncing run proud-pine-1
wandb: ⭐️ View project at https://wandb.ai/yinanazhou/xl_512_bs_8_lr_1e06_es_25_lc_False_nr_False_stem_True_lemma_False_repeat_3_fold_1
wandb: 🚀 View run at https://wandb.ai/yinanazhou/xl_512_bs_8_lr_1e06_es_25_lc_False_nr_False_stem_True_lemma_False_repeat_3_fold_1/runs/1s2oftjh
wandb: Run data is saved locally in /project/6002780/yinan/Thesis_MER_Lyrics/lyric-emotion/wandb/run-20220305_084921-1s2oftjh
wandb: Run `wandb offline` to turn off syncing.

Validation loss decreased (inf --> 1.376691).  Saving model ...
Validation loss decreased (1.376691 --> 1.362761).  Saving model ...
Validation loss decreased (1.362761 --> 1.348393).  Saving model ...
Validation loss decreased (1.348393 --> 1.329026).  Saving model ...
Validation loss decreased (1.329026 --> 1.299567).  Saving model ...
Validation loss decreased (1.299567 --> 1.265872).  Saving model ...
Validation loss decreased (1.265872 --> 1.225567).  Saving model ...
Validation loss decreased (1.225567 --> 1.190076).  Saving model ...
Validation loss decreased (1.190076 --> 1.144825).  Saving model ...
Validation loss decreased (1.144825 --> 1.120437).  Saving model ...
Validation loss decreased (1.120437 --> 1.083144).  Saving model ...
Validation loss decreased (1.083144 --> 1.050093).  Saving model ...
Validation loss decreased (1.050093 --> 1.031317).  Saving model ...
Validation loss decreased (1.031317 --> 1.016017).  Saving model ...
Validation loss decreased (1.016017 --> 1.001017).  Saving model ...
Validation loss decreased (1.001017 --> 0.980526).  Saving model ...
Validation loss decreased (0.980526 --> 0.965114).  Saving model ...
Validation loss decreased (0.965114 --> 0.955292).  Saving model ...
Validation loss decreased (0.955292 --> 0.940458).  Saving model ...
Validation loss decreased (0.940458 --> 0.937216).  Saving model ...
Validation loss decreased (0.937216 --> 0.928238).  Saving model ...
Validation loss decreased (0.928238 --> 0.916728).  Saving model ...
Validation loss decreased (0.916728 --> 0.916276).  Saving model ...
EarlyStopping counter: 1 out of 25.0
Validation loss decreased (0.916276 --> 0.916166).  Saving model ...
Validation loss decreased (0.916166 --> 0.913858).  Saving model ...
EarlyStopping counter: 1 out of 25.0
Validation loss decreased (0.913858 --> 0.912035).  Saving model ...
Validation loss decreased (0.912035 --> 0.908830).  Saving model ...
EarlyStopping counter: 1 out of 25.0
EarlyStopping counter: 2 out of 25.0
EarlyStopping counter: 3 out of 25.0
EarlyStopping counter: 4 out of 25.0
EarlyStopping counter: 5 out of 25.0
EarlyStopping counter: 6 out of 25.0
EarlyStopping counter: 7 out of 25.0
EarlyStopping counter: 8 out of 25.0
EarlyStopping counter: 9 out of 25.0
EarlyStopping counter: 10 out of 25.0
EarlyStopping counter: 11 out of 25.0
EarlyStopping counter: 12 out of 25.0
EarlyStopping counter: 13 out of 25.0
EarlyStopping counter: 14 out of 25.0
EarlyStopping counter: 15 out of 25.0
EarlyStopping counter: 16 out of 25.0
EarlyStopping counter: 17 out of 25.0
EarlyStopping counter: 18 out of 25.0
EarlyStopping counter: 19 out of 25.0
EarlyStopping counter: 20 out of 25.0
EarlyStopping counter: 21 out of 25.0
EarlyStopping counter: 22 out of 25.0
EarlyStopping counter: 23 out of 25.0
EarlyStopping counter: 24 out of 25.0
EarlyStopping counter: 25 out of 25.0
/localscratch/yinan.28258388.0/env/lib/python3.7/site-packages/torch/nn/functional.py:1794: UserWarning: nn.functional.tanh is deprecated. Use torch.tanh instead.
  warnings.warn("nn.functional.tanh is deprecated. Use torch.tanh instead.")
wandb: Waiting for W&B process to finish, PID 89870... (success).
wandb: - 0.00MB of 0.00MB uploaded (0.00MB deduped)wandb: \ 0.00MB of 0.00MB uploaded (0.00MB deduped)wandb: | 0.00MB of 0.00MB uploaded (0.00MB deduped)wandb: / 0.00MB of 0.00MB uploaded (0.00MB deduped)wandb: - 0.00MB of 0.00MB uploaded (0.00MB deduped)wandb:                                                                                
wandb: Run history:
wandb:     e_F1 ▁▁▁▃▃▄▆▆▆▇▇▇▇▇██████████████████████████
wandb:   e_loss ███▇▆▆▅▄▄▃▃▂▂▂▁▁▁▁▁▁▁▁▁▁▁▁▁▂▁▂▂▂▂▂▂▃▃▃▃▃
wandb:     t_F1 ▁▁▂▂▃▃▄▄▄▄▄▅▅▅▆▆▆▆▆▆▆▆▆▆▆▇▇▇▇▇▇██▇██████
wandb:   t_loss ████▇▇▇▆▆▆▆▅▅▅▅▅▄▄▄▄▄▃▃▃▃▃▃▃▂▂▂▂▂▂▁▁▁▁▁▁
wandb: 
wandb: Run summary:
wandb:     e_F1 62.12192
wandb:   e_loss 1.07421
wandb:     t_F1 96.5937
wandb:   t_loss 0.17905
wandb: 
wandb: Synced 4 W&B file(s), 0 media file(s), 0 artifact file(s) and 0 other file(s)
wandb: Synced proud-pine-1: https://wandb.ai/yinanazhou/xl_512_bs_8_lr_1e06_es_25_lc_False_nr_False_stem_True_lemma_False_repeat_3_fold_1/runs/1s2oftjh
wandb: Find logs at: ./wandb/run-20220305_084921-1s2oftjh/logs/debug.log
wandb: 

wandb: wandb version 0.12.11 is available!  To upgrade, please run:
wandb:  $ pip install wandb --upgrade
2022-03-05 09:39:39.456283: I tensorflow/stream_executor/platform/default/dso_loader.cc:48] Successfully opened dynamic library libcudart.so.10.1
wandb: Tracking run with wandb version 0.12.5
wandb: Syncing run desert-dust-1
wandb: ⭐️ View project at https://wandb.ai/yinanazhou/xl_512_bs_8_lr_1e06_es_25_lc_False_nr_False_stem_True_lemma_False_repeat_3_fold_2
wandb: 🚀 View run at https://wandb.ai/yinanazhou/xl_512_bs_8_lr_1e06_es_25_lc_False_nr_False_stem_True_lemma_False_repeat_3_fold_2/runs/6p3gmo12
wandb: Run data is saved locally in /project/6002780/yinan/Thesis_MER_Lyrics/lyric-emotion/wandb/run-20220305_093936-6p3gmo12
wandb: Run `wandb offline` to turn off syncing.

Validation loss decreased (inf --> 1.390112).  Saving model ...
Validation loss decreased (1.390112 --> 1.366758).  Saving model ...
Validation loss decreased (1.366758 --> 1.351161).  Saving model ...
Validation loss decreased (1.351161 --> 1.331948).  Saving model ...
Validation loss decreased (1.331948 --> 1.308590).  Saving model ...
Validation loss decreased (1.308590 --> 1.275356).  Saving model ...
Validation loss decreased (1.275356 --> 1.239571).  Saving model ...
Validation loss decreased (1.239571 --> 1.194416).  Saving model ...
Validation loss decreased (1.194416 --> 1.154213).  Saving model ...
Validation loss decreased (1.154213 --> 1.114410).  Saving model ...
Validation loss decreased (1.114410 --> 1.085005).  Saving model ...
Validation loss decreased (1.085005 --> 1.055404).  Saving model ...
Validation loss decreased (1.055404 --> 1.033809).  Saving model ...
Validation loss decreased (1.033809 --> 1.013923).  Saving model ...
Validation loss decreased (1.013923 --> 0.995266).  Saving model ...
Validation loss decreased (0.995266 --> 0.982447).  Saving model ...
Validation loss decreased (0.982447 --> 0.967809).  Saving model ...
Validation loss decreased (0.967809 --> 0.961912).  Saving model ...
Validation loss decreased (0.961912 --> 0.956725).  Saving model ...
EarlyStopping counter: 1 out of 25.0
Validation loss decreased (0.956725 --> 0.949981).  Saving model ...
EarlyStopping counter: 1 out of 25.0
EarlyStopping counter: 2 out of 25.0
EarlyStopping counter: 3 out of 25.0
EarlyStopping counter: 4 out of 25.0
EarlyStopping counter: 5 out of 25.0
EarlyStopping counter: 6 out of 25.0
EarlyStopping counter: 7 out of 25.0
EarlyStopping counter: 8 out of 25.0
EarlyStopping counter: 9 out of 25.0
EarlyStopping counter: 10 out of 25.0
EarlyStopping counter: 11 out of 25.0
EarlyStopping counter: 12 out of 25.0
EarlyStopping counter: 13 out of 25.0
EarlyStopping counter: 14 out of 25.0
EarlyStopping counter: 15 out of 25.0
EarlyStopping counter: 16 out of 25.0
EarlyStopping counter: 17 out of 25.0
EarlyStopping counter: 18 out of 25.0
EarlyStopping counter: 19 out of 25.0
EarlyStopping counter: 20 out of 25.0
EarlyStopping counter: 21 out of 25.0
EarlyStopping counter: 22 out of 25.0
EarlyStopping counter: 23 out of 25.0
EarlyStopping counter: 24 out of 25.0
EarlyStopping counter: 25 out of 25.0
/localscratch/yinan.28258388.0/env/lib/python3.7/site-packages/torch/nn/functional.py:1794: UserWarning: nn.functional.tanh is deprecated. Use torch.tanh instead.
  warnings.warn("nn.functional.tanh is deprecated. Use torch.tanh instead.")
wandb: Waiting for W&B process to finish, PID 92599... (success).
wandb: - 0.00MB of 0.00MB uploaded (0.00MB deduped)wandb: \ 0.00MB of 0.00MB uploaded (0.00MB deduped)wandb: | 0.00MB of 0.00MB uploaded (0.00MB deduped)wandb: / 0.00MB of 0.00MB uploaded (0.00MB deduped)wandb: - 0.00MB of 0.00MB uploaded (0.00MB deduped)wandb: \ 0.00MB of 0.00MB uploaded (0.00MB deduped)wandb: | 0.00MB of 0.00MB uploaded (0.00MB deduped)wandb: / 0.00MB of 0.00MB uploaded (0.00MB deduped)wandb: - 0.00MB of 0.00MB uploaded (0.00MB deduped)wandb: \ 0.00MB of 0.00MB uploaded (0.00MB deduped)wandb: | 0.00MB of 0.00MB uploaded (0.00MB deduped)wandb: / 0.00MB of 0.00MB uploaded (0.00MB deduped)wandb: - 0.00MB of 0.00MB uploaded (0.00MB deduped)wandb:                                                                                
wandb: Run history:
wandb:     e_F1 ▁▂▄▄▅▆▆▇▇▇▇▇▇▇██▇▇██████████████████████
wandb:   e_loss ██▇▇▇▆▆▄▄▃▃▂▂▂▁▁▁▁▁▁▁▁▁▁▁▁▂▁▂▂▂▂▂▃▃▃▃▃▄▄
wandb:     t_F1 ▁▁▂▂▃▃▃▄▄▅▅▅▅▅▆▆▆▆▆▆▆▆▇▇▇▇▇▇▇▇▇█████████
wandb:   t_loss ████▇▇▇▇▆▆▆▅▅▅▅▄▄▄▄▄▃▃▃▃▃▃▃▂▂▂▂▂▂▂▁▁▁▁▁▁
wandb: 
wandb: Run summary:
wandb:     e_F1 60.28663
wandb:   e_loss 1.1304
wandb:     t_F1 96.81281
wandb:   t_loss 0.18029
wandb: 
wandb: Synced 4 W&B file(s), 0 media file(s), 0 artifact file(s) and 0 other file(s)
wandb: Synced desert-dust-1: https://wandb.ai/yinanazhou/xl_512_bs_8_lr_1e06_es_25_lc_False_nr_False_stem_True_lemma_False_repeat_3_fold_2/runs/6p3gmo12
wandb: Find logs at: ./wandb/run-20220305_093936-6p3gmo12/logs/debug.log
wandb: 

wandb: wandb version 0.12.11 is available!  To upgrade, please run:
wandb:  $ pip install wandb --upgrade
2022-03-05 10:22:31.644356: I tensorflow/stream_executor/platform/default/dso_loader.cc:48] Successfully opened dynamic library libcudart.so.10.1
wandb: Tracking run with wandb version 0.12.5
wandb: Syncing run stellar-wave-1
wandb: ⭐️ View project at https://wandb.ai/yinanazhou/xl_512_bs_8_lr_1e06_es_25_lc_False_nr_False_stem_True_lemma_False_repeat_4_fold_1
wandb: 🚀 View run at https://wandb.ai/yinanazhou/xl_512_bs_8_lr_1e06_es_25_lc_False_nr_False_stem_True_lemma_False_repeat_4_fold_1/runs/1siphkb6
wandb: Run data is saved locally in /project/6002780/yinan/Thesis_MER_Lyrics/lyric-emotion/wandb/run-20220305_102228-1siphkb6
wandb: Run `wandb offline` to turn off syncing.

Validation loss decreased (inf --> 1.398741).  Saving model ...
Validation loss decreased (1.398741 --> 1.360874).  Saving model ...
Validation loss decreased (1.360874 --> 1.341362).  Saving model ...
Validation loss decreased (1.341362 --> 1.322762).  Saving model ...
Validation loss decreased (1.322762 --> 1.304396).  Saving model ...
Validation loss decreased (1.304396 --> 1.279875).  Saving model ...
Validation loss decreased (1.279875 --> 1.250544).  Saving model ...
Validation loss decreased (1.250544 --> 1.221381).  Saving model ...
Validation loss decreased (1.221381 --> 1.186931).  Saving model ...
Validation loss decreased (1.186931 --> 1.152699).  Saving model ...
Validation loss decreased (1.152699 --> 1.126206).  Saving model ...
Validation loss decreased (1.126206 --> 1.101334).  Saving model ...
Validation loss decreased (1.101334 --> 1.069902).  Saving model ...
Validation loss decreased (1.069902 --> 1.050434).  Saving model ...
Validation loss decreased (1.050434 --> 1.035631).  Saving model ...
Validation loss decreased (1.035631 --> 1.019303).  Saving model ...
Validation loss decreased (1.019303 --> 1.001040).  Saving model ...
Validation loss decreased (1.001040 --> 1.000438).  Saving model ...
Validation loss decreased (1.000438 --> 0.990932).  Saving model ...
Validation loss decreased (0.990932 --> 0.978521).  Saving model ...
Validation loss decreased (0.978521 --> 0.969782).  Saving model ...
EarlyStopping counter: 1 out of 25.0
Validation loss decreased (0.969782 --> 0.968879).  Saving model ...
EarlyStopping counter: 1 out of 25.0
Validation loss decreased (0.968879 --> 0.965124).  Saving model ...
Validation loss decreased (0.965124 --> 0.961548).  Saving model ...
EarlyStopping counter: 1 out of 25.0
EarlyStopping counter: 2 out of 25.0
EarlyStopping counter: 3 out of 25.0
EarlyStopping counter: 4 out of 25.0
EarlyStopping counter: 5 out of 25.0
EarlyStopping counter: 6 out of 25.0
EarlyStopping counter: 7 out of 25.0
EarlyStopping counter: 8 out of 25.0
EarlyStopping counter: 9 out of 25.0
EarlyStopping counter: 10 out of 25.0
EarlyStopping counter: 11 out of 25.0
EarlyStopping counter: 12 out of 25.0
EarlyStopping counter: 13 out of 25.0
EarlyStopping counter: 14 out of 25.0
EarlyStopping counter: 15 out of 25.0
EarlyStopping counter: 16 out of 25.0
EarlyStopping counter: 17 out of 25.0
EarlyStopping counter: 18 out of 25.0
EarlyStopping counter: 19 out of 25.0
EarlyStopping counter: 20 out of 25.0
EarlyStopping counter: 21 out of 25.0
EarlyStopping counter: 22 out of 25.0
EarlyStopping counter: 23 out of 25.0
EarlyStopping counter: 24 out of 25.0
EarlyStopping counter: 25 out of 25.0
/localscratch/yinan.28258388.0/env/lib/python3.7/site-packages/torch/nn/functional.py:1794: UserWarning: nn.functional.tanh is deprecated. Use torch.tanh instead.
  warnings.warn("nn.functional.tanh is deprecated. Use torch.tanh instead.")
wandb: Waiting for W&B process to finish, PID 94936... (success).
wandb: - 0.00MB of 0.00MB uploaded (0.00MB deduped)wandb: \ 0.00MB of 0.00MB uploaded (0.00MB deduped)wandb: | 0.00MB of 0.00MB uploaded (0.00MB deduped)wandb: / 0.00MB of 0.00MB uploaded (0.00MB deduped)wandb: - 0.00MB of 0.00MB uploaded (0.00MB deduped)wandb: \ 0.00MB of 0.00MB uploaded (0.00MB deduped)wandb: | 0.00MB of 0.00MB uploaded (0.00MB deduped)wandb: / 0.00MB of 0.00MB uploaded (0.00MB deduped)wandb: - 0.00MB of 0.00MB uploaded (0.00MB deduped)wandb: \ 0.00MB of 0.00MB uploaded (0.00MB deduped)wandb: | 0.00MB of 0.00MB uploaded (0.00MB deduped)wandb: / 0.00MB of 0.00MB uploaded (0.00MB deduped)wandb: - 0.00MB of 0.00MB uploaded (0.00MB deduped)wandb:                                                                                
wandb: Run history:
wandb:     e_F1 ▁▂▂▂▄▅▆▆▆▆▇▇▇▇▇▇▇█▇███▇██████████████▇█▇
wandb:   e_loss █▇▇▇▆▆▅▅▄▃▃▂▂▂▂▁▁▁▁▁▁▁▁▁▁▂▂▂▂▂▂▂▃▃▃▃▃▄▄▅
wandb:     t_F1 ▁▂▂▃▃▃▄▄▄▅▅▅▆▆▆▆▆▆▆▆▆▇▇▇▇▇▇▇▇▇▇▇████████
wandb:   t_loss █▇▇▇▇▇▇▆▆▆▅▅▅▅▅▄▄▄▄▄▃▃▃▃▃▃▃▂▂▂▂▂▂▂▂▁▁▁▁▁
wandb: 
wandb: Run summary:
wandb:     e_F1 57.22687
wandb:   e_loss 1.20054
wandb:     t_F1 96.83141
wandb:   t_loss 0.1923
wandb: 
wandb: Synced 4 W&B file(s), 0 media file(s), 0 artifact file(s) and 0 other file(s)
wandb: Synced stellar-wave-1: https://wandb.ai/yinanazhou/xl_512_bs_8_lr_1e06_es_25_lc_False_nr_False_stem_True_lemma_False_repeat_4_fold_1/runs/1siphkb6
wandb: Find logs at: ./wandb/run-20220305_102228-1siphkb6/logs/debug.log
wandb: 

wandb: wandb version 0.12.11 is available!  To upgrade, please run:
wandb:  $ pip install wandb --upgrade
2022-03-05 11:09:51.079620: I tensorflow/stream_executor/platform/default/dso_loader.cc:48] Successfully opened dynamic library libcudart.so.10.1
wandb: Tracking run with wandb version 0.12.5
wandb: Syncing run dainty-grass-1
wandb: ⭐️ View project at https://wandb.ai/yinanazhou/xl_512_bs_8_lr_1e06_es_25_lc_False_nr_False_stem_True_lemma_False_repeat_4_fold_2
wandb: 🚀 View run at https://wandb.ai/yinanazhou/xl_512_bs_8_lr_1e06_es_25_lc_False_nr_False_stem_True_lemma_False_repeat_4_fold_2/runs/269bq1u9
wandb: Run data is saved locally in /project/6002780/yinan/Thesis_MER_Lyrics/lyric-emotion/wandb/run-20220305_110948-269bq1u9
wandb: Run `wandb offline` to turn off syncing.

Validation loss decreased (inf --> 1.421245).  Saving model ...
Validation loss decreased (1.421245 --> 1.368409).  Saving model ...
Validation loss decreased (1.368409 --> 1.335143).  Saving model ...
Validation loss decreased (1.335143 --> 1.304472).  Saving model ...
Validation loss decreased (1.304472 --> 1.282996).  Saving model ...
Validation loss decreased (1.282996 --> 1.251549).  Saving model ...
Validation loss decreased (1.251549 --> 1.213457).  Saving model ...
Validation loss decreased (1.213457 --> 1.178221).  Saving model ...
Validation loss decreased (1.178221 --> 1.164994).  Saving model ...
Validation loss decreased (1.164994 --> 1.107217).  Saving model ...
EarlyStopping counter: 1 out of 25.0
Validation loss decreased (1.107217 --> 1.090814).  Saving model ...
Validation loss decreased (1.090814 --> 1.056442).  Saving model ...
Validation loss decreased (1.056442 --> 1.029258).  Saving model ...
Validation loss decreased (1.029258 --> 0.994933).  Saving model ...
EarlyStopping counter: 1 out of 25.0
Validation loss decreased (0.994933 --> 0.982609).  Saving model ...
EarlyStopping counter: 1 out of 25.0
EarlyStopping counter: 2 out of 25.0
Validation loss decreased (0.982609 --> 0.972248).  Saving model ...
Validation loss decreased (0.972248 --> 0.968453).  Saving model ...
Validation loss decreased (0.968453 --> 0.957458).  Saving model ...
Validation loss decreased (0.957458 --> 0.956547).  Saving model ...
EarlyStopping counter: 1 out of 25.0
Validation loss decreased (0.956547 --> 0.951909).  Saving model ...
EarlyStopping counter: 1 out of 25.0
EarlyStopping counter: 2 out of 25.0
EarlyStopping counter: 3 out of 25.0
Validation loss decreased (0.951909 --> 0.941616).  Saving model ...
EarlyStopping counter: 1 out of 25.0
EarlyStopping counter: 2 out of 25.0
EarlyStopping counter: 3 out of 25.0
EarlyStopping counter: 4 out of 25.0
EarlyStopping counter: 5 out of 25.0
EarlyStopping counter: 6 out of 25.0
EarlyStopping counter: 7 out of 25.0
EarlyStopping counter: 8 out of 25.0
EarlyStopping counter: 9 out of 25.0
EarlyStopping counter: 10 out of 25.0
EarlyStopping counter: 11 out of 25.0
EarlyStopping counter: 12 out of 25.0
EarlyStopping counter: 13 out of 25.0
EarlyStopping counter: 14 out of 25.0
EarlyStopping counter: 15 out of 25.0
EarlyStopping counter: 16 out of 25.0
EarlyStopping counter: 17 out of 25.0
EarlyStopping counter: 18 out of 25.0
EarlyStopping counter: 19 out of 25.0
EarlyStopping counter: 20 out of 25.0
EarlyStopping counter: 21 out of 25.0
EarlyStopping counter: 22 out of 25.0
EarlyStopping counter: 23 out of 25.0
EarlyStopping counter: 24 out of 25.0
EarlyStopping counter: 25 out of 25.0
/localscratch/yinan.28258388.0/env/lib/python3.7/site-packages/torch/nn/functional.py:1794: UserWarning: nn.functional.tanh is deprecated. Use torch.tanh instead.
  warnings.warn("nn.functional.tanh is deprecated. Use torch.tanh instead.")
wandb: Waiting for W&B process to finish, PID 97510... (success).
wandb: - 0.00MB of 0.00MB uploaded (0.00MB deduped)wandb: \ 0.00MB of 0.00MB uploaded (0.00MB deduped)wandb: | 0.00MB of 0.00MB uploaded (0.00MB deduped)wandb: / 0.00MB of 0.00MB uploaded (0.00MB deduped)wandb: - 0.00MB of 0.00MB uploaded (0.00MB deduped)wandb: \ 0.00MB of 0.00MB uploaded (0.00MB deduped)wandb: | 0.00MB of 0.00MB uploaded (0.00MB deduped)wandb: / 0.00MB of 0.00MB uploaded (0.00MB deduped)wandb: - 0.00MB of 0.00MB uploaded (0.00MB deduped)wandb: \ 0.00MB of 0.00MB uploaded (0.00MB deduped)wandb: | 0.00MB of 0.00MB uploaded (0.00MB deduped)wandb: / 0.00MB of 0.00MB uploaded (0.00MB deduped)wandb: - 0.00MB of 0.00MB uploaded (0.00MB deduped)wandb:                                                                                
wandb: Run history:
wandb:     e_F1 ▁▃▄▆▆▆▇▇▇▇██████████████████████████████
wandb:   e_loss █▇▇▆▆▅▄▃▄▃▂▂▂▂▁▁▁▁▁▁▁▁▁▁▁▂▂▂▂▂▂▂▂▂▃▃▃▃▄▄
wandb:     t_F1 ▁▂▂▂▃▃▄▄▅▅▅▅▆▅▅▆▆▆▆▆▆▇▇▇▇▇▇▇▇▇▇▇▇███████
wandb:   t_loss ███▇▇▇▆▆▆▆▅▅▅▅▄▄▄▄▄▄▃▃▃▃▃▃▃▂▂▂▂▂▂▂▁▁▁▁▁▁
wandb: 
wandb: Run summary:
wandb:     e_F1 58.91513
wandb:   e_loss 1.1559
wandb:     t_F1 94.66217
wandb:   t_loss 0.23298
wandb: 
wandb: Synced 4 W&B file(s), 0 media file(s), 0 artifact file(s) and 0 other file(s)
wandb: Synced dainty-grass-1: https://wandb.ai/yinanazhou/xl_512_bs_8_lr_1e06_es_25_lc_False_nr_False_stem_True_lemma_False_repeat_4_fold_2/runs/269bq1u9
wandb: Find logs at: ./wandb/run-20220305_110948-269bq1u9/logs/debug.log
wandb: 

wandb: wandb version 0.12.11 is available!  To upgrade, please run:
wandb:  $ pip install wandb --upgrade
2022-03-05 11:59:46.657409: I tensorflow/stream_executor/platform/default/dso_loader.cc:48] Successfully opened dynamic library libcudart.so.10.1
wandb: Tracking run with wandb version 0.12.5
wandb: Syncing run gentle-voice-1
wandb: ⭐️ View project at https://wandb.ai/yinanazhou/xl_512_bs_8_lr_1e06_es_25_lc_False_nr_False_stem_True_lemma_False_repeat_5_fold_1
wandb: 🚀 View run at https://wandb.ai/yinanazhou/xl_512_bs_8_lr_1e06_es_25_lc_False_nr_False_stem_True_lemma_False_repeat_5_fold_1/runs/2bf6dwe0
wandb: Run data is saved locally in /project/6002780/yinan/Thesis_MER_Lyrics/lyric-emotion/wandb/run-20220305_115943-2bf6dwe0
wandb: Run `wandb offline` to turn off syncing.

Validation loss decreased (inf --> 1.397335).  Saving model ...
Validation loss decreased (1.397335 --> 1.367406).  Saving model ...
Validation loss decreased (1.367406 --> 1.348222).  Saving model ...
Validation loss decreased (1.348222 --> 1.328143).  Saving model ...
Validation loss decreased (1.328143 --> 1.299339).  Saving model ...
Validation loss decreased (1.299339 --> 1.271022).  Saving model ...
Validation loss decreased (1.271022 --> 1.239852).  Saving model ...
Validation loss decreased (1.239852 --> 1.207972).  Saving model ...
Validation loss decreased (1.207972 --> 1.171049).  Saving model ...
Validation loss decreased (1.171049 --> 1.136819).  Saving model ...
Validation loss decreased (1.136819 --> 1.102794).  Saving model ...
Validation loss decreased (1.102794 --> 1.079704).  Saving model ...
Validation loss decreased (1.079704 --> 1.053567).  Saving model ...
Validation loss decreased (1.053567 --> 1.036640).  Saving model ...
Validation loss decreased (1.036640 --> 1.012652).  Saving model ...
Validation loss decreased (1.012652 --> 0.993101).  Saving model ...
Validation loss decreased (0.993101 --> 0.982872).  Saving model ...
Validation loss decreased (0.982872 --> 0.968372).  Saving model ...
Validation loss decreased (0.968372 --> 0.963417).  Saving model ...
EarlyStopping counter: 1 out of 25.0
Validation loss decreased (0.963417 --> 0.963058).  Saving model ...
Validation loss decreased (0.963058 --> 0.954983).  Saving model ...
Validation loss decreased (0.954983 --> 0.945576).  Saving model ...
EarlyStopping counter: 1 out of 25.0
EarlyStopping counter: 2 out of 25.0
EarlyStopping counter: 3 out of 25.0
EarlyStopping counter: 4 out of 25.0
EarlyStopping counter: 5 out of 25.0
EarlyStopping counter: 6 out of 25.0
EarlyStopping counter: 7 out of 25.0
EarlyStopping counter: 8 out of 25.0
EarlyStopping counter: 9 out of 25.0
EarlyStopping counter: 10 out of 25.0
EarlyStopping counter: 11 out of 25.0
EarlyStopping counter: 12 out of 25.0
EarlyStopping counter: 13 out of 25.0
EarlyStopping counter: 14 out of 25.0
EarlyStopping counter: 15 out of 25.0
EarlyStopping counter: 16 out of 25.0
EarlyStopping counter: 17 out of 25.0
EarlyStopping counter: 18 out of 25.0
EarlyStopping counter: 19 out of 25.0
EarlyStopping counter: 20 out of 25.0
EarlyStopping counter: 21 out of 25.0
EarlyStopping counter: 22 out of 25.0
EarlyStopping counter: 23 out of 25.0
EarlyStopping counter: 24 out of 25.0
EarlyStopping counter: 25 out of 25.0
/localscratch/yinan.28258388.0/env/lib/python3.7/site-packages/torch/nn/functional.py:1794: UserWarning: nn.functional.tanh is deprecated. Use torch.tanh instead.
  warnings.warn("nn.functional.tanh is deprecated. Use torch.tanh instead.")
wandb: Waiting for W&B process to finish, PID 100221... (success).
wandb: - 0.00MB of 0.00MB uploaded (0.00MB deduped)wandb: \ 0.00MB of 0.00MB uploaded (0.00MB deduped)wandb: | 0.00MB of 0.00MB uploaded (0.00MB deduped)wandb: / 0.00MB of 0.00MB uploaded (0.00MB deduped)wandb: - 0.00MB of 0.00MB uploaded (0.00MB deduped)wandb: \ 0.00MB of 0.00MB uploaded (0.00MB deduped)wandb: | 0.00MB of 0.00MB uploaded (0.00MB deduped)wandb: / 0.00MB of 0.00MB uploaded (0.00MB deduped)wandb: - 0.00MB of 0.00MB uploaded (0.00MB deduped)wandb: \ 0.00MB of 0.00MB uploaded (0.00MB deduped)wandb: | 0.00MB of 0.00MB uploaded (0.00MB deduped)wandb: / 0.00MB of 0.00MB uploaded (0.00MB deduped)wandb: - 0.00MB of 0.00MB uploaded (0.00MB deduped)wandb:                                                                                
wandb: Run history:
wandb:     e_F1 ▁▃▃▄▄▅▅▆▆▆▇▇▇▇▇████████████████▇▇██▇██▇▇
wandb:   e_loss ██▇▇▆▆▅▄▄▃▃▂▂▂▂▁▁▁▁▁▁▁▁▁▁▂▂▂▂▂▂▃▃▃▃▄▄▄▄▄
wandb:     t_F1 ▁▁▂▂▂▃▃▄▄▄▅▅▅▅▅▆▆▆▆▆▆▇▆▇▇▇▇▇▇▇▇▇████████
wandb:   t_loss ████▇▇▇▆▆▆▅▅▅▅▅▄▄▄▄▄▃▃▃▃▃▃▂▂▂▂▂▂▂▂▂▁▁▁▁▁
wandb: 
wandb: Run summary:
wandb:     e_F1 58.11866
wandb:   e_loss 1.17107
wandb:     t_F1 98.51362
wandb:   t_loss 0.1626
wandb: 
wandb: Synced 4 W&B file(s), 0 media file(s), 0 artifact file(s) and 0 other file(s)
wandb: Synced gentle-voice-1: https://wandb.ai/yinanazhou/xl_512_bs_8_lr_1e06_es_25_lc_False_nr_False_stem_True_lemma_False_repeat_5_fold_1/runs/2bf6dwe0
wandb: Find logs at: ./wandb/run-20220305_115943-2bf6dwe0/logs/debug.log
wandb: 

wandb: wandb version 0.12.11 is available!  To upgrade, please run:
wandb:  $ pip install wandb --upgrade
2022-03-05 12:44:19.804155: I tensorflow/stream_executor/platform/default/dso_loader.cc:48] Successfully opened dynamic library libcudart.so.10.1
wandb: Tracking run with wandb version 0.12.5
wandb: Syncing run light-elevator-1
wandb: ⭐️ View project at https://wandb.ai/yinanazhou/xl_512_bs_8_lr_1e06_es_25_lc_False_nr_False_stem_True_lemma_False_repeat_5_fold_2
wandb: 🚀 View run at https://wandb.ai/yinanazhou/xl_512_bs_8_lr_1e06_es_25_lc_False_nr_False_stem_True_lemma_False_repeat_5_fold_2/runs/t3qb3p0i
wandb: Run data is saved locally in /project/6002780/yinan/Thesis_MER_Lyrics/lyric-emotion/wandb/run-20220305_124416-t3qb3p0i
wandb: Run `wandb offline` to turn off syncing.

Validation loss decreased (inf --> 1.382491).  Saving model ...
Validation loss decreased (1.382491 --> 1.362771).  Saving model ...
Validation loss decreased (1.362771 --> 1.349554).  Saving model ...
Validation loss decreased (1.349554 --> 1.332272).  Saving model ...
Validation loss decreased (1.332272 --> 1.310849).  Saving model ...
Validation loss decreased (1.310849 --> 1.290254).  Saving model ...
Validation loss decreased (1.290254 --> 1.254957).  Saving model ...
Validation loss decreased (1.254957 --> 1.222837).  Saving model ...
Validation loss decreased (1.222837 --> 1.183158).  Saving model ...
Validation loss decreased (1.183158 --> 1.144252).  Saving model ...
Validation loss decreased (1.144252 --> 1.131324).  Saving model ...
Validation loss decreased (1.131324 --> 1.098139).  Saving model ...
Validation loss decreased (1.098139 --> 1.063813).  Saving model ...
Validation loss decreased (1.063813 --> 1.045819).  Saving model ...
Validation loss decreased (1.045819 --> 1.023842).  Saving model ...
Validation loss decreased (1.023842 --> 1.003687).  Saving model ...
Validation loss decreased (1.003687 --> 0.988878).  Saving model ...
Validation loss decreased (0.988878 --> 0.972739).  Saving model ...
Validation loss decreased (0.972739 --> 0.970889).  Saving model ...
Validation loss decreased (0.970889 --> 0.957193).  Saving model ...
Validation loss decreased (0.957193 --> 0.947198).  Saving model ...
EarlyStopping counter: 1 out of 25.0
EarlyStopping counter: 2 out of 25.0
Validation loss decreased (0.947198 --> 0.946625).  Saving model ...
Validation loss decreased (0.946625 --> 0.929107).  Saving model ...
EarlyStopping counter: 1 out of 25.0
EarlyStopping counter: 2 out of 25.0
Validation loss decreased (0.929107 --> 0.923608).  Saving model ...
Validation loss decreased (0.923608 --> 0.922116).  Saving model ...
EarlyStopping counter: 1 out of 25.0
EarlyStopping counter: 2 out of 25.0
EarlyStopping counter: 3 out of 25.0
EarlyStopping counter: 4 out of 25.0
EarlyStopping counter: 5 out of 25.0
EarlyStopping counter: 6 out of 25.0
EarlyStopping counter: 7 out of 25.0
EarlyStopping counter: 8 out of 25.0
EarlyStopping counter: 9 out of 25.0
EarlyStopping counter: 10 out of 25.0
EarlyStopping counter: 11 out of 25.0
EarlyStopping counter: 12 out of 25.0
EarlyStopping counter: 13 out of 25.0
EarlyStopping counter: 14 out of 25.0
EarlyStopping counter: 15 out of 25.0
EarlyStopping counter: 16 out of 25.0
EarlyStopping counter: 17 out of 25.0
EarlyStopping counter: 18 out of 25.0
EarlyStopping counter: 19 out of 25.0
EarlyStopping counter: 20 out of 25.0
EarlyStopping counter: 21 out of 25.0
EarlyStopping counter: 22 out of 25.0
EarlyStopping counter: 23 out of 25.0
EarlyStopping counter: 24 out of 25.0
EarlyStopping counter: 25 out of 25.0
/localscratch/yinan.28258388.0/env/lib/python3.7/site-packages/torch/nn/functional.py:1794: UserWarning: nn.functional.tanh is deprecated. Use torch.tanh instead.
  warnings.warn("nn.functional.tanh is deprecated. Use torch.tanh instead.")
wandb: Waiting for W&B process to finish, PID 102637... (success).
wandb: - 0.00MB of 0.00MB uploaded (0.00MB deduped)wandb: \ 0.00MB of 0.00MB uploaded (0.00MB deduped)wandb: | 0.00MB of 0.00MB uploaded (0.00MB deduped)wandb: / 0.00MB of 0.00MB uploaded (0.00MB deduped)wandb: - 0.00MB of 0.00MB uploaded (0.00MB deduped)wandb: \ 0.00MB of 0.00MB uploaded (0.00MB deduped)wandb: | 0.00MB of 0.00MB uploaded (0.00MB deduped)wandb: / 0.00MB of 0.00MB uploaded (0.00MB deduped)wandb: - 0.00MB of 0.00MB uploaded (0.00MB deduped)wandb: \ 0.00MB of 0.00MB uploaded (0.00MB deduped)wandb: | 0.00MB of 0.00MB uploaded (0.00MB deduped)wandb: / 0.00MB of 0.00MB uploaded (0.00MB deduped)wandb: - 0.00MB of 0.00MB uploaded (0.00MB deduped)wandb:                                                                                
wandb: Run history:
wandb:     e_F1 ▁▃▃▄▄▅▆▆▆▇▇▇████████████████████████████
wandb:   e_loss ██▇▇▇▆▅▄▄▃▃▃▂▂▂▁▁▁▁▁▁▁▁▁▁▂▂▂▂▂▃▂▃▃▄▄▄▄▅▅
wandb:     t_F1 ▁▂▂▂▃▃▄▄▄▄▅▅▅▅▆▆▆▆▆▆▇▆▇▇▇▇▇▇▇▇▇▇████████
wandb:   t_loss ███▇▇▇▇▆▆▆▅▅▅▅▄▄▄▄▄▄▃▃▃▃▃▃▂▂▂▂▂▂▂▂▂▁▁▁▁▁
wandb: 
wandb: Run summary:
wandb:     e_F1 60.06263
wandb:   e_loss 1.16226
wandb:     t_F1 98.07318
wandb:   t_loss 0.14655
wandb: 
wandb: Synced 4 W&B file(s), 0 media file(s), 0 artifact file(s) and 0 other file(s)
wandb: Synced light-elevator-1: https://wandb.ai/yinanazhou/xl_512_bs_8_lr_1e06_es_25_lc_False_nr_False_stem_True_lemma_False_repeat_5_fold_2/runs/t3qb3p0i
wandb: Find logs at: ./wandb/run-20220305_124416-t3qb3p0i/logs/debug.log
wandb: 

