Unloading StdEnv/2020

Due to MODULEPATH changes, the following have been reloaded:
  1) mii/1.1.1


The following have been reloaded with a version change:
  1) python/3.8.2 => python/3.7.4

Using base prefix '/cvmfs/soft.computecanada.ca/easybuild/software/2017/Core/python/3.7.4'
New python executable in /localscratch/yinan.29019236.0/env/bin/python
Installing setuptools, pip, wheel...
done.
Ignoring pip: markers 'python_version < "3"' don't match your environment
Looking in links: /cvmfs/soft.computecanada.ca/custom/python/wheelhouse/nix/avx2, /cvmfs/soft.computecanada.ca/custom/python/wheelhouse/nix/generic, /cvmfs/soft.computecanada.ca/custom/python/wheelhouse/generic
Collecting pip
Installing collected packages: pip
  Found existing installation: pip 19.1.1
    Uninstalling pip-19.1.1:
      Successfully uninstalled pip-19.1.1
Successfully installed pip-21.2.3+computecanada
Looking in links: /cvmfs/soft.computecanada.ca/custom/python/wheelhouse/nix/avx2, /cvmfs/soft.computecanada.ca/custom/python/wheelhouse/nix/generic, /cvmfs/soft.computecanada.ca/custom/python/wheelhouse/generic
Processing /cvmfs/soft.computecanada.ca/custom/python/wheelhouse/generic/keras-2.8.0+computecanada-py2.py3-none-any.whl
Processing /cvmfs/soft.computecanada.ca/custom/python/wheelhouse/generic/Keras_Preprocessing-1.1.2+computecanada-py3-none-any.whl
Requirement already satisfied: matplotlib in /cvmfs/soft.computecanada.ca/easybuild/software/2017/Core/scipy-stack/2019a/lib/python3.7/site-packages (from -r requirements.txt (line 3)) (3.0.2)
Processing /cvmfs/soft.computecanada.ca/custom/python/wheelhouse/generic/nltk-3.6.5+computecanada-py3-none-any.whl
Processing /cvmfs/soft.computecanada.ca/custom/python/wheelhouse/generic/scikit_learn-0.22.1+computecanada-cp37-cp37m-linux_x86_64.whl
Processing /cvmfs/soft.computecanada.ca/custom/python/wheelhouse/generic/tensorboard-2.3.0+computecanada-py3-none-any.whl
Processing /cvmfs/soft.computecanada.ca/custom/python/wheelhouse/generic/tensorboard_plugin_wit-1.7.0+computecanada-py3-none-any.whl
Processing /cvmfs/soft.computecanada.ca/custom/python/wheelhouse/generic/tensorflow_gpu-2.3.0+computecanada-cp37-cp37m-linux_x86_64.whl
Processing /cvmfs/soft.computecanada.ca/custom/python/wheelhouse/generic/tensorflow_estimator-2.3.0+computecanada-py2.py3-none-any.whl
Processing /cvmfs/soft.computecanada.ca/custom/python/wheelhouse/generic/tokenizers-0.5.2+computecanada-cp37-cp37m-linux_x86_64.whl
Processing /cvmfs/soft.computecanada.ca/custom/python/wheelhouse/nix/avx2/torch-1.4.0+computecanada-cp37-cp37m-linux_x86_64.whl
Processing /cvmfs/soft.computecanada.ca/custom/python/wheelhouse/generic/torchtext-0.6.0+computecanada-py3-none-any.whl
Processing /cvmfs/soft.computecanada.ca/custom/python/wheelhouse/generic/torchvision-0.8.2+computecanada-cp37-cp37m-linux_x86_64.whl
Processing /cvmfs/soft.computecanada.ca/custom/python/wheelhouse/generic/transformers-2.5.1+computecanada-py3-none-any.whl
Processing /cvmfs/soft.computecanada.ca/custom/python/wheelhouse/generic/urllib3-1.26.7+computecanada-py2.py3-none-any.whl
Processing /cvmfs/soft.computecanada.ca/custom/python/wheelhouse/generic/tqdm-4.63.0+computecanada-py2.py3-none-any.whl
ERROR: Could not find a version that satisfies the requirement regex>=2021.8.3 (from nltk) (from versions: 2018.1.10+computecanada, 2019.11.1+computecanada, 2020.11.13+computecanada)
ERROR: No matching distribution found for regex>=2021.8.3
Looking in links: /cvmfs/soft.computecanada.ca/custom/python/wheelhouse/nix/avx2, /cvmfs/soft.computecanada.ca/custom/python/wheelhouse/nix/generic, /cvmfs/soft.computecanada.ca/custom/python/wheelhouse/generic
ERROR: Could not find a version that satisfies the requirement numpy==1.20.0+computacanada (from versions: 1.15.0+computecanada, 1.15.2+computecanada, 1.15.4+computecanada, 1.16.0+computecanada, 1.16.2+computecanada, 1.16.3+computecanada, 1.17.4+computecanada, 1.18.1+computecanada, 1.18.4+computecanada, 1.19.1+computecanada, 1.19.2+computecanada, 1.20.2+computecanada)
ERROR: No matching distribution found for numpy==1.20.0+computacanada
Looking in links: /cvmfs/soft.computecanada.ca/custom/python/wheelhouse/nix/avx2, /cvmfs/soft.computecanada.ca/custom/python/wheelhouse/nix/generic, /cvmfs/soft.computecanada.ca/custom/python/wheelhouse/generic
Processing /cvmfs/soft.computecanada.ca/custom/python/wheelhouse/generic/wandb-0.12.5+computecanada-py2.py3-none-any.whl
Processing /cvmfs/soft.computecanada.ca/custom/python/wheelhouse/generic/shortuuid-1.0.1+computecanada-py3-none-any.whl
Processing /cvmfs/soft.computecanada.ca/custom/python/wheelhouse/generic/sentry_sdk-1.5.0+computecanada-py2.py3-none-any.whl
Processing /cvmfs/soft.computecanada.ca/custom/python/wheelhouse/generic/docker_pycreds-0.4.0+computecanada-py2.py3-none-any.whl
Processing /cvmfs/soft.computecanada.ca/custom/python/wheelhouse/generic/protobuf-3.19.4+computecanada-py2.py3-none-any.whl
Processing /cvmfs/soft.computecanada.ca/custom/python/wheelhouse/generic/pathtools-0.1.2+computecanada-py3-none-any.whl
Processing /cvmfs/soft.computecanada.ca/custom/python/wheelhouse/generic/six-1.16.0+computecanada-py2.py3-none-any.whl
Processing /cvmfs/soft.computecanada.ca/custom/python/wheelhouse/generic/promise-2.3+computecanada-py3-none-any.whl
Processing /cvmfs/soft.computecanada.ca/custom/python/wheelhouse/generic/yaspin-2.1.0+computecanada-py3-none-any.whl
Processing /cvmfs/soft.computecanada.ca/custom/python/wheelhouse/generic/psutil-5.7.3+computecanada-cp37-cp37m-linux_x86_64.whl
Requirement already satisfied: python-dateutil>=2.6.1 in /cvmfs/soft.computecanada.ca/easybuild/software/2017/Core/scipy-stack/2019a/lib/python3.7/site-packages (from wandb) (2.7.5)
Processing /cvmfs/soft.computecanada.ca/custom/python/wheelhouse/generic/click-8.0.4+computecanada-py3-none-any.whl
Processing /cvmfs/soft.computecanada.ca/custom/python/wheelhouse/generic/GitPython-3.1.24+computecanada-py3-none-any.whl
Processing /cvmfs/soft.computecanada.ca/custom/python/wheelhouse/generic/subprocess32-3.5.4+computecanada-py3-none-any.whl
Requirement already satisfied: requests<3,>=2.0.0 in /cvmfs/soft.computecanada.ca/easybuild/software/2017/Core/scipy-stack/2019a/lib/python3.7/site-packages (from wandb) (2.21.0)
Processing /cvmfs/soft.computecanada.ca/custom/python/wheelhouse/generic/PyYAML-5.3.1+computecanada-cp37-cp37m-linux_x86_64.whl
Processing /cvmfs/soft.computecanada.ca/custom/python/wheelhouse/generic/configparser-5.0.2+computecanada-py3-none-any.whl
Requirement already satisfied: importlib-metadata in /cvmfs/soft.computecanada.ca/easybuild/software/2017/Core/scipy-stack/2019a/lib/python3.7/site-packages (from Click!=8.0.0,>=7.0->wandb) (0.8)
Processing /cvmfs/soft.computecanada.ca/custom/python/wheelhouse/generic/typing_extensions-4.0.1+computecanada-py3-none-any.whl
Processing /cvmfs/soft.computecanada.ca/custom/python/wheelhouse/generic/gitdb-4.0.9+computecanada-py3-none-any.whl
Processing /cvmfs/soft.computecanada.ca/custom/python/wheelhouse/generic/smmap-5.0.0+computecanada-py3-none-any.whl
Requirement already satisfied: chardet<3.1.0,>=3.0.2 in /cvmfs/soft.computecanada.ca/easybuild/software/2017/Core/scipy-stack/2019a/lib/python3.7/site-packages (from requests<3,>=2.0.0->wandb) (3.0.4)
Requirement already satisfied: certifi>=2017.4.17 in /cvmfs/soft.computecanada.ca/easybuild/software/2017/Core/scipy-stack/2019a/lib/python3.7/site-packages (from requests<3,>=2.0.0->wandb) (2018.11.29)
Requirement already satisfied: urllib3<1.25,>=1.21.1 in /cvmfs/soft.computecanada.ca/easybuild/software/2017/Core/scipy-stack/2019a/lib/python3.7/site-packages (from requests<3,>=2.0.0->wandb) (1.24.1)
Requirement already satisfied: idna<2.9,>=2.5 in /cvmfs/soft.computecanada.ca/easybuild/software/2017/Core/scipy-stack/2019a/lib/python3.7/site-packages (from requests<3,>=2.0.0->wandb) (2.8)
Processing /cvmfs/soft.computecanada.ca/custom/python/wheelhouse/generic/termcolor-1.1.0+computecanada-py3-none-any.whl
Requirement already satisfied: zipp>=0.3.2 in /cvmfs/soft.computecanada.ca/easybuild/software/2017/Core/scipy-stack/2019a/lib/python3.7/site-packages (from importlib-metadata->Click!=8.0.0,>=7.0->wandb) (0.3.3)
Installing collected packages: smmap, typing-extensions, termcolor, six, gitdb, yaspin, subprocess32, shortuuid, sentry-sdk, PyYAML, psutil, protobuf, promise, pathtools, GitPython, docker-pycreds, configparser, Click, wandb
  Attempting uninstall: six
    Found existing installation: six 1.12.0
    Not uninstalling six at /cvmfs/soft.computecanada.ca/easybuild/software/2017/Core/scipy-stack/2019a/lib/python3.7/site-packages, outside environment /localscratch/yinan.29019236.0/env
    Can't uninstall 'six'. No files were found to uninstall.
Successfully installed Click-8.0.4+computecanada GitPython-3.1.24+computecanada PyYAML-5.3.1+computecanada configparser-5.0.2+computecanada docker-pycreds-0.4.0+computecanada gitdb-4.0.9+computecanada pathtools-0.1.2+computecanada promise-2.3+computecanada protobuf-3.19.4+computecanada psutil-5.7.3+computecanada sentry-sdk-1.5.0+computecanada shortuuid-1.0.1+computecanada six-1.16.0+computecanada smmap-5.0.0+computecanada subprocess32-3.5.4+computecanada termcolor-1.1.0+computecanada typing-extensions-4.0.1+computecanada wandb-0.12.5+computecanada yaspin-2.1.0+computecanada
Looking in links: /cvmfs/soft.computecanada.ca/custom/python/wheelhouse/nix/avx2, /cvmfs/soft.computecanada.ca/custom/python/wheelhouse/nix/generic, /cvmfs/soft.computecanada.ca/custom/python/wheelhouse/generic
ERROR: Could not find a version that satisfies the requirement sagemaker (from versions: none)
ERROR: No matching distribution found for sagemaker
Looking in links: /cvmfs/soft.computecanada.ca/custom/python/wheelhouse/nix/avx2, /cvmfs/soft.computecanada.ca/custom/python/wheelhouse/nix/generic, /cvmfs/soft.computecanada.ca/custom/python/wheelhouse/generic
Processing /cvmfs/soft.computecanada.ca/custom/python/wheelhouse/generic/torch-1.9.1+computecanada-cp37-cp37m-linux_x86_64.whl
Requirement already satisfied: typing-extensions in /localscratch/yinan.29019236.0/env/lib/python3.7/site-packages (from torch) (4.0.1+computecanada)
Installing collected packages: torch
Successfully installed torch-1.9.1+computecanada
Looking in links: /cvmfs/soft.computecanada.ca/custom/python/wheelhouse/nix/avx2, /cvmfs/soft.computecanada.ca/custom/python/wheelhouse/nix/generic, /cvmfs/soft.computecanada.ca/custom/python/wheelhouse/generic
Processing /cvmfs/soft.computecanada.ca/custom/python/wheelhouse/generic/transformers-2.5.1+computecanada-py3-none-any.whl
Requirement already satisfied: requests in /cvmfs/soft.computecanada.ca/easybuild/software/2017/Core/scipy-stack/2019a/lib/python3.7/site-packages (from transformers==2.5.1+computecanada) (2.21.0)
Processing /cvmfs/soft.computecanada.ca/custom/python/wheelhouse/generic/filelock-3.4.2+computecanada-py3-none-any.whl
Requirement already satisfied: numpy in /cvmfs/soft.computecanada.ca/easybuild/software/2017/Core/scipy-stack/2019a/lib/python3.7/site-packages (from transformers==2.5.1+computecanada) (1.16.0)
Processing /cvmfs/soft.computecanada.ca/custom/python/wheelhouse/generic/regex-2020.11.13+computecanada-cp37-cp37m-linux_x86_64.whl
Processing /cvmfs/soft.computecanada.ca/custom/python/wheelhouse/generic/tqdm-4.63.0+computecanada-py2.py3-none-any.whl
Processing /cvmfs/soft.computecanada.ca/custom/python/wheelhouse/generic/sacremoses-0.0.46+computecanada-py3-none-any.whl
Processing /cvmfs/soft.computecanada.ca/custom/python/wheelhouse/generic/tokenizers-0.5.2+computecanada-cp37-cp37m-linux_x86_64.whl
Processing /cvmfs/soft.computecanada.ca/custom/python/wheelhouse/generic/boto3-1.21.14+computecanada-py3-none-any.whl
Processing /cvmfs/soft.computecanada.ca/custom/python/wheelhouse/generic/sentencepiece-0.1.91+computecanada-cp37-cp37m-linux_x86_64.whl
Processing /cvmfs/soft.computecanada.ca/custom/python/wheelhouse/generic/jmespath-0.10.0+computecanada-py2.py3-none-any.whl
Processing /cvmfs/soft.computecanada.ca/custom/python/wheelhouse/generic/s3transfer-0.5.1+computecanada-py3-none-any.whl
Processing /cvmfs/soft.computecanada.ca/custom/python/wheelhouse/generic/botocore-1.24.14+computecanada-py3-none-any.whl
Processing /cvmfs/soft.computecanada.ca/custom/python/wheelhouse/generic/urllib3-1.26.8+computecanada-py2.py3-none-any.whl
Requirement already satisfied: python-dateutil<3.0.0,>=2.1 in /cvmfs/soft.computecanada.ca/easybuild/software/2017/Core/scipy-stack/2019a/lib/python3.7/site-packages (from botocore<1.25.0,>=1.24.14->boto3->transformers==2.5.1+computecanada) (2.7.5)
Requirement already satisfied: six>=1.5 in /localscratch/yinan.29019236.0/env/lib/python3.7/site-packages (from python-dateutil<3.0.0,>=2.1->botocore<1.25.0,>=1.24.14->boto3->transformers==2.5.1+computecanada) (1.16.0+computecanada)
Requirement already satisfied: idna<2.9,>=2.5 in /cvmfs/soft.computecanada.ca/easybuild/software/2017/Core/scipy-stack/2019a/lib/python3.7/site-packages (from requests->transformers==2.5.1+computecanada) (2.8)
Processing /cvmfs/soft.computecanada.ca/custom/python/wheelhouse/generic/requests-2.27.1+computecanada-py2.py3-none-any.whl
Processing /cvmfs/soft.computecanada.ca/custom/python/wheelhouse/generic/charset_normalizer-2.0.12+computecanada-py3-none-any.whl
Requirement already satisfied: certifi>=2017.4.17 in /cvmfs/soft.computecanada.ca/easybuild/software/2017/Core/scipy-stack/2019a/lib/python3.7/site-packages (from requests->transformers==2.5.1+computecanada) (2018.11.29)
Processing /cvmfs/soft.computecanada.ca/custom/python/wheelhouse/generic/joblib-1.1.0+computecanada-py2.py3-none-any.whl
Requirement already satisfied: click in /localscratch/yinan.29019236.0/env/lib/python3.7/site-packages (from sacremoses->transformers==2.5.1+computecanada) (8.0.4+computecanada)
Requirement already satisfied: importlib-metadata in /cvmfs/soft.computecanada.ca/easybuild/software/2017/Core/scipy-stack/2019a/lib/python3.7/site-packages (from click->sacremoses->transformers==2.5.1+computecanada) (0.8)
Requirement already satisfied: zipp>=0.3.2 in /cvmfs/soft.computecanada.ca/easybuild/software/2017/Core/scipy-stack/2019a/lib/python3.7/site-packages (from importlib-metadata->click->sacremoses->transformers==2.5.1+computecanada) (0.3.3)
Installing collected packages: urllib3, jmespath, botocore, tqdm, s3transfer, regex, joblib, charset-normalizer, tokenizers, sentencepiece, sacremoses, requests, filelock, boto3, transformers
  Attempting uninstall: urllib3
    Found existing installation: urllib3 1.24.1
    Not uninstalling urllib3 at /cvmfs/soft.computecanada.ca/easybuild/software/2017/Core/scipy-stack/2019a/lib/python3.7/site-packages, outside environment /localscratch/yinan.29019236.0/env
    Can't uninstall 'urllib3'. No files were found to uninstall.
  Attempting uninstall: requests
    Found existing installation: requests 2.21.0
    Not uninstalling requests at /cvmfs/soft.computecanada.ca/easybuild/software/2017/Core/scipy-stack/2019a/lib/python3.7/site-packages, outside environment /localscratch/yinan.29019236.0/env
    Can't uninstall 'requests'. No files were found to uninstall.
Successfully installed boto3-1.21.14+computecanada botocore-1.24.14+computecanada charset-normalizer-2.0.12+computecanada filelock-3.4.2+computecanada jmespath-0.10.0+computecanada joblib-1.1.0+computecanada regex-2020.11.13+computecanada requests-2.27.1+computecanada s3transfer-0.5.1+computecanada sacremoses-0.0.46+computecanada sentencepiece-0.1.91+computecanada tokenizers-0.5.2+computecanada tqdm-4.63.0+computecanada transformers-2.5.1+computecanada urllib3-1.26.8+computecanada
Looking in links: /cvmfs/soft.computecanada.ca/custom/python/wheelhouse/nix/avx2, /cvmfs/soft.computecanada.ca/custom/python/wheelhouse/nix/generic, /cvmfs/soft.computecanada.ca/custom/python/wheelhouse/generic
Processing /cvmfs/soft.computecanada.ca/custom/python/wheelhouse/generic/tensorflow_gpu-2.3.0+computecanada-cp37-cp37m-linux_x86_64.whl
Requirement already satisfied: numpy<1.19.0,>=1.16.0 in /cvmfs/soft.computecanada.ca/easybuild/software/2017/Core/scipy-stack/2019a/lib/python3.7/site-packages (from tensorflow_gpu==2.3.0+computecanada) (1.16.0)
Requirement already satisfied: termcolor>=1.1.0 in /localscratch/yinan.29019236.0/env/lib/python3.7/site-packages (from tensorflow_gpu==2.3.0+computecanada) (1.1.0+computecanada)
Processing /cvmfs/soft.computecanada.ca/custom/python/wheelhouse/generic/Keras_Preprocessing-1.1.2+computecanada-py3-none-any.whl
Processing /cvmfs/soft.computecanada.ca/custom/python/wheelhouse/generic/wrapt-1.11.2+computecanada-cp37-cp37m-linux_x86_64.whl
Processing /cvmfs/soft.computecanada.ca/custom/python/wheelhouse/nix/generic/scipy-1.4.1+computecanada-cp37-cp37m-linux_x86_64.whl
Requirement already satisfied: protobuf>=3.9.2 in /localscratch/yinan.29019236.0/env/lib/python3.7/site-packages (from tensorflow_gpu==2.3.0+computecanada) (3.19.4+computecanada)
Processing /cvmfs/soft.computecanada.ca/custom/python/wheelhouse/nix/avx2/h5py-2.10.0+computecanada-cp37-cp37m-linux_x86_64.whl
Processing /cvmfs/soft.computecanada.ca/custom/python/wheelhouse/generic/opt_einsum-3.3.0+computecanada-py3-none-any.whl
Requirement already satisfied: wheel>=0.26 in /localscratch/yinan.29019236.0/env/lib/python3.7/site-packages (from tensorflow_gpu==2.3.0+computecanada) (0.33.4)
Requirement already satisfied: six>=1.12.0 in /localscratch/yinan.29019236.0/env/lib/python3.7/site-packages (from tensorflow_gpu==2.3.0+computecanada) (1.16.0+computecanada)
Processing /cvmfs/soft.computecanada.ca/custom/python/wheelhouse/generic/google_pasta-0.2.0+computecanada-py3-none-any.whl
Processing /cvmfs/soft.computecanada.ca/custom/python/wheelhouse/generic/absl_py-1.0.0+computecanada-py3-none-any.whl
Processing /cvmfs/soft.computecanada.ca/custom/python/wheelhouse/generic/gast-0.3.3+computecanada-py3-none-any.whl
Processing /cvmfs/soft.computecanada.ca/custom/python/wheelhouse/generic/tensorboard-2.8.0+computecanada-py3-none-any.whl
Processing /cvmfs/soft.computecanada.ca/custom/python/wheelhouse/generic/grpcio-1.38.0+computecanada-cp37-cp37m-linux_x86_64.whl
Processing /cvmfs/soft.computecanada.ca/custom/python/wheelhouse/generic/astunparse-1.6.3+computecanada-py2.py3-none-any.whl
Processing /cvmfs/soft.computecanada.ca/custom/python/wheelhouse/generic/tensorflow_estimator-2.3.0+computecanada-py2.py3-none-any.whl
Processing /cvmfs/soft.computecanada.ca/custom/python/wheelhouse/generic/google_auth-2.3.3+computecanada-py2.py3-none-any.whl
Requirement already satisfied: setuptools>=41.0.0 in /localscratch/yinan.29019236.0/env/lib/python3.7/site-packages (from tensorboard<3,>=2.3.0->tensorflow_gpu==2.3.0+computecanada) (41.0.1)
Processing /cvmfs/soft.computecanada.ca/custom/python/wheelhouse/generic/Markdown-3.3.6+computecanada-py3-none-any.whl
Processing /cvmfs/soft.computecanada.ca/custom/python/wheelhouse/generic/tensorboard_data_server-0.6.1+computecanada-py3-none-linux_x86_64.whl
Processing /cvmfs/soft.computecanada.ca/custom/python/wheelhouse/generic/tensorboard_plugin_wit-1.8.0+computecanada-py3-none-any.whl
Processing /cvmfs/soft.computecanada.ca/custom/python/wheelhouse/generic/Werkzeug-2.0.3+computecanada-py3-none-any.whl
Requirement already satisfied: requests<3,>=2.21.0 in /localscratch/yinan.29019236.0/env/lib/python3.7/site-packages (from tensorboard<3,>=2.3.0->tensorflow_gpu==2.3.0+computecanada) (2.27.1+computecanada)
Processing /cvmfs/soft.computecanada.ca/custom/python/wheelhouse/generic/google_auth_oauthlib-0.4.6+computecanada-py2.py3-none-any.whl
Processing /cvmfs/soft.computecanada.ca/custom/python/wheelhouse/generic/cachetools-4.2.4+computecanada-py3-none-any.whl
Processing /cvmfs/soft.computecanada.ca/custom/python/wheelhouse/generic/pyasn1_modules-0.2.8+computecanada-py2.py3-none-any.whl
Processing /cvmfs/soft.computecanada.ca/custom/python/wheelhouse/generic/rsa-4.8+computecanada-py3-none-any.whl
Processing /cvmfs/soft.computecanada.ca/custom/python/wheelhouse/generic/requests_oauthlib-1.3.0+computecanada-py2.py3-none-any.whl
Processing /cvmfs/soft.computecanada.ca/custom/python/wheelhouse/generic/importlib_metadata-4.10.1+computecanada-py3-none-any.whl
Processing /cvmfs/soft.computecanada.ca/custom/python/wheelhouse/generic/zipp-3.7.0+computecanada-py3-none-any.whl
Requirement already satisfied: typing-extensions>=3.6.4 in /localscratch/yinan.29019236.0/env/lib/python3.7/site-packages (from importlib-metadata>=4.4->markdown>=2.6.8->tensorboard<3,>=2.3.0->tensorflow_gpu==2.3.0+computecanada) (4.0.1+computecanada)
Processing /cvmfs/soft.computecanada.ca/custom/python/wheelhouse/generic/pyasn1-0.4.8+computecanada-py2.py3-none-any.whl
Requirement already satisfied: urllib3<1.27,>=1.21.1 in /localscratch/yinan.29019236.0/env/lib/python3.7/site-packages (from requests<3,>=2.21.0->tensorboard<3,>=2.3.0->tensorflow_gpu==2.3.0+computecanada) (1.26.8+computecanada)
Requirement already satisfied: charset-normalizer~=2.0.0 in /localscratch/yinan.29019236.0/env/lib/python3.7/site-packages (from requests<3,>=2.21.0->tensorboard<3,>=2.3.0->tensorflow_gpu==2.3.0+computecanada) (2.0.12+computecanada)
Requirement already satisfied: certifi>=2017.4.17 in /cvmfs/soft.computecanada.ca/easybuild/software/2017/Core/scipy-stack/2019a/lib/python3.7/site-packages (from requests<3,>=2.21.0->tensorboard<3,>=2.3.0->tensorflow_gpu==2.3.0+computecanada) (2018.11.29)
Requirement already satisfied: idna<4,>=2.5 in /cvmfs/soft.computecanada.ca/easybuild/software/2017/Core/scipy-stack/2019a/lib/python3.7/site-packages (from requests<3,>=2.21.0->tensorboard<3,>=2.3.0->tensorflow_gpu==2.3.0+computecanada) (2.8)
Processing /cvmfs/soft.computecanada.ca/custom/python/wheelhouse/generic/oauthlib-3.1.1+computecanada-py2.py3-none-any.whl
Installing collected packages: pyasn1, zipp, rsa, pyasn1-modules, oauthlib, cachetools, requests-oauthlib, importlib-metadata, google-auth, werkzeug, tensorboard-plugin-wit, tensorboard-data-server, markdown, grpcio, google-auth-oauthlib, absl-py, wrapt, tensorflow-estimator, tensorboard, scipy, opt-einsum, keras-preprocessing, h5py, google-pasta, gast, astunparse, tensorflow-gpu
  Attempting uninstall: pyasn1
    Found existing installation: pyasn1 0.4.3
    Not uninstalling pyasn1 at /cvmfs/soft.computecanada.ca/easybuild/software/2017/Core/scipy-stack/2019a/lib/python3.7/site-packages, outside environment /localscratch/yinan.29019236.0/env
    Can't uninstall 'pyasn1'. No files were found to uninstall.
  Attempting uninstall: zipp
    Found existing installation: zipp 0.3.3
    Not uninstalling zipp at /cvmfs/soft.computecanada.ca/easybuild/software/2017/Core/scipy-stack/2019a/lib/python3.7/site-packages, outside environment /localscratch/yinan.29019236.0/env
    Can't uninstall 'zipp'. No files were found to uninstall.
  Attempting uninstall: importlib-metadata
    Found existing installation: importlib-metadata 0.8
    Not uninstalling importlib-metadata at /cvmfs/soft.computecanada.ca/easybuild/software/2017/Core/scipy-stack/2019a/lib/python3.7/site-packages, outside environment /localscratch/yinan.29019236.0/env
    Can't uninstall 'importlib-metadata'. No files were found to uninstall.
  Attempting uninstall: scipy
    Found existing installation: scipy 1.2.0
    Not uninstalling scipy at /cvmfs/soft.computecanada.ca/easybuild/software/2017/Core/scipy-stack/2019a/lib/python3.7/site-packages, outside environment /localscratch/yinan.29019236.0/env
    Can't uninstall 'scipy'. No files were found to uninstall.
Successfully installed absl-py-1.0.0+computecanada astunparse-1.6.3+computecanada cachetools-4.2.4+computecanada gast-0.3.3+computecanada google-auth-2.3.3+computecanada google-auth-oauthlib-0.4.6+computecanada google-pasta-0.2.0+computecanada grpcio-1.38.0+computecanada h5py-2.10.0+computecanada importlib-metadata-4.10.1+computecanada keras-preprocessing-1.1.2+computecanada markdown-3.3.6+computecanada oauthlib-3.1.1+computecanada opt-einsum-3.3.0+computecanada pyasn1-0.4.8+computecanada pyasn1-modules-0.2.8+computecanada requests-oauthlib-1.3.0+computecanada rsa-4.8+computecanada scipy-1.4.1+computecanada tensorboard-2.8.0+computecanada tensorboard-data-server-0.6.1+computecanada tensorboard-plugin-wit-1.8.0+computecanada tensorflow-estimator-2.3.0+computecanada tensorflow-gpu-2.3.0+computecanada werkzeug-2.0.3+computecanada wrapt-1.11.2+computecanada zipp-3.7.0+computecanada
Looking in links: /cvmfs/soft.computecanada.ca/custom/python/wheelhouse/nix/avx2, /cvmfs/soft.computecanada.ca/custom/python/wheelhouse/nix/generic, /cvmfs/soft.computecanada.ca/custom/python/wheelhouse/generic
Processing /cvmfs/soft.computecanada.ca/custom/python/wheelhouse/generic/keras-2.8.0+computecanada-py2.py3-none-any.whl
Installing collected packages: Keras
Successfully installed Keras-2.8.0+computecanada
Looking in links: /cvmfs/soft.computecanada.ca/custom/python/wheelhouse/nix/avx2, /cvmfs/soft.computecanada.ca/custom/python/wheelhouse/nix/generic, /cvmfs/soft.computecanada.ca/custom/python/wheelhouse/generic
Processing /cvmfs/soft.computecanada.ca/custom/python/wheelhouse/generic/urllib3-1.26.7+computecanada-py2.py3-none-any.whl
Installing collected packages: urllib3
  Attempting uninstall: urllib3
    Found existing installation: urllib3 1.26.8+computecanada
    Uninstalling urllib3-1.26.8+computecanada:
      Successfully uninstalled urllib3-1.26.8+computecanada
Successfully installed urllib3-1.26.7+computecanada
Looking in links: /cvmfs/soft.computecanada.ca/custom/python/wheelhouse/nix/avx2, /cvmfs/soft.computecanada.ca/custom/python/wheelhouse/nix/generic, /cvmfs/soft.computecanada.ca/custom/python/wheelhouse/generic
Processing /cvmfs/soft.computecanada.ca/custom/python/wheelhouse/generic/nltk-3.7+computecanada-py3-none-any.whl
Requirement already satisfied: click in /localscratch/yinan.29019236.0/env/lib/python3.7/site-packages (from nltk) (8.0.4+computecanada)
Requirement already satisfied: tqdm in /localscratch/yinan.29019236.0/env/lib/python3.7/site-packages (from nltk) (4.63.0+computecanada)
Processing /cvmfs/soft.computecanada.ca/custom/python/wheelhouse/generic/nltk-3.6.5+computecanada-py3-none-any.whl
Processing /cvmfs/soft.computecanada.ca/custom/python/wheelhouse/generic/nltk-3.6.3+computecanada-py3-none-any.whl
Requirement already satisfied: regex in /localscratch/yinan.29019236.0/env/lib/python3.7/site-packages (from nltk) (2020.11.13+computecanada)
Requirement already satisfied: joblib in /localscratch/yinan.29019236.0/env/lib/python3.7/site-packages (from nltk) (1.1.0+computecanada)
Requirement already satisfied: importlib-metadata in /localscratch/yinan.29019236.0/env/lib/python3.7/site-packages (from click->nltk) (4.10.1+computecanada)
Requirement already satisfied: zipp>=0.5 in /localscratch/yinan.29019236.0/env/lib/python3.7/site-packages (from importlib-metadata->click->nltk) (3.7.0+computecanada)
Requirement already satisfied: typing-extensions>=3.6.4 in /localscratch/yinan.29019236.0/env/lib/python3.7/site-packages (from importlib-metadata->click->nltk) (4.0.1+computecanada)
Installing collected packages: nltk
Successfully installed nltk-3.6.3+computecanada
Looking in links: /cvmfs/soft.computecanada.ca/custom/python/wheelhouse/nix/avx2, /cvmfs/soft.computecanada.ca/custom/python/wheelhouse/nix/generic, /cvmfs/soft.computecanada.ca/custom/python/wheelhouse/generic
Processing /cvmfs/soft.computecanada.ca/custom/python/wheelhouse/generic/scikit_learn-0.22.1+computecanada-cp37-cp37m-linux_x86_64.whl
Requirement already satisfied: scipy>=0.17.0 in /localscratch/yinan.29019236.0/env/lib/python3.7/site-packages (from scikit-learn==0.22.1) (1.4.1+computecanada)
Requirement already satisfied: numpy>=1.11.0 in /cvmfs/soft.computecanada.ca/easybuild/software/2017/Core/scipy-stack/2019a/lib/python3.7/site-packages (from scikit-learn==0.22.1) (1.16.0)
Requirement already satisfied: joblib>=0.11 in /localscratch/yinan.29019236.0/env/lib/python3.7/site-packages (from scikit-learn==0.22.1) (1.1.0+computecanada)
Installing collected packages: scikit-learn
Successfully installed scikit-learn-0.22.1+computecanada
Looking in links: /cvmfs/soft.computecanada.ca/custom/python/wheelhouse/nix/avx2, /cvmfs/soft.computecanada.ca/custom/python/wheelhouse/nix/generic, /cvmfs/soft.computecanada.ca/custom/python/wheelhouse/generic
Requirement already satisfied: tokenizers==0.5.2 in /localscratch/yinan.29019236.0/env/lib/python3.7/site-packages (0.5.2+computecanada)
wandb: Appending key for api.wandb.ai to your netrc file: /home/yinan/.netrc
Starting Task
2022-03-16 08:05:07.817292: I tensorflow/stream_executor/platform/default/dso_loader.cc:48] Successfully opened dynamic library libcudart.so.10.1
[nltk_data] Downloading package stopwords to /home/yinan/nltk_data...
[nltk_data]   Package stopwords is already up-to-date!
[nltk_data] Downloading package wordnet to /home/yinan/nltk_data...
[nltk_data]   Package wordnet is already up-to-date!
wandb: Currently logged in as: yinanazhou (use `wandb login --relogin` to force relogin)
wandb: wandb version 0.12.11 is available!  To upgrade, please run:
wandb:  $ pip install wandb --upgrade
2022-03-16 08:05:18.983268: I tensorflow/stream_executor/platform/default/dso_loader.cc:48] Successfully opened dynamic library libcudart.so.10.1
wandb: Tracking run with wandb version 0.12.5
wandb: Syncing run cool-cosmos-3
wandb: â­ï¸ View project at https://wandb.ai/yinanazhou/xl_512_bs_8_lr_1e06_es_15_lc_True_nr_False_sr_False_stem_False_lemma_False_repeat_1_fold_1
wandb: ðŸš€ View run at https://wandb.ai/yinanazhou/xl_512_bs_8_lr_1e06_es_15_lc_True_nr_False_sr_False_stem_False_lemma_False_repeat_1_fold_1/runs/h8twu7qi
wandb: Run data is saved locally in /project/6002780/yinan/Thesis_MER_Lyrics/lyric-emotion/wandb/run-20220316_080516-h8twu7qi
wandb: Run `wandb offline` to turn off syncing.

Validation loss decreased (inf --> 1.433313).  Saving model ...
Validation loss decreased (1.433313 --> 1.413823).  Saving model ...
Validation loss decreased (1.413823 --> 1.397634).  Saving model ...
Validation loss decreased (1.397634 --> 1.384729).  Saving model ...
Validation loss decreased (1.384729 --> 1.374505).  Saving model ...
Validation loss decreased (1.374505 --> 1.365789).  Saving model ...
Validation loss decreased (1.365789 --> 1.358431).  Saving model ...
Validation loss decreased (1.358431 --> 1.352422).  Saving model ...
Validation loss decreased (1.352422 --> 1.347176).  Saving model ...
Validation loss decreased (1.347176 --> 1.341239).  Saving model ...
Validation loss decreased (1.341239 --> 1.335240).  Saving model ...
Validation loss decreased (1.335240 --> 1.329805).  Saving model ...
Validation loss decreased (1.329805 --> 1.324280).  Saving model ...
Validation loss decreased (1.324280 --> 1.319049).  Saving model ...
Validation loss decreased (1.319049 --> 1.314033).  Saving model ...
Validation loss decreased (1.314033 --> 1.308356).  Saving model ...
Validation loss decreased (1.308356 --> 1.302842).  Saving model ...
Validation loss decreased (1.302842 --> 1.296422).  Saving model ...
Validation loss decreased (1.296422 --> 1.289807).  Saving model ...
Validation loss decreased (1.289807 --> 1.282416).  Saving model ...
Validation loss decreased (1.282416 --> 1.275527).  Saving model ...
Validation loss decreased (1.275527 --> 1.268434).  Saving model ...
Validation loss decreased (1.268434 --> 1.262217).  Saving model ...
Validation loss decreased (1.262217 --> 1.255003).  Saving model ...
Validation loss decreased (1.255003 --> 1.246530).  Saving model ...
Validation loss decreased (1.246530 --> 1.239448).  Saving model ...
Validation loss decreased (1.239448 --> 1.233109).  Saving model ...
Validation loss decreased (1.233109 --> 1.226549).  Saving model ...
Validation loss decreased (1.226549 --> 1.220859).  Saving model ...
Validation loss decreased (1.220859 --> 1.215898).  Saving model ...
Validation loss decreased (1.215898 --> 1.207550).  Saving model ...
Validation loss decreased (1.207550 --> 1.203158).  Saving model ...
Validation loss decreased (1.203158 --> 1.199874).  Saving model ...
Validation loss decreased (1.199874 --> 1.194043).  Saving model ...
Validation loss decreased (1.194043 --> 1.186784).  Saving model ...
Validation loss decreased (1.186784 --> 1.182782).  Saving model ...
Validation loss decreased (1.182782 --> 1.174996).  Saving model ...
Validation loss decreased (1.174996 --> 1.170641).  Saving model ...
Validation loss decreased (1.170641 --> 1.168795).  Saving model ...
Validation loss decreased (1.168795 --> 1.166190).  Saving model ...
Validation loss decreased (1.166190 --> 1.161606).  Saving model ...
Validation loss decreased (1.161606 --> 1.154363).  Saving model ...
Validation loss decreased (1.154363 --> 1.150958).  Saving model ...
Validation loss decreased (1.150958 --> 1.147520).  Saving model ...
Validation loss decreased (1.147520 --> 1.144593).  Saving model ...
Validation loss decreased (1.144593 --> 1.139181).  Saving model ...
Validation loss decreased (1.139181 --> 1.135060).  Saving model ...
Validation loss decreased (1.135060 --> 1.131736).  Saving model ...
Validation loss decreased (1.131736 --> 1.125831).  Saving model ...
Validation loss decreased (1.125831 --> 1.122838).  Saving model ...
Validation loss decreased (1.122838 --> 1.116849).  Saving model ...
Validation loss decreased (1.116849 --> 1.114160).  Saving model ...
Validation loss decreased (1.114160 --> 1.112123).  Saving model ...
Validation loss decreased (1.112123 --> 1.107845).  Saving model ...
EarlyStopping counter: 1 out of 15.0
Validation loss decreased (1.107845 --> 1.104358).  Saving model ...
Validation loss decreased (1.104358 --> 1.099308).  Saving model ...
Validation loss decreased (1.099308 --> 1.093686).  Saving model ...
Validation loss decreased (1.093686 --> 1.088410).  Saving model ...
EarlyStopping counter: 1 out of 15.0
EarlyStopping counter: 2 out of 15.0
Validation loss decreased (1.088410 --> 1.084482).  Saving model ...
Validation loss decreased (1.084482 --> 1.080187).  Saving model ...
Validation loss decreased (1.080187 --> 1.076264).  Saving model ...
Validation loss decreased (1.076264 --> 1.075939).  Saving model ...
Validation loss decreased (1.075939 --> 1.072168).  Saving model ...
Validation loss decreased (1.072168 --> 1.070593).  Saving model ...
Validation loss decreased (1.070593 --> 1.066321).  Saving model ...
Validation loss decreased (1.066321 --> 1.061729).  Saving model ...
Validation loss decreased (1.061729 --> 1.058850).  Saving model ...
Validation loss decreased (1.058850 --> 1.056024).  Saving model ...
Validation loss decreased (1.056024 --> 1.053853).  Saving model ...
Validation loss decreased (1.053853 --> 1.053145).  Saving model ...
Validation loss decreased (1.053145 --> 1.049757).  Saving model ...
Validation loss decreased (1.049757 --> 1.047381).  Saving model ...
Validation loss decreased (1.047381 --> 1.045632).  Saving model ...
Validation loss decreased (1.045632 --> 1.043149).  Saving model ...
Validation loss decreased (1.043149 --> 1.040299).  Saving model ...
Validation loss decreased (1.040299 --> 1.038331).  Saving model ...
Validation loss decreased (1.038331 --> 1.035407).  Saving model ...
EarlyStopping counter: 1 out of 15.0
EarlyStopping counter: 2 out of 15.0
EarlyStopping counter: 3 out of 15.0
Validation loss decreased (1.035407 --> 1.032995).  Saving model ...
Validation loss decreased (1.032995 --> 1.028982).  Saving model ...
Validation loss decreased (1.028982 --> 1.025926).  Saving model ...
Validation loss decreased (1.025926 --> 1.022435).  Saving model ...
EarlyStopping counter: 1 out of 15.0
Validation loss decreased (1.022435 --> 1.022078).  Saving model ...
Validation loss decreased (1.022078 --> 1.020968).  Saving model ...
Validation loss decreased (1.020968 --> 1.016995).  Saving model ...
Validation loss decreased (1.016995 --> 1.012141).  Saving model ...
EarlyStopping counter: 1 out of 15.0
EarlyStopping counter: 2 out of 15.0
EarlyStopping counter: 3 out of 15.0
Validation loss decreased (1.012141 --> 1.011276).  Saving model ...
Validation loss decreased (1.011276 --> 1.010986).  Saving model ...
Validation loss decreased (1.010986 --> 1.007363).  Saving model ...
EarlyStopping counter: 1 out of 15.0
Validation loss decreased (1.007363 --> 1.006843).  Saving model ...
Validation loss decreased (1.006843 --> 1.004297).  Saving model ...
EarlyStopping counter: 1 out of 15.0
EarlyStopping counter: 2 out of 15.0
EarlyStopping counter: 3 out of 15.0
Validation loss decreased (1.004297 --> 1.002877).  Saving model ...
Validation loss decreased (1.002877 --> 0.999693).  Saving model ...
EarlyStopping counter: 1 out of 15.0
EarlyStopping counter: 2 out of 15.0
Validation loss decreased (0.999693 --> 0.996690).  Saving model ...
Validation loss decreased (0.996690 --> 0.993643).  Saving model ...
Validation loss decreased (0.993643 --> 0.993407).  Saving model ...
EarlyStopping counter: 1 out of 15.0
EarlyStopping counter: 2 out of 15.0
EarlyStopping counter: 3 out of 15.0
EarlyStopping counter: 4 out of 15.0
EarlyStopping counter: 5 out of 15.0
Validation loss decreased (0.993407 --> 0.991873).  Saving model ...
Validation loss decreased (0.991873 --> 0.990309).  Saving model ...
EarlyStopping counter: 1 out of 15.0
Validation loss decreased (0.990309 --> 0.987329).  Saving model ...
Validation loss decreased (0.987329 --> 0.986497).  Saving model ...
Validation loss decreased (0.986497 --> 0.985257).  Saving model ...
Validation loss decreased (0.985257 --> 0.983788).  Saving model ...
EarlyStopping counter: 1 out of 15.0
Validation loss decreased (0.983788 --> 0.983497).  Saving model ...
EarlyStopping counter: 1 out of 15.0
EarlyStopping counter: 2 out of 15.0
EarlyStopping counter: 3 out of 15.0
EarlyStopping counter: 4 out of 15.0
EarlyStopping counter: 5 out of 15.0
EarlyStopping counter: 6 out of 15.0
EarlyStopping counter: 7 out of 15.0
Validation loss decreased (0.983497 --> 0.983458).  Saving model ...
Validation loss decreased (0.983458 --> 0.981103).  Saving model ...
EarlyStopping counter: 1 out of 15.0
EarlyStopping counter: 2 out of 15.0
EarlyStopping counter: 3 out of 15.0
EarlyStopping counter: 4 out of 15.0
EarlyStopping counter: 5 out of 15.0
EarlyStopping counter: 6 out of 15.0
EarlyStopping counter: 7 out of 15.0
EarlyStopping counter: 8 out of 15.0
EarlyStopping counter: 9 out of 15.0
EarlyStopping counter: 10 out of 15.0
EarlyStopping counter: 11 out of 15.0
EarlyStopping counter: 12 out of 15.0
EarlyStopping counter: 13 out of 15.0
EarlyStopping counter: 14 out of 15.0
EarlyStopping counter: 15 out of 15.0
/localscratch/yinan.29019236.0/env/lib/python3.7/site-packages/torch/nn/functional.py:1794: UserWarning: nn.functional.tanh is deprecated. Use torch.tanh instead.
  warnings.warn("nn.functional.tanh is deprecated. Use torch.tanh instead.")
/localscratch/yinan.29019236.0/env/lib/python3.7/site-packages/transformers/optimization.py:155: UserWarning: This overload of add_ is deprecated:
	add_(Number alpha, Tensor other)
Consider using one of the following signatures instead:
	add_(Tensor other, *, Number alpha) (Triggered internally at  ../torch/csrc/utils/python_arg_parser.cpp:1025.)
  exp_avg.mul_(beta1).add_(1.0 - beta1, grad)
wandb: Waiting for W&B process to finish, PID 56546... (success).
wandb: - 0.00MB of 0.00MB uploaded (0.00MB deduped)wandb: \ 0.00MB of 0.00MB uploaded (0.00MB deduped)wandb: | 0.00MB of 0.00MB uploaded (0.00MB deduped)wandb: / 0.00MB of 0.00MB uploaded (0.00MB deduped)wandb: - 0.00MB of 0.00MB uploaded (0.00MB deduped)wandb: \ 0.00MB of 0.00MB uploaded (0.00MB deduped)wandb: | 0.00MB of 0.00MB uploaded (0.00MB deduped)wandb: / 0.00MB of 0.00MB uploaded (0.00MB deduped)wandb: - 0.00MB of 0.00MB uploaded (0.00MB deduped)wandb: \ 0.00MB of 0.00MB uploaded (0.00MB deduped)wandb: | 0.00MB of 0.00MB uploaded (0.00MB deduped)wandb: / 0.00MB of 0.00MB uploaded (0.00MB deduped)wandb: - 0.00MB of 0.00MB uploaded (0.00MB deduped)wandb:                                                                                
wandb: Run history:
wandb:     e_F1 â–â–â–ƒâ–…â–…â–†â–†â–†â–†â–†â–†â–†â–‡â–‡â–‡â–‡â–‡â–‡â–‡â–‡â–‡â–‡â–‡â–‡â–ˆâ–‡â–ˆâ–ˆâ–ˆâ–ˆâ–ˆâ–ˆâ–ˆâ–ˆâ–ˆâ–ˆâ–ˆâ–ˆâ–ˆâ–ˆ
wandb:   e_loss â–ˆâ–ˆâ–‡â–‡â–†â–†â–…â–…â–…â–„â–„â–„â–„â–ƒâ–ƒâ–ƒâ–ƒâ–ƒâ–‚â–‚â–‚â–‚â–‚â–‚â–‚â–‚â–â–â–â–â–â–â–â–â–â–â–â–â–â–
wandb:     t_F1 â–â–â–‚â–ƒâ–ƒâ–„â–„â–„â–…â–…â–…â–…â–…â–†â–†â–†â–†â–†â–‡â–†â–‡â–†â–‡â–‡â–‡â–‡â–‡â–‡â–‡â–ˆâ–‡â–‡â–‡â–‡â–ˆâ–ˆâ–ˆâ–ˆâ–ˆâ–ˆ
wandb:   t_loss â–ˆâ–ˆâ–‡â–‡â–‡â–†â–†â–†â–†â–…â–…â–…â–…â–„â–„â–„â–„â–ƒâ–ƒâ–ƒâ–ƒâ–ƒâ–ƒâ–‚â–ƒâ–‚â–‚â–‚â–‚â–‚â–‚â–‚â–‚â–â–â–â–â–â–â–
wandb: 
wandb: Run summary:
wandb:     e_F1 59.45703
wandb:   e_loss 0.98492
wandb:     t_F1 72.34414
wandb:   t_loss 0.69167
wandb: 
wandb: Synced 4 W&B file(s), 0 media file(s), 0 artifact file(s) and 0 other file(s)
wandb: Synced cool-cosmos-3: https://wandb.ai/yinanazhou/xl_512_bs_8_lr_1e06_es_15_lc_True_nr_False_sr_False_stem_False_lemma_False_repeat_1_fold_1/runs/h8twu7qi
wandb: Find logs at: ./wandb/run-20220316_080516-h8twu7qi/logs/debug.log
wandb: 

wandb: wandb version 0.12.11 is available!  To upgrade, please run:
wandb:  $ pip install wandb --upgrade
2022-03-16 09:43:58.328198: I tensorflow/stream_executor/platform/default/dso_loader.cc:48] Successfully opened dynamic library libcudart.so.10.1
wandb: Tracking run with wandb version 0.12.5
wandb: Syncing run denim-pine-3
wandb: â­ï¸ View project at https://wandb.ai/yinanazhou/xl_512_bs_8_lr_1e06_es_15_lc_True_nr_False_sr_False_stem_False_lemma_False_repeat_1_fold_2
wandb: ðŸš€ View run at https://wandb.ai/yinanazhou/xl_512_bs_8_lr_1e06_es_15_lc_True_nr_False_sr_False_stem_False_lemma_False_repeat_1_fold_2/runs/1rr6alku
wandb: Run data is saved locally in /project/6002780/yinan/Thesis_MER_Lyrics/lyric-emotion/wandb/run-20220316_094355-1rr6alku
wandb: Run `wandb offline` to turn off syncing.

Validation loss decreased (inf --> 1.454066).  Saving model ...
Validation loss decreased (1.454066 --> 1.426250).  Saving model ...
Validation loss decreased (1.426250 --> 1.405130).  Saving model ...
Validation loss decreased (1.405130 --> 1.388877).  Saving model ...
Validation loss decreased (1.388877 --> 1.375773).  Saving model ...
Validation loss decreased (1.375773 --> 1.365242).  Saving model ...
Validation loss decreased (1.365242 --> 1.356559).  Saving model ...
Validation loss decreased (1.356559 --> 1.349405).  Saving model ...
Validation loss decreased (1.349405 --> 1.343290).  Saving model ...
Validation loss decreased (1.343290 --> 1.337734).  Saving model ...
Validation loss decreased (1.337734 --> 1.333085).  Saving model ...
Validation loss decreased (1.333085 --> 1.328789).  Saving model ...
Validation loss decreased (1.328789 --> 1.324741).  Saving model ...
Validation loss decreased (1.324741 --> 1.320352).  Saving model ...
Validation loss decreased (1.320352 --> 1.316237).  Saving model ...
Validation loss decreased (1.316237 --> 1.311370).  Saving model ...
Validation loss decreased (1.311370 --> 1.306278).  Saving model ...
Validation loss decreased (1.306278 --> 1.300977).  Saving model ...
Validation loss decreased (1.300977 --> 1.296320).  Saving model ...
Validation loss decreased (1.296320 --> 1.290989).  Saving model ...
Validation loss decreased (1.290989 --> 1.285163).  Saving model ...
Validation loss decreased (1.285163 --> 1.280184).  Saving model ...
Validation loss decreased (1.280184 --> 1.273448).  Saving model ...
Validation loss decreased (1.273448 --> 1.267827).  Saving model ...
Validation loss decreased (1.267827 --> 1.261701).  Saving model ...
Validation loss decreased (1.261701 --> 1.255301).  Saving model ...
Validation loss decreased (1.255301 --> 1.249224).  Saving model ...
Validation loss decreased (1.249224 --> 1.243646).  Saving model ...
Validation loss decreased (1.243646 --> 1.237316).  Saving model ...
Validation loss decreased (1.237316 --> 1.230559).  Saving model ...
Validation loss decreased (1.230559 --> 1.224193).  Saving model ...
Validation loss decreased (1.224193 --> 1.217599).  Saving model ...
Validation loss decreased (1.217599 --> 1.210047).  Saving model ...
Validation loss decreased (1.210047 --> 1.203887).  Saving model ...
Validation loss decreased (1.203887 --> 1.196645).  Saving model ...
Validation loss decreased (1.196645 --> 1.189120).  Saving model ...
Validation loss decreased (1.189120 --> 1.182454).  Saving model ...
Validation loss decreased (1.182454 --> 1.175543).  Saving model ...
Validation loss decreased (1.175543 --> 1.169646).  Saving model ...
Validation loss decreased (1.169646 --> 1.163821).  Saving model ...
Validation loss decreased (1.163821 --> 1.157922).  Saving model ...
Validation loss decreased (1.157922 --> 1.151702).  Saving model ...
Validation loss decreased (1.151702 --> 1.145271).  Saving model ...
Validation loss decreased (1.145271 --> 1.139886).  Saving model ...
Validation loss decreased (1.139886 --> 1.133058).  Saving model ...
Validation loss decreased (1.133058 --> 1.127426).  Saving model ...
Validation loss decreased (1.127426 --> 1.123513).  Saving model ...
Validation loss decreased (1.123513 --> 1.119194).  Saving model ...
Validation loss decreased (1.119194 --> 1.115139).  Saving model ...
Validation loss decreased (1.115139 --> 1.108513).  Saving model ...
Validation loss decreased (1.108513 --> 1.105244).  Saving model ...
Validation loss decreased (1.105244 --> 1.101069).  Saving model ...
Validation loss decreased (1.101069 --> 1.096515).  Saving model ...
Validation loss decreased (1.096515 --> 1.091713).  Saving model ...
Validation loss decreased (1.091713 --> 1.085358).  Saving model ...
Validation loss decreased (1.085358 --> 1.080101).  Saving model ...
Validation loss decreased (1.080101 --> 1.076433).  Saving model ...
Validation loss decreased (1.076433 --> 1.071110).  Saving model ...
Validation loss decreased (1.071110 --> 1.066093).  Saving model ...
Validation loss decreased (1.066093 --> 1.060517).  Saving model ...
Validation loss decreased (1.060517 --> 1.057426).  Saving model ...
Validation loss decreased (1.057426 --> 1.052338).  Saving model ...
Validation loss decreased (1.052338 --> 1.047264).  Saving model ...
Validation loss decreased (1.047264 --> 1.042489).  Saving model ...
Validation loss decreased (1.042489 --> 1.038421).  Saving model ...
Validation loss decreased (1.038421 --> 1.033649).  Saving model ...
Validation loss decreased (1.033649 --> 1.031225).  Saving model ...
Validation loss decreased (1.031225 --> 1.026854).  Saving model ...
Validation loss decreased (1.026854 --> 1.021378).  Saving model ...
Validation loss decreased (1.021378 --> 1.018580).  Saving model ...
Validation loss decreased (1.018580 --> 1.015639).  Saving model ...
Validation loss decreased (1.015639 --> 1.011372).  Saving model ...
Validation loss decreased (1.011372 --> 1.006698).  Saving model ...
Validation loss decreased (1.006698 --> 1.004368).  Saving model ...
Validation loss decreased (1.004368 --> 1.002112).  Saving model ...
Validation loss decreased (1.002112 --> 0.998994).  Saving model ...
Validation loss decreased (0.998994 --> 0.996104).  Saving model ...
Validation loss decreased (0.996104 --> 0.990675).  Saving model ...
Validation loss decreased (0.990675 --> 0.988395).  Saving model ...
Validation loss decreased (0.988395 --> 0.983937).  Saving model ...
Validation loss decreased (0.983937 --> 0.980910).  Saving model ...
Validation loss decreased (0.980910 --> 0.979119).  Saving model ...
Validation loss decreased (0.979119 --> 0.976556).  Saving model ...
Validation loss decreased (0.976556 --> 0.973344).  Saving model ...
Validation loss decreased (0.973344 --> 0.969656).  Saving model ...
Validation loss decreased (0.969656 --> 0.968903).  Saving model ...
Validation loss decreased (0.968903 --> 0.966592).  Saving model ...
Validation loss decreased (0.966592 --> 0.965030).  Saving model ...
Validation loss decreased (0.965030 --> 0.962308).  Saving model ...
Validation loss decreased (0.962308 --> 0.960534).  Saving model ...
Validation loss decreased (0.960534 --> 0.957336).  Saving model ...
Validation loss decreased (0.957336 --> 0.954258).  Saving model ...
Validation loss decreased (0.954258 --> 0.953779).  Saving model ...
Validation loss decreased (0.953779 --> 0.949998).  Saving model ...
Validation loss decreased (0.949998 --> 0.948420).  Saving model ...
Validation loss decreased (0.948420 --> 0.946746).  Saving model ...
Validation loss decreased (0.946746 --> 0.944608).  Saving model ...
Validation loss decreased (0.944608 --> 0.944019).  Saving model ...
Validation loss decreased (0.944019 --> 0.943003).  Saving model ...
Validation loss decreased (0.943003 --> 0.941558).  Saving model ...
Validation loss decreased (0.941558 --> 0.939495).  Saving model ...
EarlyStopping counter: 1 out of 15.0
Validation loss decreased (0.939495 --> 0.938987).  Saving model ...
Validation loss decreased (0.938987 --> 0.937987).  Saving model ...
Validation loss decreased (0.937987 --> 0.937205).  Saving model ...
Validation loss decreased (0.937205 --> 0.936134).  Saving model ...
Validation loss decreased (0.936134 --> 0.936010).  Saving model ...
EarlyStopping counter: 1 out of 15.0
Validation loss decreased (0.936010 --> 0.934702).  Saving model ...
Validation loss decreased (0.934702 --> 0.932858).  Saving model ...
Validation loss decreased (0.932858 --> 0.929327).  Saving model ...
Validation loss decreased (0.929327 --> 0.927395).  Saving model ...
EarlyStopping counter: 1 out of 15.0
EarlyStopping counter: 2 out of 15.0
EarlyStopping counter: 3 out of 15.0
EarlyStopping counter: 4 out of 15.0
Validation loss decreased (0.927395 --> 0.926561).  Saving model ...
EarlyStopping counter: 1 out of 15.0
EarlyStopping counter: 2 out of 15.0
EarlyStopping counter: 3 out of 15.0
EarlyStopping counter: 4 out of 15.0
EarlyStopping counter: 5 out of 15.0
EarlyStopping counter: 6 out of 15.0
EarlyStopping counter: 7 out of 15.0
Validation loss decreased (0.926561 --> 0.926211).  Saving model ...
EarlyStopping counter: 1 out of 15.0
Validation loss decreased (0.926211 --> 0.925815).  Saving model ...
EarlyStopping counter: 1 out of 15.0
EarlyStopping counter: 2 out of 15.0
EarlyStopping counter: 3 out of 15.0
EarlyStopping counter: 4 out of 15.0
Validation loss decreased (0.925815 --> 0.925245).  Saving model ...
EarlyStopping counter: 1 out of 15.0
EarlyStopping counter: 2 out of 15.0
EarlyStopping counter: 3 out of 15.0
EarlyStopping counter: 4 out of 15.0
EarlyStopping counter: 5 out of 15.0
EarlyStopping counter: 6 out of 15.0
EarlyStopping counter: 7 out of 15.0
EarlyStopping counter: 8 out of 15.0
EarlyStopping counter: 9 out of 15.0
EarlyStopping counter: 10 out of 15.0
EarlyStopping counter: 11 out of 15.0
EarlyStopping counter: 12 out of 15.0
EarlyStopping counter: 13 out of 15.0
EarlyStopping counter: 14 out of 15.0
EarlyStopping counter: 15 out of 15.0
/localscratch/yinan.29019236.0/env/lib/python3.7/site-packages/torch/nn/functional.py:1794: UserWarning: nn.functional.tanh is deprecated. Use torch.tanh instead.
  warnings.warn("nn.functional.tanh is deprecated. Use torch.tanh instead.")
wandb: Waiting for W&B process to finish, PID 61790... (success).
wandb: - 0.00MB of 0.00MB uploaded (0.00MB deduped)wandb: \ 0.00MB of 0.00MB uploaded (0.00MB deduped)wandb: | 0.00MB of 0.00MB uploaded (0.00MB deduped)wandb: / 0.00MB of 0.00MB uploaded (0.00MB deduped)wandb: - 0.00MB of 0.00MB uploaded (0.00MB deduped)wandb: \ 0.00MB of 0.00MB uploaded (0.00MB deduped)wandb: | 0.00MB of 0.00MB uploaded (0.00MB deduped)wandb: / 0.00MB of 0.00MB uploaded (0.00MB deduped)wandb: - 0.00MB of 0.00MB uploaded (0.00MB deduped)wandb: \ 0.00MB of 0.00MB uploaded (0.00MB deduped)wandb: | 0.00MB of 0.00MB uploaded (0.00MB deduped)wandb: / 0.00MB of 0.00MB uploaded (0.00MB deduped)wandb: - 0.00MB of 0.00MB uploaded (0.00MB deduped)wandb:                                                                                
wandb: Run history:
wandb:     e_F1 â–â–‚â–ƒâ–„â–…â–…â–…â–…â–†â–†â–†â–†â–‡â–‡â–‡â–‡â–‡â–‡â–ˆâ–ˆâ–ˆâ–ˆâ–ˆâ–ˆâ–ˆâ–ˆâ–ˆâ–ˆâ–ˆâ–ˆâ–ˆâ–ˆâ–ˆâ–ˆâ–ˆâ–ˆâ–ˆâ–ˆâ–ˆâ–ˆ
wandb:   e_loss â–ˆâ–‡â–‡â–‡â–†â–†â–†â–†â–…â–…â–„â–„â–„â–„â–ƒâ–ƒâ–ƒâ–ƒâ–‚â–‚â–‚â–‚â–‚â–‚â–â–â–â–â–â–â–â–â–â–â–â–â–â–â–â–
wandb:     t_F1 â–â–â–‚â–ƒâ–ƒâ–„â–„â–„â–„â–…â–…â–…â–…â–†â–…â–†â–†â–†â–†â–†â–†â–‡â–†â–‡â–‡â–‡â–‡â–‡â–‡â–ˆâ–ˆâ–‡â–ˆâ–ˆâ–ˆâ–ˆâ–ˆâ–ˆâ–ˆâ–ˆ
wandb:   t_loss â–ˆâ–ˆâ–‡â–‡â–‡â–‡â–†â–†â–†â–†â–†â–…â–…â–…â–…â–„â–„â–„â–„â–„â–ƒâ–ƒâ–ƒâ–ƒâ–ƒâ–ƒâ–‚â–ƒâ–‚â–‚â–‚â–‚â–‚â–‚â–â–â–â–â–â–
wandb: 
wandb: Run summary:
wandb:     e_F1 59.2742
wandb:   e_loss 0.93244
wandb:     t_F1 75.25612
wandb:   t_loss 0.70075
wandb: 
wandb: Synced 4 W&B file(s), 0 media file(s), 0 artifact file(s) and 0 other file(s)
wandb: Synced denim-pine-3: https://wandb.ai/yinanazhou/xl_512_bs_8_lr_1e06_es_15_lc_True_nr_False_sr_False_stem_False_lemma_False_repeat_1_fold_2/runs/1rr6alku
wandb: Find logs at: ./wandb/run-20220316_094355-1rr6alku/logs/debug.log
wandb: 

wandb: wandb version 0.12.11 is available!  To upgrade, please run:
wandb:  $ pip install wandb --upgrade
2022-03-16 11:20:29.115969: I tensorflow/stream_executor/platform/default/dso_loader.cc:48] Successfully opened dynamic library libcudart.so.10.1
wandb: Tracking run with wandb version 0.12.5
wandb: Syncing run bright-glitter-3
wandb: â­ï¸ View project at https://wandb.ai/yinanazhou/xl_512_bs_8_lr_1e06_es_15_lc_True_nr_False_sr_False_stem_False_lemma_False_repeat_2_fold_1
wandb: ðŸš€ View run at https://wandb.ai/yinanazhou/xl_512_bs_8_lr_1e06_es_15_lc_True_nr_False_sr_False_stem_False_lemma_False_repeat_2_fold_1/runs/igyqwxh7
wandb: Run data is saved locally in /project/6002780/yinan/Thesis_MER_Lyrics/lyric-emotion/wandb/run-20220316_112026-igyqwxh7
wandb: Run `wandb offline` to turn off syncing.

Validation loss decreased (inf --> 1.572669).  Saving model ...
Validation loss decreased (1.572669 --> 1.527127).  Saving model ...
Validation loss decreased (1.527127 --> 1.491517).  Saving model ...
Validation loss decreased (1.491517 --> 1.465954).  Saving model ...
Validation loss decreased (1.465954 --> 1.445562).  Saving model ...
Validation loss decreased (1.445562 --> 1.429126).  Saving model ...
Validation loss decreased (1.429126 --> 1.416471).  Saving model ...
Validation loss decreased (1.416471 --> 1.406830).  Saving model ...
Validation loss decreased (1.406830 --> 1.397910).  Saving model ...
Validation loss decreased (1.397910 --> 1.390177).  Saving model ...
Validation loss decreased (1.390177 --> 1.383516).  Saving model ...
Validation loss decreased (1.383516 --> 1.376902).  Saving model ...
Validation loss decreased (1.376902 --> 1.370144).  Saving model ...
Validation loss decreased (1.370144 --> 1.363846).  Saving model ...
Validation loss decreased (1.363846 --> 1.356836).  Saving model ...
Validation loss decreased (1.356836 --> 1.350570).  Saving model ...
Validation loss decreased (1.350570 --> 1.343740).  Saving model ...
Validation loss decreased (1.343740 --> 1.335979).  Saving model ...
Validation loss decreased (1.335979 --> 1.327915).  Saving model ...
Validation loss decreased (1.327915 --> 1.318812).  Saving model ...
Validation loss decreased (1.318812 --> 1.309471).  Saving model ...
Validation loss decreased (1.309471 --> 1.300414).  Saving model ...
Validation loss decreased (1.300414 --> 1.291551).  Saving model ...
Validation loss decreased (1.291551 --> 1.281936).  Saving model ...
Validation loss decreased (1.281936 --> 1.273855).  Saving model ...
Validation loss decreased (1.273855 --> 1.265788).  Saving model ...
Validation loss decreased (1.265788 --> 1.257405).  Saving model ...
Validation loss decreased (1.257405 --> 1.250510).  Saving model ...
Validation loss decreased (1.250510 --> 1.243003).  Saving model ...
Validation loss decreased (1.243003 --> 1.234716).  Saving model ...
Validation loss decreased (1.234716 --> 1.227344).  Saving model ...
Validation loss decreased (1.227344 --> 1.220361).  Saving model ...
Validation loss decreased (1.220361 --> 1.212371).  Saving model ...
Validation loss decreased (1.212371 --> 1.205542).  Saving model ...
Validation loss decreased (1.205542 --> 1.198063).  Saving model ...
Validation loss decreased (1.198063 --> 1.190917).  Saving model ...
Validation loss decreased (1.190917 --> 1.183664).  Saving model ...
Validation loss decreased (1.183664 --> 1.176492).  Saving model ...
Validation loss decreased (1.176492 --> 1.170060).  Saving model ...
Validation loss decreased (1.170060 --> 1.163383).  Saving model ...
Validation loss decreased (1.163383 --> 1.156577).  Saving model ...
Validation loss decreased (1.156577 --> 1.149606).  Saving model ...
Validation loss decreased (1.149606 --> 1.143545).  Saving model ...
Validation loss decreased (1.143545 --> 1.138300).  Saving model ...
Validation loss decreased (1.138300 --> 1.132221).  Saving model ...
Validation loss decreased (1.132221 --> 1.127195).  Saving model ...
Validation loss decreased (1.127195 --> 1.122151).  Saving model ...
Validation loss decreased (1.122151 --> 1.118080).  Saving model ...
Validation loss decreased (1.118080 --> 1.112441).  Saving model ...
Validation loss decreased (1.112441 --> 1.108639).  Saving model ...
Validation loss decreased (1.108639 --> 1.104323).  Saving model ...
Validation loss decreased (1.104323 --> 1.099032).  Saving model ...
Validation loss decreased (1.099032 --> 1.096024).  Saving model ...
Validation loss decreased (1.096024 --> 1.090968).  Saving model ...
Validation loss decreased (1.090968 --> 1.086216).  Saving model ...
Validation loss decreased (1.086216 --> 1.083265).  Saving model ...
Validation loss decreased (1.083265 --> 1.079849).  Saving model ...
Validation loss decreased (1.079849 --> 1.074156).  Saving model ...
Validation loss decreased (1.074156 --> 1.072028).  Saving model ...
Validation loss decreased (1.072028 --> 1.068107).  Saving model ...
Validation loss decreased (1.068107 --> 1.064325).  Saving model ...
Validation loss decreased (1.064325 --> 1.060653).  Saving model ...
Validation loss decreased (1.060653 --> 1.057397).  Saving model ...
Validation loss decreased (1.057397 --> 1.055089).  Saving model ...
Validation loss decreased (1.055089 --> 1.051155).  Saving model ...
Validation loss decreased (1.051155 --> 1.049283).  Saving model ...
Validation loss decreased (1.049283 --> 1.046629).  Saving model ...
Validation loss decreased (1.046629 --> 1.042943).  Saving model ...
Validation loss decreased (1.042943 --> 1.039213).  Saving model ...
Validation loss decreased (1.039213 --> 1.036531).  Saving model ...
Validation loss decreased (1.036531 --> 1.034366).  Saving model ...
Validation loss decreased (1.034366 --> 1.030792).  Saving model ...
Validation loss decreased (1.030792 --> 1.028884).  Saving model ...
Validation loss decreased (1.028884 --> 1.026429).  Saving model ...
Validation loss decreased (1.026429 --> 1.025710).  Saving model ...
Validation loss decreased (1.025710 --> 1.024260).  Saving model ...
Validation loss decreased (1.024260 --> 1.022199).  Saving model ...
Validation loss decreased (1.022199 --> 1.020794).  Saving model ...
Validation loss decreased (1.020794 --> 1.019179).  Saving model ...
Validation loss decreased (1.019179 --> 1.019036).  Saving model ...
Validation loss decreased (1.019036 --> 1.018214).  Saving model ...
Validation loss decreased (1.018214 --> 1.015154).  Saving model ...
Validation loss decreased (1.015154 --> 1.012984).  Saving model ...
Validation loss decreased (1.012984 --> 1.010654).  Saving model ...
Validation loss decreased (1.010654 --> 1.009392).  Saving model ...
Validation loss decreased (1.009392 --> 1.008297).  Saving model ...
Validation loss decreased (1.008297 --> 1.006306).  Saving model ...
Validation loss decreased (1.006306 --> 1.004211).  Saving model ...
Validation loss decreased (1.004211 --> 1.001992).  Saving model ...
Validation loss decreased (1.001992 --> 0.999926).  Saving model ...
Validation loss decreased (0.999926 --> 0.999075).  Saving model ...
Validation loss decreased (0.999075 --> 0.998462).  Saving model ...
Validation loss decreased (0.998462 --> 0.997665).  Saving model ...
Validation loss decreased (0.997665 --> 0.995290).  Saving model ...
Validation loss decreased (0.995290 --> 0.993741).  Saving model ...
Validation loss decreased (0.993741 --> 0.993519).  Saving model ...
Validation loss decreased (0.993519 --> 0.992586).  Saving model ...
Validation loss decreased (0.992586 --> 0.990812).  Saving model ...
Validation loss decreased (0.990812 --> 0.989769).  Saving model ...
Validation loss decreased (0.989769 --> 0.988098).  Saving model ...
Validation loss decreased (0.988098 --> 0.987030).  Saving model ...
Validation loss decreased (0.987030 --> 0.986334).  Saving model ...
Validation loss decreased (0.986334 --> 0.985875).  Saving model ...
Validation loss decreased (0.985875 --> 0.985797).  Saving model ...
Validation loss decreased (0.985797 --> 0.985408).  Saving model ...
Validation loss decreased (0.985408 --> 0.985271).  Saving model ...
Validation loss decreased (0.985271 --> 0.983904).  Saving model ...
Validation loss decreased (0.983904 --> 0.982682).  Saving model ...
Validation loss decreased (0.982682 --> 0.982408).  Saving model ...
Validation loss decreased (0.982408 --> 0.981788).  Saving model ...
EarlyStopping counter: 1 out of 15.0
Validation loss decreased (0.981788 --> 0.981082).  Saving model ...
Validation loss decreased (0.981082 --> 0.980535).  Saving model ...
EarlyStopping counter: 1 out of 15.0
Validation loss decreased (0.980535 --> 0.980080).  Saving model ...
Validation loss decreased (0.980080 --> 0.979715).  Saving model ...
Validation loss decreased (0.979715 --> 0.979615).  Saving model ...
Validation loss decreased (0.979615 --> 0.979327).  Saving model ...
Validation loss decreased (0.979327 --> 0.978967).  Saving model ...
Validation loss decreased (0.978967 --> 0.978076).  Saving model ...
EarlyStopping counter: 1 out of 15.0
Validation loss decreased (0.978076 --> 0.977821).  Saving model ...
EarlyStopping counter: 1 out of 15.0
Validation loss decreased (0.977821 --> 0.977584).  Saving model ...
EarlyStopping counter: 1 out of 15.0
Validation loss decreased (0.977584 --> 0.977106).  Saving model ...
Validation loss decreased (0.977106 --> 0.976465).  Saving model ...
EarlyStopping counter: 1 out of 15.0
EarlyStopping counter: 2 out of 15.0
EarlyStopping counter: 3 out of 15.0
Validation loss decreased (0.976465 --> 0.975938).  Saving model ...
EarlyStopping counter: 1 out of 15.0
Validation loss decreased (0.975938 --> 0.975916).  Saving model ...
Validation loss decreased (0.975916 --> 0.975706).  Saving model ...
EarlyStopping counter: 1 out of 15.0
EarlyStopping counter: 2 out of 15.0
EarlyStopping counter: 3 out of 15.0
EarlyStopping counter: 4 out of 15.0
EarlyStopping counter: 5 out of 15.0
EarlyStopping counter: 6 out of 15.0
EarlyStopping counter: 7 out of 15.0
EarlyStopping counter: 8 out of 15.0
EarlyStopping counter: 9 out of 15.0
EarlyStopping counter: 10 out of 15.0
EarlyStopping counter: 11 out of 15.0
EarlyStopping counter: 12 out of 15.0
EarlyStopping counter: 13 out of 15.0
EarlyStopping counter: 14 out of 15.0
EarlyStopping counter: 15 out of 15.0
/localscratch/yinan.29019236.0/env/lib/python3.7/site-packages/torch/nn/functional.py:1794: UserWarning: nn.functional.tanh is deprecated. Use torch.tanh instead.
  warnings.warn("nn.functional.tanh is deprecated. Use torch.tanh instead.")
wandb: Waiting for W&B process to finish, PID 66971... (success).
wandb: - 0.00MB of 0.00MB uploaded (0.00MB deduped)wandb: \ 0.00MB of 0.00MB uploaded (0.00MB deduped)wandb: | 0.00MB of 0.00MB uploaded (0.00MB deduped)wandb: / 0.00MB of 0.00MB uploaded (0.00MB deduped)wandb: - 0.00MB of 0.00MB uploaded (0.00MB deduped)wandb: \ 0.00MB of 0.00MB uploaded (0.00MB deduped)wandb: | 0.00MB of 0.00MB uploaded (0.00MB deduped)wandb: / 0.00MB of 0.00MB uploaded (0.00MB deduped)wandb: - 0.00MB of 0.00MB uploaded (0.00MB deduped)wandb: \ 0.00MB of 0.00MB uploaded (0.00MB deduped)wandb: | 0.00MB of 0.00MB uploaded (0.00MB deduped)wandb: / 0.00MB of 0.00MB uploaded (0.00MB deduped)wandb: - 0.00MB of 0.00MB uploaded (0.00MB deduped)wandb:                                                                                
wandb: Run history:
wandb:     e_F1 â–â–‚â–ƒâ–„â–…â–…â–†â–†â–†â–†â–‡â–‡â–‡â–‡â–‡â–‡â–‡â–‡â–ˆâ–‡â–ˆâ–ˆâ–ˆâ–ˆâ–ˆâ–ˆâ–ˆâ–ˆâ–ˆâ–ˆâ–ˆâ–ˆâ–ˆâ–ˆâ–ˆâ–ˆâ–ˆâ–ˆâ–ˆâ–ˆ
wandb:   e_loss â–ˆâ–‡â–†â–†â–†â–…â–…â–„â–„â–„â–„â–ƒâ–ƒâ–ƒâ–‚â–‚â–‚â–‚â–‚â–‚â–‚â–‚â–â–â–â–â–â–â–â–â–â–â–â–â–â–â–â–â–â–
wandb:     t_F1 â–â–‚â–ƒâ–ƒâ–„â–„â–„â–…â–…â–…â–…â–†â–†â–†â–†â–‡â–‡â–†â–‡â–‡â–‡â–‡â–‡â–‡â–‡â–‡â–‡â–ˆâ–‡â–ˆâ–ˆâ–ˆâ–ˆâ–ˆâ–ˆâ–ˆâ–ˆâ–ˆâ–ˆâ–ˆ
wandb:   t_loss â–ˆâ–‡â–‡â–‡â–†â–†â–†â–†â–…â–…â–…â–…â–„â–„â–„â–„â–„â–„â–ƒâ–ƒâ–ƒâ–ƒâ–ƒâ–‚â–ƒâ–‚â–‚â–‚â–‚â–‚â–‚â–‚â–‚â–â–â–â–â–â–â–
wandb: 
wandb: Run summary:
wandb:     e_F1 58.35998
wandb:   e_loss 0.98258
wandb:     t_F1 72.26565
wandb:   t_loss 0.73144
wandb: 
wandb: Synced 4 W&B file(s), 0 media file(s), 0 artifact file(s) and 0 other file(s)
wandb: Synced bright-glitter-3: https://wandb.ai/yinanazhou/xl_512_bs_8_lr_1e06_es_15_lc_True_nr_False_sr_False_stem_False_lemma_False_repeat_2_fold_1/runs/igyqwxh7
wandb: Find logs at: ./wandb/run-20220316_112026-igyqwxh7/logs/debug.log
wandb: 

wandb: wandb version 0.12.11 is available!  To upgrade, please run:
wandb:  $ pip install wandb --upgrade
2022-03-16 12:58:31.127809: I tensorflow/stream_executor/platform/default/dso_loader.cc:48] Successfully opened dynamic library libcudart.so.10.1
wandb: Tracking run with wandb version 0.12.5
wandb: Syncing run woven-forest-3
wandb: â­ï¸ View project at https://wandb.ai/yinanazhou/xl_512_bs_8_lr_1e06_es_15_lc_True_nr_False_sr_False_stem_False_lemma_False_repeat_2_fold_2
wandb: ðŸš€ View run at https://wandb.ai/yinanazhou/xl_512_bs_8_lr_1e06_es_15_lc_True_nr_False_sr_False_stem_False_lemma_False_repeat_2_fold_2/runs/2jc9yh2k
wandb: Run data is saved locally in /project/6002780/yinan/Thesis_MER_Lyrics/lyric-emotion/wandb/run-20220316_125827-2jc9yh2k
wandb: Run `wandb offline` to turn off syncing.

Validation loss decreased (inf --> 1.411231).  Saving model ...
Validation loss decreased (1.411231 --> 1.395897).  Saving model ...
Validation loss decreased (1.395897 --> 1.384726).  Saving model ...
Validation loss decreased (1.384726 --> 1.376181).  Saving model ...
Validation loss decreased (1.376181 --> 1.368883).  Saving model ...
Validation loss decreased (1.368883 --> 1.363590).  Saving model ...
Validation loss decreased (1.363590 --> 1.358145).  Saving model ...
Validation loss decreased (1.358145 --> 1.353186).  Saving model ...
Validation loss decreased (1.353186 --> 1.348300).  Saving model ...
Validation loss decreased (1.348300 --> 1.344327).  Saving model ...
Validation loss decreased (1.344327 --> 1.340178).  Saving model ...
Validation loss decreased (1.340178 --> 1.335784).  Saving model ...
Validation loss decreased (1.335784 --> 1.331626).  Saving model ...
Validation loss decreased (1.331626 --> 1.326901).  Saving model ...
Validation loss decreased (1.326901 --> 1.321894).  Saving model ...
Validation loss decreased (1.321894 --> 1.317082).  Saving model ...
Validation loss decreased (1.317082 --> 1.311995).  Saving model ...
Validation loss decreased (1.311995 --> 1.307340).  Saving model ...
Validation loss decreased (1.307340 --> 1.301280).  Saving model ...
Validation loss decreased (1.301280 --> 1.295361).  Saving model ...
Validation loss decreased (1.295361 --> 1.288762).  Saving model ...
Validation loss decreased (1.288762 --> 1.282506).  Saving model ...
Validation loss decreased (1.282506 --> 1.276501).  Saving model ...
Validation loss decreased (1.276501 --> 1.270196).  Saving model ...
Validation loss decreased (1.270196 --> 1.263578).  Saving model ...
Validation loss decreased (1.263578 --> 1.256532).  Saving model ...
Validation loss decreased (1.256532 --> 1.249093).  Saving model ...
Validation loss decreased (1.249093 --> 1.241062).  Saving model ...
Validation loss decreased (1.241062 --> 1.232986).  Saving model ...
Validation loss decreased (1.232986 --> 1.225143).  Saving model ...
Validation loss decreased (1.225143 --> 1.216465).  Saving model ...
Validation loss decreased (1.216465 --> 1.208621).  Saving model ...
Validation loss decreased (1.208621 --> 1.199618).  Saving model ...
Validation loss decreased (1.199618 --> 1.190189).  Saving model ...
Validation loss decreased (1.190189 --> 1.180745).  Saving model ...
Validation loss decreased (1.180745 --> 1.173083).  Saving model ...
Validation loss decreased (1.173083 --> 1.164410).  Saving model ...
Validation loss decreased (1.164410 --> 1.155911).  Saving model ...
Validation loss decreased (1.155911 --> 1.146056).  Saving model ...
Validation loss decreased (1.146056 --> 1.137766).  Saving model ...
Validation loss decreased (1.137766 --> 1.129320).  Saving model ...
Validation loss decreased (1.129320 --> 1.122252).  Saving model ...
Validation loss decreased (1.122252 --> 1.113932).  Saving model ...
Validation loss decreased (1.113932 --> 1.106658).  Saving model ...
Validation loss decreased (1.106658 --> 1.099692).  Saving model ...
Validation loss decreased (1.099692 --> 1.092941).  Saving model ...
Validation loss decreased (1.092941 --> 1.087128).  Saving model ...
Validation loss decreased (1.087128 --> 1.081817).  Saving model ...
Validation loss decreased (1.081817 --> 1.075926).  Saving model ...
Validation loss decreased (1.075926 --> 1.071001).  Saving model ...
Validation loss decreased (1.071001 --> 1.065474).  Saving model ...
Validation loss decreased (1.065474 --> 1.059678).  Saving model ...
Validation loss decreased (1.059678 --> 1.055243).  Saving model ...
Validation loss decreased (1.055243 --> 1.050617).  Saving model ...
Validation loss decreased (1.050617 --> 1.046456).  Saving model ...
Validation loss decreased (1.046456 --> 1.041908).  Saving model ...
Validation loss decreased (1.041908 --> 1.036695).  Saving model ...
Validation loss decreased (1.036695 --> 1.031710).  Saving model ...
Validation loss decreased (1.031710 --> 1.027291).  Saving model ...
Validation loss decreased (1.027291 --> 1.024431).  Saving model ...
Validation loss decreased (1.024431 --> 1.020836).  Saving model ...
Validation loss decreased (1.020836 --> 1.016026).  Saving model ...
Validation loss decreased (1.016026 --> 1.012442).  Saving model ...
Validation loss decreased (1.012442 --> 1.007470).  Saving model ...
Validation loss decreased (1.007470 --> 1.003808).  Saving model ...
Validation loss decreased (1.003808 --> 1.000400).  Saving model ...
Validation loss decreased (1.000400 --> 0.996260).  Saving model ...
Validation loss decreased (0.996260 --> 0.992576).  Saving model ...
Validation loss decreased (0.992576 --> 0.990239).  Saving model ...
Validation loss decreased (0.990239 --> 0.987130).  Saving model ...
Validation loss decreased (0.987130 --> 0.984933).  Saving model ...
Validation loss decreased (0.984933 --> 0.982017).  Saving model ...
Validation loss decreased (0.982017 --> 0.977542).  Saving model ...
Validation loss decreased (0.977542 --> 0.975302).  Saving model ...
Validation loss decreased (0.975302 --> 0.971625).  Saving model ...
Validation loss decreased (0.971625 --> 0.968612).  Saving model ...
Validation loss decreased (0.968612 --> 0.966398).  Saving model ...
Validation loss decreased (0.966398 --> 0.962518).  Saving model ...
Validation loss decreased (0.962518 --> 0.960740).  Saving model ...
Validation loss decreased (0.960740 --> 0.958305).  Saving model ...
Validation loss decreased (0.958305 --> 0.955670).  Saving model ...
Validation loss decreased (0.955670 --> 0.953324).  Saving model ...
Validation loss decreased (0.953324 --> 0.950943).  Saving model ...
Validation loss decreased (0.950943 --> 0.948605).  Saving model ...
Validation loss decreased (0.948605 --> 0.946036).  Saving model ...
Validation loss decreased (0.946036 --> 0.944301).  Saving model ...
Validation loss decreased (0.944301 --> 0.942447).  Saving model ...
Validation loss decreased (0.942447 --> 0.940118).  Saving model ...
Validation loss decreased (0.940118 --> 0.938589).  Saving model ...
Validation loss decreased (0.938589 --> 0.938283).  Saving model ...
Validation loss decreased (0.938283 --> 0.936297).  Saving model ...
Validation loss decreased (0.936297 --> 0.933722).  Saving model ...
Validation loss decreased (0.933722 --> 0.931093).  Saving model ...
Validation loss decreased (0.931093 --> 0.930496).  Saving model ...
Validation loss decreased (0.930496 --> 0.928773).  Saving model ...
Validation loss decreased (0.928773 --> 0.927463).  Saving model ...
Validation loss decreased (0.927463 --> 0.926216).  Saving model ...
Validation loss decreased (0.926216 --> 0.924707).  Saving model ...
Validation loss decreased (0.924707 --> 0.922907).  Saving model ...
Validation loss decreased (0.922907 --> 0.921694).  Saving model ...
Validation loss decreased (0.921694 --> 0.920481).  Saving model ...
Validation loss decreased (0.920481 --> 0.919011).  Saving model ...
Validation loss decreased (0.919011 --> 0.918504).  Saving model ...
Validation loss decreased (0.918504 --> 0.917263).  Saving model ...
Validation loss decreased (0.917263 --> 0.915777).  Saving model ...
Validation loss decreased (0.915777 --> 0.914587).  Saving model ...
Validation loss decreased (0.914587 --> 0.913550).  Saving model ...
Validation loss decreased (0.913550 --> 0.912462).  Saving model ...
Validation loss decreased (0.912462 --> 0.911178).  Saving model ...
Validation loss decreased (0.911178 --> 0.910913).  Saving model ...
Validation loss decreased (0.910913 --> 0.909998).  Saving model ...
Validation loss decreased (0.909998 --> 0.909273).  Saving model ...
Validation loss decreased (0.909273 --> 0.908813).  Saving model ...
Validation loss decreased (0.908813 --> 0.908274).  Saving model ...
Validation loss decreased (0.908274 --> 0.907987).  Saving model ...
Validation loss decreased (0.907987 --> 0.907113).  Saving model ...
EarlyStopping counter: 1 out of 15.0
EarlyStopping counter: 2 out of 15.0
Validation loss decreased (0.907113 --> 0.905676).  Saving model ...
EarlyStopping counter: 1 out of 15.0
Validation loss decreased (0.905676 --> 0.904611).  Saving model ...
Validation loss decreased (0.904611 --> 0.904106).  Saving model ...
EarlyStopping counter: 1 out of 15.0
Validation loss decreased (0.904106 --> 0.903964).  Saving model ...
Validation loss decreased (0.903964 --> 0.903582).  Saving model ...
Validation loss decreased (0.903582 --> 0.903577).  Saving model ...
Validation loss decreased (0.903577 --> 0.903371).  Saving model ...
Validation loss decreased (0.903371 --> 0.903316).  Saving model ...
EarlyStopping counter: 1 out of 15.0
EarlyStopping counter: 2 out of 15.0
EarlyStopping counter: 3 out of 15.0
EarlyStopping counter: 4 out of 15.0
EarlyStopping counter: 5 out of 15.0
EarlyStopping counter: 6 out of 15.0
EarlyStopping counter: 7 out of 15.0
EarlyStopping counter: 8 out of 15.0
EarlyStopping counter: 9 out of 15.0
EarlyStopping counter: 10 out of 15.0
EarlyStopping counter: 11 out of 15.0
EarlyStopping counter: 12 out of 15.0
EarlyStopping counter: 13 out of 15.0
EarlyStopping counter: 14 out of 15.0
EarlyStopping counter: 15 out of 15.0
/localscratch/yinan.29019236.0/env/lib/python3.7/site-packages/torch/nn/functional.py:1794: UserWarning: nn.functional.tanh is deprecated. Use torch.tanh instead.
  warnings.warn("nn.functional.tanh is deprecated. Use torch.tanh instead.")
wandb: Waiting for W&B process to finish, PID 72207... (success).
wandb: - 0.00MB of 0.00MB uploaded (0.00MB deduped)wandb: \ 0.00MB of 0.00MB uploaded (0.00MB deduped)wandb: | 0.00MB of 0.00MB uploaded (0.00MB deduped)wandb: / 0.00MB of 0.00MB uploaded (0.00MB deduped)wandb: - 0.00MB of 0.00MB uploaded (0.00MB deduped)wandb: \ 0.00MB of 0.00MB uploaded (0.00MB deduped)wandb: | 0.00MB of 0.00MB uploaded (0.00MB deduped)wandb: / 0.00MB of 0.00MB uploaded (0.00MB deduped)wandb: - 0.00MB of 0.00MB uploaded (0.00MB deduped)wandb: \ 0.00MB of 0.00MB uploaded (0.00MB deduped)wandb: | 0.00MB of 0.00MB uploaded (0.00MB deduped)wandb: / 0.00MB of 0.00MB uploaded (0.00MB deduped)wandb: - 0.00MB of 0.00MB uploaded (0.00MB deduped)wandb: \ 0.00MB of 0.00MB uploaded (0.00MB deduped)wandb: | 0.00MB of 0.00MB uploaded (0.00MB deduped)wandb:                                                                                
wandb: Run history:
wandb:     e_F1 â–â–‚â–„â–„â–…â–…â–…â–…â–†â–†â–†â–†â–‡â–‡â–‡â–‡â–‡â–‡â–‡â–‡â–‡â–‡â–‡â–‡â–‡â–ˆâ–ˆâ–ˆâ–ˆâ–ˆâ–ˆâ–ˆâ–ˆâ–ˆâ–ˆâ–ˆâ–ˆâ–ˆâ–ˆâ–ˆ
wandb:   e_loss â–ˆâ–ˆâ–‡â–‡â–‡â–‡â–†â–†â–†â–…â–…â–„â–„â–„â–ƒâ–ƒâ–ƒâ–ƒâ–‚â–‚â–‚â–‚â–‚â–‚â–‚â–â–â–â–â–â–â–â–â–â–â–â–â–â–â–
wandb:     t_F1 â–â–‚â–‚â–ƒâ–ƒâ–ƒâ–„â–„â–…â–…â–…â–…â–†â–…â–†â–†â–†â–†â–‡â–‡â–†â–‡â–†â–‡â–‡â–‡â–‡â–ˆâ–‡â–‡â–‡â–‡â–ˆâ–ˆâ–‡â–‡â–ˆâ–ˆâ–ˆâ–ˆ
wandb:   t_loss â–ˆâ–ˆâ–‡â–‡â–‡â–‡â–‡â–‡â–†â–†â–†â–…â–…â–…â–…â–„â–„â–„â–„â–„â–ƒâ–ƒâ–ƒâ–ƒâ–ƒâ–ƒâ–‚â–‚â–‚â–‚â–‚â–‚â–‚â–â–â–‚â–â–â–â–
wandb: 
wandb: Run summary:
wandb:     e_F1 63.17607
wandb:   e_loss 0.90545
wandb:     t_F1 72.73291
wandb:   t_loss 0.70415
wandb: 
wandb: Synced 4 W&B file(s), 0 media file(s), 0 artifact file(s) and 0 other file(s)
wandb: Synced woven-forest-3: https://wandb.ai/yinanazhou/xl_512_bs_8_lr_1e06_es_15_lc_True_nr_False_sr_False_stem_False_lemma_False_repeat_2_fold_2/runs/2jc9yh2k
wandb: Find logs at: ./wandb/run-20220316_125827-2jc9yh2k/logs/debug.log
wandb: 

wandb: wandb version 0.12.11 is available!  To upgrade, please run:
wandb:  $ pip install wandb --upgrade
2022-03-16 14:33:23.011163: I tensorflow/stream_executor/platform/default/dso_loader.cc:48] Successfully opened dynamic library libcudart.so.10.1
wandb: Tracking run with wandb version 0.12.5
wandb: Syncing run dry-jazz-3
wandb: â­ï¸ View project at https://wandb.ai/yinanazhou/xl_512_bs_8_lr_1e06_es_15_lc_True_nr_False_sr_False_stem_False_lemma_False_repeat_3_fold_1
wandb: ðŸš€ View run at https://wandb.ai/yinanazhou/xl_512_bs_8_lr_1e06_es_15_lc_True_nr_False_sr_False_stem_False_lemma_False_repeat_3_fold_1/runs/1u6goj3t
wandb: Run data is saved locally in /project/6002780/yinan/Thesis_MER_Lyrics/lyric-emotion/wandb/run-20220316_143320-1u6goj3t
wandb: Run `wandb offline` to turn off syncing.

Validation loss decreased (inf --> 1.416489).  Saving model ...
Validation loss decreased (1.416489 --> 1.405787).  Saving model ...
Validation loss decreased (1.405787 --> 1.397036).  Saving model ...
Validation loss decreased (1.397036 --> 1.389926).  Saving model ...
Validation loss decreased (1.389926 --> 1.383940).  Saving model ...
Validation loss decreased (1.383940 --> 1.378261).  Saving model ...
Validation loss decreased (1.378261 --> 1.373574).  Saving model ...
Validation loss decreased (1.373574 --> 1.369434).  Saving model ...
Validation loss decreased (1.369434 --> 1.365122).  Saving model ...
Validation loss decreased (1.365122 --> 1.361026).  Saving model ...
Validation loss decreased (1.361026 --> 1.357048).  Saving model ...
Validation loss decreased (1.357048 --> 1.353162).  Saving model ...
Validation loss decreased (1.353162 --> 1.349057).  Saving model ...
Validation loss decreased (1.349057 --> 1.345263).  Saving model ...
Validation loss decreased (1.345263 --> 1.340903).  Saving model ...
Validation loss decreased (1.340903 --> 1.337135).  Saving model ...
Validation loss decreased (1.337135 --> 1.332934).  Saving model ...
Validation loss decreased (1.332934 --> 1.328647).  Saving model ...
Validation loss decreased (1.328647 --> 1.324551).  Saving model ...
Validation loss decreased (1.324551 --> 1.319588).  Saving model ...
Validation loss decreased (1.319588 --> 1.314066).  Saving model ...
Validation loss decreased (1.314066 --> 1.308378).  Saving model ...
Validation loss decreased (1.308378 --> 1.301734).  Saving model ...
Validation loss decreased (1.301734 --> 1.295237).  Saving model ...
Validation loss decreased (1.295237 --> 1.288978).  Saving model ...
Validation loss decreased (1.288978 --> 1.282687).  Saving model ...
Validation loss decreased (1.282687 --> 1.276167).  Saving model ...
Validation loss decreased (1.276167 --> 1.268936).  Saving model ...
Validation loss decreased (1.268936 --> 1.262071).  Saving model ...
Validation loss decreased (1.262071 --> 1.252269).  Saving model ...
Validation loss decreased (1.252269 --> 1.245250).  Saving model ...
Validation loss decreased (1.245250 --> 1.235960).  Saving model ...
Validation loss decreased (1.235960 --> 1.227360).  Saving model ...
Validation loss decreased (1.227360 --> 1.218806).  Saving model ...
Validation loss decreased (1.218806 --> 1.211315).  Saving model ...
Validation loss decreased (1.211315 --> 1.204061).  Saving model ...
Validation loss decreased (1.204061 --> 1.196538).  Saving model ...
Validation loss decreased (1.196538 --> 1.190357).  Saving model ...
Validation loss decreased (1.190357 --> 1.184245).  Saving model ...
Validation loss decreased (1.184245 --> 1.175640).  Saving model ...
Validation loss decreased (1.175640 --> 1.169370).  Saving model ...
Validation loss decreased (1.169370 --> 1.163618).  Saving model ...
Validation loss decreased (1.163618 --> 1.159656).  Saving model ...
Validation loss decreased (1.159656 --> 1.151871).  Saving model ...
Validation loss decreased (1.151871 --> 1.144278).  Saving model ...
Validation loss decreased (1.144278 --> 1.138144).  Saving model ...
Validation loss decreased (1.138144 --> 1.133094).  Saving model ...
Validation loss decreased (1.133094 --> 1.127436).  Saving model ...
Validation loss decreased (1.127436 --> 1.121333).  Saving model ...
Validation loss decreased (1.121333 --> 1.116545).  Saving model ...
Validation loss decreased (1.116545 --> 1.111429).  Saving model ...
Validation loss decreased (1.111429 --> 1.105315).  Saving model ...
Validation loss decreased (1.105315 --> 1.103634).  Saving model ...
Validation loss decreased (1.103634 --> 1.099321).  Saving model ...
Validation loss decreased (1.099321 --> 1.094520).  Saving model ...
Validation loss decreased (1.094520 --> 1.090018).  Saving model ...
Validation loss decreased (1.090018 --> 1.086928).  Saving model ...
Validation loss decreased (1.086928 --> 1.084233).  Saving model ...
Validation loss decreased (1.084233 --> 1.078313).  Saving model ...
Validation loss decreased (1.078313 --> 1.073213).  Saving model ...
Validation loss decreased (1.073213 --> 1.069662).  Saving model ...
Validation loss decreased (1.069662 --> 1.065189).  Saving model ...
Validation loss decreased (1.065189 --> 1.061125).  Saving model ...
Validation loss decreased (1.061125 --> 1.056953).  Saving model ...
Validation loss decreased (1.056953 --> 1.051576).  Saving model ...
Validation loss decreased (1.051576 --> 1.049634).  Saving model ...
Validation loss decreased (1.049634 --> 1.045584).  Saving model ...
Validation loss decreased (1.045584 --> 1.042889).  Saving model ...
Validation loss decreased (1.042889 --> 1.040653).  Saving model ...
Validation loss decreased (1.040653 --> 1.037554).  Saving model ...
Validation loss decreased (1.037554 --> 1.034665).  Saving model ...
Validation loss decreased (1.034665 --> 1.028456).  Saving model ...
Validation loss decreased (1.028456 --> 1.026120).  Saving model ...
Validation loss decreased (1.026120 --> 1.022400).  Saving model ...
Validation loss decreased (1.022400 --> 1.020291).  Saving model ...
Validation loss decreased (1.020291 --> 1.018495).  Saving model ...
Validation loss decreased (1.018495 --> 1.014827).  Saving model ...
Validation loss decreased (1.014827 --> 1.013293).  Saving model ...
Validation loss decreased (1.013293 --> 1.009666).  Saving model ...
Validation loss decreased (1.009666 --> 1.007245).  Saving model ...
Validation loss decreased (1.007245 --> 1.005395).  Saving model ...
Validation loss decreased (1.005395 --> 1.003835).  Saving model ...
Validation loss decreased (1.003835 --> 1.000664).  Saving model ...
Validation loss decreased (1.000664 --> 0.997277).  Saving model ...
Validation loss decreased (0.997277 --> 0.996097).  Saving model ...
Validation loss decreased (0.996097 --> 0.994835).  Saving model ...
Validation loss decreased (0.994835 --> 0.991894).  Saving model ...
Validation loss decreased (0.991894 --> 0.988848).  Saving model ...
Validation loss decreased (0.988848 --> 0.987094).  Saving model ...
Validation loss decreased (0.987094 --> 0.984174).  Saving model ...
Validation loss decreased (0.984174 --> 0.982403).  Saving model ...
Validation loss decreased (0.982403 --> 0.982105).  Saving model ...
Validation loss decreased (0.982105 --> 0.979495).  Saving model ...
Validation loss decreased (0.979495 --> 0.977946).  Saving model ...
Validation loss decreased (0.977946 --> 0.976317).  Saving model ...
Validation loss decreased (0.976317 --> 0.975316).  Saving model ...
Validation loss decreased (0.975316 --> 0.973125).  Saving model ...
Validation loss decreased (0.973125 --> 0.972337).  Saving model ...
EarlyStopping counter: 1 out of 15.0
Validation loss decreased (0.972337 --> 0.968956).  Saving model ...
Validation loss decreased (0.968956 --> 0.968625).  Saving model ...
Validation loss decreased (0.968625 --> 0.968358).  Saving model ...
Validation loss decreased (0.968358 --> 0.966339).  Saving model ...
Validation loss decreased (0.966339 --> 0.965052).  Saving model ...
Validation loss decreased (0.965052 --> 0.962413).  Saving model ...
EarlyStopping counter: 1 out of 15.0
EarlyStopping counter: 2 out of 15.0
Validation loss decreased (0.962413 --> 0.961043).  Saving model ...
Validation loss decreased (0.961043 --> 0.959882).  Saving model ...
EarlyStopping counter: 1 out of 15.0
EarlyStopping counter: 2 out of 15.0
EarlyStopping counter: 3 out of 15.0
Validation loss decreased (0.959882 --> 0.959393).  Saving model ...
Validation loss decreased (0.959393 --> 0.957174).  Saving model ...
Validation loss decreased (0.957174 --> 0.956943).  Saving model ...
Validation loss decreased (0.956943 --> 0.953046).  Saving model ...
EarlyStopping counter: 1 out of 15.0
EarlyStopping counter: 2 out of 15.0
EarlyStopping counter: 3 out of 15.0
EarlyStopping counter: 4 out of 15.0
EarlyStopping counter: 5 out of 15.0
Validation loss decreased (0.953046 --> 0.952996).  Saving model ...
Validation loss decreased (0.952996 --> 0.952955).  Saving model ...
EarlyStopping counter: 1 out of 15.0
Validation loss decreased (0.952955 --> 0.952737).  Saving model ...
EarlyStopping counter: 1 out of 15.0
Validation loss decreased (0.952737 --> 0.950980).  Saving model ...
EarlyStopping counter: 1 out of 15.0
Validation loss decreased (0.950980 --> 0.949446).  Saving model ...
Validation loss decreased (0.949446 --> 0.949359).  Saving model ...
Validation loss decreased (0.949359 --> 0.948197).  Saving model ...
Validation loss decreased (0.948197 --> 0.948084).  Saving model ...
EarlyStopping counter: 1 out of 15.0
EarlyStopping counter: 2 out of 15.0
EarlyStopping counter: 3 out of 15.0
EarlyStopping counter: 4 out of 15.0
Validation loss decreased (0.948084 --> 0.947611).  Saving model ...
EarlyStopping counter: 1 out of 15.0
EarlyStopping counter: 2 out of 15.0
EarlyStopping counter: 3 out of 15.0
Validation loss decreased (0.947611 --> 0.946950).  Saving model ...
EarlyStopping counter: 1 out of 15.0
EarlyStopping counter: 2 out of 15.0
EarlyStopping counter: 3 out of 15.0
EarlyStopping counter: 4 out of 15.0
EarlyStopping counter: 5 out of 15.0
EarlyStopping counter: 6 out of 15.0
EarlyStopping counter: 7 out of 15.0
EarlyStopping counter: 8 out of 15.0
EarlyStopping counter: 9 out of 15.0
EarlyStopping counter: 10 out of 15.0
EarlyStopping counter: 11 out of 15.0
EarlyStopping counter: 12 out of 15.0
EarlyStopping counter: 13 out of 15.0
EarlyStopping counter: 14 out of 15.0
EarlyStopping counter: 15 out of 15.0
/localscratch/yinan.29019236.0/env/lib/python3.7/site-packages/torch/nn/functional.py:1794: UserWarning: nn.functional.tanh is deprecated. Use torch.tanh instead.
  warnings.warn("nn.functional.tanh is deprecated. Use torch.tanh instead.")
wandb: Waiting for W&B process to finish, PID 77313... (success).
wandb: - 0.00MB of 0.00MB uploaded (0.00MB deduped)wandb: \ 0.00MB of 0.00MB uploaded (0.00MB deduped)wandb: | 0.00MB of 0.00MB uploaded (0.00MB deduped)wandb: / 0.00MB of 0.00MB uploaded (0.00MB deduped)wandb: - 0.00MB of 0.00MB uploaded (0.00MB deduped)wandb: \ 0.00MB of 0.00MB uploaded (0.00MB deduped)wandb: | 0.00MB of 0.00MB uploaded (0.00MB deduped)wandb: / 0.00MB of 0.00MB uploaded (0.00MB deduped)wandb: - 0.00MB of 0.00MB uploaded (0.00MB deduped)wandb: \ 0.00MB of 0.00MB uploaded (0.00MB deduped)wandb:                                                                                
wandb: Run history:
wandb:     e_F1 â–â–‚â–„â–„â–…â–…â–…â–…â–†â–†â–†â–†â–†â–‡â–‡â–‡â–‡â–‡â–‡â–‡â–ˆâ–ˆâ–ˆâ–ˆâ–ˆâ–ˆâ–ˆâ–ˆâ–ˆâ–ˆâ–ˆâ–ˆâ–ˆâ–ˆâ–ˆâ–ˆâ–ˆâ–ˆâ–ˆâ–ˆ
wandb:   e_loss â–ˆâ–ˆâ–‡â–‡â–‡â–‡â–†â–†â–…â–…â–„â–„â–„â–ƒâ–ƒâ–ƒâ–ƒâ–‚â–‚â–‚â–‚â–‚â–‚â–‚â–â–â–â–â–â–â–â–â–â–â–â–â–â–â–â–
wandb:     t_F1 â–â–‚â–‚â–‚â–‚â–ƒâ–„â–„â–…â–…â–…â–…â–†â–†â–†â–†â–†â–‡â–†â–‡â–†â–‡â–‡â–‡â–‡â–‡â–‡â–‡â–‡â–‡â–‡â–ˆâ–‡â–‡â–ˆâ–ˆâ–ˆâ–ˆâ–ˆâ–ˆ
wandb:   t_loss â–ˆâ–ˆâ–ˆâ–ˆâ–‡â–‡â–‡â–‡â–†â–†â–†â–†â–…â–…â–…â–…â–„â–„â–„â–ƒâ–„â–ƒâ–ƒâ–ƒâ–ƒâ–ƒâ–‚â–ƒâ–‚â–‚â–‚â–‚â–‚â–‚â–‚â–â–â–â–â–
wandb: 
wandb: Run summary:
wandb:     e_F1 61.41142
wandb:   e_loss 0.9538
wandb:     t_F1 75.22283
wandb:   t_loss 0.6807
wandb: 
wandb: Synced 4 W&B file(s), 0 media file(s), 0 artifact file(s) and 0 other file(s)
wandb: Synced dry-jazz-3: https://wandb.ai/yinanazhou/xl_512_bs_8_lr_1e06_es_15_lc_True_nr_False_sr_False_stem_False_lemma_False_repeat_3_fold_1/runs/1u6goj3t
wandb: Find logs at: ./wandb/run-20220316_143320-1u6goj3t/logs/debug.log
wandb: 

wandb: wandb version 0.12.11 is available!  To upgrade, please run:
wandb:  $ pip install wandb --upgrade
2022-03-16 16:16:24.621901: I tensorflow/stream_executor/platform/default/dso_loader.cc:48] Successfully opened dynamic library libcudart.so.10.1
wandb: Tracking run with wandb version 0.12.5
wandb: Syncing run mild-durian-3
wandb: â­ï¸ View project at https://wandb.ai/yinanazhou/xl_512_bs_8_lr_1e06_es_15_lc_True_nr_False_sr_False_stem_False_lemma_False_repeat_3_fold_2
wandb: ðŸš€ View run at https://wandb.ai/yinanazhou/xl_512_bs_8_lr_1e06_es_15_lc_True_nr_False_sr_False_stem_False_lemma_False_repeat_3_fold_2/runs/e7a2c4dz
wandb: Run data is saved locally in /project/6002780/yinan/Thesis_MER_Lyrics/lyric-emotion/wandb/run-20220316_161622-e7a2c4dz
wandb: Run `wandb offline` to turn off syncing.
slurmstepd: error: *** JOB 29019236 ON cdr2638 CANCELLED AT 2022-03-16T16:45:07 ***
