Unloading StdEnv/2020

Due to MODULEPATH changes, the following have been reloaded:
  1) mii/1.1.1


The following have been reloaded with a version change:
  1) python/3.8.2 => python/3.7.4

Using base prefix '/cvmfs/soft.computecanada.ca/easybuild/software/2017/Core/python/3.7.4'
New python executable in /localscratch/yinan.28258520.0/env/bin/python
Installing setuptools, pip, wheel...
done.
Ignoring pip: markers 'python_version < "3"' don't match your environment
Looking in links: /cvmfs/soft.computecanada.ca/custom/python/wheelhouse/nix/avx2, /cvmfs/soft.computecanada.ca/custom/python/wheelhouse/nix/generic, /cvmfs/soft.computecanada.ca/custom/python/wheelhouse/generic
Collecting pip
Installing collected packages: pip
  Found existing installation: pip 19.1.1
    Uninstalling pip-19.1.1:
      Successfully uninstalled pip-19.1.1
Successfully installed pip-21.2.3+computecanada
Looking in links: /cvmfs/soft.computecanada.ca/custom/python/wheelhouse/nix/avx2, /cvmfs/soft.computecanada.ca/custom/python/wheelhouse/nix/generic, /cvmfs/soft.computecanada.ca/custom/python/wheelhouse/generic
Processing /cvmfs/soft.computecanada.ca/custom/python/wheelhouse/generic/keras-2.8.0+computecanada-py2.py3-none-any.whl
Processing /cvmfs/soft.computecanada.ca/custom/python/wheelhouse/generic/Keras_Preprocessing-1.1.2+computecanada-py3-none-any.whl
Requirement already satisfied: matplotlib in /cvmfs/soft.computecanada.ca/easybuild/software/2017/Core/scipy-stack/2019a/lib/python3.7/site-packages (from -r requirements.txt (line 3)) (3.0.2)
Processing /cvmfs/soft.computecanada.ca/custom/python/wheelhouse/generic/nltk-3.6.5+computecanada-py3-none-any.whl
Processing /cvmfs/soft.computecanada.ca/custom/python/wheelhouse/generic/scikit_learn-0.22.1+computecanada-cp37-cp37m-linux_x86_64.whl
Processing /cvmfs/soft.computecanada.ca/custom/python/wheelhouse/generic/tensorboard-2.3.0+computecanada-py3-none-any.whl
Processing /cvmfs/soft.computecanada.ca/custom/python/wheelhouse/generic/tensorboard_plugin_wit-1.7.0+computecanada-py3-none-any.whl
Processing /cvmfs/soft.computecanada.ca/custom/python/wheelhouse/generic/tensorflow_gpu-2.3.0+computecanada-cp37-cp37m-linux_x86_64.whl
Processing /cvmfs/soft.computecanada.ca/custom/python/wheelhouse/generic/tensorflow_estimator-2.3.0+computecanada-py2.py3-none-any.whl
Processing /cvmfs/soft.computecanada.ca/custom/python/wheelhouse/generic/tokenizers-0.5.2+computecanada-cp37-cp37m-linux_x86_64.whl
Processing /cvmfs/soft.computecanada.ca/custom/python/wheelhouse/nix/avx2/torch-1.4.0+computecanada-cp37-cp37m-linux_x86_64.whl
Processing /cvmfs/soft.computecanada.ca/custom/python/wheelhouse/generic/torchtext-0.6.0+computecanada-py3-none-any.whl
Processing /cvmfs/soft.computecanada.ca/custom/python/wheelhouse/generic/torchvision-0.8.2+computecanada-cp37-cp37m-linux_x86_64.whl
Processing /cvmfs/soft.computecanada.ca/custom/python/wheelhouse/generic/transformers-2.5.1+computecanada-py3-none-any.whl
Processing /cvmfs/soft.computecanada.ca/custom/python/wheelhouse/generic/urllib3-1.26.7+computecanada-py2.py3-none-any.whl
ERROR: Could not find a version that satisfies the requirement regex>=2021.8.3 (from nltk) (from versions: 2018.1.10+computecanada, 2019.11.1+computecanada, 2020.11.13+computecanada)
ERROR: No matching distribution found for regex>=2021.8.3
Looking in links: /cvmfs/soft.computecanada.ca/custom/python/wheelhouse/nix/avx2, /cvmfs/soft.computecanada.ca/custom/python/wheelhouse/nix/generic, /cvmfs/soft.computecanada.ca/custom/python/wheelhouse/generic
ERROR: Could not find a version that satisfies the requirement numpy==1.20.0+computacanada (from versions: 1.15.0+computecanada, 1.15.2+computecanada, 1.15.4+computecanada, 1.16.0+computecanada, 1.16.2+computecanada, 1.16.3+computecanada, 1.17.4+computecanada, 1.18.1+computecanada, 1.18.4+computecanada, 1.19.1+computecanada, 1.19.2+computecanada, 1.20.2+computecanada)
ERROR: No matching distribution found for numpy==1.20.0+computacanada
Looking in links: /cvmfs/soft.computecanada.ca/custom/python/wheelhouse/nix/avx2, /cvmfs/soft.computecanada.ca/custom/python/wheelhouse/nix/generic, /cvmfs/soft.computecanada.ca/custom/python/wheelhouse/generic
Processing /cvmfs/soft.computecanada.ca/custom/python/wheelhouse/generic/wandb-0.12.5+computecanada-py2.py3-none-any.whl
Processing /cvmfs/soft.computecanada.ca/custom/python/wheelhouse/generic/yaspin-2.1.0+computecanada-py3-none-any.whl
Processing /cvmfs/soft.computecanada.ca/custom/python/wheelhouse/generic/six-1.16.0+computecanada-py2.py3-none-any.whl
Processing /cvmfs/soft.computecanada.ca/custom/python/wheelhouse/generic/promise-2.3+computecanada-py3-none-any.whl
Processing /cvmfs/soft.computecanada.ca/custom/python/wheelhouse/generic/PyYAML-5.3.1+computecanada-cp37-cp37m-linux_x86_64.whl
Processing /cvmfs/soft.computecanada.ca/custom/python/wheelhouse/generic/pathtools-0.1.2+computecanada-py3-none-any.whl
Processing /cvmfs/soft.computecanada.ca/custom/python/wheelhouse/generic/shortuuid-1.0.1+computecanada-py3-none-any.whl
Processing /cvmfs/soft.computecanada.ca/custom/python/wheelhouse/generic/docker_pycreds-0.4.0+computecanada-py2.py3-none-any.whl
Processing /cvmfs/soft.computecanada.ca/custom/python/wheelhouse/generic/GitPython-3.1.24+computecanada-py3-none-any.whl
Processing /cvmfs/soft.computecanada.ca/custom/python/wheelhouse/generic/sentry_sdk-1.5.0+computecanada-py2.py3-none-any.whl
Processing /cvmfs/soft.computecanada.ca/custom/python/wheelhouse/generic/click-8.0.3+computecanada-py3-none-any.whl
Requirement already satisfied: requests<3,>=2.0.0 in /cvmfs/soft.computecanada.ca/easybuild/software/2017/Core/scipy-stack/2019a/lib/python3.7/site-packages (from wandb) (2.21.0)
Processing /cvmfs/soft.computecanada.ca/custom/python/wheelhouse/generic/configparser-5.0.2+computecanada-py3-none-any.whl
Processing /cvmfs/soft.computecanada.ca/custom/python/wheelhouse/generic/protobuf-3.19.3+computecanada-py2.py3-none-any.whl
Processing /cvmfs/soft.computecanada.ca/custom/python/wheelhouse/generic/psutil-5.7.3+computecanada-cp37-cp37m-linux_x86_64.whl
Processing /cvmfs/soft.computecanada.ca/custom/python/wheelhouse/generic/subprocess32-3.5.4+computecanada-py3-none-any.whl
Requirement already satisfied: python-dateutil>=2.6.1 in /cvmfs/soft.computecanada.ca/easybuild/software/2017/Core/scipy-stack/2019a/lib/python3.7/site-packages (from wandb) (2.7.5)
Requirement already satisfied: importlib-metadata in /cvmfs/soft.computecanada.ca/easybuild/software/2017/Core/scipy-stack/2019a/lib/python3.7/site-packages (from Click!=8.0.0,>=7.0->wandb) (0.8)
Processing /cvmfs/soft.computecanada.ca/custom/python/wheelhouse/generic/gitdb-4.0.9+computecanada-py3-none-any.whl
Processing /cvmfs/soft.computecanada.ca/custom/python/wheelhouse/generic/typing_extensions-4.0.1+computecanada-py3-none-any.whl
Processing /cvmfs/soft.computecanada.ca/custom/python/wheelhouse/generic/smmap-5.0.0+computecanada-py3-none-any.whl
Requirement already satisfied: idna<2.9,>=2.5 in /cvmfs/soft.computecanada.ca/easybuild/software/2017/Core/scipy-stack/2019a/lib/python3.7/site-packages (from requests<3,>=2.0.0->wandb) (2.8)
Requirement already satisfied: chardet<3.1.0,>=3.0.2 in /cvmfs/soft.computecanada.ca/easybuild/software/2017/Core/scipy-stack/2019a/lib/python3.7/site-packages (from requests<3,>=2.0.0->wandb) (3.0.4)
Requirement already satisfied: certifi>=2017.4.17 in /cvmfs/soft.computecanada.ca/easybuild/software/2017/Core/scipy-stack/2019a/lib/python3.7/site-packages (from requests<3,>=2.0.0->wandb) (2018.11.29)
Requirement already satisfied: urllib3<1.25,>=1.21.1 in /cvmfs/soft.computecanada.ca/easybuild/software/2017/Core/scipy-stack/2019a/lib/python3.7/site-packages (from requests<3,>=2.0.0->wandb) (1.24.1)
Processing /cvmfs/soft.computecanada.ca/custom/python/wheelhouse/generic/termcolor-1.1.0+computecanada-py3-none-any.whl
Requirement already satisfied: zipp>=0.3.2 in /cvmfs/soft.computecanada.ca/easybuild/software/2017/Core/scipy-stack/2019a/lib/python3.7/site-packages (from importlib-metadata->Click!=8.0.0,>=7.0->wandb) (0.3.3)
Installing collected packages: smmap, typing-extensions, termcolor, six, gitdb, yaspin, subprocess32, shortuuid, sentry-sdk, PyYAML, psutil, protobuf, promise, pathtools, GitPython, docker-pycreds, configparser, Click, wandb
  Attempting uninstall: six
    Found existing installation: six 1.12.0
    Not uninstalling six at /cvmfs/soft.computecanada.ca/easybuild/software/2017/Core/scipy-stack/2019a/lib/python3.7/site-packages, outside environment /localscratch/yinan.28258520.0/env
    Can't uninstall 'six'. No files were found to uninstall.
Successfully installed Click-8.0.3+computecanada GitPython-3.1.24+computecanada PyYAML-5.3.1+computecanada configparser-5.0.2+computecanada docker-pycreds-0.4.0+computecanada gitdb-4.0.9+computecanada pathtools-0.1.2+computecanada promise-2.3+computecanada protobuf-3.19.3+computecanada psutil-5.7.3+computecanada sentry-sdk-1.5.0+computecanada shortuuid-1.0.1+computecanada six-1.16.0+computecanada smmap-5.0.0+computecanada subprocess32-3.5.4+computecanada termcolor-1.1.0+computecanada typing-extensions-4.0.1+computecanada wandb-0.12.5+computecanada yaspin-2.1.0+computecanada
Looking in links: /cvmfs/soft.computecanada.ca/custom/python/wheelhouse/nix/avx2, /cvmfs/soft.computecanada.ca/custom/python/wheelhouse/nix/generic, /cvmfs/soft.computecanada.ca/custom/python/wheelhouse/generic
ERROR: Could not find a version that satisfies the requirement sagemaker (from versions: none)
ERROR: No matching distribution found for sagemaker
Looking in links: /cvmfs/soft.computecanada.ca/custom/python/wheelhouse/nix/avx2, /cvmfs/soft.computecanada.ca/custom/python/wheelhouse/nix/generic, /cvmfs/soft.computecanada.ca/custom/python/wheelhouse/generic
Processing /cvmfs/soft.computecanada.ca/custom/python/wheelhouse/generic/torch-1.9.1+computecanada-cp37-cp37m-linux_x86_64.whl
Requirement already satisfied: typing-extensions in /localscratch/yinan.28258520.0/env/lib/python3.7/site-packages (from torch) (4.0.1+computecanada)
Installing collected packages: torch
Successfully installed torch-1.9.1+computecanada
Looking in links: /cvmfs/soft.computecanada.ca/custom/python/wheelhouse/nix/avx2, /cvmfs/soft.computecanada.ca/custom/python/wheelhouse/nix/generic, /cvmfs/soft.computecanada.ca/custom/python/wheelhouse/generic
Processing /cvmfs/soft.computecanada.ca/custom/python/wheelhouse/generic/transformers-2.5.1+computecanada-py3-none-any.whl
Processing /cvmfs/soft.computecanada.ca/custom/python/wheelhouse/generic/filelock-3.4.2+computecanada-py3-none-any.whl
Processing /cvmfs/soft.computecanada.ca/custom/python/wheelhouse/generic/regex-2020.11.13+computecanada-cp37-cp37m-linux_x86_64.whl
Processing /cvmfs/soft.computecanada.ca/custom/python/wheelhouse/generic/sentencepiece-0.1.91+computecanada-cp37-cp37m-linux_x86_64.whl
Processing /cvmfs/soft.computecanada.ca/custom/python/wheelhouse/generic/sacremoses-0.0.46+computecanada-py3-none-any.whl
Requirement already satisfied: requests in /cvmfs/soft.computecanada.ca/easybuild/software/2017/Core/scipy-stack/2019a/lib/python3.7/site-packages (from transformers==2.5.1+computecanada) (2.21.0)
Processing /cvmfs/soft.computecanada.ca/custom/python/wheelhouse/generic/boto3-1.20.52+computecanada-py3-none-any.whl
Requirement already satisfied: numpy in /cvmfs/soft.computecanada.ca/easybuild/software/2017/Core/scipy-stack/2019a/lib/python3.7/site-packages (from transformers==2.5.1+computecanada) (1.16.0)
Processing /cvmfs/soft.computecanada.ca/custom/python/wheelhouse/generic/tqdm-4.63.0+computecanada-py2.py3-none-any.whl
Processing /cvmfs/soft.computecanada.ca/custom/python/wheelhouse/generic/tokenizers-0.5.2+computecanada-cp37-cp37m-linux_x86_64.whl
Processing /cvmfs/soft.computecanada.ca/custom/python/wheelhouse/generic/s3transfer-0.5.1+computecanada-py3-none-any.whl
Processing /cvmfs/soft.computecanada.ca/custom/python/wheelhouse/generic/botocore-1.23.52+computecanada-py3-none-any.whl
Processing /cvmfs/soft.computecanada.ca/custom/python/wheelhouse/generic/jmespath-0.10.0+computecanada-py2.py3-none-any.whl
Processing /cvmfs/soft.computecanada.ca/custom/python/wheelhouse/generic/urllib3-1.26.8+computecanada-py2.py3-none-any.whl
Requirement already satisfied: python-dateutil<3.0.0,>=2.1 in /cvmfs/soft.computecanada.ca/easybuild/software/2017/Core/scipy-stack/2019a/lib/python3.7/site-packages (from botocore<1.24.0,>=1.23.52->boto3->transformers==2.5.1+computecanada) (2.7.5)
Requirement already satisfied: six>=1.5 in /localscratch/yinan.28258520.0/env/lib/python3.7/site-packages (from python-dateutil<3.0.0,>=2.1->botocore<1.24.0,>=1.23.52->boto3->transformers==2.5.1+computecanada) (1.16.0+computecanada)
Requirement already satisfied: certifi>=2017.4.17 in /cvmfs/soft.computecanada.ca/easybuild/software/2017/Core/scipy-stack/2019a/lib/python3.7/site-packages (from requests->transformers==2.5.1+computecanada) (2018.11.29)
Requirement already satisfied: chardet<3.1.0,>=3.0.2 in /cvmfs/soft.computecanada.ca/easybuild/software/2017/Core/scipy-stack/2019a/lib/python3.7/site-packages (from requests->transformers==2.5.1+computecanada) (3.0.4)
Processing /cvmfs/soft.computecanada.ca/custom/python/wheelhouse/generic/requests-2.27.1+computecanada-py2.py3-none-any.whl
Processing /cvmfs/soft.computecanada.ca/custom/python/wheelhouse/generic/charset_normalizer-2.0.11+computecanada-py3-none-any.whl
Requirement already satisfied: idna<4,>=2.5 in /cvmfs/soft.computecanada.ca/easybuild/software/2017/Core/scipy-stack/2019a/lib/python3.7/site-packages (from requests->transformers==2.5.1+computecanada) (2.8)
Requirement already satisfied: click in /localscratch/yinan.28258520.0/env/lib/python3.7/site-packages (from sacremoses->transformers==2.5.1+computecanada) (8.0.3+computecanada)
Processing /cvmfs/soft.computecanada.ca/custom/python/wheelhouse/generic/joblib-1.1.0+computecanada-py2.py3-none-any.whl
Requirement already satisfied: importlib-metadata in /cvmfs/soft.computecanada.ca/easybuild/software/2017/Core/scipy-stack/2019a/lib/python3.7/site-packages (from click->sacremoses->transformers==2.5.1+computecanada) (0.8)
Requirement already satisfied: zipp>=0.3.2 in /cvmfs/soft.computecanada.ca/easybuild/software/2017/Core/scipy-stack/2019a/lib/python3.7/site-packages (from importlib-metadata->click->sacremoses->transformers==2.5.1+computecanada) (0.3.3)
Installing collected packages: urllib3, jmespath, botocore, tqdm, s3transfer, regex, joblib, charset-normalizer, tokenizers, sentencepiece, sacremoses, requests, filelock, boto3, transformers
  Attempting uninstall: urllib3
    Found existing installation: urllib3 1.24.1
    Not uninstalling urllib3 at /cvmfs/soft.computecanada.ca/easybuild/software/2017/Core/scipy-stack/2019a/lib/python3.7/site-packages, outside environment /localscratch/yinan.28258520.0/env
    Can't uninstall 'urllib3'. No files were found to uninstall.
  Attempting uninstall: requests
    Found existing installation: requests 2.21.0
    Not uninstalling requests at /cvmfs/soft.computecanada.ca/easybuild/software/2017/Core/scipy-stack/2019a/lib/python3.7/site-packages, outside environment /localscratch/yinan.28258520.0/env
    Can't uninstall 'requests'. No files were found to uninstall.
Successfully installed boto3-1.20.52+computecanada botocore-1.23.52+computecanada charset-normalizer-2.0.11+computecanada filelock-3.4.2+computecanada jmespath-0.10.0+computecanada joblib-1.1.0+computecanada regex-2020.11.13+computecanada requests-2.27.1+computecanada s3transfer-0.5.1+computecanada sacremoses-0.0.46+computecanada sentencepiece-0.1.91+computecanada tokenizers-0.5.2+computecanada tqdm-4.63.0+computecanada transformers-2.5.1+computecanada urllib3-1.26.8+computecanada
Looking in links: /cvmfs/soft.computecanada.ca/custom/python/wheelhouse/nix/avx2, /cvmfs/soft.computecanada.ca/custom/python/wheelhouse/nix/generic, /cvmfs/soft.computecanada.ca/custom/python/wheelhouse/generic
Processing /cvmfs/soft.computecanada.ca/custom/python/wheelhouse/generic/tensorflow_gpu-2.3.0+computecanada-cp37-cp37m-linux_x86_64.whl
Requirement already satisfied: numpy<1.19.0,>=1.16.0 in /cvmfs/soft.computecanada.ca/easybuild/software/2017/Core/scipy-stack/2019a/lib/python3.7/site-packages (from tensorflow_gpu==2.3.0+computecanada) (1.16.0)
Processing /cvmfs/soft.computecanada.ca/custom/python/wheelhouse/nix/generic/scipy-1.4.1+computecanada-cp37-cp37m-linux_x86_64.whl
Processing /cvmfs/soft.computecanada.ca/custom/python/wheelhouse/generic/opt_einsum-3.3.0+computecanada-py3-none-any.whl
Processing /cvmfs/soft.computecanada.ca/custom/python/wheelhouse/generic/tensorflow_estimator-2.3.0+computecanada-py2.py3-none-any.whl
Requirement already satisfied: six>=1.12.0 in /localscratch/yinan.28258520.0/env/lib/python3.7/site-packages (from tensorflow_gpu==2.3.0+computecanada) (1.16.0+computecanada)
Processing /cvmfs/soft.computecanada.ca/custom/python/wheelhouse/generic/absl_py-1.0.0+computecanada-py3-none-any.whl
Processing /cvmfs/soft.computecanada.ca/custom/python/wheelhouse/generic/Keras_Preprocessing-1.1.2+computecanada-py3-none-any.whl
Processing /cvmfs/soft.computecanada.ca/custom/python/wheelhouse/generic/grpcio-1.38.0+computecanada-cp37-cp37m-linux_x86_64.whl
Requirement already satisfied: termcolor>=1.1.0 in /localscratch/yinan.28258520.0/env/lib/python3.7/site-packages (from tensorflow_gpu==2.3.0+computecanada) (1.1.0+computecanada)
Processing /cvmfs/soft.computecanada.ca/custom/python/wheelhouse/generic/google_pasta-0.2.0+computecanada-py3-none-any.whl
Processing /cvmfs/soft.computecanada.ca/custom/python/wheelhouse/generic/tensorboard-2.8.0+computecanada-py3-none-any.whl
Processing /cvmfs/soft.computecanada.ca/custom/python/wheelhouse/nix/avx2/h5py-2.10.0+computecanada-cp37-cp37m-linux_x86_64.whl
Requirement already satisfied: protobuf>=3.9.2 in /localscratch/yinan.28258520.0/env/lib/python3.7/site-packages (from tensorflow_gpu==2.3.0+computecanada) (3.19.3+computecanada)
Processing /cvmfs/soft.computecanada.ca/custom/python/wheelhouse/generic/wrapt-1.11.2+computecanada-cp37-cp37m-linux_x86_64.whl
Processing /cvmfs/soft.computecanada.ca/custom/python/wheelhouse/generic/gast-0.3.3+computecanada-py3-none-any.whl
Requirement already satisfied: wheel>=0.26 in /localscratch/yinan.28258520.0/env/lib/python3.7/site-packages (from tensorflow_gpu==2.3.0+computecanada) (0.33.4)
Processing /cvmfs/soft.computecanada.ca/custom/python/wheelhouse/generic/astunparse-1.6.3+computecanada-py2.py3-none-any.whl
Requirement already satisfied: setuptools>=41.0.0 in /localscratch/yinan.28258520.0/env/lib/python3.7/site-packages (from tensorboard<3,>=2.3.0->tensorflow_gpu==2.3.0+computecanada) (41.0.1)
Processing /cvmfs/soft.computecanada.ca/custom/python/wheelhouse/generic/tensorboard_data_server-0.6.1+computecanada-py3-none-linux_x86_64.whl
Processing /cvmfs/soft.computecanada.ca/custom/python/wheelhouse/generic/tensorboard_plugin_wit-1.8.0+computecanada-py3-none-any.whl
Requirement already satisfied: requests<3,>=2.21.0 in /localscratch/yinan.28258520.0/env/lib/python3.7/site-packages (from tensorboard<3,>=2.3.0->tensorflow_gpu==2.3.0+computecanada) (2.27.1+computecanada)
Processing /cvmfs/soft.computecanada.ca/custom/python/wheelhouse/generic/Markdown-3.3.6+computecanada-py3-none-any.whl
Processing /cvmfs/soft.computecanada.ca/custom/python/wheelhouse/generic/google_auth_oauthlib-0.4.6+computecanada-py2.py3-none-any.whl
Processing /cvmfs/soft.computecanada.ca/custom/python/wheelhouse/generic/Werkzeug-2.0.3+computecanada-py3-none-any.whl
Processing /cvmfs/soft.computecanada.ca/custom/python/wheelhouse/generic/google_auth-2.3.3+computecanada-py2.py3-none-any.whl
Processing /cvmfs/soft.computecanada.ca/custom/python/wheelhouse/generic/rsa-4.8+computecanada-py3-none-any.whl
Processing /cvmfs/soft.computecanada.ca/custom/python/wheelhouse/generic/cachetools-4.2.4+computecanada-py3-none-any.whl
Processing /cvmfs/soft.computecanada.ca/custom/python/wheelhouse/generic/pyasn1_modules-0.2.8+computecanada-py2.py3-none-any.whl
Processing /cvmfs/soft.computecanada.ca/custom/python/wheelhouse/generic/requests_oauthlib-1.3.0+computecanada-py2.py3-none-any.whl
Processing /cvmfs/soft.computecanada.ca/custom/python/wheelhouse/generic/importlib_metadata-4.10.1+computecanada-py3-none-any.whl
Requirement already satisfied: typing-extensions>=3.6.4 in /localscratch/yinan.28258520.0/env/lib/python3.7/site-packages (from importlib-metadata>=4.4->markdown>=2.6.8->tensorboard<3,>=2.3.0->tensorflow_gpu==2.3.0+computecanada) (4.0.1+computecanada)
Processing /cvmfs/soft.computecanada.ca/custom/python/wheelhouse/generic/zipp-3.7.0+computecanada-py3-none-any.whl
Processing /cvmfs/soft.computecanada.ca/custom/python/wheelhouse/generic/pyasn1-0.4.8+computecanada-py2.py3-none-any.whl
Requirement already satisfied: idna<4,>=2.5 in /cvmfs/soft.computecanada.ca/easybuild/software/2017/Core/scipy-stack/2019a/lib/python3.7/site-packages (from requests<3,>=2.21.0->tensorboard<3,>=2.3.0->tensorflow_gpu==2.3.0+computecanada) (2.8)
Requirement already satisfied: certifi>=2017.4.17 in /cvmfs/soft.computecanada.ca/easybuild/software/2017/Core/scipy-stack/2019a/lib/python3.7/site-packages (from requests<3,>=2.21.0->tensorboard<3,>=2.3.0->tensorflow_gpu==2.3.0+computecanada) (2018.11.29)
Requirement already satisfied: urllib3<1.27,>=1.21.1 in /localscratch/yinan.28258520.0/env/lib/python3.7/site-packages (from requests<3,>=2.21.0->tensorboard<3,>=2.3.0->tensorflow_gpu==2.3.0+computecanada) (1.26.8+computecanada)
Requirement already satisfied: charset-normalizer~=2.0.0 in /localscratch/yinan.28258520.0/env/lib/python3.7/site-packages (from requests<3,>=2.21.0->tensorboard<3,>=2.3.0->tensorflow_gpu==2.3.0+computecanada) (2.0.11+computecanada)
Processing /cvmfs/soft.computecanada.ca/custom/python/wheelhouse/generic/oauthlib-3.1.1+computecanada-py2.py3-none-any.whl
Installing collected packages: pyasn1, zipp, rsa, pyasn1-modules, oauthlib, cachetools, requests-oauthlib, importlib-metadata, google-auth, werkzeug, tensorboard-plugin-wit, tensorboard-data-server, markdown, grpcio, google-auth-oauthlib, absl-py, wrapt, tensorflow-estimator, tensorboard, scipy, opt-einsum, keras-preprocessing, h5py, google-pasta, gast, astunparse, tensorflow-gpu
  Attempting uninstall: pyasn1
    Found existing installation: pyasn1 0.4.3
    Not uninstalling pyasn1 at /cvmfs/soft.computecanada.ca/easybuild/software/2017/Core/scipy-stack/2019a/lib/python3.7/site-packages, outside environment /localscratch/yinan.28258520.0/env
    Can't uninstall 'pyasn1'. No files were found to uninstall.
  Attempting uninstall: zipp
    Found existing installation: zipp 0.3.3
    Not uninstalling zipp at /cvmfs/soft.computecanada.ca/easybuild/software/2017/Core/scipy-stack/2019a/lib/python3.7/site-packages, outside environment /localscratch/yinan.28258520.0/env
    Can't uninstall 'zipp'. No files were found to uninstall.
  Attempting uninstall: importlib-metadata
    Found existing installation: importlib-metadata 0.8
    Not uninstalling importlib-metadata at /cvmfs/soft.computecanada.ca/easybuild/software/2017/Core/scipy-stack/2019a/lib/python3.7/site-packages, outside environment /localscratch/yinan.28258520.0/env
    Can't uninstall 'importlib-metadata'. No files were found to uninstall.
  Attempting uninstall: scipy
    Found existing installation: scipy 1.2.0
    Not uninstalling scipy at /cvmfs/soft.computecanada.ca/easybuild/software/2017/Core/scipy-stack/2019a/lib/python3.7/site-packages, outside environment /localscratch/yinan.28258520.0/env
    Can't uninstall 'scipy'. No files were found to uninstall.
Successfully installed absl-py-1.0.0+computecanada astunparse-1.6.3+computecanada cachetools-4.2.4+computecanada gast-0.3.3+computecanada google-auth-2.3.3+computecanada google-auth-oauthlib-0.4.6+computecanada google-pasta-0.2.0+computecanada grpcio-1.38.0+computecanada h5py-2.10.0+computecanada importlib-metadata-4.10.1+computecanada keras-preprocessing-1.1.2+computecanada markdown-3.3.6+computecanada oauthlib-3.1.1+computecanada opt-einsum-3.3.0+computecanada pyasn1-0.4.8+computecanada pyasn1-modules-0.2.8+computecanada requests-oauthlib-1.3.0+computecanada rsa-4.8+computecanada scipy-1.4.1+computecanada tensorboard-2.8.0+computecanada tensorboard-data-server-0.6.1+computecanada tensorboard-plugin-wit-1.8.0+computecanada tensorflow-estimator-2.3.0+computecanada tensorflow-gpu-2.3.0+computecanada werkzeug-2.0.3+computecanada wrapt-1.11.2+computecanada zipp-3.7.0+computecanada
Looking in links: /cvmfs/soft.computecanada.ca/custom/python/wheelhouse/nix/avx2, /cvmfs/soft.computecanada.ca/custom/python/wheelhouse/nix/generic, /cvmfs/soft.computecanada.ca/custom/python/wheelhouse/generic
Processing /cvmfs/soft.computecanada.ca/custom/python/wheelhouse/generic/keras-2.8.0+computecanada-py2.py3-none-any.whl
Installing collected packages: Keras
Successfully installed Keras-2.8.0+computecanada
Looking in links: /cvmfs/soft.computecanada.ca/custom/python/wheelhouse/nix/avx2, /cvmfs/soft.computecanada.ca/custom/python/wheelhouse/nix/generic, /cvmfs/soft.computecanada.ca/custom/python/wheelhouse/generic
Processing /cvmfs/soft.computecanada.ca/custom/python/wheelhouse/generic/urllib3-1.26.7+computecanada-py2.py3-none-any.whl
Installing collected packages: urllib3
  Attempting uninstall: urllib3
    Found existing installation: urllib3 1.26.8+computecanada
    Uninstalling urllib3-1.26.8+computecanada:
      Successfully uninstalled urllib3-1.26.8+computecanada
Successfully installed urllib3-1.26.7+computecanada
Looking in links: /cvmfs/soft.computecanada.ca/custom/python/wheelhouse/nix/avx2, /cvmfs/soft.computecanada.ca/custom/python/wheelhouse/nix/generic, /cvmfs/soft.computecanada.ca/custom/python/wheelhouse/generic
Processing /cvmfs/soft.computecanada.ca/custom/python/wheelhouse/generic/nltk-3.7+computecanada-py3-none-any.whl
Processing /cvmfs/soft.computecanada.ca/custom/python/wheelhouse/generic/nltk-3.6.5+computecanada-py3-none-any.whl
Processing /cvmfs/soft.computecanada.ca/custom/python/wheelhouse/generic/nltk-3.6.3+computecanada-py3-none-any.whl
Requirement already satisfied: click in /localscratch/yinan.28258520.0/env/lib/python3.7/site-packages (from nltk) (8.0.3+computecanada)
Requirement already satisfied: joblib in /localscratch/yinan.28258520.0/env/lib/python3.7/site-packages (from nltk) (1.1.0+computecanada)
Requirement already satisfied: tqdm in /localscratch/yinan.28258520.0/env/lib/python3.7/site-packages (from nltk) (4.63.0+computecanada)
Requirement already satisfied: regex in /localscratch/yinan.28258520.0/env/lib/python3.7/site-packages (from nltk) (2020.11.13+computecanada)
Requirement already satisfied: importlib-metadata in /localscratch/yinan.28258520.0/env/lib/python3.7/site-packages (from click->nltk) (4.10.1+computecanada)
Requirement already satisfied: typing-extensions>=3.6.4 in /localscratch/yinan.28258520.0/env/lib/python3.7/site-packages (from importlib-metadata->click->nltk) (4.0.1+computecanada)
Requirement already satisfied: zipp>=0.5 in /localscratch/yinan.28258520.0/env/lib/python3.7/site-packages (from importlib-metadata->click->nltk) (3.7.0+computecanada)
Installing collected packages: nltk
Successfully installed nltk-3.6.3+computecanada
Looking in links: /cvmfs/soft.computecanada.ca/custom/python/wheelhouse/nix/avx2, /cvmfs/soft.computecanada.ca/custom/python/wheelhouse/nix/generic, /cvmfs/soft.computecanada.ca/custom/python/wheelhouse/generic
Processing /cvmfs/soft.computecanada.ca/custom/python/wheelhouse/generic/scikit_learn-0.22.1+computecanada-cp37-cp37m-linux_x86_64.whl
Requirement already satisfied: numpy>=1.11.0 in /cvmfs/soft.computecanada.ca/easybuild/software/2017/Core/scipy-stack/2019a/lib/python3.7/site-packages (from scikit-learn==0.22.1) (1.16.0)
Requirement already satisfied: joblib>=0.11 in /localscratch/yinan.28258520.0/env/lib/python3.7/site-packages (from scikit-learn==0.22.1) (1.1.0+computecanada)
Requirement already satisfied: scipy>=0.17.0 in /localscratch/yinan.28258520.0/env/lib/python3.7/site-packages (from scikit-learn==0.22.1) (1.4.1+computecanada)
Installing collected packages: scikit-learn
Successfully installed scikit-learn-0.22.1+computecanada
Looking in links: /cvmfs/soft.computecanada.ca/custom/python/wheelhouse/nix/avx2, /cvmfs/soft.computecanada.ca/custom/python/wheelhouse/nix/generic, /cvmfs/soft.computecanada.ca/custom/python/wheelhouse/generic
Requirement already satisfied: tokenizers==0.5.2 in /localscratch/yinan.28258520.0/env/lib/python3.7/site-packages (0.5.2+computecanada)
wandb: Appending key for api.wandb.ai to your netrc file: /home/yinan/.netrc
Starting Task
2022-03-05 11:38:38.977337: I tensorflow/stream_executor/platform/default/dso_loader.cc:48] Successfully opened dynamic library libcudart.so.10.1
[nltk_data] Downloading package stopwords to /home/yinan/nltk_data...
[nltk_data]   Package stopwords is already up-to-date!
[nltk_data] Downloading package wordnet to /home/yinan/nltk_data...
[nltk_data]   Package wordnet is already up-to-date!
wandb: Currently logged in as: yinanazhou (use `wandb login --relogin` to force relogin)
wandb: wandb version 0.12.11 is available!  To upgrade, please run:
wandb:  $ pip install wandb --upgrade
2022-03-05 11:38:51.993829: I tensorflow/stream_executor/platform/default/dso_loader.cc:48] Successfully opened dynamic library libcudart.so.10.1
wandb: Tracking run with wandb version 0.12.5
wandb: Syncing run worthy-tree-2
wandb: ⭐️ View project at https://wandb.ai/yinanazhou/xl_512_bs_8_lr_1e06_es_25_lc_False_nr_False_stem_False_lemma_True_repeat_1_fold_1
wandb: 🚀 View run at https://wandb.ai/yinanazhou/xl_512_bs_8_lr_1e06_es_25_lc_False_nr_False_stem_False_lemma_True_repeat_1_fold_1/runs/32z3hpcx
wandb: Run data is saved locally in /project/6002780/yinan/Thesis_MER_Lyrics/lyric-emotion/wandb/run-20220305_113849-32z3hpcx
wandb: Run `wandb offline` to turn off syncing.

Validation loss decreased (inf --> 1.365515).  Saving model ...
Validation loss decreased (1.365515 --> 1.322432).  Saving model ...
Validation loss decreased (1.322432 --> 1.298282).  Saving model ...
Validation loss decreased (1.298282 --> 1.270022).  Saving model ...
Validation loss decreased (1.270022 --> 1.241185).  Saving model ...
Validation loss decreased (1.241185 --> 1.210205).  Saving model ...
Validation loss decreased (1.210205 --> 1.188560).  Saving model ...
Validation loss decreased (1.188560 --> 1.163769).  Saving model ...
Validation loss decreased (1.163769 --> 1.130030).  Saving model ...
Validation loss decreased (1.130030 --> 1.109253).  Saving model ...
Validation loss decreased (1.109253 --> 1.074270).  Saving model ...
Validation loss decreased (1.074270 --> 1.054346).  Saving model ...
Validation loss decreased (1.054346 --> 1.042861).  Saving model ...
Validation loss decreased (1.042861 --> 1.034933).  Saving model ...
Validation loss decreased (1.034933 --> 1.008160).  Saving model ...
EarlyStopping counter: 1 out of 25.0
Validation loss decreased (1.008160 --> 0.996438).  Saving model ...
Validation loss decreased (0.996438 --> 0.983631).  Saving model ...
Validation loss decreased (0.983631 --> 0.983123).  Saving model ...
Validation loss decreased (0.983123 --> 0.975090).  Saving model ...
Validation loss decreased (0.975090 --> 0.970475).  Saving model ...
Validation loss decreased (0.970475 --> 0.970147).  Saving model ...
Validation loss decreased (0.970147 --> 0.968948).  Saving model ...
Validation loss decreased (0.968948 --> 0.967202).  Saving model ...
Validation loss decreased (0.967202 --> 0.964082).  Saving model ...
EarlyStopping counter: 1 out of 25.0
EarlyStopping counter: 2 out of 25.0
EarlyStopping counter: 3 out of 25.0
EarlyStopping counter: 4 out of 25.0
EarlyStopping counter: 5 out of 25.0
EarlyStopping counter: 6 out of 25.0
EarlyStopping counter: 7 out of 25.0
EarlyStopping counter: 8 out of 25.0
EarlyStopping counter: 9 out of 25.0
EarlyStopping counter: 10 out of 25.0
EarlyStopping counter: 11 out of 25.0
EarlyStopping counter: 12 out of 25.0
EarlyStopping counter: 13 out of 25.0
EarlyStopping counter: 14 out of 25.0
EarlyStopping counter: 15 out of 25.0
EarlyStopping counter: 16 out of 25.0
EarlyStopping counter: 17 out of 25.0
EarlyStopping counter: 18 out of 25.0
EarlyStopping counter: 19 out of 25.0
EarlyStopping counter: 20 out of 25.0
EarlyStopping counter: 21 out of 25.0
EarlyStopping counter: 22 out of 25.0
EarlyStopping counter: 23 out of 25.0
EarlyStopping counter: 24 out of 25.0
EarlyStopping counter: 25 out of 25.0
/localscratch/yinan.28258520.0/env/lib/python3.7/site-packages/torch/nn/functional.py:1794: UserWarning: nn.functional.tanh is deprecated. Use torch.tanh instead.
  warnings.warn("nn.functional.tanh is deprecated. Use torch.tanh instead.")
/localscratch/yinan.28258520.0/env/lib/python3.7/site-packages/transformers/optimization.py:155: UserWarning: This overload of add_ is deprecated:
	add_(Number alpha, Tensor other)
Consider using one of the following signatures instead:
	add_(Tensor other, *, Number alpha) (Triggered internally at  ../torch/csrc/utils/python_arg_parser.cpp:1025.)
  exp_avg.mul_(beta1).add_(1.0 - beta1, grad)
wandb: Waiting for W&B process to finish, PID 142159... (success).
wandb: - 0.00MB of 0.00MB uploaded (0.00MB deduped)wandb: \ 0.00MB of 0.00MB uploaded (0.00MB deduped)wandb: | 0.00MB of 0.00MB uploaded (0.00MB deduped)wandb: / 0.00MB of 0.00MB uploaded (0.00MB deduped)wandb: - 0.00MB of 0.00MB uploaded (0.00MB deduped)wandb:                                                                                
wandb: Run history:
wandb:     e_F1 ▁▃▃▃▄▅▅▅▆▆▆▆▇▇▇▇▇▇▇▇████████████████████
wandb:   e_loss █▇▇▆▅▅▄▄▃▃▂▂▂▂▁▁▁▁▁▁▁▁▁▁▁▁▁▁▁▂▂▂▂▂▂▂▂▃▃▃
wandb:     t_F1 ▁▂▂▂▄▄▃▄▅▅▅▅▅▅▆▆▆▆▆▆▆▇▇▇▇▇▇▇▇▇▇▇█▇██████
wandb:   t_loss ██▇▇▇▇▆▆▅▅▅▅▅▅▄▄▄▄▄▃▃▃▃▃▃▃▃▂▂▂▂▂▂▂▁▁▁▁▁▁
wandb: 
wandb: Run summary:
wandb:     e_F1 62.86044
wandb:   e_loss 1.08927
wandb:     t_F1 94.2783
wandb:   t_loss 0.25977
wandb: 
wandb: Synced 4 W&B file(s), 0 media file(s), 0 artifact file(s) and 0 other file(s)
wandb: Synced worthy-tree-2: https://wandb.ai/yinanazhou/xl_512_bs_8_lr_1e06_es_25_lc_False_nr_False_stem_False_lemma_True_repeat_1_fold_1/runs/32z3hpcx
wandb: Find logs at: ./wandb/run-20220305_113849-32z3hpcx/logs/debug.log
wandb: 

wandb: wandb version 0.12.11 is available!  To upgrade, please run:
wandb:  $ pip install wandb --upgrade
2022-03-05 12:26:25.160004: I tensorflow/stream_executor/platform/default/dso_loader.cc:48] Successfully opened dynamic library libcudart.so.10.1
wandb: Tracking run with wandb version 0.12.5
wandb: Syncing run jumping-leaf-2
wandb: ⭐️ View project at https://wandb.ai/yinanazhou/xl_512_bs_8_lr_1e06_es_25_lc_False_nr_False_stem_False_lemma_True_repeat_1_fold_2
wandb: 🚀 View run at https://wandb.ai/yinanazhou/xl_512_bs_8_lr_1e06_es_25_lc_False_nr_False_stem_False_lemma_True_repeat_1_fold_2/runs/2zg7j5ie
wandb: Run data is saved locally in /project/6002780/yinan/Thesis_MER_Lyrics/lyric-emotion/wandb/run-20220305_122622-2zg7j5ie
wandb: Run `wandb offline` to turn off syncing.

Validation loss decreased (inf --> 1.394199).  Saving model ...
Validation loss decreased (1.394199 --> 1.369609).  Saving model ...
Validation loss decreased (1.369609 --> 1.349306).  Saving model ...
Validation loss decreased (1.349306 --> 1.319343).  Saving model ...
Validation loss decreased (1.319343 --> 1.281596).  Saving model ...
Validation loss decreased (1.281596 --> 1.235009).  Saving model ...
Validation loss decreased (1.235009 --> 1.181570).  Saving model ...
Validation loss decreased (1.181570 --> 1.127878).  Saving model ...
Validation loss decreased (1.127878 --> 1.087645).  Saving model ...
Validation loss decreased (1.087645 --> 1.044891).  Saving model ...
Validation loss decreased (1.044891 --> 1.006646).  Saving model ...
Validation loss decreased (1.006646 --> 0.984052).  Saving model ...
Validation loss decreased (0.984052 --> 0.953430).  Saving model ...
Validation loss decreased (0.953430 --> 0.932447).  Saving model ...
Validation loss decreased (0.932447 --> 0.913561).  Saving model ...
Validation loss decreased (0.913561 --> 0.904062).  Saving model ...
Validation loss decreased (0.904062 --> 0.891797).  Saving model ...
Validation loss decreased (0.891797 --> 0.881297).  Saving model ...
Validation loss decreased (0.881297 --> 0.880735).  Saving model ...
Validation loss decreased (0.880735 --> 0.875028).  Saving model ...
Validation loss decreased (0.875028 --> 0.871377).  Saving model ...
EarlyStopping counter: 1 out of 25.0
Validation loss decreased (0.871377 --> 0.869682).  Saving model ...
EarlyStopping counter: 1 out of 25.0
EarlyStopping counter: 2 out of 25.0
EarlyStopping counter: 3 out of 25.0
EarlyStopping counter: 4 out of 25.0
EarlyStopping counter: 5 out of 25.0
EarlyStopping counter: 6 out of 25.0
EarlyStopping counter: 7 out of 25.0
EarlyStopping counter: 8 out of 25.0
EarlyStopping counter: 9 out of 25.0
EarlyStopping counter: 10 out of 25.0
EarlyStopping counter: 11 out of 25.0
EarlyStopping counter: 12 out of 25.0
EarlyStopping counter: 13 out of 25.0
EarlyStopping counter: 14 out of 25.0
EarlyStopping counter: 15 out of 25.0
EarlyStopping counter: 16 out of 25.0
EarlyStopping counter: 17 out of 25.0
EarlyStopping counter: 18 out of 25.0
EarlyStopping counter: 19 out of 25.0
EarlyStopping counter: 20 out of 25.0
EarlyStopping counter: 21 out of 25.0
EarlyStopping counter: 22 out of 25.0
EarlyStopping counter: 23 out of 25.0
EarlyStopping counter: 24 out of 25.0
EarlyStopping counter: 25 out of 25.0
/localscratch/yinan.28258520.0/env/lib/python3.7/site-packages/torch/nn/functional.py:1794: UserWarning: nn.functional.tanh is deprecated. Use torch.tanh instead.
  warnings.warn("nn.functional.tanh is deprecated. Use torch.tanh instead.")
wandb: Waiting for W&B process to finish, PID 144752... (success).
wandb: - 0.00MB of 0.00MB uploaded (0.00MB deduped)wandb: \ 0.00MB of 0.00MB uploaded (0.00MB deduped)wandb: | 0.00MB of 0.00MB uploaded (0.00MB deduped)wandb: / 0.00MB of 0.00MB uploaded (0.00MB deduped)wandb: - 0.00MB of 0.00MB uploaded (0.00MB deduped)wandb: \ 0.00MB of 0.00MB uploaded (0.00MB deduped)wandb: | 0.00MB of 0.00MB uploaded (0.00MB deduped)wandb: / 0.00MB of 0.00MB uploaded (0.00MB deduped)wandb: - 0.00MB of 0.00MB uploaded (0.00MB deduped)wandb: \ 0.00MB of 0.00MB uploaded (0.00MB deduped)wandb: | 0.00MB of 0.00MB uploaded (0.00MB deduped)wandb: / 0.00MB of 0.00MB uploaded (0.00MB deduped)wandb: - 0.00MB of 0.00MB uploaded (0.00MB deduped)wandb:                                                                                
wandb: Run history:
wandb:     e_F1 ▁▃▃▄▄▆▆▇▇▇██████████████████████████████
wandb:   e_loss ██▇▇▆▅▄▄▃▃▂▂▂▁▁▁▁▁▁▁▁▁▁▁▁▁▂▂▂▂▂▂▂▃▃▃▃▃▃▄
wandb:     t_F1 ▁▂▂▂▂▃▄▄▄▄▅▅▅▅▅▆▆▆▆▆▆▇▆▇▇▇▇▇▇▇▇█████████
wandb:   t_loss ███▇▇▇▇▆▆▆▅▅▅▅▅▄▄▄▄▄▃▃▃▃▃▂▂▂▂▂▂▂▂▂▂▁▁▁▁▁
wandb: 
wandb: Run summary:
wandb:     e_F1 62.82833
wandb:   e_loss 1.08251
wandb:     t_F1 94.6784
wandb:   t_loss 0.23852
wandb: 
wandb: Synced 4 W&B file(s), 0 media file(s), 0 artifact file(s) and 0 other file(s)
wandb: Synced jumping-leaf-2: https://wandb.ai/yinanazhou/xl_512_bs_8_lr_1e06_es_25_lc_False_nr_False_stem_False_lemma_True_repeat_1_fold_2/runs/2zg7j5ie
wandb: Find logs at: ./wandb/run-20220305_122622-2zg7j5ie/logs/debug.log
wandb: 

wandb: wandb version 0.12.11 is available!  To upgrade, please run:
wandb:  $ pip install wandb --upgrade
2022-03-05 13:12:05.056458: I tensorflow/stream_executor/platform/default/dso_loader.cc:48] Successfully opened dynamic library libcudart.so.10.1
wandb: Tracking run with wandb version 0.12.5
wandb: Syncing run comfy-tree-2
wandb: ⭐️ View project at https://wandb.ai/yinanazhou/xl_512_bs_8_lr_1e06_es_25_lc_False_nr_False_stem_False_lemma_True_repeat_2_fold_1
wandb: 🚀 View run at https://wandb.ai/yinanazhou/xl_512_bs_8_lr_1e06_es_25_lc_False_nr_False_stem_False_lemma_True_repeat_2_fold_1/runs/kbcggyt6
wandb: Run data is saved locally in /project/6002780/yinan/Thesis_MER_Lyrics/lyric-emotion/wandb/run-20220305_131202-kbcggyt6
wandb: Run `wandb offline` to turn off syncing.

Validation loss decreased (inf --> 1.380652).  Saving model ...
Validation loss decreased (1.380652 --> 1.361985).  Saving model ...
Validation loss decreased (1.361985 --> 1.342550).  Saving model ...
Validation loss decreased (1.342550 --> 1.324647).  Saving model ...
Validation loss decreased (1.324647 --> 1.303475).  Saving model ...
Validation loss decreased (1.303475 --> 1.281091).  Saving model ...
Validation loss decreased (1.281091 --> 1.251191).  Saving model ...
Validation loss decreased (1.251191 --> 1.228465).  Saving model ...
Validation loss decreased (1.228465 --> 1.193936).  Saving model ...
Validation loss decreased (1.193936 --> 1.172816).  Saving model ...
Validation loss decreased (1.172816 --> 1.129246).  Saving model ...
Validation loss decreased (1.129246 --> 1.102607).  Saving model ...
Validation loss decreased (1.102607 --> 1.083380).  Saving model ...
Validation loss decreased (1.083380 --> 1.053632).  Saving model ...
Validation loss decreased (1.053632 --> 1.030933).  Saving model ...
Validation loss decreased (1.030933 --> 1.018995).  Saving model ...
Validation loss decreased (1.018995 --> 1.011834).  Saving model ...
Validation loss decreased (1.011834 --> 0.990196).  Saving model ...
Validation loss decreased (0.990196 --> 0.977801).  Saving model ...
Validation loss decreased (0.977801 --> 0.969693).  Saving model ...
Validation loss decreased (0.969693 --> 0.954689).  Saving model ...
Validation loss decreased (0.954689 --> 0.951329).  Saving model ...
EarlyStopping counter: 1 out of 25.0
Validation loss decreased (0.951329 --> 0.948528).  Saving model ...
EarlyStopping counter: 1 out of 25.0
EarlyStopping counter: 2 out of 25.0
EarlyStopping counter: 3 out of 25.0
EarlyStopping counter: 4 out of 25.0
EarlyStopping counter: 5 out of 25.0
EarlyStopping counter: 6 out of 25.0
EarlyStopping counter: 7 out of 25.0
EarlyStopping counter: 8 out of 25.0
EarlyStopping counter: 9 out of 25.0
EarlyStopping counter: 10 out of 25.0
EarlyStopping counter: 11 out of 25.0
EarlyStopping counter: 12 out of 25.0
EarlyStopping counter: 13 out of 25.0
EarlyStopping counter: 14 out of 25.0
EarlyStopping counter: 15 out of 25.0
EarlyStopping counter: 16 out of 25.0
EarlyStopping counter: 17 out of 25.0
EarlyStopping counter: 18 out of 25.0
EarlyStopping counter: 19 out of 25.0
EarlyStopping counter: 20 out of 25.0
EarlyStopping counter: 21 out of 25.0
EarlyStopping counter: 22 out of 25.0
EarlyStopping counter: 23 out of 25.0
EarlyStopping counter: 24 out of 25.0
EarlyStopping counter: 25 out of 25.0
/localscratch/yinan.28258520.0/env/lib/python3.7/site-packages/torch/nn/functional.py:1794: UserWarning: nn.functional.tanh is deprecated. Use torch.tanh instead.
  warnings.warn("nn.functional.tanh is deprecated. Use torch.tanh instead.")
wandb: Waiting for W&B process to finish, PID 147221... (success).
wandb: - 0.00MB of 0.00MB uploaded (0.00MB deduped)wandb: \ 0.00MB of 0.00MB uploaded (0.00MB deduped)wandb: | 0.00MB of 0.00MB uploaded (0.00MB deduped)wandb: / 0.00MB of 0.00MB uploaded (0.00MB deduped)wandb: - 0.00MB of 0.00MB uploaded (0.00MB deduped)wandb: \ 0.00MB of 0.00MB uploaded (0.00MB deduped)wandb: | 0.00MB of 0.00MB uploaded (0.00MB deduped)wandb: / 0.00MB of 0.00MB uploaded (0.00MB deduped)wandb: - 0.00MB of 0.00MB uploaded (0.00MB deduped)wandb: \ 0.00MB of 0.00MB uploaded (0.00MB deduped)wandb: | 0.00MB of 0.00MB uploaded (0.00MB deduped)wandb: / 0.00MB of 0.00MB uploaded (0.00MB deduped)wandb: - 0.00MB of 0.00MB uploaded (0.00MB deduped)wandb:                                                                                
wandb: Run history:
wandb:     e_F1 ▁▃▃▄▄▅▆▆▆▇▇▇▇▇▇▇████████████████████████
wandb:   e_loss ██▇▇▇▆▆▅▅▃▃▃▂▂▂▁▁▁▁▁▁▁▁▁▁▂▂▂▂▂▂▃▃▃▃▃▄▄▄▅
wandb:     t_F1 ▁▂▂▂▂▃▃▃▄▄▄▅▅▅▅▅▆▆▆▆▆▆▆▆▇▇▇▇▇▇▇▇█▇▇█████
wandb:   t_loss █████▇▇▇▇▆▆▆▅▅▅▅▄▄▄▄▄▄▃▃▃▃▃▃▃▂▂▂▂▂▂▁▁▁▁▁
wandb: 
wandb: Run summary:
wandb:     e_F1 58.95043
wandb:   e_loss 1.18669
wandb:     t_F1 93.83954
wandb:   t_loss 0.22481
wandb: 
wandb: Synced 4 W&B file(s), 0 media file(s), 0 artifact file(s) and 0 other file(s)
wandb: Synced comfy-tree-2: https://wandb.ai/yinanazhou/xl_512_bs_8_lr_1e06_es_25_lc_False_nr_False_stem_False_lemma_True_repeat_2_fold_1/runs/kbcggyt6
wandb: Find logs at: ./wandb/run-20220305_131202-kbcggyt6/logs/debug.log
wandb: 

wandb: wandb version 0.12.11 is available!  To upgrade, please run:
wandb:  $ pip install wandb --upgrade
2022-03-05 13:58:19.166766: I tensorflow/stream_executor/platform/default/dso_loader.cc:48] Successfully opened dynamic library libcudart.so.10.1
wandb: Tracking run with wandb version 0.12.5
wandb: Syncing run generous-rain-1
wandb: ⭐️ View project at https://wandb.ai/yinanazhou/xl_512_bs_8_lr_1e06_es_25_lc_False_nr_False_stem_False_lemma_True_repeat_2_fold_2
wandb: 🚀 View run at https://wandb.ai/yinanazhou/xl_512_bs_8_lr_1e06_es_25_lc_False_nr_False_stem_False_lemma_True_repeat_2_fold_2/runs/1zgnkqjs
wandb: Run data is saved locally in /project/6002780/yinan/Thesis_MER_Lyrics/lyric-emotion/wandb/run-20220305_135816-1zgnkqjs
wandb: Run `wandb offline` to turn off syncing.

Validation loss decreased (inf --> 1.365688).  Saving model ...
Validation loss decreased (1.365688 --> 1.350502).  Saving model ...
Validation loss decreased (1.350502 --> 1.333036).  Saving model ...
Validation loss decreased (1.333036 --> 1.313752).  Saving model ...
Validation loss decreased (1.313752 --> 1.290072).  Saving model ...
Validation loss decreased (1.290072 --> 1.259597).  Saving model ...
Validation loss decreased (1.259597 --> 1.220221).  Saving model ...
Validation loss decreased (1.220221 --> 1.180842).  Saving model ...
Validation loss decreased (1.180842 --> 1.136059).  Saving model ...
Validation loss decreased (1.136059 --> 1.098333).  Saving model ...
Validation loss decreased (1.098333 --> 1.067947).  Saving model ...
Validation loss decreased (1.067947 --> 1.042611).  Saving model ...
Validation loss decreased (1.042611 --> 1.011599).  Saving model ...
Validation loss decreased (1.011599 --> 0.984990).  Saving model ...
Validation loss decreased (0.984990 --> 0.969432).  Saving model ...
Validation loss decreased (0.969432 --> 0.955260).  Saving model ...
Validation loss decreased (0.955260 --> 0.938870).  Saving model ...
Validation loss decreased (0.938870 --> 0.927744).  Saving model ...
Validation loss decreased (0.927744 --> 0.915643).  Saving model ...
Validation loss decreased (0.915643 --> 0.910888).  Saving model ...
Validation loss decreased (0.910888 --> 0.903624).  Saving model ...
Validation loss decreased (0.903624 --> 0.896176).  Saving model ...
EarlyStopping counter: 1 out of 25.0
Validation loss decreased (0.896176 --> 0.891628).  Saving model ...
EarlyStopping counter: 1 out of 25.0
EarlyStopping counter: 2 out of 25.0
EarlyStopping counter: 3 out of 25.0
EarlyStopping counter: 4 out of 25.0
EarlyStopping counter: 5 out of 25.0
EarlyStopping counter: 6 out of 25.0
EarlyStopping counter: 7 out of 25.0
EarlyStopping counter: 8 out of 25.0
EarlyStopping counter: 9 out of 25.0
EarlyStopping counter: 10 out of 25.0
EarlyStopping counter: 11 out of 25.0
EarlyStopping counter: 12 out of 25.0
EarlyStopping counter: 13 out of 25.0
EarlyStopping counter: 14 out of 25.0
EarlyStopping counter: 15 out of 25.0
EarlyStopping counter: 16 out of 25.0
EarlyStopping counter: 17 out of 25.0
EarlyStopping counter: 18 out of 25.0
EarlyStopping counter: 19 out of 25.0
EarlyStopping counter: 20 out of 25.0
EarlyStopping counter: 21 out of 25.0
EarlyStopping counter: 22 out of 25.0
EarlyStopping counter: 23 out of 25.0
EarlyStopping counter: 24 out of 25.0
EarlyStopping counter: 25 out of 25.0
/localscratch/yinan.28258520.0/env/lib/python3.7/site-packages/torch/nn/functional.py:1794: UserWarning: nn.functional.tanh is deprecated. Use torch.tanh instead.
  warnings.warn("nn.functional.tanh is deprecated. Use torch.tanh instead.")
wandb: Waiting for W&B process to finish, PID 149693... (success).
wandb: - 0.00MB of 0.00MB uploaded (0.00MB deduped)wandb: \ 0.00MB of 0.00MB uploaded (0.00MB deduped)wandb: | 0.00MB of 0.00MB uploaded (0.00MB deduped)wandb: / 0.00MB of 0.00MB uploaded (0.00MB deduped)wandb: - 0.00MB of 0.00MB uploaded (0.00MB deduped)wandb: \ 0.00MB of 0.00MB uploaded (0.00MB deduped)wandb: | 0.00MB of 0.00MB uploaded (0.00MB deduped)wandb: / 0.00MB of 0.00MB uploaded (0.00MB deduped)wandb: - 0.00MB of 0.00MB uploaded (0.00MB deduped)wandb: \ 0.00MB of 0.00MB uploaded (0.00MB deduped)wandb: | 0.00MB of 0.00MB uploaded (0.00MB deduped)wandb: / 0.00MB of 0.00MB uploaded (0.00MB deduped)wandb: - 0.00MB of 0.00MB uploaded (0.00MB deduped)wandb:                                                                                
wandb: Run history:
wandb:     e_F1 ▁▂▃▄▄▅▆▆▇▇▇▇▇█████████████████████████▇█
wandb:   e_loss ███▇▇▆▅▅▄▃▃▂▂▂▂▁▁▁▁▁▁▁▁▁▁▁▁▂▂▂▂▂▂▃▃▃▃▄▄▄
wandb:     t_F1 ▁▁▂▂▂▃▃▄▄▅▅▅▅▅▆▆▆▆▆▆▆▆▆▇▇▇▇▇▇▇▇▇████████
wandb:   t_loss █████▇▇▇▆▆▆▅▅▅▅▅▄▄▄▄▄▃▃▃▃▃▂▃▂▂▂▂▂▂▂▁▁▁▁▁
wandb: 
wandb: Run summary:
wandb:     e_F1 62.69437
wandb:   e_loss 1.09977
wandb:     t_F1 95.34115
wandb:   t_loss 0.20699
wandb: 
wandb: Synced 4 W&B file(s), 0 media file(s), 0 artifact file(s) and 0 other file(s)
wandb: Synced generous-rain-1: https://wandb.ai/yinanazhou/xl_512_bs_8_lr_1e06_es_25_lc_False_nr_False_stem_False_lemma_True_repeat_2_fold_2/runs/1zgnkqjs
wandb: Find logs at: ./wandb/run-20220305_135816-1zgnkqjs/logs/debug.log
wandb: 

wandb: wandb version 0.12.11 is available!  To upgrade, please run:
wandb:  $ pip install wandb --upgrade
2022-03-05 14:44:59.748400: I tensorflow/stream_executor/platform/default/dso_loader.cc:48] Successfully opened dynamic library libcudart.so.10.1
wandb: Tracking run with wandb version 0.12.5
wandb: Syncing run glorious-wind-1
wandb: ⭐️ View project at https://wandb.ai/yinanazhou/xl_512_bs_8_lr_1e06_es_25_lc_False_nr_False_stem_False_lemma_True_repeat_3_fold_1
wandb: 🚀 View run at https://wandb.ai/yinanazhou/xl_512_bs_8_lr_1e06_es_25_lc_False_nr_False_stem_False_lemma_True_repeat_3_fold_1/runs/17k85sxg
wandb: Run data is saved locally in /project/6002780/yinan/Thesis_MER_Lyrics/lyric-emotion/wandb/run-20220305_144456-17k85sxg
wandb: Run `wandb offline` to turn off syncing.

Validation loss decreased (inf --> 1.352515).  Saving model ...
Validation loss decreased (1.352515 --> 1.330135).  Saving model ...
Validation loss decreased (1.330135 --> 1.313429).  Saving model ...
Validation loss decreased (1.313429 --> 1.294647).  Saving model ...
Validation loss decreased (1.294647 --> 1.269373).  Saving model ...
Validation loss decreased (1.269373 --> 1.246403).  Saving model ...
Validation loss decreased (1.246403 --> 1.216759).  Saving model ...
Validation loss decreased (1.216759 --> 1.175635).  Saving model ...
Validation loss decreased (1.175635 --> 1.147988).  Saving model ...
EarlyStopping counter: 1 out of 25.0
Validation loss decreased (1.147988 --> 1.097498).  Saving model ...
Validation loss decreased (1.097498 --> 1.080260).  Saving model ...
Validation loss decreased (1.080260 --> 1.066697).  Saving model ...
Validation loss decreased (1.066697 --> 1.032360).  Saving model ...
Validation loss decreased (1.032360 --> 1.011772).  Saving model ...
EarlyStopping counter: 1 out of 25.0
Validation loss decreased (1.011772 --> 0.998961).  Saving model ...
Validation loss decreased (0.998961 --> 0.975023).  Saving model ...
Validation loss decreased (0.975023 --> 0.960661).  Saving model ...
Validation loss decreased (0.960661 --> 0.949204).  Saving model ...
EarlyStopping counter: 1 out of 25.0
EarlyStopping counter: 2 out of 25.0
EarlyStopping counter: 3 out of 25.0
Validation loss decreased (0.949204 --> 0.948333).  Saving model ...
Validation loss decreased (0.948333 --> 0.943556).  Saving model ...
EarlyStopping counter: 1 out of 25.0
Validation loss decreased (0.943556 --> 0.943060).  Saving model ...
Validation loss decreased (0.943060 --> 0.941573).  Saving model ...
EarlyStopping counter: 1 out of 25.0
EarlyStopping counter: 2 out of 25.0
Validation loss decreased (0.941573 --> 0.939998).  Saving model ...
EarlyStopping counter: 1 out of 25.0
EarlyStopping counter: 2 out of 25.0
EarlyStopping counter: 3 out of 25.0
EarlyStopping counter: 4 out of 25.0
EarlyStopping counter: 5 out of 25.0
EarlyStopping counter: 6 out of 25.0
EarlyStopping counter: 7 out of 25.0
EarlyStopping counter: 8 out of 25.0
EarlyStopping counter: 9 out of 25.0
EarlyStopping counter: 10 out of 25.0
EarlyStopping counter: 11 out of 25.0
EarlyStopping counter: 12 out of 25.0
EarlyStopping counter: 13 out of 25.0
EarlyStopping counter: 14 out of 25.0
EarlyStopping counter: 15 out of 25.0
EarlyStopping counter: 16 out of 25.0
EarlyStopping counter: 17 out of 25.0
EarlyStopping counter: 18 out of 25.0
EarlyStopping counter: 19 out of 25.0
EarlyStopping counter: 20 out of 25.0
EarlyStopping counter: 21 out of 25.0
EarlyStopping counter: 22 out of 25.0
EarlyStopping counter: 23 out of 25.0
EarlyStopping counter: 24 out of 25.0
EarlyStopping counter: 25 out of 25.0
/localscratch/yinan.28258520.0/env/lib/python3.7/site-packages/torch/nn/functional.py:1794: UserWarning: nn.functional.tanh is deprecated. Use torch.tanh instead.
  warnings.warn("nn.functional.tanh is deprecated. Use torch.tanh instead.")
wandb: Waiting for W&B process to finish, PID 152227... (success).
wandb: - 0.00MB of 0.00MB uploaded (0.00MB deduped)wandb: \ 0.00MB of 0.00MB uploaded (0.00MB deduped)wandb: | 0.00MB of 0.00MB uploaded (0.00MB deduped)wandb: / 0.00MB of 0.00MB uploaded (0.00MB deduped)wandb: - 0.00MB of 0.00MB uploaded (0.00MB deduped)wandb: \ 0.00MB of 0.00MB uploaded (0.00MB deduped)wandb: | 0.00MB of 0.00MB uploaded (0.00MB deduped)wandb: / 0.00MB of 0.00MB uploaded (0.00MB deduped)wandb: - 0.00MB of 0.00MB uploaded (0.00MB deduped)wandb: \ 0.00MB of 0.00MB uploaded (0.00MB deduped)wandb: | 0.00MB of 0.00MB uploaded (0.00MB deduped)wandb: / 0.00MB of 0.00MB uploaded (0.00MB deduped)wandb: - 0.00MB of 0.00MB uploaded (0.00MB deduped)wandb:                                                                                
wandb: Run history:
wandb:     e_F1 ▁▂▂▃▃▄▅▅▆▇▇▇▇▇▇▇█▇█▇▇▇████▇█▇██▇▇▇▇▇█▇▇▇
wandb:   e_loss ██▇▇▆▅▅▅▃▃▂▂▂▁▁▁▁▁▁▁▁▁▁▁▁▁▂▂▂▂▂▂▃▃▃▄▄▄▅▅
wandb:     t_F1 ▁▁▂▂▂▃▃▄▄▄▅▅▅▅▅▆▆▆▆▆▆▆▇▇▇▇▇▇▇▇▇▇▇█▇█████
wandb:   t_loss ███▇▇▇▇▆▆▆▅▅▅▅▄▄▄▄▄▄▃▃▃▃▃▃▂▂▂▂▂▂▂▂▂▁▁▁▁▁
wandb: 
wandb: Run summary:
wandb:     e_F1 60.69185
wandb:   e_loss 1.19473
wandb:     t_F1 97.85309
wandb:   t_loss 0.15665
wandb: 
wandb: Synced 4 W&B file(s), 0 media file(s), 0 artifact file(s) and 0 other file(s)
wandb: Synced glorious-wind-1: https://wandb.ai/yinanazhou/xl_512_bs_8_lr_1e06_es_25_lc_False_nr_False_stem_False_lemma_True_repeat_3_fold_1/runs/17k85sxg
wandb: Find logs at: ./wandb/run-20220305_144456-17k85sxg/logs/debug.log
wandb: 

wandb: wandb version 0.12.11 is available!  To upgrade, please run:
wandb:  $ pip install wandb --upgrade
2022-03-05 15:37:54.106292: I tensorflow/stream_executor/platform/default/dso_loader.cc:48] Successfully opened dynamic library libcudart.so.10.1
wandb: Tracking run with wandb version 0.12.5
wandb: Syncing run soft-wood-1
wandb: ⭐️ View project at https://wandb.ai/yinanazhou/xl_512_bs_8_lr_1e06_es_25_lc_False_nr_False_stem_False_lemma_True_repeat_3_fold_2
wandb: 🚀 View run at https://wandb.ai/yinanazhou/xl_512_bs_8_lr_1e06_es_25_lc_False_nr_False_stem_False_lemma_True_repeat_3_fold_2/runs/3dpo1s9j
wandb: Run data is saved locally in /project/6002780/yinan/Thesis_MER_Lyrics/lyric-emotion/wandb/run-20220305_153750-3dpo1s9j
wandb: Run `wandb offline` to turn off syncing.

Validation loss decreased (inf --> 1.380918).  Saving model ...
Validation loss decreased (1.380918 --> 1.365133).  Saving model ...
Validation loss decreased (1.365133 --> 1.349668).  Saving model ...
Validation loss decreased (1.349668 --> 1.333987).  Saving model ...
Validation loss decreased (1.333987 --> 1.314603).  Saving model ...
Validation loss decreased (1.314603 --> 1.289118).  Saving model ...
Validation loss decreased (1.289118 --> 1.259524).  Saving model ...
Validation loss decreased (1.259524 --> 1.230207).  Saving model ...
Validation loss decreased (1.230207 --> 1.189491).  Saving model ...
Validation loss decreased (1.189491 --> 1.149880).  Saving model ...
Validation loss decreased (1.149880 --> 1.102416).  Saving model ...
Validation loss decreased (1.102416 --> 1.062962).  Saving model ...
Validation loss decreased (1.062962 --> 1.029004).  Saving model ...
Validation loss decreased (1.029004 --> 1.001730).  Saving model ...
Validation loss decreased (1.001730 --> 0.973973).  Saving model ...
Validation loss decreased (0.973973 --> 0.956019).  Saving model ...
Validation loss decreased (0.956019 --> 0.943008).  Saving model ...
Validation loss decreased (0.943008 --> 0.923358).  Saving model ...
Validation loss decreased (0.923358 --> 0.909936).  Saving model ...
Validation loss decreased (0.909936 --> 0.904028).  Saving model ...
Validation loss decreased (0.904028 --> 0.895379).  Saving model ...
Validation loss decreased (0.895379 --> 0.892465).  Saving model ...
Validation loss decreased (0.892465 --> 0.882731).  Saving model ...
Validation loss decreased (0.882731 --> 0.881995).  Saving model ...
Validation loss decreased (0.881995 --> 0.881461).  Saving model ...
Validation loss decreased (0.881461 --> 0.876154).  Saving model ...
Validation loss decreased (0.876154 --> 0.873350).  Saving model ...
EarlyStopping counter: 1 out of 25.0
EarlyStopping counter: 2 out of 25.0
EarlyStopping counter: 3 out of 25.0
EarlyStopping counter: 4 out of 25.0
EarlyStopping counter: 5 out of 25.0
EarlyStopping counter: 6 out of 25.0
EarlyStopping counter: 7 out of 25.0
EarlyStopping counter: 8 out of 25.0
EarlyStopping counter: 9 out of 25.0
EarlyStopping counter: 10 out of 25.0
EarlyStopping counter: 11 out of 25.0
EarlyStopping counter: 12 out of 25.0
EarlyStopping counter: 13 out of 25.0
EarlyStopping counter: 14 out of 25.0
EarlyStopping counter: 15 out of 25.0
EarlyStopping counter: 16 out of 25.0
EarlyStopping counter: 17 out of 25.0
EarlyStopping counter: 18 out of 25.0
EarlyStopping counter: 19 out of 25.0
EarlyStopping counter: 20 out of 25.0
EarlyStopping counter: 21 out of 25.0
EarlyStopping counter: 22 out of 25.0
EarlyStopping counter: 23 out of 25.0
EarlyStopping counter: 24 out of 25.0
EarlyStopping counter: 25 out of 25.0
/localscratch/yinan.28258520.0/env/lib/python3.7/site-packages/torch/nn/functional.py:1794: UserWarning: nn.functional.tanh is deprecated. Use torch.tanh instead.
  warnings.warn("nn.functional.tanh is deprecated. Use torch.tanh instead.")
wandb: Waiting for W&B process to finish, PID 155071... (success).
wandb: - 0.00MB of 0.00MB uploaded (0.00MB deduped)wandb: \ 0.00MB of 0.00MB uploaded (0.00MB deduped)wandb: | 0.00MB of 0.00MB uploaded (0.00MB deduped)wandb: / 0.00MB of 0.00MB uploaded (0.00MB deduped)wandb: - 0.00MB of 0.00MB uploaded (0.00MB deduped)wandb: \ 0.00MB of 0.00MB uploaded (0.00MB deduped)wandb: | 0.00MB of 0.00MB uploaded (0.00MB deduped)wandb: / 0.00MB of 0.00MB uploaded (0.00MB deduped)wandb: - 0.00MB of 0.00MB uploaded (0.00MB deduped)wandb: \ 0.00MB of 0.00MB uploaded (0.00MB deduped)wandb: | 0.00MB of 0.00MB uploaded (0.00MB deduped)wandb: / 0.00MB of 0.00MB uploaded (0.00MB deduped)wandb: - 0.00MB of 0.00MB uploaded (0.00MB deduped)wandb:                                                                                
wandb: Run history:
wandb:     e_F1 ▁▂▃▄▅▅▅▆▆▆▇▇▇▇██████████████████████████
wandb:   e_loss ███▇▇▆▆▅▄▄▃▂▂▂▂▁▁▁▁▁▁▁▁▁▁▁▁▁▂▂▂▂▂▂▃▃▃▃▃▄
wandb:     t_F1 ▁▁▂▂▃▃▃▄▄▄▅▅▅▅▅▆▆▆▆▆▆▆▆▇▇▇▇▇▇▇█▇████████
wandb:   t_loss █████▇▇▇▇▆▆▆▅▅▅▅▄▄▄▄▄▃▃▃▃▃▃▃▂▂▂▂▂▂▁▁▁▁▁▁
wandb: 
wandb: Run summary:
wandb:     e_F1 63.75332
wandb:   e_loss 1.06086
wandb:     t_F1 95.13902
wandb:   t_loss 0.21718
wandb: 
wandb: Synced 4 W&B file(s), 0 media file(s), 0 artifact file(s) and 0 other file(s)
wandb: Synced soft-wood-1: https://wandb.ai/yinanazhou/xl_512_bs_8_lr_1e06_es_25_lc_False_nr_False_stem_False_lemma_True_repeat_3_fold_2/runs/3dpo1s9j
wandb: Find logs at: ./wandb/run-20220305_153750-3dpo1s9j/logs/debug.log
wandb: 

wandb: wandb version 0.12.11 is available!  To upgrade, please run:
wandb:  $ pip install wandb --upgrade
2022-03-05 16:27:19.063294: I tensorflow/stream_executor/platform/default/dso_loader.cc:48] Successfully opened dynamic library libcudart.so.10.1
wandb: Tracking run with wandb version 0.12.5
wandb: Syncing run serene-dream-1
wandb: ⭐️ View project at https://wandb.ai/yinanazhou/xl_512_bs_8_lr_1e06_es_25_lc_False_nr_False_stem_False_lemma_True_repeat_4_fold_1
wandb: 🚀 View run at https://wandb.ai/yinanazhou/xl_512_bs_8_lr_1e06_es_25_lc_False_nr_False_stem_False_lemma_True_repeat_4_fold_1/runs/1kmn3hu7
wandb: Run data is saved locally in /project/6002780/yinan/Thesis_MER_Lyrics/lyric-emotion/wandb/run-20220305_162715-1kmn3hu7
wandb: Run `wandb offline` to turn off syncing.

Validation loss decreased (inf --> 1.383043).  Saving model ...
Validation loss decreased (1.383043 --> 1.364131).  Saving model ...
Validation loss decreased (1.364131 --> 1.347963).  Saving model ...
Validation loss decreased (1.347963 --> 1.328905).  Saving model ...
Validation loss decreased (1.328905 --> 1.302897).  Saving model ...
Validation loss decreased (1.302897 --> 1.278920).  Saving model ...
Validation loss decreased (1.278920 --> 1.248326).  Saving model ...
Validation loss decreased (1.248326 --> 1.209712).  Saving model ...
Validation loss decreased (1.209712 --> 1.178198).  Saving model ...
Validation loss decreased (1.178198 --> 1.134508).  Saving model ...
Validation loss decreased (1.134508 --> 1.097601).  Saving model ...
Validation loss decreased (1.097601 --> 1.078308).  Saving model ...
Validation loss decreased (1.078308 --> 1.042586).  Saving model ...
Validation loss decreased (1.042586 --> 1.024312).  Saving model ...
Validation loss decreased (1.024312 --> 1.006302).  Saving model ...
Validation loss decreased (1.006302 --> 0.982030).  Saving model ...
Validation loss decreased (0.982030 --> 0.965608).  Saving model ...
Validation loss decreased (0.965608 --> 0.951101).  Saving model ...
Validation loss decreased (0.951101 --> 0.939150).  Saving model ...
Validation loss decreased (0.939150 --> 0.933924).  Saving model ...
Validation loss decreased (0.933924 --> 0.930522).  Saving model ...
Validation loss decreased (0.930522 --> 0.924654).  Saving model ...
Validation loss decreased (0.924654 --> 0.920390).  Saving model ...
EarlyStopping counter: 1 out of 25.0
Validation loss decreased (0.920390 --> 0.917237).  Saving model ...
EarlyStopping counter: 1 out of 25.0
EarlyStopping counter: 2 out of 25.0
EarlyStopping counter: 3 out of 25.0
EarlyStopping counter: 4 out of 25.0
EarlyStopping counter: 5 out of 25.0
EarlyStopping counter: 6 out of 25.0
EarlyStopping counter: 7 out of 25.0
EarlyStopping counter: 8 out of 25.0
EarlyStopping counter: 9 out of 25.0
EarlyStopping counter: 10 out of 25.0
EarlyStopping counter: 11 out of 25.0
EarlyStopping counter: 12 out of 25.0
EarlyStopping counter: 13 out of 25.0
EarlyStopping counter: 14 out of 25.0
EarlyStopping counter: 15 out of 25.0
EarlyStopping counter: 16 out of 25.0
EarlyStopping counter: 17 out of 25.0
EarlyStopping counter: 18 out of 25.0
EarlyStopping counter: 19 out of 25.0
EarlyStopping counter: 20 out of 25.0
EarlyStopping counter: 21 out of 25.0
EarlyStopping counter: 22 out of 25.0
EarlyStopping counter: 23 out of 25.0
EarlyStopping counter: 24 out of 25.0
EarlyStopping counter: 25 out of 25.0
/localscratch/yinan.28258520.0/env/lib/python3.7/site-packages/torch/nn/functional.py:1794: UserWarning: nn.functional.tanh is deprecated. Use torch.tanh instead.
  warnings.warn("nn.functional.tanh is deprecated. Use torch.tanh instead.")
wandb: Waiting for W&B process to finish, PID 157751... (success).
wandb: - 0.00MB of 0.00MB uploaded (0.00MB deduped)wandb: \ 0.00MB of 0.00MB uploaded (0.00MB deduped)wandb: | 0.00MB of 0.00MB uploaded (0.00MB deduped)wandb: / 0.00MB of 0.00MB uploaded (0.00MB deduped)wandb: - 0.00MB of 0.00MB uploaded (0.00MB deduped)wandb: \ 0.00MB of 0.00MB uploaded (0.00MB deduped)wandb: | 0.00MB of 0.00MB uploaded (0.00MB deduped)wandb: / 0.00MB of 0.00MB uploaded (0.00MB deduped)wandb: - 0.00MB of 0.00MB uploaded (0.00MB deduped)wandb: \ 0.00MB of 0.00MB uploaded (0.00MB deduped)wandb: | 0.00MB of 0.00MB uploaded (0.00MB deduped)wandb: / 0.00MB of 0.00MB uploaded (0.00MB deduped)wandb: - 0.00MB of 0.00MB uploaded (0.00MB deduped)wandb:                                                                                
wandb: Run history:
wandb:     e_F1 ▁▃▄▅▅▅▆▆▆▆▇▇▇▇▇█████████████████████████
wandb:   e_loss ██▇▇▆▆▅▅▄▃▃▃▂▂▁▁▁▁▁▁▁▁▁▁▁▂▂▂▂▂▃▃▃▃▃▄▄▄▄▅
wandb:     t_F1 ▁▁▂▂▂▃▃▃▄▄▄▅▅▅▅▅▆▆▆▆▆▆▆▆▇▇▇▇▇▇▇█▇███████
wandb:   t_loss ████▇▇▇▇▆▆▆▆▅▅▅▅▄▄▄▄▄▃▃▃▃▃▃▃▂▂▂▂▂▂▂▂▁▁▁▁
wandb: 
wandb: Run summary:
wandb:     e_F1 61.43618
wandb:   e_loss 1.19954
wandb:     t_F1 98.72763
wandb:   t_loss 0.14976
wandb: 
wandb: Synced 4 W&B file(s), 0 media file(s), 0 artifact file(s) and 0 other file(s)
wandb: Synced serene-dream-1: https://wandb.ai/yinanazhou/xl_512_bs_8_lr_1e06_es_25_lc_False_nr_False_stem_False_lemma_True_repeat_4_fold_1/runs/1kmn3hu7
wandb: Find logs at: ./wandb/run-20220305_162715-1kmn3hu7/logs/debug.log
wandb: 

wandb: wandb version 0.12.11 is available!  To upgrade, please run:
wandb:  $ pip install wandb --upgrade
2022-03-05 17:14:38.868511: I tensorflow/stream_executor/platform/default/dso_loader.cc:48] Successfully opened dynamic library libcudart.so.10.1
wandb: Tracking run with wandb version 0.12.5
wandb: Syncing run stellar-breeze-1
wandb: ⭐️ View project at https://wandb.ai/yinanazhou/xl_512_bs_8_lr_1e06_es_25_lc_False_nr_False_stem_False_lemma_True_repeat_4_fold_2
wandb: 🚀 View run at https://wandb.ai/yinanazhou/xl_512_bs_8_lr_1e06_es_25_lc_False_nr_False_stem_False_lemma_True_repeat_4_fold_2/runs/3odc37ja
wandb: Run data is saved locally in /project/6002780/yinan/Thesis_MER_Lyrics/lyric-emotion/wandb/run-20220305_171435-3odc37ja
wandb: Run `wandb offline` to turn off syncing.

Validation loss decreased (inf --> 1.362616).  Saving model ...
Validation loss decreased (1.362616 --> 1.340196).  Saving model ...
Validation loss decreased (1.340196 --> 1.322609).  Saving model ...
Validation loss decreased (1.322609 --> 1.304920).  Saving model ...
Validation loss decreased (1.304920 --> 1.285806).  Saving model ...
Validation loss decreased (1.285806 --> 1.256288).  Saving model ...
Validation loss decreased (1.256288 --> 1.213153).  Saving model ...
Validation loss decreased (1.213153 --> 1.171855).  Saving model ...
Validation loss decreased (1.171855 --> 1.129508).  Saving model ...
Validation loss decreased (1.129508 --> 1.089677).  Saving model ...
Validation loss decreased (1.089677 --> 1.057217).  Saving model ...
Validation loss decreased (1.057217 --> 1.027938).  Saving model ...
Validation loss decreased (1.027938 --> 1.003642).  Saving model ...
Validation loss decreased (1.003642 --> 0.979982).  Saving model ...
Validation loss decreased (0.979982 --> 0.964369).  Saving model ...
Validation loss decreased (0.964369 --> 0.947246).  Saving model ...
Validation loss decreased (0.947246 --> 0.938137).  Saving model ...
Validation loss decreased (0.938137 --> 0.926747).  Saving model ...
Validation loss decreased (0.926747 --> 0.925530).  Saving model ...
EarlyStopping counter: 1 out of 25.0
Validation loss decreased (0.925530 --> 0.920175).  Saving model ...
EarlyStopping counter: 1 out of 25.0
EarlyStopping counter: 2 out of 25.0
EarlyStopping counter: 3 out of 25.0
EarlyStopping counter: 4 out of 25.0
EarlyStopping counter: 5 out of 25.0
EarlyStopping counter: 6 out of 25.0
EarlyStopping counter: 7 out of 25.0
EarlyStopping counter: 8 out of 25.0
EarlyStopping counter: 9 out of 25.0
EarlyStopping counter: 10 out of 25.0
EarlyStopping counter: 11 out of 25.0
EarlyStopping counter: 12 out of 25.0
EarlyStopping counter: 13 out of 25.0
EarlyStopping counter: 14 out of 25.0
EarlyStopping counter: 15 out of 25.0
EarlyStopping counter: 16 out of 25.0
EarlyStopping counter: 17 out of 25.0
EarlyStopping counter: 18 out of 25.0
EarlyStopping counter: 19 out of 25.0
EarlyStopping counter: 20 out of 25.0
EarlyStopping counter: 21 out of 25.0
EarlyStopping counter: 22 out of 25.0
EarlyStopping counter: 23 out of 25.0
EarlyStopping counter: 24 out of 25.0
EarlyStopping counter: 25 out of 25.0
/localscratch/yinan.28258520.0/env/lib/python3.7/site-packages/torch/nn/functional.py:1794: UserWarning: nn.functional.tanh is deprecated. Use torch.tanh instead.
  warnings.warn("nn.functional.tanh is deprecated. Use torch.tanh instead.")
wandb: Waiting for W&B process to finish, PID 160307... (success).
wandb: - 0.00MB of 0.00MB uploaded (0.00MB deduped)wandb: \ 0.00MB of 0.00MB uploaded (0.00MB deduped)wandb: | 0.00MB of 0.00MB uploaded (0.00MB deduped)wandb: / 0.00MB of 0.00MB uploaded (0.00MB deduped)wandb: - 0.00MB of 0.00MB uploaded (0.00MB deduped)wandb:                                                                                
wandb: Run history:
wandb:     e_F1 ▁▃▄▄▅▅▅▆▇▇▇▇▇▇██████████████████▇▇▇▇███▇
wandb:   e_loss ██▇▇▇▆▆▄▄▃▃▂▂▂▁▁▁▁▁▁▁▁▁▁▂▂▂▂▂▂▂▃▃▃▄▄▄▄▄▅
wandb:     t_F1 ▁▁▂▂▂▃▃▄▄▄▄▅▅▅▆▅▆▆▆▆▆▆▆▆▇▇▇▇▇▇▇█▇███████
wandb:   t_loss █████▇▇▇▆▆▆▆▅▅▅▅▄▄▄▄▄▃▃▃▃▃▃▂▂▂▂▂▂▂▂▁▁▁▁▁
wandb: 
wandb: Run summary:
wandb:     e_F1 62.2959
wandb:   e_loss 1.15797
wandb:     t_F1 96.38933
wandb:   t_loss 0.19201
wandb: 
wandb: Synced 4 W&B file(s), 0 media file(s), 0 artifact file(s) and 0 other file(s)
wandb: Synced stellar-breeze-1: https://wandb.ai/yinanazhou/xl_512_bs_8_lr_1e06_es_25_lc_False_nr_False_stem_False_lemma_True_repeat_4_fold_2/runs/3odc37ja
wandb: Find logs at: ./wandb/run-20220305_171435-3odc37ja/logs/debug.log
wandb: 

wandb: wandb version 0.12.11 is available!  To upgrade, please run:
wandb:  $ pip install wandb --upgrade
2022-03-05 17:58:26.708624: I tensorflow/stream_executor/platform/default/dso_loader.cc:48] Successfully opened dynamic library libcudart.so.10.1
wandb: Tracking run with wandb version 0.12.5
wandb: Syncing run generous-sky-1
wandb: ⭐️ View project at https://wandb.ai/yinanazhou/xl_512_bs_8_lr_1e06_es_25_lc_False_nr_False_stem_False_lemma_True_repeat_5_fold_1
wandb: 🚀 View run at https://wandb.ai/yinanazhou/xl_512_bs_8_lr_1e06_es_25_lc_False_nr_False_stem_False_lemma_True_repeat_5_fold_1/runs/2c0f425v
wandb: Run data is saved locally in /project/6002780/yinan/Thesis_MER_Lyrics/lyric-emotion/wandb/run-20220305_175823-2c0f425v
wandb: Run `wandb offline` to turn off syncing.

Validation loss decreased (inf --> 1.379090).  Saving model ...
Validation loss decreased (1.379090 --> 1.351222).  Saving model ...
Validation loss decreased (1.351222 --> 1.326230).  Saving model ...
Validation loss decreased (1.326230 --> 1.301363).  Saving model ...
Validation loss decreased (1.301363 --> 1.265045).  Saving model ...
Validation loss decreased (1.265045 --> 1.230914).  Saving model ...
Validation loss decreased (1.230914 --> 1.181547).  Saving model ...
Validation loss decreased (1.181547 --> 1.138532).  Saving model ...
Validation loss decreased (1.138532 --> 1.101345).  Saving model ...
Validation loss decreased (1.101345 --> 1.062780).  Saving model ...
Validation loss decreased (1.062780 --> 1.029315).  Saving model ...
Validation loss decreased (1.029315 --> 1.001671).  Saving model ...
Validation loss decreased (1.001671 --> 0.984189).  Saving model ...
Validation loss decreased (0.984189 --> 0.965785).  Saving model ...
Validation loss decreased (0.965785 --> 0.948429).  Saving model ...
Validation loss decreased (0.948429 --> 0.940484).  Saving model ...
Validation loss decreased (0.940484 --> 0.929079).  Saving model ...
Validation loss decreased (0.929079 --> 0.919734).  Saving model ...
Validation loss decreased (0.919734 --> 0.913049).  Saving model ...
Validation loss decreased (0.913049 --> 0.910186).  Saving model ...
Validation loss decreased (0.910186 --> 0.907551).  Saving model ...
EarlyStopping counter: 1 out of 25.0
EarlyStopping counter: 2 out of 25.0
EarlyStopping counter: 3 out of 25.0
Validation loss decreased (0.907551 --> 0.907172).  Saving model ...
EarlyStopping counter: 1 out of 25.0
EarlyStopping counter: 2 out of 25.0
EarlyStopping counter: 3 out of 25.0
EarlyStopping counter: 4 out of 25.0
EarlyStopping counter: 5 out of 25.0
EarlyStopping counter: 6 out of 25.0
EarlyStopping counter: 7 out of 25.0
EarlyStopping counter: 8 out of 25.0
EarlyStopping counter: 9 out of 25.0
EarlyStopping counter: 10 out of 25.0
EarlyStopping counter: 11 out of 25.0
EarlyStopping counter: 12 out of 25.0
EarlyStopping counter: 13 out of 25.0
EarlyStopping counter: 14 out of 25.0
EarlyStopping counter: 15 out of 25.0
EarlyStopping counter: 16 out of 25.0
EarlyStopping counter: 17 out of 25.0
EarlyStopping counter: 18 out of 25.0
EarlyStopping counter: 19 out of 25.0
EarlyStopping counter: 20 out of 25.0
EarlyStopping counter: 21 out of 25.0
EarlyStopping counter: 22 out of 25.0
EarlyStopping counter: 23 out of 25.0
EarlyStopping counter: 24 out of 25.0
EarlyStopping counter: 25 out of 25.0
/localscratch/yinan.28258520.0/env/lib/python3.7/site-packages/torch/nn/functional.py:1794: UserWarning: nn.functional.tanh is deprecated. Use torch.tanh instead.
  warnings.warn("nn.functional.tanh is deprecated. Use torch.tanh instead.")
wandb: Waiting for W&B process to finish, PID 162660... (success).
wandb: - 0.00MB of 0.00MB uploaded (0.00MB deduped)wandb: \ 0.00MB of 0.00MB uploaded (0.00MB deduped)wandb: | 0.00MB of 0.00MB uploaded (0.00MB deduped)wandb: / 0.00MB of 0.00MB uploaded (0.00MB deduped)wandb: - 0.00MB of 0.00MB uploaded (0.00MB deduped)wandb: \ 0.00MB of 0.00MB uploaded (0.00MB deduped)wandb: | 0.00MB of 0.00MB uploaded (0.00MB deduped)wandb: / 0.00MB of 0.00MB uploaded (0.00MB deduped)wandb: - 0.00MB of 0.00MB uploaded (0.00MB deduped)wandb: \ 0.00MB of 0.00MB uploaded (0.00MB deduped)wandb: | 0.00MB of 0.00MB uploaded (0.00MB deduped)wandb: / 0.00MB of 0.00MB uploaded (0.00MB deduped)wandb: - 0.00MB of 0.00MB uploaded (0.00MB deduped)wandb:                                                                                
wandb: Run history:
wandb:     e_F1 ▁▃▄▄▆▆▆▆▇▇▇▇████████████████████████████
wandb:   e_loss ██▇▇▆▅▄▄▃▂▂▂▁▁▁▁▁▁▁▁▁▁▁▁▁▁▂▁▂▂▂▂▂▂▃▃▃▃▄▄
wandb:     t_F1 ▁▂▂▃▃▃▄▄▅▅▅▆▆▆▆▆▆▆▆▆▆▇▇▇▇▇▇▇▇▇▇▇████████
wandb:   t_loss ███▇▇▇▆▆▆▅▅▅▅▅▄▄▄▄▄▄▃▃▃▃▃▃▂▂▂▂▂▂▂▂▂▁▁▁▁▁
wandb: 
wandb: Run summary:
wandb:     e_F1 61.17536
wandb:   e_loss 1.1052
wandb:     t_F1 95.55476
wandb:   t_loss 0.20873
wandb: 
wandb: Synced 4 W&B file(s), 0 media file(s), 0 artifact file(s) and 0 other file(s)
wandb: Synced generous-sky-1: https://wandb.ai/yinanazhou/xl_512_bs_8_lr_1e06_es_25_lc_False_nr_False_stem_False_lemma_True_repeat_5_fold_1/runs/2c0f425v
wandb: Find logs at: ./wandb/run-20220305_175823-2c0f425v/logs/debug.log
wandb: 

wandb: wandb version 0.12.11 is available!  To upgrade, please run:
wandb:  $ pip install wandb --upgrade
2022-03-05 18:45:45.919435: I tensorflow/stream_executor/platform/default/dso_loader.cc:48] Successfully opened dynamic library libcudart.so.10.1
wandb: Tracking run with wandb version 0.12.5
wandb: Syncing run feasible-paper-1
wandb: ⭐️ View project at https://wandb.ai/yinanazhou/xl_512_bs_8_lr_1e06_es_25_lc_False_nr_False_stem_False_lemma_True_repeat_5_fold_2
wandb: 🚀 View run at https://wandb.ai/yinanazhou/xl_512_bs_8_lr_1e06_es_25_lc_False_nr_False_stem_False_lemma_True_repeat_5_fold_2/runs/27wl3gd4
wandb: Run data is saved locally in /project/6002780/yinan/Thesis_MER_Lyrics/lyric-emotion/wandb/run-20220305_184542-27wl3gd4
wandb: Run `wandb offline` to turn off syncing.

Validation loss decreased (inf --> 1.378037).  Saving model ...
Validation loss decreased (1.378037 --> 1.356508).  Saving model ...
Validation loss decreased (1.356508 --> 1.336083).  Saving model ...
Validation loss decreased (1.336083 --> 1.314004).  Saving model ...
Validation loss decreased (1.314004 --> 1.287125).  Saving model ...
Validation loss decreased (1.287125 --> 1.261621).  Saving model ...
Validation loss decreased (1.261621 --> 1.223709).  Saving model ...
Validation loss decreased (1.223709 --> 1.183569).  Saving model ...
Validation loss decreased (1.183569 --> 1.145164).  Saving model ...
Validation loss decreased (1.145164 --> 1.105882).  Saving model ...
Validation loss decreased (1.105882 --> 1.077899).  Saving model ...
Validation loss decreased (1.077899 --> 1.039391).  Saving model ...
Validation loss decreased (1.039391 --> 1.018867).  Saving model ...
Validation loss decreased (1.018867 --> 0.996583).  Saving model ...
Validation loss decreased (0.996583 --> 0.972286).  Saving model ...
Validation loss decreased (0.972286 --> 0.959527).  Saving model ...
Validation loss decreased (0.959527 --> 0.947942).  Saving model ...
Validation loss decreased (0.947942 --> 0.934166).  Saving model ...
Validation loss decreased (0.934166 --> 0.918136).  Saving model ...
EarlyStopping counter: 1 out of 25.0
Validation loss decreased (0.918136 --> 0.915878).  Saving model ...
Validation loss decreased (0.915878 --> 0.903995).  Saving model ...
EarlyStopping counter: 1 out of 25.0
Validation loss decreased (0.903995 --> 0.899741).  Saving model ...
Validation loss decreased (0.899741 --> 0.896304).  Saving model ...
Validation loss decreased (0.896304 --> 0.893138).  Saving model ...
EarlyStopping counter: 1 out of 25.0
EarlyStopping counter: 2 out of 25.0
EarlyStopping counter: 3 out of 25.0
EarlyStopping counter: 4 out of 25.0
EarlyStopping counter: 5 out of 25.0
EarlyStopping counter: 6 out of 25.0
EarlyStopping counter: 7 out of 25.0
EarlyStopping counter: 8 out of 25.0
EarlyStopping counter: 9 out of 25.0
EarlyStopping counter: 10 out of 25.0
EarlyStopping counter: 11 out of 25.0
EarlyStopping counter: 12 out of 25.0
EarlyStopping counter: 13 out of 25.0
EarlyStopping counter: 14 out of 25.0
EarlyStopping counter: 15 out of 25.0
EarlyStopping counter: 16 out of 25.0
EarlyStopping counter: 17 out of 25.0
EarlyStopping counter: 18 out of 25.0
EarlyStopping counter: 19 out of 25.0
EarlyStopping counter: 20 out of 25.0
EarlyStopping counter: 21 out of 25.0
EarlyStopping counter: 22 out of 25.0
EarlyStopping counter: 23 out of 25.0
EarlyStopping counter: 24 out of 25.0
EarlyStopping counter: 25 out of 25.0
/localscratch/yinan.28258520.0/env/lib/python3.7/site-packages/torch/nn/functional.py:1794: UserWarning: nn.functional.tanh is deprecated. Use torch.tanh instead.
  warnings.warn("nn.functional.tanh is deprecated. Use torch.tanh instead.")
wandb: Waiting for W&B process to finish, PID 165223... (success).
wandb: - 0.00MB of 0.00MB uploaded (0.00MB deduped)wandb: \ 0.00MB of 0.00MB uploaded (0.00MB deduped)wandb: | 0.00MB of 0.00MB uploaded (0.00MB deduped)wandb: / 0.00MB of 0.00MB uploaded (0.00MB deduped)wandb: - 0.00MB of 0.00MB uploaded (0.00MB deduped)wandb: \ 0.00MB of 0.00MB uploaded (0.00MB deduped)wandb: | 0.00MB of 0.00MB uploaded (0.00MB deduped)wandb: / 0.00MB of 0.00MB uploaded (0.00MB deduped)wandb: - 0.00MB of 0.00MB uploaded (0.00MB deduped)wandb: \ 0.00MB of 0.00MB uploaded (0.00MB deduped)wandb: | 0.00MB of 0.00MB uploaded (0.00MB deduped)wandb: / 0.00MB of 0.00MB uploaded (0.00MB deduped)wandb: - 0.00MB of 0.00MB uploaded (0.00MB deduped)wandb:                                                                                
wandb: Run history:
wandb:     e_F1 ▁▃▄▄▅▅▆▆▆▇▇█████████████████████████████
wandb:   e_loss ██▇▇▆▆▅▅▄▃▃▂▂▂▂▁▁▁▁▁▁▁▁▁▁▂▂▂▂▂▂▂▃▃▃▃▃▄▄▄
wandb:     t_F1 ▁▂▂▂▃▃▃▃▄▄▄▅▅▆▅▆▆▆▆▆▆▆▇▇▇▇▇▇▇▇▇▇████████
wandb:   t_loss ████▇▇▇▇▆▆▆▅▅▅▅▄▄▄▄▄▄▃▃▃▃▃▃▂▂▂▂▂▂▂▂▁▁▁▁▁
wandb: 
wandb: Run summary:
wandb:     e_F1 63.11517
wandb:   e_loss 1.10933
wandb:     t_F1 95.96854
wandb:   t_loss 0.19982
wandb: 
wandb: Synced 4 W&B file(s), 0 media file(s), 0 artifact file(s) and 0 other file(s)
wandb: Synced feasible-paper-1: https://wandb.ai/yinanazhou/xl_512_bs_8_lr_1e06_es_25_lc_False_nr_False_stem_False_lemma_True_repeat_5_fold_2/runs/27wl3gd4
wandb: Find logs at: ./wandb/run-20220305_184542-27wl3gd4/logs/debug.log
wandb: 

