Unloading StdEnv/2020

Due to MODULEPATH changes, the following have been reloaded:
  1) mii/1.1.1


The following have been reloaded with a version change:
  1) python/3.8.2 => python/3.7.4

Using base prefix '/cvmfs/soft.computecanada.ca/easybuild/software/2017/Core/python/3.7.4'
New python executable in /localscratch/yinan.28076990.0/env/bin/python
Installing setuptools, pip, wheel...
done.
Ignoring pip: markers 'python_version < "3"' don't match your environment
Looking in links: /cvmfs/soft.computecanada.ca/custom/python/wheelhouse/nix/avx2, /cvmfs/soft.computecanada.ca/custom/python/wheelhouse/nix/generic, /cvmfs/soft.computecanada.ca/custom/python/wheelhouse/generic
Collecting pip
Installing collected packages: pip
  Found existing installation: pip 19.1.1
    Uninstalling pip-19.1.1:
      Successfully uninstalled pip-19.1.1
Successfully installed pip-21.2.3+computecanada
Looking in links: /cvmfs/soft.computecanada.ca/custom/python/wheelhouse/nix/avx2, /cvmfs/soft.computecanada.ca/custom/python/wheelhouse/nix/generic, /cvmfs/soft.computecanada.ca/custom/python/wheelhouse/generic
Processing /cvmfs/soft.computecanada.ca/custom/python/wheelhouse/generic/keras-2.8.0+computecanada-py2.py3-none-any.whl
Processing /cvmfs/soft.computecanada.ca/custom/python/wheelhouse/generic/Keras_Preprocessing-1.1.2+computecanada-py3-none-any.whl
Requirement already satisfied: matplotlib in /cvmfs/soft.computecanada.ca/easybuild/software/2017/Core/scipy-stack/2019a/lib/python3.7/site-packages (from -r requirements.txt (line 3)) (3.0.2)
Processing /cvmfs/soft.computecanada.ca/custom/python/wheelhouse/generic/nltk-3.6.5+computecanada-py3-none-any.whl
Processing /cvmfs/soft.computecanada.ca/custom/python/wheelhouse/generic/scikit_learn-0.22.1+computecanada-cp37-cp37m-linux_x86_64.whl
Processing /cvmfs/soft.computecanada.ca/custom/python/wheelhouse/generic/tensorboard-2.3.0+computecanada-py3-none-any.whl
Processing /cvmfs/soft.computecanada.ca/custom/python/wheelhouse/generic/tensorboard_plugin_wit-1.7.0+computecanada-py3-none-any.whl
Processing /cvmfs/soft.computecanada.ca/custom/python/wheelhouse/generic/tensorflow_gpu-2.3.0+computecanada-cp37-cp37m-linux_x86_64.whl
Processing /cvmfs/soft.computecanada.ca/custom/python/wheelhouse/generic/tensorflow_estimator-2.3.0+computecanada-py2.py3-none-any.whl
Processing /cvmfs/soft.computecanada.ca/custom/python/wheelhouse/generic/tokenizers-0.5.2+computecanada-cp37-cp37m-linux_x86_64.whl
Processing /cvmfs/soft.computecanada.ca/custom/python/wheelhouse/nix/avx2/torch-1.4.0+computecanada-cp37-cp37m-linux_x86_64.whl
Processing /cvmfs/soft.computecanada.ca/custom/python/wheelhouse/generic/torchtext-0.6.0+computecanada-py3-none-any.whl
Processing /cvmfs/soft.computecanada.ca/custom/python/wheelhouse/generic/torchvision-0.8.2+computecanada-cp37-cp37m-linux_x86_64.whl
Processing /cvmfs/soft.computecanada.ca/custom/python/wheelhouse/generic/transformers-2.5.1+computecanada-py3-none-any.whl
Processing /cvmfs/soft.computecanada.ca/custom/python/wheelhouse/generic/urllib3-1.26.7+computecanada-py2.py3-none-any.whl
Processing /cvmfs/soft.computecanada.ca/custom/python/wheelhouse/generic/tqdm-4.62.3+computecanada-py2.py3-none-any.whl
ERROR: Could not find a version that satisfies the requirement regex>=2021.8.3 (from nltk) (from versions: 2018.1.10+computecanada, 2019.11.1+computecanada, 2020.11.13+computecanada)
ERROR: No matching distribution found for regex>=2021.8.3
Looking in links: /cvmfs/soft.computecanada.ca/custom/python/wheelhouse/nix/avx2, /cvmfs/soft.computecanada.ca/custom/python/wheelhouse/nix/generic, /cvmfs/soft.computecanada.ca/custom/python/wheelhouse/generic
ERROR: Could not find a version that satisfies the requirement numpy==1.20.0+computacanada (from versions: 1.15.0+computecanada, 1.15.2+computecanada, 1.15.4+computecanada, 1.16.0+computecanada, 1.16.2+computecanada, 1.16.3+computecanada, 1.17.4+computecanada, 1.18.1+computecanada, 1.18.4+computecanada, 1.19.1+computecanada, 1.19.2+computecanada, 1.20.2+computecanada)
ERROR: No matching distribution found for numpy==1.20.0+computacanada
Looking in links: /cvmfs/soft.computecanada.ca/custom/python/wheelhouse/nix/avx2, /cvmfs/soft.computecanada.ca/custom/python/wheelhouse/nix/generic, /cvmfs/soft.computecanada.ca/custom/python/wheelhouse/generic
Processing /cvmfs/soft.computecanada.ca/custom/python/wheelhouse/generic/wandb-0.12.5+computecanada-py2.py3-none-any.whl
Requirement already satisfied: python-dateutil>=2.6.1 in /cvmfs/soft.computecanada.ca/easybuild/software/2017/Core/scipy-stack/2019a/lib/python3.7/site-packages (from wandb) (2.7.5)
Processing /cvmfs/soft.computecanada.ca/custom/python/wheelhouse/generic/six-1.16.0+computecanada-py2.py3-none-any.whl
Processing /cvmfs/soft.computecanada.ca/custom/python/wheelhouse/generic/configparser-5.0.2+computecanada-py3-none-any.whl
Processing /cvmfs/soft.computecanada.ca/custom/python/wheelhouse/generic/protobuf-3.19.3+computecanada-py2.py3-none-any.whl
Processing /cvmfs/soft.computecanada.ca/custom/python/wheelhouse/generic/click-8.0.3+computecanada-py3-none-any.whl
Requirement already satisfied: requests<3,>=2.0.0 in /cvmfs/soft.computecanada.ca/easybuild/software/2017/Core/scipy-stack/2019a/lib/python3.7/site-packages (from wandb) (2.21.0)
Processing /cvmfs/soft.computecanada.ca/custom/python/wheelhouse/generic/PyYAML-5.3.1+computecanada-cp37-cp37m-linux_x86_64.whl
Processing /cvmfs/soft.computecanada.ca/custom/python/wheelhouse/generic/shortuuid-1.0.1+computecanada-py3-none-any.whl
Processing /cvmfs/soft.computecanada.ca/custom/python/wheelhouse/generic/docker_pycreds-0.4.0+computecanada-py2.py3-none-any.whl
Processing /cvmfs/soft.computecanada.ca/custom/python/wheelhouse/generic/GitPython-3.1.24+computecanada-py3-none-any.whl
Processing /cvmfs/soft.computecanada.ca/custom/python/wheelhouse/generic/pathtools-0.1.2+computecanada-py3-none-any.whl
Processing /cvmfs/soft.computecanada.ca/custom/python/wheelhouse/generic/psutil-5.7.3+computecanada-cp37-cp37m-linux_x86_64.whl
Processing /cvmfs/soft.computecanada.ca/custom/python/wheelhouse/generic/promise-2.3+computecanada-py3-none-any.whl
Processing /cvmfs/soft.computecanada.ca/custom/python/wheelhouse/generic/sentry_sdk-1.5.0+computecanada-py2.py3-none-any.whl
Processing /cvmfs/soft.computecanada.ca/custom/python/wheelhouse/generic/subprocess32-3.5.4+computecanada-py3-none-any.whl
Processing /cvmfs/soft.computecanada.ca/custom/python/wheelhouse/generic/yaspin-2.1.0+computecanada-py3-none-any.whl
Requirement already satisfied: importlib-metadata in /cvmfs/soft.computecanada.ca/easybuild/software/2017/Core/scipy-stack/2019a/lib/python3.7/site-packages (from Click!=8.0.0,>=7.0->wandb) (0.8)
Processing /cvmfs/soft.computecanada.ca/custom/python/wheelhouse/generic/typing_extensions-4.0.1+computecanada-py3-none-any.whl
Processing /cvmfs/soft.computecanada.ca/custom/python/wheelhouse/generic/gitdb-4.0.9+computecanada-py3-none-any.whl
Processing /cvmfs/soft.computecanada.ca/custom/python/wheelhouse/generic/smmap-5.0.0+computecanada-py3-none-any.whl
Requirement already satisfied: urllib3<1.25,>=1.21.1 in /cvmfs/soft.computecanada.ca/easybuild/software/2017/Core/scipy-stack/2019a/lib/python3.7/site-packages (from requests<3,>=2.0.0->wandb) (1.24.1)
Requirement already satisfied: certifi>=2017.4.17 in /cvmfs/soft.computecanada.ca/easybuild/software/2017/Core/scipy-stack/2019a/lib/python3.7/site-packages (from requests<3,>=2.0.0->wandb) (2018.11.29)
Requirement already satisfied: idna<2.9,>=2.5 in /cvmfs/soft.computecanada.ca/easybuild/software/2017/Core/scipy-stack/2019a/lib/python3.7/site-packages (from requests<3,>=2.0.0->wandb) (2.8)
Requirement already satisfied: chardet<3.1.0,>=3.0.2 in /cvmfs/soft.computecanada.ca/easybuild/software/2017/Core/scipy-stack/2019a/lib/python3.7/site-packages (from requests<3,>=2.0.0->wandb) (3.0.4)
Processing /cvmfs/soft.computecanada.ca/custom/python/wheelhouse/generic/termcolor-1.1.0+computecanada-py3-none-any.whl
Requirement already satisfied: zipp>=0.3.2 in /cvmfs/soft.computecanada.ca/easybuild/software/2017/Core/scipy-stack/2019a/lib/python3.7/site-packages (from importlib-metadata->Click!=8.0.0,>=7.0->wandb) (0.3.3)
Installing collected packages: smmap, typing-extensions, termcolor, six, gitdb, yaspin, subprocess32, shortuuid, sentry-sdk, PyYAML, psutil, protobuf, promise, pathtools, GitPython, docker-pycreds, configparser, Click, wandb
  Attempting uninstall: six
    Found existing installation: six 1.12.0
    Not uninstalling six at /cvmfs/soft.computecanada.ca/easybuild/software/2017/Core/scipy-stack/2019a/lib/python3.7/site-packages, outside environment /localscratch/yinan.28076990.0/env
    Can't uninstall 'six'. No files were found to uninstall.
Successfully installed Click-8.0.3+computecanada GitPython-3.1.24+computecanada PyYAML-5.3.1+computecanada configparser-5.0.2+computecanada docker-pycreds-0.4.0+computecanada gitdb-4.0.9+computecanada pathtools-0.1.2+computecanada promise-2.3+computecanada protobuf-3.19.3+computecanada psutil-5.7.3+computecanada sentry-sdk-1.5.0+computecanada shortuuid-1.0.1+computecanada six-1.16.0+computecanada smmap-5.0.0+computecanada subprocess32-3.5.4+computecanada termcolor-1.1.0+computecanada typing-extensions-4.0.1+computecanada wandb-0.12.5+computecanada yaspin-2.1.0+computecanada
Looking in links: /cvmfs/soft.computecanada.ca/custom/python/wheelhouse/nix/avx2, /cvmfs/soft.computecanada.ca/custom/python/wheelhouse/nix/generic, /cvmfs/soft.computecanada.ca/custom/python/wheelhouse/generic
ERROR: Could not find a version that satisfies the requirement sagemaker (from versions: none)
ERROR: No matching distribution found for sagemaker
Looking in links: /cvmfs/soft.computecanada.ca/custom/python/wheelhouse/nix/avx2, /cvmfs/soft.computecanada.ca/custom/python/wheelhouse/nix/generic, /cvmfs/soft.computecanada.ca/custom/python/wheelhouse/generic
Processing /cvmfs/soft.computecanada.ca/custom/python/wheelhouse/generic/torch-1.9.1+computecanada-cp37-cp37m-linux_x86_64.whl
Requirement already satisfied: typing-extensions in /localscratch/yinan.28076990.0/env/lib/python3.7/site-packages (from torch) (4.0.1+computecanada)
Installing collected packages: torch
Successfully installed torch-1.9.1+computecanada
Looking in links: /cvmfs/soft.computecanada.ca/custom/python/wheelhouse/nix/avx2, /cvmfs/soft.computecanada.ca/custom/python/wheelhouse/nix/generic, /cvmfs/soft.computecanada.ca/custom/python/wheelhouse/generic
Processing /cvmfs/soft.computecanada.ca/custom/python/wheelhouse/generic/transformers-2.5.1+computecanada-py3-none-any.whl
Processing /cvmfs/soft.computecanada.ca/custom/python/wheelhouse/generic/tqdm-4.62.3+computecanada-py2.py3-none-any.whl
Requirement already satisfied: numpy in /cvmfs/soft.computecanada.ca/easybuild/software/2017/Core/scipy-stack/2019a/lib/python3.7/site-packages (from transformers==2.5.1+computecanada) (1.16.0)
Processing /cvmfs/soft.computecanada.ca/custom/python/wheelhouse/generic/boto3-1.20.52+computecanada-py3-none-any.whl
Requirement already satisfied: requests in /cvmfs/soft.computecanada.ca/easybuild/software/2017/Core/scipy-stack/2019a/lib/python3.7/site-packages (from transformers==2.5.1+computecanada) (2.21.0)
Processing /cvmfs/soft.computecanada.ca/custom/python/wheelhouse/generic/tokenizers-0.5.2+computecanada-cp37-cp37m-linux_x86_64.whl
Processing /cvmfs/soft.computecanada.ca/custom/python/wheelhouse/generic/filelock-3.4.2+computecanada-py3-none-any.whl
Processing /cvmfs/soft.computecanada.ca/custom/python/wheelhouse/generic/sentencepiece-0.1.91+computecanada-cp37-cp37m-linux_x86_64.whl
Processing /cvmfs/soft.computecanada.ca/custom/python/wheelhouse/generic/sacremoses-0.0.46+computecanada-py3-none-any.whl
Processing /cvmfs/soft.computecanada.ca/custom/python/wheelhouse/generic/regex-2020.11.13+computecanada-cp37-cp37m-linux_x86_64.whl
Processing /cvmfs/soft.computecanada.ca/custom/python/wheelhouse/generic/jmespath-0.10.0+computecanada-py2.py3-none-any.whl
Processing /cvmfs/soft.computecanada.ca/custom/python/wheelhouse/generic/botocore-1.23.52+computecanada-py3-none-any.whl
Processing /cvmfs/soft.computecanada.ca/custom/python/wheelhouse/generic/s3transfer-0.5.1+computecanada-py3-none-any.whl
Processing /cvmfs/soft.computecanada.ca/custom/python/wheelhouse/generic/urllib3-1.26.8+computecanada-py2.py3-none-any.whl
Requirement already satisfied: python-dateutil<3.0.0,>=2.1 in /cvmfs/soft.computecanada.ca/easybuild/software/2017/Core/scipy-stack/2019a/lib/python3.7/site-packages (from botocore<1.24.0,>=1.23.52->boto3->transformers==2.5.1+computecanada) (2.7.5)
Requirement already satisfied: six>=1.5 in /localscratch/yinan.28076990.0/env/lib/python3.7/site-packages (from python-dateutil<3.0.0,>=2.1->botocore<1.24.0,>=1.23.52->boto3->transformers==2.5.1+computecanada) (1.16.0+computecanada)
Processing /cvmfs/soft.computecanada.ca/custom/python/wheelhouse/generic/requests-2.27.1+computecanada-py2.py3-none-any.whl
Processing /cvmfs/soft.computecanada.ca/custom/python/wheelhouse/generic/charset_normalizer-2.0.11+computecanada-py3-none-any.whl
Requirement already satisfied: idna<4,>=2.5 in /cvmfs/soft.computecanada.ca/easybuild/software/2017/Core/scipy-stack/2019a/lib/python3.7/site-packages (from requests->transformers==2.5.1+computecanada) (2.8)
Requirement already satisfied: certifi>=2017.4.17 in /cvmfs/soft.computecanada.ca/easybuild/software/2017/Core/scipy-stack/2019a/lib/python3.7/site-packages (from requests->transformers==2.5.1+computecanada) (2018.11.29)
Processing /cvmfs/soft.computecanada.ca/custom/python/wheelhouse/generic/joblib-1.1.0+computecanada-py2.py3-none-any.whl
Requirement already satisfied: click in /localscratch/yinan.28076990.0/env/lib/python3.7/site-packages (from sacremoses->transformers==2.5.1+computecanada) (8.0.3+computecanada)
Requirement already satisfied: importlib-metadata in /cvmfs/soft.computecanada.ca/easybuild/software/2017/Core/scipy-stack/2019a/lib/python3.7/site-packages (from click->sacremoses->transformers==2.5.1+computecanada) (0.8)
Requirement already satisfied: zipp>=0.3.2 in /cvmfs/soft.computecanada.ca/easybuild/software/2017/Core/scipy-stack/2019a/lib/python3.7/site-packages (from importlib-metadata->click->sacremoses->transformers==2.5.1+computecanada) (0.3.3)
Installing collected packages: urllib3, jmespath, botocore, tqdm, s3transfer, regex, joblib, charset-normalizer, tokenizers, sentencepiece, sacremoses, requests, filelock, boto3, transformers
  Attempting uninstall: urllib3
    Found existing installation: urllib3 1.24.1
    Not uninstalling urllib3 at /cvmfs/soft.computecanada.ca/easybuild/software/2017/Core/scipy-stack/2019a/lib/python3.7/site-packages, outside environment /localscratch/yinan.28076990.0/env
    Can't uninstall 'urllib3'. No files were found to uninstall.
  Attempting uninstall: requests
    Found existing installation: requests 2.21.0
    Not uninstalling requests at /cvmfs/soft.computecanada.ca/easybuild/software/2017/Core/scipy-stack/2019a/lib/python3.7/site-packages, outside environment /localscratch/yinan.28076990.0/env
    Can't uninstall 'requests'. No files were found to uninstall.
Successfully installed boto3-1.20.52+computecanada botocore-1.23.52+computecanada charset-normalizer-2.0.11+computecanada filelock-3.4.2+computecanada jmespath-0.10.0+computecanada joblib-1.1.0+computecanada regex-2020.11.13+computecanada requests-2.27.1+computecanada s3transfer-0.5.1+computecanada sacremoses-0.0.46+computecanada sentencepiece-0.1.91+computecanada tokenizers-0.5.2+computecanada tqdm-4.62.3+computecanada transformers-2.5.1+computecanada urllib3-1.26.8+computecanada
Looking in links: /cvmfs/soft.computecanada.ca/custom/python/wheelhouse/nix/avx2, /cvmfs/soft.computecanada.ca/custom/python/wheelhouse/nix/generic, /cvmfs/soft.computecanada.ca/custom/python/wheelhouse/generic
Processing /cvmfs/soft.computecanada.ca/custom/python/wheelhouse/generic/tensorflow_gpu-2.3.0+computecanada-cp37-cp37m-linux_x86_64.whl
Processing /cvmfs/soft.computecanada.ca/custom/python/wheelhouse/generic/tensorflow_estimator-2.3.0+computecanada-py2.py3-none-any.whl
Processing /cvmfs/soft.computecanada.ca/custom/python/wheelhouse/generic/gast-0.3.3+computecanada-py3-none-any.whl
Processing /cvmfs/soft.computecanada.ca/custom/python/wheelhouse/generic/wrapt-1.11.2+computecanada-cp37-cp37m-linux_x86_64.whl
Processing /cvmfs/soft.computecanada.ca/custom/python/wheelhouse/nix/generic/scipy-1.4.1+computecanada-cp37-cp37m-linux_x86_64.whl
Processing /cvmfs/soft.computecanada.ca/custom/python/wheelhouse/generic/google_pasta-0.2.0+computecanada-py3-none-any.whl
Processing /cvmfs/soft.computecanada.ca/custom/python/wheelhouse/generic/absl_py-1.0.0+computecanada-py3-none-any.whl
Processing /cvmfs/soft.computecanada.ca/custom/python/wheelhouse/nix/avx2/h5py-2.10.0+computecanada-cp37-cp37m-linux_x86_64.whl
Requirement already satisfied: numpy<1.19.0,>=1.16.0 in /cvmfs/soft.computecanada.ca/easybuild/software/2017/Core/scipy-stack/2019a/lib/python3.7/site-packages (from tensorflow_gpu==2.3.0+computecanada) (1.16.0)
Requirement already satisfied: protobuf>=3.9.2 in /localscratch/yinan.28076990.0/env/lib/python3.7/site-packages (from tensorflow_gpu==2.3.0+computecanada) (3.19.3+computecanada)
Requirement already satisfied: six>=1.12.0 in /localscratch/yinan.28076990.0/env/lib/python3.7/site-packages (from tensorflow_gpu==2.3.0+computecanada) (1.16.0+computecanada)
Processing /cvmfs/soft.computecanada.ca/custom/python/wheelhouse/generic/tensorboard-2.8.0+computecanada-py3-none-any.whl
Processing /cvmfs/soft.computecanada.ca/custom/python/wheelhouse/generic/grpcio-1.38.0+computecanada-cp37-cp37m-linux_x86_64.whl
Requirement already satisfied: wheel>=0.26 in /localscratch/yinan.28076990.0/env/lib/python3.7/site-packages (from tensorflow_gpu==2.3.0+computecanada) (0.33.4)
Processing /cvmfs/soft.computecanada.ca/custom/python/wheelhouse/generic/Keras_Preprocessing-1.1.2+computecanada-py3-none-any.whl
Requirement already satisfied: termcolor>=1.1.0 in /localscratch/yinan.28076990.0/env/lib/python3.7/site-packages (from tensorflow_gpu==2.3.0+computecanada) (1.1.0+computecanada)
Processing /cvmfs/soft.computecanada.ca/custom/python/wheelhouse/generic/astunparse-1.6.3+computecanada-py2.py3-none-any.whl
Processing /cvmfs/soft.computecanada.ca/custom/python/wheelhouse/generic/opt_einsum-3.3.0+computecanada-py3-none-any.whl
Processing /cvmfs/soft.computecanada.ca/custom/python/wheelhouse/generic/google_auth_oauthlib-0.4.6+computecanada-py2.py3-none-any.whl
Requirement already satisfied: requests<3,>=2.21.0 in /localscratch/yinan.28076990.0/env/lib/python3.7/site-packages (from tensorboard<3,>=2.3.0->tensorflow_gpu==2.3.0+computecanada) (2.27.1+computecanada)
Processing /cvmfs/soft.computecanada.ca/custom/python/wheelhouse/generic/Markdown-3.3.6+computecanada-py3-none-any.whl
Processing /cvmfs/soft.computecanada.ca/custom/python/wheelhouse/generic/Werkzeug-2.0.3+computecanada-py3-none-any.whl
Processing /cvmfs/soft.computecanada.ca/custom/python/wheelhouse/generic/tensorboard_plugin_wit-1.8.0+computecanada-py3-none-any.whl
Processing /cvmfs/soft.computecanada.ca/custom/python/wheelhouse/generic/tensorboard_data_server-0.6.1+computecanada-py3-none-linux_x86_64.whl
Requirement already satisfied: setuptools>=41.0.0 in /localscratch/yinan.28076990.0/env/lib/python3.7/site-packages (from tensorboard<3,>=2.3.0->tensorflow_gpu==2.3.0+computecanada) (41.0.1)
Processing /cvmfs/soft.computecanada.ca/custom/python/wheelhouse/generic/google_auth-2.3.3+computecanada-py2.py3-none-any.whl
Processing /cvmfs/soft.computecanada.ca/custom/python/wheelhouse/generic/rsa-4.8+computecanada-py3-none-any.whl
Processing /cvmfs/soft.computecanada.ca/custom/python/wheelhouse/generic/cachetools-4.2.4+computecanada-py3-none-any.whl
Processing /cvmfs/soft.computecanada.ca/custom/python/wheelhouse/generic/pyasn1_modules-0.2.8+computecanada-py2.py3-none-any.whl
Processing /cvmfs/soft.computecanada.ca/custom/python/wheelhouse/generic/requests_oauthlib-1.3.0+computecanada-py2.py3-none-any.whl
Processing /cvmfs/soft.computecanada.ca/custom/python/wheelhouse/generic/importlib_metadata-4.10.1+computecanada-py3-none-any.whl
Processing /cvmfs/soft.computecanada.ca/custom/python/wheelhouse/generic/zipp-3.7.0+computecanada-py3-none-any.whl
Requirement already satisfied: typing-extensions>=3.6.4 in /localscratch/yinan.28076990.0/env/lib/python3.7/site-packages (from importlib-metadata>=4.4->markdown>=2.6.8->tensorboard<3,>=2.3.0->tensorflow_gpu==2.3.0+computecanada) (4.0.1+computecanada)
Processing /cvmfs/soft.computecanada.ca/custom/python/wheelhouse/generic/pyasn1-0.4.8+computecanada-py2.py3-none-any.whl
Requirement already satisfied: charset-normalizer~=2.0.0 in /localscratch/yinan.28076990.0/env/lib/python3.7/site-packages (from requests<3,>=2.21.0->tensorboard<3,>=2.3.0->tensorflow_gpu==2.3.0+computecanada) (2.0.11+computecanada)
Requirement already satisfied: idna<4,>=2.5 in /cvmfs/soft.computecanada.ca/easybuild/software/2017/Core/scipy-stack/2019a/lib/python3.7/site-packages (from requests<3,>=2.21.0->tensorboard<3,>=2.3.0->tensorflow_gpu==2.3.0+computecanada) (2.8)
Requirement already satisfied: urllib3<1.27,>=1.21.1 in /localscratch/yinan.28076990.0/env/lib/python3.7/site-packages (from requests<3,>=2.21.0->tensorboard<3,>=2.3.0->tensorflow_gpu==2.3.0+computecanada) (1.26.8+computecanada)
Requirement already satisfied: certifi>=2017.4.17 in /cvmfs/soft.computecanada.ca/easybuild/software/2017/Core/scipy-stack/2019a/lib/python3.7/site-packages (from requests<3,>=2.21.0->tensorboard<3,>=2.3.0->tensorflow_gpu==2.3.0+computecanada) (2018.11.29)
Processing /cvmfs/soft.computecanada.ca/custom/python/wheelhouse/generic/oauthlib-3.1.1+computecanada-py2.py3-none-any.whl
Installing collected packages: pyasn1, zipp, rsa, pyasn1-modules, oauthlib, cachetools, requests-oauthlib, importlib-metadata, google-auth, werkzeug, tensorboard-plugin-wit, tensorboard-data-server, markdown, grpcio, google-auth-oauthlib, absl-py, wrapt, tensorflow-estimator, tensorboard, scipy, opt-einsum, keras-preprocessing, h5py, google-pasta, gast, astunparse, tensorflow-gpu
  Attempting uninstall: pyasn1
    Found existing installation: pyasn1 0.4.3
    Not uninstalling pyasn1 at /cvmfs/soft.computecanada.ca/easybuild/software/2017/Core/scipy-stack/2019a/lib/python3.7/site-packages, outside environment /localscratch/yinan.28076990.0/env
    Can't uninstall 'pyasn1'. No files were found to uninstall.
  Attempting uninstall: zipp
    Found existing installation: zipp 0.3.3
    Not uninstalling zipp at /cvmfs/soft.computecanada.ca/easybuild/software/2017/Core/scipy-stack/2019a/lib/python3.7/site-packages, outside environment /localscratch/yinan.28076990.0/env
    Can't uninstall 'zipp'. No files were found to uninstall.
  Attempting uninstall: importlib-metadata
    Found existing installation: importlib-metadata 0.8
    Not uninstalling importlib-metadata at /cvmfs/soft.computecanada.ca/easybuild/software/2017/Core/scipy-stack/2019a/lib/python3.7/site-packages, outside environment /localscratch/yinan.28076990.0/env
    Can't uninstall 'importlib-metadata'. No files were found to uninstall.
  Attempting uninstall: scipy
    Found existing installation: scipy 1.2.0
    Not uninstalling scipy at /cvmfs/soft.computecanada.ca/easybuild/software/2017/Core/scipy-stack/2019a/lib/python3.7/site-packages, outside environment /localscratch/yinan.28076990.0/env
    Can't uninstall 'scipy'. No files were found to uninstall.
Successfully installed absl-py-1.0.0+computecanada astunparse-1.6.3+computecanada cachetools-4.2.4+computecanada gast-0.3.3+computecanada google-auth-2.3.3+computecanada google-auth-oauthlib-0.4.6+computecanada google-pasta-0.2.0+computecanada grpcio-1.38.0+computecanada h5py-2.10.0+computecanada importlib-metadata-4.10.1+computecanada keras-preprocessing-1.1.2+computecanada markdown-3.3.6+computecanada oauthlib-3.1.1+computecanada opt-einsum-3.3.0+computecanada pyasn1-0.4.8+computecanada pyasn1-modules-0.2.8+computecanada requests-oauthlib-1.3.0+computecanada rsa-4.8+computecanada scipy-1.4.1+computecanada tensorboard-2.8.0+computecanada tensorboard-data-server-0.6.1+computecanada tensorboard-plugin-wit-1.8.0+computecanada tensorflow-estimator-2.3.0+computecanada tensorflow-gpu-2.3.0+computecanada werkzeug-2.0.3+computecanada wrapt-1.11.2+computecanada zipp-3.7.0+computecanada
Looking in links: /cvmfs/soft.computecanada.ca/custom/python/wheelhouse/nix/avx2, /cvmfs/soft.computecanada.ca/custom/python/wheelhouse/nix/generic, /cvmfs/soft.computecanada.ca/custom/python/wheelhouse/generic
Processing /cvmfs/soft.computecanada.ca/custom/python/wheelhouse/generic/keras-2.8.0+computecanada-py2.py3-none-any.whl
Installing collected packages: Keras
Successfully installed Keras-2.8.0+computecanada
Looking in links: /cvmfs/soft.computecanada.ca/custom/python/wheelhouse/nix/avx2, /cvmfs/soft.computecanada.ca/custom/python/wheelhouse/nix/generic, /cvmfs/soft.computecanada.ca/custom/python/wheelhouse/generic
Processing /cvmfs/soft.computecanada.ca/custom/python/wheelhouse/generic/urllib3-1.26.7+computecanada-py2.py3-none-any.whl
Installing collected packages: urllib3
  Attempting uninstall: urllib3
    Found existing installation: urllib3 1.26.8+computecanada
    Uninstalling urllib3-1.26.8+computecanada:
      Successfully uninstalled urllib3-1.26.8+computecanada
Successfully installed urllib3-1.26.7+computecanada
Looking in links: /cvmfs/soft.computecanada.ca/custom/python/wheelhouse/nix/avx2, /cvmfs/soft.computecanada.ca/custom/python/wheelhouse/nix/generic, /cvmfs/soft.computecanada.ca/custom/python/wheelhouse/generic
Processing /cvmfs/soft.computecanada.ca/custom/python/wheelhouse/generic/nltk-3.7+computecanada-py3-none-any.whl
Requirement already satisfied: click in /localscratch/yinan.28076990.0/env/lib/python3.7/site-packages (from nltk) (8.0.3+computecanada)
Requirement already satisfied: tqdm in /localscratch/yinan.28076990.0/env/lib/python3.7/site-packages (from nltk) (4.62.3+computecanada)
Requirement already satisfied: joblib in /localscratch/yinan.28076990.0/env/lib/python3.7/site-packages (from nltk) (1.1.0+computecanada)
Processing /cvmfs/soft.computecanada.ca/custom/python/wheelhouse/generic/nltk-3.6.5+computecanada-py3-none-any.whl
Processing /cvmfs/soft.computecanada.ca/custom/python/wheelhouse/generic/nltk-3.6.3+computecanada-py3-none-any.whl
Requirement already satisfied: regex in /localscratch/yinan.28076990.0/env/lib/python3.7/site-packages (from nltk) (2020.11.13+computecanada)
Requirement already satisfied: importlib-metadata in /localscratch/yinan.28076990.0/env/lib/python3.7/site-packages (from click->nltk) (4.10.1+computecanada)
Requirement already satisfied: typing-extensions>=3.6.4 in /localscratch/yinan.28076990.0/env/lib/python3.7/site-packages (from importlib-metadata->click->nltk) (4.0.1+computecanada)
Requirement already satisfied: zipp>=0.5 in /localscratch/yinan.28076990.0/env/lib/python3.7/site-packages (from importlib-metadata->click->nltk) (3.7.0+computecanada)
Installing collected packages: nltk
Successfully installed nltk-3.6.3+computecanada
Looking in links: /cvmfs/soft.computecanada.ca/custom/python/wheelhouse/nix/avx2, /cvmfs/soft.computecanada.ca/custom/python/wheelhouse/nix/generic, /cvmfs/soft.computecanada.ca/custom/python/wheelhouse/generic
Processing /cvmfs/soft.computecanada.ca/custom/python/wheelhouse/generic/scikit_learn-0.22.1+computecanada-cp37-cp37m-linux_x86_64.whl
Requirement already satisfied: scipy>=0.17.0 in /localscratch/yinan.28076990.0/env/lib/python3.7/site-packages (from scikit-learn==0.22.1) (1.4.1+computecanada)
Requirement already satisfied: joblib>=0.11 in /localscratch/yinan.28076990.0/env/lib/python3.7/site-packages (from scikit-learn==0.22.1) (1.1.0+computecanada)
Requirement already satisfied: numpy>=1.11.0 in /cvmfs/soft.computecanada.ca/easybuild/software/2017/Core/scipy-stack/2019a/lib/python3.7/site-packages (from scikit-learn==0.22.1) (1.16.0)
Installing collected packages: scikit-learn
Successfully installed scikit-learn-0.22.1+computecanada
Looking in links: /cvmfs/soft.computecanada.ca/custom/python/wheelhouse/nix/avx2, /cvmfs/soft.computecanada.ca/custom/python/wheelhouse/nix/generic, /cvmfs/soft.computecanada.ca/custom/python/wheelhouse/generic
Requirement already satisfied: tokenizers==0.5.2 in /localscratch/yinan.28076990.0/env/lib/python3.7/site-packages (0.5.2+computecanada)
wandb: Appending key for api.wandb.ai to your netrc file: /home/yinan/.netrc
Starting Task
2022-03-01 00:47:47.487870: I tensorflow/stream_executor/platform/default/dso_loader.cc:48] Successfully opened dynamic library libcudart.so.10.1
[nltk_data] Downloading package stopwords to /home/yinan/nltk_data...
[nltk_data]   Package stopwords is already up-to-date!
[nltk_data] Downloading package wordnet to /home/yinan/nltk_data...
[nltk_data]   Package wordnet is already up-to-date!
wandb: Currently logged in as: yinanazhou (use `wandb login --relogin` to force relogin)
wandb: wandb version 0.12.10 is available!  To upgrade, please run:
wandb:  $ pip install wandb --upgrade
2022-03-01 00:47:58.687648: I tensorflow/stream_executor/platform/default/dso_loader.cc:48] Successfully opened dynamic library libcudart.so.10.1
wandb: Tracking run with wandb version 0.12.5
wandb: Syncing run pretty-dawn-1
wandb: ⭐️ View project at https://wandb.ai/yinanazhou/xl_512_bs_8_lr_1e06_es_20_lc_True_nr_True_stem_False_lemma_False_repeat_1_fold_1
wandb: 🚀 View run at https://wandb.ai/yinanazhou/xl_512_bs_8_lr_1e06_es_20_lc_True_nr_True_stem_False_lemma_False_repeat_1_fold_1/runs/9j8gvfrm
wandb: Run data is saved locally in /project/6002780/yinan/Thesis_MER_Lyrics/lyric-emotion/wandb/run-20220301_004756-9j8gvfrm
wandb: Run `wandb offline` to turn off syncing.

Validation loss decreased (inf --> 1.379520).  Saving model ...
Validation loss decreased (1.379520 --> 1.334153).  Saving model ...
Validation loss decreased (1.334153 --> 1.317949).  Saving model ...
Validation loss decreased (1.317949 --> 1.287239).  Saving model ...
Validation loss decreased (1.287239 --> 1.270908).  Saving model ...
Validation loss decreased (1.270908 --> 1.246456).  Saving model ...
Validation loss decreased (1.246456 --> 1.235905).  Saving model ...
Validation loss decreased (1.235905 --> 1.223780).  Saving model ...
Validation loss decreased (1.223780 --> 1.193636).  Saving model ...
Validation loss decreased (1.193636 --> 1.186299).  Saving model ...
Validation loss decreased (1.186299 --> 1.151984).  Saving model ...
Validation loss decreased (1.151984 --> 1.144379).  Saving model ...
Validation loss decreased (1.144379 --> 1.114877).  Saving model ...
Validation loss decreased (1.114877 --> 1.088168).  Saving model ...
Validation loss decreased (1.088168 --> 1.049818).  Saving model ...
EarlyStopping counter: 1 out of 20.0
EarlyStopping counter: 2 out of 20.0
EarlyStopping counter: 3 out of 20.0
Validation loss decreased (1.049818 --> 1.024965).  Saving model ...
EarlyStopping counter: 1 out of 20.0
EarlyStopping counter: 2 out of 20.0
EarlyStopping counter: 3 out of 20.0
EarlyStopping counter: 4 out of 20.0
EarlyStopping counter: 5 out of 20.0
EarlyStopping counter: 6 out of 20.0
EarlyStopping counter: 7 out of 20.0
EarlyStopping counter: 8 out of 20.0
EarlyStopping counter: 9 out of 20.0
EarlyStopping counter: 10 out of 20.0
EarlyStopping counter: 11 out of 20.0
EarlyStopping counter: 12 out of 20.0
EarlyStopping counter: 13 out of 20.0
Validation loss decreased (1.024965 --> 1.018244).  Saving model ...
EarlyStopping counter: 1 out of 20.0
EarlyStopping counter: 2 out of 20.0
EarlyStopping counter: 3 out of 20.0
EarlyStopping counter: 4 out of 20.0
EarlyStopping counter: 5 out of 20.0
EarlyStopping counter: 6 out of 20.0
EarlyStopping counter: 7 out of 20.0
EarlyStopping counter: 8 out of 20.0
EarlyStopping counter: 9 out of 20.0
EarlyStopping counter: 10 out of 20.0
EarlyStopping counter: 11 out of 20.0
EarlyStopping counter: 12 out of 20.0
EarlyStopping counter: 13 out of 20.0
EarlyStopping counter: 14 out of 20.0
EarlyStopping counter: 15 out of 20.0
EarlyStopping counter: 16 out of 20.0
EarlyStopping counter: 17 out of 20.0
EarlyStopping counter: 18 out of 20.0
EarlyStopping counter: 19 out of 20.0
EarlyStopping counter: 20 out of 20.0
/localscratch/yinan.28076990.0/env/lib/python3.7/site-packages/torch/nn/functional.py:1794: UserWarning: nn.functional.tanh is deprecated. Use torch.tanh instead.
  warnings.warn("nn.functional.tanh is deprecated. Use torch.tanh instead.")
/localscratch/yinan.28076990.0/env/lib/python3.7/site-packages/transformers/optimization.py:155: UserWarning: This overload of add_ is deprecated:
	add_(Number alpha, Tensor other)
Consider using one of the following signatures instead:
	add_(Tensor other, *, Number alpha) (Triggered internally at  ../torch/csrc/utils/python_arg_parser.cpp:1025.)
  exp_avg.mul_(beta1).add_(1.0 - beta1, grad)
wandb: Waiting for W&B process to finish, PID 119676... (success).
wandb: - 0.00MB of 0.00MB uploaded (0.00MB deduped)wandb: \ 0.00MB of 0.00MB uploaded (0.00MB deduped)wandb: | 0.00MB of 0.00MB uploaded (0.00MB deduped)wandb: / 0.00MB of 0.00MB uploaded (0.00MB deduped)wandb: - 0.00MB of 0.00MB uploaded (0.00MB deduped)wandb:                                                                                
wandb: Run history:
wandb:     e_F1 ▁▄▄▅▅▅▆▅▆▆▆▇▇▇▇▇▇▆▇▇▇▇▇▇█▇█▇████████████
wandb:   e_loss █▇▇▆▅▅▄▄▄▃▂▂▂▂▁▁▂▂▂▂▂▂▁▁▁▂▂▂▂▂▃▃▂▃▃▄▄▄▅▅
wandb:     t_F1 ▁▂▂▃▃▄▄▄▅▄▅▅▅▅▆▆▆▆▆▆▆▇▇▇▇▇▇▇▇▇▇▇████████
wandb:   t_loss ███▇▇▇▆▆▆▆▅▅▅▅▄▄▄▄▄▄▃▃▃▃▃▃▃▂▂▂▂▂▂▂▁▁▁▁▁▁
wandb: 
wandb: Run summary:
wandb:     e_F1 58.89826
wandb:   e_loss 1.2344
wandb:     t_F1 97.86197
wandb:   t_loss 0.15076
wandb: 
wandb: Synced 4 W&B file(s), 0 media file(s), 0 artifact file(s) and 0 other file(s)
wandb: Synced pretty-dawn-1: https://wandb.ai/yinanazhou/xl_512_bs_8_lr_1e06_es_20_lc_True_nr_True_stem_False_lemma_False_repeat_1_fold_1/runs/9j8gvfrm
wandb: Find logs at: ./wandb/run-20220301_004756-9j8gvfrm/logs/debug.log
wandb: 

wandb: wandb version 0.12.10 is available!  To upgrade, please run:
wandb:  $ pip install wandb --upgrade
2022-03-01 01:38:10.279715: I tensorflow/stream_executor/platform/default/dso_loader.cc:48] Successfully opened dynamic library libcudart.so.10.1
wandb: Tracking run with wandb version 0.12.5
wandb: Syncing run dashing-smoke-1
wandb: ⭐️ View project at https://wandb.ai/yinanazhou/xl_512_bs_8_lr_1e06_es_20_lc_True_nr_True_stem_False_lemma_False_repeat_1_fold_2
wandb: 🚀 View run at https://wandb.ai/yinanazhou/xl_512_bs_8_lr_1e06_es_20_lc_True_nr_True_stem_False_lemma_False_repeat_1_fold_2/runs/14b6os45
wandb: Run data is saved locally in /project/6002780/yinan/Thesis_MER_Lyrics/lyric-emotion/wandb/run-20220301_013807-14b6os45
wandb: Run `wandb offline` to turn off syncing.

Validation loss decreased (inf --> 1.380061).  Saving model ...
Validation loss decreased (1.380061 --> 1.364747).  Saving model ...
Validation loss decreased (1.364747 --> 1.350367).  Saving model ...
Validation loss decreased (1.350367 --> 1.338286).  Saving model ...
Validation loss decreased (1.338286 --> 1.320363).  Saving model ...
Validation loss decreased (1.320363 --> 1.307403).  Saving model ...
Validation loss decreased (1.307403 --> 1.269715).  Saving model ...
Validation loss decreased (1.269715 --> 1.240026).  Saving model ...
Validation loss decreased (1.240026 --> 1.206182).  Saving model ...
Validation loss decreased (1.206182 --> 1.176131).  Saving model ...
Validation loss decreased (1.176131 --> 1.152181).  Saving model ...
Validation loss decreased (1.152181 --> 1.134602).  Saving model ...
Validation loss decreased (1.134602 --> 1.110790).  Saving model ...
Validation loss decreased (1.110790 --> 1.085096).  Saving model ...
Validation loss decreased (1.085096 --> 1.070809).  Saving model ...
Validation loss decreased (1.070809 --> 1.054337).  Saving model ...
Validation loss decreased (1.054337 --> 1.035160).  Saving model ...
Validation loss decreased (1.035160 --> 1.020281).  Saving model ...
Validation loss decreased (1.020281 --> 1.000518).  Saving model ...
EarlyStopping counter: 1 out of 20.0
Validation loss decreased (1.000518 --> 0.988556).  Saving model ...
EarlyStopping counter: 1 out of 20.0
EarlyStopping counter: 2 out of 20.0
Validation loss decreased (0.988556 --> 0.988359).  Saving model ...
EarlyStopping counter: 1 out of 20.0
EarlyStopping counter: 2 out of 20.0
EarlyStopping counter: 3 out of 20.0
EarlyStopping counter: 4 out of 20.0
EarlyStopping counter: 5 out of 20.0
Validation loss decreased (0.988359 --> 0.980598).  Saving model ...
EarlyStopping counter: 1 out of 20.0
EarlyStopping counter: 2 out of 20.0
EarlyStopping counter: 3 out of 20.0
EarlyStopping counter: 4 out of 20.0
EarlyStopping counter: 5 out of 20.0
EarlyStopping counter: 6 out of 20.0
EarlyStopping counter: 7 out of 20.0
EarlyStopping counter: 8 out of 20.0
EarlyStopping counter: 9 out of 20.0
EarlyStopping counter: 10 out of 20.0
EarlyStopping counter: 11 out of 20.0
EarlyStopping counter: 12 out of 20.0
EarlyStopping counter: 13 out of 20.0
EarlyStopping counter: 14 out of 20.0
EarlyStopping counter: 15 out of 20.0
EarlyStopping counter: 16 out of 20.0
EarlyStopping counter: 17 out of 20.0
EarlyStopping counter: 18 out of 20.0
EarlyStopping counter: 19 out of 20.0
EarlyStopping counter: 20 out of 20.0
/localscratch/yinan.28076990.0/env/lib/python3.7/site-packages/torch/nn/functional.py:1794: UserWarning: nn.functional.tanh is deprecated. Use torch.tanh instead.
  warnings.warn("nn.functional.tanh is deprecated. Use torch.tanh instead.")
wandb: Waiting for W&B process to finish, PID 122392... (success).
wandb: - 0.00MB of 0.00MB uploaded (0.00MB deduped)wandb: \ 0.00MB of 0.00MB uploaded (0.00MB deduped)wandb: | 0.00MB of 0.00MB uploaded (0.00MB deduped)wandb: / 0.00MB of 0.00MB uploaded (0.00MB deduped)wandb: - 0.00MB of 0.00MB uploaded (0.00MB deduped)wandb: \ 0.00MB of 0.00MB uploaded (0.00MB deduped)wandb: | 0.00MB of 0.00MB uploaded (0.00MB deduped)wandb: / 0.00MB of 0.00MB uploaded (0.00MB deduped)wandb: - 0.00MB of 0.00MB uploaded (0.00MB deduped)wandb: \ 0.00MB of 0.00MB uploaded (0.00MB deduped)wandb: | 0.00MB of 0.00MB uploaded (0.00MB deduped)wandb: / 0.00MB of 0.00MB uploaded (0.00MB deduped)wandb: - 0.00MB of 0.00MB uploaded (0.00MB deduped)wandb:                                                                                
wandb: Run history:
wandb:     e_F1 ▁▃▃▄▄▅▆▆▇▇▇▇▇█████████████████████▇█████
wandb:   e_loss ██▇▇▇▆▅▅▄▄▃▃▂▂▂▁▁▁▁▁▁▁▁▂▁▁▂▂▂▂▂▃▃▃▃▄▃▄▄▄
wandb:     t_F1 ▁▁▁▂▂▃▃▃▄▄▄▄▅▅▅▅▅▅▆▆▆▆▆▇▇▇▇▇▇▇▇▇████████
wandb:   t_loss █████▇▇▇▇▆▆▆▆▅▅▅▅▄▄▄▄▄▃▃▃▃▃▃▂▂▂▂▂▂▂▂▁▁▁▁
wandb: 
wandb: Run summary:
wandb:     e_F1 57.12483
wandb:   e_loss 1.17924
wandb:     t_F1 96.62829
wandb:   t_loss 0.20064
wandb: 
wandb: Synced 4 W&B file(s), 0 media file(s), 0 artifact file(s) and 0 other file(s)
wandb: Synced dashing-smoke-1: https://wandb.ai/yinanazhou/xl_512_bs_8_lr_1e06_es_20_lc_True_nr_True_stem_False_lemma_False_repeat_1_fold_2/runs/14b6os45
wandb: Find logs at: ./wandb/run-20220301_013807-14b6os45/logs/debug.log
wandb: 

wandb: wandb version 0.12.10 is available!  To upgrade, please run:
wandb:  $ pip install wandb --upgrade
2022-03-01 02:25:35.180127: I tensorflow/stream_executor/platform/default/dso_loader.cc:48] Successfully opened dynamic library libcudart.so.10.1
wandb: Tracking run with wandb version 0.12.5
wandb: Syncing run different-voice-1
wandb: ⭐️ View project at https://wandb.ai/yinanazhou/xl_512_bs_8_lr_1e06_es_20_lc_True_nr_True_stem_False_lemma_False_repeat_2_fold_1
wandb: 🚀 View run at https://wandb.ai/yinanazhou/xl_512_bs_8_lr_1e06_es_20_lc_True_nr_True_stem_False_lemma_False_repeat_2_fold_1/runs/1q3ziubs
wandb: Run data is saved locally in /project/6002780/yinan/Thesis_MER_Lyrics/lyric-emotion/wandb/run-20220301_022532-1q3ziubs
wandb: Run `wandb offline` to turn off syncing.

Validation loss decreased (inf --> 1.381009).  Saving model ...
Validation loss decreased (1.381009 --> 1.346643).  Saving model ...
Validation loss decreased (1.346643 --> 1.322881).  Saving model ...
Validation loss decreased (1.322881 --> 1.295887).  Saving model ...
Validation loss decreased (1.295887 --> 1.270619).  Saving model ...
Validation loss decreased (1.270619 --> 1.242503).  Saving model ...
Validation loss decreased (1.242503 --> 1.207303).  Saving model ...
Validation loss decreased (1.207303 --> 1.185837).  Saving model ...
Validation loss decreased (1.185837 --> 1.150780).  Saving model ...
Validation loss decreased (1.150780 --> 1.126589).  Saving model ...
Validation loss decreased (1.126589 --> 1.103727).  Saving model ...
Validation loss decreased (1.103727 --> 1.085320).  Saving model ...
Validation loss decreased (1.085320 --> 1.075836).  Saving model ...
Validation loss decreased (1.075836 --> 1.064759).  Saving model ...
Validation loss decreased (1.064759 --> 1.039340).  Saving model ...
Validation loss decreased (1.039340 --> 1.025911).  Saving model ...
Validation loss decreased (1.025911 --> 1.009636).  Saving model ...
Validation loss decreased (1.009636 --> 1.000143).  Saving model ...
EarlyStopping counter: 1 out of 20.0
Validation loss decreased (1.000143 --> 0.987527).  Saving model ...
Validation loss decreased (0.987527 --> 0.986883).  Saving model ...
Validation loss decreased (0.986883 --> 0.986178).  Saving model ...
EarlyStopping counter: 1 out of 20.0
Validation loss decreased (0.986178 --> 0.977148).  Saving model ...
EarlyStopping counter: 1 out of 20.0
EarlyStopping counter: 2 out of 20.0
EarlyStopping counter: 3 out of 20.0
EarlyStopping counter: 4 out of 20.0
EarlyStopping counter: 5 out of 20.0
EarlyStopping counter: 6 out of 20.0
EarlyStopping counter: 7 out of 20.0
EarlyStopping counter: 8 out of 20.0
EarlyStopping counter: 9 out of 20.0
EarlyStopping counter: 10 out of 20.0
EarlyStopping counter: 11 out of 20.0
EarlyStopping counter: 12 out of 20.0
EarlyStopping counter: 13 out of 20.0
EarlyStopping counter: 14 out of 20.0
EarlyStopping counter: 15 out of 20.0
EarlyStopping counter: 16 out of 20.0
EarlyStopping counter: 17 out of 20.0
EarlyStopping counter: 18 out of 20.0
EarlyStopping counter: 19 out of 20.0
EarlyStopping counter: 20 out of 20.0
/localscratch/yinan.28076990.0/env/lib/python3.7/site-packages/torch/nn/functional.py:1794: UserWarning: nn.functional.tanh is deprecated. Use torch.tanh instead.
  warnings.warn("nn.functional.tanh is deprecated. Use torch.tanh instead.")
wandb: Waiting for W&B process to finish, PID 124943... (success).
wandb: - 0.00MB of 0.00MB uploaded (0.00MB deduped)wandb: \ 0.00MB of 0.00MB uploaded (0.00MB deduped)wandb: | 0.00MB of 0.00MB uploaded (0.00MB deduped)wandb: / 0.00MB of 0.00MB uploaded (0.00MB deduped)wandb: - 0.00MB of 0.00MB uploaded (0.00MB deduped)wandb: \ 0.00MB of 0.00MB uploaded (0.00MB deduped)wandb: | 0.00MB of 0.00MB uploaded (0.00MB deduped)wandb: / 0.00MB of 0.00MB uploaded (0.00MB deduped)wandb: - 0.00MB of 0.00MB uploaded (0.00MB deduped)wandb: \ 0.00MB of 0.00MB uploaded (0.00MB deduped)wandb: | 0.00MB of 0.00MB uploaded (0.00MB deduped)wandb: / 0.00MB of 0.00MB uploaded (0.00MB deduped)wandb: - 0.00MB of 0.00MB uploaded (0.00MB deduped)wandb:                                                                                
wandb: Run history:
wandb:     e_F1 ▁▂▃▂▄▄▄▅▆▆▆▆▇▇▇▇▇▇▇█████████████████████
wandb:   e_loss █▇▇▇▆▆▅▅▄▄▃▃▃▂▂▂▁▂▁▁▁▁▁▁▁▁▂▁▂▂▂▂▂▂▂▂▃▃▃▄
wandb:     t_F1 ▁▂▂▂▃▃▄▃▄▄▅▅▅▅▅▆▆▆▆▆▆▆▆▇▇▇▇▇▇▇▇▇█▇██████
wandb:   t_loss ███▇▇▇▇▇▆▆▆▅▅▅▅▅▄▄▄▄▄▃▃▃▃▃▃▃▂▂▂▂▂▂▂▁▁▁▁▁
wandb: 
wandb: Run summary:
wandb:     e_F1 58.00017
wandb:   e_loss 1.1338
wandb:     t_F1 94.46352
wandb:   t_loss 0.25955
wandb: 
wandb: Synced 4 W&B file(s), 0 media file(s), 0 artifact file(s) and 0 other file(s)
wandb: Synced different-voice-1: https://wandb.ai/yinanazhou/xl_512_bs_8_lr_1e06_es_20_lc_True_nr_True_stem_False_lemma_False_repeat_2_fold_1/runs/1q3ziubs
wandb: Find logs at: ./wandb/run-20220301_022532-1q3ziubs/logs/debug.log
wandb: 

wandb: wandb version 0.12.10 is available!  To upgrade, please run:
wandb:  $ pip install wandb --upgrade
2022-03-01 03:07:24.342618: I tensorflow/stream_executor/platform/default/dso_loader.cc:48] Successfully opened dynamic library libcudart.so.10.1
wandb: Tracking run with wandb version 0.12.5
wandb: Syncing run bright-pyramid-1
wandb: ⭐️ View project at https://wandb.ai/yinanazhou/xl_512_bs_8_lr_1e06_es_20_lc_True_nr_True_stem_False_lemma_False_repeat_2_fold_2
wandb: 🚀 View run at https://wandb.ai/yinanazhou/xl_512_bs_8_lr_1e06_es_20_lc_True_nr_True_stem_False_lemma_False_repeat_2_fold_2/runs/3623k2hh
wandb: Run data is saved locally in /project/6002780/yinan/Thesis_MER_Lyrics/lyric-emotion/wandb/run-20220301_030721-3623k2hh
wandb: Run `wandb offline` to turn off syncing.

Validation loss decreased (inf --> 1.370076).  Saving model ...
Validation loss decreased (1.370076 --> 1.354731).  Saving model ...
Validation loss decreased (1.354731 --> 1.337474).  Saving model ...
Validation loss decreased (1.337474 --> 1.318623).  Saving model ...
Validation loss decreased (1.318623 --> 1.297337).  Saving model ...
Validation loss decreased (1.297337 --> 1.267022).  Saving model ...
Validation loss decreased (1.267022 --> 1.233110).  Saving model ...
Validation loss decreased (1.233110 --> 1.187595).  Saving model ...
Validation loss decreased (1.187595 --> 1.153863).  Saving model ...
Validation loss decreased (1.153863 --> 1.117191).  Saving model ...
Validation loss decreased (1.117191 --> 1.096252).  Saving model ...
Validation loss decreased (1.096252 --> 1.056163).  Saving model ...
Validation loss decreased (1.056163 --> 1.048214).  Saving model ...
Validation loss decreased (1.048214 --> 0.998287).  Saving model ...
Validation loss decreased (0.998287 --> 0.967252).  Saving model ...
EarlyStopping counter: 1 out of 20.0
Validation loss decreased (0.967252 --> 0.943326).  Saving model ...
Validation loss decreased (0.943326 --> 0.931831).  Saving model ...
EarlyStopping counter: 1 out of 20.0
Validation loss decreased (0.931831 --> 0.924034).  Saving model ...
Validation loss decreased (0.924034 --> 0.915158).  Saving model ...
Validation loss decreased (0.915158 --> 0.909596).  Saving model ...
Validation loss decreased (0.909596 --> 0.903706).  Saving model ...
Validation loss decreased (0.903706 --> 0.901945).  Saving model ...
EarlyStopping counter: 1 out of 20.0
EarlyStopping counter: 2 out of 20.0
EarlyStopping counter: 3 out of 20.0
EarlyStopping counter: 4 out of 20.0
EarlyStopping counter: 5 out of 20.0
EarlyStopping counter: 6 out of 20.0
EarlyStopping counter: 7 out of 20.0
EarlyStopping counter: 8 out of 20.0
EarlyStopping counter: 9 out of 20.0
EarlyStopping counter: 10 out of 20.0
EarlyStopping counter: 11 out of 20.0
EarlyStopping counter: 12 out of 20.0
EarlyStopping counter: 13 out of 20.0
EarlyStopping counter: 14 out of 20.0
EarlyStopping counter: 15 out of 20.0
EarlyStopping counter: 16 out of 20.0
EarlyStopping counter: 17 out of 20.0
EarlyStopping counter: 18 out of 20.0
EarlyStopping counter: 19 out of 20.0
EarlyStopping counter: 20 out of 20.0
/localscratch/yinan.28076990.0/env/lib/python3.7/site-packages/torch/nn/functional.py:1794: UserWarning: nn.functional.tanh is deprecated. Use torch.tanh instead.
  warnings.warn("nn.functional.tanh is deprecated. Use torch.tanh instead.")
wandb: Waiting for W&B process to finish, PID 127211... (success).
wandb: - 0.00MB of 0.00MB uploaded (0.00MB deduped)wandb: \ 0.00MB of 0.00MB uploaded (0.00MB deduped)wandb: | 0.00MB of 0.00MB uploaded (0.00MB deduped)wandb: / 0.00MB of 0.00MB uploaded (0.00MB deduped)wandb: - 0.00MB of 0.00MB uploaded (0.00MB deduped)wandb: \ 0.00MB of 0.00MB uploaded (0.00MB deduped)wandb: | 0.00MB of 0.00MB uploaded (0.00MB deduped)wandb: / 0.00MB of 0.00MB uploaded (0.00MB deduped)wandb: - 0.00MB of 0.00MB uploaded (0.00MB deduped)wandb: \ 0.00MB of 0.00MB uploaded (0.00MB deduped)wandb: | 0.00MB of 0.00MB uploaded (0.00MB deduped)wandb: / 0.00MB of 0.00MB uploaded (0.00MB deduped)wandb: - 0.00MB of 0.00MB uploaded (0.00MB deduped)wandb:                                                                                
wandb: Run history:
wandb:     e_F1 ▁▂▃▄▅▅▅▆▆▆▇▇▇███████████████████████████
wandb:   e_loss ███▇▇▆▆▅▅▄▃▃▂▂▂▂▁▁▁▁▁▁▁▁▁▁▁▁▁▂▂▂▂▂▃▃▃▃▄▄
wandb:     t_F1 ▁▁▁▂▂▂▃▃▃▄▄▄▅▅▆▅▅▆▅▆▆▆▆▆▆▇▇▇▇▇▇▇▇▇██████
wandb:   t_loss █████▇▇▇▇▆▆▆▅▅▅▅▅▄▄▄▄▄▃▃▃▃▃▃▃▂▂▂▂▂▂▂▁▁▁▁
wandb: 
wandb: Run summary:
wandb:     e_F1 61.23974
wandb:   e_loss 1.12687
wandb:     t_F1 95.77388
wandb:   t_loss 0.22456
wandb: 
wandb: Synced 4 W&B file(s), 0 media file(s), 0 artifact file(s) and 0 other file(s)
wandb: Synced bright-pyramid-1: https://wandb.ai/yinanazhou/xl_512_bs_8_lr_1e06_es_20_lc_True_nr_True_stem_False_lemma_False_repeat_2_fold_2/runs/3623k2hh
wandb: Find logs at: ./wandb/run-20220301_030721-3623k2hh/logs/debug.log
wandb: 

wandb: wandb version 0.12.10 is available!  To upgrade, please run:
wandb:  $ pip install wandb --upgrade
2022-03-01 03:49:28.865494: I tensorflow/stream_executor/platform/default/dso_loader.cc:48] Successfully opened dynamic library libcudart.so.10.1
wandb: Tracking run with wandb version 0.12.5
wandb: Syncing run radiant-music-1
wandb: ⭐️ View project at https://wandb.ai/yinanazhou/xl_512_bs_8_lr_1e06_es_20_lc_True_nr_True_stem_False_lemma_False_repeat_3_fold_1
wandb: 🚀 View run at https://wandb.ai/yinanazhou/xl_512_bs_8_lr_1e06_es_20_lc_True_nr_True_stem_False_lemma_False_repeat_3_fold_1/runs/16bbljqe
wandb: Run data is saved locally in /project/6002780/yinan/Thesis_MER_Lyrics/lyric-emotion/wandb/run-20220301_034925-16bbljqe
wandb: Run `wandb offline` to turn off syncing.

Validation loss decreased (inf --> 1.401566).  Saving model ...
Validation loss decreased (1.401566 --> 1.360040).  Saving model ...
Validation loss decreased (1.360040 --> 1.335450).  Saving model ...
Validation loss decreased (1.335450 --> 1.311591).  Saving model ...
Validation loss decreased (1.311591 --> 1.283646).  Saving model ...
Validation loss decreased (1.283646 --> 1.254094).  Saving model ...
Validation loss decreased (1.254094 --> 1.222472).  Saving model ...
Validation loss decreased (1.222472 --> 1.193431).  Saving model ...
Validation loss decreased (1.193431 --> 1.155169).  Saving model ...
Validation loss decreased (1.155169 --> 1.130678).  Saving model ...
Validation loss decreased (1.130678 --> 1.109510).  Saving model ...
Validation loss decreased (1.109510 --> 1.072833).  Saving model ...
Validation loss decreased (1.072833 --> 1.055615).  Saving model ...
Validation loss decreased (1.055615 --> 1.039961).  Saving model ...
Validation loss decreased (1.039961 --> 0.998950).  Saving model ...
Validation loss decreased (0.998950 --> 0.978813).  Saving model ...
Validation loss decreased (0.978813 --> 0.967283).  Saving model ...
Validation loss decreased (0.967283 --> 0.958630).  Saving model ...
Validation loss decreased (0.958630 --> 0.953429).  Saving model ...
EarlyStopping counter: 1 out of 20.0
Validation loss decreased (0.953429 --> 0.946205).  Saving model ...
Validation loss decreased (0.946205 --> 0.941129).  Saving model ...
Validation loss decreased (0.941129 --> 0.926926).  Saving model ...
Validation loss decreased (0.926926 --> 0.921407).  Saving model ...
EarlyStopping counter: 1 out of 20.0
EarlyStopping counter: 2 out of 20.0
EarlyStopping counter: 3 out of 20.0
EarlyStopping counter: 4 out of 20.0
EarlyStopping counter: 5 out of 20.0
EarlyStopping counter: 6 out of 20.0
EarlyStopping counter: 7 out of 20.0
EarlyStopping counter: 8 out of 20.0
EarlyStopping counter: 9 out of 20.0
EarlyStopping counter: 10 out of 20.0
EarlyStopping counter: 11 out of 20.0
EarlyStopping counter: 12 out of 20.0
EarlyStopping counter: 13 out of 20.0
EarlyStopping counter: 14 out of 20.0
EarlyStopping counter: 15 out of 20.0
EarlyStopping counter: 16 out of 20.0
EarlyStopping counter: 17 out of 20.0
EarlyStopping counter: 18 out of 20.0
EarlyStopping counter: 19 out of 20.0
EarlyStopping counter: 20 out of 20.0
/localscratch/yinan.28076990.0/env/lib/python3.7/site-packages/torch/nn/functional.py:1794: UserWarning: nn.functional.tanh is deprecated. Use torch.tanh instead.
  warnings.warn("nn.functional.tanh is deprecated. Use torch.tanh instead.")
wandb: Waiting for W&B process to finish, PID 129475... (success).
wandb: - 0.00MB of 0.00MB uploaded (0.00MB deduped)wandb: \ 0.00MB of 0.00MB uploaded (0.00MB deduped)wandb: | 0.00MB of 0.00MB uploaded (0.00MB deduped)wandb: / 0.00MB of 0.00MB uploaded (0.00MB deduped)wandb: - 0.00MB of 0.00MB uploaded (0.00MB deduped)wandb:                                                                                
wandb: Run history:
wandb:     e_F1 ▁▃▄▄▅▆▆▆▆▇▇▇▇▇▇███▇█████████████████████
wandb:   e_loss █▇▇▇▆▆▅▅▄▄▃▃▃▂▂▂▂▁▁▁▁▁▁▁▁▁▁▁▁▁▁▂▂▂▂▂▂▂▂▃
wandb:     t_F1 ▁▁▂▂▂▃▃▃▄▄▅▅▅▅▅▆▆▆▆▆▆▆▆▇▇▇▇▇▇▇▇▇▇▇█▇████
wandb:   t_loss ███▇▇▇▇▇▆▆▆▅▅▅▅▅▄▄▄▄▄▃▃▃▃▃▃▃▂▂▂▂▂▂▂▂▁▁▁▁
wandb: 
wandb: Run summary:
wandb:     e_F1 61.44074
wandb:   e_loss 1.02545
wandb:     t_F1 96.40422
wandb:   t_loss 0.23539
wandb: 
wandb: Synced 4 W&B file(s), 0 media file(s), 0 artifact file(s) and 0 other file(s)
wandb: Synced radiant-music-1: https://wandb.ai/yinanazhou/xl_512_bs_8_lr_1e06_es_20_lc_True_nr_True_stem_False_lemma_False_repeat_3_fold_1/runs/16bbljqe
wandb: Find logs at: ./wandb/run-20220301_034925-16bbljqe/logs/debug.log
wandb: 

wandb: wandb version 0.12.10 is available!  To upgrade, please run:
wandb:  $ pip install wandb --upgrade
2022-03-01 04:31:17.578878: I tensorflow/stream_executor/platform/default/dso_loader.cc:48] Successfully opened dynamic library libcudart.so.10.1
wandb: Tracking run with wandb version 0.12.5
wandb: Syncing run zesty-cherry-1
wandb: ⭐️ View project at https://wandb.ai/yinanazhou/xl_512_bs_8_lr_1e06_es_20_lc_True_nr_True_stem_False_lemma_False_repeat_3_fold_2
wandb: 🚀 View run at https://wandb.ai/yinanazhou/xl_512_bs_8_lr_1e06_es_20_lc_True_nr_True_stem_False_lemma_False_repeat_3_fold_2/runs/on9vvxmh
wandb: Run data is saved locally in /project/6002780/yinan/Thesis_MER_Lyrics/lyric-emotion/wandb/run-20220301_043114-on9vvxmh
wandb: Run `wandb offline` to turn off syncing.

Validation loss decreased (inf --> 1.371631).  Saving model ...
Validation loss decreased (1.371631 --> 1.344667).  Saving model ...
Validation loss decreased (1.344667 --> 1.322717).  Saving model ...
Validation loss decreased (1.322717 --> 1.298673).  Saving model ...
Validation loss decreased (1.298673 --> 1.270262).  Saving model ...
Validation loss decreased (1.270262 --> 1.239458).  Saving model ...
Validation loss decreased (1.239458 --> 1.203964).  Saving model ...
Validation loss decreased (1.203964 --> 1.176157).  Saving model ...
Validation loss decreased (1.176157 --> 1.140059).  Saving model ...
Validation loss decreased (1.140059 --> 1.119679).  Saving model ...
Validation loss decreased (1.119679 --> 1.078442).  Saving model ...
Validation loss decreased (1.078442 --> 1.052716).  Saving model ...
Validation loss decreased (1.052716 --> 1.034151).  Saving model ...
Validation loss decreased (1.034151 --> 1.015657).  Saving model ...
Validation loss decreased (1.015657 --> 1.005512).  Saving model ...
Validation loss decreased (1.005512 --> 0.986811).  Saving model ...
Validation loss decreased (0.986811 --> 0.969103).  Saving model ...
Validation loss decreased (0.969103 --> 0.954740).  Saving model ...
Validation loss decreased (0.954740 --> 0.944333).  Saving model ...
EarlyStopping counter: 1 out of 20.0
Validation loss decreased (0.944333 --> 0.931676).  Saving model ...
Validation loss decreased (0.931676 --> 0.923685).  Saving model ...
EarlyStopping counter: 1 out of 20.0
Validation loss decreased (0.923685 --> 0.920758).  Saving model ...
EarlyStopping counter: 1 out of 20.0
EarlyStopping counter: 2 out of 20.0
EarlyStopping counter: 3 out of 20.0
EarlyStopping counter: 4 out of 20.0
Validation loss decreased (0.920758 --> 0.919360).  Saving model ...
EarlyStopping counter: 1 out of 20.0
EarlyStopping counter: 2 out of 20.0
EarlyStopping counter: 3 out of 20.0
EarlyStopping counter: 4 out of 20.0
EarlyStopping counter: 5 out of 20.0
EarlyStopping counter: 6 out of 20.0
EarlyStopping counter: 7 out of 20.0
EarlyStopping counter: 8 out of 20.0
EarlyStopping counter: 9 out of 20.0
EarlyStopping counter: 10 out of 20.0
EarlyStopping counter: 11 out of 20.0
EarlyStopping counter: 12 out of 20.0
EarlyStopping counter: 13 out of 20.0
EarlyStopping counter: 14 out of 20.0
EarlyStopping counter: 15 out of 20.0
EarlyStopping counter: 16 out of 20.0
EarlyStopping counter: 17 out of 20.0
EarlyStopping counter: 18 out of 20.0
EarlyStopping counter: 19 out of 20.0
EarlyStopping counter: 20 out of 20.0
/localscratch/yinan.28076990.0/env/lib/python3.7/site-packages/torch/nn/functional.py:1794: UserWarning: nn.functional.tanh is deprecated. Use torch.tanh instead.
  warnings.warn("nn.functional.tanh is deprecated. Use torch.tanh instead.")
wandb: Waiting for W&B process to finish, PID 131755... (success).
wandb: - 0.00MB of 0.00MB uploaded (0.00MB deduped)wandb: \ 0.00MB of 0.00MB uploaded (0.00MB deduped)wandb: | 0.00MB of 0.00MB uploaded (0.00MB deduped)wandb: / 0.00MB of 0.00MB uploaded (0.00MB deduped)wandb: - 0.00MB of 0.00MB uploaded (0.00MB deduped)wandb: \ 0.00MB of 0.00MB uploaded (0.00MB deduped)wandb: | 0.00MB of 0.00MB uploaded (0.00MB deduped)wandb: / 0.00MB of 0.00MB uploaded (0.00MB deduped)wandb: - 0.00MB of 0.00MB uploaded (0.00MB deduped)wandb: \ 0.00MB of 0.00MB uploaded (0.00MB deduped)wandb: | 0.00MB of 0.00MB uploaded (0.00MB deduped)wandb: / 0.00MB of 0.00MB uploaded (0.00MB deduped)wandb: - 0.00MB of 0.00MB uploaded (0.00MB deduped)wandb:                                                                                
wandb: Run history:
wandb:     e_F1 ▁▄▅▅▆▆▆▇▆▇▇▇▇███████████████████████████
wandb:   e_loss ██▇▇▆▅▅▄▄▃▃▂▂▂▂▁▁▁▁▁▁▁▁▁▁▁▂▁▂▂▂▂▃▃▃▃▄▄▅▄
wandb:     t_F1 ▁▁▂▂▂▄▃▄▄▅▅▅▅▅▆▅▆▆▆▆▆▆▇▇▇▇▇▇▇▇▇█████████
wandb:   t_loss ████▇▇▇▇▆▆▆▆▅▅▅▅▄▄▄▄▄▄▃▃▃▃▂▂▂▂▂▂▂▂▂▁▁▁▁▁
wandb: 
wandb: Run summary:
wandb:     e_F1 61.4311
wandb:   e_loss 1.1399
wandb:     t_F1 96.19098
wandb:   t_loss 0.19443
wandb: 
wandb: Synced 4 W&B file(s), 0 media file(s), 0 artifact file(s) and 0 other file(s)
wandb: Synced zesty-cherry-1: https://wandb.ai/yinanazhou/xl_512_bs_8_lr_1e06_es_20_lc_True_nr_True_stem_False_lemma_False_repeat_3_fold_2/runs/on9vvxmh
wandb: Find logs at: ./wandb/run-20220301_043114-on9vvxmh/logs/debug.log
wandb: 

wandb: wandb version 0.12.10 is available!  To upgrade, please run:
wandb:  $ pip install wandb --upgrade
2022-03-01 05:17:54.708342: I tensorflow/stream_executor/platform/default/dso_loader.cc:48] Successfully opened dynamic library libcudart.so.10.1
wandb: Tracking run with wandb version 0.12.5
wandb: Syncing run icy-oath-1
wandb: ⭐️ View project at https://wandb.ai/yinanazhou/xl_512_bs_8_lr_1e06_es_20_lc_True_nr_True_stem_False_lemma_False_repeat_4_fold_1
wandb: 🚀 View run at https://wandb.ai/yinanazhou/xl_512_bs_8_lr_1e06_es_20_lc_True_nr_True_stem_False_lemma_False_repeat_4_fold_1/runs/2z4zidir
wandb: Run data is saved locally in /project/6002780/yinan/Thesis_MER_Lyrics/lyric-emotion/wandb/run-20220301_051751-2z4zidir
wandb: Run `wandb offline` to turn off syncing.

Validation loss decreased (inf --> 1.373638).  Saving model ...
Validation loss decreased (1.373638 --> 1.346373).  Saving model ...
Validation loss decreased (1.346373 --> 1.322344).  Saving model ...
Validation loss decreased (1.322344 --> 1.304751).  Saving model ...
Validation loss decreased (1.304751 --> 1.282874).  Saving model ...
Validation loss decreased (1.282874 --> 1.251045).  Saving model ...
Validation loss decreased (1.251045 --> 1.226676).  Saving model ...
Validation loss decreased (1.226676 --> 1.207022).  Saving model ...
Validation loss decreased (1.207022 --> 1.184646).  Saving model ...
EarlyStopping counter: 1 out of 20.0
Validation loss decreased (1.184646 --> 1.173700).  Saving model ...
Validation loss decreased (1.173700 --> 1.147955).  Saving model ...
Validation loss decreased (1.147955 --> 1.125075).  Saving model ...
Validation loss decreased (1.125075 --> 1.094290).  Saving model ...
Validation loss decreased (1.094290 --> 1.087485).  Saving model ...
Validation loss decreased (1.087485 --> 1.058960).  Saving model ...
Validation loss decreased (1.058960 --> 1.055829).  Saving model ...
Validation loss decreased (1.055829 --> 1.042148).  Saving model ...
Validation loss decreased (1.042148 --> 1.027536).  Saving model ...
Validation loss decreased (1.027536 --> 1.024739).  Saving model ...
Validation loss decreased (1.024739 --> 1.004838).  Saving model ...
Validation loss decreased (1.004838 --> 0.997278).  Saving model ...
Validation loss decreased (0.997278 --> 0.996396).  Saving model ...
Validation loss decreased (0.996396 --> 0.979124).  Saving model ...
Validation loss decreased (0.979124 --> 0.969447).  Saving model ...
EarlyStopping counter: 1 out of 20.0
EarlyStopping counter: 2 out of 20.0
Validation loss decreased (0.969447 --> 0.966096).  Saving model ...
Validation loss decreased (0.966096 --> 0.962715).  Saving model ...
EarlyStopping counter: 1 out of 20.0
EarlyStopping counter: 2 out of 20.0
EarlyStopping counter: 3 out of 20.0
Validation loss decreased (0.962715 --> 0.961481).  Saving model ...
EarlyStopping counter: 1 out of 20.0
EarlyStopping counter: 2 out of 20.0
EarlyStopping counter: 3 out of 20.0
EarlyStopping counter: 4 out of 20.0
EarlyStopping counter: 5 out of 20.0
EarlyStopping counter: 6 out of 20.0
EarlyStopping counter: 7 out of 20.0
EarlyStopping counter: 8 out of 20.0
EarlyStopping counter: 9 out of 20.0
EarlyStopping counter: 10 out of 20.0
EarlyStopping counter: 11 out of 20.0
EarlyStopping counter: 12 out of 20.0
EarlyStopping counter: 13 out of 20.0
EarlyStopping counter: 14 out of 20.0
EarlyStopping counter: 15 out of 20.0
EarlyStopping counter: 16 out of 20.0
EarlyStopping counter: 17 out of 20.0
EarlyStopping counter: 18 out of 20.0
EarlyStopping counter: 19 out of 20.0
EarlyStopping counter: 20 out of 20.0
/localscratch/yinan.28076990.0/env/lib/python3.7/site-packages/torch/nn/functional.py:1794: UserWarning: nn.functional.tanh is deprecated. Use torch.tanh instead.
  warnings.warn("nn.functional.tanh is deprecated. Use torch.tanh instead.")
wandb: Waiting for W&B process to finish, PID 134282... (success).
wandb: - 0.00MB of 0.00MB uploaded (0.00MB deduped)wandb: \ 0.00MB of 0.00MB uploaded (0.00MB deduped)wandb: | 0.00MB of 0.00MB uploaded (0.00MB deduped)wandb: / 0.00MB of 0.00MB uploaded (0.00MB deduped)wandb: - 0.00MB of 0.00MB uploaded (0.00MB deduped)wandb: \ 0.00MB of 0.00MB uploaded (0.00MB deduped)wandb: | 0.00MB of 0.00MB uploaded (0.00MB deduped)wandb: / 0.00MB of 0.00MB uploaded (0.00MB deduped)wandb: - 0.00MB of 0.00MB uploaded (0.00MB deduped)wandb: \ 0.00MB of 0.00MB uploaded (0.00MB deduped)wandb: | 0.00MB of 0.00MB uploaded (0.00MB deduped)wandb: / 0.00MB of 0.00MB uploaded (0.00MB deduped)wandb: - 0.00MB of 0.00MB uploaded (0.00MB deduped)wandb: \ 0.00MB of 0.00MB uploaded (0.00MB deduped)wandb:                                                                                
wandb: Run history:
wandb:     e_F1 ▁▄▃▄▅▆▆▅▅▆▆▇▇▇▇▇▇▇▇▇▇▇▇▇█▇▇█████████████
wandb:   e_loss ██▇▆▆▆▅▅▅▄▃▃▃▂▂▂▂▂▁▁▁▁▁▁▁▁▂▂▂▂▂▂▃▃▃▃▄▄▄▅
wandb:     t_F1 ▁▁▂▂▃▃▄▄▄▄▄▄▅▅▅▅▅▆▆▆▆▆▆▇▇▇▇▇▇▇▇▇█▇██████
wandb:   t_loss ███▇▇▇▇▇▆▆▆▆▅▅▅▅▅▄▄▄▄▄▃▃▃▃▃▃▂▂▂▂▂▂▂▁▁▁▁▁
wandb: 
wandb: Run summary:
wandb:     e_F1 58.2671
wandb:   e_loss 1.17262
wandb:     t_F1 98.73392
wandb:   t_loss 0.14682
wandb: 
wandb: Synced 4 W&B file(s), 0 media file(s), 0 artifact file(s) and 0 other file(s)
wandb: Synced icy-oath-1: https://wandb.ai/yinanazhou/xl_512_bs_8_lr_1e06_es_20_lc_True_nr_True_stem_False_lemma_False_repeat_4_fold_1/runs/2z4zidir
wandb: Find logs at: ./wandb/run-20220301_051751-2z4zidir/logs/debug.log
wandb: 

wandb: wandb version 0.12.10 is available!  To upgrade, please run:
wandb:  $ pip install wandb --upgrade
2022-03-01 06:08:11.240093: I tensorflow/stream_executor/platform/default/dso_loader.cc:48] Successfully opened dynamic library libcudart.so.10.1
wandb: Tracking run with wandb version 0.12.5
wandb: Syncing run logical-bush-1
wandb: ⭐️ View project at https://wandb.ai/yinanazhou/xl_512_bs_8_lr_1e06_es_20_lc_True_nr_True_stem_False_lemma_False_repeat_4_fold_2
wandb: 🚀 View run at https://wandb.ai/yinanazhou/xl_512_bs_8_lr_1e06_es_20_lc_True_nr_True_stem_False_lemma_False_repeat_4_fold_2/runs/3ejhercw
wandb: Run data is saved locally in /project/6002780/yinan/Thesis_MER_Lyrics/lyric-emotion/wandb/run-20220301_060808-3ejhercw
wandb: Run `wandb offline` to turn off syncing.

Validation loss decreased (inf --> 1.365122).  Saving model ...
Validation loss decreased (1.365122 --> 1.349204).  Saving model ...
Validation loss decreased (1.349204 --> 1.333578).  Saving model ...
Validation loss decreased (1.333578 --> 1.316581).  Saving model ...
Validation loss decreased (1.316581 --> 1.288983).  Saving model ...
Validation loss decreased (1.288983 --> 1.261309).  Saving model ...
Validation loss decreased (1.261309 --> 1.228649).  Saving model ...
Validation loss decreased (1.228649 --> 1.194107).  Saving model ...
Validation loss decreased (1.194107 --> 1.148075).  Saving model ...
Validation loss decreased (1.148075 --> 1.106470).  Saving model ...
Validation loss decreased (1.106470 --> 1.091230).  Saving model ...
Validation loss decreased (1.091230 --> 1.053257).  Saving model ...
Validation loss decreased (1.053257 --> 1.041374).  Saving model ...
Validation loss decreased (1.041374 --> 1.011562).  Saving model ...
Validation loss decreased (1.011562 --> 1.007936).  Saving model ...
Validation loss decreased (1.007936 --> 0.991887).  Saving model ...
Validation loss decreased (0.991887 --> 0.976167).  Saving model ...
Validation loss decreased (0.976167 --> 0.964198).  Saving model ...
EarlyStopping counter: 1 out of 20.0
Validation loss decreased (0.964198 --> 0.947900).  Saving model ...
EarlyStopping counter: 1 out of 20.0
EarlyStopping counter: 2 out of 20.0
Validation loss decreased (0.947900 --> 0.945554).  Saving model ...
EarlyStopping counter: 1 out of 20.0
EarlyStopping counter: 2 out of 20.0
EarlyStopping counter: 3 out of 20.0
EarlyStopping counter: 4 out of 20.0
EarlyStopping counter: 5 out of 20.0
EarlyStopping counter: 6 out of 20.0
EarlyStopping counter: 7 out of 20.0
EarlyStopping counter: 8 out of 20.0
EarlyStopping counter: 9 out of 20.0
EarlyStopping counter: 10 out of 20.0
EarlyStopping counter: 11 out of 20.0
EarlyStopping counter: 12 out of 20.0
EarlyStopping counter: 13 out of 20.0
EarlyStopping counter: 14 out of 20.0
EarlyStopping counter: 15 out of 20.0
EarlyStopping counter: 16 out of 20.0
EarlyStopping counter: 17 out of 20.0
EarlyStopping counter: 18 out of 20.0
EarlyStopping counter: 19 out of 20.0
EarlyStopping counter: 20 out of 20.0
/localscratch/yinan.28076990.0/env/lib/python3.7/site-packages/torch/nn/functional.py:1794: UserWarning: nn.functional.tanh is deprecated. Use torch.tanh instead.
  warnings.warn("nn.functional.tanh is deprecated. Use torch.tanh instead.")
wandb: Waiting for W&B process to finish, PID 136985... (success).
wandb: - 0.00MB of 0.00MB uploaded (0.00MB deduped)wandb: \ 0.00MB of 0.00MB uploaded (0.00MB deduped)wandb: | 0.00MB of 0.00MB uploaded (0.00MB deduped)wandb: / 0.00MB of 0.00MB uploaded (0.00MB deduped)wandb: - 0.00MB of 0.00MB uploaded (0.00MB deduped)wandb: \ 0.00MB of 0.00MB uploaded (0.00MB deduped)wandb: | 0.00MB of 0.00MB uploaded (0.00MB deduped)wandb: / 0.00MB of 0.00MB uploaded (0.00MB deduped)wandb: - 0.00MB of 0.00MB uploaded (0.00MB deduped)wandb: \ 0.00MB of 0.00MB uploaded (0.00MB deduped)wandb: | 0.00MB of 0.00MB uploaded (0.00MB deduped)wandb: / 0.00MB of 0.00MB uploaded (0.00MB deduped)wandb: - 0.00MB of 0.00MB uploaded (0.00MB deduped)wandb:                                                                                
wandb: Run history:
wandb:     e_F1 ▁▂▄▄▅▅▅▆▆▆▆▇▇▇█▇█▇██▇█████▇█▇██▇████████
wandb:   e_loss ██▇▇▇▆▆▅▄▄▃▃▃▂▂▂▁▁▁▁▁▁▁▁▁▁▂▂▂▂▂▂▂▃▂▃▃▃▃▃
wandb:     t_F1 ▁▂▂▂▂▃▃▄▄▄▄▅▅▆▆▆▆▆▆▆▆▆▇▇▇▇▇▇▇▇▇▇████████
wandb:   t_loss █████▇▇▇▇▆▆▆▅▅▅▅▄▄▄▄▄▃▃▃▃▃▃▂▂▂▂▂▂▂▂▁▁▁▁▁
wandb: 
wandb: Run summary:
wandb:     e_F1 60.29681
wandb:   e_loss 1.08208
wandb:     t_F1 95.13663
wandb:   t_loss 0.23648
wandb: 
wandb: Synced 4 W&B file(s), 0 media file(s), 0 artifact file(s) and 0 other file(s)
wandb: Synced logical-bush-1: https://wandb.ai/yinanazhou/xl_512_bs_8_lr_1e06_es_20_lc_True_nr_True_stem_False_lemma_False_repeat_4_fold_2/runs/3ejhercw
wandb: Find logs at: ./wandb/run-20220301_060808-3ejhercw/logs/debug.log
wandb: 

wandb: wandb version 0.12.10 is available!  To upgrade, please run:
wandb:  $ pip install wandb --upgrade
2022-03-01 06:49:10.761359: I tensorflow/stream_executor/platform/default/dso_loader.cc:48] Successfully opened dynamic library libcudart.so.10.1
wandb: Tracking run with wandb version 0.12.5
wandb: Syncing run curious-fog-1
wandb: ⭐️ View project at https://wandb.ai/yinanazhou/xl_512_bs_8_lr_1e06_es_20_lc_True_nr_True_stem_False_lemma_False_repeat_5_fold_1
wandb: 🚀 View run at https://wandb.ai/yinanazhou/xl_512_bs_8_lr_1e06_es_20_lc_True_nr_True_stem_False_lemma_False_repeat_5_fold_1/runs/1ejswabp
wandb: Run data is saved locally in /project/6002780/yinan/Thesis_MER_Lyrics/lyric-emotion/wandb/run-20220301_064907-1ejswabp
wandb: Run `wandb offline` to turn off syncing.

Validation loss decreased (inf --> 1.432646).  Saving model ...
Validation loss decreased (1.432646 --> 1.394579).  Saving model ...
Validation loss decreased (1.394579 --> 1.367965).  Saving model ...
Validation loss decreased (1.367965 --> 1.349380).  Saving model ...
Validation loss decreased (1.349380 --> 1.336327).  Saving model ...
Validation loss decreased (1.336327 --> 1.314420).  Saving model ...
Validation loss decreased (1.314420 --> 1.295950).  Saving model ...
Validation loss decreased (1.295950 --> 1.269042).  Saving model ...
Validation loss decreased (1.269042 --> 1.250462).  Saving model ...
Validation loss decreased (1.250462 --> 1.223736).  Saving model ...
Validation loss decreased (1.223736 --> 1.200167).  Saving model ...
Validation loss decreased (1.200167 --> 1.178963).  Saving model ...
Validation loss decreased (1.178963 --> 1.153530).  Saving model ...
Validation loss decreased (1.153530 --> 1.126950).  Saving model ...
Validation loss decreased (1.126950 --> 1.100303).  Saving model ...
Validation loss decreased (1.100303 --> 1.080115).  Saving model ...
Validation loss decreased (1.080115 --> 1.062928).  Saving model ...
Validation loss decreased (1.062928 --> 1.045741).  Saving model ...
Validation loss decreased (1.045741 --> 1.027892).  Saving model ...
Validation loss decreased (1.027892 --> 1.012939).  Saving model ...
Validation loss decreased (1.012939 --> 0.987252).  Saving model ...
Validation loss decreased (0.987252 --> 0.984709).  Saving model ...
Validation loss decreased (0.984709 --> 0.970995).  Saving model ...
Validation loss decreased (0.970995 --> 0.963287).  Saving model ...
Validation loss decreased (0.963287 --> 0.963254).  Saving model ...
Validation loss decreased (0.963254 --> 0.960411).  Saving model ...
EarlyStopping counter: 1 out of 20.0
Validation loss decreased (0.960411 --> 0.950864).  Saving model ...
EarlyStopping counter: 1 out of 20.0
EarlyStopping counter: 2 out of 20.0
EarlyStopping counter: 3 out of 20.0
EarlyStopping counter: 4 out of 20.0
EarlyStopping counter: 5 out of 20.0
EarlyStopping counter: 6 out of 20.0
EarlyStopping counter: 7 out of 20.0
EarlyStopping counter: 8 out of 20.0
EarlyStopping counter: 9 out of 20.0
EarlyStopping counter: 10 out of 20.0
EarlyStopping counter: 11 out of 20.0
EarlyStopping counter: 12 out of 20.0
EarlyStopping counter: 13 out of 20.0
EarlyStopping counter: 14 out of 20.0
EarlyStopping counter: 15 out of 20.0
EarlyStopping counter: 16 out of 20.0
EarlyStopping counter: 17 out of 20.0
EarlyStopping counter: 18 out of 20.0
EarlyStopping counter: 19 out of 20.0
EarlyStopping counter: 20 out of 20.0
/localscratch/yinan.28076990.0/env/lib/python3.7/site-packages/torch/nn/functional.py:1794: UserWarning: nn.functional.tanh is deprecated. Use torch.tanh instead.
  warnings.warn("nn.functional.tanh is deprecated. Use torch.tanh instead.")
wandb: Waiting for W&B process to finish, PID 139189... (success).
wandb: - 0.00MB of 0.00MB uploaded (0.00MB deduped)wandb: \ 0.00MB of 0.00MB uploaded (0.00MB deduped)wandb: | 0.00MB of 0.00MB uploaded (0.00MB deduped)wandb: / 0.00MB of 0.00MB uploaded (0.00MB deduped)wandb: - 0.00MB of 0.00MB uploaded (0.00MB deduped)wandb: \ 0.00MB of 0.00MB uploaded (0.00MB deduped)wandb: | 0.00MB of 0.00MB uploaded (0.00MB deduped)wandb: / 0.00MB of 0.00MB uploaded (0.00MB deduped)wandb: - 0.00MB of 0.00MB uploaded (0.00MB deduped)wandb: \ 0.00MB of 0.00MB uploaded (0.00MB deduped)wandb: | 0.00MB of 0.00MB uploaded (0.00MB deduped)wandb: / 0.00MB of 0.00MB uploaded (0.00MB deduped)wandb: - 0.00MB of 0.00MB uploaded (0.00MB deduped)wandb:                                                                                
wandb: Run history:
wandb:     e_F1 ▁▂▄▄▄▄▅▅▅▅▆▆▆▇▇▇▇▇▇▇████████████████████
wandb:   e_loss █▇▇▇▇▆▆▅▅▅▄▄▃▃▃▂▂▂▁▁▁▁▁▁▁▁▁▁▂▂▂▂▂▂▂▃▃▃▃▃
wandb:     t_F1 ▁▁▁▂▂▃▃▃▄▃▄▄▄▅▅▅▅▆▆▆▆▆▆▆▇▇▇▇▇▇▇█▇███████
wandb:   t_loss ███▇▇▇▇▇▆▆▆▆▆▅▅▅▅▄▄▄▄▄▃▃▃▃▃▂▂▂▂▂▂▂▂▁▁▁▁▁
wandb: 
wandb: Run summary:
wandb:     e_F1 57.88859
wandb:   e_loss 1.10164
wandb:     t_F1 94.30047
wandb:   t_loss 0.25418
wandb: 
wandb: Synced 4 W&B file(s), 0 media file(s), 0 artifact file(s) and 0 other file(s)
wandb: Synced curious-fog-1: https://wandb.ai/yinanazhou/xl_512_bs_8_lr_1e06_es_20_lc_True_nr_True_stem_False_lemma_False_repeat_5_fold_1/runs/1ejswabp
wandb: Find logs at: ./wandb/run-20220301_064907-1ejswabp/logs/debug.log
wandb: 

wandb: wandb version 0.12.10 is available!  To upgrade, please run:
wandb:  $ pip install wandb --upgrade
2022-03-01 07:34:38.232549: I tensorflow/stream_executor/platform/default/dso_loader.cc:48] Successfully opened dynamic library libcudart.so.10.1
wandb: Tracking run with wandb version 0.12.5
wandb: Syncing run vital-breeze-1
wandb: ⭐️ View project at https://wandb.ai/yinanazhou/xl_512_bs_8_lr_1e06_es_20_lc_True_nr_True_stem_False_lemma_False_repeat_5_fold_2
wandb: 🚀 View run at https://wandb.ai/yinanazhou/xl_512_bs_8_lr_1e06_es_20_lc_True_nr_True_stem_False_lemma_False_repeat_5_fold_2/runs/2zu8sx4h
wandb: Run data is saved locally in /project/6002780/yinan/Thesis_MER_Lyrics/lyric-emotion/wandb/run-20220301_073435-2zu8sx4h
wandb: Run `wandb offline` to turn off syncing.

Validation loss decreased (inf --> 1.397911).  Saving model ...
Validation loss decreased (1.397911 --> 1.370755).  Saving model ...
Validation loss decreased (1.370755 --> 1.350852).  Saving model ...
Validation loss decreased (1.350852 --> 1.331697).  Saving model ...
Validation loss decreased (1.331697 --> 1.311914).  Saving model ...
Validation loss decreased (1.311914 --> 1.281296).  Saving model ...
Validation loss decreased (1.281296 --> 1.248797).  Saving model ...
Validation loss decreased (1.248797 --> 1.236211).  Saving model ...
Validation loss decreased (1.236211 --> 1.184493).  Saving model ...
Validation loss decreased (1.184493 --> 1.148813).  Saving model ...
Validation loss decreased (1.148813 --> 1.118137).  Saving model ...
Validation loss decreased (1.118137 --> 1.092228).  Saving model ...
Validation loss decreased (1.092228 --> 1.067061).  Saving model ...
Validation loss decreased (1.067061 --> 1.051428).  Saving model ...
Validation loss decreased (1.051428 --> 1.028464).  Saving model ...
Validation loss decreased (1.028464 --> 1.027633).  Saving model ...
Validation loss decreased (1.027633 --> 0.993423).  Saving model ...
Validation loss decreased (0.993423 --> 0.977950).  Saving model ...
Validation loss decreased (0.977950 --> 0.963954).  Saving model ...
EarlyStopping counter: 1 out of 20.0
EarlyStopping counter: 2 out of 20.0
Validation loss decreased (0.963954 --> 0.950861).  Saving model ...
Validation loss decreased (0.950861 --> 0.941269).  Saving model ...
EarlyStopping counter: 1 out of 20.0
Validation loss decreased (0.941269 --> 0.939100).  Saving model ...
EarlyStopping counter: 1 out of 20.0
Validation loss decreased (0.939100 --> 0.937764).  Saving model ...
Validation loss decreased (0.937764 --> 0.926009).  Saving model ...
EarlyStopping counter: 1 out of 20.0
EarlyStopping counter: 2 out of 20.0
EarlyStopping counter: 3 out of 20.0
EarlyStopping counter: 4 out of 20.0
EarlyStopping counter: 5 out of 20.0
EarlyStopping counter: 6 out of 20.0
EarlyStopping counter: 7 out of 20.0
EarlyStopping counter: 8 out of 20.0
EarlyStopping counter: 9 out of 20.0
EarlyStopping counter: 10 out of 20.0
EarlyStopping counter: 11 out of 20.0
EarlyStopping counter: 12 out of 20.0
EarlyStopping counter: 13 out of 20.0
EarlyStopping counter: 14 out of 20.0
EarlyStopping counter: 15 out of 20.0
EarlyStopping counter: 16 out of 20.0
EarlyStopping counter: 17 out of 20.0
EarlyStopping counter: 18 out of 20.0
EarlyStopping counter: 19 out of 20.0
EarlyStopping counter: 20 out of 20.0
/localscratch/yinan.28076990.0/env/lib/python3.7/site-packages/torch/nn/functional.py:1794: UserWarning: nn.functional.tanh is deprecated. Use torch.tanh instead.
  warnings.warn("nn.functional.tanh is deprecated. Use torch.tanh instead.")
wandb: Waiting for W&B process to finish, PID 141645... (success).
wandb: - 0.00MB of 0.00MB uploaded (0.00MB deduped)wandb: \ 0.00MB of 0.00MB uploaded (0.00MB deduped)wandb: | 0.00MB of 0.00MB uploaded (0.00MB deduped)wandb: / 0.00MB of 0.00MB uploaded (0.00MB deduped)wandb: - 0.00MB of 0.00MB uploaded (0.00MB deduped)wandb: \ 0.00MB of 0.00MB uploaded (0.00MB deduped)wandb: | 0.00MB of 0.00MB uploaded (0.00MB deduped)wandb: / 0.00MB of 0.00MB uploaded (0.00MB deduped)wandb: - 0.00MB of 0.00MB uploaded (0.00MB deduped)wandb: \ 0.00MB of 0.00MB uploaded (0.00MB deduped)wandb: | 0.00MB of 0.00MB uploaded (0.00MB deduped)wandb: / 0.00MB of 0.00MB uploaded (0.00MB deduped)wandb: - 0.00MB of 0.00MB uploaded (0.00MB deduped)wandb:                                                                                
wandb: Run history:
wandb:     e_F1 ▁▃▄▅▅▆▆▇▆▇▇▇▇▇▇▇▇▇█████████████████████▇
wandb:   e_loss ██▇▇▇▆▆▅▄▄▃▃▃▃▂▂▂▂▁▁▁▁▁▁▁▁▁▂▁▁▂▂▃▂▂▂▃▃▃▅
wandb:     t_F1 ▁▁▂▂▂▃▃▃▄▄▅▅▅▅▆▆▆▆▆▆▆▇▆▇▇▇▇▇▇▇▇▇████████
wandb:   t_loss ████▇▇▇▇▆▆▆▅▅▅▅▄▄▄▄▄▄▃▃▃▃▃▃▂▂▂▂▂▂▂▂▁▁▁▁▁
wandb: 
wandb: Run summary:
wandb:     e_F1 59.10913
wandb:   e_loss 1.16911
wandb:     t_F1 94.88036
wandb:   t_loss 0.20953
wandb: 
wandb: Synced 4 W&B file(s), 0 media file(s), 0 artifact file(s) and 0 other file(s)
wandb: Synced vital-breeze-1: https://wandb.ai/yinanazhou/xl_512_bs_8_lr_1e06_es_20_lc_True_nr_True_stem_False_lemma_False_repeat_5_fold_2/runs/2zu8sx4h
wandb: Find logs at: ./wandb/run-20220301_073435-2zu8sx4h/logs/debug.log
wandb: 

