Unloading StdEnv/2020

Due to MODULEPATH changes, the following have been reloaded:
  1) mii/1.1.1


The following have been reloaded with a version change:
  1) python/3.8.2 => python/3.7.4

Using base prefix '/cvmfs/soft.computecanada.ca/easybuild/software/2017/Core/python/3.7.4'
<<<<<<< HEAD
<<<<<<< HEAD
<<<<<<< HEAD
New python executable in /localscratch/yinan.28595278.0/env/bin/python
=======
New python executable in /localscratch/yinan.28597268.0/env/bin/python
>>>>>>> deeb402b1d9359b1981ff022def33eacd88cafbb
=======
New python executable in /localscratch/yinan.28597268.0/env/bin/python
>>>>>>> deeb402b1d9359b1981ff022def33eacd88cafbb
=======
New python executable in /localscratch/yinan.28597268.0/env/bin/python
>>>>>>> deeb402b1d9359b1981ff022def33eacd88cafbb
Installing setuptools, pip, wheel...
done.
Ignoring pip: markers 'python_version < "3"' don't match your environment
Looking in links: /cvmfs/soft.computecanada.ca/custom/python/wheelhouse/nix/avx2, /cvmfs/soft.computecanada.ca/custom/python/wheelhouse/nix/generic, /cvmfs/soft.computecanada.ca/custom/python/wheelhouse/generic
Collecting pip
Installing collected packages: pip
  Found existing installation: pip 19.1.1
    Uninstalling pip-19.1.1:
      Successfully uninstalled pip-19.1.1
Successfully installed pip-21.2.3+computecanada
Looking in links: /cvmfs/soft.computecanada.ca/custom/python/wheelhouse/nix/avx2, /cvmfs/soft.computecanada.ca/custom/python/wheelhouse/nix/generic, /cvmfs/soft.computecanada.ca/custom/python/wheelhouse/generic
Processing /cvmfs/soft.computecanada.ca/custom/python/wheelhouse/generic/keras-2.8.0+computecanada-py2.py3-none-any.whl
Processing /cvmfs/soft.computecanada.ca/custom/python/wheelhouse/generic/Keras_Preprocessing-1.1.2+computecanada-py3-none-any.whl
Requirement already satisfied: matplotlib in /cvmfs/soft.computecanada.ca/easybuild/software/2017/Core/scipy-stack/2019a/lib/python3.7/site-packages (from -r requirements.txt (line 3)) (3.0.2)
Processing /cvmfs/soft.computecanada.ca/custom/python/wheelhouse/generic/nltk-3.6.5+computecanada-py3-none-any.whl
Processing /cvmfs/soft.computecanada.ca/custom/python/wheelhouse/generic/scikit_learn-0.22.1+computecanada-cp37-cp37m-linux_x86_64.whl
Processing /cvmfs/soft.computecanada.ca/custom/python/wheelhouse/generic/tensorboard-2.3.0+computecanada-py3-none-any.whl
Processing /cvmfs/soft.computecanada.ca/custom/python/wheelhouse/generic/tensorboard_plugin_wit-1.7.0+computecanada-py3-none-any.whl
Processing /cvmfs/soft.computecanada.ca/custom/python/wheelhouse/generic/tensorflow_gpu-2.3.0+computecanada-cp37-cp37m-linux_x86_64.whl
Processing /cvmfs/soft.computecanada.ca/custom/python/wheelhouse/generic/tensorflow_estimator-2.3.0+computecanada-py2.py3-none-any.whl
Processing /cvmfs/soft.computecanada.ca/custom/python/wheelhouse/generic/tokenizers-0.5.2+computecanada-cp37-cp37m-linux_x86_64.whl
Processing /cvmfs/soft.computecanada.ca/custom/python/wheelhouse/nix/avx2/torch-1.4.0+computecanada-cp37-cp37m-linux_x86_64.whl
Processing /cvmfs/soft.computecanada.ca/custom/python/wheelhouse/generic/torchtext-0.6.0+computecanada-py3-none-any.whl
Processing /cvmfs/soft.computecanada.ca/custom/python/wheelhouse/generic/torchvision-0.8.2+computecanada-cp37-cp37m-linux_x86_64.whl
Processing /cvmfs/soft.computecanada.ca/custom/python/wheelhouse/generic/transformers-2.5.1+computecanada-py3-none-any.whl
Processing /cvmfs/soft.computecanada.ca/custom/python/wheelhouse/generic/urllib3-1.26.7+computecanada-py2.py3-none-any.whl
ERROR: Could not find a version that satisfies the requirement regex>=2021.8.3 (from nltk) (from versions: 2018.1.10+computecanada, 2019.11.1+computecanada, 2020.11.13+computecanada)
ERROR: No matching distribution found for regex>=2021.8.3
Looking in links: /cvmfs/soft.computecanada.ca/custom/python/wheelhouse/nix/avx2, /cvmfs/soft.computecanada.ca/custom/python/wheelhouse/nix/generic, /cvmfs/soft.computecanada.ca/custom/python/wheelhouse/generic
ERROR: Could not find a version that satisfies the requirement numpy==1.20.0+computacanada (from versions: 1.15.0+computecanada, 1.15.2+computecanada, 1.15.4+computecanada, 1.16.0+computecanada, 1.16.2+computecanada, 1.16.3+computecanada, 1.17.4+computecanada, 1.18.1+computecanada, 1.18.4+computecanada, 1.19.1+computecanada, 1.19.2+computecanada, 1.20.2+computecanada)
ERROR: No matching distribution found for numpy==1.20.0+computacanada
Looking in links: /cvmfs/soft.computecanada.ca/custom/python/wheelhouse/nix/avx2, /cvmfs/soft.computecanada.ca/custom/python/wheelhouse/nix/generic, /cvmfs/soft.computecanada.ca/custom/python/wheelhouse/generic
Processing /cvmfs/soft.computecanada.ca/custom/python/wheelhouse/generic/wandb-0.12.5+computecanada-py2.py3-none-any.whl
<<<<<<< HEAD
<<<<<<< HEAD
<<<<<<< HEAD
Processing /cvmfs/soft.computecanada.ca/custom/python/wheelhouse/generic/protobuf-3.19.4+computecanada-py2.py3-none-any.whl
Processing /cvmfs/soft.computecanada.ca/custom/python/wheelhouse/generic/PyYAML-5.3.1+computecanada-cp37-cp37m-linux_x86_64.whl
Processing /cvmfs/soft.computecanada.ca/custom/python/wheelhouse/generic/configparser-5.0.2+computecanada-py3-none-any.whl
Processing /cvmfs/soft.computecanada.ca/custom/python/wheelhouse/generic/promise-2.3+computecanada-py3-none-any.whl
Processing /cvmfs/soft.computecanada.ca/custom/python/wheelhouse/generic/six-1.16.0+computecanada-py2.py3-none-any.whl
Requirement already satisfied: requests<3,>=2.0.0 in /cvmfs/soft.computecanada.ca/easybuild/software/2017/Core/scipy-stack/2019a/lib/python3.7/site-packages (from wandb) (2.21.0)
Requirement already satisfied: python-dateutil>=2.6.1 in /cvmfs/soft.computecanada.ca/easybuild/software/2017/Core/scipy-stack/2019a/lib/python3.7/site-packages (from wandb) (2.7.5)
Processing /cvmfs/soft.computecanada.ca/custom/python/wheelhouse/generic/yaspin-2.1.0+computecanada-py3-none-any.whl
Processing /cvmfs/soft.computecanada.ca/custom/python/wheelhouse/generic/click-8.0.3+computecanada-py3-none-any.whl
Processing /cvmfs/soft.computecanada.ca/custom/python/wheelhouse/generic/subprocess32-3.5.4+computecanada-py3-none-any.whl
Processing /cvmfs/soft.computecanada.ca/custom/python/wheelhouse/generic/docker_pycreds-0.4.0+computecanada-py2.py3-none-any.whl
Processing /cvmfs/soft.computecanada.ca/custom/python/wheelhouse/generic/pathtools-0.1.2+computecanada-py3-none-any.whl
Processing /cvmfs/soft.computecanada.ca/custom/python/wheelhouse/generic/shortuuid-1.0.1+computecanada-py3-none-any.whl
Processing /cvmfs/soft.computecanada.ca/custom/python/wheelhouse/generic/GitPython-3.1.24+computecanada-py3-none-any.whl
Processing /cvmfs/soft.computecanada.ca/custom/python/wheelhouse/generic/psutil-5.7.3+computecanada-cp37-cp37m-linux_x86_64.whl
Processing /cvmfs/soft.computecanada.ca/custom/python/wheelhouse/generic/sentry_sdk-1.5.0+computecanada-py2.py3-none-any.whl
=======
=======
>>>>>>> deeb402b1d9359b1981ff022def33eacd88cafbb
=======
>>>>>>> deeb402b1d9359b1981ff022def33eacd88cafbb
Processing /cvmfs/soft.computecanada.ca/custom/python/wheelhouse/generic/six-1.16.0+computecanada-py2.py3-none-any.whl
Processing /cvmfs/soft.computecanada.ca/custom/python/wheelhouse/generic/shortuuid-1.0.1+computecanada-py3-none-any.whl
Processing /cvmfs/soft.computecanada.ca/custom/python/wheelhouse/generic/click-8.0.3+computecanada-py3-none-any.whl
Processing /cvmfs/soft.computecanada.ca/custom/python/wheelhouse/generic/promise-2.3+computecanada-py3-none-any.whl
Processing /cvmfs/soft.computecanada.ca/custom/python/wheelhouse/generic/GitPython-3.1.24+computecanada-py3-none-any.whl
Processing /cvmfs/soft.computecanada.ca/custom/python/wheelhouse/generic/docker_pycreds-0.4.0+computecanada-py2.py3-none-any.whl
Processing /cvmfs/soft.computecanada.ca/custom/python/wheelhouse/generic/PyYAML-5.3.1+computecanada-cp37-cp37m-linux_x86_64.whl
Processing /cvmfs/soft.computecanada.ca/custom/python/wheelhouse/generic/sentry_sdk-1.5.0+computecanada-py2.py3-none-any.whl
Requirement already satisfied: python-dateutil>=2.6.1 in /cvmfs/soft.computecanada.ca/easybuild/software/2017/Core/scipy-stack/2019a/lib/python3.7/site-packages (from wandb) (2.7.5)
Processing /cvmfs/soft.computecanada.ca/custom/python/wheelhouse/generic/subprocess32-3.5.4+computecanada-py3-none-any.whl
Processing /cvmfs/soft.computecanada.ca/custom/python/wheelhouse/generic/protobuf-3.19.4+computecanada-py2.py3-none-any.whl
Requirement already satisfied: requests<3,>=2.0.0 in /cvmfs/soft.computecanada.ca/easybuild/software/2017/Core/scipy-stack/2019a/lib/python3.7/site-packages (from wandb) (2.21.0)
Processing /cvmfs/soft.computecanada.ca/custom/python/wheelhouse/generic/psutil-5.7.3+computecanada-cp37-cp37m-linux_x86_64.whl
Processing /cvmfs/soft.computecanada.ca/custom/python/wheelhouse/generic/yaspin-2.1.0+computecanada-py3-none-any.whl
Processing /cvmfs/soft.computecanada.ca/custom/python/wheelhouse/generic/configparser-5.0.2+computecanada-py3-none-any.whl
Processing /cvmfs/soft.computecanada.ca/custom/python/wheelhouse/generic/pathtools-0.1.2+computecanada-py3-none-any.whl
<<<<<<< HEAD
<<<<<<< HEAD
>>>>>>> deeb402b1d9359b1981ff022def33eacd88cafbb
=======
>>>>>>> deeb402b1d9359b1981ff022def33eacd88cafbb
=======
>>>>>>> deeb402b1d9359b1981ff022def33eacd88cafbb
Requirement already satisfied: importlib-metadata in /cvmfs/soft.computecanada.ca/easybuild/software/2017/Core/scipy-stack/2019a/lib/python3.7/site-packages (from Click!=8.0.0,>=7.0->wandb) (0.8)
Processing /cvmfs/soft.computecanada.ca/custom/python/wheelhouse/generic/gitdb-4.0.9+computecanada-py3-none-any.whl
Processing /cvmfs/soft.computecanada.ca/custom/python/wheelhouse/generic/typing_extensions-4.0.1+computecanada-py3-none-any.whl
Processing /cvmfs/soft.computecanada.ca/custom/python/wheelhouse/generic/smmap-5.0.0+computecanada-py3-none-any.whl
<<<<<<< HEAD
<<<<<<< HEAD
<<<<<<< HEAD
Requirement already satisfied: idna<2.9,>=2.5 in /cvmfs/soft.computecanada.ca/easybuild/software/2017/Core/scipy-stack/2019a/lib/python3.7/site-packages (from requests<3,>=2.0.0->wandb) (2.8)
Requirement already satisfied: certifi>=2017.4.17 in /cvmfs/soft.computecanada.ca/easybuild/software/2017/Core/scipy-stack/2019a/lib/python3.7/site-packages (from requests<3,>=2.0.0->wandb) (2018.11.29)
Requirement already satisfied: urllib3<1.25,>=1.21.1 in /cvmfs/soft.computecanada.ca/easybuild/software/2017/Core/scipy-stack/2019a/lib/python3.7/site-packages (from requests<3,>=2.0.0->wandb) (1.24.1)
Requirement already satisfied: chardet<3.1.0,>=3.0.2 in /cvmfs/soft.computecanada.ca/easybuild/software/2017/Core/scipy-stack/2019a/lib/python3.7/site-packages (from requests<3,>=2.0.0->wandb) (3.0.4)
=======
=======
>>>>>>> deeb402b1d9359b1981ff022def33eacd88cafbb
=======
>>>>>>> deeb402b1d9359b1981ff022def33eacd88cafbb
Requirement already satisfied: urllib3<1.25,>=1.21.1 in /cvmfs/soft.computecanada.ca/easybuild/software/2017/Core/scipy-stack/2019a/lib/python3.7/site-packages (from requests<3,>=2.0.0->wandb) (1.24.1)
Requirement already satisfied: chardet<3.1.0,>=3.0.2 in /cvmfs/soft.computecanada.ca/easybuild/software/2017/Core/scipy-stack/2019a/lib/python3.7/site-packages (from requests<3,>=2.0.0->wandb) (3.0.4)
Requirement already satisfied: certifi>=2017.4.17 in /cvmfs/soft.computecanada.ca/easybuild/software/2017/Core/scipy-stack/2019a/lib/python3.7/site-packages (from requests<3,>=2.0.0->wandb) (2018.11.29)
Requirement already satisfied: idna<2.9,>=2.5 in /cvmfs/soft.computecanada.ca/easybuild/software/2017/Core/scipy-stack/2019a/lib/python3.7/site-packages (from requests<3,>=2.0.0->wandb) (2.8)
<<<<<<< HEAD
<<<<<<< HEAD
>>>>>>> deeb402b1d9359b1981ff022def33eacd88cafbb
=======
>>>>>>> deeb402b1d9359b1981ff022def33eacd88cafbb
=======
>>>>>>> deeb402b1d9359b1981ff022def33eacd88cafbb
Processing /cvmfs/soft.computecanada.ca/custom/python/wheelhouse/generic/termcolor-1.1.0+computecanada-py3-none-any.whl
Requirement already satisfied: zipp>=0.3.2 in /cvmfs/soft.computecanada.ca/easybuild/software/2017/Core/scipy-stack/2019a/lib/python3.7/site-packages (from importlib-metadata->Click!=8.0.0,>=7.0->wandb) (0.3.3)
Installing collected packages: smmap, typing-extensions, termcolor, six, gitdb, yaspin, subprocess32, shortuuid, sentry-sdk, PyYAML, psutil, protobuf, promise, pathtools, GitPython, docker-pycreds, configparser, Click, wandb
  Attempting uninstall: six
    Found existing installation: six 1.12.0
<<<<<<< HEAD
<<<<<<< HEAD
<<<<<<< HEAD
    Not uninstalling six at /cvmfs/soft.computecanada.ca/easybuild/software/2017/Core/scipy-stack/2019a/lib/python3.7/site-packages, outside environment /localscratch/yinan.28595278.0/env
=======
    Not uninstalling six at /cvmfs/soft.computecanada.ca/easybuild/software/2017/Core/scipy-stack/2019a/lib/python3.7/site-packages, outside environment /localscratch/yinan.28597268.0/env
>>>>>>> deeb402b1d9359b1981ff022def33eacd88cafbb
=======
    Not uninstalling six at /cvmfs/soft.computecanada.ca/easybuild/software/2017/Core/scipy-stack/2019a/lib/python3.7/site-packages, outside environment /localscratch/yinan.28597268.0/env
>>>>>>> deeb402b1d9359b1981ff022def33eacd88cafbb
=======
    Not uninstalling six at /cvmfs/soft.computecanada.ca/easybuild/software/2017/Core/scipy-stack/2019a/lib/python3.7/site-packages, outside environment /localscratch/yinan.28597268.0/env
>>>>>>> deeb402b1d9359b1981ff022def33eacd88cafbb
    Can't uninstall 'six'. No files were found to uninstall.
Successfully installed Click-8.0.3+computecanada GitPython-3.1.24+computecanada PyYAML-5.3.1+computecanada configparser-5.0.2+computecanada docker-pycreds-0.4.0+computecanada gitdb-4.0.9+computecanada pathtools-0.1.2+computecanada promise-2.3+computecanada protobuf-3.19.4+computecanada psutil-5.7.3+computecanada sentry-sdk-1.5.0+computecanada shortuuid-1.0.1+computecanada six-1.16.0+computecanada smmap-5.0.0+computecanada subprocess32-3.5.4+computecanada termcolor-1.1.0+computecanada typing-extensions-4.0.1+computecanada wandb-0.12.5+computecanada yaspin-2.1.0+computecanada
Looking in links: /cvmfs/soft.computecanada.ca/custom/python/wheelhouse/nix/avx2, /cvmfs/soft.computecanada.ca/custom/python/wheelhouse/nix/generic, /cvmfs/soft.computecanada.ca/custom/python/wheelhouse/generic
ERROR: Could not find a version that satisfies the requirement sagemaker (from versions: none)
ERROR: No matching distribution found for sagemaker
Looking in links: /cvmfs/soft.computecanada.ca/custom/python/wheelhouse/nix/avx2, /cvmfs/soft.computecanada.ca/custom/python/wheelhouse/nix/generic, /cvmfs/soft.computecanada.ca/custom/python/wheelhouse/generic
Processing /cvmfs/soft.computecanada.ca/custom/python/wheelhouse/generic/torch-1.9.1+computecanada-cp37-cp37m-linux_x86_64.whl
<<<<<<< HEAD
<<<<<<< HEAD
<<<<<<< HEAD
Requirement already satisfied: typing-extensions in /localscratch/yinan.28595278.0/env/lib/python3.7/site-packages (from torch) (4.0.1+computecanada)
=======
Requirement already satisfied: typing-extensions in /localscratch/yinan.28597268.0/env/lib/python3.7/site-packages (from torch) (4.0.1+computecanada)
>>>>>>> deeb402b1d9359b1981ff022def33eacd88cafbb
=======
Requirement already satisfied: typing-extensions in /localscratch/yinan.28597268.0/env/lib/python3.7/site-packages (from torch) (4.0.1+computecanada)
>>>>>>> deeb402b1d9359b1981ff022def33eacd88cafbb
=======
Requirement already satisfied: typing-extensions in /localscratch/yinan.28597268.0/env/lib/python3.7/site-packages (from torch) (4.0.1+computecanada)
>>>>>>> deeb402b1d9359b1981ff022def33eacd88cafbb
Installing collected packages: torch
Successfully installed torch-1.9.1+computecanada
Looking in links: /cvmfs/soft.computecanada.ca/custom/python/wheelhouse/nix/avx2, /cvmfs/soft.computecanada.ca/custom/python/wheelhouse/nix/generic, /cvmfs/soft.computecanada.ca/custom/python/wheelhouse/generic
Processing /cvmfs/soft.computecanada.ca/custom/python/wheelhouse/generic/transformers-2.5.1+computecanada-py3-none-any.whl
<<<<<<< HEAD
<<<<<<< HEAD
<<<<<<< HEAD
Requirement already satisfied: numpy in /cvmfs/soft.computecanada.ca/easybuild/software/2017/Core/scipy-stack/2019a/lib/python3.7/site-packages (from transformers==2.5.1+computecanada) (1.16.0)
Processing /cvmfs/soft.computecanada.ca/custom/python/wheelhouse/generic/boto3-1.20.52+computecanada-py3-none-any.whl
Processing /cvmfs/soft.computecanada.ca/custom/python/wheelhouse/generic/regex-2020.11.13+computecanada-cp37-cp37m-linux_x86_64.whl
Requirement already satisfied: requests in /cvmfs/soft.computecanada.ca/easybuild/software/2017/Core/scipy-stack/2019a/lib/python3.7/site-packages (from transformers==2.5.1+computecanada) (2.21.0)
Processing /cvmfs/soft.computecanada.ca/custom/python/wheelhouse/generic/sentencepiece-0.1.91+computecanada-cp37-cp37m-linux_x86_64.whl
Processing /cvmfs/soft.computecanada.ca/custom/python/wheelhouse/generic/sacremoses-0.0.46+computecanada-py3-none-any.whl
Processing /cvmfs/soft.computecanada.ca/custom/python/wheelhouse/generic/tqdm-4.63.0+computecanada-py2.py3-none-any.whl
Processing /cvmfs/soft.computecanada.ca/custom/python/wheelhouse/generic/tokenizers-0.5.2+computecanada-cp37-cp37m-linux_x86_64.whl
Processing /cvmfs/soft.computecanada.ca/custom/python/wheelhouse/generic/filelock-3.4.2+computecanada-py3-none-any.whl
Processing /cvmfs/soft.computecanada.ca/custom/python/wheelhouse/generic/jmespath-0.10.0+computecanada-py2.py3-none-any.whl
Processing /cvmfs/soft.computecanada.ca/custom/python/wheelhouse/generic/botocore-1.23.52+computecanada-py3-none-any.whl
Processing /cvmfs/soft.computecanada.ca/custom/python/wheelhouse/generic/s3transfer-0.5.1+computecanada-py3-none-any.whl
Processing /cvmfs/soft.computecanada.ca/custom/python/wheelhouse/generic/urllib3-1.26.8+computecanada-py2.py3-none-any.whl
Requirement already satisfied: python-dateutil<3.0.0,>=2.1 in /cvmfs/soft.computecanada.ca/easybuild/software/2017/Core/scipy-stack/2019a/lib/python3.7/site-packages (from botocore<1.24.0,>=1.23.52->boto3->transformers==2.5.1+computecanada) (2.7.5)
Requirement already satisfied: six>=1.5 in /localscratch/yinan.28595278.0/env/lib/python3.7/site-packages (from python-dateutil<3.0.0,>=2.1->botocore<1.24.0,>=1.23.52->boto3->transformers==2.5.1+computecanada) (1.16.0+computecanada)
Requirement already satisfied: certifi>=2017.4.17 in /cvmfs/soft.computecanada.ca/easybuild/software/2017/Core/scipy-stack/2019a/lib/python3.7/site-packages (from requests->transformers==2.5.1+computecanada) (2018.11.29)
Requirement already satisfied: chardet<3.1.0,>=3.0.2 in /cvmfs/soft.computecanada.ca/easybuild/software/2017/Core/scipy-stack/2019a/lib/python3.7/site-packages (from requests->transformers==2.5.1+computecanada) (3.0.4)
Processing /cvmfs/soft.computecanada.ca/custom/python/wheelhouse/generic/requests-2.27.1+computecanada-py2.py3-none-any.whl
Processing /cvmfs/soft.computecanada.ca/custom/python/wheelhouse/generic/charset_normalizer-2.0.11+computecanada-py3-none-any.whl
Requirement already satisfied: idna<4,>=2.5 in /cvmfs/soft.computecanada.ca/easybuild/software/2017/Core/scipy-stack/2019a/lib/python3.7/site-packages (from requests->transformers==2.5.1+computecanada) (2.8)
Processing /cvmfs/soft.computecanada.ca/custom/python/wheelhouse/generic/joblib-1.1.0+computecanada-py2.py3-none-any.whl
Requirement already satisfied: click in /localscratch/yinan.28595278.0/env/lib/python3.7/site-packages (from sacremoses->transformers==2.5.1+computecanada) (8.0.3+computecanada)
=======
=======
>>>>>>> deeb402b1d9359b1981ff022def33eacd88cafbb
=======
>>>>>>> deeb402b1d9359b1981ff022def33eacd88cafbb
Processing /cvmfs/soft.computecanada.ca/custom/python/wheelhouse/generic/sacremoses-0.0.46+computecanada-py3-none-any.whl
Processing /cvmfs/soft.computecanada.ca/custom/python/wheelhouse/generic/regex-2020.11.13+computecanada-cp37-cp37m-linux_x86_64.whl
Processing /cvmfs/soft.computecanada.ca/custom/python/wheelhouse/generic/tqdm-4.63.0+computecanada-py2.py3-none-any.whl
Processing /cvmfs/soft.computecanada.ca/custom/python/wheelhouse/generic/filelock-3.4.2+computecanada-py3-none-any.whl
Requirement already satisfied: requests in /cvmfs/soft.computecanada.ca/easybuild/software/2017/Core/scipy-stack/2019a/lib/python3.7/site-packages (from transformers==2.5.1+computecanada) (2.21.0)
Requirement already satisfied: numpy in /cvmfs/soft.computecanada.ca/easybuild/software/2017/Core/scipy-stack/2019a/lib/python3.7/site-packages (from transformers==2.5.1+computecanada) (1.16.0)
Processing /cvmfs/soft.computecanada.ca/custom/python/wheelhouse/generic/sentencepiece-0.1.91+computecanada-cp37-cp37m-linux_x86_64.whl
Processing /cvmfs/soft.computecanada.ca/custom/python/wheelhouse/generic/tokenizers-0.5.2+computecanada-cp37-cp37m-linux_x86_64.whl
Processing /cvmfs/soft.computecanada.ca/custom/python/wheelhouse/generic/boto3-1.20.52+computecanada-py3-none-any.whl
Processing /cvmfs/soft.computecanada.ca/custom/python/wheelhouse/generic/jmespath-0.10.0+computecanada-py2.py3-none-any.whl
Processing /cvmfs/soft.computecanada.ca/custom/python/wheelhouse/generic/s3transfer-0.5.1+computecanada-py3-none-any.whl
Processing /cvmfs/soft.computecanada.ca/custom/python/wheelhouse/generic/botocore-1.23.52+computecanada-py3-none-any.whl
Processing /cvmfs/soft.computecanada.ca/custom/python/wheelhouse/generic/urllib3-1.26.8+computecanada-py2.py3-none-any.whl
Requirement already satisfied: python-dateutil<3.0.0,>=2.1 in /cvmfs/soft.computecanada.ca/easybuild/software/2017/Core/scipy-stack/2019a/lib/python3.7/site-packages (from botocore<1.24.0,>=1.23.52->boto3->transformers==2.5.1+computecanada) (2.7.5)
Requirement already satisfied: six>=1.5 in /localscratch/yinan.28597268.0/env/lib/python3.7/site-packages (from python-dateutil<3.0.0,>=2.1->botocore<1.24.0,>=1.23.52->boto3->transformers==2.5.1+computecanada) (1.16.0+computecanada)
Processing /cvmfs/soft.computecanada.ca/custom/python/wheelhouse/generic/requests-2.27.1+computecanada-py2.py3-none-any.whl
Requirement already satisfied: idna<4,>=2.5 in /cvmfs/soft.computecanada.ca/easybuild/software/2017/Core/scipy-stack/2019a/lib/python3.7/site-packages (from requests->transformers==2.5.1+computecanada) (2.8)
Processing /cvmfs/soft.computecanada.ca/custom/python/wheelhouse/generic/charset_normalizer-2.0.11+computecanada-py3-none-any.whl
Requirement already satisfied: certifi>=2017.4.17 in /cvmfs/soft.computecanada.ca/easybuild/software/2017/Core/scipy-stack/2019a/lib/python3.7/site-packages (from requests->transformers==2.5.1+computecanada) (2018.11.29)
Processing /cvmfs/soft.computecanada.ca/custom/python/wheelhouse/generic/joblib-1.1.0+computecanada-py2.py3-none-any.whl
Requirement already satisfied: click in /localscratch/yinan.28597268.0/env/lib/python3.7/site-packages (from sacremoses->transformers==2.5.1+computecanada) (8.0.3+computecanada)
<<<<<<< HEAD
<<<<<<< HEAD
>>>>>>> deeb402b1d9359b1981ff022def33eacd88cafbb
=======
>>>>>>> deeb402b1d9359b1981ff022def33eacd88cafbb
=======
>>>>>>> deeb402b1d9359b1981ff022def33eacd88cafbb
Requirement already satisfied: importlib-metadata in /cvmfs/soft.computecanada.ca/easybuild/software/2017/Core/scipy-stack/2019a/lib/python3.7/site-packages (from click->sacremoses->transformers==2.5.1+computecanada) (0.8)
Requirement already satisfied: zipp>=0.3.2 in /cvmfs/soft.computecanada.ca/easybuild/software/2017/Core/scipy-stack/2019a/lib/python3.7/site-packages (from importlib-metadata->click->sacremoses->transformers==2.5.1+computecanada) (0.3.3)
Installing collected packages: urllib3, jmespath, botocore, tqdm, s3transfer, regex, joblib, charset-normalizer, tokenizers, sentencepiece, sacremoses, requests, filelock, boto3, transformers
  Attempting uninstall: urllib3
    Found existing installation: urllib3 1.24.1
<<<<<<< HEAD
<<<<<<< HEAD
<<<<<<< HEAD
    Not uninstalling urllib3 at /cvmfs/soft.computecanada.ca/easybuild/software/2017/Core/scipy-stack/2019a/lib/python3.7/site-packages, outside environment /localscratch/yinan.28595278.0/env
    Can't uninstall 'urllib3'. No files were found to uninstall.
  Attempting uninstall: requests
    Found existing installation: requests 2.21.0
    Not uninstalling requests at /cvmfs/soft.computecanada.ca/easybuild/software/2017/Core/scipy-stack/2019a/lib/python3.7/site-packages, outside environment /localscratch/yinan.28595278.0/env
=======
=======
>>>>>>> deeb402b1d9359b1981ff022def33eacd88cafbb
=======
>>>>>>> deeb402b1d9359b1981ff022def33eacd88cafbb
    Not uninstalling urllib3 at /cvmfs/soft.computecanada.ca/easybuild/software/2017/Core/scipy-stack/2019a/lib/python3.7/site-packages, outside environment /localscratch/yinan.28597268.0/env
    Can't uninstall 'urllib3'. No files were found to uninstall.
  Attempting uninstall: requests
    Found existing installation: requests 2.21.0
    Not uninstalling requests at /cvmfs/soft.computecanada.ca/easybuild/software/2017/Core/scipy-stack/2019a/lib/python3.7/site-packages, outside environment /localscratch/yinan.28597268.0/env
<<<<<<< HEAD
<<<<<<< HEAD
>>>>>>> deeb402b1d9359b1981ff022def33eacd88cafbb
=======
>>>>>>> deeb402b1d9359b1981ff022def33eacd88cafbb
=======
>>>>>>> deeb402b1d9359b1981ff022def33eacd88cafbb
    Can't uninstall 'requests'. No files were found to uninstall.
Successfully installed boto3-1.20.52+computecanada botocore-1.23.52+computecanada charset-normalizer-2.0.11+computecanada filelock-3.4.2+computecanada jmespath-0.10.0+computecanada joblib-1.1.0+computecanada regex-2020.11.13+computecanada requests-2.27.1+computecanada s3transfer-0.5.1+computecanada sacremoses-0.0.46+computecanada sentencepiece-0.1.91+computecanada tokenizers-0.5.2+computecanada tqdm-4.63.0+computecanada transformers-2.5.1+computecanada urllib3-1.26.8+computecanada
Looking in links: /cvmfs/soft.computecanada.ca/custom/python/wheelhouse/nix/avx2, /cvmfs/soft.computecanada.ca/custom/python/wheelhouse/nix/generic, /cvmfs/soft.computecanada.ca/custom/python/wheelhouse/generic
Processing /cvmfs/soft.computecanada.ca/custom/python/wheelhouse/generic/tensorflow_gpu-2.3.0+computecanada-cp37-cp37m-linux_x86_64.whl
<<<<<<< HEAD
<<<<<<< HEAD
<<<<<<< HEAD
Requirement already satisfied: protobuf>=3.9.2 in /localscratch/yinan.28595278.0/env/lib/python3.7/site-packages (from tensorflow_gpu==2.3.0+computecanada) (3.19.4+computecanada)
Processing /cvmfs/soft.computecanada.ca/custom/python/wheelhouse/generic/astunparse-1.6.3+computecanada-py2.py3-none-any.whl
Processing /cvmfs/soft.computecanada.ca/custom/python/wheelhouse/generic/Keras_Preprocessing-1.1.2+computecanada-py3-none-any.whl
Processing /cvmfs/soft.computecanada.ca/custom/python/wheelhouse/generic/grpcio-1.38.0+computecanada-cp37-cp37m-linux_x86_64.whl
Requirement already satisfied: six>=1.12.0 in /localscratch/yinan.28595278.0/env/lib/python3.7/site-packages (from tensorflow_gpu==2.3.0+computecanada) (1.16.0+computecanada)
Processing /cvmfs/soft.computecanada.ca/custom/python/wheelhouse/generic/absl_py-1.0.0+computecanada-py3-none-any.whl
Processing /cvmfs/soft.computecanada.ca/custom/python/wheelhouse/generic/tensorflow_estimator-2.3.0+computecanada-py2.py3-none-any.whl
Processing /cvmfs/soft.computecanada.ca/custom/python/wheelhouse/generic/opt_einsum-3.3.0+computecanada-py3-none-any.whl
Processing /cvmfs/soft.computecanada.ca/custom/python/wheelhouse/generic/google_pasta-0.2.0+computecanada-py3-none-any.whl
Processing /cvmfs/soft.computecanada.ca/custom/python/wheelhouse/generic/tensorboard-2.8.0+computecanada-py3-none-any.whl
Requirement already satisfied: wheel>=0.26 in /localscratch/yinan.28595278.0/env/lib/python3.7/site-packages (from tensorflow_gpu==2.3.0+computecanada) (0.33.4)
Requirement already satisfied: termcolor>=1.1.0 in /localscratch/yinan.28595278.0/env/lib/python3.7/site-packages (from tensorflow_gpu==2.3.0+computecanada) (1.1.0+computecanada)
Processing /cvmfs/soft.computecanada.ca/custom/python/wheelhouse/generic/wrapt-1.11.2+computecanada-cp37-cp37m-linux_x86_64.whl
Processing /cvmfs/soft.computecanada.ca/custom/python/wheelhouse/nix/avx2/h5py-2.10.0+computecanada-cp37-cp37m-linux_x86_64.whl
Processing /cvmfs/soft.computecanada.ca/custom/python/wheelhouse/generic/gast-0.3.3+computecanada-py3-none-any.whl
Processing /cvmfs/soft.computecanada.ca/custom/python/wheelhouse/nix/generic/scipy-1.4.1+computecanada-cp37-cp37m-linux_x86_64.whl
Requirement already satisfied: numpy<1.19.0,>=1.16.0 in /cvmfs/soft.computecanada.ca/easybuild/software/2017/Core/scipy-stack/2019a/lib/python3.7/site-packages (from tensorflow_gpu==2.3.0+computecanada) (1.16.0)
Requirement already satisfied: requests<3,>=2.21.0 in /localscratch/yinan.28595278.0/env/lib/python3.7/site-packages (from tensorboard<3,>=2.3.0->tensorflow_gpu==2.3.0+computecanada) (2.27.1+computecanada)
Requirement already satisfied: setuptools>=41.0.0 in /localscratch/yinan.28595278.0/env/lib/python3.7/site-packages (from tensorboard<3,>=2.3.0->tensorflow_gpu==2.3.0+computecanada) (41.0.1)
Processing /cvmfs/soft.computecanada.ca/custom/python/wheelhouse/generic/Werkzeug-2.0.3+computecanada-py3-none-any.whl
Processing /cvmfs/soft.computecanada.ca/custom/python/wheelhouse/generic/Markdown-3.3.6+computecanada-py3-none-any.whl
Processing /cvmfs/soft.computecanada.ca/custom/python/wheelhouse/generic/google_auth_oauthlib-0.4.6+computecanada-py2.py3-none-any.whl
Processing /cvmfs/soft.computecanada.ca/custom/python/wheelhouse/generic/tensorboard_plugin_wit-1.8.0+computecanada-py3-none-any.whl
Processing /cvmfs/soft.computecanada.ca/custom/python/wheelhouse/generic/google_auth-2.3.3+computecanada-py2.py3-none-any.whl
Processing /cvmfs/soft.computecanada.ca/custom/python/wheelhouse/generic/tensorboard_data_server-0.6.1+computecanada-py3-none-linux_x86_64.whl
Processing /cvmfs/soft.computecanada.ca/custom/python/wheelhouse/generic/rsa-4.8+computecanada-py3-none-any.whl
Processing /cvmfs/soft.computecanada.ca/custom/python/wheelhouse/generic/cachetools-4.2.4+computecanada-py3-none-any.whl
Processing /cvmfs/soft.computecanada.ca/custom/python/wheelhouse/generic/pyasn1_modules-0.2.8+computecanada-py2.py3-none-any.whl
Processing /cvmfs/soft.computecanada.ca/custom/python/wheelhouse/generic/requests_oauthlib-1.3.0+computecanada-py2.py3-none-any.whl
Processing /cvmfs/soft.computecanada.ca/custom/python/wheelhouse/generic/importlib_metadata-4.10.1+computecanada-py3-none-any.whl
Processing /cvmfs/soft.computecanada.ca/custom/python/wheelhouse/generic/zipp-3.7.0+computecanada-py3-none-any.whl
Requirement already satisfied: typing-extensions>=3.6.4 in /localscratch/yinan.28595278.0/env/lib/python3.7/site-packages (from importlib-metadata>=4.4->markdown>=2.6.8->tensorboard<3,>=2.3.0->tensorflow_gpu==2.3.0+computecanada) (4.0.1+computecanada)
Processing /cvmfs/soft.computecanada.ca/custom/python/wheelhouse/generic/pyasn1-0.4.8+computecanada-py2.py3-none-any.whl
Requirement already satisfied: idna<4,>=2.5 in /cvmfs/soft.computecanada.ca/easybuild/software/2017/Core/scipy-stack/2019a/lib/python3.7/site-packages (from requests<3,>=2.21.0->tensorboard<3,>=2.3.0->tensorflow_gpu==2.3.0+computecanada) (2.8)
Requirement already satisfied: certifi>=2017.4.17 in /cvmfs/soft.computecanada.ca/easybuild/software/2017/Core/scipy-stack/2019a/lib/python3.7/site-packages (from requests<3,>=2.21.0->tensorboard<3,>=2.3.0->tensorflow_gpu==2.3.0+computecanada) (2018.11.29)
Requirement already satisfied: charset-normalizer~=2.0.0 in /localscratch/yinan.28595278.0/env/lib/python3.7/site-packages (from requests<3,>=2.21.0->tensorboard<3,>=2.3.0->tensorflow_gpu==2.3.0+computecanada) (2.0.11+computecanada)
Requirement already satisfied: urllib3<1.27,>=1.21.1 in /localscratch/yinan.28595278.0/env/lib/python3.7/site-packages (from requests<3,>=2.21.0->tensorboard<3,>=2.3.0->tensorflow_gpu==2.3.0+computecanada) (1.26.8+computecanada)
=======
=======
>>>>>>> deeb402b1d9359b1981ff022def33eacd88cafbb
=======
>>>>>>> deeb402b1d9359b1981ff022def33eacd88cafbb
Requirement already satisfied: wheel>=0.26 in /localscratch/yinan.28597268.0/env/lib/python3.7/site-packages (from tensorflow_gpu==2.3.0+computecanada) (0.33.4)
Processing /cvmfs/soft.computecanada.ca/custom/python/wheelhouse/generic/absl_py-1.0.0+computecanada-py3-none-any.whl
Requirement already satisfied: termcolor>=1.1.0 in /localscratch/yinan.28597268.0/env/lib/python3.7/site-packages (from tensorflow_gpu==2.3.0+computecanada) (1.1.0+computecanada)
Processing /cvmfs/soft.computecanada.ca/custom/python/wheelhouse/nix/generic/scipy-1.4.1+computecanada-cp37-cp37m-linux_x86_64.whl
Requirement already satisfied: protobuf>=3.9.2 in /localscratch/yinan.28597268.0/env/lib/python3.7/site-packages (from tensorflow_gpu==2.3.0+computecanada) (3.19.4+computecanada)
Processing /cvmfs/soft.computecanada.ca/custom/python/wheelhouse/nix/avx2/h5py-2.10.0+computecanada-cp37-cp37m-linux_x86_64.whl
Processing /cvmfs/soft.computecanada.ca/custom/python/wheelhouse/generic/wrapt-1.11.2+computecanada-cp37-cp37m-linux_x86_64.whl
Requirement already satisfied: six>=1.12.0 in /localscratch/yinan.28597268.0/env/lib/python3.7/site-packages (from tensorflow_gpu==2.3.0+computecanada) (1.16.0+computecanada)
Processing /cvmfs/soft.computecanada.ca/custom/python/wheelhouse/generic/opt_einsum-3.3.0+computecanada-py3-none-any.whl
Processing /cvmfs/soft.computecanada.ca/custom/python/wheelhouse/generic/Keras_Preprocessing-1.1.2+computecanada-py3-none-any.whl
Processing /cvmfs/soft.computecanada.ca/custom/python/wheelhouse/generic/astunparse-1.6.3+computecanada-py2.py3-none-any.whl
Requirement already satisfied: numpy<1.19.0,>=1.16.0 in /cvmfs/soft.computecanada.ca/easybuild/software/2017/Core/scipy-stack/2019a/lib/python3.7/site-packages (from tensorflow_gpu==2.3.0+computecanada) (1.16.0)
Processing /cvmfs/soft.computecanada.ca/custom/python/wheelhouse/generic/tensorflow_estimator-2.3.0+computecanada-py2.py3-none-any.whl
Processing /cvmfs/soft.computecanada.ca/custom/python/wheelhouse/generic/gast-0.3.3+computecanada-py3-none-any.whl
Processing /cvmfs/soft.computecanada.ca/custom/python/wheelhouse/generic/grpcio-1.38.0+computecanada-cp37-cp37m-linux_x86_64.whl
Processing /cvmfs/soft.computecanada.ca/custom/python/wheelhouse/generic/tensorboard-2.8.0+computecanada-py3-none-any.whl
Processing /cvmfs/soft.computecanada.ca/custom/python/wheelhouse/generic/google_pasta-0.2.0+computecanada-py3-none-any.whl
Requirement already satisfied: setuptools>=41.0.0 in /localscratch/yinan.28597268.0/env/lib/python3.7/site-packages (from tensorboard<3,>=2.3.0->tensorflow_gpu==2.3.0+computecanada) (41.0.1)
Processing /cvmfs/soft.computecanada.ca/custom/python/wheelhouse/generic/tensorboard_data_server-0.6.1+computecanada-py3-none-linux_x86_64.whl
Requirement already satisfied: requests<3,>=2.21.0 in /localscratch/yinan.28597268.0/env/lib/python3.7/site-packages (from tensorboard<3,>=2.3.0->tensorflow_gpu==2.3.0+computecanada) (2.27.1+computecanada)
Processing /cvmfs/soft.computecanada.ca/custom/python/wheelhouse/generic/tensorboard_plugin_wit-1.8.0+computecanada-py3-none-any.whl
Processing /cvmfs/soft.computecanada.ca/custom/python/wheelhouse/generic/google_auth-2.3.3+computecanada-py2.py3-none-any.whl
Processing /cvmfs/soft.computecanada.ca/custom/python/wheelhouse/generic/Werkzeug-2.0.3+computecanada-py3-none-any.whl
Processing /cvmfs/soft.computecanada.ca/custom/python/wheelhouse/generic/Markdown-3.3.6+computecanada-py3-none-any.whl
Processing /cvmfs/soft.computecanada.ca/custom/python/wheelhouse/generic/google_auth_oauthlib-0.4.6+computecanada-py2.py3-none-any.whl
Processing /cvmfs/soft.computecanada.ca/custom/python/wheelhouse/generic/cachetools-4.2.4+computecanada-py3-none-any.whl
Processing /cvmfs/soft.computecanada.ca/custom/python/wheelhouse/generic/rsa-4.8+computecanada-py3-none-any.whl
Processing /cvmfs/soft.computecanada.ca/custom/python/wheelhouse/generic/pyasn1_modules-0.2.8+computecanada-py2.py3-none-any.whl
Processing /cvmfs/soft.computecanada.ca/custom/python/wheelhouse/generic/requests_oauthlib-1.3.0+computecanada-py2.py3-none-any.whl
Processing /cvmfs/soft.computecanada.ca/custom/python/wheelhouse/generic/importlib_metadata-4.10.1+computecanada-py3-none-any.whl
Requirement already satisfied: typing-extensions>=3.6.4 in /localscratch/yinan.28597268.0/env/lib/python3.7/site-packages (from importlib-metadata>=4.4->markdown>=2.6.8->tensorboard<3,>=2.3.0->tensorflow_gpu==2.3.0+computecanada) (4.0.1+computecanada)
Processing /cvmfs/soft.computecanada.ca/custom/python/wheelhouse/generic/zipp-3.7.0+computecanada-py3-none-any.whl
Processing /cvmfs/soft.computecanada.ca/custom/python/wheelhouse/generic/pyasn1-0.4.8+computecanada-py2.py3-none-any.whl
Requirement already satisfied: idna<4,>=2.5 in /cvmfs/soft.computecanada.ca/easybuild/software/2017/Core/scipy-stack/2019a/lib/python3.7/site-packages (from requests<3,>=2.21.0->tensorboard<3,>=2.3.0->tensorflow_gpu==2.3.0+computecanada) (2.8)
Requirement already satisfied: certifi>=2017.4.17 in /cvmfs/soft.computecanada.ca/easybuild/software/2017/Core/scipy-stack/2019a/lib/python3.7/site-packages (from requests<3,>=2.21.0->tensorboard<3,>=2.3.0->tensorflow_gpu==2.3.0+computecanada) (2018.11.29)
Requirement already satisfied: urllib3<1.27,>=1.21.1 in /localscratch/yinan.28597268.0/env/lib/python3.7/site-packages (from requests<3,>=2.21.0->tensorboard<3,>=2.3.0->tensorflow_gpu==2.3.0+computecanada) (1.26.8+computecanada)
Requirement already satisfied: charset-normalizer~=2.0.0 in /localscratch/yinan.28597268.0/env/lib/python3.7/site-packages (from requests<3,>=2.21.0->tensorboard<3,>=2.3.0->tensorflow_gpu==2.3.0+computecanada) (2.0.11+computecanada)
<<<<<<< HEAD
<<<<<<< HEAD
>>>>>>> deeb402b1d9359b1981ff022def33eacd88cafbb
=======
>>>>>>> deeb402b1d9359b1981ff022def33eacd88cafbb
=======
>>>>>>> deeb402b1d9359b1981ff022def33eacd88cafbb
Processing /cvmfs/soft.computecanada.ca/custom/python/wheelhouse/generic/oauthlib-3.1.1+computecanada-py2.py3-none-any.whl
Installing collected packages: pyasn1, zipp, rsa, pyasn1-modules, oauthlib, cachetools, requests-oauthlib, importlib-metadata, google-auth, werkzeug, tensorboard-plugin-wit, tensorboard-data-server, markdown, grpcio, google-auth-oauthlib, absl-py, wrapt, tensorflow-estimator, tensorboard, scipy, opt-einsum, keras-preprocessing, h5py, google-pasta, gast, astunparse, tensorflow-gpu
  Attempting uninstall: pyasn1
    Found existing installation: pyasn1 0.4.3
<<<<<<< HEAD
<<<<<<< HEAD
<<<<<<< HEAD
    Not uninstalling pyasn1 at /cvmfs/soft.computecanada.ca/easybuild/software/2017/Core/scipy-stack/2019a/lib/python3.7/site-packages, outside environment /localscratch/yinan.28595278.0/env
    Can't uninstall 'pyasn1'. No files were found to uninstall.
  Attempting uninstall: zipp
    Found existing installation: zipp 0.3.3
    Not uninstalling zipp at /cvmfs/soft.computecanada.ca/easybuild/software/2017/Core/scipy-stack/2019a/lib/python3.7/site-packages, outside environment /localscratch/yinan.28595278.0/env
    Can't uninstall 'zipp'. No files were found to uninstall.
  Attempting uninstall: importlib-metadata
    Found existing installation: importlib-metadata 0.8
    Not uninstalling importlib-metadata at /cvmfs/soft.computecanada.ca/easybuild/software/2017/Core/scipy-stack/2019a/lib/python3.7/site-packages, outside environment /localscratch/yinan.28595278.0/env
    Can't uninstall 'importlib-metadata'. No files were found to uninstall.
  Attempting uninstall: scipy
    Found existing installation: scipy 1.2.0
    Not uninstalling scipy at /cvmfs/soft.computecanada.ca/easybuild/software/2017/Core/scipy-stack/2019a/lib/python3.7/site-packages, outside environment /localscratch/yinan.28595278.0/env
=======
=======
>>>>>>> deeb402b1d9359b1981ff022def33eacd88cafbb
=======
>>>>>>> deeb402b1d9359b1981ff022def33eacd88cafbb
    Not uninstalling pyasn1 at /cvmfs/soft.computecanada.ca/easybuild/software/2017/Core/scipy-stack/2019a/lib/python3.7/site-packages, outside environment /localscratch/yinan.28597268.0/env
    Can't uninstall 'pyasn1'. No files were found to uninstall.
  Attempting uninstall: zipp
    Found existing installation: zipp 0.3.3
    Not uninstalling zipp at /cvmfs/soft.computecanada.ca/easybuild/software/2017/Core/scipy-stack/2019a/lib/python3.7/site-packages, outside environment /localscratch/yinan.28597268.0/env
    Can't uninstall 'zipp'. No files were found to uninstall.
  Attempting uninstall: importlib-metadata
    Found existing installation: importlib-metadata 0.8
    Not uninstalling importlib-metadata at /cvmfs/soft.computecanada.ca/easybuild/software/2017/Core/scipy-stack/2019a/lib/python3.7/site-packages, outside environment /localscratch/yinan.28597268.0/env
    Can't uninstall 'importlib-metadata'. No files were found to uninstall.
  Attempting uninstall: scipy
    Found existing installation: scipy 1.2.0
    Not uninstalling scipy at /cvmfs/soft.computecanada.ca/easybuild/software/2017/Core/scipy-stack/2019a/lib/python3.7/site-packages, outside environment /localscratch/yinan.28597268.0/env
<<<<<<< HEAD
<<<<<<< HEAD
>>>>>>> deeb402b1d9359b1981ff022def33eacd88cafbb
=======
>>>>>>> deeb402b1d9359b1981ff022def33eacd88cafbb
=======
>>>>>>> deeb402b1d9359b1981ff022def33eacd88cafbb
    Can't uninstall 'scipy'. No files were found to uninstall.
Successfully installed absl-py-1.0.0+computecanada astunparse-1.6.3+computecanada cachetools-4.2.4+computecanada gast-0.3.3+computecanada google-auth-2.3.3+computecanada google-auth-oauthlib-0.4.6+computecanada google-pasta-0.2.0+computecanada grpcio-1.38.0+computecanada h5py-2.10.0+computecanada importlib-metadata-4.10.1+computecanada keras-preprocessing-1.1.2+computecanada markdown-3.3.6+computecanada oauthlib-3.1.1+computecanada opt-einsum-3.3.0+computecanada pyasn1-0.4.8+computecanada pyasn1-modules-0.2.8+computecanada requests-oauthlib-1.3.0+computecanada rsa-4.8+computecanada scipy-1.4.1+computecanada tensorboard-2.8.0+computecanada tensorboard-data-server-0.6.1+computecanada tensorboard-plugin-wit-1.8.0+computecanada tensorflow-estimator-2.3.0+computecanada tensorflow-gpu-2.3.0+computecanada werkzeug-2.0.3+computecanada wrapt-1.11.2+computecanada zipp-3.7.0+computecanada
Looking in links: /cvmfs/soft.computecanada.ca/custom/python/wheelhouse/nix/avx2, /cvmfs/soft.computecanada.ca/custom/python/wheelhouse/nix/generic, /cvmfs/soft.computecanada.ca/custom/python/wheelhouse/generic
Processing /cvmfs/soft.computecanada.ca/custom/python/wheelhouse/generic/keras-2.8.0+computecanada-py2.py3-none-any.whl
Installing collected packages: Keras
Successfully installed Keras-2.8.0+computecanada
Looking in links: /cvmfs/soft.computecanada.ca/custom/python/wheelhouse/nix/avx2, /cvmfs/soft.computecanada.ca/custom/python/wheelhouse/nix/generic, /cvmfs/soft.computecanada.ca/custom/python/wheelhouse/generic
Processing /cvmfs/soft.computecanada.ca/custom/python/wheelhouse/generic/urllib3-1.26.7+computecanada-py2.py3-none-any.whl
Installing collected packages: urllib3
  Attempting uninstall: urllib3
    Found existing installation: urllib3 1.26.8+computecanada
    Uninstalling urllib3-1.26.8+computecanada:
      Successfully uninstalled urllib3-1.26.8+computecanada
Successfully installed urllib3-1.26.7+computecanada
Looking in links: /cvmfs/soft.computecanada.ca/custom/python/wheelhouse/nix/avx2, /cvmfs/soft.computecanada.ca/custom/python/wheelhouse/nix/generic, /cvmfs/soft.computecanada.ca/custom/python/wheelhouse/generic
Processing /cvmfs/soft.computecanada.ca/custom/python/wheelhouse/generic/nltk-3.7+computecanada-py3-none-any.whl
<<<<<<< HEAD
<<<<<<< HEAD
<<<<<<< HEAD
Requirement already satisfied: tqdm in /localscratch/yinan.28595278.0/env/lib/python3.7/site-packages (from nltk) (4.63.0+computecanada)
Processing /cvmfs/soft.computecanada.ca/custom/python/wheelhouse/generic/nltk-3.6.5+computecanada-py3-none-any.whl
Processing /cvmfs/soft.computecanada.ca/custom/python/wheelhouse/generic/nltk-3.6.3+computecanada-py3-none-any.whl
Requirement already satisfied: regex in /localscratch/yinan.28595278.0/env/lib/python3.7/site-packages (from nltk) (2020.11.13+computecanada)
Requirement already satisfied: click in /localscratch/yinan.28595278.0/env/lib/python3.7/site-packages (from nltk) (8.0.3+computecanada)
Requirement already satisfied: joblib in /localscratch/yinan.28595278.0/env/lib/python3.7/site-packages (from nltk) (1.1.0+computecanada)
Requirement already satisfied: importlib-metadata in /localscratch/yinan.28595278.0/env/lib/python3.7/site-packages (from click->nltk) (4.10.1+computecanada)
Requirement already satisfied: zipp>=0.5 in /localscratch/yinan.28595278.0/env/lib/python3.7/site-packages (from importlib-metadata->click->nltk) (3.7.0+computecanada)
Requirement already satisfied: typing-extensions>=3.6.4 in /localscratch/yinan.28595278.0/env/lib/python3.7/site-packages (from importlib-metadata->click->nltk) (4.0.1+computecanada)
=======
=======
>>>>>>> deeb402b1d9359b1981ff022def33eacd88cafbb
=======
>>>>>>> deeb402b1d9359b1981ff022def33eacd88cafbb
Requirement already satisfied: joblib in /localscratch/yinan.28597268.0/env/lib/python3.7/site-packages (from nltk) (1.1.0+computecanada)
Processing /cvmfs/soft.computecanada.ca/custom/python/wheelhouse/generic/nltk-3.6.5+computecanada-py3-none-any.whl
Processing /cvmfs/soft.computecanada.ca/custom/python/wheelhouse/generic/nltk-3.6.3+computecanada-py3-none-any.whl
Requirement already satisfied: regex in /localscratch/yinan.28597268.0/env/lib/python3.7/site-packages (from nltk) (2020.11.13+computecanada)
Requirement already satisfied: tqdm in /localscratch/yinan.28597268.0/env/lib/python3.7/site-packages (from nltk) (4.63.0+computecanada)
Requirement already satisfied: click in /localscratch/yinan.28597268.0/env/lib/python3.7/site-packages (from nltk) (8.0.3+computecanada)
Requirement already satisfied: importlib-metadata in /localscratch/yinan.28597268.0/env/lib/python3.7/site-packages (from click->nltk) (4.10.1+computecanada)
Requirement already satisfied: zipp>=0.5 in /localscratch/yinan.28597268.0/env/lib/python3.7/site-packages (from importlib-metadata->click->nltk) (3.7.0+computecanada)
Requirement already satisfied: typing-extensions>=3.6.4 in /localscratch/yinan.28597268.0/env/lib/python3.7/site-packages (from importlib-metadata->click->nltk) (4.0.1+computecanada)
<<<<<<< HEAD
<<<<<<< HEAD
>>>>>>> deeb402b1d9359b1981ff022def33eacd88cafbb
=======
>>>>>>> deeb402b1d9359b1981ff022def33eacd88cafbb
=======
>>>>>>> deeb402b1d9359b1981ff022def33eacd88cafbb
Installing collected packages: nltk
Successfully installed nltk-3.6.3+computecanada
Looking in links: /cvmfs/soft.computecanada.ca/custom/python/wheelhouse/nix/avx2, /cvmfs/soft.computecanada.ca/custom/python/wheelhouse/nix/generic, /cvmfs/soft.computecanada.ca/custom/python/wheelhouse/generic
Processing /cvmfs/soft.computecanada.ca/custom/python/wheelhouse/generic/scikit_learn-0.22.1+computecanada-cp37-cp37m-linux_x86_64.whl
<<<<<<< HEAD
<<<<<<< HEAD
<<<<<<< HEAD
Requirement already satisfied: joblib>=0.11 in /localscratch/yinan.28595278.0/env/lib/python3.7/site-packages (from scikit-learn==0.22.1) (1.1.0+computecanada)
Requirement already satisfied: scipy>=0.17.0 in /localscratch/yinan.28595278.0/env/lib/python3.7/site-packages (from scikit-learn==0.22.1) (1.4.1+computecanada)
=======
Requirement already satisfied: joblib>=0.11 in /localscratch/yinan.28597268.0/env/lib/python3.7/site-packages (from scikit-learn==0.22.1) (1.1.0+computecanada)
Requirement already satisfied: scipy>=0.17.0 in /localscratch/yinan.28597268.0/env/lib/python3.7/site-packages (from scikit-learn==0.22.1) (1.4.1+computecanada)
>>>>>>> deeb402b1d9359b1981ff022def33eacd88cafbb
=======
Requirement already satisfied: joblib>=0.11 in /localscratch/yinan.28597268.0/env/lib/python3.7/site-packages (from scikit-learn==0.22.1) (1.1.0+computecanada)
Requirement already satisfied: scipy>=0.17.0 in /localscratch/yinan.28597268.0/env/lib/python3.7/site-packages (from scikit-learn==0.22.1) (1.4.1+computecanada)
>>>>>>> deeb402b1d9359b1981ff022def33eacd88cafbb
=======
Requirement already satisfied: joblib>=0.11 in /localscratch/yinan.28597268.0/env/lib/python3.7/site-packages (from scikit-learn==0.22.1) (1.1.0+computecanada)
Requirement already satisfied: scipy>=0.17.0 in /localscratch/yinan.28597268.0/env/lib/python3.7/site-packages (from scikit-learn==0.22.1) (1.4.1+computecanada)
>>>>>>> deeb402b1d9359b1981ff022def33eacd88cafbb
Requirement already satisfied: numpy>=1.11.0 in /cvmfs/soft.computecanada.ca/easybuild/software/2017/Core/scipy-stack/2019a/lib/python3.7/site-packages (from scikit-learn==0.22.1) (1.16.0)
Installing collected packages: scikit-learn
Successfully installed scikit-learn-0.22.1+computecanada
Looking in links: /cvmfs/soft.computecanada.ca/custom/python/wheelhouse/nix/avx2, /cvmfs/soft.computecanada.ca/custom/python/wheelhouse/nix/generic, /cvmfs/soft.computecanada.ca/custom/python/wheelhouse/generic
<<<<<<< HEAD
<<<<<<< HEAD
<<<<<<< HEAD
Requirement already satisfied: tokenizers==0.5.2 in /localscratch/yinan.28595278.0/env/lib/python3.7/site-packages (0.5.2+computecanada)
wandb: Appending key for api.wandb.ai to your netrc file: /home/yinan/.netrc
Starting Task
2022-03-09 07:37:26.311104: I tensorflow/stream_executor/platform/default/dso_loader.cc:48] Successfully opened dynamic library libcudart.so.10.1
=======
=======
>>>>>>> deeb402b1d9359b1981ff022def33eacd88cafbb
=======
>>>>>>> deeb402b1d9359b1981ff022def33eacd88cafbb
Requirement already satisfied: tokenizers==0.5.2 in /localscratch/yinan.28597268.0/env/lib/python3.7/site-packages (0.5.2+computecanada)
wandb: Appending key for api.wandb.ai to your netrc file: /home/yinan/.netrc
Starting Task
2022-03-09 08:12:22.436743: I tensorflow/stream_executor/platform/default/dso_loader.cc:48] Successfully opened dynamic library libcudart.so.10.1
<<<<<<< HEAD
<<<<<<< HEAD
>>>>>>> deeb402b1d9359b1981ff022def33eacd88cafbb
=======
>>>>>>> deeb402b1d9359b1981ff022def33eacd88cafbb
=======
>>>>>>> deeb402b1d9359b1981ff022def33eacd88cafbb
[nltk_data] Downloading package stopwords to /home/yinan/nltk_data...
[nltk_data]   Package stopwords is already up-to-date!
[nltk_data] Downloading package wordnet to /home/yinan/nltk_data...
[nltk_data]   Package wordnet is already up-to-date!
<<<<<<< HEAD
<<<<<<< HEAD
<<<<<<< HEAD
wandb: Currently logged in as: yinanazhou (use `wandb login --relogin` to force relogin)
wandb: wandb version 0.12.11 is available!  To upgrade, please run:
wandb:  $ pip install wandb --upgrade
2022-03-09 07:37:34.060142: I tensorflow/stream_executor/platform/default/dso_loader.cc:48] Successfully opened dynamic library libcudart.so.10.1
wandb: Tracking run with wandb version 0.12.5
wandb: Syncing run sage-breeze-1
wandb:  View project at https://wandb.ai/yinanazhou/xl_512_bs_8_lr_1e06_es_5_lc_False_nr_True_sr_True_stem_False_lemma_False_repeat_1_fold_1
wandb:  View run at https://wandb.ai/yinanazhou/xl_512_bs_8_lr_1e06_es_5_lc_False_nr_True_sr_True_stem_False_lemma_False_repeat_1_fold_1/runs/jktdia8e
wandb: Run data is saved locally in /project/6002780/yinan/Thesis_MER_Lyrics/lyric-emotion/wandb/run-20220309_073732-jktdia8e
wandb: Run `wandb offline` to turn off syncing.

Validation loss decreased (inf --> 1.361249).  Saving model ...
Validation loss decreased (1.361249 --> 1.326229).  Saving model ...
Validation loss decreased (1.326229 --> 1.300068).  Saving model ...
Validation loss decreased (1.300068 --> 1.270414).  Saving model ...
Validation loss decreased (1.270414 --> 1.240877).  Saving model ...
Validation loss decreased (1.240877 --> 1.211005).  Saving model ...
Validation loss decreased (1.211005 --> 1.191210).  Saving model ...
Validation loss decreased (1.191210 --> 1.174184).  Saving model ...
EarlyStopping counter: 1 out of 5.0
Validation loss decreased (1.174184 --> 1.137780).  Saving model ...
Validation loss decreased (1.137780 --> 1.105752).  Saving model ...
Validation loss decreased (1.105752 --> 1.082878).  Saving model ...
Validation loss decreased (1.082878 --> 1.054530).  Saving model ...
Validation loss decreased (1.054530 --> 1.041738).  Saving model ...
Validation loss decreased (1.041738 --> 1.028525).  Saving model ...
EarlyStopping counter: 1 out of 5.0
EarlyStopping counter: 2 out of 5.0
Validation loss decreased (1.028525 --> 1.026701).  Saving model ...
Validation loss decreased (1.026701 --> 1.019356).  Saving model ...
Validation loss decreased (1.019356 --> 1.012733).  Saving model ...
Validation loss decreased (1.012733 --> 1.009449).  Saving model ...
Validation loss decreased (1.009449 --> 1.002812).  Saving model ...
EarlyStopping counter: 1 out of 5.0
EarlyStopping counter: 2 out of 5.0
EarlyStopping counter: 3 out of 5.0
EarlyStopping counter: 4 out of 5.0
EarlyStopping counter: 5 out of 5.0
/localscratch/yinan.28595278.0/env/lib/python3.7/site-packages/torch/nn/functional.py:1794: UserWarning: nn.functional.tanh is deprecated. Use torch.tanh instead.
  warnings.warn("nn.functional.tanh is deprecated. Use torch.tanh instead.")
/localscratch/yinan.28595278.0/env/lib/python3.7/site-packages/transformers/optimization.py:155: UserWarning: This overload of add_ is deprecated:
	add_(Number alpha, Tensor other)
Consider using one of the following signatures instead:
	add_(Tensor other, *, Number alpha) (Triggered internally at  ../torch/csrc/utils/python_arg_parser.cpp:1025.)
  exp_avg.mul_(beta1).add_(1.0 - beta1, grad)
wandb: Waiting for W&B process to finish, PID 84423... (success).
wandb: - 0.00MB of 0.00MB uploaded (0.00MB deduped)wandb: \ 0.00MB of 0.00MB uploaded (0.00MB deduped)wandb: | 0.00MB of 0.00MB uploaded (0.00MB deduped)wandb: / 0.00MB of 0.00MB uploaded (0.00MB deduped)wandb: - 0.00MB of 0.00MB uploaded (0.00MB deduped)wandb: \ 0.00MB of 0.00MB uploaded (0.00MB deduped)wandb: | 0.00MB of 0.00MB uploaded (0.00MB deduped)wandb: / 0.00MB of 0.00MB uploaded (0.00MB deduped)wandb: - 0.00MB of 0.00MB uploaded (0.00MB deduped)wandb: \ 0.00MB of 0.00MB uploaded (0.00MB deduped)wandb: | 0.00MB of 0.00MB uploaded (0.00MB deduped)wandb: / 0.00MB of 0.00MB uploaded (0.00MB deduped)wandb: - 0.00MB of 0.00MB uploaded (0.00MB deduped)wandb:                                                                                
wandb: Run history:
wandb:     e_F1 
wandb:   e_loss 
wandb:     t_F1 
wandb:   t_loss 
wandb: 
wandb: Run summary:
wandb:     e_F1 56.73982
wandb:   e_loss 1.031
wandb:     t_F1 77.69344
wandb:   t_loss 0.59541
wandb: 
wandb: Synced 4 W&B file(s), 0 media file(s), 0 artifact file(s) and 0 other file(s)
wandb: Synced sage-breeze-1: https://wandb.ai/yinanazhou/xl_512_bs_8_lr_1e06_es_5_lc_False_nr_True_sr_True_stem_False_lemma_False_repeat_1_fold_1/runs/jktdia8e
wandb: Find logs at: ./wandb/run-20220309_073732-jktdia8e/logs/debug.log
wandb: 

wandb: wandb version 0.12.11 is available!  To upgrade, please run:
wandb:  $ pip install wandb --upgrade
2022-03-09 08:02:56.520553: I tensorflow/stream_executor/platform/default/dso_loader.cc:48] Successfully opened dynamic library libcudart.so.10.1
wandb: Tracking run with wandb version 0.12.5
wandb: Syncing run gallant-wood-1
wandb:  View project at https://wandb.ai/yinanazhou/xl_512_bs_8_lr_1e06_es_5_lc_False_nr_True_sr_True_stem_False_lemma_False_repeat_1_fold_2
wandb:  View run at https://wandb.ai/yinanazhou/xl_512_bs_8_lr_1e06_es_5_lc_False_nr_True_sr_True_stem_False_lemma_False_repeat_1_fold_2/runs/3qn76raf
wandb: Run data is saved locally in /project/6002780/yinan/Thesis_MER_Lyrics/lyric-emotion/wandb/run-20220309_080253-3qn76raf
wandb: Run `wandb offline` to turn off syncing.

Validation loss decreased (inf --> 1.401027).  Saving model ...
Validation loss decreased (1.401027 --> 1.383521).  Saving model ...
Validation loss decreased (1.383521 --> 1.365528).  Saving model ...
Validation loss decreased (1.365528 --> 1.340132).  Saving model ...
Validation loss decreased (1.340132 --> 1.311220).  Saving model ...
Validation loss decreased (1.311220 --> 1.279069).  Saving model ...
Validation loss decreased (1.279069 --> 1.240129).  Saving model ...
Validation loss decreased (1.240129 --> 1.199122).  Saving model ...
Validation loss decreased (1.199122 --> 1.151688).  Saving model ...
Validation loss decreased (1.151688 --> 1.107994).  Saving model ...
Validation loss decreased (1.107994 --> 1.075035).  Saving model ...
Validation loss decreased (1.075035 --> 1.037439).  Saving model ...
Validation loss decreased (1.037439 --> 1.008454).  Saving model ...
Validation loss decreased (1.008454 --> 0.978340).  Saving model ...
Validation loss decreased (0.978340 --> 0.955726).  Saving model ...
Validation loss decreased (0.955726 --> 0.937753).  Saving model ...
Validation loss decreased (0.937753 --> 0.924355).  Saving model ...
EarlyStopping counter: 1 out of 5.0
EarlyStopping counter: 2 out of 5.0
Validation loss decreased (0.924355 --> 0.921415).  Saving model ...
Validation loss decreased (0.921415 --> 0.915662).  Saving model ...
Validation loss decreased (0.915662 --> 0.913500).  Saving model ...
EarlyStopping counter: 1 out of 5.0
EarlyStopping counter: 2 out of 5.0
EarlyStopping counter: 3 out of 5.0
EarlyStopping counter: 4 out of 5.0
EarlyStopping counter: 5 out of 5.0
/localscratch/yinan.28595278.0/env/lib/python3.7/site-packages/torch/nn/functional.py:1794: UserWarning: nn.functional.tanh is deprecated. Use torch.tanh instead.
  warnings.warn("nn.functional.tanh is deprecated. Use torch.tanh instead.")
wandb: Waiting for W&B process to finish, PID 85838... (success).
wandb: - 0.00MB of 0.00MB uploaded (0.00MB deduped)wandb: \ 0.00MB of 0.00MB uploaded (0.00MB deduped)wandb: | 0.00MB of 0.00MB uploaded (0.00MB deduped)wandb: / 0.00MB of 0.00MB uploaded (0.00MB deduped)wandb: - 0.00MB of 0.00MB uploaded (0.00MB deduped)wandb: \ 0.00MB of 0.00MB uploaded (0.00MB deduped)wandb: | 0.00MB of 0.00MB uploaded (0.00MB deduped)wandb: / 0.00MB of 0.00MB uploaded (0.00MB deduped)wandb: - 0.00MB of 0.00MB uploaded (0.00MB deduped)wandb: \ 0.00MB of 0.00MB uploaded (0.00MB deduped)wandb: | 0.00MB of 0.00MB uploaded (0.00MB deduped)wandb: / 0.00MB of 0.00MB uploaded (0.00MB deduped)wandb: - 0.00MB of 0.00MB uploaded (0.00MB deduped)wandb:                                                                                
wandb: Run history:
wandb:     e_F1 
wandb:   e_loss 
wandb:     t_F1 
wandb:   t_loss 
wandb: 
wandb: Run summary:
wandb:     e_F1 61.26114
wandb:   e_loss 0.92467
wandb:     t_F1 79.56108
wandb:   t_loss 0.58673
wandb: 
wandb: Synced 4 W&B file(s), 0 media file(s), 0 artifact file(s) and 0 other file(s)
wandb: Synced gallant-wood-1: https://wandb.ai/yinanazhou/xl_512_bs_8_lr_1e06_es_5_lc_False_nr_True_sr_True_stem_False_lemma_False_repeat_1_fold_2/runs/3qn76raf
wandb: Find logs at: ./wandb/run-20220309_080253-3qn76raf/logs/debug.log
wandb: 

wandb: wandb version 0.12.11 is available!  To upgrade, please run:
wandb:  $ pip install wandb --upgrade
2022-03-09 08:28:06.652261: I tensorflow/stream_executor/platform/default/dso_loader.cc:48] Successfully opened dynamic library libcudart.so.10.1
wandb: Tracking run with wandb version 0.12.5
wandb: Syncing run ancient-snowball-1
wandb:  View project at https://wandb.ai/yinanazhou/xl_512_bs_8_lr_1e06_es_5_lc_False_nr_True_sr_True_stem_False_lemma_False_repeat_2_fold_1
wandb:  View run at https://wandb.ai/yinanazhou/xl_512_bs_8_lr_1e06_es_5_lc_False_nr_True_sr_True_stem_False_lemma_False_repeat_2_fold_1/runs/33kyfptl
wandb: Run data is saved locally in /project/6002780/yinan/Thesis_MER_Lyrics/lyric-emotion/wandb/run-20220309_082803-33kyfptl
wandb: Run `wandb offline` to turn off syncing.

Validation loss decreased (inf --> 1.376190).  Saving model ...
Validation loss decreased (1.376190 --> 1.340456).  Saving model ...
Validation loss decreased (1.340456 --> 1.317247).  Saving model ...
Validation loss decreased (1.317247 --> 1.286540).  Saving model ...
Validation loss decreased (1.286540 --> 1.243696).  Saving model ...
Validation loss decreased (1.243696 --> 1.226623).  Saving model ...
Validation loss decreased (1.226623 --> 1.194129).  Saving model ...
Validation loss decreased (1.194129 --> 1.170661).  Saving model ...
Validation loss decreased (1.170661 --> 1.142435).  Saving model ...
Validation loss decreased (1.142435 --> 1.124150).  Saving model ...
Validation loss decreased (1.124150 --> 1.105138).  Saving model ...
Validation loss decreased (1.105138 --> 1.089137).  Saving model ...
Validation loss decreased (1.089137 --> 1.074979).  Saving model ...
Validation loss decreased (1.074979 --> 1.059960).  Saving model ...
Validation loss decreased (1.059960 --> 1.038097).  Saving model ...
Validation loss decreased (1.038097 --> 1.030068).  Saving model ...
Validation loss decreased (1.030068 --> 1.016123).  Saving model ...
Validation loss decreased (1.016123 --> 1.004835).  Saving model ...
Validation loss decreased (1.004835 --> 1.001853).  Saving model ...
Validation loss decreased (1.001853 --> 0.993938).  Saving model ...
Validation loss decreased (0.993938 --> 0.986017).  Saving model ...
Validation loss decreased (0.986017 --> 0.977307).  Saving model ...
Validation loss decreased (0.977307 --> 0.973517).  Saving model ...
EarlyStopping counter: 1 out of 5.0
Validation loss decreased (0.973517 --> 0.972042).  Saving model ...
EarlyStopping counter: 1 out of 5.0
EarlyStopping counter: 2 out of 5.0
EarlyStopping counter: 3 out of 5.0
Validation loss decreased (0.972042 --> 0.969509).  Saving model ...
Validation loss decreased (0.969509 --> 0.965451).  Saving model ...
EarlyStopping counter: 1 out of 5.0
EarlyStopping counter: 2 out of 5.0
EarlyStopping counter: 3 out of 5.0
EarlyStopping counter: 4 out of 5.0
EarlyStopping counter: 5 out of 5.0
/localscratch/yinan.28595278.0/env/lib/python3.7/site-packages/torch/nn/functional.py:1794: UserWarning: nn.functional.tanh is deprecated. Use torch.tanh instead.
  warnings.warn("nn.functional.tanh is deprecated. Use torch.tanh instead.")
wandb: Waiting for W&B process to finish, PID 87203... (success).
wandb: - 0.00MB of 0.00MB uploaded (0.00MB deduped)wandb: \ 0.00MB of 0.00MB uploaded (0.00MB deduped)wandb: | 0.00MB of 0.00MB uploaded (0.00MB deduped)wandb: / 0.00MB of 0.00MB uploaded (0.00MB deduped)wandb: - 0.00MB of 0.00MB uploaded (0.00MB deduped)wandb: \ 0.00MB of 0.00MB uploaded (0.00MB deduped)wandb: | 0.00MB of 0.00MB uploaded (0.00MB deduped)wandb: / 0.00MB of 0.00MB uploaded (0.00MB deduped)wandb: - 0.00MB of 0.00MB uploaded (0.00MB deduped)wandb: \ 0.00MB of 0.00MB uploaded (0.00MB deduped)wandb: | 0.00MB of 0.00MB uploaded (0.00MB deduped)wandb: / 0.00MB of 0.00MB uploaded (0.00MB deduped)wandb: - 0.00MB of 0.00MB uploaded (0.00MB deduped)wandb:                                                                                
wandb: Run history:
wandb:     e_F1 
wandb:   e_loss 
wandb:     t_F1 
wandb:   t_loss 
wandb: 
wandb: Run summary:
wandb:     e_F1 55.82841
wandb:   e_loss 1.02797
wandb:     t_F1 85.34986
wandb:   t_loss 0.50246
wandb: 
wandb: Synced 4 W&B file(s), 0 media file(s), 0 artifact file(s) and 0 other file(s)
wandb: Synced ancient-snowball-1: https://wandb.ai/yinanazhou/xl_512_bs_8_lr_1e06_es_5_lc_False_nr_True_sr_True_stem_False_lemma_False_repeat_2_fold_1/runs/33kyfptl
wandb: Find logs at: ./wandb/run-20220309_082803-33kyfptl/logs/debug.log
wandb: 

wandb: wandb version 0.12.11 is available!  To upgrade, please run:
wandb:  $ pip install wandb --upgrade
2022-03-09 09:00:39.145292: I tensorflow/stream_executor/platform/default/dso_loader.cc:48] Successfully opened dynamic library libcudart.so.10.1
wandb: Tracking run with wandb version 0.12.5
wandb: Syncing run sweet-river-1
wandb:  View project at https://wandb.ai/yinanazhou/xl_512_bs_8_lr_1e06_es_5_lc_False_nr_True_sr_True_stem_False_lemma_False_repeat_2_fold_2
wandb:  View run at https://wandb.ai/yinanazhou/xl_512_bs_8_lr_1e06_es_5_lc_False_nr_True_sr_True_stem_False_lemma_False_repeat_2_fold_2/runs/vpnzz9m9
wandb: Run data is saved locally in /project/6002780/yinan/Thesis_MER_Lyrics/lyric-emotion/wandb/run-20220309_090036-vpnzz9m9
wandb: Run `wandb offline` to turn off syncing.

Validation loss decreased (inf --> 1.405495).  Saving model ...
Validation loss decreased (1.405495 --> 1.375428).  Saving model ...
Validation loss decreased (1.375428 --> 1.349258).  Saving model ...
Validation loss decreased (1.349258 --> 1.324941).  Saving model ...
Validation loss decreased (1.324941 --> 1.304070).  Saving model ...
Validation loss decreased (1.304070 --> 1.287122).  Saving model ...
Validation loss decreased (1.287122 --> 1.258341).  Saving model ...
Validation loss decreased (1.258341 --> 1.240468).  Saving model ...
Validation loss decreased (1.240468 --> 1.178187).  Saving model ...
Validation loss decreased (1.178187 --> 1.153054).  Saving model ...
Validation loss decreased (1.153054 --> 1.111673).  Saving model ...
Validation loss decreased (1.111673 --> 1.094023).  Saving model ...
Validation loss decreased (1.094023 --> 1.057427).  Saving model ...
Validation loss decreased (1.057427 --> 1.037133).  Saving model ...
Validation loss decreased (1.037133 --> 1.017650).  Saving model ...
Validation loss decreased (1.017650 --> 1.012835).  Saving model ...
Validation loss decreased (1.012835 --> 0.989197).  Saving model ...
Validation loss decreased (0.989197 --> 0.968352).  Saving model ...
Validation loss decreased (0.968352 --> 0.965222).  Saving model ...
Validation loss decreased (0.965222 --> 0.954219).  Saving model ...
Validation loss decreased (0.954219 --> 0.946846).  Saving model ...
EarlyStopping counter: 1 out of 5.0
EarlyStopping counter: 2 out of 5.0
Validation loss decreased (0.946846 --> 0.937482).  Saving model ...
Validation loss decreased (0.937482 --> 0.928230).  Saving model ...
EarlyStopping counter: 1 out of 5.0
Validation loss decreased (0.928230 --> 0.927113).  Saving model ...
EarlyStopping counter: 1 out of 5.0
EarlyStopping counter: 2 out of 5.0
EarlyStopping counter: 3 out of 5.0
EarlyStopping counter: 4 out of 5.0
EarlyStopping counter: 5 out of 5.0
/localscratch/yinan.28595278.0/env/lib/python3.7/site-packages/torch/nn/functional.py:1794: UserWarning: nn.functional.tanh is deprecated. Use torch.tanh instead.
  warnings.warn("nn.functional.tanh is deprecated. Use torch.tanh instead.")
wandb: Waiting for W&B process to finish, PID 88963... (success).
wandb: - 0.00MB of 0.00MB uploaded (0.00MB deduped)wandb: \ 0.00MB of 0.00MB uploaded (0.00MB deduped)wandb: | 0.00MB of 0.00MB uploaded (0.00MB deduped)wandb: / 0.00MB of 0.00MB uploaded (0.00MB deduped)wandb: - 0.00MB of 0.00MB uploaded (0.00MB deduped)wandb: \ 0.00MB of 0.00MB uploaded (0.00MB deduped)wandb: | 0.00MB of 0.00MB uploaded (0.00MB deduped)wandb: / 0.00MB of 0.00MB uploaded (0.00MB deduped)wandb: - 0.00MB of 0.00MB uploaded (0.00MB deduped)wandb: \ 0.00MB of 0.00MB uploaded (0.00MB deduped)wandb: | 0.00MB of 0.00MB uploaded (0.00MB deduped)wandb: / 0.00MB of 0.00MB uploaded (0.00MB deduped)wandb: - 0.00MB of 0.00MB uploaded (0.00MB deduped)wandb:                                                                                
wandb: Run history:
wandb:     e_F1 
wandb:   e_loss 
wandb:     t_F1 
wandb:   t_loss 
wandb: 
wandb: Run summary:
wandb:     e_F1 62.26108
wandb:   e_loss 0.95901
wandb:     t_F1 83.18474
wandb:   t_loss 0.53826
wandb: 
wandb: Synced 4 W&B file(s), 0 media file(s), 0 artifact file(s) and 0 other file(s)
wandb: Synced sweet-river-1: https://wandb.ai/yinanazhou/xl_512_bs_8_lr_1e06_es_5_lc_False_nr_True_sr_True_stem_False_lemma_False_repeat_2_fold_2/runs/vpnzz9m9
wandb: Find logs at: ./wandb/run-20220309_090036-vpnzz9m9/logs/debug.log
wandb: 

wandb: wandb version 0.12.11 is available!  To upgrade, please run:
wandb:  $ pip install wandb --upgrade
2022-03-09 09:30:39.367886: I tensorflow/stream_executor/platform/default/dso_loader.cc:48] Successfully opened dynamic library libcudart.so.10.1
wandb: Tracking run with wandb version 0.12.5
wandb: Syncing run wise-eon-1
wandb:  View project at https://wandb.ai/yinanazhou/xl_512_bs_8_lr_1e06_es_5_lc_False_nr_True_sr_True_stem_False_lemma_False_repeat_3_fold_1
wandb:  View run at https://wandb.ai/yinanazhou/xl_512_bs_8_lr_1e06_es_5_lc_False_nr_True_sr_True_stem_False_lemma_False_repeat_3_fold_1/runs/2l8q5dol
wandb: Run data is saved locally in /project/6002780/yinan/Thesis_MER_Lyrics/lyric-emotion/wandb/run-20220309_093036-2l8q5dol
wandb: Run `wandb offline` to turn off syncing.

Validation loss decreased (inf --> 1.385921).  Saving model ...
Validation loss decreased (1.385921 --> 1.350985).  Saving model ...
Validation loss decreased (1.350985 --> 1.321052).  Saving model ...
Validation loss decreased (1.321052 --> 1.295786).  Saving model ...
Validation loss decreased (1.295786 --> 1.277607).  Saving model ...
Validation loss decreased (1.277607 --> 1.254174).  Saving model ...
Validation loss decreased (1.254174 --> 1.228564).  Saving model ...
Validation loss decreased (1.228564 --> 1.183512).  Saving model ...
Validation loss decreased (1.183512 --> 1.176627).  Saving model ...
Validation loss decreased (1.176627 --> 1.154376).  Saving model ...
Validation loss decreased (1.154376 --> 1.140454).  Saving model ...
Validation loss decreased (1.140454 --> 1.112054).  Saving model ...
Validation loss decreased (1.112054 --> 1.095187).  Saving model ...
Validation loss decreased (1.095187 --> 1.077555).  Saving model ...
Validation loss decreased (1.077555 --> 1.064035).  Saving model ...
Validation loss decreased (1.064035 --> 1.043686).  Saving model ...
EarlyStopping counter: 1 out of 5.0
EarlyStopping counter: 2 out of 5.0
Validation loss decreased (1.043686 --> 1.018577).  Saving model ...
EarlyStopping counter: 1 out of 5.0
Validation loss decreased (1.018577 --> 1.012790).  Saving model ...
Validation loss decreased (1.012790 --> 1.003595).  Saving model ...
Validation loss decreased (1.003595 --> 1.002730).  Saving model ...
Validation loss decreased (1.002730 --> 0.992590).  Saving model ...
Validation loss decreased (0.992590 --> 0.989796).  Saving model ...
EarlyStopping counter: 1 out of 5.0
EarlyStopping counter: 2 out of 5.0
EarlyStopping counter: 3 out of 5.0
EarlyStopping counter: 4 out of 5.0
EarlyStopping counter: 5 out of 5.0
/localscratch/yinan.28595278.0/env/lib/python3.7/site-packages/torch/nn/functional.py:1794: UserWarning: nn.functional.tanh is deprecated. Use torch.tanh instead.
  warnings.warn("nn.functional.tanh is deprecated. Use torch.tanh instead.")
wandb: Waiting for W&B process to finish, PID 90612... (success).
wandb: - 0.00MB of 0.00MB uploaded (0.00MB deduped)wandb: \ 0.00MB of 0.00MB uploaded (0.00MB deduped)wandb: | 0.00MB of 0.00MB uploaded (0.00MB deduped)wandb: / 0.00MB of 0.00MB uploaded (0.00MB deduped)wandb: - 0.00MB of 0.00MB uploaded (0.00MB deduped)wandb: \ 0.00MB of 0.00MB uploaded (0.00MB deduped)wandb: | 0.00MB of 0.00MB uploaded (0.00MB deduped)wandb: / 0.00MB of 0.00MB uploaded (0.00MB deduped)wandb: - 0.00MB of 0.00MB uploaded (0.00MB deduped)wandb: \ 0.00MB of 0.00MB uploaded (0.00MB deduped)wandb: | 0.00MB of 0.00MB uploaded (0.00MB deduped)wandb: / 0.00MB of 0.00MB uploaded (0.00MB deduped)wandb: - 0.00MB of 0.00MB uploaded (0.00MB deduped)wandb:                                                                                
wandb: Run history:
wandb:     e_F1 
wandb:   e_loss 
wandb:     t_F1 
wandb:   t_loss 
wandb: 
wandb: Run summary:
wandb:     e_F1 60.17653
wandb:   e_loss 1.00385
wandb:     t_F1 85.3571
wandb:   t_loss 0.48745
wandb: 
wandb: Synced 4 W&B file(s), 0 media file(s), 0 artifact file(s) and 0 other file(s)
wandb: Synced wise-eon-1: https://wandb.ai/yinanazhou/xl_512_bs_8_lr_1e06_es_5_lc_False_nr_True_sr_True_stem_False_lemma_False_repeat_3_fold_1/runs/2l8q5dol
wandb: Find logs at: ./wandb/run-20220309_093036-2l8q5dol/logs/debug.log
wandb: 

wandb: wandb version 0.12.11 is available!  To upgrade, please run:
wandb:  $ pip install wandb --upgrade
2022-03-09 09:58:38.415397: I tensorflow/stream_executor/platform/default/dso_loader.cc:48] Successfully opened dynamic library libcudart.so.10.1
wandb: Tracking run with wandb version 0.12.5
wandb: Syncing run lemon-pyramid-1
wandb:  View project at https://wandb.ai/yinanazhou/xl_512_bs_8_lr_1e06_es_5_lc_False_nr_True_sr_True_stem_False_lemma_False_repeat_3_fold_2
wandb:  View run at https://wandb.ai/yinanazhou/xl_512_bs_8_lr_1e06_es_5_lc_False_nr_True_sr_True_stem_False_lemma_False_repeat_3_fold_2/runs/1mr04xvg
wandb: Run data is saved locally in /project/6002780/yinan/Thesis_MER_Lyrics/lyric-emotion/wandb/run-20220309_095835-1mr04xvg
wandb: Run `wandb offline` to turn off syncing.

Validation loss decreased (inf --> 1.373626).  Saving model ...
Validation loss decreased (1.373626 --> 1.343204).  Saving model ...
Validation loss decreased (1.343204 --> 1.324024).  Saving model ...
Validation loss decreased (1.324024 --> 1.306052).  Saving model ...
Validation loss decreased (1.306052 --> 1.275510).  Saving model ...
Validation loss decreased (1.275510 --> 1.252460).  Saving model ...
Validation loss decreased (1.252460 --> 1.216061).  Saving model ...
Validation loss decreased (1.216061 --> 1.179710).  Saving model ...
Validation loss decreased (1.179710 --> 1.157690).  Saving model ...
Validation loss decreased (1.157690 --> 1.114897).  Saving model ...
Validation loss decreased (1.114897 --> 1.086663).  Saving model ...
Validation loss decreased (1.086663 --> 1.081670).  Saving model ...
Validation loss decreased (1.081670 --> 1.053172).  Saving model ...
Validation loss decreased (1.053172 --> 1.035031).  Saving model ...
Validation loss decreased (1.035031 --> 1.023518).  Saving model ...
Validation loss decreased (1.023518 --> 0.997723).  Saving model ...
Validation loss decreased (0.997723 --> 0.990799).  Saving model ...
Validation loss decreased (0.990799 --> 0.985355).  Saving model ...
Validation loss decreased (0.985355 --> 0.968266).  Saving model ...
EarlyStopping counter: 1 out of 5.0
Validation loss decreased (0.968266 --> 0.946868).  Saving model ...
EarlyStopping counter: 1 out of 5.0
EarlyStopping counter: 2 out of 5.0
EarlyStopping counter: 3 out of 5.0
Validation loss decreased (0.946868 --> 0.943419).  Saving model ...
EarlyStopping counter: 1 out of 5.0
EarlyStopping counter: 2 out of 5.0
EarlyStopping counter: 3 out of 5.0
EarlyStopping counter: 4 out of 5.0
EarlyStopping counter: 5 out of 5.0
/localscratch/yinan.28595278.0/env/lib/python3.7/site-packages/torch/nn/functional.py:1794: UserWarning: nn.functional.tanh is deprecated. Use torch.tanh instead.
  warnings.warn("nn.functional.tanh is deprecated. Use torch.tanh instead.")
wandb: Waiting for W&B process to finish, PID 92119... (success).
wandb: - 0.00MB of 0.00MB uploaded (0.00MB deduped)wandb: \ 0.00MB of 0.00MB uploaded (0.00MB deduped)wandb: | 0.00MB of 0.00MB uploaded (0.00MB deduped)wandb: / 0.00MB of 0.00MB uploaded (0.00MB deduped)wandb: - 0.00MB of 0.00MB uploaded (0.00MB deduped)wandb: \ 0.00MB of 0.00MB uploaded (0.00MB deduped)wandb: | 0.00MB of 0.00MB uploaded (0.00MB deduped)wandb: / 0.00MB of 0.00MB uploaded (0.00MB deduped)wandb: - 0.00MB of 0.00MB uploaded (0.00MB deduped)wandb: \ 0.00MB of 0.00MB uploaded (0.00MB deduped)wandb: | 0.00MB of 0.00MB uploaded (0.00MB deduped)wandb: / 0.00MB of 0.00MB uploaded (0.00MB deduped)wandb: - 0.00MB of 0.00MB uploaded (0.00MB deduped)wandb: \ 0.00MB of 0.00MB uploaded (0.00MB deduped)wandb: | 0.00MB of 0.00MB uploaded (0.00MB deduped)wandb:                                                                                
wandb: Run history:
wandb:     e_F1 
wandb:   e_loss 
wandb:     t_F1 
wandb:   t_loss 
wandb: 
wandb: Run summary:
wandb:     e_F1 57.94489
wandb:   e_loss 0.96853
wandb:     t_F1 82.98015
wandb:   t_loss 0.53434
wandb: 
wandb: Synced 4 W&B file(s), 0 media file(s), 0 artifact file(s) and 0 other file(s)
wandb: Synced lemon-pyramid-1: https://wandb.ai/yinanazhou/xl_512_bs_8_lr_1e06_es_5_lc_False_nr_True_sr_True_stem_False_lemma_False_repeat_3_fold_2/runs/1mr04xvg
wandb: Find logs at: ./wandb/run-20220309_095835-1mr04xvg/logs/debug.log
wandb: 

wandb: wandb version 0.12.11 is available!  To upgrade, please run:
wandb:  $ pip install wandb --upgrade
2022-03-09 10:26:37.103187: I tensorflow/stream_executor/platform/default/dso_loader.cc:48] Successfully opened dynamic library libcudart.so.10.1
wandb: Tracking run with wandb version 0.12.5
wandb: Syncing run balmy-water-1
wandb:  View project at https://wandb.ai/yinanazhou/xl_512_bs_8_lr_1e06_es_5_lc_False_nr_True_sr_True_stem_False_lemma_False_repeat_4_fold_1
wandb:  View run at https://wandb.ai/yinanazhou/xl_512_bs_8_lr_1e06_es_5_lc_False_nr_True_sr_True_stem_False_lemma_False_repeat_4_fold_1/runs/2n25pa7i
wandb: Run data is saved locally in /project/6002780/yinan/Thesis_MER_Lyrics/lyric-emotion/wandb/run-20220309_102634-2n25pa7i
wandb: Run `wandb offline` to turn off syncing.

Validation loss decreased (inf --> 1.396373).  Saving model ...
Validation loss decreased (1.396373 --> 1.378460).  Saving model ...
Validation loss decreased (1.378460 --> 1.356573).  Saving model ...
Validation loss decreased (1.356573 --> 1.332519).  Saving model ...
Validation loss decreased (1.332519 --> 1.311885).  Saving model ...
Validation loss decreased (1.311885 --> 1.287720).  Saving model ...
Validation loss decreased (1.287720 --> 1.254822).  Saving model ...
Validation loss decreased (1.254822 --> 1.220840).  Saving model ...
Validation loss decreased (1.220840 --> 1.199231).  Saving model ...
Validation loss decreased (1.199231 --> 1.167022).  Saving model ...
Validation loss decreased (1.167022 --> 1.132442).  Saving model ...
Validation loss decreased (1.132442 --> 1.125956).  Saving model ...
Validation loss decreased (1.125956 --> 1.093522).  Saving model ...
Validation loss decreased (1.093522 --> 1.067241).  Saving model ...
Validation loss decreased (1.067241 --> 1.046264).  Saving model ...
Validation loss decreased (1.046264 --> 1.034782).  Saving model ...
Validation loss decreased (1.034782 --> 1.026189).  Saving model ...
Validation loss decreased (1.026189 --> 1.007233).  Saving model ...
EarlyStopping counter: 1 out of 5.0
Validation loss decreased (1.007233 --> 0.988456).  Saving model ...
EarlyStopping counter: 1 out of 5.0
Validation loss decreased (0.988456 --> 0.986464).  Saving model ...
Validation loss decreased (0.986464 --> 0.977011).  Saving model ...
EarlyStopping counter: 1 out of 5.0
Validation loss decreased (0.977011 --> 0.976661).  Saving model ...
EarlyStopping counter: 1 out of 5.0
Validation loss decreased (0.976661 --> 0.962824).  Saving model ...
EarlyStopping counter: 1 out of 5.0
EarlyStopping counter: 2 out of 5.0
EarlyStopping counter: 3 out of 5.0
EarlyStopping counter: 4 out of 5.0
EarlyStopping counter: 5 out of 5.0
/localscratch/yinan.28595278.0/env/lib/python3.7/site-packages/torch/nn/functional.py:1794: UserWarning: nn.functional.tanh is deprecated. Use torch.tanh instead.
  warnings.warn("nn.functional.tanh is deprecated. Use torch.tanh instead.")
wandb: Waiting for W&B process to finish, PID 93642... (success).
wandb: - 0.00MB of 0.00MB uploaded (0.00MB deduped)wandb: \ 0.00MB of 0.00MB uploaded (0.00MB deduped)wandb: | 0.00MB of 0.00MB uploaded (0.00MB deduped)wandb: / 0.00MB of 0.00MB uploaded (0.00MB deduped)wandb: - 0.00MB of 0.00MB uploaded (0.00MB deduped)wandb: \ 0.00MB of 0.00MB uploaded (0.00MB deduped)wandb: | 0.00MB of 0.00MB uploaded (0.00MB deduped)wandb: / 0.00MB of 0.00MB uploaded (0.00MB deduped)wandb: - 0.00MB of 0.00MB uploaded (0.00MB deduped)wandb: \ 0.00MB of 0.00MB uploaded (0.00MB deduped)wandb: | 0.00MB of 0.00MB uploaded (0.00MB deduped)wandb: / 0.00MB of 0.00MB uploaded (0.00MB deduped)wandb: - 0.00MB of 0.00MB uploaded (0.00MB deduped)wandb:                                                                                
wandb: Run history:
wandb:     e_F1 
wandb:   e_loss 
wandb:     t_F1 
wandb:   t_loss 
wandb: 
wandb: Run summary:
wandb:     e_F1 59.79901
wandb:   e_loss 0.98029
wandb:     t_F1 81.00344
wandb:   t_loss 0.5555
wandb: 
wandb: Synced 4 W&B file(s), 0 media file(s), 0 artifact file(s) and 0 other file(s)
wandb: Synced balmy-water-1: https://wandb.ai/yinanazhou/xl_512_bs_8_lr_1e06_es_5_lc_False_nr_True_sr_True_stem_False_lemma_False_repeat_4_fold_1/runs/2n25pa7i
wandb: Find logs at: ./wandb/run-20220309_102634-2n25pa7i/logs/debug.log
wandb: 

wandb: wandb version 0.12.11 is available!  To upgrade, please run:
wandb:  $ pip install wandb --upgrade
2022-03-09 10:56:34.743970: I tensorflow/stream_executor/platform/default/dso_loader.cc:48] Successfully opened dynamic library libcudart.so.10.1
wandb: Tracking run with wandb version 0.12.5
wandb: Syncing run distinctive-capybara-1
wandb:  View project at https://wandb.ai/yinanazhou/xl_512_bs_8_lr_1e06_es_5_lc_False_nr_True_sr_True_stem_False_lemma_False_repeat_4_fold_2
wandb:  View run at https://wandb.ai/yinanazhou/xl_512_bs_8_lr_1e06_es_5_lc_False_nr_True_sr_True_stem_False_lemma_False_repeat_4_fold_2/runs/10u0v0j1
wandb: Run data is saved locally in /project/6002780/yinan/Thesis_MER_Lyrics/lyric-emotion/wandb/run-20220309_105632-10u0v0j1
wandb: Run `wandb offline` to turn off syncing.

Validation loss decreased (inf --> 1.397472).  Saving model ...
Validation loss decreased (1.397472 --> 1.366926).  Saving model ...
Validation loss decreased (1.366926 --> 1.344944).  Saving model ...
Validation loss decreased (1.344944 --> 1.321510).  Saving model ...
Validation loss decreased (1.321510 --> 1.296498).  Saving model ...
Validation loss decreased (1.296498 --> 1.267476).  Saving model ...
Validation loss decreased (1.267476 --> 1.236543).  Saving model ...
Validation loss decreased (1.236543 --> 1.211739).  Saving model ...
Validation loss decreased (1.211739 --> 1.175031).  Saving model ...
Validation loss decreased (1.175031 --> 1.132703).  Saving model ...
Validation loss decreased (1.132703 --> 1.109533).  Saving model ...
Validation loss decreased (1.109533 --> 1.081138).  Saving model ...
Validation loss decreased (1.081138 --> 1.055841).  Saving model ...
Validation loss decreased (1.055841 --> 1.028506).  Saving model ...
Validation loss decreased (1.028506 --> 1.019426).  Saving model ...
Validation loss decreased (1.019426 --> 1.000684).  Saving model ...
Validation loss decreased (1.000684 --> 0.985394).  Saving model ...
Validation loss decreased (0.985394 --> 0.979713).  Saving model ...
EarlyStopping counter: 1 out of 5.0
EarlyStopping counter: 2 out of 5.0
Validation loss decreased (0.979713 --> 0.975665).  Saving model ...
Validation loss decreased (0.975665 --> 0.971735).  Saving model ...
EarlyStopping counter: 1 out of 5.0
EarlyStopping counter: 2 out of 5.0
EarlyStopping counter: 3 out of 5.0
EarlyStopping counter: 4 out of 5.0
EarlyStopping counter: 5 out of 5.0
/localscratch/yinan.28595278.0/env/lib/python3.7/site-packages/torch/nn/functional.py:1794: UserWarning: nn.functional.tanh is deprecated. Use torch.tanh instead.
  warnings.warn("nn.functional.tanh is deprecated. Use torch.tanh instead.")
wandb: Waiting for W&B process to finish, PID 95265... (success).
wandb: - 0.00MB of 0.00MB uploaded (0.00MB deduped)wandb: \ 0.00MB of 0.00MB uploaded (0.00MB deduped)wandb: | 0.00MB of 0.00MB uploaded (0.00MB deduped)wandb: / 0.00MB of 0.00MB uploaded (0.00MB deduped)wandb: - 0.00MB of 0.00MB uploaded (0.00MB deduped)wandb: \ 0.00MB of 0.00MB uploaded (0.00MB deduped)wandb: | 0.00MB of 0.00MB uploaded (0.00MB deduped)wandb: / 0.00MB of 0.00MB uploaded (0.00MB deduped)wandb: - 0.00MB of 0.00MB uploaded (0.00MB deduped)wandb: \ 0.00MB of 0.00MB uploaded (0.00MB deduped)wandb: | 0.00MB of 0.00MB uploaded (0.00MB deduped)wandb: / 0.00MB of 0.00MB uploaded (0.00MB deduped)wandb: - 0.00MB of 0.00MB uploaded (0.00MB deduped)wandb:                                                                                
wandb: Run history:
wandb:     e_F1 
wandb:   e_loss 
wandb:     t_F1 
wandb:   t_loss 
wandb: 
wandb: Run summary:
wandb:     e_F1 61.09659
wandb:   e_loss 0.99597
wandb:     t_F1 81.72516
wandb:   t_loss 0.57087
wandb: 
wandb: Synced 4 W&B file(s), 0 media file(s), 0 artifact file(s) and 0 other file(s)
wandb: Synced distinctive-capybara-1: https://wandb.ai/yinanazhou/xl_512_bs_8_lr_1e06_es_5_lc_False_nr_True_sr_True_stem_False_lemma_False_repeat_4_fold_2/runs/10u0v0j1
wandb: Find logs at: ./wandb/run-20220309_105632-10u0v0j1/logs/debug.log
wandb: 

wandb: wandb version 0.12.11 is available!  To upgrade, please run:
wandb:  $ pip install wandb --upgrade
2022-03-09 11:21:52.596232: I tensorflow/stream_executor/platform/default/dso_loader.cc:48] Successfully opened dynamic library libcudart.so.10.1
wandb: Tracking run with wandb version 0.12.5
wandb: Syncing run young-cloud-1
wandb:  View project at https://wandb.ai/yinanazhou/xl_512_bs_8_lr_1e06_es_5_lc_False_nr_True_sr_True_stem_False_lemma_False_repeat_5_fold_1
wandb:  View run at https://wandb.ai/yinanazhou/xl_512_bs_8_lr_1e06_es_5_lc_False_nr_True_sr_True_stem_False_lemma_False_repeat_5_fold_1/runs/3qjx2x8k
wandb: Run data is saved locally in /project/6002780/yinan/Thesis_MER_Lyrics/lyric-emotion/wandb/run-20220309_112149-3qjx2x8k
wandb: Run `wandb offline` to turn off syncing.

Validation loss decreased (inf --> 1.396420).  Saving model ...
Validation loss decreased (1.396420 --> 1.373841).  Saving model ...
Validation loss decreased (1.373841 --> 1.345309).  Saving model ...
Validation loss decreased (1.345309 --> 1.318266).  Saving model ...
Validation loss decreased (1.318266 --> 1.289324).  Saving model ...
Validation loss decreased (1.289324 --> 1.253654).  Saving model ...
Validation loss decreased (1.253654 --> 1.206695).  Saving model ...
Validation loss decreased (1.206695 --> 1.168624).  Saving model ...
Validation loss decreased (1.168624 --> 1.136396).  Saving model ...
Validation loss decreased (1.136396 --> 1.090487).  Saving model ...
Validation loss decreased (1.090487 --> 1.071048).  Saving model ...
Validation loss decreased (1.071048 --> 1.051623).  Saving model ...
Validation loss decreased (1.051623 --> 1.023200).  Saving model ...
Validation loss decreased (1.023200 --> 1.005346).  Saving model ...
Validation loss decreased (1.005346 --> 0.982179).  Saving model ...
Validation loss decreased (0.982179 --> 0.964484).  Saving model ...
Validation loss decreased (0.964484 --> 0.954066).  Saving model ...
Validation loss decreased (0.954066 --> 0.939490).  Saving model ...
Validation loss decreased (0.939490 --> 0.929114).  Saving model ...
Validation loss decreased (0.929114 --> 0.923972).  Saving model ...
Validation loss decreased (0.923972 --> 0.919061).  Saving model ...
Validation loss decreased (0.919061 --> 0.914824).  Saving model ...
Validation loss decreased (0.914824 --> 0.914721).  Saving model ...
Validation loss decreased (0.914721 --> 0.911503).  Saving model ...
EarlyStopping counter: 1 out of 5.0
EarlyStopping counter: 2 out of 5.0
EarlyStopping counter: 3 out of 5.0
EarlyStopping counter: 4 out of 5.0
EarlyStopping counter: 5 out of 5.0
/localscratch/yinan.28595278.0/env/lib/python3.7/site-packages/torch/nn/functional.py:1794: UserWarning: nn.functional.tanh is deprecated. Use torch.tanh instead.
  warnings.warn("nn.functional.tanh is deprecated. Use torch.tanh instead.")
wandb: Waiting for W&B process to finish, PID 96656... (success).
wandb: - 0.00MB of 0.00MB uploaded (0.00MB deduped)wandb: \ 0.00MB of 0.00MB uploaded (0.00MB deduped)wandb: | 0.00MB of 0.00MB uploaded (0.00MB deduped)wandb: / 0.00MB of 0.00MB uploaded (0.00MB deduped)wandb: - 0.00MB of 0.00MB uploaded (0.00MB deduped)wandb: \ 0.00MB of 0.00MB uploaded (0.00MB deduped)wandb: | 0.00MB of 0.00MB uploaded (0.00MB deduped)wandb: / 0.00MB of 0.00MB uploaded (0.00MB deduped)wandb: - 0.00MB of 0.00MB uploaded (0.00MB deduped)wandb: \ 0.00MB of 0.00MB uploaded (0.00MB deduped)wandb: | 0.00MB of 0.00MB uploaded (0.00MB deduped)wandb: / 0.00MB of 0.00MB uploaded (0.00MB deduped)wandb:                                                                                
wandb: Run history:
wandb:     e_F1 
wandb:   e_loss 
wandb:     t_F1 
wandb:   t_loss 
wandb: 
wandb: Run summary:
wandb:     e_F1 61.62761
wandb:   e_loss 0.93152
wandb:     t_F1 83.54419
wandb:   t_loss 0.51545
wandb: 
wandb: Synced 4 W&B file(s), 0 media file(s), 0 artifact file(s) and 0 other file(s)
wandb: Synced young-cloud-1: https://wandb.ai/yinanazhou/xl_512_bs_8_lr_1e06_es_5_lc_False_nr_True_sr_True_stem_False_lemma_False_repeat_5_fold_1/runs/3qjx2x8k
wandb: Find logs at: ./wandb/run-20220309_112149-3qjx2x8k/logs/debug.log
wandb: 

wandb: wandb version 0.12.11 is available!  To upgrade, please run:
wandb:  $ pip install wandb --upgrade
2022-03-09 11:48:59.292490: I tensorflow/stream_executor/platform/default/dso_loader.cc:48] Successfully opened dynamic library libcudart.so.10.1
wandb: Tracking run with wandb version 0.12.5
wandb: Syncing run stilted-water-1
wandb:  View project at https://wandb.ai/yinanazhou/xl_512_bs_8_lr_1e06_es_5_lc_False_nr_True_sr_True_stem_False_lemma_False_repeat_5_fold_2
wandb:  View run at https://wandb.ai/yinanazhou/xl_512_bs_8_lr_1e06_es_5_lc_False_nr_True_sr_True_stem_False_lemma_False_repeat_5_fold_2/runs/mhnxi8hh
wandb: Run data is saved locally in /project/6002780/yinan/Thesis_MER_Lyrics/lyric-emotion/wandb/run-20220309_114856-mhnxi8hh
wandb: Run `wandb offline` to turn off syncing.

Validation loss decreased (inf --> 1.382823).  Saving model ...
Validation loss decreased (1.382823 --> 1.347773).  Saving model ...
Validation loss decreased (1.347773 --> 1.319338).  Saving model ...
Validation loss decreased (1.319338 --> 1.289605).  Saving model ...
Validation loss decreased (1.289605 --> 1.261462).  Saving model ...
Validation loss decreased (1.261462 --> 1.236396).  Saving model ...
Validation loss decreased (1.236396 --> 1.194756).  Saving model ...
Validation loss decreased (1.194756 --> 1.160223).  Saving model ...
Validation loss decreased (1.160223 --> 1.136233).  Saving model ...
Validation loss decreased (1.136233 --> 1.094680).  Saving model ...
Validation loss decreased (1.094680 --> 1.064260).  Saving model ...
Validation loss decreased (1.064260 --> 1.043403).  Saving model ...
Validation loss decreased (1.043403 --> 1.009285).  Saving model ...
Validation loss decreased (1.009285 --> 0.992721).  Saving model ...
Validation loss decreased (0.992721 --> 0.972367).  Saving model ...
Validation loss decreased (0.972367 --> 0.957791).  Saving model ...
Validation loss decreased (0.957791 --> 0.952689).  Saving model ...
Validation loss decreased (0.952689 --> 0.933157).  Saving model ...
Validation loss decreased (0.933157 --> 0.921558).  Saving model ...
Validation loss decreased (0.921558 --> 0.918932).  Saving model ...
EarlyStopping counter: 1 out of 5.0
Validation loss decreased (0.918932 --> 0.906761).  Saving model ...
Validation loss decreased (0.906761 --> 0.903778).  Saving model ...
EarlyStopping counter: 1 out of 5.0
EarlyStopping counter: 2 out of 5.0
EarlyStopping counter: 3 out of 5.0
EarlyStopping counter: 4 out of 5.0
EarlyStopping counter: 5 out of 5.0
/localscratch/yinan.28595278.0/env/lib/python3.7/site-packages/torch/nn/functional.py:1794: UserWarning: nn.functional.tanh is deprecated. Use torch.tanh instead.
  warnings.warn("nn.functional.tanh is deprecated. Use torch.tanh instead.")
wandb: Waiting for W&B process to finish, PID 98151... (success).
wandb: - 0.00MB of 0.00MB uploaded (0.00MB deduped)wandb: \ 0.00MB of 0.00MB uploaded (0.00MB deduped)wandb: | 0.00MB of 0.00MB uploaded (0.00MB deduped)wandb: / 0.00MB of 0.00MB uploaded (0.00MB deduped)wandb: - 0.00MB of 0.00MB uploaded (0.00MB deduped)wandb: \ 0.00MB of 0.00MB uploaded (0.00MB deduped)wandb: | 0.00MB of 0.00MB uploaded (0.00MB deduped)wandb: / 0.00MB of 0.00MB uploaded (0.00MB deduped)wandb: - 0.00MB of 0.00MB uploaded (0.00MB deduped)wandb: \ 0.00MB of 0.00MB uploaded (0.00MB deduped)wandb: | 0.00MB of 0.00MB uploaded (0.00MB deduped)wandb: / 0.00MB of 0.00MB uploaded (0.00MB deduped)wandb: - 0.00MB of 0.00MB uploaded (0.00MB deduped)wandb:                                                                                
wandb: Run history:
wandb:     e_F1 
wandb:   e_loss 
wandb:     t_F1 
wandb:   t_loss 
wandb: 
wandb: Run summary:
wandb:     e_F1 61.94463
wandb:   e_loss 0.92573
wandb:     t_F1 81.28172
wandb:   t_loss 0.59255
wandb: 
wandb: Synced 4 W&B file(s), 0 media file(s), 0 artifact file(s) and 0 other file(s)
wandb: Synced stilted-water-1: https://wandb.ai/yinanazhou/xl_512_bs_8_lr_1e06_es_5_lc_False_nr_True_sr_True_stem_False_lemma_False_repeat_5_fold_2/runs/mhnxi8hh
wandb: Find logs at: ./wandb/run-20220309_114856-mhnxi8hh/logs/debug.log
wandb: 

=======
=======
>>>>>>> deeb402b1d9359b1981ff022def33eacd88cafbb
=======
>>>>>>> deeb402b1d9359b1981ff022def33eacd88cafbb
usage: xlnet_cv.py [-h] [--lr LR] [--epochs EPOCHS] [--ml ML] [--bs BS]
                   [--es ES] [--adaptive ADAPTIVE] [--lc LC] [--nr NR]
                   [--stop STOP] [--stem STEM] [--lemma LEMMA]
xlnet_cv.py: error: unrecognized arguments: --sr True
<<<<<<< HEAD
<<<<<<< HEAD
>>>>>>> deeb402b1d9359b1981ff022def33eacd88cafbb
=======
>>>>>>> deeb402b1d9359b1981ff022def33eacd88cafbb
=======
>>>>>>> deeb402b1d9359b1981ff022def33eacd88cafbb
