Unloading StdEnv/2020

Due to MODULEPATH changes, the following have been reloaded:
  1) mii/1.1.1


The following have been reloaded with a version change:
  1) python/3.8.2 => python/3.7.4

Using base prefix '/cvmfs/soft.computecanada.ca/easybuild/software/2017/Core/python/3.7.4'
New python executable in /localscratch/yinan.28698763.0/env/bin/python
Installing setuptools, pip, wheel...
done.
Ignoring pip: markers 'python_version < "3"' don't match your environment
Looking in links: /cvmfs/soft.computecanada.ca/custom/python/wheelhouse/nix/avx2, /cvmfs/soft.computecanada.ca/custom/python/wheelhouse/nix/generic, /cvmfs/soft.computecanada.ca/custom/python/wheelhouse/generic
Collecting pip
Installing collected packages: pip
  Found existing installation: pip 19.1.1
    Uninstalling pip-19.1.1:
      Successfully uninstalled pip-19.1.1
Successfully installed pip-21.2.3+computecanada
Looking in links: /cvmfs/soft.computecanada.ca/custom/python/wheelhouse/nix/avx2, /cvmfs/soft.computecanada.ca/custom/python/wheelhouse/nix/generic, /cvmfs/soft.computecanada.ca/custom/python/wheelhouse/generic
Processing /cvmfs/soft.computecanada.ca/custom/python/wheelhouse/generic/keras-2.8.0+computecanada-py2.py3-none-any.whl
Processing /cvmfs/soft.computecanada.ca/custom/python/wheelhouse/generic/Keras_Preprocessing-1.1.2+computecanada-py3-none-any.whl
Requirement already satisfied: matplotlib in /cvmfs/soft.computecanada.ca/easybuild/software/2017/Core/scipy-stack/2019a/lib/python3.7/site-packages (from -r requirements.txt (line 3)) (3.0.2)
Processing /cvmfs/soft.computecanada.ca/custom/python/wheelhouse/generic/nltk-3.6.5+computecanada-py3-none-any.whl
Processing /cvmfs/soft.computecanada.ca/custom/python/wheelhouse/generic/scikit_learn-0.22.1+computecanada-cp37-cp37m-linux_x86_64.whl
Processing /cvmfs/soft.computecanada.ca/custom/python/wheelhouse/generic/tensorboard-2.3.0+computecanada-py3-none-any.whl
Processing /cvmfs/soft.computecanada.ca/custom/python/wheelhouse/generic/tensorboard_plugin_wit-1.7.0+computecanada-py3-none-any.whl
Processing /cvmfs/soft.computecanada.ca/custom/python/wheelhouse/generic/tensorflow_gpu-2.3.0+computecanada-cp37-cp37m-linux_x86_64.whl
Processing /cvmfs/soft.computecanada.ca/custom/python/wheelhouse/generic/tensorflow_estimator-2.3.0+computecanada-py2.py3-none-any.whl
Processing /cvmfs/soft.computecanada.ca/custom/python/wheelhouse/generic/tokenizers-0.5.2+computecanada-cp37-cp37m-linux_x86_64.whl
Processing /cvmfs/soft.computecanada.ca/custom/python/wheelhouse/nix/avx2/torch-1.4.0+computecanada-cp37-cp37m-linux_x86_64.whl
Processing /cvmfs/soft.computecanada.ca/custom/python/wheelhouse/generic/torchtext-0.6.0+computecanada-py3-none-any.whl
Processing /cvmfs/soft.computecanada.ca/custom/python/wheelhouse/generic/torchvision-0.8.2+computecanada-cp37-cp37m-linux_x86_64.whl
Processing /cvmfs/soft.computecanada.ca/custom/python/wheelhouse/generic/transformers-2.5.1+computecanada-py3-none-any.whl
Processing /cvmfs/soft.computecanada.ca/custom/python/wheelhouse/generic/urllib3-1.26.7+computecanada-py2.py3-none-any.whl
Processing /cvmfs/soft.computecanada.ca/custom/python/wheelhouse/generic/click-8.0.3+computecanada-py3-none-any.whl
Processing /cvmfs/soft.computecanada.ca/custom/python/wheelhouse/generic/joblib-1.1.0+computecanada-py2.py3-none-any.whl
ERROR: Could not find a version that satisfies the requirement regex>=2021.8.3 (from nltk) (from versions: 2018.1.10+computecanada, 2019.11.1+computecanada, 2020.11.13+computecanada)
ERROR: No matching distribution found for regex>=2021.8.3
Looking in links: /cvmfs/soft.computecanada.ca/custom/python/wheelhouse/nix/avx2, /cvmfs/soft.computecanada.ca/custom/python/wheelhouse/nix/generic, /cvmfs/soft.computecanada.ca/custom/python/wheelhouse/generic
ERROR: Could not find a version that satisfies the requirement numpy==1.20.0+computacanada (from versions: 1.15.0+computecanada, 1.15.2+computecanada, 1.15.4+computecanada, 1.16.0+computecanada, 1.16.2+computecanada, 1.16.3+computecanada, 1.17.4+computecanada, 1.18.1+computecanada, 1.18.4+computecanada, 1.19.1+computecanada, 1.19.2+computecanada, 1.20.2+computecanada)
ERROR: No matching distribution found for numpy==1.20.0+computacanada
Looking in links: /cvmfs/soft.computecanada.ca/custom/python/wheelhouse/nix/avx2, /cvmfs/soft.computecanada.ca/custom/python/wheelhouse/nix/generic, /cvmfs/soft.computecanada.ca/custom/python/wheelhouse/generic
Processing /cvmfs/soft.computecanada.ca/custom/python/wheelhouse/generic/wandb-0.12.5+computecanada-py2.py3-none-any.whl
Processing /cvmfs/soft.computecanada.ca/custom/python/wheelhouse/generic/GitPython-3.1.24+computecanada-py3-none-any.whl
Processing /cvmfs/soft.computecanada.ca/custom/python/wheelhouse/generic/PyYAML-5.3.1+computecanada-cp37-cp37m-linux_x86_64.whl
Processing /cvmfs/soft.computecanada.ca/custom/python/wheelhouse/generic/psutil-5.7.3+computecanada-cp37-cp37m-linux_x86_64.whl
Processing /cvmfs/soft.computecanada.ca/custom/python/wheelhouse/generic/subprocess32-3.5.4+computecanada-py3-none-any.whl
Processing /cvmfs/soft.computecanada.ca/custom/python/wheelhouse/generic/click-8.0.3+computecanada-py3-none-any.whl
Processing /cvmfs/soft.computecanada.ca/custom/python/wheelhouse/generic/protobuf-3.19.4+computecanada-py2.py3-none-any.whl
Processing /cvmfs/soft.computecanada.ca/custom/python/wheelhouse/generic/pathtools-0.1.2+computecanada-py3-none-any.whl
Processing /cvmfs/soft.computecanada.ca/custom/python/wheelhouse/generic/promise-2.3+computecanada-py3-none-any.whl
Processing /cvmfs/soft.computecanada.ca/custom/python/wheelhouse/generic/yaspin-2.1.0+computecanada-py3-none-any.whl
Processing /cvmfs/soft.computecanada.ca/custom/python/wheelhouse/generic/sentry_sdk-1.5.0+computecanada-py2.py3-none-any.whl
Processing /cvmfs/soft.computecanada.ca/custom/python/wheelhouse/generic/configparser-5.0.2+computecanada-py3-none-any.whl
Requirement already satisfied: requests<3,>=2.0.0 in /cvmfs/soft.computecanada.ca/easybuild/software/2017/Core/scipy-stack/2019a/lib/python3.7/site-packages (from wandb) (2.21.0)
Processing /cvmfs/soft.computecanada.ca/custom/python/wheelhouse/generic/docker_pycreds-0.4.0+computecanada-py2.py3-none-any.whl
Processing /cvmfs/soft.computecanada.ca/custom/python/wheelhouse/generic/six-1.16.0+computecanada-py2.py3-none-any.whl
Processing /cvmfs/soft.computecanada.ca/custom/python/wheelhouse/generic/shortuuid-1.0.1+computecanada-py3-none-any.whl
Requirement already satisfied: python-dateutil>=2.6.1 in /cvmfs/soft.computecanada.ca/easybuild/software/2017/Core/scipy-stack/2019a/lib/python3.7/site-packages (from wandb) (2.7.5)
Requirement already satisfied: importlib-metadata in /cvmfs/soft.computecanada.ca/easybuild/software/2017/Core/scipy-stack/2019a/lib/python3.7/site-packages (from Click!=8.0.0,>=7.0->wandb) (0.8)
Processing /cvmfs/soft.computecanada.ca/custom/python/wheelhouse/generic/gitdb-4.0.9+computecanada-py3-none-any.whl
Processing /cvmfs/soft.computecanada.ca/custom/python/wheelhouse/generic/typing_extensions-4.0.1+computecanada-py3-none-any.whl
Processing /cvmfs/soft.computecanada.ca/custom/python/wheelhouse/generic/smmap-5.0.0+computecanada-py3-none-any.whl
Requirement already satisfied: certifi>=2017.4.17 in /cvmfs/soft.computecanada.ca/easybuild/software/2017/Core/scipy-stack/2019a/lib/python3.7/site-packages (from requests<3,>=2.0.0->wandb) (2018.11.29)
Requirement already satisfied: urllib3<1.25,>=1.21.1 in /cvmfs/soft.computecanada.ca/easybuild/software/2017/Core/scipy-stack/2019a/lib/python3.7/site-packages (from requests<3,>=2.0.0->wandb) (1.24.1)
Requirement already satisfied: idna<2.9,>=2.5 in /cvmfs/soft.computecanada.ca/easybuild/software/2017/Core/scipy-stack/2019a/lib/python3.7/site-packages (from requests<3,>=2.0.0->wandb) (2.8)
Requirement already satisfied: chardet<3.1.0,>=3.0.2 in /cvmfs/soft.computecanada.ca/easybuild/software/2017/Core/scipy-stack/2019a/lib/python3.7/site-packages (from requests<3,>=2.0.0->wandb) (3.0.4)
Processing /cvmfs/soft.computecanada.ca/custom/python/wheelhouse/generic/termcolor-1.1.0+computecanada-py3-none-any.whl
Requirement already satisfied: zipp>=0.3.2 in /cvmfs/soft.computecanada.ca/easybuild/software/2017/Core/scipy-stack/2019a/lib/python3.7/site-packages (from importlib-metadata->Click!=8.0.0,>=7.0->wandb) (0.3.3)
Installing collected packages: smmap, typing-extensions, termcolor, six, gitdb, yaspin, subprocess32, shortuuid, sentry-sdk, PyYAML, psutil, protobuf, promise, pathtools, GitPython, docker-pycreds, configparser, Click, wandb
  Attempting uninstall: six
    Found existing installation: six 1.12.0
    Not uninstalling six at /cvmfs/soft.computecanada.ca/easybuild/software/2017/Core/scipy-stack/2019a/lib/python3.7/site-packages, outside environment /localscratch/yinan.28698763.0/env
    Can't uninstall 'six'. No files were found to uninstall.
Successfully installed Click-8.0.3+computecanada GitPython-3.1.24+computecanada PyYAML-5.3.1+computecanada configparser-5.0.2+computecanada docker-pycreds-0.4.0+computecanada gitdb-4.0.9+computecanada pathtools-0.1.2+computecanada promise-2.3+computecanada protobuf-3.19.4+computecanada psutil-5.7.3+computecanada sentry-sdk-1.5.0+computecanada shortuuid-1.0.1+computecanada six-1.16.0+computecanada smmap-5.0.0+computecanada subprocess32-3.5.4+computecanada termcolor-1.1.0+computecanada typing-extensions-4.0.1+computecanada wandb-0.12.5+computecanada yaspin-2.1.0+computecanada
Looking in links: /cvmfs/soft.computecanada.ca/custom/python/wheelhouse/nix/avx2, /cvmfs/soft.computecanada.ca/custom/python/wheelhouse/nix/generic, /cvmfs/soft.computecanada.ca/custom/python/wheelhouse/generic
ERROR: Could not find a version that satisfies the requirement sagemaker (from versions: none)
ERROR: No matching distribution found for sagemaker
Looking in links: /cvmfs/soft.computecanada.ca/custom/python/wheelhouse/nix/avx2, /cvmfs/soft.computecanada.ca/custom/python/wheelhouse/nix/generic, /cvmfs/soft.computecanada.ca/custom/python/wheelhouse/generic
Processing /cvmfs/soft.computecanada.ca/custom/python/wheelhouse/generic/torch-1.9.1+computecanada-cp37-cp37m-linux_x86_64.whl
Requirement already satisfied: typing-extensions in /localscratch/yinan.28698763.0/env/lib/python3.7/site-packages (from torch) (4.0.1+computecanada)
Installing collected packages: torch
Successfully installed torch-1.9.1+computecanada
Looking in links: /cvmfs/soft.computecanada.ca/custom/python/wheelhouse/nix/avx2, /cvmfs/soft.computecanada.ca/custom/python/wheelhouse/nix/generic, /cvmfs/soft.computecanada.ca/custom/python/wheelhouse/generic
Processing /cvmfs/soft.computecanada.ca/custom/python/wheelhouse/generic/transformers-2.5.1+computecanada-py3-none-any.whl
Processing /cvmfs/soft.computecanada.ca/custom/python/wheelhouse/generic/sacremoses-0.0.46+computecanada-py3-none-any.whl
Processing /cvmfs/soft.computecanada.ca/custom/python/wheelhouse/generic/regex-2020.11.13+computecanada-cp37-cp37m-linux_x86_64.whl
Requirement already satisfied: requests in /cvmfs/soft.computecanada.ca/easybuild/software/2017/Core/scipy-stack/2019a/lib/python3.7/site-packages (from transformers==2.5.1+computecanada) (2.21.0)
Requirement already satisfied: numpy in /cvmfs/soft.computecanada.ca/easybuild/software/2017/Core/scipy-stack/2019a/lib/python3.7/site-packages (from transformers==2.5.1+computecanada) (1.16.0)
Processing /cvmfs/soft.computecanada.ca/custom/python/wheelhouse/generic/filelock-3.4.2+computecanada-py3-none-any.whl
Processing /cvmfs/soft.computecanada.ca/custom/python/wheelhouse/generic/sentencepiece-0.1.91+computecanada-cp37-cp37m-linux_x86_64.whl
Processing /cvmfs/soft.computecanada.ca/custom/python/wheelhouse/generic/tqdm-4.63.0+computecanada-py2.py3-none-any.whl
Processing /cvmfs/soft.computecanada.ca/custom/python/wheelhouse/generic/tokenizers-0.5.2+computecanada-cp37-cp37m-linux_x86_64.whl
Processing /cvmfs/soft.computecanada.ca/custom/python/wheelhouse/generic/boto3-1.20.52+computecanada-py3-none-any.whl
Processing /cvmfs/soft.computecanada.ca/custom/python/wheelhouse/generic/s3transfer-0.5.1+computecanada-py3-none-any.whl
Processing /cvmfs/soft.computecanada.ca/custom/python/wheelhouse/generic/jmespath-0.10.0+computecanada-py2.py3-none-any.whl
Processing /cvmfs/soft.computecanada.ca/custom/python/wheelhouse/generic/botocore-1.23.52+computecanada-py3-none-any.whl
Processing /cvmfs/soft.computecanada.ca/custom/python/wheelhouse/generic/urllib3-1.26.8+computecanada-py2.py3-none-any.whl
Requirement already satisfied: python-dateutil<3.0.0,>=2.1 in /cvmfs/soft.computecanada.ca/easybuild/software/2017/Core/scipy-stack/2019a/lib/python3.7/site-packages (from botocore<1.24.0,>=1.23.52->boto3->transformers==2.5.1+computecanada) (2.7.5)
Requirement already satisfied: six>=1.5 in /localscratch/yinan.28698763.0/env/lib/python3.7/site-packages (from python-dateutil<3.0.0,>=2.1->botocore<1.24.0,>=1.23.52->boto3->transformers==2.5.1+computecanada) (1.16.0+computecanada)
Requirement already satisfied: chardet<3.1.0,>=3.0.2 in /cvmfs/soft.computecanada.ca/easybuild/software/2017/Core/scipy-stack/2019a/lib/python3.7/site-packages (from requests->transformers==2.5.1+computecanada) (3.0.4)
Requirement already satisfied: idna<2.9,>=2.5 in /cvmfs/soft.computecanada.ca/easybuild/software/2017/Core/scipy-stack/2019a/lib/python3.7/site-packages (from requests->transformers==2.5.1+computecanada) (2.8)
Requirement already satisfied: certifi>=2017.4.17 in /cvmfs/soft.computecanada.ca/easybuild/software/2017/Core/scipy-stack/2019a/lib/python3.7/site-packages (from requests->transformers==2.5.1+computecanada) (2018.11.29)
Processing /cvmfs/soft.computecanada.ca/custom/python/wheelhouse/generic/requests-2.27.1+computecanada-py2.py3-none-any.whl
Processing /cvmfs/soft.computecanada.ca/custom/python/wheelhouse/generic/charset_normalizer-2.0.11+computecanada-py3-none-any.whl
Processing /cvmfs/soft.computecanada.ca/custom/python/wheelhouse/generic/joblib-1.1.0+computecanada-py2.py3-none-any.whl
Requirement already satisfied: click in /localscratch/yinan.28698763.0/env/lib/python3.7/site-packages (from sacremoses->transformers==2.5.1+computecanada) (8.0.3+computecanada)
Requirement already satisfied: importlib-metadata in /cvmfs/soft.computecanada.ca/easybuild/software/2017/Core/scipy-stack/2019a/lib/python3.7/site-packages (from click->sacremoses->transformers==2.5.1+computecanada) (0.8)
Requirement already satisfied: zipp>=0.3.2 in /cvmfs/soft.computecanada.ca/easybuild/software/2017/Core/scipy-stack/2019a/lib/python3.7/site-packages (from importlib-metadata->click->sacremoses->transformers==2.5.1+computecanada) (0.3.3)
Installing collected packages: urllib3, jmespath, botocore, tqdm, s3transfer, regex, joblib, charset-normalizer, tokenizers, sentencepiece, sacremoses, requests, filelock, boto3, transformers
  Attempting uninstall: urllib3
    Found existing installation: urllib3 1.24.1
    Not uninstalling urllib3 at /cvmfs/soft.computecanada.ca/easybuild/software/2017/Core/scipy-stack/2019a/lib/python3.7/site-packages, outside environment /localscratch/yinan.28698763.0/env
    Can't uninstall 'urllib3'. No files were found to uninstall.
  Attempting uninstall: requests
    Found existing installation: requests 2.21.0
    Not uninstalling requests at /cvmfs/soft.computecanada.ca/easybuild/software/2017/Core/scipy-stack/2019a/lib/python3.7/site-packages, outside environment /localscratch/yinan.28698763.0/env
    Can't uninstall 'requests'. No files were found to uninstall.
Successfully installed boto3-1.20.52+computecanada botocore-1.23.52+computecanada charset-normalizer-2.0.11+computecanada filelock-3.4.2+computecanada jmespath-0.10.0+computecanada joblib-1.1.0+computecanada regex-2020.11.13+computecanada requests-2.27.1+computecanada s3transfer-0.5.1+computecanada sacremoses-0.0.46+computecanada sentencepiece-0.1.91+computecanada tokenizers-0.5.2+computecanada tqdm-4.63.0+computecanada transformers-2.5.1+computecanada urllib3-1.26.8+computecanada
Looking in links: /cvmfs/soft.computecanada.ca/custom/python/wheelhouse/nix/avx2, /cvmfs/soft.computecanada.ca/custom/python/wheelhouse/nix/generic, /cvmfs/soft.computecanada.ca/custom/python/wheelhouse/generic
Processing /cvmfs/soft.computecanada.ca/custom/python/wheelhouse/generic/tensorflow_gpu-2.3.0+computecanada-cp37-cp37m-linux_x86_64.whl
Processing /cvmfs/soft.computecanada.ca/custom/python/wheelhouse/generic/Keras_Preprocessing-1.1.2+computecanada-py3-none-any.whl
Requirement already satisfied: protobuf>=3.9.2 in /localscratch/yinan.28698763.0/env/lib/python3.7/site-packages (from tensorflow_gpu==2.3.0+computecanada) (3.19.4+computecanada)
Requirement already satisfied: termcolor>=1.1.0 in /localscratch/yinan.28698763.0/env/lib/python3.7/site-packages (from tensorflow_gpu==2.3.0+computecanada) (1.1.0+computecanada)
Requirement already satisfied: six>=1.12.0 in /localscratch/yinan.28698763.0/env/lib/python3.7/site-packages (from tensorflow_gpu==2.3.0+computecanada) (1.16.0+computecanada)
Processing /cvmfs/soft.computecanada.ca/custom/python/wheelhouse/nix/avx2/h5py-2.10.0+computecanada-cp37-cp37m-linux_x86_64.whl
Processing /cvmfs/soft.computecanada.ca/custom/python/wheelhouse/generic/wrapt-1.11.2+computecanada-cp37-cp37m-linux_x86_64.whl
Processing /cvmfs/soft.computecanada.ca/custom/python/wheelhouse/generic/grpcio-1.38.0+computecanada-cp37-cp37m-linux_x86_64.whl
Processing /cvmfs/soft.computecanada.ca/custom/python/wheelhouse/generic/astunparse-1.6.3+computecanada-py2.py3-none-any.whl
Processing /cvmfs/soft.computecanada.ca/custom/python/wheelhouse/generic/gast-0.3.3+computecanada-py3-none-any.whl
Requirement already satisfied: numpy<1.19.0,>=1.16.0 in /cvmfs/soft.computecanada.ca/easybuild/software/2017/Core/scipy-stack/2019a/lib/python3.7/site-packages (from tensorflow_gpu==2.3.0+computecanada) (1.16.0)
Requirement already satisfied: wheel>=0.26 in /localscratch/yinan.28698763.0/env/lib/python3.7/site-packages (from tensorflow_gpu==2.3.0+computecanada) (0.33.4)
Processing /cvmfs/soft.computecanada.ca/custom/python/wheelhouse/generic/tensorflow_estimator-2.3.0+computecanada-py2.py3-none-any.whl
Processing /cvmfs/soft.computecanada.ca/custom/python/wheelhouse/generic/google_pasta-0.2.0+computecanada-py3-none-any.whl
Processing /cvmfs/soft.computecanada.ca/custom/python/wheelhouse/nix/generic/scipy-1.4.1+computecanada-cp37-cp37m-linux_x86_64.whl
Processing /cvmfs/soft.computecanada.ca/custom/python/wheelhouse/generic/tensorboard-2.8.0+computecanada-py3-none-any.whl
Processing /cvmfs/soft.computecanada.ca/custom/python/wheelhouse/generic/opt_einsum-3.3.0+computecanada-py3-none-any.whl
Processing /cvmfs/soft.computecanada.ca/custom/python/wheelhouse/generic/absl_py-1.0.0+computecanada-py3-none-any.whl
Requirement already satisfied: setuptools>=41.0.0 in /localscratch/yinan.28698763.0/env/lib/python3.7/site-packages (from tensorboard<3,>=2.3.0->tensorflow_gpu==2.3.0+computecanada) (41.0.1)
Processing /cvmfs/soft.computecanada.ca/custom/python/wheelhouse/generic/Werkzeug-2.0.3+computecanada-py3-none-any.whl
Processing /cvmfs/soft.computecanada.ca/custom/python/wheelhouse/generic/google_auth_oauthlib-0.4.6+computecanada-py2.py3-none-any.whl
Processing /cvmfs/soft.computecanada.ca/custom/python/wheelhouse/generic/google_auth-2.3.3+computecanada-py2.py3-none-any.whl
Processing /cvmfs/soft.computecanada.ca/custom/python/wheelhouse/generic/tensorboard_data_server-0.6.1+computecanada-py3-none-linux_x86_64.whl
Processing /cvmfs/soft.computecanada.ca/custom/python/wheelhouse/generic/tensorboard_plugin_wit-1.8.0+computecanada-py3-none-any.whl
Processing /cvmfs/soft.computecanada.ca/custom/python/wheelhouse/generic/Markdown-3.3.6+computecanada-py3-none-any.whl
Requirement already satisfied: requests<3,>=2.21.0 in /localscratch/yinan.28698763.0/env/lib/python3.7/site-packages (from tensorboard<3,>=2.3.0->tensorflow_gpu==2.3.0+computecanada) (2.27.1+computecanada)
Processing /cvmfs/soft.computecanada.ca/custom/python/wheelhouse/generic/rsa-4.8+computecanada-py3-none-any.whl
Processing /cvmfs/soft.computecanada.ca/custom/python/wheelhouse/generic/pyasn1_modules-0.2.8+computecanada-py2.py3-none-any.whl
Processing /cvmfs/soft.computecanada.ca/custom/python/wheelhouse/generic/cachetools-4.2.4+computecanada-py3-none-any.whl
Processing /cvmfs/soft.computecanada.ca/custom/python/wheelhouse/generic/requests_oauthlib-1.3.0+computecanada-py2.py3-none-any.whl
Processing /cvmfs/soft.computecanada.ca/custom/python/wheelhouse/generic/importlib_metadata-4.10.1+computecanada-py3-none-any.whl
Requirement already satisfied: typing-extensions>=3.6.4 in /localscratch/yinan.28698763.0/env/lib/python3.7/site-packages (from importlib-metadata>=4.4->markdown>=2.6.8->tensorboard<3,>=2.3.0->tensorflow_gpu==2.3.0+computecanada) (4.0.1+computecanada)
Processing /cvmfs/soft.computecanada.ca/custom/python/wheelhouse/generic/zipp-3.7.0+computecanada-py3-none-any.whl
Processing /cvmfs/soft.computecanada.ca/custom/python/wheelhouse/generic/pyasn1-0.4.8+computecanada-py2.py3-none-any.whl
Requirement already satisfied: certifi>=2017.4.17 in /cvmfs/soft.computecanada.ca/easybuild/software/2017/Core/scipy-stack/2019a/lib/python3.7/site-packages (from requests<3,>=2.21.0->tensorboard<3,>=2.3.0->tensorflow_gpu==2.3.0+computecanada) (2018.11.29)
Requirement already satisfied: urllib3<1.27,>=1.21.1 in /localscratch/yinan.28698763.0/env/lib/python3.7/site-packages (from requests<3,>=2.21.0->tensorboard<3,>=2.3.0->tensorflow_gpu==2.3.0+computecanada) (1.26.8+computecanada)
Requirement already satisfied: charset-normalizer~=2.0.0 in /localscratch/yinan.28698763.0/env/lib/python3.7/site-packages (from requests<3,>=2.21.0->tensorboard<3,>=2.3.0->tensorflow_gpu==2.3.0+computecanada) (2.0.11+computecanada)
Requirement already satisfied: idna<4,>=2.5 in /cvmfs/soft.computecanada.ca/easybuild/software/2017/Core/scipy-stack/2019a/lib/python3.7/site-packages (from requests<3,>=2.21.0->tensorboard<3,>=2.3.0->tensorflow_gpu==2.3.0+computecanada) (2.8)
Processing /cvmfs/soft.computecanada.ca/custom/python/wheelhouse/generic/oauthlib-3.1.1+computecanada-py2.py3-none-any.whl
Installing collected packages: pyasn1, zipp, rsa, pyasn1-modules, oauthlib, cachetools, requests-oauthlib, importlib-metadata, google-auth, werkzeug, tensorboard-plugin-wit, tensorboard-data-server, markdown, grpcio, google-auth-oauthlib, absl-py, wrapt, tensorflow-estimator, tensorboard, scipy, opt-einsum, keras-preprocessing, h5py, google-pasta, gast, astunparse, tensorflow-gpu
  Attempting uninstall: pyasn1
    Found existing installation: pyasn1 0.4.3
    Not uninstalling pyasn1 at /cvmfs/soft.computecanada.ca/easybuild/software/2017/Core/scipy-stack/2019a/lib/python3.7/site-packages, outside environment /localscratch/yinan.28698763.0/env
    Can't uninstall 'pyasn1'. No files were found to uninstall.
  Attempting uninstall: zipp
    Found existing installation: zipp 0.3.3
    Not uninstalling zipp at /cvmfs/soft.computecanada.ca/easybuild/software/2017/Core/scipy-stack/2019a/lib/python3.7/site-packages, outside environment /localscratch/yinan.28698763.0/env
    Can't uninstall 'zipp'. No files were found to uninstall.
  Attempting uninstall: importlib-metadata
    Found existing installation: importlib-metadata 0.8
    Not uninstalling importlib-metadata at /cvmfs/soft.computecanada.ca/easybuild/software/2017/Core/scipy-stack/2019a/lib/python3.7/site-packages, outside environment /localscratch/yinan.28698763.0/env
    Can't uninstall 'importlib-metadata'. No files were found to uninstall.
  Attempting uninstall: scipy
    Found existing installation: scipy 1.2.0
    Not uninstalling scipy at /cvmfs/soft.computecanada.ca/easybuild/software/2017/Core/scipy-stack/2019a/lib/python3.7/site-packages, outside environment /localscratch/yinan.28698763.0/env
    Can't uninstall 'scipy'. No files were found to uninstall.
Successfully installed absl-py-1.0.0+computecanada astunparse-1.6.3+computecanada cachetools-4.2.4+computecanada gast-0.3.3+computecanada google-auth-2.3.3+computecanada google-auth-oauthlib-0.4.6+computecanada google-pasta-0.2.0+computecanada grpcio-1.38.0+computecanada h5py-2.10.0+computecanada importlib-metadata-4.10.1+computecanada keras-preprocessing-1.1.2+computecanada markdown-3.3.6+computecanada oauthlib-3.1.1+computecanada opt-einsum-3.3.0+computecanada pyasn1-0.4.8+computecanada pyasn1-modules-0.2.8+computecanada requests-oauthlib-1.3.0+computecanada rsa-4.8+computecanada scipy-1.4.1+computecanada tensorboard-2.8.0+computecanada tensorboard-data-server-0.6.1+computecanada tensorboard-plugin-wit-1.8.0+computecanada tensorflow-estimator-2.3.0+computecanada tensorflow-gpu-2.3.0+computecanada werkzeug-2.0.3+computecanada wrapt-1.11.2+computecanada zipp-3.7.0+computecanada
Looking in links: /cvmfs/soft.computecanada.ca/custom/python/wheelhouse/nix/avx2, /cvmfs/soft.computecanada.ca/custom/python/wheelhouse/nix/generic, /cvmfs/soft.computecanada.ca/custom/python/wheelhouse/generic
Processing /cvmfs/soft.computecanada.ca/custom/python/wheelhouse/generic/keras-2.8.0+computecanada-py2.py3-none-any.whl
Installing collected packages: Keras
Successfully installed Keras-2.8.0+computecanada
Looking in links: /cvmfs/soft.computecanada.ca/custom/python/wheelhouse/nix/avx2, /cvmfs/soft.computecanada.ca/custom/python/wheelhouse/nix/generic, /cvmfs/soft.computecanada.ca/custom/python/wheelhouse/generic
Processing /cvmfs/soft.computecanada.ca/custom/python/wheelhouse/generic/urllib3-1.26.7+computecanada-py2.py3-none-any.whl
Installing collected packages: urllib3
  Attempting uninstall: urllib3
    Found existing installation: urllib3 1.26.8+computecanada
    Uninstalling urllib3-1.26.8+computecanada:
      Successfully uninstalled urllib3-1.26.8+computecanada
Successfully installed urllib3-1.26.7+computecanada
Looking in links: /cvmfs/soft.computecanada.ca/custom/python/wheelhouse/nix/avx2, /cvmfs/soft.computecanada.ca/custom/python/wheelhouse/nix/generic, /cvmfs/soft.computecanada.ca/custom/python/wheelhouse/generic
Processing /cvmfs/soft.computecanada.ca/custom/python/wheelhouse/generic/nltk-3.7+computecanada-py3-none-any.whl
Requirement already satisfied: joblib in /localscratch/yinan.28698763.0/env/lib/python3.7/site-packages (from nltk) (1.1.0+computecanada)
Processing /cvmfs/soft.computecanada.ca/custom/python/wheelhouse/generic/nltk-3.6.5+computecanada-py3-none-any.whl
Processing /cvmfs/soft.computecanada.ca/custom/python/wheelhouse/generic/nltk-3.6.3+computecanada-py3-none-any.whl
Requirement already satisfied: regex in /localscratch/yinan.28698763.0/env/lib/python3.7/site-packages (from nltk) (2020.11.13+computecanada)
Requirement already satisfied: click in /localscratch/yinan.28698763.0/env/lib/python3.7/site-packages (from nltk) (8.0.3+computecanada)
Requirement already satisfied: tqdm in /localscratch/yinan.28698763.0/env/lib/python3.7/site-packages (from nltk) (4.63.0+computecanada)
Requirement already satisfied: importlib-metadata in /localscratch/yinan.28698763.0/env/lib/python3.7/site-packages (from click->nltk) (4.10.1+computecanada)
Requirement already satisfied: zipp>=0.5 in /localscratch/yinan.28698763.0/env/lib/python3.7/site-packages (from importlib-metadata->click->nltk) (3.7.0+computecanada)
Requirement already satisfied: typing-extensions>=3.6.4 in /localscratch/yinan.28698763.0/env/lib/python3.7/site-packages (from importlib-metadata->click->nltk) (4.0.1+computecanada)
Installing collected packages: nltk
Successfully installed nltk-3.6.3+computecanada
Looking in links: /cvmfs/soft.computecanada.ca/custom/python/wheelhouse/nix/avx2, /cvmfs/soft.computecanada.ca/custom/python/wheelhouse/nix/generic, /cvmfs/soft.computecanada.ca/custom/python/wheelhouse/generic
Processing /cvmfs/soft.computecanada.ca/custom/python/wheelhouse/generic/scikit_learn-0.22.1+computecanada-cp37-cp37m-linux_x86_64.whl
Requirement already satisfied: joblib>=0.11 in /localscratch/yinan.28698763.0/env/lib/python3.7/site-packages (from scikit-learn==0.22.1) (1.1.0+computecanada)
Requirement already satisfied: scipy>=0.17.0 in /localscratch/yinan.28698763.0/env/lib/python3.7/site-packages (from scikit-learn==0.22.1) (1.4.1+computecanada)
Requirement already satisfied: numpy>=1.11.0 in /cvmfs/soft.computecanada.ca/easybuild/software/2017/Core/scipy-stack/2019a/lib/python3.7/site-packages (from scikit-learn==0.22.1) (1.16.0)
Installing collected packages: scikit-learn
Successfully installed scikit-learn-0.22.1+computecanada
Looking in links: /cvmfs/soft.computecanada.ca/custom/python/wheelhouse/nix/avx2, /cvmfs/soft.computecanada.ca/custom/python/wheelhouse/nix/generic, /cvmfs/soft.computecanada.ca/custom/python/wheelhouse/generic
Requirement already satisfied: tokenizers==0.5.2 in /localscratch/yinan.28698763.0/env/lib/python3.7/site-packages (0.5.2+computecanada)
wandb: Appending key for api.wandb.ai to your netrc file: /home/yinan/.netrc
Starting Task
2022-03-13 19:07:58.532729: I tensorflow/stream_executor/platform/default/dso_loader.cc:48] Successfully opened dynamic library libcudart.so.10.1
[nltk_data] Downloading package stopwords to /home/yinan/nltk_data...
[nltk_data]   Package stopwords is already up-to-date!
[nltk_data] Downloading package wordnet to /home/yinan/nltk_data...
[nltk_data]   Package wordnet is already up-to-date!
wandb: Currently logged in as: yinanazhou (use `wandb login --relogin` to force relogin)
wandb: wandb version 0.12.11 is available!  To upgrade, please run:
wandb:  $ pip install wandb --upgrade
2022-03-13 19:08:13.950940: I tensorflow/stream_executor/platform/default/dso_loader.cc:48] Successfully opened dynamic library libcudart.so.10.1
wandb: Tracking run with wandb version 0.12.5
wandb: Syncing run cheese-brownie-1
wandb: â­ï¸ View project at https://wandb.ai/yinanazhou/xl_512_bs_8_lr_1e07_es_15_lc_False_nr_False_sr_True_stem_True_lemma_False_repeat_1_fold_1
wandb: ðŸš€ View run at https://wandb.ai/yinanazhou/xl_512_bs_8_lr_1e07_es_15_lc_False_nr_False_sr_True_stem_True_lemma_False_repeat_1_fold_1/runs/50pqrzf0
wandb: Run data is saved locally in /project/6002780/yinan/Thesis_MER_Lyrics/lyric-emotion/wandb/run-20220313_190811-50pqrzf0
wandb: Run `wandb offline` to turn off syncing.

Validation loss decreased (inf --> 1.449389).  Saving model ...
Validation loss decreased (1.449389 --> 1.446866).  Saving model ...
Validation loss decreased (1.446866 --> 1.444253).  Saving model ...
Validation loss decreased (1.444253 --> 1.441724).  Saving model ...
Validation loss decreased (1.441724 --> 1.439365).  Saving model ...
Validation loss decreased (1.439365 --> 1.436947).  Saving model ...
Validation loss decreased (1.436947 --> 1.434592).  Saving model ...
Validation loss decreased (1.434592 --> 1.432505).  Saving model ...
Validation loss decreased (1.432505 --> 1.430483).  Saving model ...
Validation loss decreased (1.430483 --> 1.428289).  Saving model ...
Validation loss decreased (1.428289 --> 1.426157).  Saving model ...
Validation loss decreased (1.426157 --> 1.424247).  Saving model ...
Validation loss decreased (1.424247 --> 1.422279).  Saving model ...
Validation loss decreased (1.422279 --> 1.420366).  Saving model ...
Validation loss decreased (1.420366 --> 1.418502).  Saving model ...
Validation loss decreased (1.418502 --> 1.416670).  Saving model ...
Validation loss decreased (1.416670 --> 1.414862).  Saving model ...
Validation loss decreased (1.414862 --> 1.413040).  Saving model ...
Validation loss decreased (1.413040 --> 1.411337).  Saving model ...
Validation loss decreased (1.411337 --> 1.409731).  Saving model ...
Validation loss decreased (1.409731 --> 1.407978).  Saving model ...
Validation loss decreased (1.407978 --> 1.406372).  Saving model ...
Validation loss decreased (1.406372 --> 1.404802).  Saving model ...
Validation loss decreased (1.404802 --> 1.403372).  Saving model ...
Validation loss decreased (1.403372 --> 1.401929).  Saving model ...
Validation loss decreased (1.401929 --> 1.400494).  Saving model ...
Validation loss decreased (1.400494 --> 1.399160).  Saving model ...
Validation loss decreased (1.399160 --> 1.397770).  Saving model ...
Validation loss decreased (1.397770 --> 1.396512).  Saving model ...
Validation loss decreased (1.396512 --> 1.395240).  Saving model ...
Validation loss decreased (1.395240 --> 1.393977).  Saving model ...
Validation loss decreased (1.393977 --> 1.392681).  Saving model ...
Validation loss decreased (1.392681 --> 1.391528).  Saving model ...
Validation loss decreased (1.391528 --> 1.390344).  Saving model ...
Validation loss decreased (1.390344 --> 1.389200).  Saving model ...
Validation loss decreased (1.389200 --> 1.388042).  Saving model ...
Validation loss decreased (1.388042 --> 1.386914).  Saving model ...
Validation loss decreased (1.386914 --> 1.385900).  Saving model ...
Validation loss decreased (1.385900 --> 1.384852).  Saving model ...
Validation loss decreased (1.384852 --> 1.383817).  Saving model ...
Validation loss decreased (1.383817 --> 1.382794).  Saving model ...
Validation loss decreased (1.382794 --> 1.381791).  Saving model ...
Validation loss decreased (1.381791 --> 1.380843).  Saving model ...
Validation loss decreased (1.380843 --> 1.379925).  Saving model ...
Validation loss decreased (1.379925 --> 1.378837).  Saving model ...
Validation loss decreased (1.378837 --> 1.377929).  Saving model ...
Validation loss decreased (1.377929 --> 1.377038).  Saving model ...
Validation loss decreased (1.377038 --> 1.376146).  Saving model ...
Validation loss decreased (1.376146 --> 1.375304).  Saving model ...
Validation loss decreased (1.375304 --> 1.374409).  Saving model ...
Validation loss decreased (1.374409 --> 1.373641).  Saving model ...
Validation loss decreased (1.373641 --> 1.372863).  Saving model ...
Validation loss decreased (1.372863 --> 1.371978).  Saving model ...
Validation loss decreased (1.371978 --> 1.371079).  Saving model ...
Validation loss decreased (1.371079 --> 1.370318).  Saving model ...
Validation loss decreased (1.370318 --> 1.369543).  Saving model ...
Validation loss decreased (1.369543 --> 1.368720).  Saving model ...
Validation loss decreased (1.368720 --> 1.367930).  Saving model ...
Validation loss decreased (1.367930 --> 1.367079).  Saving model ...
Validation loss decreased (1.367079 --> 1.366394).  Saving model ...
Validation loss decreased (1.366394 --> 1.365632).  Saving model ...
Validation loss decreased (1.365632 --> 1.364893).  Saving model ...
Validation loss decreased (1.364893 --> 1.364166).  Saving model ...
Validation loss decreased (1.364166 --> 1.363438).  Saving model ...
Validation loss decreased (1.363438 --> 1.362767).  Saving model ...
Validation loss decreased (1.362767 --> 1.362038).  Saving model ...
Validation loss decreased (1.362038 --> 1.361427).  Saving model ...
Validation loss decreased (1.361427 --> 1.360810).  Saving model ...
Validation loss decreased (1.360810 --> 1.360151).  Saving model ...
Validation loss decreased (1.360151 --> 1.359521).  Saving model ...
Validation loss decreased (1.359521 --> 1.358954).  Saving model ...
Validation loss decreased (1.358954 --> 1.358286).  Saving model ...
Validation loss decreased (1.358286 --> 1.357620).  Saving model ...
Validation loss decreased (1.357620 --> 1.356989).  Saving model ...
Validation loss decreased (1.356989 --> 1.356374).  Saving model ...
Validation loss decreased (1.356374 --> 1.355753).  Saving model ...
Validation loss decreased (1.355753 --> 1.355169).  Saving model ...
Validation loss decreased (1.355169 --> 1.354616).  Saving model ...
Validation loss decreased (1.354616 --> 1.354062).  Saving model ...
Validation loss decreased (1.354062 --> 1.353478).  Saving model ...
Validation loss decreased (1.353478 --> 1.352964).  Saving model ...
Validation loss decreased (1.352964 --> 1.352387).  Saving model ...
Validation loss decreased (1.352387 --> 1.351807).  Saving model ...
Validation loss decreased (1.351807 --> 1.351296).  Saving model ...
Validation loss decreased (1.351296 --> 1.350814).  Saving model ...
Validation loss decreased (1.350814 --> 1.350236).  Saving model ...
Validation loss decreased (1.350236 --> 1.349637).  Saving model ...
Validation loss decreased (1.349637 --> 1.349038).  Saving model ...
Validation loss decreased (1.349038 --> 1.348485).  Saving model ...
Validation loss decreased (1.348485 --> 1.348000).  Saving model ...
Validation loss decreased (1.348000 --> 1.347478).  Saving model ...
Validation loss decreased (1.347478 --> 1.346974).  Saving model ...
Validation loss decreased (1.346974 --> 1.346432).  Saving model ...
Validation loss decreased (1.346432 --> 1.345900).  Saving model ...
Validation loss decreased (1.345900 --> 1.345315).  Saving model ...
Validation loss decreased (1.345315 --> 1.344797).  Saving model ...
Validation loss decreased (1.344797 --> 1.344254).  Saving model ...
Validation loss decreased (1.344254 --> 1.343724).  Saving model ...
Validation loss decreased (1.343724 --> 1.343195).  Saving model ...
Validation loss decreased (1.343195 --> 1.342711).  Saving model ...
Validation loss decreased (1.342711 --> 1.342204).  Saving model ...
Validation loss decreased (1.342204 --> 1.341707).  Saving model ...
Validation loss decreased (1.341707 --> 1.341220).  Saving model ...
Validation loss decreased (1.341220 --> 1.340748).  Saving model ...
Validation loss decreased (1.340748 --> 1.340195).  Saving model ...
Validation loss decreased (1.340195 --> 1.339689).  Saving model ...
Validation loss decreased (1.339689 --> 1.339173).  Saving model ...
Validation loss decreased (1.339173 --> 1.338672).  Saving model ...
Validation loss decreased (1.338672 --> 1.338124).  Saving model ...
Validation loss decreased (1.338124 --> 1.337593).  Saving model ...
Validation loss decreased (1.337593 --> 1.337104).  Saving model ...
Validation loss decreased (1.337104 --> 1.336618).  Saving model ...
Validation loss decreased (1.336618 --> 1.336122).  Saving model ...
Validation loss decreased (1.336122 --> 1.335610).  Saving model ...
Validation loss decreased (1.335610 --> 1.335112).  Saving model ...
Validation loss decreased (1.335112 --> 1.334628).  Saving model ...
Validation loss decreased (1.334628 --> 1.334120).  Saving model ...
Validation loss decreased (1.334120 --> 1.333653).  Saving model ...
Validation loss decreased (1.333653 --> 1.333102).  Saving model ...
Validation loss decreased (1.333102 --> 1.332588).  Saving model ...
Validation loss decreased (1.332588 --> 1.332148).  Saving model ...
Validation loss decreased (1.332148 --> 1.331644).  Saving model ...
Validation loss decreased (1.331644 --> 1.331143).  Saving model ...
Validation loss decreased (1.331143 --> 1.330531).  Saving model ...
Validation loss decreased (1.330531 --> 1.330044).  Saving model ...
Validation loss decreased (1.330044 --> 1.329535).  Saving model ...
Validation loss decreased (1.329535 --> 1.329057).  Saving model ...
Validation loss decreased (1.329057 --> 1.328497).  Saving model ...
Validation loss decreased (1.328497 --> 1.327996).  Saving model ...
Validation loss decreased (1.327996 --> 1.327462).  Saving model ...
Validation loss decreased (1.327462 --> 1.326941).  Saving model ...
Validation loss decreased (1.326941 --> 1.326456).  Saving model ...
Validation loss decreased (1.326456 --> 1.325942).  Saving model ...
Validation loss decreased (1.325942 --> 1.325433).  Saving model ...
Validation loss decreased (1.325433 --> 1.324899).  Saving model ...
Validation loss decreased (1.324899 --> 1.324417).  Saving model ...
Validation loss decreased (1.324417 --> 1.323965).  Saving model ...
Validation loss decreased (1.323965 --> 1.323418).  Saving model ...
Validation loss decreased (1.323418 --> 1.322930).  Saving model ...
Validation loss decreased (1.322930 --> 1.322366).  Saving model ...
Validation loss decreased (1.322366 --> 1.321897).  Saving model ...
Validation loss decreased (1.321897 --> 1.321371).  Saving model ...
Validation loss decreased (1.321371 --> 1.320849).  Saving model ...
Validation loss decreased (1.320849 --> 1.320334).  Saving model ...
Validation loss decreased (1.320334 --> 1.319784).  Saving model ...
Validation loss decreased (1.319784 --> 1.319356).  Saving model ...
Validation loss decreased (1.319356 --> 1.318838).  Saving model ...
Validation loss decreased (1.318838 --> 1.318265).  Saving model ...
Validation loss decreased (1.318265 --> 1.317729).  Saving model ...
Validation loss decreased (1.317729 --> 1.317171).  Saving model ...
Validation loss decreased (1.317171 --> 1.316636).  Saving model ...
Validation loss decreased (1.316636 --> 1.316113).  Saving model ...
Validation loss decreased (1.316113 --> 1.315610).  Saving model ...
Validation loss decreased (1.315610 --> 1.315089).  Saving model ...
Validation loss decreased (1.315089 --> 1.314574).  Saving model ...
Validation loss decreased (1.314574 --> 1.314029).  Saving model ...
Validation loss decreased (1.314029 --> 1.313492).  Saving model ...
Validation loss decreased (1.313492 --> 1.312944).  Saving model ...
Validation loss decreased (1.312944 --> 1.312415).  Saving model ...
Validation loss decreased (1.312415 --> 1.311879).  Saving model ...
Validation loss decreased (1.311879 --> 1.311334).  Saving model ...
Validation loss decreased (1.311334 --> 1.310785).  Saving model ...
Validation loss decreased (1.310785 --> 1.310265).  Saving model ...
Validation loss decreased (1.310265 --> 1.309679).  Saving model ...
Validation loss decreased (1.309679 --> 1.309075).  Saving model ...
Validation loss decreased (1.309075 --> 1.308556).  Saving model ...
Validation loss decreased (1.308556 --> 1.307964).  Saving model ...
Validation loss decreased (1.307964 --> 1.307358).  Saving model ...
Validation loss decreased (1.307358 --> 1.306830).  Saving model ...
Validation loss decreased (1.306830 --> 1.306264).  Saving model ...
Validation loss decreased (1.306264 --> 1.305689).  Saving model ...
Validation loss decreased (1.305689 --> 1.305150).  Saving model ...
Validation loss decreased (1.305150 --> 1.304585).  Saving model ...
Validation loss decreased (1.304585 --> 1.303956).  Saving model ...
Validation loss decreased (1.303956 --> 1.303404).  Saving model ...
Validation loss decreased (1.303404 --> 1.302892).  Saving model ...
Validation loss decreased (1.302892 --> 1.302263).  Saving model ...
Validation loss decreased (1.302263 --> 1.301659).  Saving model ...
Validation loss decreased (1.301659 --> 1.301079).  Saving model ...
Validation loss decreased (1.301079 --> 1.300460).  Saving model ...
Validation loss decreased (1.300460 --> 1.299838).  Saving model ...
Validation loss decreased (1.299838 --> 1.299206).  Saving model ...
Validation loss decreased (1.299206 --> 1.298543).  Saving model ...
Validation loss decreased (1.298543 --> 1.297984).  Saving model ...
Validation loss decreased (1.297984 --> 1.297407).  Saving model ...
Validation loss decreased (1.297407 --> 1.296743).  Saving model ...
Validation loss decreased (1.296743 --> 1.296205).  Saving model ...
Validation loss decreased (1.296205 --> 1.295648).  Saving model ...
Validation loss decreased (1.295648 --> 1.295152).  Saving model ...
Validation loss decreased (1.295152 --> 1.294538).  Saving model ...
Validation loss decreased (1.294538 --> 1.294025).  Saving model ...
Validation loss decreased (1.294025 --> 1.293460).  Saving model ...
Validation loss decreased (1.293460 --> 1.292862).  Saving model ...
Validation loss decreased (1.292862 --> 1.292184).  Saving model ...
Validation loss decreased (1.292184 --> 1.291561).  Saving model ...
Validation loss decreased (1.291561 --> 1.291021).  Saving model ...
Validation loss decreased (1.291021 --> 1.290477).  Saving model ...
Validation loss decreased (1.290477 --> 1.289853).  Saving model ...
Validation loss decreased (1.289853 --> 1.289125).  Saving model ...
Validation loss decreased (1.289125 --> 1.288433).  Saving model ...
Validation loss decreased (1.288433 --> 1.287931).  Saving model ...
Validation loss decreased (1.287931 --> 1.287427).  Saving model ...
Validation loss decreased (1.287427 --> 1.286765).  Saving model ...
Validation loss decreased (1.286765 --> 1.286141).  Saving model ...
Validation loss decreased (1.286141 --> 1.285616).  Saving model ...
Validation loss decreased (1.285616 --> 1.285038).  Saving model ...
Validation loss decreased (1.285038 --> 1.284492).  Saving model ...
Validation loss decreased (1.284492 --> 1.283863).  Saving model ...
Validation loss decreased (1.283863 --> 1.283360).  Saving model ...
Validation loss decreased (1.283360 --> 1.282745).  Saving model ...
Validation loss decreased (1.282745 --> 1.282044).  Saving model ...
Validation loss decreased (1.282044 --> 1.281313).  Saving model ...
Validation loss decreased (1.281313 --> 1.280868).  Saving model ...
Validation loss decreased (1.280868 --> 1.280333).  Saving model ...
Validation loss decreased (1.280333 --> 1.279618).  Saving model ...
Validation loss decreased (1.279618 --> 1.278897).  Saving model ...
Validation loss decreased (1.278897 --> 1.278287).  Saving model ...
Validation loss decreased (1.278287 --> 1.277657).  Saving model ...
Validation loss decreased (1.277657 --> 1.277059).  Saving model ...
Validation loss decreased (1.277059 --> 1.276363).  Saving model ...
Validation loss decreased (1.276363 --> 1.275609).  Saving model ...
Validation loss decreased (1.275609 --> 1.274848).  Saving model ...
Validation loss decreased (1.274848 --> 1.274095).  Saving model ...
Validation loss decreased (1.274095 --> 1.273378).  Saving model ...
Validation loss decreased (1.273378 --> 1.272554).  Saving model ...
Validation loss decreased (1.272554 --> 1.271893).  Saving model ...
Validation loss decreased (1.271893 --> 1.271301).  Saving model ...
Validation loss decreased (1.271301 --> 1.270715).  Saving model ...
Validation loss decreased (1.270715 --> 1.270067).  Saving model ...
Validation loss decreased (1.270067 --> 1.269345).  Saving model ...
Validation loss decreased (1.269345 --> 1.268556).  Saving model ...
Validation loss decreased (1.268556 --> 1.267884).  Saving model ...
Validation loss decreased (1.267884 --> 1.267170).  Saving model ...
Validation loss decreased (1.267170 --> 1.266565).  Saving model ...
Validation loss decreased (1.266565 --> 1.265934).  Saving model ...
Validation loss decreased (1.265934 --> 1.265399).  Saving model ...
Validation loss decreased (1.265399 --> 1.264714).  Saving model ...
Validation loss decreased (1.264714 --> 1.264003).  Saving model ...
Validation loss decreased (1.264003 --> 1.263363).  Saving model ...
Validation loss decreased (1.263363 --> 1.262867).  Saving model ...
Validation loss decreased (1.262867 --> 1.262325).  Saving model ...
Validation loss decreased (1.262325 --> 1.261627).  Saving model ...
Validation loss decreased (1.261627 --> 1.261195).  Saving model ...
Validation loss decreased (1.261195 --> 1.260367).  Saving model ...
Validation loss decreased (1.260367 --> 1.259807).  Saving model ...
Validation loss decreased (1.259807 --> 1.259078).  Saving model ...
Validation loss decreased (1.259078 --> 1.258584).  Saving model ...
Validation loss decreased (1.258584 --> 1.258057).  Saving model ...
Validation loss decreased (1.258057 --> 1.257513).  Saving model ...
Validation loss decreased (1.257513 --> 1.256887).  Saving model ...
Validation loss decreased (1.256887 --> 1.256351).  Saving model ...
Validation loss decreased (1.256351 --> 1.255720).  Saving model ...
Validation loss decreased (1.255720 --> 1.255050).  Saving model ...
Validation loss decreased (1.255050 --> 1.254343).  Saving model ...
Validation loss decreased (1.254343 --> 1.253703).  Saving model ...
Validation loss decreased (1.253703 --> 1.253135).  Saving model ...
Validation loss decreased (1.253135 --> 1.252832).  Saving model ...
Validation loss decreased (1.252832 --> 1.252385).  Saving model ...
Validation loss decreased (1.252385 --> 1.251662).  Saving model ...
Validation loss decreased (1.251662 --> 1.251086).  Saving model ...
Validation loss decreased (1.251086 --> 1.250533).  Saving model ...
Validation loss decreased (1.250533 --> 1.249774).  Saving model ...
Validation loss decreased (1.249774 --> 1.249057).  Saving model ...
Validation loss decreased (1.249057 --> 1.248440).  Saving model ...
Validation loss decreased (1.248440 --> 1.247741).  Saving model ...
Validation loss decreased (1.247741 --> 1.247151).  Saving model ...
Validation loss decreased (1.247151 --> 1.246564).  Saving model ...
Validation loss decreased (1.246564 --> 1.245945).  Saving model ...
Validation loss decreased (1.245945 --> 1.245327).  Saving model ...
Validation loss decreased (1.245327 --> 1.244595).  Saving model ...
Validation loss decreased (1.244595 --> 1.244074).  Saving model ...
Validation loss decreased (1.244074 --> 1.243411).  Saving model ...
Validation loss decreased (1.243411 --> 1.242803).  Saving model ...
Validation loss decreased (1.242803 --> 1.241940).  Saving model ...
Validation loss decreased (1.241940 --> 1.241381).  Saving model ...
Validation loss decreased (1.241381 --> 1.240820).  Saving model ...
Validation loss decreased (1.240820 --> 1.240289).  Saving model ...
Validation loss decreased (1.240289 --> 1.239610).  Saving model ...
Validation loss decreased (1.239610 --> 1.238903).  Saving model ...
Validation loss decreased (1.238903 --> 1.238263).  Saving model ...
Validation loss decreased (1.238263 --> 1.237659).  Saving model ...
Validation loss decreased (1.237659 --> 1.237250).  Saving model ...
Validation loss decreased (1.237250 --> 1.236787).  Saving model ...
Validation loss decreased (1.236787 --> 1.236301).  Saving model ...
Validation loss decreased (1.236301 --> 1.235779).  Saving model ...
Validation loss decreased (1.235779 --> 1.235382).  Saving model ...
Validation loss decreased (1.235382 --> 1.234765).  Saving model ...
Validation loss decreased (1.234765 --> 1.234148).  Saving model ...
Validation loss decreased (1.234148 --> 1.233728).  Saving model ...
Validation loss decreased (1.233728 --> 1.233264).  Saving model ...
Validation loss decreased (1.233264 --> 1.232554).  Saving model ...
Validation loss decreased (1.232554 --> 1.231984).  Saving model ...
Validation loss decreased (1.231984 --> 1.231725).  Saving model ...
Validation loss decreased (1.231725 --> 1.231488).  Saving model ...
Validation loss decreased (1.231488 --> 1.231025).  Saving model ...
Validation loss decreased (1.231025 --> 1.230492).  Saving model ...
Validation loss decreased (1.230492 --> 1.229982).  Saving model ...
Validation loss decreased (1.229982 --> 1.229442).  Saving model ...
Validation loss decreased (1.229442 --> 1.228970).  Saving model ...
Validation loss decreased (1.228970 --> 1.228293).  Saving model ...
Validation loss decreased (1.228293 --> 1.227776).  Saving model ...
Validation loss decreased (1.227776 --> 1.227164).  Saving model ...
Validation loss decreased (1.227164 --> 1.226857).  Saving model ...
Validation loss decreased (1.226857 --> 1.226258).  Saving model ...
Validation loss decreased (1.226258 --> 1.225591).  Saving model ...
Validation loss decreased (1.225591 --> 1.225045).  Saving model ...
Validation loss decreased (1.225045 --> 1.224687).  Saving model ...
Validation loss decreased (1.224687 --> 1.224239).  Saving model ...
Validation loss decreased (1.224239 --> 1.223817).  Saving model ...
Validation loss decreased (1.223817 --> 1.223277).  Saving model ...
Validation loss decreased (1.223277 --> 1.222908).  Saving model ...
Validation loss decreased (1.222908 --> 1.222324).  Saving model ...
Validation loss decreased (1.222324 --> 1.221989).  Saving model ...
Validation loss decreased (1.221989 --> 1.221573).  Saving model ...
Validation loss decreased (1.221573 --> 1.221135).  Saving model ...
Validation loss decreased (1.221135 --> 1.220730).  Saving model ...
Validation loss decreased (1.220730 --> 1.220249).  Saving model ...
Validation loss decreased (1.220249 --> 1.219929).  Saving model ...
Validation loss decreased (1.219929 --> 1.219414).  Saving model ...
Validation loss decreased (1.219414 --> 1.219023).  Saving model ...
Validation loss decreased (1.219023 --> 1.218654).  Saving model ...
Validation loss decreased (1.218654 --> 1.217993).  Saving model ...
Validation loss decreased (1.217993 --> 1.217402).  Saving model ...
Validation loss decreased (1.217402 --> 1.216928).  Saving model ...
Validation loss decreased (1.216928 --> 1.216317).  Saving model ...
Validation loss decreased (1.216317 --> 1.215782).  Saving model ...
Validation loss decreased (1.215782 --> 1.215468).  Saving model ...
Validation loss decreased (1.215468 --> 1.215108).  Saving model ...
Validation loss decreased (1.215108 --> 1.214595).  Saving model ...
Validation loss decreased (1.214595 --> 1.214165).  Saving model ...
Validation loss decreased (1.214165 --> 1.213780).  Saving model ...
Validation loss decreased (1.213780 --> 1.213409).  Saving model ...
Validation loss decreased (1.213409 --> 1.212951).  Saving model ...
Validation loss decreased (1.212951 --> 1.212412).  Saving model ...
Validation loss decreased (1.212412 --> 1.212014).  Saving model ...
Validation loss decreased (1.212014 --> 1.211623).  Saving model ...
Validation loss decreased (1.211623 --> 1.211188).  Saving model ...
Validation loss decreased (1.211188 --> 1.210888).  Saving model ...
Validation loss decreased (1.210888 --> 1.210326).  Saving model ...
Validation loss decreased (1.210326 --> 1.209899).  Saving model ...
Validation loss decreased (1.209899 --> 1.209463).  Saving model ...
Validation loss decreased (1.209463 --> 1.208900).  Saving model ...
Validation loss decreased (1.208900 --> 1.208415).  Saving model ...
Validation loss decreased (1.208415 --> 1.208145).  Saving model ...
Validation loss decreased (1.208145 --> 1.207793).  Saving model ...
Validation loss decreased (1.207793 --> 1.207385).  Saving model ...
Validation loss decreased (1.207385 --> 1.206849).  Saving model ...
Validation loss decreased (1.206849 --> 1.206335).  Saving model ...
Validation loss decreased (1.206335 --> 1.205878).  Saving model ...
Validation loss decreased (1.205878 --> 1.205372).  Saving model ...
Validation loss decreased (1.205372 --> 1.204959).  Saving model ...
Validation loss decreased (1.204959 --> 1.204487).  Saving model ...
Validation loss decreased (1.204487 --> 1.204161).  Saving model ...
Validation loss decreased (1.204161 --> 1.203871).  Saving model ...
Validation loss decreased (1.203871 --> 1.203389).  Saving model ...
Validation loss decreased (1.203389 --> 1.202892).  Saving model ...
Validation loss decreased (1.202892 --> 1.202062).  Saving model ...
Validation loss decreased (1.202062 --> 1.201443).  Saving model ...
Validation loss decreased (1.201443 --> 1.200917).  Saving model ...
Validation loss decreased (1.200917 --> 1.200359).  Saving model ...
Validation loss decreased (1.200359 --> 1.199925).  Saving model ...
Validation loss decreased (1.199925 --> 1.199473).  Saving model ...
Validation loss decreased (1.199473 --> 1.199129).  Saving model ...
Validation loss decreased (1.199129 --> 1.198785).  Saving model ...
Validation loss decreased (1.198785 --> 1.198477).  Saving model ...
Validation loss decreased (1.198477 --> 1.198016).  Saving model ...
Validation loss decreased (1.198016 --> 1.197400).  Saving model ...
Validation loss decreased (1.197400 --> 1.196899).  Saving model ...
Validation loss decreased (1.196899 --> 1.196544).  Saving model ...
Validation loss decreased (1.196544 --> 1.195972).  Saving model ...
Validation loss decreased (1.195972 --> 1.195616).  Saving model ...
Validation loss decreased (1.195616 --> 1.195303).  Saving model ...
Validation loss decreased (1.195303 --> 1.194954).  Saving model ...
Validation loss decreased (1.194954 --> 1.194575).  Saving model ...
Validation loss decreased (1.194575 --> 1.194153).  Saving model ...
Validation loss decreased (1.194153 --> 1.193711).  Saving model ...
Validation loss decreased (1.193711 --> 1.193499).  Saving model ...
Validation loss decreased (1.193499 --> 1.192977).  Saving model ...
Validation loss decreased (1.192977 --> 1.192587).  Saving model ...
Validation loss decreased (1.192587 --> 1.192264).  Saving model ...
Validation loss decreased (1.192264 --> 1.191703).  Saving model ...
Validation loss decreased (1.191703 --> 1.191280).  Saving model ...
Validation loss decreased (1.191280 --> 1.191159).  Saving model ...
Validation loss decreased (1.191159 --> 1.190806).  Saving model ...
Validation loss decreased (1.190806 --> 1.190437).  Saving model ...
Validation loss decreased (1.190437 --> 1.190166).  Saving model ...
Validation loss decreased (1.190166 --> 1.189946).  Saving model ...
Validation loss decreased (1.189946 --> 1.189465).  Saving model ...
Validation loss decreased (1.189465 --> 1.189069).  Saving model ...
Validation loss decreased (1.189069 --> 1.188736).  Saving model ...
Validation loss decreased (1.188736 --> 1.188392).  Saving model ...
Validation loss decreased (1.188392 --> 1.188117).  Saving model ...
Validation loss decreased (1.188117 --> 1.187719).  Saving model ...
Validation loss decreased (1.187719 --> 1.187374).  Saving model ...
Validation loss decreased (1.187374 --> 1.187075).  Saving model ...
Validation loss decreased (1.187075 --> 1.186864).  Saving model ...
Validation loss decreased (1.186864 --> 1.186560).  Saving model ...
Validation loss decreased (1.186560 --> 1.186158).  Saving model ...
Validation loss decreased (1.186158 --> 1.185781).  Saving model ...
Validation loss decreased (1.185781 --> 1.185127).  Saving model ...
Validation loss decreased (1.185127 --> 1.184806).  Saving model ...
Validation loss decreased (1.184806 --> 1.184590).  Saving model ...
Validation loss decreased (1.184590 --> 1.184385).  Saving model ...
Validation loss decreased (1.184385 --> 1.183814).  Saving model ...
Validation loss decreased (1.183814 --> 1.183261).  Saving model ...
Validation loss decreased (1.183261 --> 1.182955).  Saving model ...
Validation loss decreased (1.182955 --> 1.182638).  Saving model ...
Validation loss decreased (1.182638 --> 1.182392).  Saving model ...
Validation loss decreased (1.182392 --> 1.182212).  Saving model ...
Validation loss decreased (1.182212 --> 1.181575).  Saving model ...
Validation loss decreased (1.181575 --> 1.181300).  Saving model ...
Validation loss decreased (1.181300 --> 1.180925).  Saving model ...
Validation loss decreased (1.180925 --> 1.180655).  Saving model ...
Validation loss decreased (1.180655 --> 1.180312).  Saving model ...
Validation loss decreased (1.180312 --> 1.180058).  Saving model ...
Validation loss decreased (1.180058 --> 1.179711).  Saving model ...
Validation loss decreased (1.179711 --> 1.179423).  Saving model ...
Validation loss decreased (1.179423 --> 1.179127).  Saving model ...
Validation loss decreased (1.179127 --> 1.178776).  Saving model ...
Validation loss decreased (1.178776 --> 1.178280).  Saving model ...
Validation loss decreased (1.178280 --> 1.177900).  Saving model ...
Validation loss decreased (1.177900 --> 1.177730).  Saving model ...
Validation loss decreased (1.177730 --> 1.177320).  Saving model ...
Validation loss decreased (1.177320 --> 1.176880).  Saving model ...
Validation loss decreased (1.176880 --> 1.176374).  Saving model ...
Validation loss decreased (1.176374 --> 1.176189).  Saving model ...
Validation loss decreased (1.176189 --> 1.175861).  Saving model ...
Validation loss decreased (1.175861 --> 1.175482).  Saving model ...
Validation loss decreased (1.175482 --> 1.175087).  Saving model ...
Validation loss decreased (1.175087 --> 1.174901).  Saving model ...
Validation loss decreased (1.174901 --> 1.174570).  Saving model ...
Validation loss decreased (1.174570 --> 1.174176).  Saving model ...
Validation loss decreased (1.174176 --> 1.173795).  Saving model ...
Validation loss decreased (1.173795 --> 1.173457).  Saving model ...
Validation loss decreased (1.173457 --> 1.173100).  Saving model ...
Validation loss decreased (1.173100 --> 1.172600).  Saving model ...
Validation loss decreased (1.172600 --> 1.172257).  Saving model ...
Validation loss decreased (1.172257 --> 1.171928).  Saving model ...
Validation loss decreased (1.171928 --> 1.171779).  Saving model ...
Validation loss decreased (1.171779 --> 1.171182).  Saving model ...
Validation loss decreased (1.171182 --> 1.170567).  Saving model ...
Validation loss decreased (1.170567 --> 1.170365).  Saving model ...
Validation loss decreased (1.170365 --> 1.170108).  Saving model ...
Validation loss decreased (1.170108 --> 1.169676).  Saving model ...
Validation loss decreased (1.169676 --> 1.169373).  Saving model ...
Validation loss decreased (1.169373 --> 1.168887).  Saving model ...
Validation loss decreased (1.168887 --> 1.168615).  Saving model ...
Validation loss decreased (1.168615 --> 1.168219).  Saving model ...
Validation loss decreased (1.168219 --> 1.167878).  Saving model ...
Validation loss decreased (1.167878 --> 1.167744).  Saving model ...
Validation loss decreased (1.167744 --> 1.167488).  Saving model ...
Validation loss decreased (1.167488 --> 1.167321).  Saving model ...
Validation loss decreased (1.167321 --> 1.166921).  Saving model ...
Validation loss decreased (1.166921 --> 1.166629).  Saving model ...
Validation loss decreased (1.166629 --> 1.166512).  Saving model ...
Validation loss decreased (1.166512 --> 1.166242).  Saving model ...
Validation loss decreased (1.166242 --> 1.166090).  Saving model ...
Validation loss decreased (1.166090 --> 1.165668).  Saving model ...
Validation loss decreased (1.165668 --> 1.165382).  Saving model ...
Validation loss decreased (1.165382 --> 1.165088).  Saving model ...
Validation loss decreased (1.165088 --> 1.164881).  Saving model ...
Validation loss decreased (1.164881 --> 1.164267).  Saving model ...
Validation loss decreased (1.164267 --> 1.163820).  Saving model ...
Validation loss decreased (1.163820 --> 1.163412).  Saving model ...
Validation loss decreased (1.163412 --> 1.162896).  Saving model ...
Validation loss decreased (1.162896 --> 1.162460).  Saving model ...
Validation loss decreased (1.162460 --> 1.161985).  Saving model ...
Validation loss decreased (1.161985 --> 1.161706).  Saving model ...
Validation loss decreased (1.161706 --> 1.161446).  Saving model ...
Validation loss decreased (1.161446 --> 1.160948).  Saving model ...
Validation loss decreased (1.160948 --> 1.160611).  Saving model ...
Validation loss decreased (1.160611 --> 1.160305).  Saving model ...
Validation loss decreased (1.160305 --> 1.160012).  Saving model ...
Validation loss decreased (1.160012 --> 1.159795).  Saving model ...
Validation loss decreased (1.159795 --> 1.159490).  Saving model ...
Validation loss decreased (1.159490 --> 1.159109).  Saving model ...
Validation loss decreased (1.159109 --> 1.158955).  Saving model ...
Validation loss decreased (1.158955 --> 1.158598).  Saving model ...
Validation loss decreased (1.158598 --> 1.158445).  Saving model ...
Validation loss decreased (1.158445 --> 1.158200).  Saving model ...
Validation loss decreased (1.158200 --> 1.157787).  Saving model ...
Validation loss decreased (1.157787 --> 1.157362).  Saving model ...
Validation loss decreased (1.157362 --> 1.157019).  Saving model ...
Validation loss decreased (1.157019 --> 1.156666).  Saving model ...
Validation loss decreased (1.156666 --> 1.156045).  Saving model ...
Validation loss decreased (1.156045 --> 1.155524).  Saving model ...
Validation loss decreased (1.155524 --> 1.155020).  Saving model ...
Validation loss decreased (1.155020 --> 1.154832).  Saving model ...
Validation loss decreased (1.154832 --> 1.154630).  Saving model ...
Validation loss decreased (1.154630 --> 1.154426).  Saving model ...
Validation loss decreased (1.154426 --> 1.153982).  Saving model ...
Validation loss decreased (1.153982 --> 1.153667).  Saving model ...
Validation loss decreased (1.153667 --> 1.153465).  Saving model ...
Validation loss decreased (1.153465 --> 1.153028).  Saving model ...
Validation loss decreased (1.153028 --> 1.152729).  Saving model ...
Validation loss decreased (1.152729 --> 1.152682).  Saving model ...
Validation loss decreased (1.152682 --> 1.152486).  Saving model ...
Validation loss decreased (1.152486 --> 1.152120).  Saving model ...
Validation loss decreased (1.152120 --> 1.151773).  Saving model ...
Validation loss decreased (1.151773 --> 1.151415).  Saving model ...
/localscratch/yinan.28698763.0/env/lib/python3.7/site-packages/torch/nn/functional.py:1794: UserWarning: nn.functional.tanh is deprecated. Use torch.tanh instead.
  warnings.warn("nn.functional.tanh is deprecated. Use torch.tanh instead.")
/localscratch/yinan.28698763.0/env/lib/python3.7/site-packages/transformers/optimization.py:155: UserWarning: This overload of add_ is deprecated:
	add_(Number alpha, Tensor other)
Consider using one of the following signatures instead:
	add_(Tensor other, *, Number alpha) (Triggered internally at  ../torch/csrc/utils/python_arg_parser.cpp:1025.)
  exp_avg.mul_(beta1).add_(1.0 - beta1, grad)
wandb: Waiting for W&B process to finish, PID 243810... (success).
wandb: - 0.00MB of 0.00MB uploaded (0.00MB deduped)wandb: \ 0.00MB of 0.00MB uploaded (0.00MB deduped)wandb: | 0.00MB of 0.00MB uploaded (0.00MB deduped)wandb: / 0.00MB of 0.00MB uploaded (0.00MB deduped)wandb: - 0.00MB of 0.00MB uploaded (0.00MB deduped)wandb: \ 0.00MB of 0.00MB uploaded (0.00MB deduped)wandb: | 0.00MB of 0.00MB uploaded (0.00MB deduped)wandb: / 0.00MB of 0.00MB uploaded (0.00MB deduped)wandb: - 0.00MB of 0.00MB uploaded (0.00MB deduped)wandb: \ 0.00MB of 0.00MB uploaded (0.00MB deduped)wandb: | 0.00MB of 0.00MB uploaded (0.00MB deduped)wandb: / 0.00MB of 0.00MB uploaded (0.00MB deduped)wandb: - 0.00MB of 0.00MB uploaded (0.00MB deduped)wandb:                                                                                
wandb: Run history:
wandb:     e_F1 â–â–â–‚â–‚â–ƒâ–ƒâ–„â–…â–…â–…â–†â–†â–†â–†â–†â–†â–‡â–‡â–‡â–‡â–‡â–‡â–‡â–‡â–‡â–‡â–‡â–‡â–‡â–‡â–‡â–‡â–‡â–‡â–ˆâ–ˆâ–ˆâ–ˆâ–ˆâ–ˆ
wandb:   e_loss â–ˆâ–‡â–‡â–‡â–†â–†â–†â–†â–†â–…â–…â–…â–…â–…â–…â–„â–„â–„â–„â–„â–ƒâ–ƒâ–ƒâ–ƒâ–ƒâ–ƒâ–‚â–‚â–‚â–‚â–‚â–‚â–‚â–‚â–â–â–â–â–â–
wandb:     t_F1 â–â–â–‚â–‚â–ƒâ–ƒâ–ƒâ–‚â–ƒâ–„â–„â–…â–…â–„â–…â–…â–†â–†â–†â–†â–†â–†â–†â–†â–†â–‡â–‡â–‡â–‡â–‡â–ˆâ–‡â–ˆâ–ˆâ–‡â–ˆâ–‡â–‡â–ˆâ–ˆ
wandb:   t_loss â–ˆâ–ˆâ–‡â–‡â–‡â–‡â–†â–‡â–†â–†â–†â–…â–…â–†â–…â–…â–…â–…â–„â–„â–„â–„â–„â–„â–„â–ƒâ–ƒâ–ƒâ–ƒâ–ƒâ–‚â–ƒâ–‚â–‚â–‚â–â–‚â–‚â–‚â–
wandb: 
wandb: Run summary:
wandb:     e_F1 50.31533
wandb:   e_loss 1.15141
wandb:     t_F1 53.45775
wandb:   t_loss 1.10456
wandb: 
wandb: Synced 4 W&B file(s), 0 media file(s), 0 artifact file(s) and 0 other file(s)
wandb: Synced cheese-brownie-1: https://wandb.ai/yinanazhou/xl_512_bs_8_lr_1e07_es_15_lc_False_nr_False_sr_True_stem_True_lemma_False_repeat_1_fold_1/runs/50pqrzf0
wandb: Find logs at: ./wandb/run-20220313_190811-50pqrzf0/logs/debug.log
wandb: 

wandb: wandb version 0.12.11 is available!  To upgrade, please run:
wandb:  $ pip install wandb --upgrade
2022-03-14 00:28:42.162453: I tensorflow/stream_executor/platform/default/dso_loader.cc:48] Successfully opened dynamic library libcudart.so.10.1
wandb: Tracking run with wandb version 0.12.5
wandb: Syncing run blackberry-mousse-1
wandb: â­ï¸ View project at https://wandb.ai/yinanazhou/xl_512_bs_8_lr_1e07_es_15_lc_False_nr_False_sr_True_stem_True_lemma_False_repeat_1_fold_2
wandb: ðŸš€ View run at https://wandb.ai/yinanazhou/xl_512_bs_8_lr_1e07_es_15_lc_False_nr_False_sr_True_stem_True_lemma_False_repeat_1_fold_2/runs/3v5vvstp
wandb: Run data is saved locally in /project/6002780/yinan/Thesis_MER_Lyrics/lyric-emotion/wandb/run-20220314_002839-3v5vvstp
wandb: Run `wandb offline` to turn off syncing.
wandb: Network error (ReadTimeout), entering retry loop.
slurmstepd: error: *** JOB 28698763 ON cdr2643 CANCELLED AT 2022-03-14T05:05:20 DUE TO TIME LIMIT ***
