Unloading StdEnv/2020

Due to MODULEPATH changes, the following have been reloaded:
  1) mii/1.1.1


The following have been reloaded with a version change:
  1) python/3.8.2 => python/3.7.4

Using base prefix '/cvmfs/soft.computecanada.ca/easybuild/software/2017/Core/python/3.7.4'
New python executable in /localscratch/yinan.27794534.0/env/bin/python
Installing setuptools, pip, wheel...
done.
Ignoring pip: markers 'python_version < "3"' don't match your environment
Looking in links: /cvmfs/soft.computecanada.ca/custom/python/wheelhouse/nix/avx2, /cvmfs/soft.computecanada.ca/custom/python/wheelhouse/nix/generic, /cvmfs/soft.computecanada.ca/custom/python/wheelhouse/generic
Collecting pip
Installing collected packages: pip
  Found existing installation: pip 19.1.1
    Uninstalling pip-19.1.1:
      Successfully uninstalled pip-19.1.1
Successfully installed pip-21.2.3+computecanada
Looking in links: /cvmfs/soft.computecanada.ca/custom/python/wheelhouse/nix/avx2, /cvmfs/soft.computecanada.ca/custom/python/wheelhouse/nix/generic, /cvmfs/soft.computecanada.ca/custom/python/wheelhouse/generic
Processing /cvmfs/soft.computecanada.ca/custom/python/wheelhouse/generic/keras-2.7.0+computecanada-py2.py3-none-any.whl
Processing /cvmfs/soft.computecanada.ca/custom/python/wheelhouse/generic/Keras_Preprocessing-1.1.2+computecanada-py3-none-any.whl
Requirement already satisfied: matplotlib in /cvmfs/soft.computecanada.ca/easybuild/software/2017/Core/scipy-stack/2019a/lib/python3.7/site-packages (from -r requirements.txt (line 3)) (3.0.2)
Processing /cvmfs/soft.computecanada.ca/custom/python/wheelhouse/generic/nltk-3.6.5+computecanada-py3-none-any.whl
Processing /cvmfs/soft.computecanada.ca/custom/python/wheelhouse/generic/scikit_learn-0.22.1+computecanada-cp37-cp37m-linux_x86_64.whl
Processing /cvmfs/soft.computecanada.ca/custom/python/wheelhouse/generic/tensorboard-2.3.0+computecanada-py3-none-any.whl
Processing /cvmfs/soft.computecanada.ca/custom/python/wheelhouse/generic/tensorboard_plugin_wit-1.7.0+computecanada-py3-none-any.whl
Processing /cvmfs/soft.computecanada.ca/custom/python/wheelhouse/generic/tensorflow_gpu-2.3.0+computecanada-cp37-cp37m-linux_x86_64.whl
Processing /cvmfs/soft.computecanada.ca/custom/python/wheelhouse/generic/tensorflow_estimator-2.3.0+computecanada-py2.py3-none-any.whl
Processing /cvmfs/soft.computecanada.ca/custom/python/wheelhouse/generic/tokenizers-0.5.2+computecanada-cp37-cp37m-linux_x86_64.whl
Processing /cvmfs/soft.computecanada.ca/custom/python/wheelhouse/nix/avx2/torch-1.4.0+computecanada-cp37-cp37m-linux_x86_64.whl
Processing /cvmfs/soft.computecanada.ca/custom/python/wheelhouse/generic/torchtext-0.6.0+computecanada-py3-none-any.whl
Processing /cvmfs/soft.computecanada.ca/custom/python/wheelhouse/generic/torchvision-0.8.2+computecanada-cp37-cp37m-linux_x86_64.whl
Processing /cvmfs/soft.computecanada.ca/custom/python/wheelhouse/generic/transformers-2.5.1+computecanada-py3-none-any.whl
Processing /cvmfs/soft.computecanada.ca/custom/python/wheelhouse/generic/urllib3-1.26.7+computecanada-py2.py3-none-any.whl
Processing /cvmfs/soft.computecanada.ca/custom/python/wheelhouse/generic/joblib-1.1.0+computecanada-py2.py3-none-any.whl
ERROR: Could not find a version that satisfies the requirement regex>=2021.8.3 (from nltk) (from versions: 2018.1.10+computecanada, 2019.11.1+computecanada, 2020.11.13+computecanada)
ERROR: No matching distribution found for regex>=2021.8.3
Looking in links: /cvmfs/soft.computecanada.ca/custom/python/wheelhouse/nix/avx2, /cvmfs/soft.computecanada.ca/custom/python/wheelhouse/nix/generic, /cvmfs/soft.computecanada.ca/custom/python/wheelhouse/generic
ERROR: Could not find a version that satisfies the requirement numpy==1.20.0+computacanada (from versions: 1.15.0+computecanada, 1.15.2+computecanada, 1.15.4+computecanada, 1.16.0+computecanada, 1.16.2+computecanada, 1.16.3+computecanada, 1.17.4+computecanada, 1.18.1+computecanada, 1.18.4+computecanada, 1.19.1+computecanada, 1.19.2+computecanada, 1.20.2+computecanada)
ERROR: No matching distribution found for numpy==1.20.0+computacanada
Looking in links: /cvmfs/soft.computecanada.ca/custom/python/wheelhouse/nix/avx2, /cvmfs/soft.computecanada.ca/custom/python/wheelhouse/nix/generic, /cvmfs/soft.computecanada.ca/custom/python/wheelhouse/generic
Processing /cvmfs/soft.computecanada.ca/custom/python/wheelhouse/generic/wandb-0.12.5+computecanada-py2.py3-none-any.whl
Processing /cvmfs/soft.computecanada.ca/custom/python/wheelhouse/generic/GitPython-3.1.24+computecanada-py3-none-any.whl
Processing /cvmfs/soft.computecanada.ca/custom/python/wheelhouse/generic/psutil-5.7.3+computecanada-cp37-cp37m-linux_x86_64.whl
Processing /cvmfs/soft.computecanada.ca/custom/python/wheelhouse/generic/configparser-5.0.2+computecanada-py3-none-any.whl
Processing /cvmfs/soft.computecanada.ca/custom/python/wheelhouse/generic/protobuf-3.19.3+computecanada-py2.py3-none-any.whl
Processing /cvmfs/soft.computecanada.ca/custom/python/wheelhouse/generic/yaspin-2.1.0+computecanada-py3-none-any.whl
Processing /cvmfs/soft.computecanada.ca/custom/python/wheelhouse/generic/subprocess32-3.5.4+computecanada-py3-none-any.whl
Processing /cvmfs/soft.computecanada.ca/custom/python/wheelhouse/generic/pathtools-0.1.2+computecanada-py3-none-any.whl
Requirement already satisfied: python-dateutil>=2.6.1 in /cvmfs/soft.computecanada.ca/easybuild/software/2017/Core/scipy-stack/2019a/lib/python3.7/site-packages (from wandb) (2.7.5)
Processing /cvmfs/soft.computecanada.ca/custom/python/wheelhouse/generic/six-1.16.0+computecanada-py2.py3-none-any.whl
Processing /cvmfs/soft.computecanada.ca/custom/python/wheelhouse/generic/PyYAML-5.3.1+computecanada-cp37-cp37m-linux_x86_64.whl
Processing /cvmfs/soft.computecanada.ca/custom/python/wheelhouse/generic/docker_pycreds-0.4.0+computecanada-py2.py3-none-any.whl
Processing /cvmfs/soft.computecanada.ca/custom/python/wheelhouse/generic/click-8.0.3+computecanada-py3-none-any.whl
Processing /cvmfs/soft.computecanada.ca/custom/python/wheelhouse/generic/sentry_sdk-1.5.0+computecanada-py2.py3-none-any.whl
Processing /cvmfs/soft.computecanada.ca/custom/python/wheelhouse/generic/shortuuid-1.0.1+computecanada-py3-none-any.whl
Processing /cvmfs/soft.computecanada.ca/custom/python/wheelhouse/generic/promise-2.3+computecanada-py3-none-any.whl
Requirement already satisfied: requests<3,>=2.0.0 in /cvmfs/soft.computecanada.ca/easybuild/software/2017/Core/scipy-stack/2019a/lib/python3.7/site-packages (from wandb) (2.21.0)
Requirement already satisfied: importlib-metadata in /cvmfs/soft.computecanada.ca/easybuild/software/2017/Core/scipy-stack/2019a/lib/python3.7/site-packages (from Click!=8.0.0,>=7.0->wandb) (0.8)
Processing /cvmfs/soft.computecanada.ca/custom/python/wheelhouse/generic/typing_extensions-4.0.1+computecanada-py3-none-any.whl
Processing /cvmfs/soft.computecanada.ca/custom/python/wheelhouse/generic/gitdb-4.0.9+computecanada-py3-none-any.whl
Processing /cvmfs/soft.computecanada.ca/custom/python/wheelhouse/generic/smmap-5.0.0+computecanada-py3-none-any.whl
Requirement already satisfied: chardet<3.1.0,>=3.0.2 in /cvmfs/soft.computecanada.ca/easybuild/software/2017/Core/scipy-stack/2019a/lib/python3.7/site-packages (from requests<3,>=2.0.0->wandb) (3.0.4)
Requirement already satisfied: idna<2.9,>=2.5 in /cvmfs/soft.computecanada.ca/easybuild/software/2017/Core/scipy-stack/2019a/lib/python3.7/site-packages (from requests<3,>=2.0.0->wandb) (2.8)
Requirement already satisfied: certifi>=2017.4.17 in /cvmfs/soft.computecanada.ca/easybuild/software/2017/Core/scipy-stack/2019a/lib/python3.7/site-packages (from requests<3,>=2.0.0->wandb) (2018.11.29)
Requirement already satisfied: urllib3<1.25,>=1.21.1 in /cvmfs/soft.computecanada.ca/easybuild/software/2017/Core/scipy-stack/2019a/lib/python3.7/site-packages (from requests<3,>=2.0.0->wandb) (1.24.1)
Processing /cvmfs/soft.computecanada.ca/custom/python/wheelhouse/generic/termcolor-1.1.0+computecanada-py3-none-any.whl
Requirement already satisfied: zipp>=0.3.2 in /cvmfs/soft.computecanada.ca/easybuild/software/2017/Core/scipy-stack/2019a/lib/python3.7/site-packages (from importlib-metadata->Click!=8.0.0,>=7.0->wandb) (0.3.3)
Installing collected packages: smmap, typing-extensions, termcolor, six, gitdb, yaspin, subprocess32, shortuuid, sentry-sdk, PyYAML, psutil, protobuf, promise, pathtools, GitPython, docker-pycreds, configparser, Click, wandb
  Attempting uninstall: six
    Found existing installation: six 1.12.0
    Not uninstalling six at /cvmfs/soft.computecanada.ca/easybuild/software/2017/Core/scipy-stack/2019a/lib/python3.7/site-packages, outside environment /localscratch/yinan.27794534.0/env
    Can't uninstall 'six'. No files were found to uninstall.
Successfully installed Click-8.0.3+computecanada GitPython-3.1.24+computecanada PyYAML-5.3.1+computecanada configparser-5.0.2+computecanada docker-pycreds-0.4.0+computecanada gitdb-4.0.9+computecanada pathtools-0.1.2+computecanada promise-2.3+computecanada protobuf-3.19.3+computecanada psutil-5.7.3+computecanada sentry-sdk-1.5.0+computecanada shortuuid-1.0.1+computecanada six-1.16.0+computecanada smmap-5.0.0+computecanada subprocess32-3.5.4+computecanada termcolor-1.1.0+computecanada typing-extensions-4.0.1+computecanada wandb-0.12.5+computecanada yaspin-2.1.0+computecanada
Looking in links: /cvmfs/soft.computecanada.ca/custom/python/wheelhouse/nix/avx2, /cvmfs/soft.computecanada.ca/custom/python/wheelhouse/nix/generic, /cvmfs/soft.computecanada.ca/custom/python/wheelhouse/generic
ERROR: Could not find a version that satisfies the requirement sagemaker (from versions: none)
ERROR: No matching distribution found for sagemaker
Looking in links: /cvmfs/soft.computecanada.ca/custom/python/wheelhouse/nix/avx2, /cvmfs/soft.computecanada.ca/custom/python/wheelhouse/nix/generic, /cvmfs/soft.computecanada.ca/custom/python/wheelhouse/generic
Processing /cvmfs/soft.computecanada.ca/custom/python/wheelhouse/generic/torch-1.9.1+computecanada-cp37-cp37m-linux_x86_64.whl
Requirement already satisfied: typing-extensions in /localscratch/yinan.27794534.0/env/lib/python3.7/site-packages (from torch) (4.0.1+computecanada)
Installing collected packages: torch
Successfully installed torch-1.9.1+computecanada
Looking in links: /cvmfs/soft.computecanada.ca/custom/python/wheelhouse/nix/avx2, /cvmfs/soft.computecanada.ca/custom/python/wheelhouse/nix/generic, /cvmfs/soft.computecanada.ca/custom/python/wheelhouse/generic
Processing /cvmfs/soft.computecanada.ca/custom/python/wheelhouse/generic/transformers-2.5.1+computecanada-py3-none-any.whl
Processing /cvmfs/soft.computecanada.ca/custom/python/wheelhouse/generic/regex-2020.11.13+computecanada-cp37-cp37m-linux_x86_64.whl
Requirement already satisfied: numpy in /cvmfs/soft.computecanada.ca/easybuild/software/2017/Core/scipy-stack/2019a/lib/python3.7/site-packages (from transformers==2.5.1+computecanada) (1.16.0)
Processing /cvmfs/soft.computecanada.ca/custom/python/wheelhouse/generic/sacremoses-0.0.46+computecanada-py3-none-any.whl
Processing /cvmfs/soft.computecanada.ca/custom/python/wheelhouse/generic/boto3-1.20.52+computecanada-py3-none-any.whl
Processing /cvmfs/soft.computecanada.ca/custom/python/wheelhouse/generic/filelock-3.4.2+computecanada-py3-none-any.whl
Processing /cvmfs/soft.computecanada.ca/custom/python/wheelhouse/generic/tokenizers-0.5.2+computecanada-cp37-cp37m-linux_x86_64.whl
Processing /cvmfs/soft.computecanada.ca/custom/python/wheelhouse/generic/sentencepiece-0.1.91+computecanada-cp37-cp37m-linux_x86_64.whl
Processing /cvmfs/soft.computecanada.ca/custom/python/wheelhouse/generic/tqdm-4.62.3+computecanada-py2.py3-none-any.whl
Requirement already satisfied: requests in /cvmfs/soft.computecanada.ca/easybuild/software/2017/Core/scipy-stack/2019a/lib/python3.7/site-packages (from transformers==2.5.1+computecanada) (2.21.0)
Processing /cvmfs/soft.computecanada.ca/custom/python/wheelhouse/generic/botocore-1.23.52+computecanada-py3-none-any.whl
Processing /cvmfs/soft.computecanada.ca/custom/python/wheelhouse/generic/s3transfer-0.5.1+computecanada-py3-none-any.whl
Processing /cvmfs/soft.computecanada.ca/custom/python/wheelhouse/generic/jmespath-0.10.0+computecanada-py2.py3-none-any.whl
Processing /cvmfs/soft.computecanada.ca/custom/python/wheelhouse/generic/urllib3-1.26.8+computecanada-py2.py3-none-any.whl
Requirement already satisfied: python-dateutil<3.0.0,>=2.1 in /cvmfs/soft.computecanada.ca/easybuild/software/2017/Core/scipy-stack/2019a/lib/python3.7/site-packages (from botocore<1.24.0,>=1.23.52->boto3->transformers==2.5.1+computecanada) (2.7.5)
Requirement already satisfied: six>=1.5 in /localscratch/yinan.27794534.0/env/lib/python3.7/site-packages (from python-dateutil<3.0.0,>=2.1->botocore<1.24.0,>=1.23.52->boto3->transformers==2.5.1+computecanada) (1.16.0+computecanada)
Processing /cvmfs/soft.computecanada.ca/custom/python/wheelhouse/generic/requests-2.27.1+computecanada-py2.py3-none-any.whl
Processing /cvmfs/soft.computecanada.ca/custom/python/wheelhouse/generic/charset_normalizer-2.0.11+computecanada-py3-none-any.whl
Requirement already satisfied: certifi>=2017.4.17 in /cvmfs/soft.computecanada.ca/easybuild/software/2017/Core/scipy-stack/2019a/lib/python3.7/site-packages (from requests->transformers==2.5.1+computecanada) (2018.11.29)
Requirement already satisfied: idna<4,>=2.5 in /cvmfs/soft.computecanada.ca/easybuild/software/2017/Core/scipy-stack/2019a/lib/python3.7/site-packages (from requests->transformers==2.5.1+computecanada) (2.8)
Processing /cvmfs/soft.computecanada.ca/custom/python/wheelhouse/generic/joblib-1.1.0+computecanada-py2.py3-none-any.whl
Requirement already satisfied: click in /localscratch/yinan.27794534.0/env/lib/python3.7/site-packages (from sacremoses->transformers==2.5.1+computecanada) (8.0.3+computecanada)
Requirement already satisfied: importlib-metadata in /cvmfs/soft.computecanada.ca/easybuild/software/2017/Core/scipy-stack/2019a/lib/python3.7/site-packages (from click->sacremoses->transformers==2.5.1+computecanada) (0.8)
Requirement already satisfied: zipp>=0.3.2 in /cvmfs/soft.computecanada.ca/easybuild/software/2017/Core/scipy-stack/2019a/lib/python3.7/site-packages (from importlib-metadata->click->sacremoses->transformers==2.5.1+computecanada) (0.3.3)
Installing collected packages: urllib3, jmespath, botocore, tqdm, s3transfer, regex, joblib, charset-normalizer, tokenizers, sentencepiece, sacremoses, requests, filelock, boto3, transformers
  Attempting uninstall: urllib3
    Found existing installation: urllib3 1.24.1
    Not uninstalling urllib3 at /cvmfs/soft.computecanada.ca/easybuild/software/2017/Core/scipy-stack/2019a/lib/python3.7/site-packages, outside environment /localscratch/yinan.27794534.0/env
    Can't uninstall 'urllib3'. No files were found to uninstall.
  Attempting uninstall: requests
    Found existing installation: requests 2.21.0
    Not uninstalling requests at /cvmfs/soft.computecanada.ca/easybuild/software/2017/Core/scipy-stack/2019a/lib/python3.7/site-packages, outside environment /localscratch/yinan.27794534.0/env
    Can't uninstall 'requests'. No files were found to uninstall.
Successfully installed boto3-1.20.52+computecanada botocore-1.23.52+computecanada charset-normalizer-2.0.11+computecanada filelock-3.4.2+computecanada jmespath-0.10.0+computecanada joblib-1.1.0+computecanada regex-2020.11.13+computecanada requests-2.27.1+computecanada s3transfer-0.5.1+computecanada sacremoses-0.0.46+computecanada sentencepiece-0.1.91+computecanada tokenizers-0.5.2+computecanada tqdm-4.62.3+computecanada transformers-2.5.1+computecanada urllib3-1.26.8+computecanada
Looking in links: /cvmfs/soft.computecanada.ca/custom/python/wheelhouse/nix/avx2, /cvmfs/soft.computecanada.ca/custom/python/wheelhouse/nix/generic, /cvmfs/soft.computecanada.ca/custom/python/wheelhouse/generic
Processing /cvmfs/soft.computecanada.ca/custom/python/wheelhouse/generic/tensorflow_gpu-2.3.0+computecanada-cp37-cp37m-linux_x86_64.whl
Processing /cvmfs/soft.computecanada.ca/custom/python/wheelhouse/generic/astunparse-1.6.3+computecanada-py2.py3-none-any.whl
Processing /cvmfs/soft.computecanada.ca/custom/python/wheelhouse/generic/tensorboard-2.6.0+computecanada-py3-none-any.whl
Requirement already satisfied: termcolor>=1.1.0 in /localscratch/yinan.27794534.0/env/lib/python3.7/site-packages (from tensorflow_gpu==2.3.0+computecanada) (1.1.0+computecanada)
Processing /cvmfs/soft.computecanada.ca/custom/python/wheelhouse/generic/absl_py-1.0.0+computecanada-py3-none-any.whl
Processing /cvmfs/soft.computecanada.ca/custom/python/wheelhouse/generic/wrapt-1.11.2+computecanada-cp37-cp37m-linux_x86_64.whl
Requirement already satisfied: numpy<1.19.0,>=1.16.0 in /cvmfs/soft.computecanada.ca/easybuild/software/2017/Core/scipy-stack/2019a/lib/python3.7/site-packages (from tensorflow_gpu==2.3.0+computecanada) (1.16.0)
Processing /cvmfs/soft.computecanada.ca/custom/python/wheelhouse/nix/generic/scipy-1.4.1+computecanada-cp37-cp37m-linux_x86_64.whl
Processing /cvmfs/soft.computecanada.ca/custom/python/wheelhouse/generic/Keras_Preprocessing-1.1.2+computecanada-py3-none-any.whl
Requirement already satisfied: protobuf>=3.9.2 in /localscratch/yinan.27794534.0/env/lib/python3.7/site-packages (from tensorflow_gpu==2.3.0+computecanada) (3.19.3+computecanada)
Requirement already satisfied: six>=1.12.0 in /localscratch/yinan.27794534.0/env/lib/python3.7/site-packages (from tensorflow_gpu==2.3.0+computecanada) (1.16.0+computecanada)
Processing /cvmfs/soft.computecanada.ca/custom/python/wheelhouse/nix/avx2/h5py-2.10.0+computecanada-cp37-cp37m-linux_x86_64.whl
Processing /cvmfs/soft.computecanada.ca/custom/python/wheelhouse/generic/gast-0.3.3+computecanada-py3-none-any.whl
Processing /cvmfs/soft.computecanada.ca/custom/python/wheelhouse/generic/opt_einsum-3.3.0+computecanada-py3-none-any.whl
Processing /cvmfs/soft.computecanada.ca/custom/python/wheelhouse/generic/tensorflow_estimator-2.3.0+computecanada-py2.py3-none-any.whl
Processing /cvmfs/soft.computecanada.ca/custom/python/wheelhouse/generic/grpcio-1.38.0+computecanada-cp37-cp37m-linux_x86_64.whl
Processing /cvmfs/soft.computecanada.ca/custom/python/wheelhouse/generic/google_pasta-0.2.0+computecanada-py3-none-any.whl
Requirement already satisfied: wheel>=0.26 in /localscratch/yinan.27794534.0/env/lib/python3.7/site-packages (from tensorflow_gpu==2.3.0+computecanada) (0.33.4)
Processing /cvmfs/soft.computecanada.ca/custom/python/wheelhouse/generic/tensorboard_plugin_wit-1.8.0+computecanada-py3-none-any.whl
Processing /cvmfs/soft.computecanada.ca/custom/python/wheelhouse/generic/google_auth-1.35.0+computecanada-py2.py3-none-any.whl
Processing /cvmfs/soft.computecanada.ca/custom/python/wheelhouse/generic/Markdown-3.3.6+computecanada-py3-none-any.whl
Processing /cvmfs/soft.computecanada.ca/custom/python/wheelhouse/generic/tensorboard_data_server-0.6.1+computecanada-py3-none-linux_x86_64.whl
Requirement already satisfied: setuptools>=41.0.0 in /localscratch/yinan.27794534.0/env/lib/python3.7/site-packages (from tensorboard<3,>=2.3.0->tensorflow_gpu==2.3.0+computecanada) (41.0.1)
Requirement already satisfied: requests<3,>=2.21.0 in /localscratch/yinan.27794534.0/env/lib/python3.7/site-packages (from tensorboard<3,>=2.3.0->tensorflow_gpu==2.3.0+computecanada) (2.27.1+computecanada)
Processing /cvmfs/soft.computecanada.ca/custom/python/wheelhouse/generic/Werkzeug-2.0.3+computecanada-py3-none-any.whl
Processing /cvmfs/soft.computecanada.ca/custom/python/wheelhouse/generic/google_auth_oauthlib-0.4.6+computecanada-py2.py3-none-any.whl
Processing /cvmfs/soft.computecanada.ca/custom/python/wheelhouse/generic/pyasn1_modules-0.2.8+computecanada-py2.py3-none-any.whl
Processing /cvmfs/soft.computecanada.ca/custom/python/wheelhouse/generic/cachetools-4.2.4+computecanada-py3-none-any.whl
Processing /cvmfs/soft.computecanada.ca/custom/python/wheelhouse/generic/rsa-4.8+computecanada-py3-none-any.whl
Processing /cvmfs/soft.computecanada.ca/custom/python/wheelhouse/generic/requests_oauthlib-1.3.0+computecanada-py2.py3-none-any.whl
Processing /cvmfs/soft.computecanada.ca/custom/python/wheelhouse/generic/importlib_metadata-4.10.1+computecanada-py3-none-any.whl
Requirement already satisfied: typing-extensions>=3.6.4 in /localscratch/yinan.27794534.0/env/lib/python3.7/site-packages (from importlib-metadata>=4.4->markdown>=2.6.8->tensorboard<3,>=2.3.0->tensorflow_gpu==2.3.0+computecanada) (4.0.1+computecanada)
Processing /cvmfs/soft.computecanada.ca/custom/python/wheelhouse/generic/zipp-3.7.0+computecanada-py3-none-any.whl
Processing /cvmfs/soft.computecanada.ca/custom/python/wheelhouse/generic/pyasn1-0.4.8+computecanada-py2.py3-none-any.whl
Requirement already satisfied: urllib3<1.27,>=1.21.1 in /localscratch/yinan.27794534.0/env/lib/python3.7/site-packages (from requests<3,>=2.21.0->tensorboard<3,>=2.3.0->tensorflow_gpu==2.3.0+computecanada) (1.26.8+computecanada)
Requirement already satisfied: idna<4,>=2.5 in /cvmfs/soft.computecanada.ca/easybuild/software/2017/Core/scipy-stack/2019a/lib/python3.7/site-packages (from requests<3,>=2.21.0->tensorboard<3,>=2.3.0->tensorflow_gpu==2.3.0+computecanada) (2.8)
Requirement already satisfied: certifi>=2017.4.17 in /cvmfs/soft.computecanada.ca/easybuild/software/2017/Core/scipy-stack/2019a/lib/python3.7/site-packages (from requests<3,>=2.21.0->tensorboard<3,>=2.3.0->tensorflow_gpu==2.3.0+computecanada) (2018.11.29)
Requirement already satisfied: charset-normalizer~=2.0.0 in /localscratch/yinan.27794534.0/env/lib/python3.7/site-packages (from requests<3,>=2.21.0->tensorboard<3,>=2.3.0->tensorflow_gpu==2.3.0+computecanada) (2.0.11+computecanada)
Processing /cvmfs/soft.computecanada.ca/custom/python/wheelhouse/generic/oauthlib-3.1.1+computecanada-py2.py3-none-any.whl
Installing collected packages: pyasn1, zipp, rsa, pyasn1-modules, oauthlib, cachetools, requests-oauthlib, importlib-metadata, google-auth, werkzeug, tensorboard-plugin-wit, tensorboard-data-server, markdown, grpcio, google-auth-oauthlib, absl-py, wrapt, tensorflow-estimator, tensorboard, scipy, opt-einsum, keras-preprocessing, h5py, google-pasta, gast, astunparse, tensorflow-gpu
  Attempting uninstall: pyasn1
    Found existing installation: pyasn1 0.4.3
    Not uninstalling pyasn1 at /cvmfs/soft.computecanada.ca/easybuild/software/2017/Core/scipy-stack/2019a/lib/python3.7/site-packages, outside environment /localscratch/yinan.27794534.0/env
    Can't uninstall 'pyasn1'. No files were found to uninstall.
  Attempting uninstall: zipp
    Found existing installation: zipp 0.3.3
    Not uninstalling zipp at /cvmfs/soft.computecanada.ca/easybuild/software/2017/Core/scipy-stack/2019a/lib/python3.7/site-packages, outside environment /localscratch/yinan.27794534.0/env
    Can't uninstall 'zipp'. No files were found to uninstall.
  Attempting uninstall: importlib-metadata
    Found existing installation: importlib-metadata 0.8
    Not uninstalling importlib-metadata at /cvmfs/soft.computecanada.ca/easybuild/software/2017/Core/scipy-stack/2019a/lib/python3.7/site-packages, outside environment /localscratch/yinan.27794534.0/env
    Can't uninstall 'importlib-metadata'. No files were found to uninstall.
  Attempting uninstall: scipy
    Found existing installation: scipy 1.2.0
    Not uninstalling scipy at /cvmfs/soft.computecanada.ca/easybuild/software/2017/Core/scipy-stack/2019a/lib/python3.7/site-packages, outside environment /localscratch/yinan.27794534.0/env
    Can't uninstall 'scipy'. No files were found to uninstall.
Successfully installed absl-py-1.0.0+computecanada astunparse-1.6.3+computecanada cachetools-4.2.4+computecanada gast-0.3.3+computecanada google-auth-1.35.0+computecanada google-auth-oauthlib-0.4.6+computecanada google-pasta-0.2.0+computecanada grpcio-1.38.0+computecanada h5py-2.10.0+computecanada importlib-metadata-4.10.1+computecanada keras-preprocessing-1.1.2+computecanada markdown-3.3.6+computecanada oauthlib-3.1.1+computecanada opt-einsum-3.3.0+computecanada pyasn1-0.4.8+computecanada pyasn1-modules-0.2.8+computecanada requests-oauthlib-1.3.0+computecanada rsa-4.8+computecanada scipy-1.4.1+computecanada tensorboard-2.6.0+computecanada tensorboard-data-server-0.6.1+computecanada tensorboard-plugin-wit-1.8.0+computecanada tensorflow-estimator-2.3.0+computecanada tensorflow-gpu-2.3.0+computecanada werkzeug-2.0.3+computecanada wrapt-1.11.2+computecanada zipp-3.7.0+computecanada
Looking in links: /cvmfs/soft.computecanada.ca/custom/python/wheelhouse/nix/avx2, /cvmfs/soft.computecanada.ca/custom/python/wheelhouse/nix/generic, /cvmfs/soft.computecanada.ca/custom/python/wheelhouse/generic
Processing /cvmfs/soft.computecanada.ca/custom/python/wheelhouse/generic/keras-2.7.0+computecanada-py2.py3-none-any.whl
Installing collected packages: Keras
Successfully installed Keras-2.7.0+computecanada
Looking in links: /cvmfs/soft.computecanada.ca/custom/python/wheelhouse/nix/avx2, /cvmfs/soft.computecanada.ca/custom/python/wheelhouse/nix/generic, /cvmfs/soft.computecanada.ca/custom/python/wheelhouse/generic
Processing /cvmfs/soft.computecanada.ca/custom/python/wheelhouse/generic/urllib3-1.26.7+computecanada-py2.py3-none-any.whl
Installing collected packages: urllib3
  Attempting uninstall: urllib3
    Found existing installation: urllib3 1.26.8+computecanada
    Uninstalling urllib3-1.26.8+computecanada:
      Successfully uninstalled urllib3-1.26.8+computecanada
Successfully installed urllib3-1.26.7+computecanada
Looking in links: /cvmfs/soft.computecanada.ca/custom/python/wheelhouse/nix/avx2, /cvmfs/soft.computecanada.ca/custom/python/wheelhouse/nix/generic, /cvmfs/soft.computecanada.ca/custom/python/wheelhouse/generic
Processing /cvmfs/soft.computecanada.ca/custom/python/wheelhouse/generic/nltk-3.7+computecanada-py3-none-any.whl
Requirement already satisfied: tqdm in /localscratch/yinan.27794534.0/env/lib/python3.7/site-packages (from nltk) (4.62.3+computecanada)
Requirement already satisfied: click in /localscratch/yinan.27794534.0/env/lib/python3.7/site-packages (from nltk) (8.0.3+computecanada)
Requirement already satisfied: joblib in /localscratch/yinan.27794534.0/env/lib/python3.7/site-packages (from nltk) (1.1.0+computecanada)
Processing /cvmfs/soft.computecanada.ca/custom/python/wheelhouse/generic/nltk-3.6.5+computecanada-py3-none-any.whl
Processing /cvmfs/soft.computecanada.ca/custom/python/wheelhouse/generic/nltk-3.6.3+computecanada-py3-none-any.whl
Requirement already satisfied: regex in /localscratch/yinan.27794534.0/env/lib/python3.7/site-packages (from nltk) (2020.11.13+computecanada)
Requirement already satisfied: importlib-metadata in /localscratch/yinan.27794534.0/env/lib/python3.7/site-packages (from click->nltk) (4.10.1+computecanada)
Requirement already satisfied: zipp>=0.5 in /localscratch/yinan.27794534.0/env/lib/python3.7/site-packages (from importlib-metadata->click->nltk) (3.7.0+computecanada)
Requirement already satisfied: typing-extensions>=3.6.4 in /localscratch/yinan.27794534.0/env/lib/python3.7/site-packages (from importlib-metadata->click->nltk) (4.0.1+computecanada)
Installing collected packages: nltk
Successfully installed nltk-3.6.3+computecanada
Looking in links: /cvmfs/soft.computecanada.ca/custom/python/wheelhouse/nix/avx2, /cvmfs/soft.computecanada.ca/custom/python/wheelhouse/nix/generic, /cvmfs/soft.computecanada.ca/custom/python/wheelhouse/generic
Processing /cvmfs/soft.computecanada.ca/custom/python/wheelhouse/generic/scikit_learn-0.22.1+computecanada-cp37-cp37m-linux_x86_64.whl
Requirement already satisfied: joblib>=0.11 in /localscratch/yinan.27794534.0/env/lib/python3.7/site-packages (from scikit-learn==0.22.1) (1.1.0+computecanada)
Requirement already satisfied: scipy>=0.17.0 in /localscratch/yinan.27794534.0/env/lib/python3.7/site-packages (from scikit-learn==0.22.1) (1.4.1+computecanada)
Requirement already satisfied: numpy>=1.11.0 in /cvmfs/soft.computecanada.ca/easybuild/software/2017/Core/scipy-stack/2019a/lib/python3.7/site-packages (from scikit-learn==0.22.1) (1.16.0)
Installing collected packages: scikit-learn
Successfully installed scikit-learn-0.22.1+computecanada
Looking in links: /cvmfs/soft.computecanada.ca/custom/python/wheelhouse/nix/avx2, /cvmfs/soft.computecanada.ca/custom/python/wheelhouse/nix/generic, /cvmfs/soft.computecanada.ca/custom/python/wheelhouse/generic
Requirement already satisfied: tokenizers==0.5.2 in /localscratch/yinan.27794534.0/env/lib/python3.7/site-packages (0.5.2+computecanada)
wandb: Appending key for api.wandb.ai to your netrc file: /home/yinan/.netrc
Starting Task
2022-02-25 10:39:40.957615: I tensorflow/stream_executor/platform/default/dso_loader.cc:48] Successfully opened dynamic library libcudart.so.10.1
[nltk_data] Downloading package stopwords to /home/yinan/nltk_data...
[nltk_data]   Package stopwords is already up-to-date!
[nltk_data] Downloading package wordnet to /home/yinan/nltk_data...
[nltk_data]   Package wordnet is already up-to-date!
wandb: Currently logged in as: yinanazhou (use `wandb login --relogin` to force relogin)
wandb: wandb version 0.12.10 is available!  To upgrade, please run:
wandb:  $ pip install wandb --upgrade
2022-02-25 10:39:51.126649: I tensorflow/stream_executor/platform/default/dso_loader.cc:48] Successfully opened dynamic library libcudart.so.10.1
wandb: Tracking run with wandb version 0.12.5
wandb: Syncing run comfy-star-1
wandb: â­ï¸ View project at https://wandb.ai/yinanazhou/xl_512_bs_8_lr_1e07_es_20_lc_False_nr_False_stem_False_lemma_False_repeat_1_fold_1
wandb: ðŸš€ View run at https://wandb.ai/yinanazhou/xl_512_bs_8_lr_1e07_es_20_lc_False_nr_False_stem_False_lemma_False_repeat_1_fold_1/runs/yrlbodn4
wandb: Run data is saved locally in /project/6002780/yinan/Thesis_MER_Lyrics/lyric-emotion/wandb/run-20220225_103948-yrlbodn4
wandb: Run `wandb offline` to turn off syncing.

Validation loss decreased (inf --> 1.447266).  Saving model ...
Validation loss decreased (1.447266 --> 1.437970).  Saving model ...
Validation loss decreased (1.437970 --> 1.428082).  Saving model ...
Validation loss decreased (1.428082 --> 1.419422).  Saving model ...
Validation loss decreased (1.419422 --> 1.410801).  Saving model ...
Validation loss decreased (1.410801 --> 1.403790).  Saving model ...
Validation loss decreased (1.403790 --> 1.396325).  Saving model ...
Validation loss decreased (1.396325 --> 1.389933).  Saving model ...
Validation loss decreased (1.389933 --> 1.384976).  Saving model ...
Validation loss decreased (1.384976 --> 1.378998).  Saving model ...
Validation loss decreased (1.378998 --> 1.372438).  Saving model ...
Validation loss decreased (1.372438 --> 1.367018).  Saving model ...
Validation loss decreased (1.367018 --> 1.361318).  Saving model ...
Validation loss decreased (1.361318 --> 1.357056).  Saving model ...
Validation loss decreased (1.357056 --> 1.352462).  Saving model ...
Validation loss decreased (1.352462 --> 1.347467).  Saving model ...
Validation loss decreased (1.347467 --> 1.343710).  Saving model ...
Validation loss decreased (1.343710 --> 1.339687).  Saving model ...
Validation loss decreased (1.339687 --> 1.335850).  Saving model ...
Validation loss decreased (1.335850 --> 1.331873).  Saving model ...
Validation loss decreased (1.331873 --> 1.327640).  Saving model ...
Validation loss decreased (1.327640 --> 1.324385).  Saving model ...
Validation loss decreased (1.324385 --> 1.320620).  Saving model ...
Validation loss decreased (1.320620 --> 1.316456).  Saving model ...
Validation loss decreased (1.316456 --> 1.312808).  Saving model ...
Validation loss decreased (1.312808 --> 1.309726).  Saving model ...
Validation loss decreased (1.309726 --> 1.306804).  Saving model ...
Validation loss decreased (1.306804 --> 1.303609).  Saving model ...
Validation loss decreased (1.303609 --> 1.300115).  Saving model ...
Validation loss decreased (1.300115 --> 1.296964).  Saving model ...
Validation loss decreased (1.296964 --> 1.294100).  Saving model ...
Validation loss decreased (1.294100 --> 1.291073).  Saving model ...
Validation loss decreased (1.291073 --> 1.288614).  Saving model ...
Validation loss decreased (1.288614 --> 1.285543).  Saving model ...
Validation loss decreased (1.285543 --> 1.282380).  Saving model ...
Validation loss decreased (1.282380 --> 1.279665).  Saving model ...
Validation loss decreased (1.279665 --> 1.277156).  Saving model ...
Validation loss decreased (1.277156 --> 1.274100).  Saving model ...
Validation loss decreased (1.274100 --> 1.271296).  Saving model ...
Validation loss decreased (1.271296 --> 1.268631).  Saving model ...
Validation loss decreased (1.268631 --> 1.265496).  Saving model ...
Validation loss decreased (1.265496 --> 1.262232).  Saving model ...
Validation loss decreased (1.262232 --> 1.259580).  Saving model ...
Validation loss decreased (1.259580 --> 1.257002).  Saving model ...
Validation loss decreased (1.257002 --> 1.254105).  Saving model ...
Validation loss decreased (1.254105 --> 1.250817).  Saving model ...
Validation loss decreased (1.250817 --> 1.248023).  Saving model ...
Validation loss decreased (1.248023 --> 1.245421).  Saving model ...
Validation loss decreased (1.245421 --> 1.242726).  Saving model ...
Validation loss decreased (1.242726 --> 1.240046).  Saving model ...
Validation loss decreased (1.240046 --> 1.236974).  Saving model ...
Validation loss decreased (1.236974 --> 1.234185).  Saving model ...
Validation loss decreased (1.234185 --> 1.232467).  Saving model ...
Validation loss decreased (1.232467 --> 1.230033).  Saving model ...
Validation loss decreased (1.230033 --> 1.227734).  Saving model ...
Validation loss decreased (1.227734 --> 1.225117).  Saving model ...
Validation loss decreased (1.225117 --> 1.222807).  Saving model ...
Validation loss decreased (1.222807 --> 1.220420).  Saving model ...
Validation loss decreased (1.220420 --> 1.217257).  Saving model ...
Validation loss decreased (1.217257 --> 1.214080).  Saving model ...
Validation loss decreased (1.214080 --> 1.211504).  Saving model ...
Validation loss decreased (1.211504 --> 1.209025).  Saving model ...
Validation loss decreased (1.209025 --> 1.206252).  Saving model ...
Validation loss decreased (1.206252 --> 1.203766).  Saving model ...
Validation loss decreased (1.203766 --> 1.201381).  Saving model ...
Validation loss decreased (1.201381 --> 1.199346).  Saving model ...
Validation loss decreased (1.199346 --> 1.195874).  Saving model ...
Validation loss decreased (1.195874 --> 1.193373).  Saving model ...
Validation loss decreased (1.193373 --> 1.190509).  Saving model ...
Validation loss decreased (1.190509 --> 1.188051).  Saving model ...
Validation loss decreased (1.188051 --> 1.185908).  Saving model ...
Validation loss decreased (1.185908 --> 1.182441).  Saving model ...
Validation loss decreased (1.182441 --> 1.180518).  Saving model ...
Validation loss decreased (1.180518 --> 1.177906).  Saving model ...
Validation loss decreased (1.177906 --> 1.175591).  Saving model ...
Validation loss decreased (1.175591 --> 1.172585).  Saving model ...
Validation loss decreased (1.172585 --> 1.170681).  Saving model ...
Validation loss decreased (1.170681 --> 1.168675).  Saving model ...
Validation loss decreased (1.168675 --> 1.165697).  Saving model ...
Validation loss decreased (1.165697 --> 1.162733).  Saving model ...
Validation loss decreased (1.162733 --> 1.160420).  Saving model ...
Validation loss decreased (1.160420 --> 1.157852).  Saving model ...
Validation loss decreased (1.157852 --> 1.154953).  Saving model ...
Validation loss decreased (1.154953 --> 1.152608).  Saving model ...
Validation loss decreased (1.152608 --> 1.150433).  Saving model ...
Validation loss decreased (1.150433 --> 1.146321).  Saving model ...
Validation loss decreased (1.146321 --> 1.144510).  Saving model ...
Validation loss decreased (1.144510 --> 1.142464).  Saving model ...
Validation loss decreased (1.142464 --> 1.140439).  Saving model ...
Validation loss decreased (1.140439 --> 1.137561).  Saving model ...
Validation loss decreased (1.137561 --> 1.134989).  Saving model ...
Validation loss decreased (1.134989 --> 1.132545).  Saving model ...
Validation loss decreased (1.132545 --> 1.129488).  Saving model ...
Validation loss decreased (1.129488 --> 1.125604).  Saving model ...
Validation loss decreased (1.125604 --> 1.123842).  Saving model ...
Validation loss decreased (1.123842 --> 1.120446).  Saving model ...
Validation loss decreased (1.120446 --> 1.119579).  Saving model ...
Validation loss decreased (1.119579 --> 1.116534).  Saving model ...
Validation loss decreased (1.116534 --> 1.113922).  Saving model ...
Validation loss decreased (1.113922 --> 1.111873).  Saving model ...
Validation loss decreased (1.111873 --> 1.109070).  Saving model ...
Validation loss decreased (1.109070 --> 1.105903).  Saving model ...
Validation loss decreased (1.105903 --> 1.102078).  Saving model ...
Validation loss decreased (1.102078 --> 1.100934).  Saving model ...
EarlyStopping counter: 1 out of 20.0
EarlyStopping counter: 2 out of 20.0
Validation loss decreased (1.100934 --> 1.097475).  Saving model ...
Validation loss decreased (1.097475 --> 1.090840).  Saving model ...
Validation loss decreased (1.090840 --> 1.088853).  Saving model ...
Validation loss decreased (1.088853 --> 1.087111).  Saving model ...
Validation loss decreased (1.087111 --> 1.086100).  Saving model ...
Validation loss decreased (1.086100 --> 1.085459).  Saving model ...
EarlyStopping counter: 1 out of 20.0
Validation loss decreased (1.085459 --> 1.082830).  Saving model ...
Validation loss decreased (1.082830 --> 1.076488).  Saving model ...
Validation loss decreased (1.076488 --> 1.075228).  Saving model ...
Validation loss decreased (1.075228 --> 1.072619).  Saving model ...
Validation loss decreased (1.072619 --> 1.068811).  Saving model ...
EarlyStopping counter: 1 out of 20.0
Validation loss decreased (1.068811 --> 1.067721).  Saving model ...
Validation loss decreased (1.067721 --> 1.066020).  Saving model ...
Validation loss decreased (1.066020 --> 1.063806).  Saving model ...
Validation loss decreased (1.063806 --> 1.061452).  Saving model ...
Validation loss decreased (1.061452 --> 1.060221).  Saving model ...
Validation loss decreased (1.060221 --> 1.057816).  Saving model ...
Validation loss decreased (1.057816 --> 1.056333).  Saving model ...
Validation loss decreased (1.056333 --> 1.054592).  Saving model ...
EarlyStopping counter: 1 out of 20.0
Validation loss decreased (1.054592 --> 1.052147).  Saving model ...
Validation loss decreased (1.052147 --> 1.049725).  Saving model ...
Validation loss decreased (1.049725 --> 1.046112).  Saving model ...
EarlyStopping counter: 1 out of 20.0
EarlyStopping counter: 2 out of 20.0
EarlyStopping counter: 3 out of 20.0
EarlyStopping counter: 4 out of 20.0
Validation loss decreased (1.046112 --> 1.043559).  Saving model ...
Validation loss decreased (1.043559 --> 1.040102).  Saving model ...
EarlyStopping counter: 1 out of 20.0
EarlyStopping counter: 2 out of 20.0
Validation loss decreased (1.040102 --> 1.036209).  Saving model ...
Validation loss decreased (1.036209 --> 1.033615).  Saving model ...
EarlyStopping counter: 1 out of 20.0
Validation loss decreased (1.033615 --> 1.032157).  Saving model ...
Validation loss decreased (1.032157 --> 1.032104).  Saving model ...
Validation loss decreased (1.032104 --> 1.028753).  Saving model ...
Validation loss decreased (1.028753 --> 1.027747).  Saving model ...
Validation loss decreased (1.027747 --> 1.024468).  Saving model ...
Validation loss decreased (1.024468 --> 1.024419).  Saving model ...
Validation loss decreased (1.024419 --> 1.020536).  Saving model ...
EarlyStopping counter: 1 out of 20.0
EarlyStopping counter: 2 out of 20.0
Validation loss decreased (1.020536 --> 1.019872).  Saving model ...
Validation loss decreased (1.019872 --> 1.015223).  Saving model ...
Validation loss decreased (1.015223 --> 1.015153).  Saving model ...
EarlyStopping counter: 1 out of 20.0
EarlyStopping counter: 2 out of 20.0
Validation loss decreased (1.015153 --> 1.014514).  Saving model ...
Validation loss decreased (1.014514 --> 1.012840).  Saving model ...
Validation loss decreased (1.012840 --> 1.007441).  Saving model ...
EarlyStopping counter: 1 out of 20.0
EarlyStopping counter: 2 out of 20.0
EarlyStopping counter: 3 out of 20.0
EarlyStopping counter: 4 out of 20.0
EarlyStopping counter: 5 out of 20.0
EarlyStopping counter: 6 out of 20.0
Validation loss decreased (1.007441 --> 1.006093).  Saving model ...
EarlyStopping counter: 1 out of 20.0
EarlyStopping counter: 2 out of 20.0
EarlyStopping counter: 3 out of 20.0
Validation loss decreased (1.006093 --> 1.003951).  Saving model ...
EarlyStopping counter: 1 out of 20.0
Validation loss decreased (1.003951 --> 0.999011).  Saving model ...
EarlyStopping counter: 1 out of 20.0
EarlyStopping counter: 2 out of 20.0
Validation loss decreased (0.999011 --> 0.998733).  Saving model ...
Validation loss decreased (0.998733 --> 0.997306).  Saving model ...
Validation loss decreased (0.997306 --> 0.995317).  Saving model ...
Validation loss decreased (0.995317 --> 0.993892).  Saving model ...
EarlyStopping counter: 1 out of 20.0
EarlyStopping counter: 2 out of 20.0
Validation loss decreased (0.993892 --> 0.992318).  Saving model ...
EarlyStopping counter: 1 out of 20.0
EarlyStopping counter: 2 out of 20.0
Validation loss decreased (0.992318 --> 0.990441).  Saving model ...
Validation loss decreased (0.990441 --> 0.990026).  Saving model ...
Validation loss decreased (0.990026 --> 0.988669).  Saving model ...
EarlyStopping counter: 1 out of 20.0
Validation loss decreased (0.988669 --> 0.988235).  Saving model ...
Validation loss decreased (0.988235 --> 0.987834).  Saving model ...
EarlyStopping counter: 1 out of 20.0
Validation loss decreased (0.987834 --> 0.987612).  Saving model ...
Validation loss decreased (0.987612 --> 0.987303).  Saving model ...
Validation loss decreased (0.987303 --> 0.983879).  Saving model ...
Validation loss decreased (0.983879 --> 0.982175).  Saving model ...
Validation loss decreased (0.982175 --> 0.981865).  Saving model ...
Validation loss decreased (0.981865 --> 0.981380).  Saving model ...
EarlyStopping counter: 1 out of 20.0
Validation loss decreased (0.981380 --> 0.980810).  Saving model ...
Validation loss decreased (0.980810 --> 0.980567).  Saving model ...
EarlyStopping counter: 1 out of 20.0
Validation loss decreased (0.980567 --> 0.980537).  Saving model ...
Validation loss decreased (0.980537 --> 0.977889).  Saving model ...
EarlyStopping counter: 1 out of 20.0
EarlyStopping counter: 2 out of 20.0
Validation loss decreased (0.977889 --> 0.977818).  Saving model ...
EarlyStopping counter: 1 out of 20.0
EarlyStopping counter: 2 out of 20.0
Validation loss decreased (0.977818 --> 0.976537).  Saving model ...
EarlyStopping counter: 1 out of 20.0
EarlyStopping counter: 2 out of 20.0
EarlyStopping counter: 3 out of 20.0
EarlyStopping counter: 4 out of 20.0
EarlyStopping counter: 5 out of 20.0
EarlyStopping counter: 6 out of 20.0
EarlyStopping counter: 7 out of 20.0
Validation loss decreased (0.976537 --> 0.974283).  Saving model ...
Validation loss decreased (0.974283 --> 0.972175).  Saving model ...
Validation loss decreased (0.972175 --> 0.971662).  Saving model ...
Validation loss decreased (0.971662 --> 0.970684).  Saving model ...
EarlyStopping counter: 1 out of 20.0
Validation loss decreased (0.970684 --> 0.969559).  Saving model ...
EarlyStopping counter: 1 out of 20.0
Validation loss decreased (0.969559 --> 0.968793).  Saving model ...
Validation loss decreased (0.968793 --> 0.967654).  Saving model ...
EarlyStopping counter: 1 out of 20.0
Validation loss decreased (0.967654 --> 0.966751).  Saving model ...
EarlyStopping counter: 1 out of 20.0
EarlyStopping counter: 2 out of 20.0
EarlyStopping counter: 3 out of 20.0
EarlyStopping counter: 4 out of 20.0
Validation loss decreased (0.966751 --> 0.965659).  Saving model ...
Validation loss decreased (0.965659 --> 0.965253).  Saving model ...
Validation loss decreased (0.965253 --> 0.964719).  Saving model ...
EarlyStopping counter: 1 out of 20.0
Validation loss decreased (0.964719 --> 0.963148).  Saving model ...
EarlyStopping counter: 1 out of 20.0
EarlyStopping counter: 2 out of 20.0
Validation loss decreased (0.963148 --> 0.961735).  Saving model ...
EarlyStopping counter: 1 out of 20.0
EarlyStopping counter: 2 out of 20.0
EarlyStopping counter: 3 out of 20.0
Validation loss decreased (0.961735 --> 0.961624).  Saving model ...
EarlyStopping counter: 1 out of 20.0
EarlyStopping counter: 2 out of 20.0
EarlyStopping counter: 3 out of 20.0
Validation loss decreased (0.961624 --> 0.960949).  Saving model ...
EarlyStopping counter: 1 out of 20.0
EarlyStopping counter: 2 out of 20.0
EarlyStopping counter: 3 out of 20.0
EarlyStopping counter: 4 out of 20.0
EarlyStopping counter: 5 out of 20.0
Validation loss decreased (0.960949 --> 0.960329).  Saving model ...
EarlyStopping counter: 1 out of 20.0
EarlyStopping counter: 2 out of 20.0
EarlyStopping counter: 3 out of 20.0
EarlyStopping counter: 4 out of 20.0
EarlyStopping counter: 5 out of 20.0
EarlyStopping counter: 6 out of 20.0
EarlyStopping counter: 7 out of 20.0
EarlyStopping counter: 8 out of 20.0
EarlyStopping counter: 9 out of 20.0
EarlyStopping counter: 10 out of 20.0
EarlyStopping counter: 11 out of 20.0
EarlyStopping counter: 12 out of 20.0
EarlyStopping counter: 13 out of 20.0
EarlyStopping counter: 14 out of 20.0
EarlyStopping counter: 15 out of 20.0
EarlyStopping counter: 16 out of 20.0
EarlyStopping counter: 17 out of 20.0
EarlyStopping counter: 18 out of 20.0
EarlyStopping counter: 19 out of 20.0
EarlyStopping counter: 20 out of 20.0
/localscratch/yinan.27794534.0/env/lib/python3.7/site-packages/torch/nn/functional.py:1794: UserWarning: nn.functional.tanh is deprecated. Use torch.tanh instead.
  warnings.warn("nn.functional.tanh is deprecated. Use torch.tanh instead.")
/localscratch/yinan.27794534.0/env/lib/python3.7/site-packages/transformers/optimization.py:155: UserWarning: This overload of add_ is deprecated:
	add_(Number alpha, Tensor other)
Consider using one of the following signatures instead:
	add_(Tensor other, *, Number alpha) (Triggered internally at  ../torch/csrc/utils/python_arg_parser.cpp:1025.)
  exp_avg.mul_(beta1).add_(1.0 - beta1, grad)
wandb: Waiting for W&B process to finish, PID 7610... (success).
wandb: - 0.00MB of 0.00MB uploaded (0.00MB deduped)wandb: \ 0.00MB of 0.00MB uploaded (0.00MB deduped)wandb: | 0.00MB of 0.00MB uploaded (0.00MB deduped)wandb: / 0.00MB of 0.00MB uploaded (0.00MB deduped)wandb: - 0.00MB of 0.00MB uploaded (0.00MB deduped)wandb: \ 0.00MB of 0.00MB uploaded (0.00MB deduped)wandb: | 0.00MB of 0.00MB uploaded (0.00MB deduped)wandb: / 0.00MB of 0.00MB uploaded (0.00MB deduped)wandb: - 0.00MB of 0.00MB uploaded (0.00MB deduped)wandb: \ 0.00MB of 0.00MB uploaded (0.00MB deduped)wandb: | 0.00MB of 0.00MB uploaded (0.00MB deduped)wandb: / 0.00MB of 0.00MB uploaded (0.00MB deduped)wandb: - 0.00MB of 0.00MB uploaded (0.00MB deduped)wandb:                                                                                
wandb: Run history:
wandb:     e_F1 â–â–‚â–ƒâ–„â–…â–…â–…â–†â–†â–†â–†â–†â–†â–†â–‡â–‡â–‡â–‡â–‡â–ˆâ–‡â–ˆâ–ˆâ–ˆâ–ˆâ–ˆâ–ˆâ–ˆâ–ˆâ–ˆâ–ˆâ–ˆâ–ˆâ–ˆâ–ˆâ–ˆâ–ˆâ–ˆâ–ˆâ–ˆ
wandb:   e_loss â–ˆâ–ˆâ–‡â–†â–†â–†â–†â–…â–…â–…â–„â–„â–„â–„â–ƒâ–ƒâ–ƒâ–ƒâ–ƒâ–‚â–‚â–‚â–‚â–‚â–‚â–‚â–‚â–â–â–â–â–â–â–â–â–â–â–â–â–
wandb:     t_F1 â–â–â–‚â–‚â–ƒâ–ƒâ–„â–„â–„â–„â–…â–…â–…â–…â–…â–…â–…â–†â–†â–†â–†â–†â–‡â–‡â–‡â–‡â–‡â–‡â–‡â–‡â–ˆâ–‡â–‡â–ˆâ–ˆâ–ˆâ–ˆâ–ˆâ–ˆâ–ˆ
wandb:   t_loss â–ˆâ–ˆâ–ˆâ–‡â–‡â–‡â–‡â–†â–†â–†â–…â–…â–…â–…â–…â–„â–„â–„â–„â–„â–„â–ƒâ–ƒâ–ƒâ–ƒâ–ƒâ–ƒâ–‚â–‚â–‚â–‚â–‚â–‚â–‚â–‚â–â–â–â–â–
wandb: 
wandb: Run summary:
wandb:     e_F1 58.50926
wandb:   e_loss 0.96237
wandb:     t_F1 77.85834
wandb:   t_loss 0.64801
wandb: 
wandb: Synced 4 W&B file(s), 0 media file(s), 0 artifact file(s) and 0 other file(s)
wandb: Synced comfy-star-1: https://wandb.ai/yinanazhou/xl_512_bs_8_lr_1e07_es_20_lc_False_nr_False_stem_False_lemma_False_repeat_1_fold_1/runs/yrlbodn4
wandb: Find logs at: ./wandb/run-20220225_103948-yrlbodn4/logs/debug.log
wandb: 

wandb: wandb version 0.12.10 is available!  To upgrade, please run:
wandb:  $ pip install wandb --upgrade
2022-02-25 14:58:11.460150: I tensorflow/stream_executor/platform/default/dso_loader.cc:48] Successfully opened dynamic library libcudart.so.10.1
wandb: Tracking run with wandb version 0.12.5
wandb: Syncing run rural-field-1
wandb: â­ï¸ View project at https://wandb.ai/yinanazhou/xl_512_bs_8_lr_1e07_es_20_lc_False_nr_False_stem_False_lemma_False_repeat_1_fold_2
wandb: ðŸš€ View run at https://wandb.ai/yinanazhou/xl_512_bs_8_lr_1e07_es_20_lc_False_nr_False_stem_False_lemma_False_repeat_1_fold_2/runs/241qu4gu
wandb: Run data is saved locally in /project/6002780/yinan/Thesis_MER_Lyrics/lyric-emotion/wandb/run-20220225_145808-241qu4gu
wandb: Run `wandb offline` to turn off syncing.

Validation loss decreased (inf --> 1.389004).  Saving model ...
Validation loss decreased (1.389004 --> 1.384177).  Saving model ...
Validation loss decreased (1.384177 --> 1.380409).  Saving model ...
Validation loss decreased (1.380409 --> 1.376619).  Saving model ...
Validation loss decreased (1.376619 --> 1.373628).  Saving model ...
Validation loss decreased (1.373628 --> 1.370013).  Saving model ...
Validation loss decreased (1.370013 --> 1.366627).  Saving model ...
Validation loss decreased (1.366627 --> 1.364157).  Saving model ...
Validation loss decreased (1.364157 --> 1.361440).  Saving model ...
Validation loss decreased (1.361440 --> 1.359266).  Saving model ...
Validation loss decreased (1.359266 --> 1.357276).  Saving model ...
Validation loss decreased (1.357276 --> 1.355139).  Saving model ...
Validation loss decreased (1.355139 --> 1.353338).  Saving model ...
Validation loss decreased (1.353338 --> 1.351099).  Saving model ...
Validation loss decreased (1.351099 --> 1.349504).  Saving model ...
Validation loss decreased (1.349504 --> 1.347796).  Saving model ...
Validation loss decreased (1.347796 --> 1.345941).  Saving model ...
Validation loss decreased (1.345941 --> 1.343785).  Saving model ...
Validation loss decreased (1.343785 --> 1.342115).  Saving model ...
Validation loss decreased (1.342115 --> 1.340130).  Saving model ...
Validation loss decreased (1.340130 --> 1.338370).  Saving model ...
Validation loss decreased (1.338370 --> 1.337020).  Saving model ...
Validation loss decreased (1.337020 --> 1.335669).  Saving model ...
Validation loss decreased (1.335669 --> 1.334415).  Saving model ...
Validation loss decreased (1.334415 --> 1.332174).  Saving model ...
Validation loss decreased (1.332174 --> 1.330595).  Saving model ...
Validation loss decreased (1.330595 --> 1.329113).  Saving model ...
Validation loss decreased (1.329113 --> 1.327535).  Saving model ...
Validation loss decreased (1.327535 --> 1.325624).  Saving model ...
Validation loss decreased (1.325624 --> 1.324146).  Saving model ...
Validation loss decreased (1.324146 --> 1.322559).  Saving model ...
Validation loss decreased (1.322559 --> 1.320860).  Saving model ...
Validation loss decreased (1.320860 --> 1.319070).  Saving model ...
Validation loss decreased (1.319070 --> 1.316820).  Saving model ...
Validation loss decreased (1.316820 --> 1.315004).  Saving model ...
Validation loss decreased (1.315004 --> 1.313234).  Saving model ...
Validation loss decreased (1.313234 --> 1.311326).  Saving model ...
Validation loss decreased (1.311326 --> 1.309629).  Saving model ...
Validation loss decreased (1.309629 --> 1.307964).  Saving model ...
Validation loss decreased (1.307964 --> 1.305726).  Saving model ...
Validation loss decreased (1.305726 --> 1.303307).  Saving model ...
Validation loss decreased (1.303307 --> 1.300206).  Saving model ...
Validation loss decreased (1.300206 --> 1.297053).  Saving model ...
Validation loss decreased (1.297053 --> 1.294184).  Saving model ...
Validation loss decreased (1.294184 --> 1.291536).  Saving model ...
Validation loss decreased (1.291536 --> 1.289864).  Saving model ...
Validation loss decreased (1.289864 --> 1.288031).  Saving model ...
Validation loss decreased (1.288031 --> 1.285516).  Saving model ...
Validation loss decreased (1.285516 --> 1.282945).  Saving model ...
Validation loss decreased (1.282945 --> 1.280130).  Saving model ...
Validation loss decreased (1.280130 --> 1.277275).  Saving model ...
Validation loss decreased (1.277275 --> 1.274843).  Saving model ...
Validation loss decreased (1.274843 --> 1.272567).  Saving model ...
Validation loss decreased (1.272567 --> 1.268572).  Saving model ...
Validation loss decreased (1.268572 --> 1.265562).  Saving model ...
Validation loss decreased (1.265562 --> 1.264009).  Saving model ...
Validation loss decreased (1.264009 --> 1.261645).  Saving model ...
Validation loss decreased (1.261645 --> 1.258319).  Saving model ...
Validation loss decreased (1.258319 --> 1.255523).  Saving model ...
Validation loss decreased (1.255523 --> 1.251879).  Saving model ...
Validation loss decreased (1.251879 --> 1.248278).  Saving model ...
Validation loss decreased (1.248278 --> 1.243936).  Saving model ...
Validation loss decreased (1.243936 --> 1.240940).  Saving model ...
Validation loss decreased (1.240940 --> 1.237946).  Saving model ...
Validation loss decreased (1.237946 --> 1.235884).  Saving model ...
Validation loss decreased (1.235884 --> 1.232821).  Saving model ...
Validation loss decreased (1.232821 --> 1.230080).  Saving model ...
Validation loss decreased (1.230080 --> 1.227090).  Saving model ...
Validation loss decreased (1.227090 --> 1.223818).  Saving model ...
Validation loss decreased (1.223818 --> 1.220646).  Saving model ...
Validation loss decreased (1.220646 --> 1.217569).  Saving model ...
Validation loss decreased (1.217569 --> 1.215393).  Saving model ...
Validation loss decreased (1.215393 --> 1.211773).  Saving model ...
Validation loss decreased (1.211773 --> 1.208504).  Saving model ...
Validation loss decreased (1.208504 --> 1.205809).  Saving model ...
Validation loss decreased (1.205809 --> 1.203156).  Saving model ...
Validation loss decreased (1.203156 --> 1.199630).  Saving model ...
Validation loss decreased (1.199630 --> 1.195729).  Saving model ...
Validation loss decreased (1.195729 --> 1.192893).  Saving model ...
Validation loss decreased (1.192893 --> 1.189756).  Saving model ...
Validation loss decreased (1.189756 --> 1.186477).  Saving model ...
Validation loss decreased (1.186477 --> 1.183234).  Saving model ...
Validation loss decreased (1.183234 --> 1.181287).  Saving model ...
Validation loss decreased (1.181287 --> 1.178961).  Saving model ...
Validation loss decreased (1.178961 --> 1.175772).  Saving model ...
Validation loss decreased (1.175772 --> 1.172254).  Saving model ...
Validation loss decreased (1.172254 --> 1.168911).  Saving model ...
Validation loss decreased (1.168911 --> 1.164932).  Saving model ...
Validation loss decreased (1.164932 --> 1.161735).  Saving model ...
Validation loss decreased (1.161735 --> 1.158585).  Saving model ...
Validation loss decreased (1.158585 --> 1.154547).  Saving model ...
Validation loss decreased (1.154547 --> 1.151042).  Saving model ...
Validation loss decreased (1.151042 --> 1.148066).  Saving model ...
Validation loss decreased (1.148066 --> 1.144955).  Saving model ...
Validation loss decreased (1.144955 --> 1.142281).  Saving model ...
Validation loss decreased (1.142281 --> 1.139874).  Saving model ...
Validation loss decreased (1.139874 --> 1.136489).  Saving model ...
Validation loss decreased (1.136489 --> 1.133507).  Saving model ...
Validation loss decreased (1.133507 --> 1.130717).  Saving model ...
Validation loss decreased (1.130717 --> 1.128313).  Saving model ...
Validation loss decreased (1.128313 --> 1.125278).  Saving model ...
Validation loss decreased (1.125278 --> 1.122778).  Saving model ...
Validation loss decreased (1.122778 --> 1.119900).  Saving model ...
Validation loss decreased (1.119900 --> 1.117189).  Saving model ...
Validation loss decreased (1.117189 --> 1.111821).  Saving model ...
Validation loss decreased (1.111821 --> 1.108957).  Saving model ...
Validation loss decreased (1.108957 --> 1.106294).  Saving model ...
Validation loss decreased (1.106294 --> 1.104276).  Saving model ...
Validation loss decreased (1.104276 --> 1.101676).  Saving model ...
Validation loss decreased (1.101676 --> 1.098611).  Saving model ...
Validation loss decreased (1.098611 --> 1.096324).  Saving model ...
Validation loss decreased (1.096324 --> 1.095278).  Saving model ...
Validation loss decreased (1.095278 --> 1.092789).  Saving model ...
Validation loss decreased (1.092789 --> 1.091018).  Saving model ...
Validation loss decreased (1.091018 --> 1.088713).  Saving model ...
Validation loss decreased (1.088713 --> 1.084737).  Saving model ...
Validation loss decreased (1.084737 --> 1.080843).  Saving model ...
Validation loss decreased (1.080843 --> 1.079310).  Saving model ...
Validation loss decreased (1.079310 --> 1.076300).  Saving model ...
Validation loss decreased (1.076300 --> 1.073641).  Saving model ...
Validation loss decreased (1.073641 --> 1.070690).  Saving model ...
Validation loss decreased (1.070690 --> 1.067893).  Saving model ...
Validation loss decreased (1.067893 --> 1.065416).  Saving model ...
Validation loss decreased (1.065416 --> 1.062905).  Saving model ...
Validation loss decreased (1.062905 --> 1.061311).  Saving model ...
Validation loss decreased (1.061311 --> 1.059017).  Saving model ...
Validation loss decreased (1.059017 --> 1.056771).  Saving model ...
Validation loss decreased (1.056771 --> 1.054093).  Saving model ...
Validation loss decreased (1.054093 --> 1.051625).  Saving model ...
Validation loss decreased (1.051625 --> 1.049501).  Saving model ...
Validation loss decreased (1.049501 --> 1.047129).  Saving model ...
Validation loss decreased (1.047129 --> 1.045808).  Saving model ...
Validation loss decreased (1.045808 --> 1.044326).  Saving model ...
Validation loss decreased (1.044326 --> 1.042007).  Saving model ...
Validation loss decreased (1.042007 --> 1.039657).  Saving model ...
Validation loss decreased (1.039657 --> 1.037748).  Saving model ...
Validation loss decreased (1.037748 --> 1.036099).  Saving model ...
Validation loss decreased (1.036099 --> 1.034122).  Saving model ...
Validation loss decreased (1.034122 --> 1.031023).  Saving model ...
Validation loss decreased (1.031023 --> 1.028446).  Saving model ...
Validation loss decreased (1.028446 --> 1.026806).  Saving model ...
Validation loss decreased (1.026806 --> 1.024175).  Saving model ...
Validation loss decreased (1.024175 --> 1.023851).  Saving model ...
Validation loss decreased (1.023851 --> 1.021785).  Saving model ...
Validation loss decreased (1.021785 --> 1.018365).  Saving model ...
Validation loss decreased (1.018365 --> 1.016485).  Saving model ...
Validation loss decreased (1.016485 --> 1.014492).  Saving model ...
Validation loss decreased (1.014492 --> 1.013047).  Saving model ...
Validation loss decreased (1.013047 --> 1.011902).  Saving model ...
Validation loss decreased (1.011902 --> 1.010728).  Saving model ...
Validation loss decreased (1.010728 --> 1.008685).  Saving model ...
Validation loss decreased (1.008685 --> 1.006318).  Saving model ...
Validation loss decreased (1.006318 --> 1.004571).  Saving model ...
Validation loss decreased (1.004571 --> 1.003783).  Saving model ...
Validation loss decreased (1.003783 --> 1.001925).  Saving model ...
Validation loss decreased (1.001925 --> 1.000057).  Saving model ...
Validation loss decreased (1.000057 --> 0.998232).  Saving model ...
Validation loss decreased (0.998232 --> 0.997454).  Saving model ...
Validation loss decreased (0.997454 --> 0.995994).  Saving model ...
Validation loss decreased (0.995994 --> 0.994487).  Saving model ...
Validation loss decreased (0.994487 --> 0.992993).  Saving model ...
Validation loss decreased (0.992993 --> 0.991647).  Saving model ...
Validation loss decreased (0.991647 --> 0.990951).  Saving model ...
Validation loss decreased (0.990951 --> 0.988918).  Saving model ...
Validation loss decreased (0.988918 --> 0.986542).  Saving model ...
Validation loss decreased (0.986542 --> 0.985504).  Saving model ...
Validation loss decreased (0.985504 --> 0.983944).  Saving model ...
Validation loss decreased (0.983944 --> 0.983873).  Saving model ...
Validation loss decreased (0.983873 --> 0.982884).  Saving model ...
Validation loss decreased (0.982884 --> 0.981345).  Saving model ...
Validation loss decreased (0.981345 --> 0.980472).  Saving model ...
Validation loss decreased (0.980472 --> 0.978407).  Saving model ...
Validation loss decreased (0.978407 --> 0.976810).  Saving model ...
Validation loss decreased (0.976810 --> 0.975667).  Saving model ...
Validation loss decreased (0.975667 --> 0.974676).  Saving model ...
Validation loss decreased (0.974676 --> 0.972919).  Saving model ...
Validation loss decreased (0.972919 --> 0.972051).  Saving model ...
Validation loss decreased (0.972051 --> 0.971024).  Saving model ...
Validation loss decreased (0.971024 --> 0.969582).  Saving model ...
Validation loss decreased (0.969582 --> 0.968478).  Saving model ...
Validation loss decreased (0.968478 --> 0.967513).  Saving model ...
Validation loss decreased (0.967513 --> 0.966595).  Saving model ...
Validation loss decreased (0.966595 --> 0.964721).  Saving model ...
Validation loss decreased (0.964721 --> 0.963469).  Saving model ...
Validation loss decreased (0.963469 --> 0.963464).  Saving model ...
Validation loss decreased (0.963464 --> 0.961920).  Saving model ...
Validation loss decreased (0.961920 --> 0.960384).  Saving model ...
Validation loss decreased (0.960384 --> 0.959383).  Saving model ...
Validation loss decreased (0.959383 --> 0.958573).  Saving model ...
EarlyStopping counter: 1 out of 20.0
Validation loss decreased (0.958573 --> 0.957500).  Saving model ...
Validation loss decreased (0.957500 --> 0.956542).  Saving model ...
EarlyStopping counter: 1 out of 20.0
EarlyStopping counter: 2 out of 20.0
Validation loss decreased (0.956542 --> 0.955530).  Saving model ...
Validation loss decreased (0.955530 --> 0.954972).  Saving model ...
Validation loss decreased (0.954972 --> 0.953811).  Saving model ...
Validation loss decreased (0.953811 --> 0.951894).  Saving model ...
Validation loss decreased (0.951894 --> 0.950236).  Saving model ...
EarlyStopping counter: 1 out of 20.0
EarlyStopping counter: 2 out of 20.0
EarlyStopping counter: 3 out of 20.0
EarlyStopping counter: 4 out of 20.0
Validation loss decreased (0.950236 --> 0.949119).  Saving model ...
Validation loss decreased (0.949119 --> 0.948506).  Saving model ...
Validation loss decreased (0.948506 --> 0.948155).  Saving model ...
EarlyStopping counter: 1 out of 20.0
Validation loss decreased (0.948155 --> 0.946677).  Saving model ...
Validation loss decreased (0.946677 --> 0.945745).  Saving model ...
Validation loss decreased (0.945745 --> 0.945075).  Saving model ...
Validation loss decreased (0.945075 --> 0.943735).  Saving model ...
Validation loss decreased (0.943735 --> 0.941675).  Saving model ...
EarlyStopping counter: 1 out of 20.0
EarlyStopping counter: 2 out of 20.0
EarlyStopping counter: 3 out of 20.0
Validation loss decreased (0.941675 --> 0.941454).  Saving model ...
Validation loss decreased (0.941454 --> 0.939703).  Saving model ...
Validation loss decreased (0.939703 --> 0.939228).  Saving model ...
Validation loss decreased (0.939228 --> 0.938303).  Saving model ...
EarlyStopping counter: 1 out of 20.0
EarlyStopping counter: 2 out of 20.0
EarlyStopping counter: 3 out of 20.0
EarlyStopping counter: 4 out of 20.0
Validation loss decreased (0.938303 --> 0.938290).  Saving model ...
Validation loss decreased (0.938290 --> 0.935645).  Saving model ...
EarlyStopping counter: 1 out of 20.0
Validation loss decreased (0.935645 --> 0.935325).  Saving model ...
Validation loss decreased (0.935325 --> 0.935191).  Saving model ...
Validation loss decreased (0.935191 --> 0.934219).  Saving model ...
Validation loss decreased (0.934219 --> 0.934130).  Saving model ...
EarlyStopping counter: 1 out of 20.0
EarlyStopping counter: 2 out of 20.0
Validation loss decreased (0.934130 --> 0.933293).  Saving model ...
Validation loss decreased (0.933293 --> 0.931690).  Saving model ...
EarlyStopping counter: 1 out of 20.0
EarlyStopping counter: 2 out of 20.0
Validation loss decreased (0.931690 --> 0.931261).  Saving model ...
Validation loss decreased (0.931261 --> 0.930198).  Saving model ...
EarlyStopping counter: 1 out of 20.0
Validation loss decreased (0.930198 --> 0.930055).  Saving model ...
Validation loss decreased (0.930055 --> 0.929615).  Saving model ...
Validation loss decreased (0.929615 --> 0.928392).  Saving model ...
EarlyStopping counter: 1 out of 20.0
EarlyStopping counter: 2 out of 20.0
Validation loss decreased (0.928392 --> 0.928368).  Saving model ...
Validation loss decreased (0.928368 --> 0.925390).  Saving model ...
Validation loss decreased (0.925390 --> 0.924603).  Saving model ...
Validation loss decreased (0.924603 --> 0.923356).  Saving model ...
EarlyStopping counter: 1 out of 20.0
EarlyStopping counter: 2 out of 20.0
EarlyStopping counter: 3 out of 20.0
EarlyStopping counter: 4 out of 20.0
Validation loss decreased (0.923356 --> 0.922620).  Saving model ...
EarlyStopping counter: 1 out of 20.0
EarlyStopping counter: 2 out of 20.0
EarlyStopping counter: 3 out of 20.0
EarlyStopping counter: 4 out of 20.0
Validation loss decreased (0.922620 --> 0.921592).  Saving model ...
EarlyStopping counter: 1 out of 20.0
EarlyStopping counter: 2 out of 20.0
Validation loss decreased (0.921592 --> 0.920532).  Saving model ...
EarlyStopping counter: 1 out of 20.0
EarlyStopping counter: 2 out of 20.0
EarlyStopping counter: 3 out of 20.0
EarlyStopping counter: 4 out of 20.0
EarlyStopping counter: 5 out of 20.0
EarlyStopping counter: 6 out of 20.0
Validation loss decreased (0.920532 --> 0.920270).  Saving model ...
Validation loss decreased (0.920270 --> 0.919843).  Saving model ...
Validation loss decreased (0.919843 --> 0.919730).  Saving model ...
Validation loss decreased (0.919730 --> 0.919614).  Saving model ...
EarlyStopping counter: 1 out of 20.0
EarlyStopping counter: 2 out of 20.0
EarlyStopping counter: 3 out of 20.0
EarlyStopping counter: 4 out of 20.0
EarlyStopping counter: 5 out of 20.0
Validation loss decreased (0.919614 --> 0.919609).  Saving model ...
EarlyStopping counter: 1 out of 20.0
EarlyStopping counter: 2 out of 20.0
Validation loss decreased (0.919609 --> 0.919045).  Saving model ...
EarlyStopping counter: 1 out of 20.0
EarlyStopping counter: 2 out of 20.0
EarlyStopping counter: 3 out of 20.0
EarlyStopping counter: 4 out of 20.0
EarlyStopping counter: 5 out of 20.0
EarlyStopping counter: 6 out of 20.0
EarlyStopping counter: 7 out of 20.0
EarlyStopping counter: 8 out of 20.0
EarlyStopping counter: 9 out of 20.0
EarlyStopping counter: 10 out of 20.0
EarlyStopping counter: 11 out of 20.0
EarlyStopping counter: 12 out of 20.0
EarlyStopping counter: 13 out of 20.0
EarlyStopping counter: 14 out of 20.0
EarlyStopping counter: 15 out of 20.0
EarlyStopping counter: 16 out of 20.0
EarlyStopping counter: 17 out of 20.0
EarlyStopping counter: 18 out of 20.0
EarlyStopping counter: 19 out of 20.0
EarlyStopping counter: 20 out of 20.0
/localscratch/yinan.27794534.0/env/lib/python3.7/site-packages/torch/nn/functional.py:1794: UserWarning: nn.functional.tanh is deprecated. Use torch.tanh instead.
  warnings.warn("nn.functional.tanh is deprecated. Use torch.tanh instead.")
wandb: Waiting for W&B process to finish, PID 21423... (success).
wandb: - 0.00MB of 0.00MB uploaded (0.00MB deduped)wandb: \ 0.00MB of 0.00MB uploaded (0.00MB deduped)wandb: | 0.00MB of 0.00MB uploaded (0.00MB deduped)wandb: / 0.00MB of 0.00MB uploaded (0.00MB deduped)wandb: - 0.00MB of 0.00MB uploaded (0.00MB deduped)wandb: \ 0.00MB of 0.00MB uploaded (0.00MB deduped)wandb: | 0.00MB of 0.00MB uploaded (0.00MB deduped)wandb: / 0.00MB of 0.00MB uploaded (0.00MB deduped)wandb: - 0.00MB of 0.00MB uploaded (0.00MB deduped)wandb: \ 0.00MB of 0.00MB uploaded (0.00MB deduped)wandb: | 0.00MB of 0.00MB uploaded (0.00MB deduped)wandb: / 0.00MB of 0.00MB uploaded (0.00MB deduped)wandb: - 0.00MB of 0.00MB uploaded (0.00MB deduped)wandb:                                                                                
wandb: Run history:
wandb:     e_F1 â–â–â–‚â–‚â–ƒâ–ƒâ–„â–„â–…â–…â–†â–†â–†â–†â–†â–†â–‡â–‡â–‡â–‡â–‡â–‡â–‡â–ˆâ–ˆâ–ˆâ–ˆâ–ˆâ–ˆâ–‡â–ˆâ–ˆâ–ˆâ–ˆâ–ˆâ–ˆâ–ˆâ–ˆâ–ˆâ–ˆ
wandb:   e_loss â–ˆâ–ˆâ–ˆâ–‡â–‡â–‡â–‡â–†â–†â–†â–…â–…â–…â–„â–„â–„â–ƒâ–ƒâ–ƒâ–‚â–‚â–‚â–‚â–‚â–‚â–‚â–â–â–â–â–â–â–â–â–â–â–â–â–â–
wandb:     t_F1 â–â–‚â–‚â–‚â–‚â–ƒâ–ƒâ–ƒâ–„â–„â–„â–…â–…â–…â–…â–…â–…â–…â–…â–†â–†â–†â–†â–‡â–‡â–‡â–‡â–‡â–‡â–‡â–‡â–‡â–‡â–‡â–‡â–ˆâ–ˆâ–ˆâ–ˆâ–ˆ
wandb:   t_loss â–ˆâ–ˆâ–ˆâ–ˆâ–ˆâ–‡â–‡â–‡â–‡â–‡â–†â–†â–†â–†â–†â–…â–…â–…â–…â–„â–„â–„â–„â–„â–ƒâ–ƒâ–ƒâ–ƒâ–ƒâ–ƒâ–ƒâ–‚â–‚â–‚â–‚â–‚â–â–â–â–
wandb: 
wandb: Run summary:
wandb:     e_F1 63.04602
wandb:   e_loss 0.92323
wandb:     t_F1 80.46008
wandb:   t_loss 0.57565
wandb: 
wandb: Synced 4 W&B file(s), 0 media file(s), 0 artifact file(s) and 0 other file(s)
wandb: Synced rural-field-1: https://wandb.ai/yinanazhou/xl_512_bs_8_lr_1e07_es_20_lc_False_nr_False_stem_False_lemma_False_repeat_1_fold_2/runs/241qu4gu
wandb: Find logs at: ./wandb/run-20220225_145808-241qu4gu/logs/debug.log
wandb: 

wandb: wandb version 0.12.10 is available!  To upgrade, please run:
wandb:  $ pip install wandb --upgrade
2022-02-25 19:44:05.669123: I tensorflow/stream_executor/platform/default/dso_loader.cc:48] Successfully opened dynamic library libcudart.so.10.1
wandb: Tracking run with wandb version 0.12.5
wandb: Syncing run true-night-1
wandb: â­ï¸ View project at https://wandb.ai/yinanazhou/xl_512_bs_8_lr_1e07_es_20_lc_False_nr_False_stem_False_lemma_False_repeat_2_fold_1
wandb: ðŸš€ View run at https://wandb.ai/yinanazhou/xl_512_bs_8_lr_1e07_es_20_lc_False_nr_False_stem_False_lemma_False_repeat_2_fold_1/runs/1igu0360
wandb: Run data is saved locally in /project/6002780/yinan/Thesis_MER_Lyrics/lyric-emotion/wandb/run-20220225_194402-1igu0360
wandb: Run `wandb offline` to turn off syncing.
slurmstepd: error: *** JOB 27794534 ON cdr2570 CANCELLED AT 2022-02-25T20:35:25 DUE TO TIME LIMIT ***
