Unloading StdEnv/2020

Due to MODULEPATH changes, the following have been reloaded:
  1) mii/1.1.1


The following have been reloaded with a version change:
  1) python/3.8.2 => python/3.7.4

Using base prefix '/cvmfs/soft.computecanada.ca/easybuild/software/2017/Core/python/3.7.4'
New python executable in /localscratch/yinan.28698552.0/env/bin/python
Installing setuptools, pip, wheel...
done.
Ignoring pip: markers 'python_version < "3"' don't match your environment
Looking in links: /cvmfs/soft.computecanada.ca/custom/python/wheelhouse/nix/avx2, /cvmfs/soft.computecanada.ca/custom/python/wheelhouse/nix/generic, /cvmfs/soft.computecanada.ca/custom/python/wheelhouse/generic
Collecting pip
Installing collected packages: pip
  Found existing installation: pip 19.1.1
    Uninstalling pip-19.1.1:
      Successfully uninstalled pip-19.1.1
Successfully installed pip-21.2.3+computecanada
Looking in links: /cvmfs/soft.computecanada.ca/custom/python/wheelhouse/nix/avx2, /cvmfs/soft.computecanada.ca/custom/python/wheelhouse/nix/generic, /cvmfs/soft.computecanada.ca/custom/python/wheelhouse/generic
Processing /cvmfs/soft.computecanada.ca/custom/python/wheelhouse/generic/keras-2.8.0+computecanada-py2.py3-none-any.whl
Processing /cvmfs/soft.computecanada.ca/custom/python/wheelhouse/generic/Keras_Preprocessing-1.1.2+computecanada-py3-none-any.whl
Requirement already satisfied: matplotlib in /cvmfs/soft.computecanada.ca/easybuild/software/2017/Core/scipy-stack/2019a/lib/python3.7/site-packages (from -r requirements.txt (line 3)) (3.0.2)
Processing /cvmfs/soft.computecanada.ca/custom/python/wheelhouse/generic/nltk-3.6.5+computecanada-py3-none-any.whl
Processing /cvmfs/soft.computecanada.ca/custom/python/wheelhouse/generic/scikit_learn-0.22.1+computecanada-cp37-cp37m-linux_x86_64.whl
Processing /cvmfs/soft.computecanada.ca/custom/python/wheelhouse/generic/tensorboard-2.3.0+computecanada-py3-none-any.whl
Processing /cvmfs/soft.computecanada.ca/custom/python/wheelhouse/generic/tensorboard_plugin_wit-1.7.0+computecanada-py3-none-any.whl
Processing /cvmfs/soft.computecanada.ca/custom/python/wheelhouse/generic/tensorflow_gpu-2.3.0+computecanada-cp37-cp37m-linux_x86_64.whl
Processing /cvmfs/soft.computecanada.ca/custom/python/wheelhouse/generic/tensorflow_estimator-2.3.0+computecanada-py2.py3-none-any.whl
Processing /cvmfs/soft.computecanada.ca/custom/python/wheelhouse/generic/tokenizers-0.5.2+computecanada-cp37-cp37m-linux_x86_64.whl
Processing /cvmfs/soft.computecanada.ca/custom/python/wheelhouse/nix/avx2/torch-1.4.0+computecanada-cp37-cp37m-linux_x86_64.whl
Processing /cvmfs/soft.computecanada.ca/custom/python/wheelhouse/generic/torchtext-0.6.0+computecanada-py3-none-any.whl
Processing /cvmfs/soft.computecanada.ca/custom/python/wheelhouse/generic/torchvision-0.8.2+computecanada-cp37-cp37m-linux_x86_64.whl
Processing /cvmfs/soft.computecanada.ca/custom/python/wheelhouse/generic/transformers-2.5.1+computecanada-py3-none-any.whl
Processing /cvmfs/soft.computecanada.ca/custom/python/wheelhouse/generic/urllib3-1.26.7+computecanada-py2.py3-none-any.whl
Processing /cvmfs/soft.computecanada.ca/custom/python/wheelhouse/generic/joblib-1.1.0+computecanada-py2.py3-none-any.whl
ERROR: Could not find a version that satisfies the requirement regex>=2021.8.3 (from nltk) (from versions: 2018.1.10+computecanada, 2019.11.1+computecanada, 2020.11.13+computecanada)
ERROR: No matching distribution found for regex>=2021.8.3
Looking in links: /cvmfs/soft.computecanada.ca/custom/python/wheelhouse/nix/avx2, /cvmfs/soft.computecanada.ca/custom/python/wheelhouse/nix/generic, /cvmfs/soft.computecanada.ca/custom/python/wheelhouse/generic
ERROR: Could not find a version that satisfies the requirement numpy==1.20.0+computacanada (from versions: 1.15.0+computecanada, 1.15.2+computecanada, 1.15.4+computecanada, 1.16.0+computecanada, 1.16.2+computecanada, 1.16.3+computecanada, 1.17.4+computecanada, 1.18.1+computecanada, 1.18.4+computecanada, 1.19.1+computecanada, 1.19.2+computecanada, 1.20.2+computecanada)
ERROR: No matching distribution found for numpy==1.20.0+computacanada
Looking in links: /cvmfs/soft.computecanada.ca/custom/python/wheelhouse/nix/avx2, /cvmfs/soft.computecanada.ca/custom/python/wheelhouse/nix/generic, /cvmfs/soft.computecanada.ca/custom/python/wheelhouse/generic
Processing /cvmfs/soft.computecanada.ca/custom/python/wheelhouse/generic/wandb-0.12.5+computecanada-py2.py3-none-any.whl
Processing /cvmfs/soft.computecanada.ca/custom/python/wheelhouse/generic/promise-2.3+computecanada-py3-none-any.whl
Processing /cvmfs/soft.computecanada.ca/custom/python/wheelhouse/generic/psutil-5.7.3+computecanada-cp37-cp37m-linux_x86_64.whl
Processing /cvmfs/soft.computecanada.ca/custom/python/wheelhouse/generic/PyYAML-5.3.1+computecanada-cp37-cp37m-linux_x86_64.whl
Processing /cvmfs/soft.computecanada.ca/custom/python/wheelhouse/generic/GitPython-3.1.24+computecanada-py3-none-any.whl
Processing /cvmfs/soft.computecanada.ca/custom/python/wheelhouse/generic/six-1.16.0+computecanada-py2.py3-none-any.whl
Requirement already satisfied: requests<3,>=2.0.0 in /cvmfs/soft.computecanada.ca/easybuild/software/2017/Core/scipy-stack/2019a/lib/python3.7/site-packages (from wandb) (2.21.0)
Processing /cvmfs/soft.computecanada.ca/custom/python/wheelhouse/generic/click-8.0.3+computecanada-py3-none-any.whl
Processing /cvmfs/soft.computecanada.ca/custom/python/wheelhouse/generic/subprocess32-3.5.4+computecanada-py3-none-any.whl
Processing /cvmfs/soft.computecanada.ca/custom/python/wheelhouse/generic/docker_pycreds-0.4.0+computecanada-py2.py3-none-any.whl
Processing /cvmfs/soft.computecanada.ca/custom/python/wheelhouse/generic/pathtools-0.1.2+computecanada-py3-none-any.whl
Processing /cvmfs/soft.computecanada.ca/custom/python/wheelhouse/generic/sentry_sdk-1.5.0+computecanada-py2.py3-none-any.whl
Processing /cvmfs/soft.computecanada.ca/custom/python/wheelhouse/generic/configparser-5.0.2+computecanada-py3-none-any.whl
Processing /cvmfs/soft.computecanada.ca/custom/python/wheelhouse/generic/protobuf-3.19.4+computecanada-py2.py3-none-any.whl
Processing /cvmfs/soft.computecanada.ca/custom/python/wheelhouse/generic/yaspin-2.1.0+computecanada-py3-none-any.whl
Requirement already satisfied: python-dateutil>=2.6.1 in /cvmfs/soft.computecanada.ca/easybuild/software/2017/Core/scipy-stack/2019a/lib/python3.7/site-packages (from wandb) (2.7.5)
Processing /cvmfs/soft.computecanada.ca/custom/python/wheelhouse/generic/shortuuid-1.0.1+computecanada-py3-none-any.whl
Requirement already satisfied: importlib-metadata in /cvmfs/soft.computecanada.ca/easybuild/software/2017/Core/scipy-stack/2019a/lib/python3.7/site-packages (from Click!=8.0.0,>=7.0->wandb) (0.8)
Processing /cvmfs/soft.computecanada.ca/custom/python/wheelhouse/generic/gitdb-4.0.9+computecanada-py3-none-any.whl
Processing /cvmfs/soft.computecanada.ca/custom/python/wheelhouse/generic/typing_extensions-4.0.1+computecanada-py3-none-any.whl
Processing /cvmfs/soft.computecanada.ca/custom/python/wheelhouse/generic/smmap-5.0.0+computecanada-py3-none-any.whl
Requirement already satisfied: idna<2.9,>=2.5 in /cvmfs/soft.computecanada.ca/easybuild/software/2017/Core/scipy-stack/2019a/lib/python3.7/site-packages (from requests<3,>=2.0.0->wandb) (2.8)
Requirement already satisfied: urllib3<1.25,>=1.21.1 in /cvmfs/soft.computecanada.ca/easybuild/software/2017/Core/scipy-stack/2019a/lib/python3.7/site-packages (from requests<3,>=2.0.0->wandb) (1.24.1)
Requirement already satisfied: certifi>=2017.4.17 in /cvmfs/soft.computecanada.ca/easybuild/software/2017/Core/scipy-stack/2019a/lib/python3.7/site-packages (from requests<3,>=2.0.0->wandb) (2018.11.29)
Requirement already satisfied: chardet<3.1.0,>=3.0.2 in /cvmfs/soft.computecanada.ca/easybuild/software/2017/Core/scipy-stack/2019a/lib/python3.7/site-packages (from requests<3,>=2.0.0->wandb) (3.0.4)
Processing /cvmfs/soft.computecanada.ca/custom/python/wheelhouse/generic/termcolor-1.1.0+computecanada-py3-none-any.whl
Requirement already satisfied: zipp>=0.3.2 in /cvmfs/soft.computecanada.ca/easybuild/software/2017/Core/scipy-stack/2019a/lib/python3.7/site-packages (from importlib-metadata->Click!=8.0.0,>=7.0->wandb) (0.3.3)
Installing collected packages: smmap, typing-extensions, termcolor, six, gitdb, yaspin, subprocess32, shortuuid, sentry-sdk, PyYAML, psutil, protobuf, promise, pathtools, GitPython, docker-pycreds, configparser, Click, wandb
  Attempting uninstall: six
    Found existing installation: six 1.12.0
    Not uninstalling six at /cvmfs/soft.computecanada.ca/easybuild/software/2017/Core/scipy-stack/2019a/lib/python3.7/site-packages, outside environment /localscratch/yinan.28698552.0/env
    Can't uninstall 'six'. No files were found to uninstall.
Successfully installed Click-8.0.3+computecanada GitPython-3.1.24+computecanada PyYAML-5.3.1+computecanada configparser-5.0.2+computecanada docker-pycreds-0.4.0+computecanada gitdb-4.0.9+computecanada pathtools-0.1.2+computecanada promise-2.3+computecanada protobuf-3.19.4+computecanada psutil-5.7.3+computecanada sentry-sdk-1.5.0+computecanada shortuuid-1.0.1+computecanada six-1.16.0+computecanada smmap-5.0.0+computecanada subprocess32-3.5.4+computecanada termcolor-1.1.0+computecanada typing-extensions-4.0.1+computecanada wandb-0.12.5+computecanada yaspin-2.1.0+computecanada
Looking in links: /cvmfs/soft.computecanada.ca/custom/python/wheelhouse/nix/avx2, /cvmfs/soft.computecanada.ca/custom/python/wheelhouse/nix/generic, /cvmfs/soft.computecanada.ca/custom/python/wheelhouse/generic
ERROR: Could not find a version that satisfies the requirement sagemaker (from versions: none)
ERROR: No matching distribution found for sagemaker
Looking in links: /cvmfs/soft.computecanada.ca/custom/python/wheelhouse/nix/avx2, /cvmfs/soft.computecanada.ca/custom/python/wheelhouse/nix/generic, /cvmfs/soft.computecanada.ca/custom/python/wheelhouse/generic
Processing /cvmfs/soft.computecanada.ca/custom/python/wheelhouse/generic/torch-1.9.1+computecanada-cp37-cp37m-linux_x86_64.whl
Requirement already satisfied: typing-extensions in /localscratch/yinan.28698552.0/env/lib/python3.7/site-packages (from torch) (4.0.1+computecanada)
Installing collected packages: torch
Successfully installed torch-1.9.1+computecanada
Looking in links: /cvmfs/soft.computecanada.ca/custom/python/wheelhouse/nix/avx2, /cvmfs/soft.computecanada.ca/custom/python/wheelhouse/nix/generic, /cvmfs/soft.computecanada.ca/custom/python/wheelhouse/generic
Processing /cvmfs/soft.computecanada.ca/custom/python/wheelhouse/generic/transformers-2.5.1+computecanada-py3-none-any.whl
Processing /cvmfs/soft.computecanada.ca/custom/python/wheelhouse/generic/sacremoses-0.0.46+computecanada-py3-none-any.whl
Requirement already satisfied: numpy in /cvmfs/soft.computecanada.ca/easybuild/software/2017/Core/scipy-stack/2019a/lib/python3.7/site-packages (from transformers==2.5.1+computecanada) (1.16.0)
Processing /cvmfs/soft.computecanada.ca/custom/python/wheelhouse/generic/sentencepiece-0.1.91+computecanada-cp37-cp37m-linux_x86_64.whl
Processing /cvmfs/soft.computecanada.ca/custom/python/wheelhouse/generic/tqdm-4.63.0+computecanada-py2.py3-none-any.whl
Requirement already satisfied: requests in /cvmfs/soft.computecanada.ca/easybuild/software/2017/Core/scipy-stack/2019a/lib/python3.7/site-packages (from transformers==2.5.1+computecanada) (2.21.0)
Processing /cvmfs/soft.computecanada.ca/custom/python/wheelhouse/generic/tokenizers-0.5.2+computecanada-cp37-cp37m-linux_x86_64.whl
Processing /cvmfs/soft.computecanada.ca/custom/python/wheelhouse/generic/boto3-1.20.52+computecanada-py3-none-any.whl
Processing /cvmfs/soft.computecanada.ca/custom/python/wheelhouse/generic/filelock-3.4.2+computecanada-py3-none-any.whl
Processing /cvmfs/soft.computecanada.ca/custom/python/wheelhouse/generic/regex-2020.11.13+computecanada-cp37-cp37m-linux_x86_64.whl
Processing /cvmfs/soft.computecanada.ca/custom/python/wheelhouse/generic/botocore-1.23.52+computecanada-py3-none-any.whl
Processing /cvmfs/soft.computecanada.ca/custom/python/wheelhouse/generic/jmespath-0.10.0+computecanada-py2.py3-none-any.whl
Processing /cvmfs/soft.computecanada.ca/custom/python/wheelhouse/generic/s3transfer-0.5.1+computecanada-py3-none-any.whl
Processing /cvmfs/soft.computecanada.ca/custom/python/wheelhouse/generic/urllib3-1.26.8+computecanada-py2.py3-none-any.whl
Requirement already satisfied: python-dateutil<3.0.0,>=2.1 in /cvmfs/soft.computecanada.ca/easybuild/software/2017/Core/scipy-stack/2019a/lib/python3.7/site-packages (from botocore<1.24.0,>=1.23.52->boto3->transformers==2.5.1+computecanada) (2.7.5)
Requirement already satisfied: six>=1.5 in /localscratch/yinan.28698552.0/env/lib/python3.7/site-packages (from python-dateutil<3.0.0,>=2.1->botocore<1.24.0,>=1.23.52->boto3->transformers==2.5.1+computecanada) (1.16.0+computecanada)
Processing /cvmfs/soft.computecanada.ca/custom/python/wheelhouse/generic/requests-2.27.1+computecanada-py2.py3-none-any.whl
Processing /cvmfs/soft.computecanada.ca/custom/python/wheelhouse/generic/charset_normalizer-2.0.11+computecanada-py3-none-any.whl
Requirement already satisfied: idna<4,>=2.5 in /cvmfs/soft.computecanada.ca/easybuild/software/2017/Core/scipy-stack/2019a/lib/python3.7/site-packages (from requests->transformers==2.5.1+computecanada) (2.8)
Requirement already satisfied: certifi>=2017.4.17 in /cvmfs/soft.computecanada.ca/easybuild/software/2017/Core/scipy-stack/2019a/lib/python3.7/site-packages (from requests->transformers==2.5.1+computecanada) (2018.11.29)
Processing /cvmfs/soft.computecanada.ca/custom/python/wheelhouse/generic/joblib-1.1.0+computecanada-py2.py3-none-any.whl
Requirement already satisfied: click in /localscratch/yinan.28698552.0/env/lib/python3.7/site-packages (from sacremoses->transformers==2.5.1+computecanada) (8.0.3+computecanada)
Requirement already satisfied: importlib-metadata in /cvmfs/soft.computecanada.ca/easybuild/software/2017/Core/scipy-stack/2019a/lib/python3.7/site-packages (from click->sacremoses->transformers==2.5.1+computecanada) (0.8)
Requirement already satisfied: zipp>=0.3.2 in /cvmfs/soft.computecanada.ca/easybuild/software/2017/Core/scipy-stack/2019a/lib/python3.7/site-packages (from importlib-metadata->click->sacremoses->transformers==2.5.1+computecanada) (0.3.3)
Installing collected packages: urllib3, jmespath, botocore, tqdm, s3transfer, regex, joblib, charset-normalizer, tokenizers, sentencepiece, sacremoses, requests, filelock, boto3, transformers
  Attempting uninstall: urllib3
    Found existing installation: urllib3 1.24.1
    Not uninstalling urllib3 at /cvmfs/soft.computecanada.ca/easybuild/software/2017/Core/scipy-stack/2019a/lib/python3.7/site-packages, outside environment /localscratch/yinan.28698552.0/env
    Can't uninstall 'urllib3'. No files were found to uninstall.
  Attempting uninstall: requests
    Found existing installation: requests 2.21.0
    Not uninstalling requests at /cvmfs/soft.computecanada.ca/easybuild/software/2017/Core/scipy-stack/2019a/lib/python3.7/site-packages, outside environment /localscratch/yinan.28698552.0/env
    Can't uninstall 'requests'. No files were found to uninstall.
Successfully installed boto3-1.20.52+computecanada botocore-1.23.52+computecanada charset-normalizer-2.0.11+computecanada filelock-3.4.2+computecanada jmespath-0.10.0+computecanada joblib-1.1.0+computecanada regex-2020.11.13+computecanada requests-2.27.1+computecanada s3transfer-0.5.1+computecanada sacremoses-0.0.46+computecanada sentencepiece-0.1.91+computecanada tokenizers-0.5.2+computecanada tqdm-4.63.0+computecanada transformers-2.5.1+computecanada urllib3-1.26.8+computecanada
Looking in links: /cvmfs/soft.computecanada.ca/custom/python/wheelhouse/nix/avx2, /cvmfs/soft.computecanada.ca/custom/python/wheelhouse/nix/generic, /cvmfs/soft.computecanada.ca/custom/python/wheelhouse/generic
Processing /cvmfs/soft.computecanada.ca/custom/python/wheelhouse/generic/tensorflow_gpu-2.3.0+computecanada-cp37-cp37m-linux_x86_64.whl
Requirement already satisfied: numpy<1.19.0,>=1.16.0 in /cvmfs/soft.computecanada.ca/easybuild/software/2017/Core/scipy-stack/2019a/lib/python3.7/site-packages (from tensorflow_gpu==2.3.0+computecanada) (1.16.0)
Processing /cvmfs/soft.computecanada.ca/custom/python/wheelhouse/generic/grpcio-1.38.0+computecanada-cp37-cp37m-linux_x86_64.whl
Processing /cvmfs/soft.computecanada.ca/custom/python/wheelhouse/generic/tensorboard-2.8.0+computecanada-py3-none-any.whl
Requirement already satisfied: termcolor>=1.1.0 in /localscratch/yinan.28698552.0/env/lib/python3.7/site-packages (from tensorflow_gpu==2.3.0+computecanada) (1.1.0+computecanada)
Requirement already satisfied: wheel>=0.26 in /localscratch/yinan.28698552.0/env/lib/python3.7/site-packages (from tensorflow_gpu==2.3.0+computecanada) (0.33.4)
Processing /cvmfs/soft.computecanada.ca/custom/python/wheelhouse/generic/opt_einsum-3.3.0+computecanada-py3-none-any.whl
Processing /cvmfs/soft.computecanada.ca/custom/python/wheelhouse/generic/astunparse-1.6.3+computecanada-py2.py3-none-any.whl
Processing /cvmfs/soft.computecanada.ca/custom/python/wheelhouse/generic/absl_py-1.0.0+computecanada-py3-none-any.whl
Processing /cvmfs/soft.computecanada.ca/custom/python/wheelhouse/generic/Keras_Preprocessing-1.1.2+computecanada-py3-none-any.whl
Processing /cvmfs/soft.computecanada.ca/custom/python/wheelhouse/nix/avx2/h5py-2.10.0+computecanada-cp37-cp37m-linux_x86_64.whl
Requirement already satisfied: protobuf>=3.9.2 in /localscratch/yinan.28698552.0/env/lib/python3.7/site-packages (from tensorflow_gpu==2.3.0+computecanada) (3.19.4+computecanada)
Requirement already satisfied: six>=1.12.0 in /localscratch/yinan.28698552.0/env/lib/python3.7/site-packages (from tensorflow_gpu==2.3.0+computecanada) (1.16.0+computecanada)
Processing /cvmfs/soft.computecanada.ca/custom/python/wheelhouse/generic/gast-0.3.3+computecanada-py3-none-any.whl
Processing /cvmfs/soft.computecanada.ca/custom/python/wheelhouse/generic/wrapt-1.11.2+computecanada-cp37-cp37m-linux_x86_64.whl
Processing /cvmfs/soft.computecanada.ca/custom/python/wheelhouse/generic/google_pasta-0.2.0+computecanada-py3-none-any.whl
Processing /cvmfs/soft.computecanada.ca/custom/python/wheelhouse/nix/generic/scipy-1.4.1+computecanada-cp37-cp37m-linux_x86_64.whl
Processing /cvmfs/soft.computecanada.ca/custom/python/wheelhouse/generic/tensorflow_estimator-2.3.0+computecanada-py2.py3-none-any.whl
Requirement already satisfied: requests<3,>=2.21.0 in /localscratch/yinan.28698552.0/env/lib/python3.7/site-packages (from tensorboard<3,>=2.3.0->tensorflow_gpu==2.3.0+computecanada) (2.27.1+computecanada)
Processing /cvmfs/soft.computecanada.ca/custom/python/wheelhouse/generic/Markdown-3.3.6+computecanada-py3-none-any.whl
Processing /cvmfs/soft.computecanada.ca/custom/python/wheelhouse/generic/tensorboard_plugin_wit-1.8.0+computecanada-py3-none-any.whl
Processing /cvmfs/soft.computecanada.ca/custom/python/wheelhouse/generic/google_auth-2.3.3+computecanada-py2.py3-none-any.whl
Processing /cvmfs/soft.computecanada.ca/custom/python/wheelhouse/generic/google_auth_oauthlib-0.4.6+computecanada-py2.py3-none-any.whl
Processing /cvmfs/soft.computecanada.ca/custom/python/wheelhouse/generic/Werkzeug-2.0.3+computecanada-py3-none-any.whl
Processing /cvmfs/soft.computecanada.ca/custom/python/wheelhouse/generic/tensorboard_data_server-0.6.1+computecanada-py3-none-linux_x86_64.whl
Requirement already satisfied: setuptools>=41.0.0 in /localscratch/yinan.28698552.0/env/lib/python3.7/site-packages (from tensorboard<3,>=2.3.0->tensorflow_gpu==2.3.0+computecanada) (41.0.1)
Processing /cvmfs/soft.computecanada.ca/custom/python/wheelhouse/generic/rsa-4.8+computecanada-py3-none-any.whl
Processing /cvmfs/soft.computecanada.ca/custom/python/wheelhouse/generic/cachetools-4.2.4+computecanada-py3-none-any.whl
Processing /cvmfs/soft.computecanada.ca/custom/python/wheelhouse/generic/pyasn1_modules-0.2.8+computecanada-py2.py3-none-any.whl
Processing /cvmfs/soft.computecanada.ca/custom/python/wheelhouse/generic/requests_oauthlib-1.3.0+computecanada-py2.py3-none-any.whl
Processing /cvmfs/soft.computecanada.ca/custom/python/wheelhouse/generic/importlib_metadata-4.10.1+computecanada-py3-none-any.whl
Requirement already satisfied: typing-extensions>=3.6.4 in /localscratch/yinan.28698552.0/env/lib/python3.7/site-packages (from importlib-metadata>=4.4->markdown>=2.6.8->tensorboard<3,>=2.3.0->tensorflow_gpu==2.3.0+computecanada) (4.0.1+computecanada)
Processing /cvmfs/soft.computecanada.ca/custom/python/wheelhouse/generic/zipp-3.7.0+computecanada-py3-none-any.whl
Processing /cvmfs/soft.computecanada.ca/custom/python/wheelhouse/generic/pyasn1-0.4.8+computecanada-py2.py3-none-any.whl
Requirement already satisfied: certifi>=2017.4.17 in /cvmfs/soft.computecanada.ca/easybuild/software/2017/Core/scipy-stack/2019a/lib/python3.7/site-packages (from requests<3,>=2.21.0->tensorboard<3,>=2.3.0->tensorflow_gpu==2.3.0+computecanada) (2018.11.29)
Requirement already satisfied: idna<4,>=2.5 in /cvmfs/soft.computecanada.ca/easybuild/software/2017/Core/scipy-stack/2019a/lib/python3.7/site-packages (from requests<3,>=2.21.0->tensorboard<3,>=2.3.0->tensorflow_gpu==2.3.0+computecanada) (2.8)
Requirement already satisfied: charset-normalizer~=2.0.0 in /localscratch/yinan.28698552.0/env/lib/python3.7/site-packages (from requests<3,>=2.21.0->tensorboard<3,>=2.3.0->tensorflow_gpu==2.3.0+computecanada) (2.0.11+computecanada)
Requirement already satisfied: urllib3<1.27,>=1.21.1 in /localscratch/yinan.28698552.0/env/lib/python3.7/site-packages (from requests<3,>=2.21.0->tensorboard<3,>=2.3.0->tensorflow_gpu==2.3.0+computecanada) (1.26.8+computecanada)
Processing /cvmfs/soft.computecanada.ca/custom/python/wheelhouse/generic/oauthlib-3.1.1+computecanada-py2.py3-none-any.whl
Installing collected packages: pyasn1, zipp, rsa, pyasn1-modules, oauthlib, cachetools, requests-oauthlib, importlib-metadata, google-auth, werkzeug, tensorboard-plugin-wit, tensorboard-data-server, markdown, grpcio, google-auth-oauthlib, absl-py, wrapt, tensorflow-estimator, tensorboard, scipy, opt-einsum, keras-preprocessing, h5py, google-pasta, gast, astunparse, tensorflow-gpu
  Attempting uninstall: pyasn1
    Found existing installation: pyasn1 0.4.3
    Not uninstalling pyasn1 at /cvmfs/soft.computecanada.ca/easybuild/software/2017/Core/scipy-stack/2019a/lib/python3.7/site-packages, outside environment /localscratch/yinan.28698552.0/env
    Can't uninstall 'pyasn1'. No files were found to uninstall.
  Attempting uninstall: zipp
    Found existing installation: zipp 0.3.3
    Not uninstalling zipp at /cvmfs/soft.computecanada.ca/easybuild/software/2017/Core/scipy-stack/2019a/lib/python3.7/site-packages, outside environment /localscratch/yinan.28698552.0/env
    Can't uninstall 'zipp'. No files were found to uninstall.
  Attempting uninstall: importlib-metadata
    Found existing installation: importlib-metadata 0.8
    Not uninstalling importlib-metadata at /cvmfs/soft.computecanada.ca/easybuild/software/2017/Core/scipy-stack/2019a/lib/python3.7/site-packages, outside environment /localscratch/yinan.28698552.0/env
    Can't uninstall 'importlib-metadata'. No files were found to uninstall.
  Attempting uninstall: scipy
    Found existing installation: scipy 1.2.0
    Not uninstalling scipy at /cvmfs/soft.computecanada.ca/easybuild/software/2017/Core/scipy-stack/2019a/lib/python3.7/site-packages, outside environment /localscratch/yinan.28698552.0/env
    Can't uninstall 'scipy'. No files were found to uninstall.
Successfully installed absl-py-1.0.0+computecanada astunparse-1.6.3+computecanada cachetools-4.2.4+computecanada gast-0.3.3+computecanada google-auth-2.3.3+computecanada google-auth-oauthlib-0.4.6+computecanada google-pasta-0.2.0+computecanada grpcio-1.38.0+computecanada h5py-2.10.0+computecanada importlib-metadata-4.10.1+computecanada keras-preprocessing-1.1.2+computecanada markdown-3.3.6+computecanada oauthlib-3.1.1+computecanada opt-einsum-3.3.0+computecanada pyasn1-0.4.8+computecanada pyasn1-modules-0.2.8+computecanada requests-oauthlib-1.3.0+computecanada rsa-4.8+computecanada scipy-1.4.1+computecanada tensorboard-2.8.0+computecanada tensorboard-data-server-0.6.1+computecanada tensorboard-plugin-wit-1.8.0+computecanada tensorflow-estimator-2.3.0+computecanada tensorflow-gpu-2.3.0+computecanada werkzeug-2.0.3+computecanada wrapt-1.11.2+computecanada zipp-3.7.0+computecanada
Looking in links: /cvmfs/soft.computecanada.ca/custom/python/wheelhouse/nix/avx2, /cvmfs/soft.computecanada.ca/custom/python/wheelhouse/nix/generic, /cvmfs/soft.computecanada.ca/custom/python/wheelhouse/generic
Processing /cvmfs/soft.computecanada.ca/custom/python/wheelhouse/generic/keras-2.8.0+computecanada-py2.py3-none-any.whl
Installing collected packages: Keras
Successfully installed Keras-2.8.0+computecanada
Looking in links: /cvmfs/soft.computecanada.ca/custom/python/wheelhouse/nix/avx2, /cvmfs/soft.computecanada.ca/custom/python/wheelhouse/nix/generic, /cvmfs/soft.computecanada.ca/custom/python/wheelhouse/generic
Processing /cvmfs/soft.computecanada.ca/custom/python/wheelhouse/generic/urllib3-1.26.7+computecanada-py2.py3-none-any.whl
Installing collected packages: urllib3
  Attempting uninstall: urllib3
    Found existing installation: urllib3 1.26.8+computecanada
    Uninstalling urllib3-1.26.8+computecanada:
      Successfully uninstalled urllib3-1.26.8+computecanada
Successfully installed urllib3-1.26.7+computecanada
Looking in links: /cvmfs/soft.computecanada.ca/custom/python/wheelhouse/nix/avx2, /cvmfs/soft.computecanada.ca/custom/python/wheelhouse/nix/generic, /cvmfs/soft.computecanada.ca/custom/python/wheelhouse/generic
Processing /cvmfs/soft.computecanada.ca/custom/python/wheelhouse/generic/nltk-3.7+computecanada-py3-none-any.whl
Requirement already satisfied: click in /localscratch/yinan.28698552.0/env/lib/python3.7/site-packages (from nltk) (8.0.3+computecanada)
Requirement already satisfied: joblib in /localscratch/yinan.28698552.0/env/lib/python3.7/site-packages (from nltk) (1.1.0+computecanada)
Requirement already satisfied: tqdm in /localscratch/yinan.28698552.0/env/lib/python3.7/site-packages (from nltk) (4.63.0+computecanada)
Processing /cvmfs/soft.computecanada.ca/custom/python/wheelhouse/generic/nltk-3.6.5+computecanada-py3-none-any.whl
Processing /cvmfs/soft.computecanada.ca/custom/python/wheelhouse/generic/nltk-3.6.3+computecanada-py3-none-any.whl
Requirement already satisfied: regex in /localscratch/yinan.28698552.0/env/lib/python3.7/site-packages (from nltk) (2020.11.13+computecanada)
Requirement already satisfied: importlib-metadata in /localscratch/yinan.28698552.0/env/lib/python3.7/site-packages (from click->nltk) (4.10.1+computecanada)
Requirement already satisfied: zipp>=0.5 in /localscratch/yinan.28698552.0/env/lib/python3.7/site-packages (from importlib-metadata->click->nltk) (3.7.0+computecanada)
Requirement already satisfied: typing-extensions>=3.6.4 in /localscratch/yinan.28698552.0/env/lib/python3.7/site-packages (from importlib-metadata->click->nltk) (4.0.1+computecanada)
Installing collected packages: nltk
Successfully installed nltk-3.6.3+computecanada
Looking in links: /cvmfs/soft.computecanada.ca/custom/python/wheelhouse/nix/avx2, /cvmfs/soft.computecanada.ca/custom/python/wheelhouse/nix/generic, /cvmfs/soft.computecanada.ca/custom/python/wheelhouse/generic
Processing /cvmfs/soft.computecanada.ca/custom/python/wheelhouse/generic/scikit_learn-0.22.1+computecanada-cp37-cp37m-linux_x86_64.whl
Requirement already satisfied: joblib>=0.11 in /localscratch/yinan.28698552.0/env/lib/python3.7/site-packages (from scikit-learn==0.22.1) (1.1.0+computecanada)
Requirement already satisfied: scipy>=0.17.0 in /localscratch/yinan.28698552.0/env/lib/python3.7/site-packages (from scikit-learn==0.22.1) (1.4.1+computecanada)
Requirement already satisfied: numpy>=1.11.0 in /cvmfs/soft.computecanada.ca/easybuild/software/2017/Core/scipy-stack/2019a/lib/python3.7/site-packages (from scikit-learn==0.22.1) (1.16.0)
Installing collected packages: scikit-learn
Successfully installed scikit-learn-0.22.1+computecanada
Looking in links: /cvmfs/soft.computecanada.ca/custom/python/wheelhouse/nix/avx2, /cvmfs/soft.computecanada.ca/custom/python/wheelhouse/nix/generic, /cvmfs/soft.computecanada.ca/custom/python/wheelhouse/generic
Requirement already satisfied: tokenizers==0.5.2 in /localscratch/yinan.28698552.0/env/lib/python3.7/site-packages (0.5.2+computecanada)
wandb: Appending key for api.wandb.ai to your netrc file: /home/yinan/.netrc
Starting Task
2022-03-10 22:38:07.694556: I tensorflow/stream_executor/platform/default/dso_loader.cc:48] Successfully opened dynamic library libcudart.so.10.1
[nltk_data] Downloading package stopwords to /home/yinan/nltk_data...
[nltk_data]   Package stopwords is already up-to-date!
[nltk_data] Downloading package wordnet to /home/yinan/nltk_data...
[nltk_data]   Package wordnet is already up-to-date!
wandb: Currently logged in as: yinanazhou (use `wandb login --relogin` to force relogin)
wandb: wandb version 0.12.11 is available!  To upgrade, please run:
wandb:  $ pip install wandb --upgrade
2022-03-10 22:38:22.653879: I tensorflow/stream_executor/platform/default/dso_loader.cc:48] Successfully opened dynamic library libcudart.so.10.1
wandb: Tracking run with wandb version 0.12.5
wandb: Syncing run lemon-breeze-1
wandb: â­ï¸ View project at https://wandb.ai/yinanazhou/xl_512_bs_8_lr_1e07_es_15_lc_True_nr_False_sr_False_stem_False_lemma_True_repeat_1_fold_1
wandb: ðŸš€ View run at https://wandb.ai/yinanazhou/xl_512_bs_8_lr_1e07_es_15_lc_True_nr_False_sr_False_stem_False_lemma_True_repeat_1_fold_1/runs/132ows36
wandb: Run data is saved locally in /project/6002780/yinan/Thesis_MER_Lyrics/lyric-emotion/wandb/run-20220310_223820-132ows36
wandb: Run `wandb offline` to turn off syncing.

Validation loss decreased (inf --> 1.455348).  Saving model ...
Validation loss decreased (1.455348 --> 1.452712).  Saving model ...
Validation loss decreased (1.452712 --> 1.450008).  Saving model ...
Validation loss decreased (1.450008 --> 1.447362).  Saving model ...
Validation loss decreased (1.447362 --> 1.444878).  Saving model ...
Validation loss decreased (1.444878 --> 1.442416).  Saving model ...
Validation loss decreased (1.442416 --> 1.440037).  Saving model ...
Validation loss decreased (1.440037 --> 1.437823).  Saving model ...
Validation loss decreased (1.437823 --> 1.435646).  Saving model ...
Validation loss decreased (1.435646 --> 1.433360).  Saving model ...
Validation loss decreased (1.433360 --> 1.431114).  Saving model ...
Validation loss decreased (1.431114 --> 1.429043).  Saving model ...
Validation loss decreased (1.429043 --> 1.427032).  Saving model ...
Validation loss decreased (1.427032 --> 1.425031).  Saving model ...
Validation loss decreased (1.425031 --> 1.423145).  Saving model ...
Validation loss decreased (1.423145 --> 1.421258).  Saving model ...
Validation loss decreased (1.421258 --> 1.419414).  Saving model ...
Validation loss decreased (1.419414 --> 1.417557).  Saving model ...
Validation loss decreased (1.417557 --> 1.415781).  Saving model ...
Validation loss decreased (1.415781 --> 1.414045).  Saving model ...
Validation loss decreased (1.414045 --> 1.412245).  Saving model ...
Validation loss decreased (1.412245 --> 1.410525).  Saving model ...
Validation loss decreased (1.410525 --> 1.408952).  Saving model ...
Validation loss decreased (1.408952 --> 1.407445).  Saving model ...
Validation loss decreased (1.407445 --> 1.405878).  Saving model ...
Validation loss decreased (1.405878 --> 1.404385).  Saving model ...
Validation loss decreased (1.404385 --> 1.402922).  Saving model ...
Validation loss decreased (1.402922 --> 1.401476).  Saving model ...
Validation loss decreased (1.401476 --> 1.400141).  Saving model ...
Validation loss decreased (1.400141 --> 1.398824).  Saving model ...
Validation loss decreased (1.398824 --> 1.397494).  Saving model ...
Validation loss decreased (1.397494 --> 1.396161).  Saving model ...
Validation loss decreased (1.396161 --> 1.394906).  Saving model ...
Validation loss decreased (1.394906 --> 1.393619).  Saving model ...
Validation loss decreased (1.393619 --> 1.392419).  Saving model ...
Validation loss decreased (1.392419 --> 1.391148).  Saving model ...
Validation loss decreased (1.391148 --> 1.389884).  Saving model ...
Validation loss decreased (1.389884 --> 1.388805).  Saving model ...
Validation loss decreased (1.388805 --> 1.387656).  Saving model ...
Validation loss decreased (1.387656 --> 1.386583).  Saving model ...
Validation loss decreased (1.386583 --> 1.385470).  Saving model ...
Validation loss decreased (1.385470 --> 1.384375).  Saving model ...
Validation loss decreased (1.384375 --> 1.383317).  Saving model ...
Validation loss decreased (1.383317 --> 1.382325).  Saving model ...
Validation loss decreased (1.382325 --> 1.381228).  Saving model ...
Validation loss decreased (1.381228 --> 1.380254).  Saving model ...
Validation loss decreased (1.380254 --> 1.379299).  Saving model ...
Validation loss decreased (1.379299 --> 1.378305).  Saving model ...
Validation loss decreased (1.378305 --> 1.377381).  Saving model ...
Validation loss decreased (1.377381 --> 1.376472).  Saving model ...
Validation loss decreased (1.376472 --> 1.375605).  Saving model ...
Validation loss decreased (1.375605 --> 1.374805).  Saving model ...
Validation loss decreased (1.374805 --> 1.373899).  Saving model ...
Validation loss decreased (1.373899 --> 1.373019).  Saving model ...
Validation loss decreased (1.373019 --> 1.372214).  Saving model ...
Validation loss decreased (1.372214 --> 1.371371).  Saving model ...
Validation loss decreased (1.371371 --> 1.370497).  Saving model ...
Validation loss decreased (1.370497 --> 1.369659).  Saving model ...
Validation loss decreased (1.369659 --> 1.368778).  Saving model ...
Validation loss decreased (1.368778 --> 1.368011).  Saving model ...
Validation loss decreased (1.368011 --> 1.367176).  Saving model ...
Validation loss decreased (1.367176 --> 1.366382).  Saving model ...
Validation loss decreased (1.366382 --> 1.365595).  Saving model ...
Validation loss decreased (1.365595 --> 1.364850).  Saving model ...
Validation loss decreased (1.364850 --> 1.364135).  Saving model ...
Validation loss decreased (1.364135 --> 1.363375).  Saving model ...
Validation loss decreased (1.363375 --> 1.362692).  Saving model ...
Validation loss decreased (1.362692 --> 1.361982).  Saving model ...
Validation loss decreased (1.361982 --> 1.361311).  Saving model ...
Validation loss decreased (1.361311 --> 1.360674).  Saving model ...
Validation loss decreased (1.360674 --> 1.360011).  Saving model ...
Validation loss decreased (1.360011 --> 1.359340).  Saving model ...
Validation loss decreased (1.359340 --> 1.358663).  Saving model ...
Validation loss decreased (1.358663 --> 1.357961).  Saving model ...
Validation loss decreased (1.357961 --> 1.357318).  Saving model ...
Validation loss decreased (1.357318 --> 1.356649).  Saving model ...
Validation loss decreased (1.356649 --> 1.355998).  Saving model ...
Validation loss decreased (1.355998 --> 1.355413).  Saving model ...
Validation loss decreased (1.355413 --> 1.354813).  Saving model ...
Validation loss decreased (1.354813 --> 1.354228).  Saving model ...
Validation loss decreased (1.354228 --> 1.353618).  Saving model ...
Validation loss decreased (1.353618 --> 1.353047).  Saving model ...
Validation loss decreased (1.353047 --> 1.352402).  Saving model ...
Validation loss decreased (1.352402 --> 1.351822).  Saving model ...
Validation loss decreased (1.351822 --> 1.351283).  Saving model ...
Validation loss decreased (1.351283 --> 1.350662).  Saving model ...
Validation loss decreased (1.350662 --> 1.350044).  Saving model ...
Validation loss decreased (1.350044 --> 1.349441).  Saving model ...
Validation loss decreased (1.349441 --> 1.348931).  Saving model ...
Validation loss decreased (1.348931 --> 1.348356).  Saving model ...
Validation loss decreased (1.348356 --> 1.347809).  Saving model ...
Validation loss decreased (1.347809 --> 1.347272).  Saving model ...
Validation loss decreased (1.347272 --> 1.346704).  Saving model ...
Validation loss decreased (1.346704 --> 1.346096).  Saving model ...
Validation loss decreased (1.346096 --> 1.345496).  Saving model ...
Validation loss decreased (1.345496 --> 1.344953).  Saving model ...
Validation loss decreased (1.344953 --> 1.344404).  Saving model ...
Validation loss decreased (1.344404 --> 1.343866).  Saving model ...
Validation loss decreased (1.343866 --> 1.343265).  Saving model ...
Validation loss decreased (1.343265 --> 1.342759).  Saving model ...
Validation loss decreased (1.342759 --> 1.342195).  Saving model ...
Validation loss decreased (1.342195 --> 1.341652).  Saving model ...
Validation loss decreased (1.341652 --> 1.341138).  Saving model ...
Validation loss decreased (1.341138 --> 1.340606).  Saving model ...
Validation loss decreased (1.340606 --> 1.340035).  Saving model ...
Validation loss decreased (1.340035 --> 1.339466).  Saving model ...
Validation loss decreased (1.339466 --> 1.339013).  Saving model ...
Validation loss decreased (1.339013 --> 1.338500).  Saving model ...
Validation loss decreased (1.338500 --> 1.338009).  Saving model ...
Validation loss decreased (1.338009 --> 1.337443).  Saving model ...
Validation loss decreased (1.337443 --> 1.336888).  Saving model ...
Validation loss decreased (1.336888 --> 1.336404).  Saving model ...
Validation loss decreased (1.336404 --> 1.335933).  Saving model ...
Validation loss decreased (1.335933 --> 1.335448).  Saving model ...
Validation loss decreased (1.335448 --> 1.334911).  Saving model ...
Validation loss decreased (1.334911 --> 1.334390).  Saving model ...
Validation loss decreased (1.334390 --> 1.333918).  Saving model ...
Validation loss decreased (1.333918 --> 1.333455).  Saving model ...
Validation loss decreased (1.333455 --> 1.332962).  Saving model ...
Validation loss decreased (1.332962 --> 1.332456).  Saving model ...
Validation loss decreased (1.332456 --> 1.331990).  Saving model ...
Validation loss decreased (1.331990 --> 1.331435).  Saving model ...
Validation loss decreased (1.331435 --> 1.330869).  Saving model ...
Validation loss decreased (1.330869 --> 1.330338).  Saving model ...
Validation loss decreased (1.330338 --> 1.329860).  Saving model ...
Validation loss decreased (1.329860 --> 1.329342).  Saving model ...
Validation loss decreased (1.329342 --> 1.328890).  Saving model ...
Validation loss decreased (1.328890 --> 1.328360).  Saving model ...
Validation loss decreased (1.328360 --> 1.327848).  Saving model ...
Validation loss decreased (1.327848 --> 1.327309).  Saving model ...
Validation loss decreased (1.327309 --> 1.326801).  Saving model ...
Validation loss decreased (1.326801 --> 1.326334).  Saving model ...
Validation loss decreased (1.326334 --> 1.325809).  Saving model ...
Validation loss decreased (1.325809 --> 1.325314).  Saving model ...
Validation loss decreased (1.325314 --> 1.324796).  Saving model ...
Validation loss decreased (1.324796 --> 1.324310).  Saving model ...
Validation loss decreased (1.324310 --> 1.323847).  Saving model ...
Validation loss decreased (1.323847 --> 1.323338).  Saving model ...
Validation loss decreased (1.323338 --> 1.322824).  Saving model ...
Validation loss decreased (1.322824 --> 1.322337).  Saving model ...
Validation loss decreased (1.322337 --> 1.321783).  Saving model ...
Validation loss decreased (1.321783 --> 1.321308).  Saving model ...
Validation loss decreased (1.321308 --> 1.320803).  Saving model ...
Validation loss decreased (1.320803 --> 1.320301).  Saving model ...
Validation loss decreased (1.320301 --> 1.319770).  Saving model ...
Validation loss decreased (1.319770 --> 1.319237).  Saving model ...
Validation loss decreased (1.319237 --> 1.318728).  Saving model ...
Validation loss decreased (1.318728 --> 1.318132).  Saving model ...
Validation loss decreased (1.318132 --> 1.317527).  Saving model ...
Validation loss decreased (1.317527 --> 1.316959).  Saving model ...
Validation loss decreased (1.316959 --> 1.316436).  Saving model ...
Validation loss decreased (1.316436 --> 1.315881).  Saving model ...
Validation loss decreased (1.315881 --> 1.315359).  Saving model ...
Validation loss decreased (1.315359 --> 1.314890).  Saving model ...
Validation loss decreased (1.314890 --> 1.314322).  Saving model ...
Validation loss decreased (1.314322 --> 1.313794).  Saving model ...
Validation loss decreased (1.313794 --> 1.313247).  Saving model ...
Validation loss decreased (1.313247 --> 1.312694).  Saving model ...
Validation loss decreased (1.312694 --> 1.312141).  Saving model ...
Validation loss decreased (1.312141 --> 1.311587).  Saving model ...
Validation loss decreased (1.311587 --> 1.311037).  Saving model ...
Validation loss decreased (1.311037 --> 1.310501).  Saving model ...
Validation loss decreased (1.310501 --> 1.309891).  Saving model ...
Validation loss decreased (1.309891 --> 1.309300).  Saving model ...
Validation loss decreased (1.309300 --> 1.308724).  Saving model ...
Validation loss decreased (1.308724 --> 1.308161).  Saving model ...
Validation loss decreased (1.308161 --> 1.307586).  Saving model ...
Validation loss decreased (1.307586 --> 1.307038).  Saving model ...
Validation loss decreased (1.307038 --> 1.306494).  Saving model ...
Validation loss decreased (1.306494 --> 1.305968).  Saving model ...
Validation loss decreased (1.305968 --> 1.305404).  Saving model ...
Validation loss decreased (1.305404 --> 1.304867).  Saving model ...
Validation loss decreased (1.304867 --> 1.304396).  Saving model ...
Validation loss decreased (1.304396 --> 1.303821).  Saving model ...
Validation loss decreased (1.303821 --> 1.303223).  Saving model ...
Validation loss decreased (1.303223 --> 1.302690).  Saving model ...
Validation loss decreased (1.302690 --> 1.302061).  Saving model ...
Validation loss decreased (1.302061 --> 1.301480).  Saving model ...
Validation loss decreased (1.301480 --> 1.300900).  Saving model ...
Validation loss decreased (1.300900 --> 1.300438).  Saving model ...
Validation loss decreased (1.300438 --> 1.299872).  Saving model ...
Validation loss decreased (1.299872 --> 1.299223).  Saving model ...
Validation loss decreased (1.299223 --> 1.298711).  Saving model ...
Validation loss decreased (1.298711 --> 1.298164).  Saving model ...
Validation loss decreased (1.298164 --> 1.297606).  Saving model ...
Validation loss decreased (1.297606 --> 1.297051).  Saving model ...
Validation loss decreased (1.297051 --> 1.296490).  Saving model ...
Validation loss decreased (1.296490 --> 1.295934).  Saving model ...
Validation loss decreased (1.295934 --> 1.295400).  Saving model ...
Validation loss decreased (1.295400 --> 1.294856).  Saving model ...
Validation loss decreased (1.294856 --> 1.294219).  Saving model ...
Validation loss decreased (1.294219 --> 1.293691).  Saving model ...
Validation loss decreased (1.293691 --> 1.293217).  Saving model ...
Validation loss decreased (1.293217 --> 1.292630).  Saving model ...
Validation loss decreased (1.292630 --> 1.292089).  Saving model ...
Validation loss decreased (1.292089 --> 1.291541).  Saving model ...
Validation loss decreased (1.291541 --> 1.290986).  Saving model ...
Validation loss decreased (1.290986 --> 1.290354).  Saving model ...
Validation loss decreased (1.290354 --> 1.289688).  Saving model ...
Validation loss decreased (1.289688 --> 1.289034).  Saving model ...
Validation loss decreased (1.289034 --> 1.288459).  Saving model ...
Validation loss decreased (1.288459 --> 1.287911).  Saving model ...
Validation loss decreased (1.287911 --> 1.287370).  Saving model ...
Validation loss decreased (1.287370 --> 1.286809).  Saving model ...
Validation loss decreased (1.286809 --> 1.286239).  Saving model ...
Validation loss decreased (1.286239 --> 1.285671).  Saving model ...
Validation loss decreased (1.285671 --> 1.285079).  Saving model ...
Validation loss decreased (1.285079 --> 1.284524).  Saving model ...
Validation loss decreased (1.284524 --> 1.283930).  Saving model ...
Validation loss decreased (1.283930 --> 1.283382).  Saving model ...
Validation loss decreased (1.283382 --> 1.282780).  Saving model ...
Validation loss decreased (1.282780 --> 1.282052).  Saving model ...
Validation loss decreased (1.282052 --> 1.281422).  Saving model ...
Validation loss decreased (1.281422 --> 1.280862).  Saving model ...
Validation loss decreased (1.280862 --> 1.280305).  Saving model ...
Validation loss decreased (1.280305 --> 1.279703).  Saving model ...
Validation loss decreased (1.279703 --> 1.279123).  Saving model ...
Validation loss decreased (1.279123 --> 1.278478).  Saving model ...
Validation loss decreased (1.278478 --> 1.277944).  Saving model ...
Validation loss decreased (1.277944 --> 1.277222).  Saving model ...
Validation loss decreased (1.277222 --> 1.276674).  Saving model ...
Validation loss decreased (1.276674 --> 1.276021).  Saving model ...
Validation loss decreased (1.276021 --> 1.275385).  Saving model ...
Validation loss decreased (1.275385 --> 1.274691).  Saving model ...
Validation loss decreased (1.274691 --> 1.274102).  Saving model ...
Validation loss decreased (1.274102 --> 1.273504).  Saving model ...
Validation loss decreased (1.273504 --> 1.272851).  Saving model ...
Validation loss decreased (1.272851 --> 1.272333).  Saving model ...
Validation loss decreased (1.272333 --> 1.271791).  Saving model ...
Validation loss decreased (1.271791 --> 1.271072).  Saving model ...
Validation loss decreased (1.271072 --> 1.270391).  Saving model ...
Validation loss decreased (1.270391 --> 1.269653).  Saving model ...
Validation loss decreased (1.269653 --> 1.269112).  Saving model ...
Validation loss decreased (1.269112 --> 1.268508).  Saving model ...
Validation loss decreased (1.268508 --> 1.267904).  Saving model ...
Validation loss decreased (1.267904 --> 1.267346).  Saving model ...
Validation loss decreased (1.267346 --> 1.266736).  Saving model ...
Validation loss decreased (1.266736 --> 1.266189).  Saving model ...
Validation loss decreased (1.266189 --> 1.265695).  Saving model ...
Validation loss decreased (1.265695 --> 1.265119).  Saving model ...
Validation loss decreased (1.265119 --> 1.264526).  Saving model ...
Validation loss decreased (1.264526 --> 1.263992).  Saving model ...
Validation loss decreased (1.263992 --> 1.263336).  Saving model ...
Validation loss decreased (1.263336 --> 1.262642).  Saving model ...
Validation loss decreased (1.262642 --> 1.262077).  Saving model ...
Validation loss decreased (1.262077 --> 1.261444).  Saving model ...
Validation loss decreased (1.261444 --> 1.260841).  Saving model ...
Validation loss decreased (1.260841 --> 1.260242).  Saving model ...
Validation loss decreased (1.260242 --> 1.259598).  Saving model ...
Validation loss decreased (1.259598 --> 1.259129).  Saving model ...
Validation loss decreased (1.259129 --> 1.258502).  Saving model ...
Validation loss decreased (1.258502 --> 1.257954).  Saving model ...
Validation loss decreased (1.257954 --> 1.257336).  Saving model ...
Validation loss decreased (1.257336 --> 1.256746).  Saving model ...
Validation loss decreased (1.256746 --> 1.256176).  Saving model ...
Validation loss decreased (1.256176 --> 1.255615).  Saving model ...
Validation loss decreased (1.255615 --> 1.255061).  Saving model ...
Validation loss decreased (1.255061 --> 1.254606).  Saving model ...
Validation loss decreased (1.254606 --> 1.253907).  Saving model ...
Validation loss decreased (1.253907 --> 1.253245).  Saving model ...
Validation loss decreased (1.253245 --> 1.252603).  Saving model ...
Validation loss decreased (1.252603 --> 1.252061).  Saving model ...
Validation loss decreased (1.252061 --> 1.251486).  Saving model ...
Validation loss decreased (1.251486 --> 1.250904).  Saving model ...
Validation loss decreased (1.250904 --> 1.250248).  Saving model ...
Validation loss decreased (1.250248 --> 1.249659).  Saving model ...
Validation loss decreased (1.249659 --> 1.249067).  Saving model ...
Validation loss decreased (1.249067 --> 1.248442).  Saving model ...
Validation loss decreased (1.248442 --> 1.247833).  Saving model ...
Validation loss decreased (1.247833 --> 1.247227).  Saving model ...
Validation loss decreased (1.247227 --> 1.246619).  Saving model ...
Validation loss decreased (1.246619 --> 1.245942).  Saving model ...
Validation loss decreased (1.245942 --> 1.245243).  Saving model ...
Validation loss decreased (1.245243 --> 1.244485).  Saving model ...
Validation loss decreased (1.244485 --> 1.243736).  Saving model ...
Validation loss decreased (1.243736 --> 1.243068).  Saving model ...
Validation loss decreased (1.243068 --> 1.242344).  Saving model ...
Validation loss decreased (1.242344 --> 1.241780).  Saving model ...
Validation loss decreased (1.241780 --> 1.241157).  Saving model ...
Validation loss decreased (1.241157 --> 1.240534).  Saving model ...
Validation loss decreased (1.240534 --> 1.239843).  Saving model ...
Validation loss decreased (1.239843 --> 1.239278).  Saving model ...
Validation loss decreased (1.239278 --> 1.238809).  Saving model ...
Validation loss decreased (1.238809 --> 1.238088).  Saving model ...
Validation loss decreased (1.238088 --> 1.237602).  Saving model ...
Validation loss decreased (1.237602 --> 1.237156).  Saving model ...
Validation loss decreased (1.237156 --> 1.236599).  Saving model ...
Validation loss decreased (1.236599 --> 1.236031).  Saving model ...
Validation loss decreased (1.236031 --> 1.235535).  Saving model ...
Validation loss decreased (1.235535 --> 1.234962).  Saving model ...
Validation loss decreased (1.234962 --> 1.234267).  Saving model ...
Validation loss decreased (1.234267 --> 1.233713).  Saving model ...
Validation loss decreased (1.233713 --> 1.233156).  Saving model ...
Validation loss decreased (1.233156 --> 1.232792).  Saving model ...
Validation loss decreased (1.232792 --> 1.232255).  Saving model ...
Validation loss decreased (1.232255 --> 1.231495).  Saving model ...
Validation loss decreased (1.231495 --> 1.231123).  Saving model ...
Validation loss decreased (1.231123 --> 1.230600).  Saving model ...
Validation loss decreased (1.230600 --> 1.230095).  Saving model ...
Validation loss decreased (1.230095 --> 1.229569).  Saving model ...
Validation loss decreased (1.229569 --> 1.228912).  Saving model ...
Validation loss decreased (1.228912 --> 1.228180).  Saving model ...
Validation loss decreased (1.228180 --> 1.227582).  Saving model ...
Validation loss decreased (1.227582 --> 1.226945).  Saving model ...
Validation loss decreased (1.226945 --> 1.226229).  Saving model ...
Validation loss decreased (1.226229 --> 1.225632).  Saving model ...
Validation loss decreased (1.225632 --> 1.225104).  Saving model ...
Validation loss decreased (1.225104 --> 1.224489).  Saving model ...
Validation loss decreased (1.224489 --> 1.223972).  Saving model ...
Validation loss decreased (1.223972 --> 1.223234).  Saving model ...
Validation loss decreased (1.223234 --> 1.222741).  Saving model ...
Validation loss decreased (1.222741 --> 1.222178).  Saving model ...
Validation loss decreased (1.222178 --> 1.221545).  Saving model ...
Validation loss decreased (1.221545 --> 1.221100).  Saving model ...
Validation loss decreased (1.221100 --> 1.220629).  Saving model ...
Validation loss decreased (1.220629 --> 1.219927).  Saving model ...
Validation loss decreased (1.219927 --> 1.219337).  Saving model ...
Validation loss decreased (1.219337 --> 1.218704).  Saving model ...
Validation loss decreased (1.218704 --> 1.218142).  Saving model ...
Validation loss decreased (1.218142 --> 1.217717).  Saving model ...
Validation loss decreased (1.217717 --> 1.217441).  Saving model ...
Validation loss decreased (1.217441 --> 1.216590).  Saving model ...
Validation loss decreased (1.216590 --> 1.216084).  Saving model ...
Validation loss decreased (1.216084 --> 1.215693).  Saving model ...
Validation loss decreased (1.215693 --> 1.214972).  Saving model ...
Validation loss decreased (1.214972 --> 1.214418).  Saving model ...
Validation loss decreased (1.214418 --> 1.213953).  Saving model ...
Validation loss decreased (1.213953 --> 1.213416).  Saving model ...
Validation loss decreased (1.213416 --> 1.212813).  Saving model ...
Validation loss decreased (1.212813 --> 1.212200).  Saving model ...
Validation loss decreased (1.212200 --> 1.211639).  Saving model ...
Validation loss decreased (1.211639 --> 1.211162).  Saving model ...
Validation loss decreased (1.211162 --> 1.210695).  Saving model ...
Validation loss decreased (1.210695 --> 1.210344).  Saving model ...
Validation loss decreased (1.210344 --> 1.209816).  Saving model ...
Validation loss decreased (1.209816 --> 1.209432).  Saving model ...
Validation loss decreased (1.209432 --> 1.208818).  Saving model ...
Validation loss decreased (1.208818 --> 1.208446).  Saving model ...
Validation loss decreased (1.208446 --> 1.207780).  Saving model ...
Validation loss decreased (1.207780 --> 1.207189).  Saving model ...
Validation loss decreased (1.207189 --> 1.206817).  Saving model ...
Validation loss decreased (1.206817 --> 1.206387).  Saving model ...
Validation loss decreased (1.206387 --> 1.205788).  Saving model ...
Validation loss decreased (1.205788 --> 1.205281).  Saving model ...
Validation loss decreased (1.205281 --> 1.204817).  Saving model ...
Validation loss decreased (1.204817 --> 1.204371).  Saving model ...
Validation loss decreased (1.204371 --> 1.203738).  Saving model ...
Validation loss decreased (1.203738 --> 1.203260).  Saving model ...
Validation loss decreased (1.203260 --> 1.202862).  Saving model ...
Validation loss decreased (1.202862 --> 1.202233).  Saving model ...
Validation loss decreased (1.202233 --> 1.201672).  Saving model ...
Validation loss decreased (1.201672 --> 1.200853).  Saving model ...
Validation loss decreased (1.200853 --> 1.200253).  Saving model ...
Validation loss decreased (1.200253 --> 1.200013).  Saving model ...
Validation loss decreased (1.200013 --> 1.199445).  Saving model ...
Validation loss decreased (1.199445 --> 1.198969).  Saving model ...
Validation loss decreased (1.198969 --> 1.198270).  Saving model ...
Validation loss decreased (1.198270 --> 1.197727).  Saving model ...
Validation loss decreased (1.197727 --> 1.197253).  Saving model ...
Validation loss decreased (1.197253 --> 1.196967).  Saving model ...
Validation loss decreased (1.196967 --> 1.196607).  Saving model ...
Validation loss decreased (1.196607 --> 1.196116).  Saving model ...
Validation loss decreased (1.196116 --> 1.195516).  Saving model ...
Validation loss decreased (1.195516 --> 1.194991).  Saving model ...
Validation loss decreased (1.194991 --> 1.194813).  Saving model ...
Validation loss decreased (1.194813 --> 1.194577).  Saving model ...
Validation loss decreased (1.194577 --> 1.193910).  Saving model ...
Validation loss decreased (1.193910 --> 1.193536).  Saving model ...
Validation loss decreased (1.193536 --> 1.193099).  Saving model ...
Validation loss decreased (1.193099 --> 1.192781).  Saving model ...
Validation loss decreased (1.192781 --> 1.192216).  Saving model ...
Validation loss decreased (1.192216 --> 1.191866).  Saving model ...
Validation loss decreased (1.191866 --> 1.191399).  Saving model ...
Validation loss decreased (1.191399 --> 1.190782).  Saving model ...
Validation loss decreased (1.190782 --> 1.190551).  Saving model ...
Validation loss decreased (1.190551 --> 1.190040).  Saving model ...
Validation loss decreased (1.190040 --> 1.189567).  Saving model ...
Validation loss decreased (1.189567 --> 1.188890).  Saving model ...
Validation loss decreased (1.188890 --> 1.188319).  Saving model ...
Validation loss decreased (1.188319 --> 1.187821).  Saving model ...
Validation loss decreased (1.187821 --> 1.187313).  Saving model ...
Validation loss decreased (1.187313 --> 1.186654).  Saving model ...
Validation loss decreased (1.186654 --> 1.186316).  Saving model ...
Validation loss decreased (1.186316 --> 1.185903).  Saving model ...
Validation loss decreased (1.185903 --> 1.185337).  Saving model ...
Validation loss decreased (1.185337 --> 1.185163).  Saving model ...
Validation loss decreased (1.185163 --> 1.184943).  Saving model ...
Validation loss decreased (1.184943 --> 1.184384).  Saving model ...
Validation loss decreased (1.184384 --> 1.184033).  Saving model ...
Validation loss decreased (1.184033 --> 1.183775).  Saving model ...
Validation loss decreased (1.183775 --> 1.183329).  Saving model ...
Validation loss decreased (1.183329 --> 1.183053).  Saving model ...
Validation loss decreased (1.183053 --> 1.182743).  Saving model ...
EarlyStopping counter: 1 out of 15.0
Validation loss decreased (1.182743 --> 1.182360).  Saving model ...
Validation loss decreased (1.182360 --> 1.181768).  Saving model ...
Validation loss decreased (1.181768 --> 1.181575).  Saving model ...
Validation loss decreased (1.181575 --> 1.181096).  Saving model ...
Validation loss decreased (1.181096 --> 1.180448).  Saving model ...
Validation loss decreased (1.180448 --> 1.179890).  Saving model ...
Validation loss decreased (1.179890 --> 1.179299).  Saving model ...
Validation loss decreased (1.179299 --> 1.179137).  Saving model ...
Validation loss decreased (1.179137 --> 1.178831).  Saving model ...
Validation loss decreased (1.178831 --> 1.178373).  Saving model ...
Validation loss decreased (1.178373 --> 1.177795).  Saving model ...
Validation loss decreased (1.177795 --> 1.177297).  Saving model ...
Validation loss decreased (1.177297 --> 1.176896).  Saving model ...
Validation loss decreased (1.176896 --> 1.176657).  Saving model ...
Validation loss decreased (1.176657 --> 1.176310).  Saving model ...
Validation loss decreased (1.176310 --> 1.175630).  Saving model ...
Validation loss decreased (1.175630 --> 1.175319).  Saving model ...
Validation loss decreased (1.175319 --> 1.175036).  Saving model ...
Validation loss decreased (1.175036 --> 1.174748).  Saving model ...
Validation loss decreased (1.174748 --> 1.174348).  Saving model ...
Validation loss decreased (1.174348 --> 1.173933).  Saving model ...
Validation loss decreased (1.173933 --> 1.173640).  Saving model ...
Validation loss decreased (1.173640 --> 1.173091).  Saving model ...
Validation loss decreased (1.173091 --> 1.172661).  Saving model ...
Validation loss decreased (1.172661 --> 1.172094).  Saving model ...
Validation loss decreased (1.172094 --> 1.171652).  Saving model ...
Validation loss decreased (1.171652 --> 1.171321).  Saving model ...
Validation loss decreased (1.171321 --> 1.170672).  Saving model ...
Validation loss decreased (1.170672 --> 1.170090).  Saving model ...
Validation loss decreased (1.170090 --> 1.169598).  Saving model ...
Validation loss decreased (1.169598 --> 1.169200).  Saving model ...
Validation loss decreased (1.169200 --> 1.169081).  Saving model ...
Validation loss decreased (1.169081 --> 1.168801).  Saving model ...
Validation loss decreased (1.168801 --> 1.168636).  Saving model ...
Validation loss decreased (1.168636 --> 1.168248).  Saving model ...
Validation loss decreased (1.168248 --> 1.167859).  Saving model ...
Validation loss decreased (1.167859 --> 1.167487).  Saving model ...
Validation loss decreased (1.167487 --> 1.167150).  Saving model ...
Validation loss decreased (1.167150 --> 1.166766).  Saving model ...
Validation loss decreased (1.166766 --> 1.166403).  Saving model ...
Validation loss decreased (1.166403 --> 1.166180).  Saving model ...
Validation loss decreased (1.166180 --> 1.165672).  Saving model ...
Validation loss decreased (1.165672 --> 1.165324).  Saving model ...
Validation loss decreased (1.165324 --> 1.164961).  Saving model ...
Validation loss decreased (1.164961 --> 1.164776).  Saving model ...
Validation loss decreased (1.164776 --> 1.164209).  Saving model ...
Validation loss decreased (1.164209 --> 1.163696).  Saving model ...
Validation loss decreased (1.163696 --> 1.163209).  Saving model ...
Validation loss decreased (1.163209 --> 1.162936).  Saving model ...
Validation loss decreased (1.162936 --> 1.162565).  Saving model ...
Validation loss decreased (1.162565 --> 1.162058).  Saving model ...
Validation loss decreased (1.162058 --> 1.161742).  Saving model ...
Validation loss decreased (1.161742 --> 1.161136).  Saving model ...
Validation loss decreased (1.161136 --> 1.160608).  Saving model ...
Validation loss decreased (1.160608 --> 1.160132).  Saving model ...
Validation loss decreased (1.160132 --> 1.159859).  Saving model ...
Validation loss decreased (1.159859 --> 1.159752).  Saving model ...
Validation loss decreased (1.159752 --> 1.159368).  Saving model ...
Validation loss decreased (1.159368 --> 1.158819).  Saving model ...
Validation loss decreased (1.158819 --> 1.158555).  Saving model ...
Validation loss decreased (1.158555 --> 1.158458).  Saving model ...
Validation loss decreased (1.158458 --> 1.158340).  Saving model ...
Validation loss decreased (1.158340 --> 1.157984).  Saving model ...
Validation loss decreased (1.157984 --> 1.157693).  Saving model ...
Validation loss decreased (1.157693 --> 1.157416).  Saving model ...
Validation loss decreased (1.157416 --> 1.156890).  Saving model ...
Validation loss decreased (1.156890 --> 1.156713).  Saving model ...
Validation loss decreased (1.156713 --> 1.156172).  Saving model ...
Validation loss decreased (1.156172 --> 1.155769).  Saving model ...
Validation loss decreased (1.155769 --> 1.155130).  Saving model ...
Validation loss decreased (1.155130 --> 1.154537).  Saving model ...
Validation loss decreased (1.154537 --> 1.154299).  Saving model ...
Validation loss decreased (1.154299 --> 1.153499).  Saving model ...
Validation loss decreased (1.153499 --> 1.153019).  Saving model ...
Validation loss decreased (1.153019 --> 1.152837).  Saving model ...
Validation loss decreased (1.152837 --> 1.152423).  Saving model ...
Validation loss decreased (1.152423 --> 1.152347).  Saving model ...
Validation loss decreased (1.152347 --> 1.151980).  Saving model ...
Validation loss decreased (1.151980 --> 1.151660).  Saving model ...
Validation loss decreased (1.151660 --> 1.151206).  Saving model ...
Validation loss decreased (1.151206 --> 1.150753).  Saving model ...
Validation loss decreased (1.150753 --> 1.150476).  Saving model ...
Validation loss decreased (1.150476 --> 1.150376).  Saving model ...
Validation loss decreased (1.150376 --> 1.149901).  Saving model ...
Validation loss decreased (1.149901 --> 1.149650).  Saving model ...
Validation loss decreased (1.149650 --> 1.149285).  Saving model ...
Validation loss decreased (1.149285 --> 1.148858).  Saving model ...
Validation loss decreased (1.148858 --> 1.148412).  Saving model ...
Validation loss decreased (1.148412 --> 1.147847).  Saving model ...
EarlyStopping counter: 1 out of 15.0
Validation loss decreased (1.147847 --> 1.147377).  Saving model ...
Validation loss decreased (1.147377 --> 1.146649).  Saving model ...
Validation loss decreased (1.146649 --> 1.145879).  Saving model ...
Validation loss decreased (1.145879 --> 1.145675).  Saving model ...
Validation loss decreased (1.145675 --> 1.145532).  Saving model ...
Validation loss decreased (1.145532 --> 1.145290).  Saving model ...
Validation loss decreased (1.145290 --> 1.144880).  Saving model ...
Validation loss decreased (1.144880 --> 1.144397).  Saving model ...
Validation loss decreased (1.144397 --> 1.144268).  Saving model ...
Validation loss decreased (1.144268 --> 1.143714).  Saving model ...
Validation loss decreased (1.143714 --> 1.143401).  Saving model ...
Validation loss decreased (1.143401 --> 1.143398).  Saving model ...
Validation loss decreased (1.143398 --> 1.142801).  Saving model ...
Validation loss decreased (1.142801 --> 1.142365).  Saving model ...
Validation loss decreased (1.142365 --> 1.141916).  Saving model ...
Validation loss decreased (1.141916 --> 1.141687).  Saving model ...
/localscratch/yinan.28698552.0/env/lib/python3.7/site-packages/torch/nn/functional.py:1794: UserWarning: nn.functional.tanh is deprecated. Use torch.tanh instead.
  warnings.warn("nn.functional.tanh is deprecated. Use torch.tanh instead.")
/localscratch/yinan.28698552.0/env/lib/python3.7/site-packages/transformers/optimization.py:155: UserWarning: This overload of add_ is deprecated:
	add_(Number alpha, Tensor other)
Consider using one of the following signatures instead:
	add_(Tensor other, *, Number alpha) (Triggered internally at  ../torch/csrc/utils/python_arg_parser.cpp:1025.)
  exp_avg.mul_(beta1).add_(1.0 - beta1, grad)
wandb: Waiting for W&B process to finish, PID 145784... (success).
wandb: - 0.00MB of 0.00MB uploaded (0.00MB deduped)wandb: \ 0.00MB of 0.00MB uploaded (0.00MB deduped)wandb: | 0.00MB of 0.00MB uploaded (0.00MB deduped)wandb: / 0.00MB of 0.00MB uploaded (0.00MB deduped)wandb: - 0.00MB of 0.00MB uploaded (0.00MB deduped)wandb: \ 0.00MB of 0.00MB uploaded (0.00MB deduped)wandb: | 0.00MB of 0.00MB uploaded (0.00MB deduped)wandb: / 0.00MB of 0.00MB uploaded (0.00MB deduped)wandb: - 0.00MB of 0.00MB uploaded (0.00MB deduped)wandb: \ 0.00MB of 0.00MB uploaded (0.00MB deduped)wandb: | 0.00MB of 0.00MB uploaded (0.00MB deduped)wandb: / 0.00MB of 0.00MB uploaded (0.00MB deduped)wandb: - 0.00MB of 0.00MB uploaded (0.00MB deduped)wandb: \ 0.00MB of 0.00MB uploaded (0.00MB deduped)wandb:                                                                                
wandb: Run history:
wandb:     e_F1 â–â–â–â–‚â–‚â–‚â–„â–„â–…â–…â–…â–†â–†â–‡â–‡â–‡â–‡â–‡â–‡â–‡â–‡â–‡â–ˆâ–ˆâ–ˆâ–‡â–ˆâ–ˆâ–ˆâ–ˆâ–ˆâ–ˆâ–ˆâ–ˆâ–ˆâ–ˆâ–ˆâ–ˆâ–ˆâ–ˆ
wandb:   e_loss â–ˆâ–‡â–‡â–‡â–†â–†â–†â–†â–†â–…â–…â–…â–…â–…â–…â–„â–„â–„â–„â–„â–„â–ƒâ–ƒâ–ƒâ–ƒâ–ƒâ–ƒâ–‚â–‚â–‚â–‚â–‚â–‚â–‚â–‚â–â–â–â–â–
wandb:     t_F1 â–â–â–‚â–‚â–ƒâ–ƒâ–ƒâ–ƒâ–ƒâ–„â–ƒâ–„â–„â–„â–…â–„â–†â–…â–…â–†â–…â–†â–†â–†â–†â–†â–†â–†â–†â–†â–‡â–‡â–‡â–‡â–†â–‡â–‡â–ˆâ–‡â–ˆ
wandb:   t_loss â–ˆâ–ˆâ–‡â–‡â–‡â–†â–‡â–‡â–†â–†â–†â–…â–…â–†â–…â–…â–…â–„â–„â–„â–„â–„â–„â–„â–ƒâ–ƒâ–ƒâ–ƒâ–ƒâ–ƒâ–‚â–‚â–‚â–‚â–‚â–â–‚â–â–â–
wandb: 
wandb: Run summary:
wandb:     e_F1 51.18094
wandb:   e_loss 1.14169
wandb:     t_F1 56.07894
wandb:   t_loss 1.08429
wandb: 
wandb: Synced 4 W&B file(s), 0 media file(s), 0 artifact file(s) and 0 other file(s)
wandb: Synced lemon-breeze-1: https://wandb.ai/yinanazhou/xl_512_bs_8_lr_1e07_es_15_lc_True_nr_False_sr_False_stem_False_lemma_True_repeat_1_fold_1/runs/132ows36
wandb: Find logs at: ./wandb/run-20220310_223820-132ows36/logs/debug.log
wandb: 

wandb: wandb version 0.12.11 is available!  To upgrade, please run:
wandb:  $ pip install wandb --upgrade
2022-03-11 04:00:27.478413: I tensorflow/stream_executor/platform/default/dso_loader.cc:48] Successfully opened dynamic library libcudart.so.10.1
wandb: Tracking run with wandb version 0.12.5
wandb: Syncing run resilient-monkey-1
wandb: â­ï¸ View project at https://wandb.ai/yinanazhou/xl_512_bs_8_lr_1e07_es_15_lc_True_nr_False_sr_False_stem_False_lemma_True_repeat_1_fold_2
wandb: ðŸš€ View run at https://wandb.ai/yinanazhou/xl_512_bs_8_lr_1e07_es_15_lc_True_nr_False_sr_False_stem_False_lemma_True_repeat_1_fold_2/runs/2qmzjovp
wandb: Run data is saved locally in /project/6002780/yinan/Thesis_MER_Lyrics/lyric-emotion/wandb/run-20220311_040024-2qmzjovp
wandb: Run `wandb offline` to turn off syncing.
slurmstepd: error: *** JOB 28698552 ON cdr2640 CANCELLED AT 2022-03-11T08:34:46 DUE TO TIME LIMIT ***
