Unloading StdEnv/2020

Due to MODULEPATH changes, the following have been reloaded:
  1) mii/1.1.1


The following have been reloaded with a version change:
  1) python/3.8.2 => python/3.7.4

Using base prefix '/cvmfs/soft.computecanada.ca/easybuild/software/2017/Core/python/3.7.4'
New python executable in /localscratch/yinan.20057667.0/env/bin/python
Installing setuptools, pip, wheel...
done.
Ignoring pip: markers 'python_version < "3"' don't match your environment
Looking in links: /cvmfs/soft.computecanada.ca/custom/python/wheelhouse/nix/avx2, /cvmfs/soft.computecanada.ca/custom/python/wheelhouse/nix/generic, /cvmfs/soft.computecanada.ca/custom/python/wheelhouse/generic
Collecting numpy==1.20.0
  ERROR: Could not find a version that satisfies the requirement numpy==1.20.0 (from versions: 1.15.0+computecanada, 1.15.2+computecanada, 1.15.4+computecanada, 1.16.0+computecanada, 1.16.2+computecanada, 1.16.3+computecanada, 1.17.4+computecanada, 1.18.1+computecanada, 1.18.4+computecanada, 1.19.1+computecanada, 1.19.2+computecanada, 1.20.2+computecanada)
ERROR: No matching distribution found for numpy==1.20.0
Ignoring pip: markers 'python_version < "3"' don't match your environment
Looking in links: /cvmfs/soft.computecanada.ca/custom/python/wheelhouse/nix/avx2, /cvmfs/soft.computecanada.ca/custom/python/wheelhouse/nix/generic, /cvmfs/soft.computecanada.ca/custom/python/wheelhouse/generic
Collecting torch
Collecting typing-extensions (from torch)
Installing collected packages: typing-extensions, torch
Successfully installed torch-1.9.1+computecanada typing-extensions-4.0.0+computecanada
Ignoring pip: markers 'python_version < "3"' don't match your environment
Looking in links: /cvmfs/soft.computecanada.ca/custom/python/wheelhouse/nix/avx2, /cvmfs/soft.computecanada.ca/custom/python/wheelhouse/nix/generic, /cvmfs/soft.computecanada.ca/custom/python/wheelhouse/generic
Collecting Keras (from -r requirements.txt (line 1))
Collecting Keras_Preprocessing (from -r requirements.txt (line 2))
Collecting nltk==3.5 (from -r requirements.txt (line 3))
Collecting scikit-learn==0.22.1 (from -r requirements.txt (line 4))
Collecting tensorboard==2.3.0+computecanada (from -r requirements.txt (line 5))
Collecting tensorboard_plugin_wit==1.7.0 (from -r requirements.txt (line 6))
Collecting tensorflow_gpu==2.3.0+computecanada (from -r requirements.txt (line 7))
Collecting tensorflow_estimator==2.3.0 (from -r requirements.txt (line 8))
Collecting tokenizers==0.5.2 (from -r requirements.txt (line 9))
Collecting torchtext==0.6.0 (from -r requirements.txt (line 10))
Collecting transformers==2.5.1+computecanada (from -r requirements.txt (line 11))
Requirement already satisfied: six>=1.9.0 in /cvmfs/soft.computecanada.ca/easybuild/software/2017/Core/scipy-stack/2019a/lib/python3.7/site-packages (from Keras_Preprocessing->-r requirements.txt (line 2)) (1.12.0)
Requirement already satisfied: numpy>=1.9.1 in /cvmfs/soft.computecanada.ca/easybuild/software/2017/Core/scipy-stack/2019a/lib/python3.7/site-packages (from Keras_Preprocessing->-r requirements.txt (line 2)) (1.16.0)
Collecting regex (from nltk==3.5->-r requirements.txt (line 3))
Collecting joblib (from nltk==3.5->-r requirements.txt (line 3))
Collecting click (from nltk==3.5->-r requirements.txt (line 3))
Collecting tqdm (from nltk==3.5->-r requirements.txt (line 3))
Requirement already satisfied: scipy>=0.17.0 in /cvmfs/soft.computecanada.ca/easybuild/software/2017/Core/scipy-stack/2019a/lib/python3.7/site-packages (from scikit-learn==0.22.1->-r requirements.txt (line 4)) (1.2.0)
Requirement already satisfied: setuptools>=41.0.0 in /localscratch/yinan.20057667.0/env/lib/python3.7/site-packages (from tensorboard==2.3.0+computecanada->-r requirements.txt (line 5)) (41.0.1)
Collecting protobuf>=3.6.0 (from tensorboard==2.3.0+computecanada->-r requirements.txt (line 5))
Collecting grpcio>=1.24.3 (from tensorboard==2.3.0+computecanada->-r requirements.txt (line 5))
Requirement already satisfied: requests<3,>=2.21.0 in /cvmfs/soft.computecanada.ca/easybuild/software/2017/Core/scipy-stack/2019a/lib/python3.7/site-packages (from tensorboard==2.3.0+computecanada->-r requirements.txt (line 5)) (2.21.0)
Collecting werkzeug>=0.11.15 (from tensorboard==2.3.0+computecanada->-r requirements.txt (line 5))
Collecting absl-py>=0.4 (from tensorboard==2.3.0+computecanada->-r requirements.txt (line 5))
Collecting markdown>=2.6.8 (from tensorboard==2.3.0+computecanada->-r requirements.txt (line 5))
Collecting google-auth-oauthlib<0.5,>=0.4.1 (from tensorboard==2.3.0+computecanada->-r requirements.txt (line 5))
Collecting google-auth<2,>=1.6.3 (from tensorboard==2.3.0+computecanada->-r requirements.txt (line 5))
Requirement already satisfied: wheel>=0.26; python_version >= "3" in /localscratch/yinan.20057667.0/env/lib/python3.7/site-packages (from tensorboard==2.3.0+computecanada->-r requirements.txt (line 5)) (0.33.4)
Collecting gast==0.3.3 (from tensorflow_gpu==2.3.0+computecanada->-r requirements.txt (line 7))
Collecting h5py<2.11.0,>=2.10.0 (from tensorflow_gpu==2.3.0+computecanada->-r requirements.txt (line 7))
Collecting termcolor>=1.1.0 (from tensorflow_gpu==2.3.0+computecanada->-r requirements.txt (line 7))
Collecting opt-einsum>=2.3.2 (from tensorflow_gpu==2.3.0+computecanada->-r requirements.txt (line 7))
Collecting google-pasta>=0.1.8 (from tensorflow_gpu==2.3.0+computecanada->-r requirements.txt (line 7))
Collecting astunparse==1.6.3 (from tensorflow_gpu==2.3.0+computecanada->-r requirements.txt (line 7))
Collecting wrapt>=1.11.1 (from tensorflow_gpu==2.3.0+computecanada->-r requirements.txt (line 7))
Requirement already satisfied: torch in /localscratch/yinan.20057667.0/env/lib/python3.7/site-packages (from torchtext==0.6.0->-r requirements.txt (line 10)) (1.9.1+computecanada)
Collecting sentencepiece (from torchtext==0.6.0->-r requirements.txt (line 10))
Collecting sacremoses (from transformers==2.5.1+computecanada->-r requirements.txt (line 11))
Collecting boto3 (from transformers==2.5.1+computecanada->-r requirements.txt (line 11))
Collecting filelock (from transformers==2.5.1+computecanada->-r requirements.txt (line 11))
Requirement already satisfied: importlib-metadata; python_version < "3.8" in /cvmfs/soft.computecanada.ca/easybuild/software/2017/Core/scipy-stack/2019a/lib/python3.7/site-packages (from click->nltk==3.5->-r requirements.txt (line 3)) (0.8)
Requirement already satisfied: chardet<3.1.0,>=3.0.2 in /cvmfs/soft.computecanada.ca/easybuild/software/2017/Core/scipy-stack/2019a/lib/python3.7/site-packages (from requests<3,>=2.21.0->tensorboard==2.3.0+computecanada->-r requirements.txt (line 5)) (3.0.4)
Requirement already satisfied: certifi>=2017.4.17 in /cvmfs/soft.computecanada.ca/easybuild/software/2017/Core/scipy-stack/2019a/lib/python3.7/site-packages (from requests<3,>=2.21.0->tensorboard==2.3.0+computecanada->-r requirements.txt (line 5)) (2018.11.29)
Requirement already satisfied: idna<2.9,>=2.5 in /cvmfs/soft.computecanada.ca/easybuild/software/2017/Core/scipy-stack/2019a/lib/python3.7/site-packages (from requests<3,>=2.21.0->tensorboard==2.3.0+computecanada->-r requirements.txt (line 5)) (2.8)
Requirement already satisfied: urllib3<1.25,>=1.21.1 in /cvmfs/soft.computecanada.ca/easybuild/software/2017/Core/scipy-stack/2019a/lib/python3.7/site-packages (from requests<3,>=2.21.0->tensorboard==2.3.0+computecanada->-r requirements.txt (line 5)) (1.24.1)
Collecting requests-oauthlib>=0.7.0 (from google-auth-oauthlib<0.5,>=0.4.1->tensorboard==2.3.0+computecanada->-r requirements.txt (line 5))
Collecting cachetools<5.0,>=2.0.0 (from google-auth<2,>=1.6.3->tensorboard==2.3.0+computecanada->-r requirements.txt (line 5))
Collecting pyasn1-modules>=0.2.1 (from google-auth<2,>=1.6.3->tensorboard==2.3.0+computecanada->-r requirements.txt (line 5))
Collecting rsa<5,>=3.1.4; python_version >= "3.6" (from google-auth<2,>=1.6.3->tensorboard==2.3.0+computecanada->-r requirements.txt (line 5))
Requirement already satisfied: typing-extensions in /localscratch/yinan.20057667.0/env/lib/python3.7/site-packages (from torch->torchtext==0.6.0->-r requirements.txt (line 10)) (4.0.0+computecanada)
Collecting jmespath<1.0.0,>=0.7.1 (from boto3->transformers==2.5.1+computecanada->-r requirements.txt (line 11))
Collecting botocore<1.22.0,>=1.21.1 (from boto3->transformers==2.5.1+computecanada->-r requirements.txt (line 11))
Collecting s3transfer<0.6.0,>=0.5.0 (from boto3->transformers==2.5.1+computecanada->-r requirements.txt (line 11))
Requirement already satisfied: zipp>=0.3.2 in /cvmfs/soft.computecanada.ca/easybuild/software/2017/Core/scipy-stack/2019a/lib/python3.7/site-packages (from importlib-metadata; python_version < "3.8"->click->nltk==3.5->-r requirements.txt (line 3)) (0.3.3)
Collecting oauthlib>=3.0.0 (from requests-oauthlib>=0.7.0->google-auth-oauthlib<0.5,>=0.4.1->tensorboard==2.3.0+computecanada->-r requirements.txt (line 5))
Collecting pyasn1<0.5.0,>=0.4.6 (from pyasn1-modules>=0.2.1->google-auth<2,>=1.6.3->tensorboard==2.3.0+computecanada->-r requirements.txt (line 5))
Requirement already satisfied: python-dateutil<3.0.0,>=2.1 in /cvmfs/soft.computecanada.ca/easybuild/software/2017/Core/scipy-stack/2019a/lib/python3.7/site-packages (from botocore<1.22.0,>=1.21.1->boto3->transformers==2.5.1+computecanada->-r requirements.txt (line 11)) (2.7.5)
ERROR: tensorflow-gpu 2.3.0+computecanada has requirement scipy==1.4.1, but you'll have scipy 1.2.0 which is incompatible.
ERROR: botocore 1.21.1+computecanada has requirement urllib3<1.27,>=1.25.4, but you'll have urllib3 1.24.1 which is incompatible.
Installing collected packages: Keras, Keras-Preprocessing, regex, joblib, click, tqdm, nltk, scikit-learn, protobuf, tensorboard-plugin-wit, grpcio, werkzeug, absl-py, markdown, oauthlib, requests-oauthlib, cachetools, pyasn1, pyasn1-modules, rsa, google-auth, google-auth-oauthlib, tensorboard, gast, h5py, tensorflow-estimator, termcolor, opt-einsum, google-pasta, astunparse, wrapt, tensorflow-gpu, tokenizers, sentencepiece, torchtext, sacremoses, jmespath, botocore, s3transfer, boto3, filelock, transformers
  Found existing installation: pyasn1 0.4.3
    Not uninstalling pyasn1 at /cvmfs/soft.computecanada.ca/easybuild/software/2017/Core/scipy-stack/2019a/lib/python3.7/site-packages, outside environment /localscratch/yinan.20057667.0/env
    Can't uninstall 'pyasn1'. No files were found to uninstall.
Successfully installed Keras-2.7.0+computecanada Keras-Preprocessing-1.1.2+computecanada absl-py-1.0.0+computecanada astunparse-1.6.3+computecanada boto3-1.18.1+computecanada botocore-1.21.1+computecanada cachetools-4.2.4+computecanada click-8.0.3+computecanada filelock-3.3.2+computecanada gast-0.3.3+computecanada google-auth-1.35.0+computecanada google-auth-oauthlib-0.4.6+computecanada google-pasta-0.2.0+computecanada grpcio-1.38.0+computecanada h5py-2.10.0+computecanada jmespath-0.10.0+computecanada joblib-1.1.0+computecanada markdown-3.3.4+computecanada nltk-3.5+computecanada oauthlib-3.1.1+computecanada opt-einsum-3.3.0+computecanada protobuf-3.19.1+computecanada pyasn1-0.4.8+computecanada pyasn1-modules-0.2.8+computecanada regex-2020.11.13+computecanada requests-oauthlib-1.3.0+computecanada rsa-4.7.2+computecanada s3transfer-0.5.0+computecanada sacremoses-0.0.46+computecanada scikit-learn-0.22.1+computecanada sentencepiece-0.1.91+computecanada tensorboard-2.3.0+computecanada tensorboard-plugin-wit-1.7.0+computecanada tensorflow-estimator-2.3.0+computecanada tensorflow-gpu-2.3.0+computecanada termcolor-1.1.0+computecanada tokenizers-0.5.2+computecanada torchtext-0.6.0+computecanada tqdm-4.62.0+computecanada transformers-2.5.1+computecanada werkzeug-2.0.2+computecanada wrapt-1.11.2+computecanada
Ignoring pip: markers 'python_version < "3"' don't match your environment
Looking in links: /cvmfs/soft.computecanada.ca/custom/python/wheelhouse/nix/avx2, /cvmfs/soft.computecanada.ca/custom/python/wheelhouse/nix/generic, /cvmfs/soft.computecanada.ca/custom/python/wheelhouse/generic
Collecting wandb
Requirement already satisfied: Click!=8.0.0,>=7.0 in /localscratch/yinan.20057667.0/env/lib/python3.7/site-packages (from wandb) (8.0.3+computecanada)
Collecting pathtools (from wandb)
Collecting six>=1.13.0 (from wandb)
Collecting configparser>=3.8.1 (from wandb)
Collecting sentry-sdk>=1.0.0 (from wandb)
Collecting docker-pycreds>=0.4.0 (from wandb)
Collecting PyYAML (from wandb)
Collecting yaspin>=1.0.0 (from wandb)
Collecting shortuuid>=0.5.0 (from wandb)
Requirement already satisfied: python-dateutil>=2.6.1 in /cvmfs/soft.computecanada.ca/easybuild/software/2017/Core/scipy-stack/2019a/lib/python3.7/site-packages (from wandb) (2.7.5)
Collecting GitPython>=1.0.0 (from wandb)
Collecting psutil>=5.0.0 (from wandb)
Requirement already satisfied: requests<3,>=2.0.0 in /cvmfs/soft.computecanada.ca/easybuild/software/2017/Core/scipy-stack/2019a/lib/python3.7/site-packages (from wandb) (2.21.0)
Collecting promise<3,>=2.0 (from wandb)
Collecting subprocess32>=3.5.3 (from wandb)
Requirement already satisfied: protobuf>=3.12.0 in /localscratch/yinan.20057667.0/env/lib/python3.7/site-packages (from wandb) (3.19.1+computecanada)
Requirement already satisfied: importlib-metadata; python_version < "3.8" in /cvmfs/soft.computecanada.ca/easybuild/software/2017/Core/scipy-stack/2019a/lib/python3.7/site-packages (from Click!=8.0.0,>=7.0->wandb) (0.8)
Requirement already satisfied: urllib3>=1.10.0 in /cvmfs/soft.computecanada.ca/easybuild/software/2017/Core/scipy-stack/2019a/lib/python3.7/site-packages (from sentry-sdk>=1.0.0->wandb) (1.24.1)
Requirement already satisfied: certifi in /cvmfs/soft.computecanada.ca/easybuild/software/2017/Core/scipy-stack/2019a/lib/python3.7/site-packages (from sentry-sdk>=1.0.0->wandb) (2018.11.29)
Requirement already satisfied: termcolor<2.0.0,>=1.1.0 in /localscratch/yinan.20057667.0/env/lib/python3.7/site-packages (from yaspin>=1.0.0->wandb) (1.1.0+computecanada)
Collecting gitdb<5,>=4.0.1 (from GitPython>=1.0.0->wandb)
Requirement already satisfied: typing-extensions>=3.7.4.3; python_version < "3.10" in /localscratch/yinan.20057667.0/env/lib/python3.7/site-packages (from GitPython>=1.0.0->wandb) (4.0.0+computecanada)
Requirement already satisfied: chardet<3.1.0,>=3.0.2 in /cvmfs/soft.computecanada.ca/easybuild/software/2017/Core/scipy-stack/2019a/lib/python3.7/site-packages (from requests<3,>=2.0.0->wandb) (3.0.4)
Requirement already satisfied: idna<2.9,>=2.5 in /cvmfs/soft.computecanada.ca/easybuild/software/2017/Core/scipy-stack/2019a/lib/python3.7/site-packages (from requests<3,>=2.0.0->wandb) (2.8)
Requirement already satisfied: zipp>=0.3.2 in /cvmfs/soft.computecanada.ca/easybuild/software/2017/Core/scipy-stack/2019a/lib/python3.7/site-packages (from importlib-metadata; python_version < "3.8"->Click!=8.0.0,>=7.0->wandb) (0.3.3)
Collecting smmap<6,>=3.0.1 (from gitdb<5,>=4.0.1->GitPython>=1.0.0->wandb)
ERROR: tensorflow-gpu 2.3.0+computecanada has requirement scipy==1.4.1, but you'll have scipy 1.2.0 which is incompatible.
Installing collected packages: pathtools, six, configparser, sentry-sdk, docker-pycreds, PyYAML, yaspin, shortuuid, smmap, gitdb, GitPython, psutil, promise, subprocess32, wandb
  Found existing installation: six 1.12.0
    Not uninstalling six at /cvmfs/soft.computecanada.ca/easybuild/software/2017/Core/scipy-stack/2019a/lib/python3.7/site-packages, outside environment /localscratch/yinan.20057667.0/env
    Can't uninstall 'six'. No files were found to uninstall.
Successfully installed GitPython-3.1.24+computecanada PyYAML-5.3.1+computecanada configparser-5.0.2+computecanada docker-pycreds-0.4.0+computecanada gitdb-4.0.9+computecanada pathtools-0.1.2+computecanada promise-2.3+computecanada psutil-5.7.3+computecanada sentry-sdk-1.5.0+computecanada shortuuid-1.0.1+computecanada six-1.16.0+computecanada smmap-5.0.0+computecanada subprocess32-3.5.4+computecanada wandb-0.12.5+computecanada yaspin-2.1.0+computecanada
wandb: Appending key for api.wandb.ai to your netrc file: /home/yinan/.netrc
Starting Task
2021-11-24 11:44:24.847670: I tensorflow/stream_executor/platform/default/dso_loader.cc:48] Successfully opened dynamic library libcudart.so.10.1
wandb: Currently logged in as: yinanazhou (use `wandb login --relogin` to force relogin)
wandb: wandb version 0.12.7 is available!  To upgrade, please run:
wandb:  $ pip install wandb --upgrade
2021-11-24 11:44:37.228867: I tensorflow/stream_executor/platform/default/dso_loader.cc:48] Successfully opened dynamic library libcudart.so.10.1
wandb: Tracking run with wandb version 0.12.5
wandb: Syncing run twilight-cloud-1
wandb: ⭐️ View project at https://wandb.ai/yinanazhou/xlnet_512_bs_8_adamw_lr_1e05_es_0.01_20fold_0
wandb: 🚀 View run at https://wandb.ai/yinanazhou/xlnet_512_bs_8_adamw_lr_1e05_es_0.01_20fold_0/runs/16mk1s79
wandb: Run data is saved locally in /project/6002780/yinan/Thesis_MER_Lyrics/lyric-emotion/wandb/run-20211124_114435-16mk1s79
wandb: Run `wandb offline` to turn off syncing.
/localscratch/yinan.20057667.0/env/lib/python3.7/site-packages/torch/nn/functional.py:1794: UserWarning: nn.functional.tanh is deprecated. Use torch.tanh instead.

  warnings.warn("nn.functional.tanh is deprecated. Use torch.tanh instead.")
/localscratch/yinan.20057667.0/env/lib/python3.7/site-packages/transformers/optimization.py:155: UserWarning: This overload of add_ is deprecated:
	add_(Number alpha, Tensor other)
Consider using one of the following signatures instead:
	add_(Tensor other, *, Number alpha) (Triggered internally at  ../torch/csrc/utils/python_arg_parser.cpp:1025.)
  exp_avg.mul_(beta1).add_(1.0 - beta1, grad)
wandb: Waiting for W&B process to finish, PID 3069... (success).
wandb: - 0.00MB of 0.00MB uploaded (0.00MB deduped)wandb: \ 0.00MB of 0.01MB uploaded (0.00MB deduped)wandb: | 0.00MB of 0.01MB uploaded (0.00MB deduped)wandb: / 0.00MB of 0.01MB uploaded (0.00MB deduped)wandb: - 0.00MB of 0.01MB uploaded (0.00MB deduped)wandb: \ 0.01MB of 0.01MB uploaded (0.00MB deduped)wandb: | 0.01MB of 0.01MB uploaded (0.00MB deduped)wandb: / 0.01MB of 0.01MB uploaded (0.00MB deduped)wandb: - 0.01MB of 0.01MB uploaded (0.00MB deduped)wandb: \ 0.01MB of 0.01MB uploaded (0.00MB deduped)wandb: | 0.01MB of 0.01MB uploaded (0.00MB deduped)wandb: / 0.01MB of 0.01MB uploaded (0.00MB deduped)wandb:                                                                                
wandb: Run history:
wandb:   F1_measure ▁▅▇▇███▁▅▇▇███
wandb:     accuracy ▁▅▇▇███▁▅▇▇███
wandb:         loss █▅▃▂▁▁▁█▅▃▂▁▁▁
wandb:    precision ▁▅▇▇███▁▅▇▇███
wandb:       recall ▁▅▇▇███▁▅▇▇███
wandb: 
wandb: Run summary:
wandb:   F1_measure 99.49383
wandb:     accuracy 99.49495
wandb:         loss 0.0051
wandb:    precision 99.5063
wandb:       recall 99.48376
wandb: 
wandb: Synced 5 W&B file(s), 0 media file(s), 0 artifact file(s) and 0 other file(s)
wandb: Synced twilight-cloud-1: https://wandb.ai/yinanazhou/xlnet_512_bs_8_adamw_lr_1e05_es_0.01_20fold_0/runs/16mk1s79
wandb: Find logs at: ./wandb/run-20211124_114435-16mk1s79/logs/debug.log
wandb: 

